environment: line 5: __conda_exe: command not found
Using device: cuda
Using model: efficientnetB0
Number of videos: 64
Execution type : naive
Using 2 features
Job ID : 56
Plotting ?  yes
Calculate accumulators ?  no
The directory contains : 65 videos
Number of videos in the directory : 65
Number of videos in the dataframe : 64
['conv1', 'mbconv1', 'mbconv2', 'mbconv3', 'mbconv4', 'mbconv5', 'mbconv6', 'mbconv7', 'conv2', 'pool', 'output']
{'conv1': {'T_max': 448.07057094573975, 'T_min': 278.996922403574, 'tau': 100, 'alpha': 50}, 'mbconv1': {'T_max': 1141.3850047588348, 'T_min': 812.3603581190109, 'tau': 100, 'alpha': 50}, 'mbconv2': {'T_max': 953.6717767715454, 'T_min': 642.3899536132812, 'tau': 100, 'alpha': 50}, 'mbconv3': {'T_max': 513.2992756962776, 'T_min': 322.42850029468536, 'tau': 100, 'alpha': 50}, 'mbconv4': {'T_max': 258.70095932483673, 'T_min': 155.41686257719994, 'tau': 100, 'alpha': 50}, 'mbconv5': {'T_max': 325.90665873885155, 'T_min': 182.09475773572922, 'tau': 100, 'alpha': 50}, 'mbconv6': {'T_max': 210.1228244304657, 'T_min': 113.37274000048637, 'tau': 100, 'alpha': 50}, 'mbconv7': {'T_max': 136.23850935697556, 'T_min': 72.70513460040092, 'tau': 100, 'alpha': 50}, 'conv2': {'T_max': 128.36026607453823, 'T_min': 69.14668047428131, 'tau': 100, 'alpha': 50}, 'pool': {'T_max': 5.443593147210777, 'T_min': 2.9237937070429325, 'tau': 100, 'alpha': 50}, 'output': {'T_max': 14.12623843550682, 'T_min': 7.4854159746319056, 'tau': 100, 'alpha': 50}}
Iterating over following combinations of layers :  [['conv1'], ['mbconv1'], ['mbconv2'], ['mbconv3'], ['mbconv4'], ['mbconv5'], ['mbconv6'], ['mbconv7'], ['conv2'], ['pool'], ['output'], ['conv1', 'mbconv1'], ['conv1', 'mbconv2'], ['conv1', 'mbconv3'], ['conv1', 'mbconv4'], ['conv1', 'mbconv5'], ['conv1', 'mbconv6'], ['conv1', 'mbconv7'], ['conv1', 'conv2'], ['conv1', 'pool'], ['conv1', 'output'], ['mbconv1', 'mbconv2'], ['mbconv1', 'mbconv3'], ['mbconv1', 'mbconv4'], ['mbconv1', 'mbconv5'], ['mbconv1', 'mbconv6'], ['mbconv1', 'mbconv7'], ['mbconv1', 'conv2'], ['mbconv1', 'pool'], ['mbconv1', 'output'], ['mbconv2', 'mbconv3'], ['mbconv2', 'mbconv4'], ['mbconv2', 'mbconv5'], ['mbconv2', 'mbconv6'], ['mbconv2', 'mbconv7'], ['mbconv2', 'conv2'], ['mbconv2', 'pool'], ['mbconv2', 'output'], ['mbconv3', 'mbconv4'], ['mbconv3', 'mbconv5'], ['mbconv3', 'mbconv6'], ['mbconv3', 'mbconv7'], ['mbconv3', 'conv2'], ['mbconv3', 'pool'], ['mbconv3', 'output'], ['mbconv4', 'mbconv5'], ['mbconv4', 'mbconv6'], ['mbconv4', 'mbconv7'], ['mbconv4', 'conv2'], ['mbconv4', 'pool'], ['mbconv4', 'output'], ['mbconv5', 'mbconv6'], ['mbconv5', 'mbconv7'], ['mbconv5', 'conv2'], ['mbconv5', 'pool'], ['mbconv5', 'output'], ['mbconv6', 'mbconv7'], ['mbconv6', 'conv2'], ['mbconv6', 'pool'], ['mbconv6', 'output'], ['mbconv7', 'conv2'], ['mbconv7', 'pool'], ['mbconv7', 'output'], ['conv2', 'pool'], ['conv2', 'output'], ['pool', 'output']]
[['mbconv6', 'mbconv7']]
Generating the training set for videos : 
TRAINING SET : contains 962 samples, 37 patients based on 56 videos
TEST SET : contains 127 samples, 37 patients based on 8 videos
Dataset constituted.
--------------------NAIVE IMPLEMENTATION-------------------
Number of folds : 53
Grid search.
The best parameters are : {'C': 100.0}
Metrics obtained during CV : 
{'r2': array([-7.10911671e-02, -1.77126104e-01, -2.24292338e-04, -3.23941762e-01,
       -3.14383398e-01, -2.00159223e-02, -8.20937659e-04, -1.72622743e-02,
       -5.34498477e-02, -6.68595313e-03, -1.03669794e-01, -7.09357971e-01,
       -4.52091573e-01, -5.73151796e-03, -1.47864021e-01, -1.10302756e-03,
       -7.33493474e-03, -9.26805701e-01, -9.11901928e-02, -1.69947177e-01,
       -9.44517244e-02, -2.39759496e-01, -1.66268280e-02, -2.34549911e-01,
       -3.09083773e-02, -1.73783776e-01, -2.73236316e-02, -2.52158047e-02,
       -1.99837326e-01, -1.05247032e-01, -2.65785906e-01, -1.56206410e-01,
       -7.05036061e-01, -2.74152509e-02, -2.54395076e-02, -7.45829437e-01,
       -1.29887662e-01, -9.05056095e-03, -5.59215857e-03, -8.79568260e-03,
       -8.04813857e-04, -3.96335551e-02, -6.51360863e-01, -1.19034422e-01,
       -2.03170123e-01, -8.71061391e-02, -2.20499212e-01, -3.92195863e-02,
       -1.98218300e-01, -8.15458195e-01, -5.68256071e-02, -7.94581059e-01,
       -7.51473189e-03]), 'neg_mean_absolute_error': array([ -7.67001478, -11.65716407,  -8.30093332, -11.10658912,
       -11.78125861,  -5.61556002,  -8.48019691,  -6.16888585,
        -7.09160377,  -7.37237299,  -7.79055346, -14.5010859 ,
       -15.22793088, -13.4487157 ,  -7.48581774,  -7.73304233,
       -13.64427847,  -6.40832622,  -8.53023264,  -9.76685693,
        -9.17311111, -12.7375386 ,  -8.33452535, -10.84841132,
        -8.08025468,  -9.56702035,  -9.02276246, -15.09088401,
       -10.48122222, -10.25894444, -12.25107999, -11.01541892,
       -13.6334993 ,  -8.98977822, -10.39902222, -13.23879776,
        -9.44361111,  -6.84588445,  -5.89751676,  -7.1820074 ,
        -7.19349208, -12.31223963, -14.45035987,  -8.82699409,
       -20.16654897,  -7.97887071,  -9.73976784,  -5.18040194,
        -8.91848655, -18.39822513,  -8.2680489 , -16.45223788,
       -10.77391628]), 'neg_mean_squared_error': array([-119.45596109, -224.66917773,  -95.01784111, -233.04862565,
       -168.2025952 ,  -47.07327165, -127.57041116,  -94.47553829,
        -68.73859604,  -78.25716358, -102.82040463, -352.53786831,
       -438.43974015, -256.39464946,  -83.66617225,  -81.82011936,
       -252.10614002,  -54.27498866, -104.46586259, -216.09534541,
       -158.25754776, -268.85409895, -110.22666652, -241.42545085,
       -117.32900544, -283.83439942, -142.8009509 , -399.51892548,
       -226.03459552, -161.67407062, -248.28435178, -214.13820125,
       -370.40170802, -119.27644608, -145.637833  , -331.47743843,
       -185.5708495 ,  -74.93281487,  -64.23220202, -108.34937984,
        -80.6199619 , -236.22819059, -404.47904408, -173.72900543,
       -708.14153593, -111.41507007, -160.31073488,  -45.30159953,
       -211.69149546, -564.45042887, -125.63020565, -543.97064873,
       -235.14855803]), 'max_error': array([-36.29774764, -36.73303912, -17.78765337, -37.9377311 ,
       -19.99170195, -14.93405138, -28.70785173, -33.74543376,
       -16.68610568, -19.64130442, -25.1051719 , -35.41442109,
       -62.97924095, -30.52348034, -20.09649588, -17.61293479,
       -29.92390305, -11.27619983, -25.4429062 , -47.1233562 ,
       -34.29396651, -42.54792372, -22.39138595, -47.6057019 ,
       -31.38105197, -49.55934158, -28.21713785, -52.7530439 ,
       -35.6325954 , -31.04564121, -35.16310996, -36.10438516,
       -50.14224842, -24.3601992 , -21.79380004, -50.65513597,
       -39.85454865, -24.11153996, -19.02344971, -33.24356661,
       -20.40676783, -39.22567166, -51.23244777, -42.4772234 ,
       -68.47497037, -26.59080209, -33.30601065, -18.04383299,
       -50.45132448, -49.22531414, -35.31083134, -51.44985075,
       -49.52222325]), 'explained_variance': array([-2.22044605e-16,  0.00000000e+00,  1.11022302e-16,  3.33066907e-16,
        0.00000000e+00,  0.00000000e+00,  0.00000000e+00,  0.00000000e+00,
        0.00000000e+00,  3.33066907e-16,  3.33066907e-16,  0.00000000e+00,
       -2.22044605e-16,  0.00000000e+00,  2.22044605e-16,  0.00000000e+00,
        0.00000000e+00,  0.00000000e+00,  0.00000000e+00,  0.00000000e+00,
        0.00000000e+00, -2.22044605e-16, -2.22044605e-16,  1.11022302e-16,
        0.00000000e+00,  0.00000000e+00,  0.00000000e+00,  1.11022302e-16,
        0.00000000e+00, -2.22044605e-16,  0.00000000e+00,  0.00000000e+00,
        1.11022302e-16,  0.00000000e+00,  0.00000000e+00,  4.44089210e-16,
        0.00000000e+00,  0.00000000e+00,  0.00000000e+00,  2.22044605e-16,
        0.00000000e+00,  0.00000000e+00,  0.00000000e+00,  0.00000000e+00,
        0.00000000e+00, -2.22044605e-16,  0.00000000e+00,  3.33066907e-16,
        0.00000000e+00,  0.00000000e+00, -2.22044605e-16,  0.00000000e+00,
       -2.22044605e-16])}
         accs  y_pred (s)  y_true (s)
54     [4, 2]   15.473195      19.499
4    [37, 34]   26.822788      26.335
3    [37, 34]   26.822788      27.642
11   [37, 34]   26.822788      18.893
27   [24, 22]   17.135822      65.978
29   [24, 22]   17.135822      45.143
64     [4, 2]   15.473195      30.560
77   [14, 11]   17.565565      12.834
124  [23, 21]   16.497071      45.263
71     [4, 2]   15.473195       9.629
25   [24, 22]   17.135822      19.467
91     [4, 3]   16.027936      14.879
83   [14, 11]   17.565565      24.338
89   [14, 11]   17.565565      11.455
69     [4, 2]   15.473195       9.069
{'mse': 289.1085747250347, 'mae': 11.609289357838504, 'r2-score': -0.18249233321473102, 'max-error': 65.43361866175638, 'explained variance score': 0.05041105284015146, 'layers': ['mbconv6', 'mbconv7']}
