environment: line 5: __conda_exe: command not found
Using device: cuda
Using model: efficientnetB0
Number of videos: 64
Execution type : naive
Using 2 features
Job ID : 49
Plotting ?  yes
Calculate accumulators ?  no
The directory contains : 65 videos
Number of videos in the directory : 65
Number of videos in the dataframe : 64
['conv1', 'mbconv1', 'mbconv2', 'mbconv3', 'mbconv4', 'mbconv5', 'mbconv6', 'mbconv7', 'conv2', 'pool', 'output']
{'conv1': {'T_max': 448.07057094573975, 'T_min': 278.996922403574, 'tau': 100, 'alpha': 50}, 'mbconv1': {'T_max': 1141.3850047588348, 'T_min': 812.3603581190109, 'tau': 100, 'alpha': 50}, 'mbconv2': {'T_max': 953.6717767715454, 'T_min': 642.3899536132812, 'tau': 100, 'alpha': 50}, 'mbconv3': {'T_max': 513.2992756962776, 'T_min': 322.42850029468536, 'tau': 100, 'alpha': 50}, 'mbconv4': {'T_max': 258.70095932483673, 'T_min': 155.41686257719994, 'tau': 100, 'alpha': 50}, 'mbconv5': {'T_max': 325.90665873885155, 'T_min': 182.09475773572922, 'tau': 100, 'alpha': 50}, 'mbconv6': {'T_max': 210.1228244304657, 'T_min': 113.37274000048637, 'tau': 100, 'alpha': 50}, 'mbconv7': {'T_max': 136.23850935697556, 'T_min': 72.70513460040092, 'tau': 100, 'alpha': 50}, 'conv2': {'T_max': 128.36026607453823, 'T_min': 69.14668047428131, 'tau': 100, 'alpha': 50}, 'pool': {'T_max': 5.443593147210777, 'T_min': 2.9237937070429325, 'tau': 100, 'alpha': 50}, 'output': {'T_max': 14.12623843550682, 'T_min': 7.4854159746319056, 'tau': 100, 'alpha': 50}}
Iterating over following combinations of layers :  [['conv1'], ['mbconv1'], ['mbconv2'], ['mbconv3'], ['mbconv4'], ['mbconv5'], ['mbconv6'], ['mbconv7'], ['conv2'], ['pool'], ['output'], ['conv1', 'mbconv1'], ['conv1', 'mbconv2'], ['conv1', 'mbconv3'], ['conv1', 'mbconv4'], ['conv1', 'mbconv5'], ['conv1', 'mbconv6'], ['conv1', 'mbconv7'], ['conv1', 'conv2'], ['conv1', 'pool'], ['conv1', 'output'], ['mbconv1', 'mbconv2'], ['mbconv1', 'mbconv3'], ['mbconv1', 'mbconv4'], ['mbconv1', 'mbconv5'], ['mbconv1', 'mbconv6'], ['mbconv1', 'mbconv7'], ['mbconv1', 'conv2'], ['mbconv1', 'pool'], ['mbconv1', 'output'], ['mbconv2', 'mbconv3'], ['mbconv2', 'mbconv4'], ['mbconv2', 'mbconv5'], ['mbconv2', 'mbconv6'], ['mbconv2', 'mbconv7'], ['mbconv2', 'conv2'], ['mbconv2', 'pool'], ['mbconv2', 'output'], ['mbconv3', 'mbconv4'], ['mbconv3', 'mbconv5'], ['mbconv3', 'mbconv6'], ['mbconv3', 'mbconv7'], ['mbconv3', 'conv2'], ['mbconv3', 'pool'], ['mbconv3', 'output'], ['mbconv4', 'mbconv5'], ['mbconv4', 'mbconv6'], ['mbconv4', 'mbconv7'], ['mbconv4', 'conv2'], ['mbconv4', 'pool'], ['mbconv4', 'output'], ['mbconv5', 'mbconv6'], ['mbconv5', 'mbconv7'], ['mbconv5', 'conv2'], ['mbconv5', 'pool'], ['mbconv5', 'output'], ['mbconv6', 'mbconv7'], ['mbconv6', 'conv2'], ['mbconv6', 'pool'], ['mbconv6', 'output'], ['mbconv7', 'conv2'], ['mbconv7', 'pool'], ['mbconv7', 'output'], ['conv2', 'pool'], ['conv2', 'output'], ['pool', 'output']]
[['mbconv4', 'pool']]
Generating the training set for videos : 
TRAINING SET : contains 962 samples, 37 patients based on 56 videos
TEST SET : contains 127 samples, 37 patients based on 8 videos
Dataset constituted.
--------------------NAIVE IMPLEMENTATION-------------------
Number of folds : 53
Grid search.
The best parameters are : {'C': 10.0}
Metrics obtained during CV : 
{'r2': array([-5.10167439e-02, -8.29141788e-02, -2.93816778e-03, -5.78108123e-02,
       -3.67387999e-02, -1.31682736e-02, -3.61279023e-02, -5.53044756e-02,
       -5.64369292e-01, -2.60800911e-02, -1.79443226e-01, -4.64296549e-01,
       -4.87416734e-01, -8.91137157e-03, -3.35046323e-01, -7.47629621e-02,
       -6.90434556e-04, -1.39485651e+00, -1.12678282e-01, -2.67112047e-01,
       -1.95255047e-01, -1.02249830e+00, -3.06913554e-02, -1.41450408e-01,
       -2.25940523e-03, -2.27842683e-01, -1.84720281e-02, -2.98784123e-01,
       -1.95978065e-01, -6.43704512e-02, -1.64327499e-01, -1.02800580e-02,
       -2.77642824e-01, -1.08565013e-02, -2.63750196e-01, -3.68713876e-01,
       -1.16410938e-02, -2.00040094e-01, -2.12582127e-01, -8.12838206e-02,
       -5.19057251e-03, -3.24490780e-04, -6.56501875e-01, -1.79646405e-01,
       -1.20786910e-01, -9.39584469e-02, -2.44548534e-01, -1.26640204e-01,
       -2.94085164e-01, -8.56554277e-01, -6.53040984e-02, -1.16398897e-01,
       -1.63219202e-02]), 'neg_mean_absolute_error': array([ -7.37549197, -11.36722758,  -8.20031624, -10.95471364,
       -10.24325999,  -5.54867353,  -8.09200348,  -6.08587338,
        -8.85484353,  -7.71102618,  -7.94543773, -13.37379154,
       -15.39293622, -13.01181656,  -8.4471306 ,  -7.52045784,
       -13.4242381 ,  -7.24077188,  -8.49359666, -10.08271022,
        -9.17311111, -15.61785833,  -9.10443443, -10.68028318,
        -7.53199478,  -9.84886638,  -8.661     , -15.99137415,
       -10.48122222, -10.25894444, -11.90819434, -10.47333333,
       -11.5847964 ,  -8.62235581, -11.75530695, -11.60291642,
       -10.22201767,  -6.6575    ,  -7.36109921,  -7.40231255,
        -6.82605006, -11.65937258, -14.47799795,  -9.1396602 ,
       -19.61914544,  -7.9856529 ,  -9.82385274,  -5.71055256,
        -9.44980929, -18.62904101,  -8.27905799, -14.0574375 ,
       -10.555086  ]), 'neg_mean_squared_error': array([-117.21711384, -206.68765845,  -95.27564987, -186.20256808,
       -132.67221496,  -46.75725577, -132.07084058,  -98.00860693,
       -102.07657162,  -79.76481373, -109.87963099, -301.99641787,
       -449.10570262, -257.20530065,  -97.30962349,  -87.84034352,
       -250.44321815,  -67.45922022, -106.52303995, -234.04220366,
       -172.83369245, -438.59874411, -111.75159772, -223.21914815,
       -114.06842916, -296.9064641 , -141.57055246, -506.12645129,
       -225.30755826, -155.69469854, -228.38324962, -187.11153342,
       -277.55488289, -117.35407944, -179.48385902, -259.87519743,
       -166.15023202,  -89.11583395,  -77.45368684, -116.13494528,
        -80.97325726, -227.29628464, -405.73826712, -183.13895682,
       -659.65381725, -112.11734772, -163.4695771 ,  -49.112434  ,
       -228.62847593, -577.22775485, -126.6380868 , -338.40111564,
       -237.20410874]), 'max_error': array([-36.72820405, -34.89677467, -18.16999828, -33.57644078,
       -22.48686575, -15.11560043, -30.53031131, -34.74559425,
       -17.54278078, -17.49650085, -26.08610564, -33.10457703,
       -63.42711261, -33.23951466, -18.43765528, -15.46923297,
       -31.69447607, -12.43497771, -25.77263005, -48.54469601,
       -35.91188669, -50.22812083, -19.22453005, -46.09254865,
       -32.74951565, -50.49943246, -31.7683936 , -60.40878912,
       -35.57306015, -30.19049855, -33.62012453, -32.10550171,
       -45.53266689, -25.02155954, -25.90738126, -47.12218696,
       -33.85311367, -27.14595628, -15.93618452, -35.22631294,
       -21.30801648, -42.49814679, -51.28219631, -43.45948059,
       -65.97130897, -26.70609932, -33.59189932, -14.38672131,
       -51.74167971, -49.62160883, -35.49798589, -41.87035792,
       -50.14965598]), 'explained_variance': array([-4.44089210e-16,  0.00000000e+00,  1.11022302e-16,  1.11022302e-16,
        0.00000000e+00,  0.00000000e+00,  0.00000000e+00,  0.00000000e+00,
        0.00000000e+00,  3.33066907e-16,  1.11022302e-16,  0.00000000e+00,
       -2.22044605e-16,  0.00000000e+00,  2.22044605e-16,  0.00000000e+00,
        0.00000000e+00,  0.00000000e+00,  0.00000000e+00,  0.00000000e+00,
        0.00000000e+00,  0.00000000e+00, -2.22044605e-16, -2.22044605e-16,
        0.00000000e+00,  0.00000000e+00,  0.00000000e+00,  1.11022302e-16,
        0.00000000e+00,  0.00000000e+00, -2.22044605e-16, -2.22044605e-16,
        1.11022302e-16,  0.00000000e+00,  0.00000000e+00,  3.33066907e-16,
       -4.44089210e-16,  0.00000000e+00, -2.22044605e-16,  2.22044605e-16,
        0.00000000e+00,  0.00000000e+00, -2.22044605e-16,  0.00000000e+00,
       -4.44089210e-16, -2.22044605e-16,  0.00000000e+00,  0.00000000e+00,
        0.00000000e+00, -2.22044605e-16,  1.11022302e-16,  0.00000000e+00,
        0.00000000e+00])}
         accs  y_pred (s)  y_true (s)
54     [9, 2]   17.275858      19.499
4    [42, 28]   27.369657      26.335
3    [42, 28]   27.369657      27.642
11   [42, 28]   27.369657      18.893
27   [26, 20]   17.584375      65.978
29   [26, 20]   17.584375      45.143
64     [9, 2]   17.275858      30.560
77   [14, 10]   18.209813      12.834
124  [23, 20]   16.195356      45.263
71     [9, 2]   17.275858       9.629
25   [26, 20]   17.584375      19.467
91     [2, 5]   13.419963      14.879
83   [14, 10]   18.209813      24.338
89   [14, 10]   18.209813      11.455
69     [9, 2]   17.275858       9.069
{'mse': 291.85971622946664, 'mae': 11.73032791655743, 'r2-score': -0.19374486607258068, 'max-error': 64.47309081275078, 'explained variance score': 0.026215550216462047, 'layers': ['mbconv4', 'pool']}
