environment: line 5: __conda_exe: command not found
Using device: cuda
Using model: efficientnetB0
Number of videos: 64
Execution type : naive
Using 2 features
Job ID : 50
Plotting ?  yes
Calculate accumulators ?  no
The directory contains : 65 videos
Number of videos in the directory : 65
Number of videos in the dataframe : 64
['conv1', 'mbconv1', 'mbconv2', 'mbconv3', 'mbconv4', 'mbconv5', 'mbconv6', 'mbconv7', 'conv2', 'pool', 'output']
{'conv1': {'T_max': 448.07057094573975, 'T_min': 278.996922403574, 'tau': 100, 'alpha': 50}, 'mbconv1': {'T_max': 1141.3850047588348, 'T_min': 812.3603581190109, 'tau': 100, 'alpha': 50}, 'mbconv2': {'T_max': 953.6717767715454, 'T_min': 642.3899536132812, 'tau': 100, 'alpha': 50}, 'mbconv3': {'T_max': 513.2992756962776, 'T_min': 322.42850029468536, 'tau': 100, 'alpha': 50}, 'mbconv4': {'T_max': 258.70095932483673, 'T_min': 155.41686257719994, 'tau': 100, 'alpha': 50}, 'mbconv5': {'T_max': 325.90665873885155, 'T_min': 182.09475773572922, 'tau': 100, 'alpha': 50}, 'mbconv6': {'T_max': 210.1228244304657, 'T_min': 113.37274000048637, 'tau': 100, 'alpha': 50}, 'mbconv7': {'T_max': 136.23850935697556, 'T_min': 72.70513460040092, 'tau': 100, 'alpha': 50}, 'conv2': {'T_max': 128.36026607453823, 'T_min': 69.14668047428131, 'tau': 100, 'alpha': 50}, 'pool': {'T_max': 5.443593147210777, 'T_min': 2.9237937070429325, 'tau': 100, 'alpha': 50}, 'output': {'T_max': 14.12623843550682, 'T_min': 7.4854159746319056, 'tau': 100, 'alpha': 50}}
Iterating over following combinations of layers :  [['conv1'], ['mbconv1'], ['mbconv2'], ['mbconv3'], ['mbconv4'], ['mbconv5'], ['mbconv6'], ['mbconv7'], ['conv2'], ['pool'], ['output'], ['conv1', 'mbconv1'], ['conv1', 'mbconv2'], ['conv1', 'mbconv3'], ['conv1', 'mbconv4'], ['conv1', 'mbconv5'], ['conv1', 'mbconv6'], ['conv1', 'mbconv7'], ['conv1', 'conv2'], ['conv1', 'pool'], ['conv1', 'output'], ['mbconv1', 'mbconv2'], ['mbconv1', 'mbconv3'], ['mbconv1', 'mbconv4'], ['mbconv1', 'mbconv5'], ['mbconv1', 'mbconv6'], ['mbconv1', 'mbconv7'], ['mbconv1', 'conv2'], ['mbconv1', 'pool'], ['mbconv1', 'output'], ['mbconv2', 'mbconv3'], ['mbconv2', 'mbconv4'], ['mbconv2', 'mbconv5'], ['mbconv2', 'mbconv6'], ['mbconv2', 'mbconv7'], ['mbconv2', 'conv2'], ['mbconv2', 'pool'], ['mbconv2', 'output'], ['mbconv3', 'mbconv4'], ['mbconv3', 'mbconv5'], ['mbconv3', 'mbconv6'], ['mbconv3', 'mbconv7'], ['mbconv3', 'conv2'], ['mbconv3', 'pool'], ['mbconv3', 'output'], ['mbconv4', 'mbconv5'], ['mbconv4', 'mbconv6'], ['mbconv4', 'mbconv7'], ['mbconv4', 'conv2'], ['mbconv4', 'pool'], ['mbconv4', 'output'], ['mbconv5', 'mbconv6'], ['mbconv5', 'mbconv7'], ['mbconv5', 'conv2'], ['mbconv5', 'pool'], ['mbconv5', 'output'], ['mbconv6', 'mbconv7'], ['mbconv6', 'conv2'], ['mbconv6', 'pool'], ['mbconv6', 'output'], ['mbconv7', 'conv2'], ['mbconv7', 'pool'], ['mbconv7', 'output'], ['conv2', 'pool'], ['conv2', 'output'], ['pool', 'output']]
[['mbconv4', 'output']]
Generating the training set for videos : 
TRAINING SET : contains 962 samples, 37 patients based on 56 videos
TEST SET : contains 127 samples, 37 patients based on 8 videos
Dataset constituted.
--------------------NAIVE IMPLEMENTATION-------------------
Number of folds : 53
Grid search.
The best parameters are : {'C': 10.0}
Metrics obtained during CV : 
{'r2': array([-7.62589187e-02, -2.14808227e-01, -5.72279131e-03, -6.18571859e-02,
       -4.75304661e-03, -2.18645591e-02, -3.29042936e-02, -1.46865921e-02,
       -2.94757900e-01, -5.74260281e-02, -1.93086244e-01, -4.73686257e-01,
       -5.77972707e-01, -2.53988724e-03, -2.18888737e-01, -5.83828466e-02,
       -1.86355019e-02, -1.51461322e+00, -7.10343872e-03, -2.59756476e-01,
       -1.91670531e-01, -8.55105076e-01, -1.98607129e-02, -1.86622752e-01,
       -1.29646353e-02, -2.50853108e-01, -7.79534611e-02, -5.98430210e-01,
       -1.84774921e-01, -2.99750350e-02, -7.74109071e-02, -8.72828103e-02,
       -5.12565391e-01, -1.17024035e-02, -3.68676845e-01, -2.51592829e-01,
       -1.36132183e-04, -1.98648190e-01, -2.53249905e-01, -7.47763823e-02,
       -1.64575159e-03, -2.49134472e-03, -6.40846911e-01, -2.20531935e-01,
       -1.16147557e-01, -1.37477984e-01, -2.21788252e-01, -8.06608769e-02,
       -2.69830926e-01, -7.98419272e-01, -9.18410903e-02, -1.42469571e-01,
       -2.65558017e-02]), 'neg_mean_absolute_error': array([ -7.73881006, -11.75218861,  -8.16299885, -10.94893722,
        -9.78588065,  -5.63155062,  -8.10747327,  -6.1947479 ,
        -8.05770804,  -7.85044196,  -7.96952989, -13.41006391,
       -15.87434889, -12.97483887,  -7.82688131,  -7.48088008,
       -13.33245266,  -7.44883185,  -8.76690274, -10.0610687 ,
        -9.17311111, -14.7793244 ,  -8.98551661, -10.76713993,
        -7.78654421,  -9.97079975,  -8.75847921, -17.77070854,
       -10.48122222, -10.25894444, -11.66276779, -10.74981037,
       -12.82299833,  -8.64619845, -12.03948029, -11.01862648,
        -9.711269  ,  -6.6575    ,  -7.58580275,  -7.38889687,
        -6.92022367, -11.81256183, -14.39349515,  -9.32971985,
       -19.60097761,  -8.06574955,  -9.74438774,  -5.60267935,
        -9.32478375, -18.30969089,  -8.30952624, -14.12818487,
       -10.42063757]), 'neg_mean_squared_error': array([-120.03230675, -231.86128017,  -95.54017945, -186.91483643,
       -128.57897495,  -47.1585854 , -131.65994082,  -94.23632862,
        -84.48417402,  -82.20156584, -111.15064584, -303.93295064,
       -476.44787436, -255.58099589,  -88.84306261,  -86.50159719,
       -254.93433773,  -70.83257226,  -96.41575789, -232.68359126,
       -172.315372  , -402.29786939, -110.57729701, -232.05293707,
       -115.28680512, -302.47064904, -149.83864339, -622.89628867,
       -223.19702372, -150.66338266, -211.33452938, -201.3730275 ,
       -328.58941647, -117.45228337, -194.38604454, -237.63763869,
       -164.26067648,  -89.0124701 ,  -80.05134127, -115.43601593,
        -80.68770375, -227.78864272, -401.90379019, -189.48639566,
       -656.92326519, -116.57756744, -160.4800483 ,  -47.10810585,
       -224.34343369, -559.152798  , -129.79267326, -346.30361797,
       -239.59264204]), 'max_error': array([-36.19720068, -37.32171673, -18.3790073 , -33.68619289,
       -23.87525353, -14.89064833, -30.43233598, -33.64715798,
       -15.85993919, -16.80751467, -26.23868932, -33.20303061,
       -64.50605717, -32.53693845, -19.3851141 , -15.18172148,
       -33.43839938, -12.69852034, -23.31287531, -48.44730913,
       -35.86288733, -48.95478392, -19.58128351, -46.87425936,
       -32.04190054, -50.86523258, -33.45777098, -64.88934422,
       -35.39683148, -29.21591397, -31.83941014, -34.74629334,
       -48.31862124, -24.97864279, -27.02310754, -45.66671279,
       -35.38535965, -27.13252375, -15.77287079, -35.10557187,
       -21.02549565, -41.47422178, -51.13009126, -44.02965956,
       -65.80779847, -27.35658077, -33.32171833, -14.86115033,
       -51.43804625, -49.05808279, -36.01594614, -42.50197895,
       -50.68744972]), 'explained_variance': array([-4.44089210e-16,  0.00000000e+00,  1.11022302e-16,  1.11022302e-16,
        0.00000000e+00,  0.00000000e+00,  0.00000000e+00,  0.00000000e+00,
        0.00000000e+00,  3.33066907e-16,  3.33066907e-16,  1.11022302e-16,
        0.00000000e+00,  0.00000000e+00,  2.22044605e-16,  0.00000000e+00,
        0.00000000e+00,  0.00000000e+00,  0.00000000e+00,  0.00000000e+00,
        0.00000000e+00, -2.22044605e-16, -2.22044605e-16, -2.22044605e-16,
        0.00000000e+00,  0.00000000e+00,  0.00000000e+00,  1.11022302e-16,
        1.11022302e-16,  0.00000000e+00, -2.22044605e-16,  0.00000000e+00,
       -2.22044605e-16,  0.00000000e+00,  0.00000000e+00,  3.33066907e-16,
       -2.22044605e-16,  0.00000000e+00, -2.22044605e-16,  2.22044605e-16,
        0.00000000e+00,  0.00000000e+00, -2.22044605e-16,  0.00000000e+00,
       -4.44089210e-16,  0.00000000e+00,  0.00000000e+00,  0.00000000e+00,
       -2.22044605e-16, -2.22044605e-16,  1.11022302e-16, -2.22044605e-16,
        0.00000000e+00])}
         accs  y_pred (s)  y_true (s)
54     [9, 2]   16.444138      19.499
4    [42, 28]   26.147683      26.335
3    [42, 28]   26.147683      27.642
11   [42, 28]   26.147683      18.893
27   [26, 18]   18.332486      65.978
29   [26, 18]   18.332486      45.143
64     [9, 2]   16.444138      30.560
77    [14, 9]   18.993670      12.834
124  [23, 20]   16.402559      45.263
71     [9, 2]   16.444138       9.629
25   [26, 18]   18.332486      19.467
91     [2, 4]   13.345126      14.879
83    [14, 9]   18.993670      24.338
89    [14, 9]   18.993670      11.455
69     [9, 2]   16.444138       9.069
{'mse': 289.30238497765737, 'mae': 11.71840816990184, 'r2-score': -0.18328504279812075, 'max-error': 63.59381654872569, 'explained variance score': 0.0322243932138917, 'layers': ['mbconv4', 'output']}
