environment: line 5: __conda_exe: command not found
Using device: cuda
Using model: efficientnetB0
Number of videos: 64
Execution type : naive
Using 2 features
Job ID : 22
Plotting ?  yes
Calculate accumulators ?  no
The directory contains : 65 videos
Number of videos in the directory : 65
Number of videos in the dataframe : 64
['conv1', 'mbconv1', 'mbconv2', 'mbconv3', 'mbconv4', 'mbconv5', 'mbconv6', 'mbconv7', 'conv2', 'pool', 'output']
{'conv1': {'T_max': 448.07057094573975, 'T_min': 278.996922403574, 'tau': 100, 'alpha': 50}, 'mbconv1': {'T_max': 1141.3850047588348, 'T_min': 812.3603581190109, 'tau': 100, 'alpha': 50}, 'mbconv2': {'T_max': 953.6717767715454, 'T_min': 642.3899536132812, 'tau': 100, 'alpha': 50}, 'mbconv3': {'T_max': 513.2992756962776, 'T_min': 322.42850029468536, 'tau': 100, 'alpha': 50}, 'mbconv4': {'T_max': 258.70095932483673, 'T_min': 155.41686257719994, 'tau': 100, 'alpha': 50}, 'mbconv5': {'T_max': 325.90665873885155, 'T_min': 182.09475773572922, 'tau': 100, 'alpha': 50}, 'mbconv6': {'T_max': 210.1228244304657, 'T_min': 113.37274000048637, 'tau': 100, 'alpha': 50}, 'mbconv7': {'T_max': 136.23850935697556, 'T_min': 72.70513460040092, 'tau': 100, 'alpha': 50}, 'conv2': {'T_max': 128.36026607453823, 'T_min': 69.14668047428131, 'tau': 100, 'alpha': 50}, 'pool': {'T_max': 5.443593147210777, 'T_min': 2.9237937070429325, 'tau': 100, 'alpha': 50}, 'output': {'T_max': 14.12623843550682, 'T_min': 7.4854159746319056, 'tau': 100, 'alpha': 50}}
Iterating over following combinations of layers :  [['conv1'], ['mbconv1'], ['mbconv2'], ['mbconv3'], ['mbconv4'], ['mbconv5'], ['mbconv6'], ['mbconv7'], ['conv2'], ['pool'], ['output'], ['conv1', 'mbconv1'], ['conv1', 'mbconv2'], ['conv1', 'mbconv3'], ['conv1', 'mbconv4'], ['conv1', 'mbconv5'], ['conv1', 'mbconv6'], ['conv1', 'mbconv7'], ['conv1', 'conv2'], ['conv1', 'pool'], ['conv1', 'output'], ['mbconv1', 'mbconv2'], ['mbconv1', 'mbconv3'], ['mbconv1', 'mbconv4'], ['mbconv1', 'mbconv5'], ['mbconv1', 'mbconv6'], ['mbconv1', 'mbconv7'], ['mbconv1', 'conv2'], ['mbconv1', 'pool'], ['mbconv1', 'output'], ['mbconv2', 'mbconv3'], ['mbconv2', 'mbconv4'], ['mbconv2', 'mbconv5'], ['mbconv2', 'mbconv6'], ['mbconv2', 'mbconv7'], ['mbconv2', 'conv2'], ['mbconv2', 'pool'], ['mbconv2', 'output'], ['mbconv3', 'mbconv4'], ['mbconv3', 'mbconv5'], ['mbconv3', 'mbconv6'], ['mbconv3', 'mbconv7'], ['mbconv3', 'conv2'], ['mbconv3', 'pool'], ['mbconv3', 'output'], ['mbconv4', 'mbconv5'], ['mbconv4', 'mbconv6'], ['mbconv4', 'mbconv7'], ['mbconv4', 'conv2'], ['mbconv4', 'pool'], ['mbconv4', 'output'], ['mbconv5', 'mbconv6'], ['mbconv5', 'mbconv7'], ['mbconv5', 'conv2'], ['mbconv5', 'pool'], ['mbconv5', 'output'], ['mbconv6', 'mbconv7'], ['mbconv6', 'conv2'], ['mbconv6', 'pool'], ['mbconv6', 'output'], ['mbconv7', 'conv2'], ['mbconv7', 'pool'], ['mbconv7', 'output'], ['conv2', 'pool'], ['conv2', 'output'], ['pool', 'output']]
[['mbconv1', 'mbconv3']]
Generating the training set for videos : 
TRAINING SET : contains 962 samples, 37 patients based on 56 videos
TEST SET : contains 127 samples, 37 patients based on 8 videos
Dataset constituted.
--------------------NAIVE IMPLEMENTATION-------------------
Number of folds : 53
Grid search.
The best parameters are : {'C': 10.0}
Metrics obtained during CV : 
{'r2': array([-1.35793375e-01, -3.34954206e-03, -4.12795507e-05, -8.68698430e-02,
       -1.56025682e-01, -2.97004439e-03, -3.12247613e-04, -1.22628055e-01,
       -4.21012725e-02, -3.45949370e-02, -8.73018153e-02, -5.63227035e-01,
       -3.78000702e-02, -1.19478764e-01, -2.29447754e-01, -5.17956386e-02,
       -3.42636562e-03, -2.87697916e-01, -2.50134547e-01, -8.29898479e-02,
       -5.92265086e-02, -7.44047208e-01, -4.33772384e-03, -2.08905656e-03,
       -6.36861265e-02, -4.68062439e-03, -2.58405780e-02, -3.05000030e-01,
       -3.39248676e-01, -4.38205665e-02, -6.66446884e-01, -1.70694552e-01,
       -3.86716105e-01, -8.66521973e-02, -8.81258726e-01, -8.39498541e-01,
       -6.45694945e-02, -1.91551583e-02, -3.30924226e-01, -1.09440247e-02,
       -1.10304580e-02, -4.61659674e-01, -6.91257436e-01, -1.29124366e-01,
       -9.60812841e-02, -2.37957143e-03, -2.75007811e-01, -4.91947813e-02,
       -3.38769224e-01, -2.27046631e-01, -5.49798379e-02, -1.02628712e-01,
       -9.55860042e-02]), 'neg_mean_absolute_error': array([ -8.50780769, -11.64942922,  -8.35582552, -10.91679787,
       -11.09067313,  -5.39786665,  -8.51282368,  -6.1442098 ,
        -7.03632121,  -7.74513892,  -7.75015328, -13.74985408,
       -13.05138997, -13.34530153,  -7.88200082,  -8.01050084,
       -13.39737831,  -5.39517921,  -9.74985007,  -9.52688889,
        -9.17311111, -14.27096738,  -8.48049646, -10.63555556,
        -8.49840943, -10.30718545,  -8.661     , -16.02859568,
       -10.75134636, -10.25894444, -14.04515154, -11.06962066,
       -12.20676358,  -9.76071811, -13.41711968, -13.69181267,
        -9.44361111,  -6.80445577,  -7.96953801,  -7.3291959 ,
        -6.75982812, -13.34334725, -14.6620725 ,  -8.8717377 ,
       -19.58377778,  -7.85146458,  -9.96420569,  -5.53019688,
        -9.66732455, -15.66100589,  -8.26554543, -14.0574375 ,
        -9.86221419]), 'neg_mean_squared_error': array([-126.67202701, -191.50175656,  -95.00045553, -191.31772296,
       -147.93744363,  -46.28661212, -127.50557059, -104.26110594,
        -67.99809081,  -80.42673583, -101.29552627, -322.3998344 ,
       -313.34993017, -285.39263223,  -89.61269426,  -85.96322489,
       -251.12794077,  -36.27235987, -119.68251246, -200.03387318,
       -153.16398707, -378.21387321, -108.89423367, -195.96599548,
       -121.05948314, -242.94331499, -142.59480217, -508.5487438 ,
       -252.2979792 , -152.68868864, -326.87414398, -216.82151501,
       -301.24994175, -126.15348283, -267.18537973, -349.26221975,
       -174.84310355,  -75.68318948,  -85.01278874, -108.58012185,
        -81.44368999, -332.12204279, -414.25118279, -175.29545945,
       -645.11299727, -102.73163417, -167.47035728,  -45.73643766,
       -236.52289334, -381.50534069, -125.41078973, -334.22711811,
       -255.70392267]), 'max_error': array([-35.22191026, -30.11912069, -17.57906301, -34.29684056,
       -20.18674436, -15.52493337, -28.58387001, -35.85398621,
       -16.8961794 , -17.28045349, -24.84930411, -34.09680306,
       -54.67413648, -37.25124302, -19.28990767, -19.37017198,
       -32.20481214, -10.48951356, -17.59467471, -45.43584964,
       -33.52478918, -48.03974128, -21.73451594, -41.4722751 ,
       -30.56436302, -44.14070773, -32.0612348 , -60.52045371,
       -37.4912793 , -29.65374506, -39.37617277, -36.34829295,
       -46.93209305, -22.9725074 , -30.97451927, -51.38030234,
       -38.49233225, -24.48439809, -16.34847367, -31.18743423,
       -21.60402348, -52.46865631, -51.61353051, -42.65571311,
       -65.05974442, -23.1091022 , -33.93449954, -15.27188433,
       -52.26993105, -41.70436672, -35.26827237, -41.50795102,
       -52.92114325]), 'explained_variance': array([ 0.00000000e+00,  0.00000000e+00,  1.11022302e-16,  1.11022302e-16,
        0.00000000e+00,  0.00000000e+00,  0.00000000e+00, -2.22044605e-16,
        0.00000000e+00,  3.33066907e-16,  1.11022302e-16,  0.00000000e+00,
        0.00000000e+00,  0.00000000e+00,  2.22044605e-16,  0.00000000e+00,
        0.00000000e+00,  0.00000000e+00,  0.00000000e+00,  0.00000000e+00,
        2.22044605e-16, -2.22044605e-16, -2.22044605e-16,  1.11022302e-16,
        0.00000000e+00,  0.00000000e+00, -2.22044605e-16,  1.11022302e-16,
        1.11022302e-16,  0.00000000e+00, -2.22044605e-16,  0.00000000e+00,
        0.00000000e+00,  0.00000000e+00,  0.00000000e+00,  0.00000000e+00,
        0.00000000e+00,  0.00000000e+00,  0.00000000e+00,  2.22044605e-16,
        0.00000000e+00,  0.00000000e+00, -2.22044605e-16,  0.00000000e+00,
       -4.44089210e-16, -2.22044605e-16, -2.22044605e-16,  0.00000000e+00,
        1.11022302e-16,  0.00000000e+00, -2.22044605e-16, -2.22044605e-16,
        0.00000000e+00])}
         accs  y_pred (s)  y_true (s)
54    [1, 11]   12.407072      19.499
4    [28, 45]   24.007588      26.335
3    [28, 45]   24.007588      27.642
11   [28, 45]   24.007588      18.893
27   [29, 29]   13.234062      65.978
29   [29, 29]   13.234062      45.143
64    [1, 11]   12.407072      30.560
77   [14, 15]   17.305511      12.834
124  [24, 26]   13.433047      45.263
71    [1, 11]   12.407072       9.629
25   [29, 29]   13.234062      19.467
91    [20, 3]   16.232108      14.879
83   [14, 15]   17.305511      24.338
89   [14, 15]   17.305511      11.455
69    [1, 11]   12.407072       9.069
{'mse': 326.42062489232325, 'mae': 12.417310667190542, 'r2-score': -0.33510355652868795, 'max-error': 63.66094503679816, 'explained variance score': 0.008853317728841903, 'layers': ['mbconv1', 'mbconv3']}
