environment: line 5: __conda_exe: command not found
Using device: cuda
Using model: efficientnetB0
Number of videos: 64
Execution type : naive
Using 2 features
Job ID : 42
Plotting ?  yes
Calculate accumulators ?  no
The directory contains : 65 videos
Number of videos in the directory : 65
Number of videos in the dataframe : 64
['conv1', 'mbconv1', 'mbconv2', 'mbconv3', 'mbconv4', 'mbconv5', 'mbconv6', 'mbconv7', 'conv2', 'pool', 'output']
{'conv1': {'T_max': 448.07057094573975, 'T_min': 278.996922403574, 'tau': 100, 'alpha': 50}, 'mbconv1': {'T_max': 1141.3850047588348, 'T_min': 812.3603581190109, 'tau': 100, 'alpha': 50}, 'mbconv2': {'T_max': 953.6717767715454, 'T_min': 642.3899536132812, 'tau': 100, 'alpha': 50}, 'mbconv3': {'T_max': 513.2992756962776, 'T_min': 322.42850029468536, 'tau': 100, 'alpha': 50}, 'mbconv4': {'T_max': 258.70095932483673, 'T_min': 155.41686257719994, 'tau': 100, 'alpha': 50}, 'mbconv5': {'T_max': 325.90665873885155, 'T_min': 182.09475773572922, 'tau': 100, 'alpha': 50}, 'mbconv6': {'T_max': 210.1228244304657, 'T_min': 113.37274000048637, 'tau': 100, 'alpha': 50}, 'mbconv7': {'T_max': 136.23850935697556, 'T_min': 72.70513460040092, 'tau': 100, 'alpha': 50}, 'conv2': {'T_max': 128.36026607453823, 'T_min': 69.14668047428131, 'tau': 100, 'alpha': 50}, 'pool': {'T_max': 5.443593147210777, 'T_min': 2.9237937070429325, 'tau': 100, 'alpha': 50}, 'output': {'T_max': 14.12623843550682, 'T_min': 7.4854159746319056, 'tau': 100, 'alpha': 50}}
Iterating over following combinations of layers :  [['conv1'], ['mbconv1'], ['mbconv2'], ['mbconv3'], ['mbconv4'], ['mbconv5'], ['mbconv6'], ['mbconv7'], ['conv2'], ['pool'], ['output'], ['conv1', 'mbconv1'], ['conv1', 'mbconv2'], ['conv1', 'mbconv3'], ['conv1', 'mbconv4'], ['conv1', 'mbconv5'], ['conv1', 'mbconv6'], ['conv1', 'mbconv7'], ['conv1', 'conv2'], ['conv1', 'pool'], ['conv1', 'output'], ['mbconv1', 'mbconv2'], ['mbconv1', 'mbconv3'], ['mbconv1', 'mbconv4'], ['mbconv1', 'mbconv5'], ['mbconv1', 'mbconv6'], ['mbconv1', 'mbconv7'], ['mbconv1', 'conv2'], ['mbconv1', 'pool'], ['mbconv1', 'output'], ['mbconv2', 'mbconv3'], ['mbconv2', 'mbconv4'], ['mbconv2', 'mbconv5'], ['mbconv2', 'mbconv6'], ['mbconv2', 'mbconv7'], ['mbconv2', 'conv2'], ['mbconv2', 'pool'], ['mbconv2', 'output'], ['mbconv3', 'mbconv4'], ['mbconv3', 'mbconv5'], ['mbconv3', 'mbconv6'], ['mbconv3', 'mbconv7'], ['mbconv3', 'conv2'], ['mbconv3', 'pool'], ['mbconv3', 'output'], ['mbconv4', 'mbconv5'], ['mbconv4', 'mbconv6'], ['mbconv4', 'mbconv7'], ['mbconv4', 'conv2'], ['mbconv4', 'pool'], ['mbconv4', 'output'], ['mbconv5', 'mbconv6'], ['mbconv5', 'mbconv7'], ['mbconv5', 'conv2'], ['mbconv5', 'pool'], ['mbconv5', 'output'], ['mbconv6', 'mbconv7'], ['mbconv6', 'conv2'], ['mbconv6', 'pool'], ['mbconv6', 'output'], ['mbconv7', 'conv2'], ['mbconv7', 'pool'], ['mbconv7', 'output'], ['conv2', 'pool'], ['conv2', 'output'], ['pool', 'output']]
[['mbconv3', 'conv2']]
Generating the training set for videos : 
TRAINING SET : contains 962 samples, 37 patients based on 56 videos
TEST SET : contains 127 samples, 37 patients based on 8 videos
Dataset constituted.
--------------------NAIVE IMPLEMENTATION-------------------
Number of folds : 53
Grid search.
The best parameters are : {'C': 10.0}
Metrics obtained during CV : 
{'r2': array([-2.12594239e-01, -1.02216397e-01, -4.90836551e-06, -1.35637810e-01,
       -1.25853936e-01, -1.01689592e-02, -3.96575994e-02, -5.21415351e-02,
       -3.79073988e-01, -4.59928695e-02, -2.54439943e-01, -4.37912377e-01,
       -4.97822992e-01, -6.75702900e-02, -9.02722847e-02, -1.22562440e-02,
       -8.15795646e-04, -1.31931217e+00, -1.41451386e-01, -2.82972005e-01,
       -2.48916564e-01, -7.50668854e-01, -2.30789874e-03, -7.26403022e-02,
       -2.10614132e-02, -1.56976521e-01, -1.96724431e-02, -4.65032438e-01,
       -2.20586336e-01, -1.21021682e-01, -3.39817103e-01, -4.81095885e-01,
       -2.21274903e-01, -1.08945284e-02, -4.75996706e-01, -1.14146834e-01,
       -1.22758937e-02, -9.00160765e-02, -2.00828037e-01, -9.28097266e-02,
       -5.98667211e-03, -3.94568785e-03, -6.25803066e-01, -1.69406190e-01,
       -4.07230835e-02, -1.08982697e-01, -2.39672232e-01, -1.25142196e-01,
       -3.12568323e-01, -7.74170967e-01, -2.01918483e-02, -1.63092427e-01,
       -8.02056041e-04]), 'neg_mean_absolute_error': array([ -9.27966262, -11.43651807,  -8.34502875, -10.86543627,
       -10.92295577,  -5.51385481,  -8.07583714,  -6.08241225,
        -8.3361643 ,  -7.78965674,  -8.13251707, -13.26985885,
       -15.44039506, -13.15093034,  -7.20372958,  -7.84366343,
       -13.50169396,  -7.10490013,  -8.4496488 , -10.12838167,
        -9.2797277 , -14.3022995 ,  -8.52173253, -10.63555556,
        -7.93477654,  -9.51459985,  -8.661     , -16.96660823,
       -10.48122222, -10.25894444, -12.55249491, -12.45570422,
       -11.22252705,  -8.62344717, -12.36815265, -10.55167528,
       -10.2344177 ,  -6.6575    ,  -7.29221788,  -7.4248174 ,
        -6.81498083, -11.64372222, -14.31131295,  -9.0887519 ,
       -19.58377778,  -7.99970619,  -9.8071498 ,  -5.70645323,
        -9.54165823, -18.18205146,  -8.20629748, -14.18562932,
       -11.10829898]), 'neg_mean_squared_error': array([-135.23742392, -210.37172719,  -94.99700039, -199.90216982,
       -144.0763434 ,  -46.61883877, -132.52075614,  -97.71485721,
        -89.98587827,  -81.31278164, -116.86649684, -296.55494801,
       -452.24773373, -272.15942365,  -79.46839271,  -82.73167139,
       -250.47459232,  -65.33125877, -109.27765336, -236.97162068,
       -180.59313933, -379.64984262, -108.67415207, -209.76281822,
       -116.20830981, -279.77021213, -141.73741361, -570.91217538,
       -229.94345374, -163.98156551, -262.80559718, -274.3101974 ,
       -265.30952662, -117.35849414, -209.6281255 , -211.54101934,
       -166.25449049,  -80.94537184,  -76.70289433, -117.37288155,
        -81.03738717, -228.11910228, -398.21899889, -181.54917337,
       -612.53120316, -113.65714939, -162.82908212,  -49.04713291,
       -231.8939306 , -551.61367301, -121.27536544, -352.55478645,
       -233.58185533]), 'max_error': array([-34.24422735, -35.33561442, -17.62009075, -35.27271081,
       -20.6419772 , -15.21010837, -30.63269812, -34.67983284,
       -16.44779131, -17.02950439, -26.86611775, -32.82247401,
       -63.55592944, -35.8826764 , -20.81430543, -18.31353507,
       -30.82693826, -12.2628735 , -26.16816083, -48.7502175 ,
       -36.59777465, -48.0961391 , -21.5489536 , -44.6021101 ,
       -31.70837778, -49.23789865, -31.81964034, -63.08011851,
       -35.94326404, -31.32942484, -36.10698854, -40.16508448,
       -44.69962174, -25.01959509, -28.00912462, -43.41057754,
       -33.81591357, -25.8771928 , -16.03950652, -35.42885662,
       -21.35583626, -43.17347397, -50.98216332, -43.3067557 ,
       -62.43550083, -26.94500523, -33.5351093 , -14.40065902,
       -51.9647414 , -48.81698608, -34.26105717, -42.96153453,
       -48.63053606]), 'explained_variance': array([-2.22044605e-16,  0.00000000e+00,  1.11022302e-16,  0.00000000e+00,
        0.00000000e+00,  0.00000000e+00,  0.00000000e+00,  0.00000000e+00,
        0.00000000e+00,  3.33066907e-16,  0.00000000e+00,  0.00000000e+00,
        0.00000000e+00,  0.00000000e+00,  2.22044605e-16,  0.00000000e+00,
        2.22044605e-16,  0.00000000e+00,  0.00000000e+00,  0.00000000e+00,
        2.22044605e-16, -2.22044605e-16, -2.22044605e-16, -2.22044605e-16,
        0.00000000e+00,  0.00000000e+00,  0.00000000e+00,  0.00000000e+00,
        0.00000000e+00,  0.00000000e+00,  0.00000000e+00,  0.00000000e+00,
        0.00000000e+00,  0.00000000e+00,  0.00000000e+00,  3.33066907e-16,
       -4.44089210e-16,  0.00000000e+00, -2.22044605e-16,  0.00000000e+00,
        0.00000000e+00,  1.11022302e-16,  0.00000000e+00,  0.00000000e+00,
        0.00000000e+00, -2.22044605e-16,  0.00000000e+00,  0.00000000e+00,
        0.00000000e+00,  0.00000000e+00, -2.22044605e-16, -2.22044605e-16,
       -2.22044605e-16])}
         accs  y_pred (s)  y_true (s)
54    [11, 2]   17.376846      19.499
4    [45, 32]   26.178384      26.335
3    [45, 32]   26.178384      27.642
11   [45, 32]   26.178384      18.893
27   [29, 18]   15.683876      65.978
29   [29, 18]   15.683876      45.143
64    [11, 2]   17.376846      30.560
77    [15, 7]   19.705581      12.834
124  [26, 18]   14.966371      45.263
71    [11, 2]   17.376846       9.629
25   [29, 18]   15.683876      19.467
91     [3, 5]   13.791372      14.879
83    [15, 7]   19.705581      24.338
89    [15, 7]   19.705581      11.455
69    [11, 2]   17.376846       9.069
{'mse': 304.86869558488047, 'mae': 12.09841628074917, 'r2-score': -0.24695331333277015, 'max-error': 63.25058127676517, 'explained variance score': -0.016493498986840827, 'layers': ['mbconv3', 'conv2']}
