environment: line 5: __conda_exe: command not found
Using device: cuda
Using model: efficientnetB0
Number of videos: 64
Execution type : naive
Using 2 features
Job ID : 26
Plotting ?  yes
Calculate accumulators ?  no
The directory contains : 65 videos
Number of videos in the directory : 65
Number of videos in the dataframe : 64
['conv1', 'mbconv1', 'mbconv2', 'mbconv3', 'mbconv4', 'mbconv5', 'mbconv6', 'mbconv7', 'conv2', 'pool', 'output']
{'conv1': {'T_max': 448.07057094573975, 'T_min': 278.996922403574, 'tau': 100, 'alpha': 50}, 'mbconv1': {'T_max': 1141.3850047588348, 'T_min': 812.3603581190109, 'tau': 100, 'alpha': 50}, 'mbconv2': {'T_max': 953.6717767715454, 'T_min': 642.3899536132812, 'tau': 100, 'alpha': 50}, 'mbconv3': {'T_max': 513.2992756962776, 'T_min': 322.42850029468536, 'tau': 100, 'alpha': 50}, 'mbconv4': {'T_max': 258.70095932483673, 'T_min': 155.41686257719994, 'tau': 100, 'alpha': 50}, 'mbconv5': {'T_max': 325.90665873885155, 'T_min': 182.09475773572922, 'tau': 100, 'alpha': 50}, 'mbconv6': {'T_max': 210.1228244304657, 'T_min': 113.37274000048637, 'tau': 100, 'alpha': 50}, 'mbconv7': {'T_max': 136.23850935697556, 'T_min': 72.70513460040092, 'tau': 100, 'alpha': 50}, 'conv2': {'T_max': 128.36026607453823, 'T_min': 69.14668047428131, 'tau': 100, 'alpha': 50}, 'pool': {'T_max': 5.443593147210777, 'T_min': 2.9237937070429325, 'tau': 100, 'alpha': 50}, 'output': {'T_max': 14.12623843550682, 'T_min': 7.4854159746319056, 'tau': 100, 'alpha': 50}}
Iterating over following combinations of layers :  [['conv1'], ['mbconv1'], ['mbconv2'], ['mbconv3'], ['mbconv4'], ['mbconv5'], ['mbconv6'], ['mbconv7'], ['conv2'], ['pool'], ['output'], ['conv1', 'mbconv1'], ['conv1', 'mbconv2'], ['conv1', 'mbconv3'], ['conv1', 'mbconv4'], ['conv1', 'mbconv5'], ['conv1', 'mbconv6'], ['conv1', 'mbconv7'], ['conv1', 'conv2'], ['conv1', 'pool'], ['conv1', 'output'], ['mbconv1', 'mbconv2'], ['mbconv1', 'mbconv3'], ['mbconv1', 'mbconv4'], ['mbconv1', 'mbconv5'], ['mbconv1', 'mbconv6'], ['mbconv1', 'mbconv7'], ['mbconv1', 'conv2'], ['mbconv1', 'pool'], ['mbconv1', 'output'], ['mbconv2', 'mbconv3'], ['mbconv2', 'mbconv4'], ['mbconv2', 'mbconv5'], ['mbconv2', 'mbconv6'], ['mbconv2', 'mbconv7'], ['mbconv2', 'conv2'], ['mbconv2', 'pool'], ['mbconv2', 'output'], ['mbconv3', 'mbconv4'], ['mbconv3', 'mbconv5'], ['mbconv3', 'mbconv6'], ['mbconv3', 'mbconv7'], ['mbconv3', 'conv2'], ['mbconv3', 'pool'], ['mbconv3', 'output'], ['mbconv4', 'mbconv5'], ['mbconv4', 'mbconv6'], ['mbconv4', 'mbconv7'], ['mbconv4', 'conv2'], ['mbconv4', 'pool'], ['mbconv4', 'output'], ['mbconv5', 'mbconv6'], ['mbconv5', 'mbconv7'], ['mbconv5', 'conv2'], ['mbconv5', 'pool'], ['mbconv5', 'output'], ['mbconv6', 'mbconv7'], ['mbconv6', 'conv2'], ['mbconv6', 'pool'], ['mbconv6', 'output'], ['mbconv7', 'conv2'], ['mbconv7', 'pool'], ['mbconv7', 'output'], ['conv2', 'pool'], ['conv2', 'output'], ['pool', 'output']]
[['mbconv1', 'mbconv7']]
Generating the training set for videos : 
TRAINING SET : contains 962 samples, 37 patients based on 56 videos
TEST SET : contains 127 samples, 37 patients based on 8 videos
Dataset constituted.
--------------------NAIVE IMPLEMENTATION-------------------
Number of folds : 53
Grid search.
The best parameters are : {'C': 10.0}
Metrics obtained during CV : 
{'r2': array([-1.50942974e-01, -2.30029860e-01, -9.57215768e-03, -6.20789973e-02,
       -3.11132656e-03, -2.97246719e-03, -7.42330142e-03, -1.73318270e-01,
       -1.73729628e-02, -8.13139780e-02, -4.24400398e-01, -3.51723467e-01,
       -9.90178013e-02, -3.39787685e-01, -1.92802680e-01, -5.87604428e-02,
       -5.10662761e-03, -5.27724177e-02, -2.73685090e-04, -9.21499759e-02,
       -9.50949124e-02, -8.70972158e-01, -4.25415362e-02, -2.65472831e-01,
       -1.29921573e-01, -4.01510243e-02, -1.16595055e-01, -2.51376856e-01,
       -3.24053300e-01, -1.18751735e-01, -1.52834756e-03, -5.07325422e-02,
       -3.03850916e-01, -2.93572513e-02, -8.91269278e-01, -1.43832508e-01,
       -4.29472673e-04, -1.54023575e-01, -5.48389639e-01, -6.63426846e-04,
       -2.42242004e-02, -1.90357075e-01, -5.37166104e-01, -1.12776325e-01,
       -2.56987622e-02, -4.14558263e-04, -2.92545387e-01, -6.53956187e-02,
       -2.94043022e-01, -3.65765676e-01, -1.34637287e-01, -1.44452805e-01,
       -1.69730214e-01]), 'neg_mean_absolute_error': array([ -8.67465715, -13.7960163 ,  -8.12885244, -10.94862611,
        -9.74669481,  -5.39792228,  -8.30934074,  -6.19599543,
        -6.88033579,  -8.00333532,  -8.78837866, -12.90644335,
       -13.38130752, -14.30969079,  -7.70647072,  -8.03165407,
       -13.38661617,  -4.79556545,  -8.87651626,  -9.52688889,
        -9.17311111, -14.85280776,  -8.24143334, -10.89648122,
        -9.13900892,  -9.67744294,  -9.00315488, -15.6937083 ,
       -10.67086171, -10.25894444, -11.77436119, -10.64366274,
       -11.74403393,  -9.02428152, -13.44528066, -10.61505429,
        -9.67258248,  -6.6575    ,  -8.89706366,  -7.10931394,
        -6.65887595, -12.13590986, -13.80562069,  -8.80154326,
       -19.65101009,  -7.81523913, -10.04189564,  -5.569726  ,
        -9.44959662, -16.10379352,  -8.35049362, -14.13388252,
        -9.6545    ]), 'neg_mean_squared_error': array([-128.36162167, -234.76651854,  -95.90585591, -186.95388107,
       -128.36888285,  -46.28672393, -128.41198654, -108.96882539,
        -66.38454528,  -84.05855331, -132.70040197, -278.77935337,
       -331.83380998, -341.55675505,  -86.94168706,  -86.53245812,
       -251.54846065,  -29.65488995,  -95.76190661, -201.7257966 ,
       -158.35055264, -405.73880293, -113.03644079, -247.47265868,
       -128.59782432, -251.52046512, -155.20993649, -487.65219435,
       -249.43535729, -163.64952057, -196.45013856, -194.60364048,
       -283.24832389, -119.50190011, -268.6071263 , -217.17738388,
       -164.30885423,  -85.69861435,  -98.90339264, -107.4759375 ,
        -82.50651363, -270.47597353, -376.50854514, -172.75744198,
       -603.68844208, -102.53024438, -169.77389154,  -46.44266361,
       -228.62103049, -424.63496186, -134.88007368, -346.90477301,
       -273.0087853 ]), 'max_error': array([-35.01056761, -26.28632996, -18.59526787, -33.69210386,
       -24.02415971, -15.52478239, -29.35710519, -36.49130442,
       -17.48892401, -16.40618099, -28.28535495, -31.83606052,
       -56.7636143 , -41.039425  , -19.63067293, -19.50414244,
       -32.40929283, -12.11703663, -22.32635365, -45.64626737,
       -34.30652823, -49.08054497, -23.19640007, -48.03833101,
       -29.41128395, -46.19275677, -34.19179797, -59.51579155,
       -37.31018884, -31.28977917, -28.49024931, -33.79096466,
       -45.89095134, -24.29809326, -31.03788148, -43.98098861,
       -35.50141923, -26.67371876, -17.66936756, -32.00467451,
       -22.05830822, -48.80334438, -50.07191723, -42.36269465,
       -61.42890919, -23.80906528, -34.12317512, -15.04788599,
       -51.74116323, -43.96649796, -36.71239158, -42.54756014,
       -54.49185034]), 'explained_variance': array([-2.22044605e-16,  0.00000000e+00,  1.11022302e-16,  1.11022302e-16,
        0.00000000e+00,  0.00000000e+00,  0.00000000e+00, -2.22044605e-16,
        0.00000000e+00,  3.33066907e-16,  3.33066907e-16,  0.00000000e+00,
        0.00000000e+00,  0.00000000e+00,  2.22044605e-16,  0.00000000e+00,
        0.00000000e+00,  0.00000000e+00,  0.00000000e+00,  0.00000000e+00,
        2.22044605e-16, -2.22044605e-16, -2.22044605e-16, -2.22044605e-16,
        0.00000000e+00,  0.00000000e+00,  0.00000000e+00,  1.11022302e-16,
        0.00000000e+00, -2.22044605e-16,  0.00000000e+00, -2.22044605e-16,
        1.11022302e-16,  0.00000000e+00,  0.00000000e+00,  3.33066907e-16,
       -2.22044605e-16,  0.00000000e+00,  0.00000000e+00,  2.22044605e-16,
        0.00000000e+00,  0.00000000e+00,  0.00000000e+00,  0.00000000e+00,
       -4.44089210e-16, -2.22044605e-16,  0.00000000e+00,  0.00000000e+00,
        0.00000000e+00,  0.00000000e+00,  0.00000000e+00,  0.00000000e+00,
       -2.22044605e-16])}
         accs  y_pred (s)  y_true (s)
54     [1, 2]   13.107459      19.499
4    [28, 34]   24.961356      26.335
3    [28, 34]   24.961356      27.642
11   [28, 34]   24.961356      18.893
27   [29, 22]   17.494001      65.978
29   [29, 22]   17.494001      45.143
64     [1, 2]   13.107459      30.560
77   [14, 11]   18.253984      12.834
124  [24, 21]   14.939820      45.263
71     [1, 2]   13.107459       9.629
25   [29, 22]   17.494001      19.467
91    [20, 3]   12.987916      14.879
83   [14, 11]   18.253984      24.338
89   [14, 11]   18.253984      11.455
69     [1, 2]   13.107459       9.069
{'mse': 302.00620429686376, 'mae': 11.979724528976412, 'r2-score': -0.23524534512327322, 'max-error': 62.058769732574824, 'explained variance score': 0.03899898940281432, 'layers': ['mbconv1', 'mbconv7']}
