environment: line 5: __conda_exe: command not found
Using device: cuda
Using model: efficientnetB0
Number of videos: 64
Execution type : naive
Using 2 features
Job ID : 43
Plotting ?  yes
Calculate accumulators ?  no
The directory contains : 65 videos
Number of videos in the directory : 65
Number of videos in the dataframe : 64
['conv1', 'mbconv1', 'mbconv2', 'mbconv3', 'mbconv4', 'mbconv5', 'mbconv6', 'mbconv7', 'conv2', 'pool', 'output']
{'conv1': {'T_max': 448.07057094573975, 'T_min': 278.996922403574, 'tau': 100, 'alpha': 50}, 'mbconv1': {'T_max': 1141.3850047588348, 'T_min': 812.3603581190109, 'tau': 100, 'alpha': 50}, 'mbconv2': {'T_max': 953.6717767715454, 'T_min': 642.3899536132812, 'tau': 100, 'alpha': 50}, 'mbconv3': {'T_max': 513.2992756962776, 'T_min': 322.42850029468536, 'tau': 100, 'alpha': 50}, 'mbconv4': {'T_max': 258.70095932483673, 'T_min': 155.41686257719994, 'tau': 100, 'alpha': 50}, 'mbconv5': {'T_max': 325.90665873885155, 'T_min': 182.09475773572922, 'tau': 100, 'alpha': 50}, 'mbconv6': {'T_max': 210.1228244304657, 'T_min': 113.37274000048637, 'tau': 100, 'alpha': 50}, 'mbconv7': {'T_max': 136.23850935697556, 'T_min': 72.70513460040092, 'tau': 100, 'alpha': 50}, 'conv2': {'T_max': 128.36026607453823, 'T_min': 69.14668047428131, 'tau': 100, 'alpha': 50}, 'pool': {'T_max': 5.443593147210777, 'T_min': 2.9237937070429325, 'tau': 100, 'alpha': 50}, 'output': {'T_max': 14.12623843550682, 'T_min': 7.4854159746319056, 'tau': 100, 'alpha': 50}}
Iterating over following combinations of layers :  [['conv1'], ['mbconv1'], ['mbconv2'], ['mbconv3'], ['mbconv4'], ['mbconv5'], ['mbconv6'], ['mbconv7'], ['conv2'], ['pool'], ['output'], ['conv1', 'mbconv1'], ['conv1', 'mbconv2'], ['conv1', 'mbconv3'], ['conv1', 'mbconv4'], ['conv1', 'mbconv5'], ['conv1', 'mbconv6'], ['conv1', 'mbconv7'], ['conv1', 'conv2'], ['conv1', 'pool'], ['conv1', 'output'], ['mbconv1', 'mbconv2'], ['mbconv1', 'mbconv3'], ['mbconv1', 'mbconv4'], ['mbconv1', 'mbconv5'], ['mbconv1', 'mbconv6'], ['mbconv1', 'mbconv7'], ['mbconv1', 'conv2'], ['mbconv1', 'pool'], ['mbconv1', 'output'], ['mbconv2', 'mbconv3'], ['mbconv2', 'mbconv4'], ['mbconv2', 'mbconv5'], ['mbconv2', 'mbconv6'], ['mbconv2', 'mbconv7'], ['mbconv2', 'conv2'], ['mbconv2', 'pool'], ['mbconv2', 'output'], ['mbconv3', 'mbconv4'], ['mbconv3', 'mbconv5'], ['mbconv3', 'mbconv6'], ['mbconv3', 'mbconv7'], ['mbconv3', 'conv2'], ['mbconv3', 'pool'], ['mbconv3', 'output'], ['mbconv4', 'mbconv5'], ['mbconv4', 'mbconv6'], ['mbconv4', 'mbconv7'], ['mbconv4', 'conv2'], ['mbconv4', 'pool'], ['mbconv4', 'output'], ['mbconv5', 'mbconv6'], ['mbconv5', 'mbconv7'], ['mbconv5', 'conv2'], ['mbconv5', 'pool'], ['mbconv5', 'output'], ['mbconv6', 'mbconv7'], ['mbconv6', 'conv2'], ['mbconv6', 'pool'], ['mbconv6', 'output'], ['mbconv7', 'conv2'], ['mbconv7', 'pool'], ['mbconv7', 'output'], ['conv2', 'pool'], ['conv2', 'output'], ['pool', 'output']]
[['mbconv3', 'pool']]
Generating the training set for videos : 
TRAINING SET : contains 962 samples, 37 patients based on 56 videos
TEST SET : contains 127 samples, 37 patients based on 8 videos
Dataset constituted.
--------------------NAIVE IMPLEMENTATION-------------------
Number of folds : 53
Grid search.
The best parameters are : {'C': 10.0}
Metrics obtained during CV : 
{'r2': array([-1.18428524e-01, -1.01057804e-01, -1.32657485e-03, -3.29129178e-02,
       -7.83167119e-02, -9.30251995e-03, -5.66386956e-02, -4.85463008e-02,
       -7.13118025e-01, -5.73062450e-02, -2.32349390e-01, -4.33118127e-01,
       -4.67950747e-01, -5.63936553e-02, -1.97212304e-01, -2.19144059e-02,
       -2.46276182e-03, -1.35725112e+00, -1.30777394e-01, -2.69000818e-01,
       -1.97496823e-01, -1.03105971e+00, -4.55760318e-04, -1.74052814e-01,
       -1.10820670e-02, -1.92726008e-01, -6.48493110e-02, -5.00665047e-01,
       -2.11013913e-01, -8.18235780e-02, -2.31837233e-01, -7.93522638e-02,
       -2.48301200e-01, -2.53121673e-02, -3.92883623e-01, -9.29911880e-02,
       -6.02340846e-03, -1.27969628e-01, -1.68915579e-01, -8.32530435e-02,
       -7.30267542e-03, -2.67606390e-03, -5.88789611e-01, -1.35982519e-01,
       -8.06150987e-02, -9.37782835e-02, -2.48433005e-01, -1.04592141e-01,
       -3.00995431e-01, -8.13462262e-01, -3.95689734e-02, -1.50238311e-01,
       -1.76625176e-02]), 'neg_mean_absolute_error': array([ -8.30465074, -11.43255433,  -8.43276546, -10.99592639,
       -10.61076036,  -5.50286325,  -8.00658734,  -6.07834798,
        -9.21152625,  -7.8496297 ,  -8.05878128, -13.25064026,
       -15.30277887, -13.13204821,  -7.72666235,  -7.48659884,
       -13.40479615,  -7.17360872,  -8.46537858, -10.08821911,
        -9.17311111, -15.65933236,  -8.68229408, -10.74414032,
        -7.74581072,  -9.65022185,  -8.69119392, -17.19159892,
       -10.48122222, -10.25894444, -12.14510762, -10.72903184,
       -11.39731606,  -8.95100414, -12.11740685, -10.50128655,
       -10.09265204,  -6.6575    ,  -7.09430472,  -7.40626553,
        -6.79886107, -11.64372222, -14.10480621,  -8.91085882,
       -19.58377778,  -7.98547781,  -9.8415965 ,  -5.64858384,
        -9.48447756, -18.38790241,  -8.24274006, -14.15028388,
       -10.53544276]), 'neg_mean_squared_error': array([-124.73537111, -210.15059531,  -95.12255412, -181.81988278,
       -137.99297047,  -46.57885299, -134.68526464,  -97.38095935,
       -111.78256671,  -82.1922542 , -114.80849043, -295.56618221,
       -443.2282066 , -269.31012513,  -87.26309828,  -83.52103267,
       -250.88677924,  -66.39993737, -108.25577123, -234.39106948,
       -173.15785291, -440.45537113, -108.47333597, -229.59479203,
       -115.07254762, -288.41484866, -148.01712868, -584.79793664,
       -228.14012697, -158.24771879, -241.62530769, -199.90423011,
       -271.18071417, -119.03229131, -197.82400708, -207.52423551,
       -165.22759284,  -83.76382964,  -74.66448595, -116.34644904,
        -81.14339798, -227.83061509, -389.15304187, -176.36018101,
       -636.01017128, -112.09888319, -163.97979654,  -48.1513161 ,
       -229.84932586, -563.8298665 , -123.57882232, -348.65846661,
       -237.51699701]), 'max_error': array([-35.4792424 , -35.31051077, -17.28669123, -32.79339852,
       -21.48936473, -15.23994261, -31.07128021, -34.60261171,
       -18.29577763, -16.80971939, -26.64996886, -32.77030928,
       -63.1823998 , -35.52391604, -19.58804614, -15.97437792,
       -32.06387319, -12.34990438, -26.02659276, -48.569486  ,
       -35.9423028 , -50.29033188, -20.82642665, -46.6672629 ,
       -32.13355088, -49.90349887, -33.16837264, -63.58634756,
       -35.80184138, -30.58157513, -34.68623429, -34.55928655,
       -45.11083613, -24.42999255, -27.25688721, -42.95707892,
       -34.24121055, -26.37443465, -16.33637626, -35.26188981,
       -21.42837518, -43.00639446, -50.61045118, -42.77307645,
       -64.42796131, -26.70312278, -33.63673435, -14.60102493,
       -51.82587407, -49.20581566, -34.88058098, -42.67877104,
       -50.22822898]), 'explained_variance': array([-2.22044605e-16,  0.00000000e+00,  1.11022302e-16,  1.11022302e-16,
        0.00000000e+00,  0.00000000e+00,  0.00000000e+00, -2.22044605e-16,
        0.00000000e+00,  3.33066907e-16,  3.33066907e-16,  0.00000000e+00,
        0.00000000e+00,  0.00000000e+00,  2.22044605e-16,  0.00000000e+00,
        2.22044605e-16,  0.00000000e+00,  0.00000000e+00,  0.00000000e+00,
        0.00000000e+00, -2.22044605e-16, -2.22044605e-16, -2.22044605e-16,
        0.00000000e+00,  0.00000000e+00,  0.00000000e+00,  0.00000000e+00,
        0.00000000e+00,  0.00000000e+00,  0.00000000e+00, -2.22044605e-16,
        0.00000000e+00,  0.00000000e+00,  0.00000000e+00,  3.33066907e-16,
        0.00000000e+00,  0.00000000e+00, -2.22044605e-16,  0.00000000e+00,
        0.00000000e+00,  1.11022302e-16, -2.22044605e-16,  0.00000000e+00,
       -2.22044605e-16,  1.11022302e-16,  0.00000000e+00,  0.00000000e+00,
        0.00000000e+00, -2.22044605e-16,  0.00000000e+00, -2.22044605e-16,
       -2.22044605e-16])}
         accs  y_pred (s)  y_true (s)
54    [11, 2]   18.303837      19.499
4    [45, 28]   25.592330      26.335
3    [45, 28]   25.592330      27.642
11   [45, 28]   25.592330      18.893
27   [29, 20]   17.594705      65.978
29   [29, 20]   17.594705      45.143
64    [11, 2]   18.303837      30.560
77   [15, 10]   18.224209      12.834
124  [26, 20]   16.672809      45.263
71    [11, 2]   18.303837       9.629
25   [29, 20]   17.594705      19.467
91     [3, 5]   13.792860      14.879
83   [15, 10]   18.224209      24.338
89   [15, 10]   18.224209      11.455
69    [11, 2]   18.303837       9.069
{'mse': 292.4706397311221, 'mae': 11.725211304228688, 'r2-score': -0.1962436240481107, 'max-error': 64.32466066352126, 'explained variance score': 0.021450105970548083, 'layers': ['mbconv3', 'pool']}
