environment: line 5: __conda_exe: command not found
Using device: cuda
Using model: efficientnetB0
Number of videos: 64
Execution type : naive
Using 2 features
Job ID : 12
Plotting ?  yes
Calculate accumulators ?  no
The directory contains : 65 videos
Number of videos in the directory : 65
Number of videos in the dataframe : 64
['conv1', 'mbconv1', 'mbconv2', 'mbconv3', 'mbconv4', 'mbconv5', 'mbconv6', 'mbconv7', 'conv2', 'pool', 'output']
{'conv1': {'T_max': 448.07057094573975, 'T_min': 278.996922403574, 'tau': 100, 'alpha': 50}, 'mbconv1': {'T_max': 1141.3850047588348, 'T_min': 812.3603581190109, 'tau': 100, 'alpha': 50}, 'mbconv2': {'T_max': 953.6717767715454, 'T_min': 642.3899536132812, 'tau': 100, 'alpha': 50}, 'mbconv3': {'T_max': 513.2992756962776, 'T_min': 322.42850029468536, 'tau': 100, 'alpha': 50}, 'mbconv4': {'T_max': 258.70095932483673, 'T_min': 155.41686257719994, 'tau': 100, 'alpha': 50}, 'mbconv5': {'T_max': 325.90665873885155, 'T_min': 182.09475773572922, 'tau': 100, 'alpha': 50}, 'mbconv6': {'T_max': 210.1228244304657, 'T_min': 113.37274000048637, 'tau': 100, 'alpha': 50}, 'mbconv7': {'T_max': 136.23850935697556, 'T_min': 72.70513460040092, 'tau': 100, 'alpha': 50}, 'conv2': {'T_max': 128.36026607453823, 'T_min': 69.14668047428131, 'tau': 100, 'alpha': 50}, 'pool': {'T_max': 5.443593147210777, 'T_min': 2.9237937070429325, 'tau': 100, 'alpha': 50}, 'output': {'T_max': 14.12623843550682, 'T_min': 7.4854159746319056, 'tau': 100, 'alpha': 50}}
Iterating over following combinations of layers :  [['conv1'], ['mbconv1'], ['mbconv2'], ['mbconv3'], ['mbconv4'], ['mbconv5'], ['mbconv6'], ['mbconv7'], ['conv2'], ['pool'], ['output'], ['conv1', 'mbconv1'], ['conv1', 'mbconv2'], ['conv1', 'mbconv3'], ['conv1', 'mbconv4'], ['conv1', 'mbconv5'], ['conv1', 'mbconv6'], ['conv1', 'mbconv7'], ['conv1', 'conv2'], ['conv1', 'pool'], ['conv1', 'output'], ['mbconv1', 'mbconv2'], ['mbconv1', 'mbconv3'], ['mbconv1', 'mbconv4'], ['mbconv1', 'mbconv5'], ['mbconv1', 'mbconv6'], ['mbconv1', 'mbconv7'], ['mbconv1', 'conv2'], ['mbconv1', 'pool'], ['mbconv1', 'output'], ['mbconv2', 'mbconv3'], ['mbconv2', 'mbconv4'], ['mbconv2', 'mbconv5'], ['mbconv2', 'mbconv6'], ['mbconv2', 'mbconv7'], ['mbconv2', 'conv2'], ['mbconv2', 'pool'], ['mbconv2', 'output'], ['mbconv3', 'mbconv4'], ['mbconv3', 'mbconv5'], ['mbconv3', 'mbconv6'], ['mbconv3', 'mbconv7'], ['mbconv3', 'conv2'], ['mbconv3', 'pool'], ['mbconv3', 'output'], ['mbconv4', 'mbconv5'], ['mbconv4', 'mbconv6'], ['mbconv4', 'mbconv7'], ['mbconv4', 'conv2'], ['mbconv4', 'pool'], ['mbconv4', 'output'], ['mbconv5', 'mbconv6'], ['mbconv5', 'mbconv7'], ['mbconv5', 'conv2'], ['mbconv5', 'pool'], ['mbconv5', 'output'], ['mbconv6', 'mbconv7'], ['mbconv6', 'conv2'], ['mbconv6', 'pool'], ['mbconv6', 'output'], ['mbconv7', 'conv2'], ['mbconv7', 'pool'], ['mbconv7', 'output'], ['conv2', 'pool'], ['conv2', 'output'], ['pool', 'output']]
[['conv1', 'mbconv2']]
Generating the training set for videos : 
TRAINING SET : contains 962 samples, 37 patients based on 56 videos
TEST SET : contains 127 samples, 37 patients based on 8 videos
Dataset constituted.
--------------------NAIVE IMPLEMENTATION-------------------
Number of folds : 53
Grid search.
The best parameters are : {'C': 1}
Metrics obtained during CV : 
{'r2': array([-3.52193551e-01, -7.70046492e-02, -4.09843269e-02, -5.87074655e-02,
       -3.81899709e-04, -3.52023161e-02, -8.20529889e-02, -6.13435779e-02,
       -7.46389849e-02, -2.63556077e-02, -3.88323931e-02, -4.22970503e-01,
       -2.08569619e-01, -2.30576850e-01, -1.99472066e-01, -7.07540992e-03,
       -2.13420564e-02, -4.44521844e-01, -1.35009153e-03, -3.91365838e-02,
       -4.31432006e-02, -8.00512322e-01, -1.13721494e-02, -2.42321134e-01,
       -4.70403930e-02, -4.62410568e-02, -1.62882801e-02, -6.95045208e-01,
       -1.47070643e-01, -2.77377096e-02, -2.42857586e-01, -6.88547749e-01,
       -6.27981367e-01, -2.85472458e-02, -2.45909194e-01, -3.98489377e-01,
       -5.27172151e-02, -2.21728333e-01, -4.48780181e-01, -2.23230571e-02,
       -2.01372393e-06, -5.07920166e-01, -8.09376298e-01, -1.63065118e-01,
       -5.85498640e-01, -7.94601164e-04, -1.74388371e-01, -1.15404322e-01,
       -2.64155256e-01, -4.87746628e-01, -8.29629423e-03, -4.27210302e-01,
       -7.45698919e-02]), 'neg_mean_absolute_error': array([-10.38335802, -11.34442992,  -8.90380768, -10.95341661,
        -9.638819  ,  -5.74667674,  -7.99881042,  -6.09221725,
        -7.18090419,  -7.7122106 ,  -7.60017634, -13.20960772,
       -13.84716845, -13.87804991,  -7.73692231,  -7.56556446,
       -13.32447834,  -5.65005943,  -8.89847712,  -9.52688889,
        -9.17311111, -14.53384437,  -8.38613702, -10.86077601,
        -8.28816734,  -9.64264155,  -8.661     , -18.29809927,
       -10.48122222, -10.25894444, -12.18031102, -13.46777624,
       -13.32423129,  -9.01003335, -11.70850107, -11.7501525 ,
        -9.44361111,  -8.48375479,  -8.47384715,  -7.24605888,
        -7.08598778, -13.56597041, -15.25535092,  -9.05645331,
       -22.60864242,  -7.83920178,  -9.66637281,  -5.67918463,
        -9.29472464, -16.58922775,  -8.18199811, -14.86082711,
       -10.00007228]), 'neg_mean_squared_error': array([-150.80656549, -205.55975112,  -98.88990312, -186.36040266,
       -128.01959612,  -47.77411683, -137.92471709,  -98.56947255,
        -70.12120723,  -79.78623167,  -96.78000394, -293.47333699,
       -364.91152435, -313.71525537,  -87.42780909,  -82.30824199,
       -255.61170827,  -40.68983533,  -95.86495714, -191.93394658,
       -150.83834326, -390.4588912 , -109.65693367, -242.94517161,
       -119.16501085, -252.99310492, -141.26700518, -660.54643028,
       -216.09400152, -150.33610966, -243.78695385, -312.73185692,
       -353.66236097, -119.40786357, -176.94999434, -265.52861734,
       -172.89650512,  -90.72641801,  -92.54083823, -109.8022832 ,
        -80.55529223, -342.63346976, -443.18283878, -180.5647282 ,
       -933.165993  , -102.56919412, -154.25414532,  -48.62264009,
       -223.34070227, -462.56048456, -119.86128076, -432.61379022,
       -250.79887429]), 'max_error': array([-32.84621318, -34.75238952, -15.66852202, -33.6010844 ,
       -24.43408781, -14.62057133, -31.61839801, -34.86612768,
       -16.34676408, -17.48899956, -23.89945014, -32.65893523,
       -59.23145723, -39.39918965, -19.56638623, -16.55224155,
       -33.5899116 ,  -9.79769583, -22.12870593, -44.20929664,
       -33.09603228, -48.51291986, -22.15913342, -47.71698406,
       -30.94279878, -46.42072607, -31.67069863, -66.07597336,
       -34.76056635, -29.13625211, -34.84464958, -42.01833102,
       -49.4463954 , -24.32373997, -25.69675483, -47.45346813,
       -38.17831303, -19.23392673, -17.10493739, -33.82002994,
       -20.64865249, -52.96955841, -52.68143165, -43.20985994,
       -76.10326059, -23.31756968, -32.7103377 , -14.49337226,
       -51.36504555, -45.61697434, -31.71867737, -47.31003895,
       -52.36971087]), 'explained_variance': array([-4.44089210e-16,  0.00000000e+00,  1.11022302e-16,  1.11022302e-16,
        0.00000000e+00,  0.00000000e+00,  0.00000000e+00,  0.00000000e+00,
        0.00000000e+00,  3.33066907e-16,  0.00000000e+00,  0.00000000e+00,
        0.00000000e+00,  0.00000000e+00,  2.22044605e-16,  0.00000000e+00,
        0.00000000e+00,  0.00000000e+00,  0.00000000e+00, -2.22044605e-16,
        0.00000000e+00, -2.22044605e-16, -2.22044605e-16, -2.22044605e-16,
        0.00000000e+00,  0.00000000e+00,  0.00000000e+00,  1.11022302e-16,
        0.00000000e+00,  0.00000000e+00, -2.22044605e-16,  0.00000000e+00,
        0.00000000e+00,  0.00000000e+00,  0.00000000e+00,  3.33066907e-16,
        0.00000000e+00,  0.00000000e+00,  0.00000000e+00,  0.00000000e+00,
        0.00000000e+00,  1.11022302e-16,  0.00000000e+00,  0.00000000e+00,
       -4.44089210e-16, -2.22044605e-16,  0.00000000e+00,  0.00000000e+00,
        0.00000000e+00,  0.00000000e+00,  0.00000000e+00,  0.00000000e+00,
        0.00000000e+00])}
         accs  y_pred (s)  y_true (s)
54    [2, 10]   14.996112      19.499
4    [32, 46]   22.684180      26.335
3    [32, 46]   22.684180      27.642
11   [32, 46]   22.684180      18.893
27   [31, 30]   18.867875      65.978
29   [31, 30]   18.867875      45.143
64    [2, 10]   14.996112      30.560
77   [17, 16]   18.561044      12.834
124  [25, 26]   17.848875      45.263
71    [2, 10]   14.996112       9.629
25   [31, 30]   18.867875      19.467
91    [16, 3]   18.544640      14.879
83   [17, 16]   18.561044      24.338
89   [17, 16]   18.561044      11.455
69    [2, 10]   14.996112       9.069
{'mse': 281.54052207539394, 'mae': 11.546714188526773, 'r2-score': -0.15153799627029052, 'max-error': 64.58509964403413, 'explained variance score': 0.0564094209198599, 'layers': ['conv1', 'mbconv2']}
