environment: line 5: __conda_exe: command not found
Using device: cuda
Using model: efficientnetB0
Number of videos: 64
Execution type : naive
Using 2 features
Job ID : 40
Plotting ?  yes
Calculate accumulators ?  no
The directory contains : 65 videos
Number of videos in the directory : 65
Number of videos in the dataframe : 64
['conv1', 'mbconv1', 'mbconv2', 'mbconv3', 'mbconv4', 'mbconv5', 'mbconv6', 'mbconv7', 'conv2', 'pool', 'output']
{'conv1': {'T_max': 448.07057094573975, 'T_min': 278.996922403574, 'tau': 100, 'alpha': 50}, 'mbconv1': {'T_max': 1141.3850047588348, 'T_min': 812.3603581190109, 'tau': 100, 'alpha': 50}, 'mbconv2': {'T_max': 953.6717767715454, 'T_min': 642.3899536132812, 'tau': 100, 'alpha': 50}, 'mbconv3': {'T_max': 513.2992756962776, 'T_min': 322.42850029468536, 'tau': 100, 'alpha': 50}, 'mbconv4': {'T_max': 258.70095932483673, 'T_min': 155.41686257719994, 'tau': 100, 'alpha': 50}, 'mbconv5': {'T_max': 325.90665873885155, 'T_min': 182.09475773572922, 'tau': 100, 'alpha': 50}, 'mbconv6': {'T_max': 210.1228244304657, 'T_min': 113.37274000048637, 'tau': 100, 'alpha': 50}, 'mbconv7': {'T_max': 136.23850935697556, 'T_min': 72.70513460040092, 'tau': 100, 'alpha': 50}, 'conv2': {'T_max': 128.36026607453823, 'T_min': 69.14668047428131, 'tau': 100, 'alpha': 50}, 'pool': {'T_max': 5.443593147210777, 'T_min': 2.9237937070429325, 'tau': 100, 'alpha': 50}, 'output': {'T_max': 14.12623843550682, 'T_min': 7.4854159746319056, 'tau': 100, 'alpha': 50}}
Iterating over following combinations of layers :  [['conv1'], ['mbconv1'], ['mbconv2'], ['mbconv3'], ['mbconv4'], ['mbconv5'], ['mbconv6'], ['mbconv7'], ['conv2'], ['pool'], ['output'], ['conv1', 'mbconv1'], ['conv1', 'mbconv2'], ['conv1', 'mbconv3'], ['conv1', 'mbconv4'], ['conv1', 'mbconv5'], ['conv1', 'mbconv6'], ['conv1', 'mbconv7'], ['conv1', 'conv2'], ['conv1', 'pool'], ['conv1', 'output'], ['mbconv1', 'mbconv2'], ['mbconv1', 'mbconv3'], ['mbconv1', 'mbconv4'], ['mbconv1', 'mbconv5'], ['mbconv1', 'mbconv6'], ['mbconv1', 'mbconv7'], ['mbconv1', 'conv2'], ['mbconv1', 'pool'], ['mbconv1', 'output'], ['mbconv2', 'mbconv3'], ['mbconv2', 'mbconv4'], ['mbconv2', 'mbconv5'], ['mbconv2', 'mbconv6'], ['mbconv2', 'mbconv7'], ['mbconv2', 'conv2'], ['mbconv2', 'pool'], ['mbconv2', 'output'], ['mbconv3', 'mbconv4'], ['mbconv3', 'mbconv5'], ['mbconv3', 'mbconv6'], ['mbconv3', 'mbconv7'], ['mbconv3', 'conv2'], ['mbconv3', 'pool'], ['mbconv3', 'output'], ['mbconv4', 'mbconv5'], ['mbconv4', 'mbconv6'], ['mbconv4', 'mbconv7'], ['mbconv4', 'conv2'], ['mbconv4', 'pool'], ['mbconv4', 'output'], ['mbconv5', 'mbconv6'], ['mbconv5', 'mbconv7'], ['mbconv5', 'conv2'], ['mbconv5', 'pool'], ['mbconv5', 'output'], ['mbconv6', 'mbconv7'], ['mbconv6', 'conv2'], ['mbconv6', 'pool'], ['mbconv6', 'output'], ['mbconv7', 'conv2'], ['mbconv7', 'pool'], ['mbconv7', 'output'], ['conv2', 'pool'], ['conv2', 'output'], ['pool', 'output']]
[['mbconv3', 'mbconv6']]
Generating the training set for videos : 
TRAINING SET : contains 962 samples, 37 patients based on 56 videos
TEST SET : contains 127 samples, 37 patients based on 8 videos
Dataset constituted.
--------------------NAIVE IMPLEMENTATION-------------------
Number of folds : 53
Grid search.
The best parameters are : {'C': 100.0}
Metrics obtained during CV : 
{'r2': array([-1.00991366e-02, -1.00401953e-01, -7.76813523e-02, -2.39345231e-01,
       -2.62059246e-01, -2.70146846e-02, -2.10404654e-02, -8.05091964e-02,
       -6.14920572e-01, -7.06023973e-03, -8.49425716e-02, -5.87415622e-01,
       -4.89527196e-01, -2.49386562e-01, -1.63995017e-02, -8.19482626e-02,
       -3.83623359e-03, -6.88441369e-01, -1.77776073e-01, -8.98955319e-02,
       -6.12607861e-02, -9.47336555e-01, -3.51703818e-02, -5.08985484e-01,
       -6.47851875e-02, -8.32244368e-02, -2.32557679e-05, -8.12367564e-02,
       -1.71472897e-01, -1.29712327e-01, -5.08508687e-01, -3.60461481e-01,
       -5.59589080e-01, -5.11810425e-03, -7.27332546e-01, -3.63340554e-01,
       -1.19130238e-01, -1.86065837e-03, -5.06646985e-02, -4.26774645e-03,
       -1.73956365e-04, -3.26220213e-01, -5.03010789e-01, -2.46410492e-02,
       -1.58042843e-02, -3.03836744e-02, -2.05021521e-01, -3.27578666e-02,
       -1.57349566e-01, -6.85595288e-01, -9.78123753e-02, -3.71693448e-01,
       -2.34843344e-04]), 'neg_mean_absolute_error': array([ -6.72691181, -11.43030049,  -9.1867098 , -10.93914723,
       -11.57794916,  -5.67283387,  -8.17225824,  -6.11050989,
        -8.98081987,  -7.36923016,  -7.74402719, -13.8708334 ,
       -15.40260186, -13.95873185,  -6.68897192,  -7.53878319,
       -13.39454557,  -6.00029617,  -8.40014511,  -9.52688889,
        -9.17311111, -15.24602838,  -8.2433342 , -11.897142  ,
        -8.51126017,  -9.51573543,  -8.81253957, -15.06666667,
       -10.48122222, -10.25894444, -13.36268753, -11.91700832,
       -13.03340752,  -8.4268935 , -13.01531913, -13.77742386,
        -9.44361111,  -6.90340231,  -6.34181564,  -7.14923842,
        -7.02771523, -12.74100277, -13.59969868,  -8.54797524,
       -19.74425933,  -7.90691655,  -9.69009969,  -5.17378087,
        -8.7964169 , -17.69791103,  -8.31574527, -14.64116641,
       -11.18275267]), 'neg_mean_squared_error': array([-112.65368147, -210.02541797, -102.37599334, -218.15740773,
       -161.50663566,  -47.39626135, -130.14770883, -100.34942858,
       -105.3750903 ,  -78.28625965, -101.07573373, -327.38848693,
       -449.7429287 , -318.51048107,  -74.08391086,  -88.42759791,
       -251.2305186 ,  -47.56065239, -112.75522291, -201.30938903,
       -153.45814329, -422.29917724, -112.23723133, -295.09337573,
       -121.18456868, -261.936111  , -139.00611984, -421.34987103,
       -220.69108597, -165.25282147, -295.8945109 , -251.96779046,
       -338.80483376, -116.68788765, -245.32404596, -258.85497461,
       -183.80406837,  -74.39888757,  -67.11121064, -107.8630583 ,
        -80.56914309, -301.34714272, -368.14265178, -159.07452616,
       -597.86491749, -105.60171188, -158.27776349,  -45.01992063,
       -204.4711389 , -524.07430031, -130.50251012, -415.78560686,
       -233.44947092]), 'max_error': array([-38.05223938, -35.29623641, -15.0218318 , -36.8772658 ,
       -19.43986201, -14.77859378, -30.02203112, -35.21368783,
       -17.80873084, -19.66120901, -24.81050556, -34.32580315,
       -63.45334791, -39.70578105, -22.28610669, -15.58529356,
       -32.25863426, -10.57040302, -26.61369404, -45.59548857,
       -33.57462298, -49.6703759 , -23.00149223, -50.80987967,
       -30.5412317 , -47.56288112, -30.10914388, -55.24482033,
       -35.18049557, -31.47787686, -37.92992194, -38.8963583 ,
       -48.79204192, -25.3733917 , -29.95062405, -30.44933705,
       -39.65915222, -23.66343961, -17.82216482, -32.94864579,
       -20.77976573, -50.83617496, -49.70125762, -40.13427716,
       -60.58966606, -25.36758127, -33.11369474, -17.93127487,
       -49.80608724, -47.90249861, -36.12166966, -46.54491562,
       -48.43199288]), 'explained_variance': array([-2.22044605e-16,  0.00000000e+00,  1.11022302e-16,  1.11022302e-16,
        0.00000000e+00,  0.00000000e+00,  0.00000000e+00, -2.22044605e-16,
        0.00000000e+00,  3.33066907e-16,  1.11022302e-16,  0.00000000e+00,
        0.00000000e+00,  0.00000000e+00,  2.22044605e-16,  0.00000000e+00,
        2.22044605e-16,  0.00000000e+00,  0.00000000e+00, -2.22044605e-16,
        2.22044605e-16,  0.00000000e+00, -2.22044605e-16, -2.22044605e-16,
        0.00000000e+00,  0.00000000e+00,  0.00000000e+00,  1.11022302e-16,
        0.00000000e+00, -2.22044605e-16,  1.11022302e-16,  0.00000000e+00,
        0.00000000e+00,  0.00000000e+00,  0.00000000e+00,  3.33066907e-16,
        0.00000000e+00,  0.00000000e+00,  0.00000000e+00,  2.22044605e-16,
        0.00000000e+00,  1.11022302e-16,  0.00000000e+00,  0.00000000e+00,
       -4.44089210e-16, -2.22044605e-16,  0.00000000e+00,  0.00000000e+00,
        0.00000000e+00,  0.00000000e+00,  0.00000000e+00, -2.22044605e-16,
        0.00000000e+00])}
         accs  y_pred (s)  y_true (s)
54    [11, 4]   29.035375      19.499
4    [45, 37]   23.507793      26.335
3    [45, 37]   23.507793      27.642
11   [45, 37]   23.507793      18.893
27   [29, 24]   13.850919      65.978
29   [29, 24]   13.850919      45.143
64    [11, 4]   29.035375      30.560
77   [15, 14]   16.041845      12.834
124  [26, 23]   15.772403      45.263
71    [11, 4]   29.035375       9.629
25   [29, 24]   13.850919      19.467
91     [3, 4]   15.766978      14.879
83   [15, 14]   16.041845      24.338
89   [15, 14]   16.041845      11.455
69    [11, 4]   29.035375       9.069
{'mse': 336.38558818055435, 'mae': 12.782371035024376, 'r2-score': -0.37586157520837093, 'max-error': 65.37644205733055, 'explained variance score': -0.17857491640055434, 'layers': ['mbconv3', 'mbconv6']}
