environment: line 5: __conda_exe: command not found
Using device: cuda
Using model: efficientnetB0
Number of videos: 64
Execution type : naive
Using 2 features
Job ID : 61
Plotting ?  yes
Calculate accumulators ?  no
The directory contains : 65 videos
Number of videos in the directory : 65
Number of videos in the dataframe : 64
['conv1', 'mbconv1', 'mbconv2', 'mbconv3', 'mbconv4', 'mbconv5', 'mbconv6', 'mbconv7', 'conv2', 'pool', 'output']
{'conv1': {'T_max': 448.07057094573975, 'T_min': 278.996922403574, 'tau': 100, 'alpha': 50}, 'mbconv1': {'T_max': 1141.3850047588348, 'T_min': 812.3603581190109, 'tau': 100, 'alpha': 50}, 'mbconv2': {'T_max': 953.6717767715454, 'T_min': 642.3899536132812, 'tau': 100, 'alpha': 50}, 'mbconv3': {'T_max': 513.2992756962776, 'T_min': 322.42850029468536, 'tau': 100, 'alpha': 50}, 'mbconv4': {'T_max': 258.70095932483673, 'T_min': 155.41686257719994, 'tau': 100, 'alpha': 50}, 'mbconv5': {'T_max': 325.90665873885155, 'T_min': 182.09475773572922, 'tau': 100, 'alpha': 50}, 'mbconv6': {'T_max': 210.1228244304657, 'T_min': 113.37274000048637, 'tau': 100, 'alpha': 50}, 'mbconv7': {'T_max': 136.23850935697556, 'T_min': 72.70513460040092, 'tau': 100, 'alpha': 50}, 'conv2': {'T_max': 128.36026607453823, 'T_min': 69.14668047428131, 'tau': 100, 'alpha': 50}, 'pool': {'T_max': 5.443593147210777, 'T_min': 2.9237937070429325, 'tau': 100, 'alpha': 50}, 'output': {'T_max': 14.12623843550682, 'T_min': 7.4854159746319056, 'tau': 100, 'alpha': 50}}
Iterating over following combinations of layers :  [['conv1'], ['mbconv1'], ['mbconv2'], ['mbconv3'], ['mbconv4'], ['mbconv5'], ['mbconv6'], ['mbconv7'], ['conv2'], ['pool'], ['output'], ['conv1', 'mbconv1'], ['conv1', 'mbconv2'], ['conv1', 'mbconv3'], ['conv1', 'mbconv4'], ['conv1', 'mbconv5'], ['conv1', 'mbconv6'], ['conv1', 'mbconv7'], ['conv1', 'conv2'], ['conv1', 'pool'], ['conv1', 'output'], ['mbconv1', 'mbconv2'], ['mbconv1', 'mbconv3'], ['mbconv1', 'mbconv4'], ['mbconv1', 'mbconv5'], ['mbconv1', 'mbconv6'], ['mbconv1', 'mbconv7'], ['mbconv1', 'conv2'], ['mbconv1', 'pool'], ['mbconv1', 'output'], ['mbconv2', 'mbconv3'], ['mbconv2', 'mbconv4'], ['mbconv2', 'mbconv5'], ['mbconv2', 'mbconv6'], ['mbconv2', 'mbconv7'], ['mbconv2', 'conv2'], ['mbconv2', 'pool'], ['mbconv2', 'output'], ['mbconv3', 'mbconv4'], ['mbconv3', 'mbconv5'], ['mbconv3', 'mbconv6'], ['mbconv3', 'mbconv7'], ['mbconv3', 'conv2'], ['mbconv3', 'pool'], ['mbconv3', 'output'], ['mbconv4', 'mbconv5'], ['mbconv4', 'mbconv6'], ['mbconv4', 'mbconv7'], ['mbconv4', 'conv2'], ['mbconv4', 'pool'], ['mbconv4', 'output'], ['mbconv5', 'mbconv6'], ['mbconv5', 'mbconv7'], ['mbconv5', 'conv2'], ['mbconv5', 'pool'], ['mbconv5', 'output'], ['mbconv6', 'mbconv7'], ['mbconv6', 'conv2'], ['mbconv6', 'pool'], ['mbconv6', 'output'], ['mbconv7', 'conv2'], ['mbconv7', 'pool'], ['mbconv7', 'output'], ['conv2', 'pool'], ['conv2', 'output'], ['pool', 'output']]
[['mbconv7', 'pool']]
Generating the training set for videos : 
TRAINING SET : contains 962 samples, 37 patients based on 56 videos
TEST SET : contains 127 samples, 37 patients based on 8 videos
Dataset constituted.
--------------------NAIVE IMPLEMENTATION-------------------
Number of folds : 53
Grid search.
The best parameters are : {'C': 10.0}
Metrics obtained during CV : 
{'r2': array([-9.65344994e-02, -1.08301204e-02, -8.91186127e-03, -1.66140038e-02,
       -6.82250340e-02, -1.86862009e-02, -1.10058736e-03, -3.42498470e-02,
       -7.17647696e-03, -2.32555872e-02, -2.15337284e-01, -4.66044778e-01,
       -4.20769988e-01, -1.58960189e-02, -8.48163032e-02, -5.45515618e-04,
       -1.02350350e-01, -1.45697784e+00, -1.78060202e-01, -1.28389963e-01,
       -1.39655381e-01, -9.37537121e-01, -6.01405985e-02, -3.38526468e-01,
       -3.58316656e-02, -1.04343330e-01, -5.88032703e-03, -3.13050631e-01,
       -3.08282647e-01, -1.04875804e-01, -2.47863493e-01, -6.70352460e-02,
       -3.76604772e-01, -1.63730542e-02, -4.43981733e-01, -9.07749483e-03,
       -1.44531835e-02, -5.86859007e-02, -2.74283181e-02, -2.62879717e-02,
       -5.68288787e-04, -3.50848831e-02, -6.71768041e-01, -1.46301946e-01,
       -2.91263228e-01, -2.27405606e-02, -2.48383612e-01, -1.38936104e-01,
       -2.49863576e-01, -9.53632261e-01, -2.38816894e-02, -1.22938160e-01,
       -4.44046992e-03]), 'neg_mean_absolute_error': array([ -8.0258959 , -11.12645196,  -8.58147954, -11.37174157,
       -10.53302379,  -5.60359618,  -8.46675848,  -6.07164417,
        -6.78022957,  -7.69850321,  -8.01310708, -13.38057253,
       -15.07614604, -13.03843828,  -7.17472571,  -7.65229463,
       -14.70071272,  -7.34976722,  -8.39977895,  -9.60397762,
        -9.17311111, -15.19647826,  -8.28653159, -11.10034089,
        -8.14419182,  -9.45606427,  -8.90667689, -16.0762443 ,
       -10.60145331, -10.25894444, -12.19603773, -10.69458013,
       -12.15315472,  -8.76459773, -12.27438006, -10.76887003,
        -9.44361111,  -6.7050202 ,  -6.13950473,  -7.26071377,
        -7.17542018, -11.64372222, -14.55943715,  -8.96790977,
       -20.78514992,  -7.89291653,  -9.84136266,  -5.74564139,
        -9.2175715 , -19.21136398,  -8.21427525, -14.06980372,
       -10.8887862 ]), 'neg_mean_squared_error': array([-122.29358856, -192.92951811,  -95.84313004, -178.95084456,
       -136.70153114,  -47.01190561, -127.60605692,  -96.05321408,
        -65.71921496,  -79.54524409, -113.22360369, -302.35697237,
       -428.98260401, -258.9859212 ,  -79.070714  ,  -81.77455393,
       -275.88568824,  -69.20907722, -112.78242418, -208.41951126,
       -164.79398946, -420.17407311, -114.94460013, -261.75884273,
       -117.88933119, -267.04290189, -139.82026966, -511.68600293,
       -246.46436023, -161.61976778, -244.7688642 , -197.62302493,
       -299.05335771, -117.99451652, -205.0812056 , -191.59169624,
       -166.61208491,  -78.61877063,  -65.62698678, -110.2281336 ,
        -80.60090859, -235.19462972, -409.4775129 , -177.96226204,
       -759.98988697, -104.81838628, -163.97330884,  -49.64843617,
       -220.81576421, -607.41060887, -121.71399552, -340.38328691,
       -234.4310417 ]), 'max_error': array([-35.83233186, -32.35641275, -16.72157773, -28.67630342,
       -21.70036399, -14.96652466, -28.75891777, -34.26276078,
       -17.86932763, -17.57581302, -26.47640692, -33.12298257,
       -62.56725355, -33.7453274 , -20.89303021, -17.10153267,
       -26.73936311, -12.57303847, -26.61698947, -46.39039929,
       -35.09212307, -49.59605073, -23.60228434, -48.96953403,
       -31.23719341, -48.09992159, -29.26190795, -60.66339955,
       -37.11769325, -31.03871524, -34.9154198 , -34.24922116,
       -46.81147312, -24.76552408, -27.72780685, -37.44233487,
       -36.7765366 , -25.37931818, -18.29748582, -33.95192395,
       -20.4474296 , -45.05009773, -51.42878687, -42.9442293 ,
       -70.63278309, -25.12958097, -33.63616646, -14.27529949,
       -51.17767365, -50.52156252, -34.39667931, -42.03492977,
       -49.21590347]), 'explained_variance': array([-2.22044605e-16,  1.11022302e-16,  1.11022302e-16,  1.11022302e-16,
        0.00000000e+00,  0.00000000e+00,  0.00000000e+00,  0.00000000e+00,
        0.00000000e+00,  3.33066907e-16,  0.00000000e+00,  1.11022302e-16,
        0.00000000e+00,  0.00000000e+00,  2.22044605e-16,  0.00000000e+00,
        0.00000000e+00,  0.00000000e+00, -2.22044605e-16,  0.00000000e+00,
        2.22044605e-16,  0.00000000e+00, -2.22044605e-16, -2.22044605e-16,
        0.00000000e+00,  0.00000000e+00,  0.00000000e+00,  1.11022302e-16,
        0.00000000e+00,  0.00000000e+00, -2.22044605e-16, -2.22044605e-16,
        1.11022302e-16,  0.00000000e+00,  0.00000000e+00,  3.33066907e-16,
        0.00000000e+00,  0.00000000e+00,  0.00000000e+00,  2.22044605e-16,
        0.00000000e+00,  0.00000000e+00, -2.22044605e-16,  0.00000000e+00,
       -2.22044605e-16, -2.22044605e-16, -2.22044605e-16,  0.00000000e+00,
       -2.22044605e-16, -4.44089210e-16,  1.11022302e-16,  0.00000000e+00,
       -2.22044605e-16])}
         accs  y_pred (s)  y_true (s)
54     [2, 2]   14.530647      19.499
4    [34, 28]   28.600503      26.335
3    [34, 28]   28.600503      27.642
11   [34, 28]   28.600503      18.893
27   [22, 20]   16.193631      65.978
29   [22, 20]   16.193631      45.143
64     [2, 2]   14.530647      30.560
77   [11, 10]   17.242737      12.834
124  [21, 20]   16.395537      45.263
71     [2, 2]   14.530647       9.629
25   [22, 20]   16.193631      19.467
91     [3, 5]   14.265882      14.879
83   [11, 10]   17.242737      24.338
89   [11, 10]   17.242737      11.455
69     [2, 2]   14.530647       9.069
{'mse': 292.62119545781803, 'mae': 11.726994032689374, 'r2-score': -0.19685941689586284, 'max-error': 63.9781851865149, 'explained variance score': 0.04477829530858446, 'layers': ['mbconv7', 'pool']}
