environment: line 5: __conda_exe: command not found
Using device: cuda
Using model: efficientnetB0
Number of videos: 64
Execution type : naive
Using 2 features
Job ID : 0
Plotting ?  yes
Calculate accumulators ?  no
The directory contains : 65 videos
Number of videos in the directory : 65
Number of videos in the dataframe : 64
['conv1', 'mbconv1', 'mbconv2', 'mbconv3', 'mbconv4', 'mbconv5', 'mbconv6', 'mbconv7', 'conv2', 'pool', 'output']
{'conv1': {'T_max': 448.07057094573975, 'T_min': 278.996922403574, 'tau': 100, 'alpha': 50}, 'mbconv1': {'T_max': 1141.3850047588348, 'T_min': 812.3603581190109, 'tau': 100, 'alpha': 50}, 'mbconv2': {'T_max': 953.6717767715454, 'T_min': 642.3899536132812, 'tau': 100, 'alpha': 50}, 'mbconv3': {'T_max': 513.2992756962776, 'T_min': 322.42850029468536, 'tau': 100, 'alpha': 50}, 'mbconv4': {'T_max': 258.70095932483673, 'T_min': 155.41686257719994, 'tau': 100, 'alpha': 50}, 'mbconv5': {'T_max': 325.90665873885155, 'T_min': 182.09475773572922, 'tau': 100, 'alpha': 50}, 'mbconv6': {'T_max': 210.1228244304657, 'T_min': 113.37274000048637, 'tau': 100, 'alpha': 50}, 'mbconv7': {'T_max': 136.23850935697556, 'T_min': 72.70513460040092, 'tau': 100, 'alpha': 50}, 'conv2': {'T_max': 128.36026607453823, 'T_min': 69.14668047428131, 'tau': 100, 'alpha': 50}, 'pool': {'T_max': 5.443593147210777, 'T_min': 2.9237937070429325, 'tau': 100, 'alpha': 50}, 'output': {'T_max': 14.12623843550682, 'T_min': 7.4854159746319056, 'tau': 100, 'alpha': 50}}
Iterating over following combinations of layers :  [['conv1'], ['mbconv1'], ['mbconv2'], ['mbconv3'], ['mbconv4'], ['mbconv5'], ['mbconv6'], ['mbconv7'], ['conv2'], ['pool'], ['output'], ['conv1', 'mbconv1'], ['conv1', 'mbconv2'], ['conv1', 'mbconv3'], ['conv1', 'mbconv4'], ['conv1', 'mbconv5'], ['conv1', 'mbconv6'], ['conv1', 'mbconv7'], ['conv1', 'conv2'], ['conv1', 'pool'], ['conv1', 'output'], ['mbconv1', 'mbconv2'], ['mbconv1', 'mbconv3'], ['mbconv1', 'mbconv4'], ['mbconv1', 'mbconv5'], ['mbconv1', 'mbconv6'], ['mbconv1', 'mbconv7'], ['mbconv1', 'conv2'], ['mbconv1', 'pool'], ['mbconv1', 'output'], ['mbconv2', 'mbconv3'], ['mbconv2', 'mbconv4'], ['mbconv2', 'mbconv5'], ['mbconv2', 'mbconv6'], ['mbconv2', 'mbconv7'], ['mbconv2', 'conv2'], ['mbconv2', 'pool'], ['mbconv2', 'output'], ['mbconv3', 'mbconv4'], ['mbconv3', 'mbconv5'], ['mbconv3', 'mbconv6'], ['mbconv3', 'mbconv7'], ['mbconv3', 'conv2'], ['mbconv3', 'pool'], ['mbconv3', 'output'], ['mbconv4', 'mbconv5'], ['mbconv4', 'mbconv6'], ['mbconv4', 'mbconv7'], ['mbconv4', 'conv2'], ['mbconv4', 'pool'], ['mbconv4', 'output'], ['mbconv5', 'mbconv6'], ['mbconv5', 'mbconv7'], ['mbconv5', 'conv2'], ['mbconv5', 'pool'], ['mbconv5', 'output'], ['mbconv6', 'mbconv7'], ['mbconv6', 'conv2'], ['mbconv6', 'pool'], ['mbconv6', 'output'], ['mbconv7', 'conv2'], ['mbconv7', 'pool'], ['mbconv7', 'output'], ['conv2', 'pool'], ['conv2', 'output'], ['pool', 'output']]
[['conv1']]
Generating the training set for videos : 
TRAINING SET : contains 962 samples, 37 patients based on 56 videos
TEST SET : contains 127 samples, 37 patients based on 8 videos
Dataset constituted.
--------------------NAIVE IMPLEMENTATION-------------------
Number of folds : 53
Grid search.
The best parameters are : {'C': 10000.0}
Metrics obtained during CV : 
{'r2': array([-3.45643679e-01, -3.67178164e-03, -1.23679922e-02, -2.75838887e-01,
       -2.70687825e-01, -1.84050950e-02, -3.61061935e-02, -2.27135097e-01,
       -2.94282741e-01, -6.70087466e-03, -1.46781602e-01, -3.27860834e-01,
       -1.06905548e-01, -3.15532452e-02, -1.14979654e-01, -3.77828095e-03,
       -3.79173738e-01, -3.53965158e-02, -5.26003408e-02, -2.64095255e-02,
       -9.64746682e-02, -2.14436257e-01, -5.51847957e-02, -3.79946070e-01,
       -1.91793747e-02, -1.88242233e-01, -1.84428275e-01, -7.34301648e-01,
       -1.33573518e-01, -6.62668398e-02, -6.56377595e-02, -3.01542774e-01,
       -1.19262870e-01, -3.95683234e-03, -3.16294977e-01, -2.89924183e-01,
       -1.34275123e-01, -3.08827843e-03, -8.74055169e-01, -2.64403114e-02,
       -4.53304222e-02, -6.65768677e-01, -2.40453995e-01, -2.66965432e-05,
       -6.20499399e-01, -3.16873106e-02, -3.84501173e-01, -4.63679422e-01,
       -2.75364190e-01, -1.93584814e-01, -1.38434090e-03, -6.55995942e-01,
       -6.43171196e-02]), 'neg_mean_absolute_error': array([-10.33713334, -11.20271179,  -8.62459247, -11.01450891,
        -9.65777459,  -5.13183051,  -9.38059825,  -6.31866993,
        -8.05603296,  -7.60016394,  -7.88373588, -12.79813063,
       -13.41503551, -13.88539444,  -7.32524545,  -7.77337593,
       -13.89266951,  -4.73728078,  -8.60919271,  -9.52688889,
        -9.17311111, -12.65055673,  -9.31173341, -11.22808802,
        -7.90331288,  -9.62574895,  -9.34895781, -18.50182532,
       -10.48122222, -10.25894444, -11.62848656, -11.68449532,
       -10.97232691,  -8.37518959, -11.88463719, -11.18790836,
        -9.44361111,  -7.09242667, -10.10533161,  -7.26125396,
        -6.59357729, -14.38189412, -11.85869754,  -8.7067997 ,
       -22.79091031,  -8.01081117, -10.41568323,  -6.76083165,
        -9.35378582, -15.59462185,  -8.12011175, -15.88143506,
       -10.07442167]), 'neg_mean_squared_error': array([-150.07607563, -191.56326   ,  -96.1714505 , -224.58125264,
       -162.61084117,  -46.9989327 , -132.06807345, -113.9669206 ,
        -84.45316947,  -78.25832354, -106.83679935, -273.8579256 ,
       -334.21541015, -262.97747259,  -81.26927768,  -82.03876774,
       -345.16639442,  -29.165439  , -100.77143589, -189.58319254,
       -158.55006512, -263.36250442, -114.40727255, -269.85875514,
       -115.9941126 , -287.33062035, -164.63894991, -675.84437103,
       -213.55130917, -155.97209975, -209.02522231, -241.05559881,
       -243.14845191, -116.55307129, -186.94652056, -244.91554261,
       -186.29143871,  -74.49005152, -119.70527929, -110.2444956 ,
        -84.20672807, -378.50021159, -303.83283109, -155.25317185,
       -953.76614823, -105.73531863, -181.85214558,  -63.80462791,
       -225.32100603, -371.10161061, -119.0396219 , -501.96294136,
       -248.40593198]), 'max_error': array([-32.90476443, -31.75582533, -16.55774861, -37.35455641,
       -30.54074343, -16.81677971, -26.23907037, -37.07214573,
       -15.85640293, -18.19862839, -25.69532722, -31.54206884,
       -56.9772249 , -28.89607222, -20.48447665, -17.86838088,
       -41.02024581, -12.33773304, -24.73226561, -43.72928096,
       -34.33333292, -42.15650529, -18.60263312, -49.45293073,
       -31.77917101, -49.82362028, -35.22920676, -66.53435698,
       -34.51322302, -30.23537109, -31.53087908, -38.19881929,
       -42.85644223, -25.46645874, -26.48936737, -46.1745584 ,
       -39.93190833, -22.81283   , -19.22285492, -33.95678566,
       -22.57230439, -54.52610942, -46.27581946, -38.24276755,
       -76.65006426, -21.80084201, -35.03094498, -12.923558  ,
       -51.50847984, -41.06057143, -32.30610031, -50.03166015,
       -52.07231331]), 'explained_variance': array([-2.22044605e-16,  0.00000000e+00,  1.11022302e-16,  1.11022302e-16,
        0.00000000e+00,  0.00000000e+00,  0.00000000e+00, -2.22044605e-16,
        0.00000000e+00,  3.33066907e-16,  1.11022302e-16,  0.00000000e+00,
        0.00000000e+00,  0.00000000e+00,  2.22044605e-16,  0.00000000e+00,
        0.00000000e+00,  0.00000000e+00,  0.00000000e+00,  0.00000000e+00,
        0.00000000e+00, -2.22044605e-16, -2.22044605e-16, -2.22044605e-16,
        0.00000000e+00,  0.00000000e+00,  0.00000000e+00,  0.00000000e+00,
        0.00000000e+00, -2.22044605e-16,  0.00000000e+00, -2.22044605e-16,
        1.11022302e-16,  0.00000000e+00,  0.00000000e+00,  3.33066907e-16,
        0.00000000e+00,  0.00000000e+00, -2.22044605e-16,  2.22044605e-16,
        0.00000000e+00,  0.00000000e+00, -2.22044605e-16,  0.00000000e+00,
        0.00000000e+00, -2.22044605e-16,  0.00000000e+00,  0.00000000e+00,
        0.00000000e+00, -2.22044605e-16,  0.00000000e+00, -2.22044605e-16,
       -2.22044605e-16])}
     accs  y_pred (s)  y_true (s)
54    [2]   12.218687      19.499
4    [32]   25.040418      26.335
3    [32]   25.040418      27.642
11   [32]   25.040418      18.893
27   [31]   21.344885      65.978
29   [31]   21.344885      45.143
64    [2]   12.218687      30.560
77   [17]   17.674550      12.834
124  [25]   22.330503      45.263
71    [2]   12.218687       9.629
25   [31]   21.344885      19.467
91   [16]   18.875026      14.879
83   [17]   17.674550      24.338
89   [17]   17.674550      11.455
69    [2]   12.218687       9.069
{'mse': 257.8034525102451, 'mae': 11.05575267990049, 'r2-score': -0.054450240224075186, 'max-error': 65.33463376683436, 'explained variance score': 0.11153356507583789, 'layers': ['conv1']}
