environment: line 5: __conda_exe: command not found
Using device: cuda
Using model: efficientnetB0
Number of videos: 64
Execution type : naive
Using 2 features
Job ID : 3
Plotting ?  yes
Calculate accumulators ?  no
The directory contains : 65 videos
Number of videos in the directory : 65
Number of videos in the dataframe : 64
['conv1', 'mbconv1', 'mbconv2', 'mbconv3', 'mbconv4', 'mbconv5', 'mbconv6', 'mbconv7', 'conv2', 'pool', 'output']
{'conv1': {'T_max': 448.07057094573975, 'T_min': 278.996922403574, 'tau': 100, 'alpha': 50}, 'mbconv1': {'T_max': 1141.3850047588348, 'T_min': 812.3603581190109, 'tau': 100, 'alpha': 50}, 'mbconv2': {'T_max': 953.6717767715454, 'T_min': 642.3899536132812, 'tau': 100, 'alpha': 50}, 'mbconv3': {'T_max': 513.2992756962776, 'T_min': 322.42850029468536, 'tau': 100, 'alpha': 50}, 'mbconv4': {'T_max': 258.70095932483673, 'T_min': 155.41686257719994, 'tau': 100, 'alpha': 50}, 'mbconv5': {'T_max': 325.90665873885155, 'T_min': 182.09475773572922, 'tau': 100, 'alpha': 50}, 'mbconv6': {'T_max': 210.1228244304657, 'T_min': 113.37274000048637, 'tau': 100, 'alpha': 50}, 'mbconv7': {'T_max': 136.23850935697556, 'T_min': 72.70513460040092, 'tau': 100, 'alpha': 50}, 'conv2': {'T_max': 128.36026607453823, 'T_min': 69.14668047428131, 'tau': 100, 'alpha': 50}, 'pool': {'T_max': 5.443593147210777, 'T_min': 2.9237937070429325, 'tau': 100, 'alpha': 50}, 'output': {'T_max': 14.12623843550682, 'T_min': 7.4854159746319056, 'tau': 100, 'alpha': 50}}
Iterating over following combinations of layers :  [['conv1'], ['mbconv1'], ['mbconv2'], ['mbconv3'], ['mbconv4'], ['mbconv5'], ['mbconv6'], ['mbconv7'], ['conv2'], ['pool'], ['output'], ['conv1', 'mbconv1'], ['conv1', 'mbconv2'], ['conv1', 'mbconv3'], ['conv1', 'mbconv4'], ['conv1', 'mbconv5'], ['conv1', 'mbconv6'], ['conv1', 'mbconv7'], ['conv1', 'conv2'], ['conv1', 'pool'], ['conv1', 'output'], ['mbconv1', 'mbconv2'], ['mbconv1', 'mbconv3'], ['mbconv1', 'mbconv4'], ['mbconv1', 'mbconv5'], ['mbconv1', 'mbconv6'], ['mbconv1', 'mbconv7'], ['mbconv1', 'conv2'], ['mbconv1', 'pool'], ['mbconv1', 'output'], ['mbconv2', 'mbconv3'], ['mbconv2', 'mbconv4'], ['mbconv2', 'mbconv5'], ['mbconv2', 'mbconv6'], ['mbconv2', 'mbconv7'], ['mbconv2', 'conv2'], ['mbconv2', 'pool'], ['mbconv2', 'output'], ['mbconv3', 'mbconv4'], ['mbconv3', 'mbconv5'], ['mbconv3', 'mbconv6'], ['mbconv3', 'mbconv7'], ['mbconv3', 'conv2'], ['mbconv3', 'pool'], ['mbconv3', 'output'], ['mbconv4', 'mbconv5'], ['mbconv4', 'mbconv6'], ['mbconv4', 'mbconv7'], ['mbconv4', 'conv2'], ['mbconv4', 'pool'], ['mbconv4', 'output'], ['mbconv5', 'mbconv6'], ['mbconv5', 'mbconv7'], ['mbconv5', 'conv2'], ['mbconv5', 'pool'], ['mbconv5', 'output'], ['mbconv6', 'mbconv7'], ['mbconv6', 'conv2'], ['mbconv6', 'pool'], ['mbconv6', 'output'], ['mbconv7', 'conv2'], ['mbconv7', 'pool'], ['mbconv7', 'output'], ['conv2', 'pool'], ['conv2', 'output'], ['pool', 'output']]
[['mbconv3']]
Generating the training set for videos : 
TRAINING SET : contains 962 samples, 37 patients based on 56 videos
TEST SET : contains 127 samples, 37 patients based on 8 videos
Dataset constituted.
--------------------NAIVE IMPLEMENTATION-------------------
Number of folds : 53
Grid search.
The best parameters are : {'C': 10.0}
Metrics obtained during CV : 
{'r2': array([-3.73988072e-01, -2.04757261e-01, -9.83984760e-03, -1.00871661e-01,
       -2.85254749e-02, -8.80470362e-02, -6.08061275e-02, -2.65565383e-02,
       -2.07894694e-01, -3.80438219e-02, -1.20332354e-01, -4.17783636e-01,
       -5.19428414e-01, -1.43229708e-01, -1.80608844e-01, -2.08697667e-01,
       -3.99944733e-04, -1.27949816e+00, -5.78397370e-04, -1.87923156e-01,
       -6.88832025e-02, -8.00046690e-01, -2.02005319e-02, -2.39121646e-01,
       -2.45391703e-02, -6.62714150e-02, -2.98551222e-02, -5.23608528e-01,
       -1.92167699e-01, -1.26528217e-05, -3.55742097e-01, -6.22846349e-01,
       -6.32981157e-01, -3.37382579e-02, -4.04490389e-01, -5.78921620e-01,
       -4.00067299e-02, -4.51967311e-02, -1.19124241e-01, -3.04495950e-02,
       -5.07621579e-03, -4.68029465e-01, -5.62688491e-01, -7.56342218e-02,
       -4.49595139e-01, -4.10384008e-02, -1.25839029e-01, -1.53592044e-01,
       -2.23536779e-01, -7.42134340e-01, -1.89822445e-03, -1.74046048e-01,
       -6.75990319e-02]), 'neg_mean_absolute_error': array([-10.53415303, -11.72617715,  -8.59377401, -10.90083073,
        -9.1293807 ,  -6.09776387,  -7.99125637,  -6.09056885,
        -7.72496511,  -7.75773933,  -7.82851898, -13.18844417,
       -15.53737022, -13.4506181 ,  -7.64940069,  -8.02562062,
       -13.48030328,  -7.03172475,  -8.88467701,  -9.83104863,
        -9.17311111, -14.53171521,  -8.30401962, -10.85570971,
        -7.98941843,  -9.56939103,  -9.03257135, -17.33224967,
       -10.48122222, -10.25894444, -12.63654491, -13.11413983,
       -13.34485533,  -9.09814908, -12.15391901, -12.54389235,
        -9.44361111,  -6.73341619,  -6.78385643,  -7.27494932,
        -7.36453374, -13.37464312, -13.95525197,  -8.7113966 ,
       -21.8431463 ,  -7.92375168,  -9.6239948 ,  -5.79774927,
        -9.06943241, -18.01030964,  -8.14310545, -14.21466366,
       -10.05001649]), 'neg_mean_squared_error': array([-153.2372507 , -229.94292829,  -95.93128553, -193.78241184,
       -131.62114981,  -50.21287666, -135.21646955,  -95.33871842,
        -78.81626794,  -80.69484323, -104.37272691, -292.40359795,
       -458.77120372, -291.4475433 ,  -86.05289572,  -98.78682284,
       -250.37051714,  -64.20976263,  -95.79107845, -219.41560251,
       -154.5603435 , -390.35791432, -110.61414152, -242.31948777,
       -116.60411781, -257.8366756 , -143.15283541, -593.73883915,
       -224.58973221, -146.28052511, -265.92929034, -300.56345908,
       -354.74851454, -120.01050741, -199.47245569, -299.78695679,
       -170.8089564 ,  -77.61705526,  -71.48406413, -110.67511143,
        -80.96404524, -333.56940294, -382.75991704, -166.9911666 ,
       -853.17820748, -106.69369089, -147.87726227,  -50.28731703,
       -216.16455909, -541.65305393, -119.10070984, -355.87503114,
       -249.17191278]), 'max_error': array([-32.65520616, -37.17012193, -16.67485878, -34.60021621,
       -26.56576661, -13.87938739, -31.16837629, -34.04973064,
       -15.1574819 , -17.2006509 , -25.34562021, -32.60149131,
       -63.81914773, -37.7749488 , -19.75115409, -17.12731021,
       -30.96241258, -12.17018469, -22.25290694, -47.41221884,
       -33.75435936, -48.50908737, -22.5286617 , -47.67138742,
       -31.58543354, -47.07998076, -28.12885784, -63.90281176,
       -35.51370126, -27.07892308, -36.29610104, -41.46605169,
       -49.49279949, -24.16513166, -27.36642369, -49.2393828 ,
       -37.79915892, -25.12375429, -16.86265842, -34.08004388,
       -20.02192409, -52.53907202, -50.34125355, -41.60506941,
       -73.80677223, -25.65377848, -31.98991159, -14.14875177,
       -50.81790728, -48.49258487, -33.18679264, -43.19380932,
       -52.16993404]), 'explained_variance': array([-2.22044605e-16,  0.00000000e+00,  1.11022302e-16,  0.00000000e+00,
        0.00000000e+00,  0.00000000e+00,  0.00000000e+00,  0.00000000e+00,
        0.00000000e+00,  3.33066907e-16,  3.33066907e-16,  0.00000000e+00,
        0.00000000e+00,  0.00000000e+00,  2.22044605e-16,  0.00000000e+00,
        0.00000000e+00,  0.00000000e+00,  0.00000000e+00,  0.00000000e+00,
        0.00000000e+00, -2.22044605e-16, -2.22044605e-16, -2.22044605e-16,
        0.00000000e+00,  0.00000000e+00,  0.00000000e+00,  0.00000000e+00,
        0.00000000e+00, -2.22044605e-16,  0.00000000e+00,  0.00000000e+00,
        1.11022302e-16,  0.00000000e+00,  0.00000000e+00,  3.33066907e-16,
        0.00000000e+00,  0.00000000e+00,  0.00000000e+00,  2.22044605e-16,
        0.00000000e+00,  0.00000000e+00, -2.22044605e-16,  0.00000000e+00,
       -4.44089210e-16,  1.11022302e-16,  0.00000000e+00,  0.00000000e+00,
       -2.22044605e-16,  0.00000000e+00,  0.00000000e+00, -2.22044605e-16,
       -2.22044605e-16])}
     accs  y_pred (s)  y_true (s)
54   [11]   17.753331      19.499
4    [45]   24.325677      26.335
3    [45]   24.325677      27.642
11   [45]   24.325677      18.893
27   [29]   23.404832      65.978
29   [29]   23.404832      45.143
64   [11]   17.753331      30.560
77   [15]   17.993447      12.834
124  [26]   20.172194      45.263
71   [11]   17.753331       9.629
25   [29]   23.404832      19.467
91    [3]   15.081980      14.879
83   [15]   17.993447      24.338
89   [15]   17.993447      11.455
69   [11]   17.753331       9.069
{'mse': 259.6894795115261, 'mae': 11.208580802263944, 'r2-score': -0.06216434026891737, 'max-error': 63.35116269480718, 'explained variance score': 0.080663913557385, 'layers': ['mbconv3']}
