environment: line 5: __conda_exe: command not found
Using device: cuda
Using model: efficientnetB0
Number of videos: 64
Execution type : naive
Using 2 features
Job ID : 20
Plotting ?  yes
Calculate accumulators ?  no
The directory contains : 65 videos
Number of videos in the directory : 65
Number of videos in the dataframe : 64
['conv1', 'mbconv1', 'mbconv2', 'mbconv3', 'mbconv4', 'mbconv5', 'mbconv6', 'mbconv7', 'conv2', 'pool', 'output']
{'conv1': {'T_max': 448.07057094573975, 'T_min': 278.996922403574, 'tau': 100, 'alpha': 50}, 'mbconv1': {'T_max': 1141.3850047588348, 'T_min': 812.3603581190109, 'tau': 100, 'alpha': 50}, 'mbconv2': {'T_max': 953.6717767715454, 'T_min': 642.3899536132812, 'tau': 100, 'alpha': 50}, 'mbconv3': {'T_max': 513.2992756962776, 'T_min': 322.42850029468536, 'tau': 100, 'alpha': 50}, 'mbconv4': {'T_max': 258.70095932483673, 'T_min': 155.41686257719994, 'tau': 100, 'alpha': 50}, 'mbconv5': {'T_max': 325.90665873885155, 'T_min': 182.09475773572922, 'tau': 100, 'alpha': 50}, 'mbconv6': {'T_max': 210.1228244304657, 'T_min': 113.37274000048637, 'tau': 100, 'alpha': 50}, 'mbconv7': {'T_max': 136.23850935697556, 'T_min': 72.70513460040092, 'tau': 100, 'alpha': 50}, 'conv2': {'T_max': 128.36026607453823, 'T_min': 69.14668047428131, 'tau': 100, 'alpha': 50}, 'pool': {'T_max': 5.443593147210777, 'T_min': 2.9237937070429325, 'tau': 100, 'alpha': 50}, 'output': {'T_max': 14.12623843550682, 'T_min': 7.4854159746319056, 'tau': 100, 'alpha': 50}}
Iterating over following combinations of layers :  [['conv1'], ['mbconv1'], ['mbconv2'], ['mbconv3'], ['mbconv4'], ['mbconv5'], ['mbconv6'], ['mbconv7'], ['conv2'], ['pool'], ['output'], ['conv1', 'mbconv1'], ['conv1', 'mbconv2'], ['conv1', 'mbconv3'], ['conv1', 'mbconv4'], ['conv1', 'mbconv5'], ['conv1', 'mbconv6'], ['conv1', 'mbconv7'], ['conv1', 'conv2'], ['conv1', 'pool'], ['conv1', 'output'], ['mbconv1', 'mbconv2'], ['mbconv1', 'mbconv3'], ['mbconv1', 'mbconv4'], ['mbconv1', 'mbconv5'], ['mbconv1', 'mbconv6'], ['mbconv1', 'mbconv7'], ['mbconv1', 'conv2'], ['mbconv1', 'pool'], ['mbconv1', 'output'], ['mbconv2', 'mbconv3'], ['mbconv2', 'mbconv4'], ['mbconv2', 'mbconv5'], ['mbconv2', 'mbconv6'], ['mbconv2', 'mbconv7'], ['mbconv2', 'conv2'], ['mbconv2', 'pool'], ['mbconv2', 'output'], ['mbconv3', 'mbconv4'], ['mbconv3', 'mbconv5'], ['mbconv3', 'mbconv6'], ['mbconv3', 'mbconv7'], ['mbconv3', 'conv2'], ['mbconv3', 'pool'], ['mbconv3', 'output'], ['mbconv4', 'mbconv5'], ['mbconv4', 'mbconv6'], ['mbconv4', 'mbconv7'], ['mbconv4', 'conv2'], ['mbconv4', 'pool'], ['mbconv4', 'output'], ['mbconv5', 'mbconv6'], ['mbconv5', 'mbconv7'], ['mbconv5', 'conv2'], ['mbconv5', 'pool'], ['mbconv5', 'output'], ['mbconv6', 'mbconv7'], ['mbconv6', 'conv2'], ['mbconv6', 'pool'], ['mbconv6', 'output'], ['mbconv7', 'conv2'], ['mbconv7', 'pool'], ['mbconv7', 'output'], ['conv2', 'pool'], ['conv2', 'output'], ['pool', 'output']]
[['conv1', 'output']]
Generating the training set for videos : 
TRAINING SET : contains 962 samples, 37 patients based on 56 videos
TEST SET : contains 127 samples, 37 patients based on 8 videos
Dataset constituted.
--------------------NAIVE IMPLEMENTATION-------------------
Number of folds : 53
Grid search.
The best parameters are : {'C': 1}
Metrics obtained during CV : 
{'r2': array([-1.46481247e-01, -4.27184019e-03, -6.71332141e-02, -5.78631461e-03,
       -8.75084459e-04, -1.32690720e-02, -9.94332856e-02, -5.44235019e-02,
       -1.06420324e-02, -1.31046264e-03, -9.29732761e-02, -5.44047091e-01,
       -2.33824762e-01, -2.62521159e-01, -1.15130410e-01, -7.49171734e-03,
       -2.44310692e-02, -3.72697597e-01, -1.02450151e-01, -7.53110481e-02,
       -7.82645763e-02, -5.99919432e-01, -2.71024166e-03, -2.65419620e-01,
       -2.08618569e-03, -1.31868123e-01, -7.14854855e-02, -6.39177093e-01,
       -1.67340001e-01, -3.16553245e-02, -8.82325915e-02, -1.47507019e-01,
       -4.12363242e-01, -9.33047874e-03, -3.18242912e-01, -2.51822320e-02,
       -1.58920710e-03, -3.70788886e-02, -6.34753830e-01, -5.49337306e-02,
       -6.14671742e-03, -1.96311797e-02, -8.92956705e-01, -2.00243441e-01,
       -3.29256087e-01, -6.06421942e-03, -2.55026887e-01, -1.25008999e-01,
       -3.36821927e-01, -5.38947789e-01, -8.20667028e-04, -5.87093925e-01,
       -3.94155393e-02]), 'neg_mean_absolute_error': array([ -8.62642458, -11.19231959,  -9.10724748, -11.26107499,
        -9.66870631,  -5.54977066,  -8.04391669,  -6.08491953,
        -6.81944123,  -7.43580911,  -7.76454967, -13.6711536 ,
       -14.01912138, -14.01327894,  -7.32594443,  -7.56208257,
       -13.31597287,  -5.54009996,  -8.51055369,  -9.52688889,
        -9.17311111, -13.70365333,  -8.51243196, -10.89640099,
        -7.5253861 ,  -9.45746788,  -8.72450031, -17.99796977,
       -10.48122222, -10.25894444, -11.69204144, -10.98165886,
       -12.33967799,  -8.57686193, -11.88921651, -10.49816667,
        -9.60822812,  -7.45593774,  -9.24629309,  -7.3439035 ,
        -6.81293165, -11.64372222, -15.67959597,  -9.23783812,
       -21.06107322,  -7.84948818,  -9.87260742,  -5.70608755,
        -9.65815583, -16.8215788 ,  -8.13353562, -15.59602445,
       -10.28476941]), 'neg_mean_squared_error': array([-127.86401705, -191.67778865, -101.37395677, -177.04488604,
       -128.08270932,  -46.76190757, -140.14010999,  -97.92678883,
        -65.94534573,  -77.83928684, -101.82389254, -318.44416403,
       -372.53697903, -321.85892983,  -81.28026603,  -82.34226678,
       -256.38479682,  -38.66666288, -105.54384259, -198.61555881,
       -155.91688869, -346.95834058, -108.71777567, -247.46225286,
       -114.04871482, -273.69871299, -148.93957611, -638.77504403,
       -219.91249922, -150.90917318, -213.45720658, -212.5270079 ,
       -306.82152076, -117.17691782, -187.22317564, -194.64947319,
       -164.49932706,  -77.01421849, -104.41990556, -113.30482224,
        -81.05027964, -231.68319979, -463.65475627, -186.33662664,
       -782.35108165, -103.10926548, -164.84589301,  -49.04132662,
       -236.17886068, -478.4796156 , -118.97261514, -481.07746801,
       -242.59403611]), 'max_error': array([-35.0716622 , -31.82164263, -15.11632826, -29.37719174,
       -24.32051601, -15.1126225 , -31.94447239, -34.72747101,
       -17.72032332, -19.23954232, -24.94048124, -33.91170263,
       -59.6981866 , -39.91305996, -20.48257942, -16.53018959,
       -33.75151551, -10.09615725, -25.62001682, -45.25032394,
       -33.962415  , -46.74329331, -21.59080619, -48.03760887,
       -32.76934171, -48.72371094, -33.3182514 , -65.40068198,
       -35.11158373, -29.27380385, -32.10287293, -35.95246485,
       -47.23115047, -25.10344853, -26.5099743 , -40.94178604,
       -35.74672344, -21.63235345, -18.11837683, -34.70063147,
       -21.36505758, -44.33863544, -53.39056062, -43.75401436,
       -71.460553  , -24.39129912, -33.7120466 , -14.40190233,
       -52.24766417, -46.24720441, -33.02410561, -49.2705652 ,
       -51.23092237]), 'explained_variance': array([-4.44089210e-16,  0.00000000e+00,  1.11022302e-16,  1.11022302e-16,
        0.00000000e+00,  0.00000000e+00,  0.00000000e+00, -2.22044605e-16,
        0.00000000e+00,  3.33066907e-16,  3.33066907e-16, -2.22044605e-16,
       -2.22044605e-16,  0.00000000e+00,  2.22044605e-16,  0.00000000e+00,
        0.00000000e+00,  0.00000000e+00,  0.00000000e+00,  0.00000000e+00,
        0.00000000e+00, -2.22044605e-16, -2.22044605e-16,  1.11022302e-16,
        0.00000000e+00,  0.00000000e+00,  0.00000000e+00,  0.00000000e+00,
        0.00000000e+00,  0.00000000e+00, -2.22044605e-16, -2.22044605e-16,
        1.11022302e-16,  0.00000000e+00,  0.00000000e+00,  3.33066907e-16,
       -2.22044605e-16,  0.00000000e+00,  0.00000000e+00,  0.00000000e+00,
        0.00000000e+00,  0.00000000e+00,  0.00000000e+00,  0.00000000e+00,
       -2.22044605e-16, -2.22044605e-16,  0.00000000e+00,  0.00000000e+00,
        0.00000000e+00,  0.00000000e+00,  0.00000000e+00, -2.22044605e-16,
       -2.22044605e-16])}
         accs  y_pred (s)  y_true (s)
54     [2, 2]   13.817333      19.499
4    [32, 28]   22.365227      26.335
3    [32, 28]   22.365227      27.642
11   [32, 28]   22.365227      18.893
27   [31, 18]   21.516937      65.978
29   [31, 18]   21.516937      45.143
64     [2, 2]   13.817333      30.560
77    [17, 9]   17.322862      12.834
124  [25, 20]   20.014764      45.263
71     [2, 2]   13.817333       9.629
25   [31, 18]   21.516937      19.467
91    [16, 4]   17.480523      14.879
83    [17, 9]   17.322862      24.338
89    [17, 9]   17.322862      11.455
69     [2, 2]   13.817333       9.069
{'mse': 272.35045090662715, 'mae': 11.346691062374566, 'r2-score': -0.11394938891369444, 'max-error': 65.86263164673622, 'explained variance score': 0.09493536615512421, 'layers': ['conv1', 'output']}
