environment: line 5: __conda_exe: command not found
Using device: cuda
Using model: efficientnetB0
Number of videos: 64
Execution type : naive
Using 2 features
Job ID : 30
Plotting ?  yes
Calculate accumulators ?  no
The directory contains : 65 videos
Number of videos in the directory : 65
Number of videos in the dataframe : 64
['conv1', 'mbconv1', 'mbconv2', 'mbconv3', 'mbconv4', 'mbconv5', 'mbconv6', 'mbconv7', 'conv2', 'pool', 'output']
{'conv1': {'T_max': 448.07057094573975, 'T_min': 278.996922403574, 'tau': 100, 'alpha': 50}, 'mbconv1': {'T_max': 1141.3850047588348, 'T_min': 812.3603581190109, 'tau': 100, 'alpha': 50}, 'mbconv2': {'T_max': 953.6717767715454, 'T_min': 642.3899536132812, 'tau': 100, 'alpha': 50}, 'mbconv3': {'T_max': 513.2992756962776, 'T_min': 322.42850029468536, 'tau': 100, 'alpha': 50}, 'mbconv4': {'T_max': 258.70095932483673, 'T_min': 155.41686257719994, 'tau': 100, 'alpha': 50}, 'mbconv5': {'T_max': 325.90665873885155, 'T_min': 182.09475773572922, 'tau': 100, 'alpha': 50}, 'mbconv6': {'T_max': 210.1228244304657, 'T_min': 113.37274000048637, 'tau': 100, 'alpha': 50}, 'mbconv7': {'T_max': 136.23850935697556, 'T_min': 72.70513460040092, 'tau': 100, 'alpha': 50}, 'conv2': {'T_max': 128.36026607453823, 'T_min': 69.14668047428131, 'tau': 100, 'alpha': 50}, 'pool': {'T_max': 5.443593147210777, 'T_min': 2.9237937070429325, 'tau': 100, 'alpha': 50}, 'output': {'T_max': 14.12623843550682, 'T_min': 7.4854159746319056, 'tau': 100, 'alpha': 50}}
Iterating over following combinations of layers :  [['conv1'], ['mbconv1'], ['mbconv2'], ['mbconv3'], ['mbconv4'], ['mbconv5'], ['mbconv6'], ['mbconv7'], ['conv2'], ['pool'], ['output'], ['conv1', 'mbconv1'], ['conv1', 'mbconv2'], ['conv1', 'mbconv3'], ['conv1', 'mbconv4'], ['conv1', 'mbconv5'], ['conv1', 'mbconv6'], ['conv1', 'mbconv7'], ['conv1', 'conv2'], ['conv1', 'pool'], ['conv1', 'output'], ['mbconv1', 'mbconv2'], ['mbconv1', 'mbconv3'], ['mbconv1', 'mbconv4'], ['mbconv1', 'mbconv5'], ['mbconv1', 'mbconv6'], ['mbconv1', 'mbconv7'], ['mbconv1', 'conv2'], ['mbconv1', 'pool'], ['mbconv1', 'output'], ['mbconv2', 'mbconv3'], ['mbconv2', 'mbconv4'], ['mbconv2', 'mbconv5'], ['mbconv2', 'mbconv6'], ['mbconv2', 'mbconv7'], ['mbconv2', 'conv2'], ['mbconv2', 'pool'], ['mbconv2', 'output'], ['mbconv3', 'mbconv4'], ['mbconv3', 'mbconv5'], ['mbconv3', 'mbconv6'], ['mbconv3', 'mbconv7'], ['mbconv3', 'conv2'], ['mbconv3', 'pool'], ['mbconv3', 'output'], ['mbconv4', 'mbconv5'], ['mbconv4', 'mbconv6'], ['mbconv4', 'mbconv7'], ['mbconv4', 'conv2'], ['mbconv4', 'pool'], ['mbconv4', 'output'], ['mbconv5', 'mbconv6'], ['mbconv5', 'mbconv7'], ['mbconv5', 'conv2'], ['mbconv5', 'pool'], ['mbconv5', 'output'], ['mbconv6', 'mbconv7'], ['mbconv6', 'conv2'], ['mbconv6', 'pool'], ['mbconv6', 'output'], ['mbconv7', 'conv2'], ['mbconv7', 'pool'], ['mbconv7', 'output'], ['conv2', 'pool'], ['conv2', 'output'], ['pool', 'output']]
[['mbconv2', 'mbconv3']]
Generating the training set for videos : 
TRAINING SET : contains 962 samples, 37 patients based on 56 videos
TEST SET : contains 127 samples, 37 patients based on 8 videos
Dataset constituted.
--------------------NAIVE IMPLEMENTATION-------------------
Number of folds : 53
Grid search.
The best parameters are : {'C': 10.0}
Metrics obtained during CV : 
{'r2': array([-0.18189747, -0.1674784 , -0.02807998, -0.2910837 , -0.00992909,
       -0.07186234, -0.06633622, -0.03104967, -0.18488731, -0.02619121,
       -0.17034603, -0.46756637, -0.47177972, -0.1040537 , -0.162525  ,
       -0.09345357, -0.01097375, -1.39960176, -0.0165616 , -0.2023085 ,
       -0.04327025, -0.73050908, -0.1223025 , -0.34803131, -0.22893623,
       -0.03483522, -0.00173425, -0.27340494, -0.10667589, -0.00301805,
       -0.20492175, -0.40324983, -0.65159752, -0.05747626, -0.52254698,
       -0.56036304, -0.06212377, -0.0489536 , -0.14498132, -0.0360117 ,
       -0.00423918, -0.50096863, -0.61888832, -0.04896299, -0.60964677,
       -0.02953212, -0.13065074, -0.14329796, -0.18303492, -0.76352422,
       -0.00590338, -0.10999322, -0.07104556]), 'neg_mean_absolute_error': array([ -8.99131494, -11.63181169,  -8.77857631, -11.04450337,
        -9.28400484,  -6.0055527 ,  -7.98404108,  -6.07613704,
        -7.62559738,  -7.71150463,  -7.92886043, -13.38646411,
       -15.32065894, -13.28710706,  -7.56108997,  -7.56652652,
       -13.35889381,  -7.24918221,  -8.99843984,  -9.88023501,
        -9.17311111, -14.20651022,  -8.4074135 , -11.12554821,
        -9.86128907,  -9.72490674,  -8.75166836, -15.83522506,
       -10.48135639, -10.25894444, -12.05543604, -12.10131594,
       -13.42094016,  -9.43373424, -12.4990415 , -12.46859641,
        -9.44361111,  -6.72512487,  -6.94201432,  -7.29253219,
        -7.34004697, -13.53318429, -14.27320757,  -8.63699585,
       -22.73495761,  -7.90545159,  -9.62852411,  -5.76142539,
        -8.83187128, -18.12537759,  -8.16443992, -14.0574375 ,
       -10.02501685]), 'neg_mean_squared_error': array([-131.81389513, -222.82779401,  -97.66403471, -227.26474159,
       -129.24135741,  -49.46596016, -135.92136751,  -95.75600651,
        -77.31501412,  -79.77345203, -109.03211505, -302.6707858 ,
       -444.38431453, -281.46026679,  -84.73479043,  -89.3679265 ,
       -253.01682763,  -67.59288602,  -97.3212413 , -222.07265019,
       -150.85671472, -375.27799657, -121.68443762, -263.61758606,
       -139.8668094 , -250.23504242, -139.24395324, -496.23637505,
       -208.48412619, -146.72015007, -236.34582521, -259.8925167 ,
       -358.79272963, -122.76634008, -216.23941919, -296.2632733 ,
       -174.44142145,  -77.89604288,  -73.13568494, -111.27250721,
        -80.89661781, -341.05392387, -396.52532398, -162.85048317,
       -947.37869239, -105.51443824, -148.50927334,  -49.8385781 ,
       -209.00901836, -548.30345525, -119.57682291, -336.4594358 ,
       -249.97631291]), 'max_error': array([-34.60946774, -36.57247402, -16.00843573, -37.54452131,
       -25.7823816 , -14.07405542, -31.29221948, -34.17739631,
       -15.08029442, -17.49347068, -25.98111604, -33.138974  ,
       -63.2309314 , -36.88267802, -19.93758784, -15.76100129,
       -32.93601753, -12.44563081, -21.22904148, -47.63355753,
       -33.09970726, -47.92364799, -24.6902215 , -49.08296694,
       -28.15214972, -45.97916966, -30.65698474, -59.94034186,
       -33.97979253, -27.7863809 , -34.28271217, -39.36771087,
       -49.66399036, -23.56107838, -28.40179117, -49.06996693,
       -38.43006299, -25.19837613, -16.57797423, -34.23828975,
       -20.07701932, -52.89578966, -50.91357362, -40.93546269,
       -76.48220617, -25.34267708, -32.0669099 , -14.23696691,
       -50.22016235, -48.70993544, -33.54947862, -41.70460192,
       -52.26993261]), 'explained_variance': array([-2.22044605e-16,  0.00000000e+00,  1.11022302e-16,  1.11022302e-16,
        0.00000000e+00,  0.00000000e+00,  0.00000000e+00, -2.22044605e-16,
        0.00000000e+00,  3.33066907e-16,  0.00000000e+00,  0.00000000e+00,
        0.00000000e+00,  0.00000000e+00,  2.22044605e-16,  0.00000000e+00,
        0.00000000e+00,  0.00000000e+00,  0.00000000e+00,  0.00000000e+00,
        0.00000000e+00, -2.22044605e-16, -2.22044605e-16, -2.22044605e-16,
        0.00000000e+00,  0.00000000e+00,  0.00000000e+00,  1.11022302e-16,
        0.00000000e+00, -2.22044605e-16,  0.00000000e+00,  0.00000000e+00,
        0.00000000e+00,  0.00000000e+00,  0.00000000e+00,  3.33066907e-16,
        0.00000000e+00,  0.00000000e+00,  0.00000000e+00,  2.22044605e-16,
        0.00000000e+00,  0.00000000e+00,  0.00000000e+00,  0.00000000e+00,
        0.00000000e+00, -2.22044605e-16,  0.00000000e+00,  0.00000000e+00,
        0.00000000e+00,  0.00000000e+00,  0.00000000e+00,  0.00000000e+00,
       -2.22044605e-16])}
         accs  y_pred (s)  y_true (s)
54   [10, 11]   17.456893      19.499
4    [46, 45]   24.188884      26.335
3    [46, 45]   24.188884      27.642
11   [46, 45]   24.188884      18.893
27   [30, 29]   20.130302      65.978
29   [30, 29]   20.130302      45.143
64   [10, 11]   17.456893      30.560
77   [16, 15]   18.222950      12.834
124  [26, 26]   19.465870      45.263
71   [10, 11]   17.456893       9.629
25   [30, 29]   20.130302      19.467
91     [3, 3]   14.964047      14.879
83   [16, 15]   18.222950      24.338
89   [16, 15]   18.222950      11.455
69   [10, 11]   17.456893       9.069
{'mse': 272.42574706124526, 'mae': 11.349841125291212, 'r2-score': -0.11425736015128618, 'max-error': 63.66085133354922, 'explained variance score': 0.06307662579571671, 'layers': ['mbconv2', 'mbconv3']}
