environment: line 5: __conda_exe: command not found
Using device: cuda
Using model: efficientnetB0
Number of videos: 64
Execution type : naive
Using 2 features
Job ID : 62
Plotting ?  yes
Calculate accumulators ?  no
The directory contains : 65 videos
Number of videos in the directory : 65
Number of videos in the dataframe : 64
['conv1', 'mbconv1', 'mbconv2', 'mbconv3', 'mbconv4', 'mbconv5', 'mbconv6', 'mbconv7', 'conv2', 'pool', 'output']
{'conv1': {'T_max': 448.07057094573975, 'T_min': 278.996922403574, 'tau': 100, 'alpha': 50}, 'mbconv1': {'T_max': 1141.3850047588348, 'T_min': 812.3603581190109, 'tau': 100, 'alpha': 50}, 'mbconv2': {'T_max': 953.6717767715454, 'T_min': 642.3899536132812, 'tau': 100, 'alpha': 50}, 'mbconv3': {'T_max': 513.2992756962776, 'T_min': 322.42850029468536, 'tau': 100, 'alpha': 50}, 'mbconv4': {'T_max': 258.70095932483673, 'T_min': 155.41686257719994, 'tau': 100, 'alpha': 50}, 'mbconv5': {'T_max': 325.90665873885155, 'T_min': 182.09475773572922, 'tau': 100, 'alpha': 50}, 'mbconv6': {'T_max': 210.1228244304657, 'T_min': 113.37274000048637, 'tau': 100, 'alpha': 50}, 'mbconv7': {'T_max': 136.23850935697556, 'T_min': 72.70513460040092, 'tau': 100, 'alpha': 50}, 'conv2': {'T_max': 128.36026607453823, 'T_min': 69.14668047428131, 'tau': 100, 'alpha': 50}, 'pool': {'T_max': 5.443593147210777, 'T_min': 2.9237937070429325, 'tau': 100, 'alpha': 50}, 'output': {'T_max': 14.12623843550682, 'T_min': 7.4854159746319056, 'tau': 100, 'alpha': 50}}
Iterating over following combinations of layers :  [['conv1'], ['mbconv1'], ['mbconv2'], ['mbconv3'], ['mbconv4'], ['mbconv5'], ['mbconv6'], ['mbconv7'], ['conv2'], ['pool'], ['output'], ['conv1', 'mbconv1'], ['conv1', 'mbconv2'], ['conv1', 'mbconv3'], ['conv1', 'mbconv4'], ['conv1', 'mbconv5'], ['conv1', 'mbconv6'], ['conv1', 'mbconv7'], ['conv1', 'conv2'], ['conv1', 'pool'], ['conv1', 'output'], ['mbconv1', 'mbconv2'], ['mbconv1', 'mbconv3'], ['mbconv1', 'mbconv4'], ['mbconv1', 'mbconv5'], ['mbconv1', 'mbconv6'], ['mbconv1', 'mbconv7'], ['mbconv1', 'conv2'], ['mbconv1', 'pool'], ['mbconv1', 'output'], ['mbconv2', 'mbconv3'], ['mbconv2', 'mbconv4'], ['mbconv2', 'mbconv5'], ['mbconv2', 'mbconv6'], ['mbconv2', 'mbconv7'], ['mbconv2', 'conv2'], ['mbconv2', 'pool'], ['mbconv2', 'output'], ['mbconv3', 'mbconv4'], ['mbconv3', 'mbconv5'], ['mbconv3', 'mbconv6'], ['mbconv3', 'mbconv7'], ['mbconv3', 'conv2'], ['mbconv3', 'pool'], ['mbconv3', 'output'], ['mbconv4', 'mbconv5'], ['mbconv4', 'mbconv6'], ['mbconv4', 'mbconv7'], ['mbconv4', 'conv2'], ['mbconv4', 'pool'], ['mbconv4', 'output'], ['mbconv5', 'mbconv6'], ['mbconv5', 'mbconv7'], ['mbconv5', 'conv2'], ['mbconv5', 'pool'], ['mbconv5', 'output'], ['mbconv6', 'mbconv7'], ['mbconv6', 'conv2'], ['mbconv6', 'pool'], ['mbconv6', 'output'], ['mbconv7', 'conv2'], ['mbconv7', 'pool'], ['mbconv7', 'output'], ['conv2', 'pool'], ['conv2', 'output'], ['pool', 'output']]
[['mbconv7', 'output']]
Generating the training set for videos : 
TRAINING SET : contains 962 samples, 37 patients based on 56 videos
TEST SET : contains 127 samples, 37 patients based on 8 videos
Dataset constituted.
--------------------NAIVE IMPLEMENTATION-------------------
Number of folds : 53
Grid search.
The best parameters are : {'C': 10.0}
Metrics obtained during CV : 
{'r2': array([-2.02707029e-01, -2.51270065e-01, -2.01145381e-02, -8.75100961e-03,
       -1.52407053e-02, -5.59049432e-02, -1.26632102e-04, -1.80290308e-03,
       -6.61284057e-03, -4.56021048e-02, -2.86525732e-01, -4.03807740e-01,
       -4.36119831e-01, -7.08426645e-04, -8.91842052e-02, -1.08742924e-02,
       -2.57673401e-02, -1.45269927e+00, -1.26348158e-01, -1.30807138e-01,
       -1.87776981e-01, -8.79160706e-01, -2.91890406e-02, -2.65001654e-01,
       -3.38005791e-02, -1.88189256e-01, -3.74757890e-02, -3.65644549e-01,
       -2.65871594e-01, -9.62879768e-02, -2.23974586e-01, -6.38932784e-02,
       -6.04285406e-01, -3.54559256e-02, -4.07759953e-01, -4.61272639e-03,
       -3.15463927e-02, -1.63604617e-02, -5.71354441e-02, -2.73750539e-02,
       -8.61259242e-03, -1.26545126e-01, -6.71394383e-01, -2.15938778e-01,
       -2.02002141e-01, -6.01060536e-02, -1.94165329e-01, -5.54105715e-02,
       -2.32368085e-01, -8.71931022e-01, -5.68788443e-02, -9.51462780e-02,
       -7.39653422e-03]), 'neg_mean_absolute_error': array([ -9.18920686, -11.88959401,  -8.70311495, -11.05728669,
        -9.95893554,  -5.9037729 ,  -8.53189035,  -6.39440597,
        -6.77301329,  -7.78753839,  -8.25720389, -13.13075647,
       -15.15121256, -13.01878007,  -7.19801687,  -7.83448777,
       -13.8619105 ,  -7.34233566,  -8.47209367,  -9.61411696,
        -9.17311111, -14.89577683,  -8.26264356, -10.89577045,
        -8.11838321,  -9.62553797,  -9.05981962, -16.37351332,
       -10.49134461, -10.25894444, -12.119477  , -10.685295  ,
       -13.22534998,  -9.12579014, -12.16410941, -10.68509567,
        -9.44361111,  -6.81450387,  -6.39133881,  -7.26453499,
        -7.45052257, -11.86602845, -14.55745494,  -9.30930163,
       -20.159554  ,  -7.94911194,  -9.68190791,  -5.54603749,
        -9.12005287, -18.72340024,  -8.2681205 , -14.0574375 ,
       -10.77783746]), 'neg_mean_squared_error': array([-134.13472964, -238.82047612,  -96.90734551, -177.56675046,
       -129.92108823,  -48.72953367, -127.48191096,  -93.03979015,
        -65.68243716,  -81.28240461, -119.85568245, -289.52121017,
       -433.61728484, -255.11409524,  -79.38908415,  -82.61872453,
       -256.7192259 ,  -69.0885569 , -107.83173521, -208.86597606,
       -171.75236518, -407.51457055, -111.58871087, -247.38051653,
       -117.65817063, -287.31780999, -144.21213009, -532.18145921,
       -238.47463946, -160.36355186, -240.08304669, -197.04110869,
       -348.51465499, -120.20991782, -199.93681475, -190.74397883,
       -169.41944485,  -75.47565332,  -67.52452953, -110.34489132,
        -81.24891852, -255.9764596 , -409.38599026, -188.77331241,
       -707.45410508, -108.64789186, -156.85181893,  -46.00739602,
       -217.72480272, -582.00859205, -125.63653423, -331.95905434,
       -235.12097132]), 'max_error': array([-34.35880465, -37.84385723, -16.25936319, -31.62755288,
       -23.25860353, -14.28892387, -28.51141667, -32.8884573 ,
       -17.89674949, -17.03755411, -27.16398598, -32.44491041,
       -62.77100552, -32.15723572, -20.82981136, -18.25542255,
       -28.7393401 , -12.56362517, -25.96615696, -46.43602633,
       -35.80914152, -49.14499857, -22.82770795, -48.03193405,
       -31.29526278, -49.82267085, -27.88362342, -61.55520663,
       -36.5741015 , -30.87492694, -34.57089648, -34.16565504,
       -49.22391245, -24.11537776, -27.39699491, -37.8193195 ,
       -37.51204213, -24.39396519, -17.71073768, -33.98631487,
       -19.82844921, -47.58887804, -51.42521889, -43.96840488,
       -68.44349302, -26.08490303, -32.9744345 , -15.1821209 ,
       -50.94084268, -49.76743673, -35.31204852, -41.30078138,
       -49.51176677]), 'explained_variance': array([-2.22044605e-16,  3.33066907e-16,  1.11022302e-16,  1.11022302e-16,
        0.00000000e+00,  0.00000000e+00,  0.00000000e+00, -2.22044605e-16,
       -2.22044605e-16,  3.33066907e-16,  0.00000000e+00,  0.00000000e+00,
        2.22044605e-16,  0.00000000e+00,  2.22044605e-16,  0.00000000e+00,
        0.00000000e+00,  0.00000000e+00,  0.00000000e+00,  0.00000000e+00,
        0.00000000e+00, -2.22044605e-16, -2.22044605e-16, -2.22044605e-16,
        0.00000000e+00, -2.22044605e-16,  0.00000000e+00,  0.00000000e+00,
        1.11022302e-16, -2.22044605e-16, -2.22044605e-16, -2.22044605e-16,
        2.22044605e-16,  0.00000000e+00,  0.00000000e+00,  1.11022302e-16,
        0.00000000e+00,  0.00000000e+00,  0.00000000e+00,  2.22044605e-16,
        0.00000000e+00,  1.11022302e-16,  0.00000000e+00,  0.00000000e+00,
       -4.44089210e-16, -2.22044605e-16,  0.00000000e+00,  0.00000000e+00,
        0.00000000e+00,  0.00000000e+00,  1.11022302e-16, -2.22044605e-16,
       -2.22044605e-16])}
         accs  y_pred (s)  y_true (s)
54     [2, 2]   13.817639      19.499
4    [34, 28]   30.281916      26.335
3    [34, 28]   30.281916      27.642
11   [34, 28]   30.281916      18.893
27   [22, 18]   15.446689      65.978
29   [22, 18]   15.446689      45.143
64     [2, 2]   13.817639      30.560
77    [11, 9]   18.099954      12.834
124  [21, 20]   16.262241      45.263
71     [2, 2]   13.817639       9.629
25   [22, 18]   15.446689      19.467
91     [3, 4]   14.694393      14.879
83    [11, 9]   18.099954      24.338
89    [11, 9]   18.099954      11.455
69     [2, 2]   13.817639       9.069
{'mse': 293.40930223191623, 'mae': 11.800684174963232, 'r2-score': -0.20008287790531964, 'max-error': 63.65445958718312, 'explained variance score': 0.026765706284805457, 'layers': ['mbconv7', 'output']}
