environment: line 5: __conda_exe: command not found
Using device: cuda
Using model: efficientnetB0
Number of videos: 64
Execution type : naive
Using 2 features
Job ID : 59
Plotting ?  yes
Calculate accumulators ?  no
The directory contains : 65 videos
Number of videos in the directory : 65
Number of videos in the dataframe : 64
['conv1', 'mbconv1', 'mbconv2', 'mbconv3', 'mbconv4', 'mbconv5', 'mbconv6', 'mbconv7', 'conv2', 'pool', 'output']
{'conv1': {'T_max': 448.07057094573975, 'T_min': 278.996922403574, 'tau': 100, 'alpha': 50}, 'mbconv1': {'T_max': 1141.3850047588348, 'T_min': 812.3603581190109, 'tau': 100, 'alpha': 50}, 'mbconv2': {'T_max': 953.6717767715454, 'T_min': 642.3899536132812, 'tau': 100, 'alpha': 50}, 'mbconv3': {'T_max': 513.2992756962776, 'T_min': 322.42850029468536, 'tau': 100, 'alpha': 50}, 'mbconv4': {'T_max': 258.70095932483673, 'T_min': 155.41686257719994, 'tau': 100, 'alpha': 50}, 'mbconv5': {'T_max': 325.90665873885155, 'T_min': 182.09475773572922, 'tau': 100, 'alpha': 50}, 'mbconv6': {'T_max': 210.1228244304657, 'T_min': 113.37274000048637, 'tau': 100, 'alpha': 50}, 'mbconv7': {'T_max': 136.23850935697556, 'T_min': 72.70513460040092, 'tau': 100, 'alpha': 50}, 'conv2': {'T_max': 128.36026607453823, 'T_min': 69.14668047428131, 'tau': 100, 'alpha': 50}, 'pool': {'T_max': 5.443593147210777, 'T_min': 2.9237937070429325, 'tau': 100, 'alpha': 50}, 'output': {'T_max': 14.12623843550682, 'T_min': 7.4854159746319056, 'tau': 100, 'alpha': 50}}
Iterating over following combinations of layers :  [['conv1'], ['mbconv1'], ['mbconv2'], ['mbconv3'], ['mbconv4'], ['mbconv5'], ['mbconv6'], ['mbconv7'], ['conv2'], ['pool'], ['output'], ['conv1', 'mbconv1'], ['conv1', 'mbconv2'], ['conv1', 'mbconv3'], ['conv1', 'mbconv4'], ['conv1', 'mbconv5'], ['conv1', 'mbconv6'], ['conv1', 'mbconv7'], ['conv1', 'conv2'], ['conv1', 'pool'], ['conv1', 'output'], ['mbconv1', 'mbconv2'], ['mbconv1', 'mbconv3'], ['mbconv1', 'mbconv4'], ['mbconv1', 'mbconv5'], ['mbconv1', 'mbconv6'], ['mbconv1', 'mbconv7'], ['mbconv1', 'conv2'], ['mbconv1', 'pool'], ['mbconv1', 'output'], ['mbconv2', 'mbconv3'], ['mbconv2', 'mbconv4'], ['mbconv2', 'mbconv5'], ['mbconv2', 'mbconv6'], ['mbconv2', 'mbconv7'], ['mbconv2', 'conv2'], ['mbconv2', 'pool'], ['mbconv2', 'output'], ['mbconv3', 'mbconv4'], ['mbconv3', 'mbconv5'], ['mbconv3', 'mbconv6'], ['mbconv3', 'mbconv7'], ['mbconv3', 'conv2'], ['mbconv3', 'pool'], ['mbconv3', 'output'], ['mbconv4', 'mbconv5'], ['mbconv4', 'mbconv6'], ['mbconv4', 'mbconv7'], ['mbconv4', 'conv2'], ['mbconv4', 'pool'], ['mbconv4', 'output'], ['mbconv5', 'mbconv6'], ['mbconv5', 'mbconv7'], ['mbconv5', 'conv2'], ['mbconv5', 'pool'], ['mbconv5', 'output'], ['mbconv6', 'mbconv7'], ['mbconv6', 'conv2'], ['mbconv6', 'pool'], ['mbconv6', 'output'], ['mbconv7', 'conv2'], ['mbconv7', 'pool'], ['mbconv7', 'output'], ['conv2', 'pool'], ['conv2', 'output'], ['pool', 'output']]
[['mbconv6', 'output']]
Generating the training set for videos : 
TRAINING SET : contains 962 samples, 37 patients based on 56 videos
TEST SET : contains 127 samples, 37 patients based on 8 videos
Dataset constituted.
--------------------NAIVE IMPLEMENTATION-------------------
Number of folds : 53
Grid search.
The best parameters are : {'C': 10.0}
Metrics obtained during CV : 
{'r2': array([-2.84361305e-03, -1.87733148e-01, -8.75196141e-03, -5.32549342e-02,
       -2.05190081e-03, -8.34488379e-02, -2.95100340e-02, -9.93409644e-04,
       -8.90075978e-03, -7.30524363e-04, -1.79709872e-01, -6.56338972e-01,
       -5.32606281e-01, -1.01760922e-03, -3.35823639e-01, -9.35461773e-02,
       -1.89793937e-04, -1.21375286e+00, -1.92789905e-02, -2.74145496e-01,
       -2.16442562e-01, -6.39982986e-01, -7.81133125e-03, -2.88561868e-01,
       -1.30534344e-02, -2.62867130e-01, -5.61894178e-03, -2.37971711e-01,
       -2.44899855e-01, -6.16185833e-02, -4.02480390e-02, -5.37519135e-02,
       -4.56353865e-01, -1.36740566e-02, -2.56205737e-01, -1.54228451e-01,
       -1.43490798e-01, -9.60824061e-02, -6.55605803e-03, -6.87397665e-02,
       -2.42625029e-02, -1.26246695e-02, -7.38715775e-01, -1.94571849e-01,
       -2.14026640e-01, -1.00771332e-01, -1.66037212e-01, -1.44645533e-01,
       -3.10519862e-01, -8.80256661e-01, -1.53602573e-01, -1.61211949e-01,
       -1.09190402e-02]), 'neg_mean_absolute_error': array([ -6.54338856, -11.68425292,  -8.13544754, -10.96146504,
        -9.44579299,  -6.07249665,  -8.12460546,  -6.58712444,
        -6.8006999 ,  -7.44857795,  -7.94591721, -14.23430994,
       -15.59879477, -13.26465062,  -8.45105057,  -7.56674267,
       -13.46476132,  -6.90835092,  -9.00948208, -10.10312702,
        -9.18972347, -13.84844275,  -8.42838599, -10.96158444,
        -7.78838993, -10.03708001,  -8.90441887, -15.60453642,
       -10.48122222, -10.25894444, -11.59161111, -10.65365142,
       -12.55836977,  -8.69862609, -11.7357135 , -10.63567226,
        -9.44361111,  -6.6575    ,  -5.91400398,  -7.37591931,
        -7.70167084, -11.64372222, -14.90610515,  -9.21132887,
       -20.23062946,  -7.992155  ,  -9.65954915,  -5.76625304,
        -9.53161504, -18.77414334,  -8.36652236, -14.18054778,
       -10.67190243]), 'neg_mean_squared_error': array([-111.84449214, -226.69366427,  -95.82794011, -185.40061352,
       -128.23330736,  -50.0006719 , -131.22728891,  -92.96461059,
        -65.83172604,  -77.79420394, -109.90447236, -341.60323374,
       -462.7500854 , -255.19291624,  -97.36628091,  -89.37549512,
       -250.31792261,  -62.35782417,  -97.58139293, -235.34131842,
       -175.89740375, -355.64651825, -109.2708558 , -251.98789221,
       -115.29691147, -305.37577753, -139.78393635, -482.42830953,
       -234.52382188, -155.29215894, -204.04501969, -195.16285096,
       -316.37803534, -117.68117988, -178.41235878, -219.15124248,
       -187.80500566,  -81.39586181,  -64.2937711 , -114.78765514,
        -82.50959909, -230.09116265, -425.87547654, -185.4561175 ,
       -714.53128145, -112.815585  , -153.15723317,  -49.89732124,
       -231.53202511, -584.59714554, -137.13457316, -351.98477898,
       -235.94310541]), 'max_error': array([-38.55037391, -36.90460181, -18.55349889, -33.44816423,
       -25.16758665, -13.9327293 , -30.32383206, -32.17551937,
       -17.7915404 , -19.15867301, -26.08914234, -34.95362627,
       -63.97701117, -31.22292764, -18.4319261 , -15.76237025,
       -31.06084497, -12.01391116, -21.12966131, -48.6365716 ,
       -36.1927556 , -47.1179962 , -21.96901302, -48.34512997,
       -32.03774766, -51.04955503, -29.28223016, -59.24827593,
       -36.28924642, -30.12419105, -30.75246724, -33.88086274,
       -47.72320698, -24.88427304, -25.81921075, -44.16655037,
       -40.09038659, -25.96289201, -18.97398807, -34.98877375,
       -19.26336561, -43.92030814, -52.05278926, -43.67448662,
       -68.76333258, -26.81663497, -32.5943356 , -14.22524262,
       -51.94035082, -49.84585789, -36.98488006, -42.92088226,
       -49.79426019]), 'explained_variance': array([-2.22044605e-16,  0.00000000e+00,  1.11022302e-16,  1.11022302e-16,
        0.00000000e+00,  0.00000000e+00,  0.00000000e+00,  0.00000000e+00,
        0.00000000e+00,  3.33066907e-16,  3.33066907e-16,  0.00000000e+00,
        0.00000000e+00,  0.00000000e+00,  2.22044605e-16,  0.00000000e+00,
        0.00000000e+00,  0.00000000e+00,  0.00000000e+00,  0.00000000e+00,
        0.00000000e+00,  0.00000000e+00, -2.22044605e-16,  1.11022302e-16,
        0.00000000e+00,  0.00000000e+00,  0.00000000e+00,  0.00000000e+00,
        0.00000000e+00,  0.00000000e+00, -2.22044605e-16, -2.22044605e-16,
        1.11022302e-16,  0.00000000e+00,  0.00000000e+00,  3.33066907e-16,
       -4.44089210e-16,  0.00000000e+00,  0.00000000e+00,  2.22044605e-16,
        0.00000000e+00,  0.00000000e+00,  0.00000000e+00,  0.00000000e+00,
       -4.44089210e-16,  1.11022302e-16,  0.00000000e+00,  0.00000000e+00,
        0.00000000e+00,  0.00000000e+00,  0.00000000e+00, -2.22044605e-16,
       -2.22044605e-16])}
         accs  y_pred (s)  y_true (s)
54     [4, 2]   14.454156      19.499
4    [37, 28]   28.383936      26.335
3    [37, 28]   28.383936      27.642
11   [37, 28]   28.383936      18.893
27   [24, 18]   18.751786      65.978
29   [24, 18]   18.751786      45.143
64     [4, 2]   14.454156      30.560
77    [14, 9]   17.119022      12.834
124  [23, 20]   17.078339      45.263
71     [4, 2]   14.454156       9.629
25   [24, 18]   18.751786      19.467
91     [4, 4]   14.607495      14.879
83    [14, 9]   17.119022      24.338
89    [14, 9]   17.119022      11.455
69     [4, 2]   14.454156       9.069
{'mse': 280.9592939534839, 'mae': 11.450598507339029, 'r2-score': -0.14916069632800721, 'max-error': 65.02924150117944, 'explained variance score': 0.07234376574778634, 'layers': ['mbconv6', 'output']}
