environment: line 5: __conda_exe: command not found
Using device: cuda
Using model: efficientnetB0
Number of videos: 64
Execution type : naive
Using 2 features
Job ID : 60
Plotting ?  yes
Calculate accumulators ?  no
The directory contains : 65 videos
Number of videos in the directory : 65
Number of videos in the dataframe : 64
['conv1', 'mbconv1', 'mbconv2', 'mbconv3', 'mbconv4', 'mbconv5', 'mbconv6', 'mbconv7', 'conv2', 'pool', 'output']
{'conv1': {'T_max': 448.07057094573975, 'T_min': 278.996922403574, 'tau': 100, 'alpha': 50}, 'mbconv1': {'T_max': 1141.3850047588348, 'T_min': 812.3603581190109, 'tau': 100, 'alpha': 50}, 'mbconv2': {'T_max': 953.6717767715454, 'T_min': 642.3899536132812, 'tau': 100, 'alpha': 50}, 'mbconv3': {'T_max': 513.2992756962776, 'T_min': 322.42850029468536, 'tau': 100, 'alpha': 50}, 'mbconv4': {'T_max': 258.70095932483673, 'T_min': 155.41686257719994, 'tau': 100, 'alpha': 50}, 'mbconv5': {'T_max': 325.90665873885155, 'T_min': 182.09475773572922, 'tau': 100, 'alpha': 50}, 'mbconv6': {'T_max': 210.1228244304657, 'T_min': 113.37274000048637, 'tau': 100, 'alpha': 50}, 'mbconv7': {'T_max': 136.23850935697556, 'T_min': 72.70513460040092, 'tau': 100, 'alpha': 50}, 'conv2': {'T_max': 128.36026607453823, 'T_min': 69.14668047428131, 'tau': 100, 'alpha': 50}, 'pool': {'T_max': 5.443593147210777, 'T_min': 2.9237937070429325, 'tau': 100, 'alpha': 50}, 'output': {'T_max': 14.12623843550682, 'T_min': 7.4854159746319056, 'tau': 100, 'alpha': 50}}
Iterating over following combinations of layers :  [['conv1'], ['mbconv1'], ['mbconv2'], ['mbconv3'], ['mbconv4'], ['mbconv5'], ['mbconv6'], ['mbconv7'], ['conv2'], ['pool'], ['output'], ['conv1', 'mbconv1'], ['conv1', 'mbconv2'], ['conv1', 'mbconv3'], ['conv1', 'mbconv4'], ['conv1', 'mbconv5'], ['conv1', 'mbconv6'], ['conv1', 'mbconv7'], ['conv1', 'conv2'], ['conv1', 'pool'], ['conv1', 'output'], ['mbconv1', 'mbconv2'], ['mbconv1', 'mbconv3'], ['mbconv1', 'mbconv4'], ['mbconv1', 'mbconv5'], ['mbconv1', 'mbconv6'], ['mbconv1', 'mbconv7'], ['mbconv1', 'conv2'], ['mbconv1', 'pool'], ['mbconv1', 'output'], ['mbconv2', 'mbconv3'], ['mbconv2', 'mbconv4'], ['mbconv2', 'mbconv5'], ['mbconv2', 'mbconv6'], ['mbconv2', 'mbconv7'], ['mbconv2', 'conv2'], ['mbconv2', 'pool'], ['mbconv2', 'output'], ['mbconv3', 'mbconv4'], ['mbconv3', 'mbconv5'], ['mbconv3', 'mbconv6'], ['mbconv3', 'mbconv7'], ['mbconv3', 'conv2'], ['mbconv3', 'pool'], ['mbconv3', 'output'], ['mbconv4', 'mbconv5'], ['mbconv4', 'mbconv6'], ['mbconv4', 'mbconv7'], ['mbconv4', 'conv2'], ['mbconv4', 'pool'], ['mbconv4', 'output'], ['mbconv5', 'mbconv6'], ['mbconv5', 'mbconv7'], ['mbconv5', 'conv2'], ['mbconv5', 'pool'], ['mbconv5', 'output'], ['mbconv6', 'mbconv7'], ['mbconv6', 'conv2'], ['mbconv6', 'pool'], ['mbconv6', 'output'], ['mbconv7', 'conv2'], ['mbconv7', 'pool'], ['mbconv7', 'output'], ['conv2', 'pool'], ['conv2', 'output'], ['pool', 'output']]
[['mbconv7', 'conv2']]
Generating the training set for videos : 
TRAINING SET : contains 962 samples, 37 patients based on 56 videos
TEST SET : contains 127 samples, 37 patients based on 8 videos
Dataset constituted.
--------------------NAIVE IMPLEMENTATION-------------------
Number of folds : 53
Grid search.
The best parameters are : {'C': 10.0}
Metrics obtained during CV : 
{'r2': array([-2.04846239e-01, -8.04923419e-03, -1.83162507e-03, -8.29230658e-02,
       -5.01284745e-02, -2.03825087e-02, -5.83435922e-04, -3.97568497e-03,
       -3.34988694e-04, -3.65382747e-02, -2.68315103e-01, -5.19249922e-01,
       -3.93669067e-01, -2.57859218e-03, -4.86934836e-02, -2.56456827e-02,
       -2.05548559e-02, -1.39307577e+00, -1.52336017e-01, -1.76618298e-01,
       -1.60939109e-01, -8.90008717e-01, -4.58339575e-02, -4.27449238e-01,
       -3.42329470e-02, -1.75972276e-01, -4.72762369e-02, -2.74028428e-01,
       -2.58815116e-01, -1.68331098e-01, -2.71995257e-01, -1.86866503e-01,
       -3.99479504e-01, -1.31579312e-02, -5.48221837e-01, -2.40587537e-05,
       -8.69879613e-02, -6.89894792e-02, -3.41132928e-02, -4.98235751e-02,
       -6.69862879e-04, -4.22312907e-02, -7.36282615e-01, -1.98700750e-01,
       -2.30944438e-01, -3.61672304e-02, -2.10280060e-01, -1.42547431e-01,
       -2.93451412e-01, -8.46489055e-01, -4.17861833e-02, -7.96975916e-02,
       -3.78919227e-04]), 'neg_mean_absolute_error': array([ -9.20896181, -11.13918549,  -8.4491175 , -10.92152755,
       -10.37754518,  -5.61878785,  -8.49355958,  -6.34218233,
        -6.6878759 ,  -7.75231224,  -8.18077588, -13.58117895,
       -14.94018882, -13.34397898,  -6.95276708,  -7.91422868,
       -13.79050247,  -7.23761204,  -8.43420866,  -9.79105821,
        -9.17311111, -14.95239434,  -8.25049546, -11.42574064,
        -8.12394083,  -9.57606261,  -8.661     , -15.83914596,
       -10.48122222, -10.25894444, -12.26971449, -11.1544276 ,
       -12.27344234,  -8.68528886, -12.5687422 , -10.57330516,
        -9.44361111,  -6.68548081,  -6.19834578,  -7.33104396,
        -7.18356931, -11.64372222, -14.89378787,  -9.23066511,
       -20.32732924,  -7.91636588,  -9.70265393,  -5.75872677,
        -9.44660952, -18.56681657,  -8.24626568, -14.05912536,
       -11.15902757]), 'neg_mean_squared_error': array([-134.37331003, -192.39875134,  -95.17053214, -190.6229862 ,
       -134.38570132,  -47.09018945, -127.54013782,  -93.24158151,
        -65.2728014 ,  -80.57780588, -118.15913852, -313.32999762,
       -420.79984124, -255.59086308,  -76.43777317,  -83.8259898 ,
       -255.41469527,  -67.40905949, -110.31970123, -217.32753632,
       -167.87161316, -409.86706894, -113.39341802, -279.14835414,
       -117.70737897, -284.3636038 , -145.57442065, -496.4793424 ,
       -237.14528588, -170.90192413, -249.50231831, -219.81668307,
       -304.0226601 , -117.62126098, -219.88588475, -189.87273691,
       -178.52507485,  -79.38392172,  -66.05398955, -112.7559676 ,
        -80.60909091, -236.81845471, -425.27950611, -186.09712545,
       -724.48847317, -106.19445556, -158.96846465,  -49.80586093,
       -228.51650978, -574.09834147, -123.84239328, -327.27627229,
       -233.48309746]), 'max_error': array([-34.33378171, -32.15815853, -17.2245535 , -34.2069765 ,
       -22.12237737, -14.92529011, -28.65707359, -33.08690714,
       -18.40578596, -17.23502246, -26.99710597, -33.66748573,
       -62.1982268 , -30.92147989, -21.49548936, -18.7604483 ,
       -29.01069061, -12.43097525, -26.30712207, -47.23226197,
       -35.42241562, -49.22992484, -23.27795917, -49.97591644,
       -31.28275812, -49.60003175, -32.72950023, -59.95210454,
       -36.47955205, -32.08412641, -35.24696521, -36.60861613,
       -47.08212027, -24.90828006, -28.61089327, -38.82275358,
       -39.01561593, -25.55517268, -18.144972  , -34.58489563,
       -20.42909405, -45.32433636, -52.03061817, -43.73249532,
       -69.19848157, -25.52821994, -33.17982337, -14.2435207 ,
       -51.73390883, -49.52544379, -34.94051659, -40.84549714,
       -48.49525981]), 'explained_variance': array([-4.44089210e-16,  0.00000000e+00,  1.11022302e-16,  3.33066907e-16,
        0.00000000e+00,  0.00000000e+00,  0.00000000e+00, -2.22044605e-16,
        0.00000000e+00,  3.33066907e-16,  3.33066907e-16, -2.22044605e-16,
        0.00000000e+00,  0.00000000e+00,  0.00000000e+00,  0.00000000e+00,
        0.00000000e+00,  0.00000000e+00,  0.00000000e+00,  0.00000000e+00,
        0.00000000e+00, -2.22044605e-16, -2.22044605e-16,  1.11022302e-16,
        0.00000000e+00,  0.00000000e+00,  0.00000000e+00,  1.11022302e-16,
        0.00000000e+00,  0.00000000e+00,  0.00000000e+00,  0.00000000e+00,
        1.11022302e-16,  0.00000000e+00,  0.00000000e+00,  3.33066907e-16,
        0.00000000e+00,  0.00000000e+00,  0.00000000e+00,  2.22044605e-16,
        0.00000000e+00,  0.00000000e+00,  0.00000000e+00,  0.00000000e+00,
       -4.44089210e-16, -2.22044605e-16,  0.00000000e+00,  0.00000000e+00,
        0.00000000e+00, -2.22044605e-16, -2.22044605e-16, -2.22044605e-16,
        0.00000000e+00])}
         accs  y_pred (s)  y_true (s)
54     [2, 2]   14.304112      19.499
4    [34, 32]   27.971915      26.335
3    [34, 32]   27.971915      27.642
11   [34, 32]   27.971915      18.893
27   [22, 18]   14.506088      65.978
29   [22, 18]   14.506088      45.143
64     [2, 2]   14.304112      30.560
77    [11, 7]   18.359301      12.834
124  [21, 18]   14.606441      45.263
71     [2, 2]   14.304112       9.629
25   [22, 18]   14.506088      19.467
91     [3, 5]   14.104815      14.879
83    [11, 7]   18.359301      24.338
89    [11, 7]   18.359301      11.455
69     [2, 2]   14.304112       9.069
{'mse': 309.4716790218783, 'mae': 12.10968347966518, 'r2-score': -0.2657801247801339, 'max-error': 63.84965437673601, 'explained variance score': 0.00603352941403934, 'layers': ['mbconv7', 'conv2']}
