environment: line 5: __conda_exe: command not found
Using device: cuda
Using model: efficientnetB0
Number of videos: 64
Execution type : naive
Using 2 features
Job ID : 14
Plotting ?  yes
Calculate accumulators ?  no
The directory contains : 65 videos
Number of videos in the directory : 65
Number of videos in the dataframe : 64
['conv1', 'mbconv1', 'mbconv2', 'mbconv3', 'mbconv4', 'mbconv5', 'mbconv6', 'mbconv7', 'conv2', 'pool', 'output']
{'conv1': {'T_max': 448.07057094573975, 'T_min': 278.996922403574, 'tau': 100, 'alpha': 50}, 'mbconv1': {'T_max': 1141.3850047588348, 'T_min': 812.3603581190109, 'tau': 100, 'alpha': 50}, 'mbconv2': {'T_max': 953.6717767715454, 'T_min': 642.3899536132812, 'tau': 100, 'alpha': 50}, 'mbconv3': {'T_max': 513.2992756962776, 'T_min': 322.42850029468536, 'tau': 100, 'alpha': 50}, 'mbconv4': {'T_max': 258.70095932483673, 'T_min': 155.41686257719994, 'tau': 100, 'alpha': 50}, 'mbconv5': {'T_max': 325.90665873885155, 'T_min': 182.09475773572922, 'tau': 100, 'alpha': 50}, 'mbconv6': {'T_max': 210.1228244304657, 'T_min': 113.37274000048637, 'tau': 100, 'alpha': 50}, 'mbconv7': {'T_max': 136.23850935697556, 'T_min': 72.70513460040092, 'tau': 100, 'alpha': 50}, 'conv2': {'T_max': 128.36026607453823, 'T_min': 69.14668047428131, 'tau': 100, 'alpha': 50}, 'pool': {'T_max': 5.443593147210777, 'T_min': 2.9237937070429325, 'tau': 100, 'alpha': 50}, 'output': {'T_max': 14.12623843550682, 'T_min': 7.4854159746319056, 'tau': 100, 'alpha': 50}}
Iterating over following combinations of layers :  [['conv1'], ['mbconv1'], ['mbconv2'], ['mbconv3'], ['mbconv4'], ['mbconv5'], ['mbconv6'], ['mbconv7'], ['conv2'], ['pool'], ['output'], ['conv1', 'mbconv1'], ['conv1', 'mbconv2'], ['conv1', 'mbconv3'], ['conv1', 'mbconv4'], ['conv1', 'mbconv5'], ['conv1', 'mbconv6'], ['conv1', 'mbconv7'], ['conv1', 'conv2'], ['conv1', 'pool'], ['conv1', 'output'], ['mbconv1', 'mbconv2'], ['mbconv1', 'mbconv3'], ['mbconv1', 'mbconv4'], ['mbconv1', 'mbconv5'], ['mbconv1', 'mbconv6'], ['mbconv1', 'mbconv7'], ['mbconv1', 'conv2'], ['mbconv1', 'pool'], ['mbconv1', 'output'], ['mbconv2', 'mbconv3'], ['mbconv2', 'mbconv4'], ['mbconv2', 'mbconv5'], ['mbconv2', 'mbconv6'], ['mbconv2', 'mbconv7'], ['mbconv2', 'conv2'], ['mbconv2', 'pool'], ['mbconv2', 'output'], ['mbconv3', 'mbconv4'], ['mbconv3', 'mbconv5'], ['mbconv3', 'mbconv6'], ['mbconv3', 'mbconv7'], ['mbconv3', 'conv2'], ['mbconv3', 'pool'], ['mbconv3', 'output'], ['mbconv4', 'mbconv5'], ['mbconv4', 'mbconv6'], ['mbconv4', 'mbconv7'], ['mbconv4', 'conv2'], ['mbconv4', 'pool'], ['mbconv4', 'output'], ['mbconv5', 'mbconv6'], ['mbconv5', 'mbconv7'], ['mbconv5', 'conv2'], ['mbconv5', 'pool'], ['mbconv5', 'output'], ['mbconv6', 'mbconv7'], ['mbconv6', 'conv2'], ['mbconv6', 'pool'], ['mbconv6', 'output'], ['mbconv7', 'conv2'], ['mbconv7', 'pool'], ['mbconv7', 'output'], ['conv2', 'pool'], ['conv2', 'output'], ['pool', 'output']]
[['conv1', 'mbconv4']]
Generating the training set for videos : 
TRAINING SET : contains 962 samples, 37 patients based on 56 videos
TEST SET : contains 127 samples, 37 patients based on 8 videos
Dataset constituted.
--------------------NAIVE IMPLEMENTATION-------------------
Number of folds : 53
Grid search.
The best parameters are : {'C': 1}
Metrics obtained during CV : 
{'r2': array([-2.26115471e-01, -3.30694160e-02, -1.25714431e-02, -1.88940839e-01,
       -2.68613816e-03, -3.71904307e-02, -7.94456516e-02, -5.66429349e-02,
       -5.41124143e-02, -9.06020200e-03, -5.08838837e-02, -4.40429198e-01,
       -2.30446506e-01, -2.40374327e-01, -2.03555610e-01, -5.89254941e-02,
       -5.95199447e-03, -5.40050888e-01, -5.89234796e-05, -4.70641687e-02,
       -7.28570832e-02, -7.46628441e-01, -1.59279894e-02, -3.03083946e-01,
       -1.33897373e-02, -6.80837524e-02, -4.07611927e-03, -5.01587098e-01,
       -1.84921818e-01, -1.48089557e-02, -3.08663484e-01, -4.29226644e-01,
       -6.47264396e-01, -2.48202555e-02, -3.13750368e-01, -4.26016669e-01,
       -5.69402204e-02, -2.03902762e-01, -4.29138493e-01, -2.37911800e-02,
       -3.13053617e-05, -5.03697658e-01, -7.81122340e-01, -1.49127101e-01,
       -3.47863059e-01, -4.74050252e-05, -1.67702106e-01, -1.22581047e-01,
       -2.63799309e-01, -4.78218643e-01, -1.21562721e-03, -2.24298074e-01,
       -7.33084413e-02]), 'neg_mean_absolute_error': array([ -9.4000255 , -11.1505261 ,  -8.62692902, -10.84123395,
        -9.73493199,  -5.76349157,  -7.99608424,  -6.08730815,
        -7.09464043,  -7.6187159 ,  -7.64363378, -13.27990586,
       -13.99667755, -13.92046932,  -7.75531643,  -7.48141314,
       -13.38187976,  -5.78333015,  -8.8668761 ,  -9.52688889,
        -9.17311111, -14.2831977 ,  -8.34086301, -11.00307413,
        -7.79532383,  -9.56335011,  -8.7225863 , -17.19731278,
       -10.48122222, -10.25894444, -12.39997346, -12.22309839,
       -13.40332882,  -8.94170484, -11.87863388, -11.88144976,
        -9.44361111,  -8.40974245,  -8.39486334,  -7.2516263 ,
        -7.10264609, -13.5460824 , -15.11760799,  -8.98317484,
       -21.19038689,  -7.82651537,  -9.66092298,  -5.69938735,
        -9.29282879, -16.55367677,  -8.11861041, -14.33743436,
       -10.00893144]), 'neg_mean_squared_error': array([-136.74541114, -197.17416466,  -96.19077763, -209.2849071 ,
       -128.31447118,  -47.86586741, -137.59237083,  -98.13291279,
        -68.78182914,  -78.44173155,  -97.90274839, -297.07401702,
       -371.5169597 , -316.21296062,  -87.7254528 ,  -86.54594776,
       -251.76003097,  -43.38073342,  -95.74134625, -193.39821287,
       -155.13496603, -378.77363914, -110.15089571, -254.82779293,
       -115.33518654, -258.27491961, -139.56947957, -585.15725281,
       -223.22469731, -148.44490868, -256.69480387, -264.70362032,
       -357.85140271, -118.97518344, -186.58512298, -270.75517369,
       -173.5900844 ,  -89.4026784 ,  -91.28622536, -109.95996648,
        -80.55765182, -341.67402086, -436.26240476, -178.40086461,
       -793.30245879, -102.49261567, -153.37591449,  -48.93548748,
       -223.27781655, -459.59810548, -119.01956605, -371.10734813,
       -250.50445846]), 'max_error': array([-34.0917677 , -33.43099588, -16.54886972, -36.15344497,
       -24.06885844, -14.58507336, -31.56660052, -34.77285477,
       -16.67456637, -18.08113265, -24.17468059, -32.84974447,
       -59.63726764, -39.56038343, -19.5275542 , -15.19184964,
       -32.49928453, -10.06703899, -22.41311509, -44.46905562,
       -33.84411873, -48.06175586, -22.36286645, -48.53183361,
       -32.02214637, -47.134349  , -30.91872329, -63.59920375,
       -35.39917626, -28.59375775, -35.72375372, -39.64172138,
       -49.62436485, -24.44673128, -26.46235248, -47.74888696,
       -38.29389907, -19.40045448, -16.98646168, -33.87013672,
       -20.61117129, -52.92481039, -52.43349439, -42.99002451,
       -71.848494  , -23.5332387 , -32.6176907 , -14.42468302,
       -51.36044134, -45.49610103, -32.33162295, -44.17597491,
       -52.33427425]), 'explained_variance': array([-4.44089210e-16,  1.11022302e-16,  1.11022302e-16,  3.33066907e-16,
        0.00000000e+00,  0.00000000e+00,  0.00000000e+00,  0.00000000e+00,
        0.00000000e+00,  3.33066907e-16,  0.00000000e+00,  1.11022302e-16,
        0.00000000e+00,  1.11022302e-16,  2.22044605e-16,  0.00000000e+00,
        0.00000000e+00,  0.00000000e+00,  0.00000000e+00,  0.00000000e+00,
        0.00000000e+00, -2.22044605e-16, -2.22044605e-16, -2.22044605e-16,
        0.00000000e+00, -2.22044605e-16,  0.00000000e+00,  0.00000000e+00,
        1.11022302e-16, -2.22044605e-16,  0.00000000e+00,  0.00000000e+00,
        0.00000000e+00,  0.00000000e+00,  0.00000000e+00,  3.33066907e-16,
        0.00000000e+00,  0.00000000e+00,  0.00000000e+00,  2.22044605e-16,
        0.00000000e+00,  1.11022302e-16,  0.00000000e+00,  0.00000000e+00,
       -4.44089210e-16, -2.22044605e-16, -2.22044605e-16,  0.00000000e+00,
       -2.22044605e-16,  0.00000000e+00,  0.00000000e+00, -2.22044605e-16,
       -2.22044605e-16])}
         accs  y_pred (s)  y_true (s)
54     [2, 9]   14.877276      19.499
4    [32, 42]   22.861297      26.335
3    [32, 42]   22.861297      27.642
11   [32, 42]   22.861297      18.893
27   [31, 26]   19.156737      65.978
29   [31, 26]   19.156737      45.143
64     [2, 9]   14.877276      30.560
77   [17, 14]   17.886491      12.834
124  [25, 23]   18.248272      45.263
71     [2, 9]   14.877276       9.629
25   [31, 26]   19.156737      19.467
91    [16, 2]   18.158435      14.879
83   [17, 14]   17.886491      24.338
89   [17, 14]   17.886491      11.455
69     [2, 9]   14.877276       9.069
{'mse': 279.75143721417714, 'mae': 11.460443735857933, 'r2-score': -0.14422040240829093, 'max-error': 64.87222260544146, 'explained variance score': 0.06877378230611864, 'layers': ['conv1', 'mbconv4']}
