environment: line 5: __conda_exe: command not found
Using device: cuda
Using model: efficientnetB0
Number of videos: 64
Execution type : naive
Using 2 features
Job ID : 15
Plotting ?  yes
Calculate accumulators ?  no
The directory contains : 65 videos
Number of videos in the directory : 65
Number of videos in the dataframe : 64
['conv1', 'mbconv1', 'mbconv2', 'mbconv3', 'mbconv4', 'mbconv5', 'mbconv6', 'mbconv7', 'conv2', 'pool', 'output']
{'conv1': {'T_max': 448.07057094573975, 'T_min': 278.996922403574, 'tau': 100, 'alpha': 50}, 'mbconv1': {'T_max': 1141.3850047588348, 'T_min': 812.3603581190109, 'tau': 100, 'alpha': 50}, 'mbconv2': {'T_max': 953.6717767715454, 'T_min': 642.3899536132812, 'tau': 100, 'alpha': 50}, 'mbconv3': {'T_max': 513.2992756962776, 'T_min': 322.42850029468536, 'tau': 100, 'alpha': 50}, 'mbconv4': {'T_max': 258.70095932483673, 'T_min': 155.41686257719994, 'tau': 100, 'alpha': 50}, 'mbconv5': {'T_max': 325.90665873885155, 'T_min': 182.09475773572922, 'tau': 100, 'alpha': 50}, 'mbconv6': {'T_max': 210.1228244304657, 'T_min': 113.37274000048637, 'tau': 100, 'alpha': 50}, 'mbconv7': {'T_max': 136.23850935697556, 'T_min': 72.70513460040092, 'tau': 100, 'alpha': 50}, 'conv2': {'T_max': 128.36026607453823, 'T_min': 69.14668047428131, 'tau': 100, 'alpha': 50}, 'pool': {'T_max': 5.443593147210777, 'T_min': 2.9237937070429325, 'tau': 100, 'alpha': 50}, 'output': {'T_max': 14.12623843550682, 'T_min': 7.4854159746319056, 'tau': 100, 'alpha': 50}}
Iterating over following combinations of layers :  [['conv1'], ['mbconv1'], ['mbconv2'], ['mbconv3'], ['mbconv4'], ['mbconv5'], ['mbconv6'], ['mbconv7'], ['conv2'], ['pool'], ['output'], ['conv1', 'mbconv1'], ['conv1', 'mbconv2'], ['conv1', 'mbconv3'], ['conv1', 'mbconv4'], ['conv1', 'mbconv5'], ['conv1', 'mbconv6'], ['conv1', 'mbconv7'], ['conv1', 'conv2'], ['conv1', 'pool'], ['conv1', 'output'], ['mbconv1', 'mbconv2'], ['mbconv1', 'mbconv3'], ['mbconv1', 'mbconv4'], ['mbconv1', 'mbconv5'], ['mbconv1', 'mbconv6'], ['mbconv1', 'mbconv7'], ['mbconv1', 'conv2'], ['mbconv1', 'pool'], ['mbconv1', 'output'], ['mbconv2', 'mbconv3'], ['mbconv2', 'mbconv4'], ['mbconv2', 'mbconv5'], ['mbconv2', 'mbconv6'], ['mbconv2', 'mbconv7'], ['mbconv2', 'conv2'], ['mbconv2', 'pool'], ['mbconv2', 'output'], ['mbconv3', 'mbconv4'], ['mbconv3', 'mbconv5'], ['mbconv3', 'mbconv6'], ['mbconv3', 'mbconv7'], ['mbconv3', 'conv2'], ['mbconv3', 'pool'], ['mbconv3', 'output'], ['mbconv4', 'mbconv5'], ['mbconv4', 'mbconv6'], ['mbconv4', 'mbconv7'], ['mbconv4', 'conv2'], ['mbconv4', 'pool'], ['mbconv4', 'output'], ['mbconv5', 'mbconv6'], ['mbconv5', 'mbconv7'], ['mbconv5', 'conv2'], ['mbconv5', 'pool'], ['mbconv5', 'output'], ['mbconv6', 'mbconv7'], ['mbconv6', 'conv2'], ['mbconv6', 'pool'], ['mbconv6', 'output'], ['mbconv7', 'conv2'], ['mbconv7', 'pool'], ['mbconv7', 'output'], ['conv2', 'pool'], ['conv2', 'output'], ['pool', 'output']]
[['conv1', 'mbconv5']]
Generating the training set for videos : 
TRAINING SET : contains 962 samples, 37 patients based on 56 videos
TEST SET : contains 127 samples, 37 patients based on 8 videos
Dataset constituted.
--------------------NAIVE IMPLEMENTATION-------------------
Number of folds : 53
Grid search.
The best parameters are : {'C': 1}
Metrics obtained during CV : 
{'r2': array([-2.00932829e-01, -2.62408487e-02, -1.45775227e-02, -2.29952311e-01,
       -1.41613977e-02, -3.59701816e-02, -6.10614019e-02, -6.21593591e-02,
       -3.04677911e-02, -1.09069487e-04, -8.09989203e-02, -5.88358410e-01,
       -2.34956847e-01, -2.42060019e-01, -1.46111022e-01, -3.02153021e-01,
       -1.94295922e-03, -5.39354134e-01, -3.04036057e-05, -6.68749147e-02,
       -8.12241397e-02, -7.30211594e-01, -6.64072488e-03, -2.39364880e-01,
       -8.61315011e-03, -8.87629715e-02, -1.84940409e-02, -3.87869412e-01,
       -1.90836429e-01, -4.60112651e-03, -2.23390443e-01, -3.29785811e-01,
       -6.20968927e-01, -1.50840593e-02, -3.96330549e-01, -5.36159454e-01,
       -8.02132718e-02, -1.02028291e-01, -4.72430813e-01, -3.78022394e-02,
       -3.11204446e-05, -4.95819429e-01, -7.60982368e-01, -1.54598467e-01,
       -2.74518238e-01, -3.27605183e-03, -1.75455281e-01, -1.06876467e-01,
       -2.91117582e-01, -5.86889580e-01, -5.85222526e-03, -2.32171072e-01,
       -7.83294142e-02]), 'neg_mean_absolute_error': array([ -9.17274343, -11.13608569,  -8.64902554, -10.91883584,
        -9.94038255,  -5.75322601,  -7.99033462,  -6.0930498 ,
        -6.97119775,  -7.50074398,  -7.73359383, -13.87594506,
       -14.0266062 , -13.92767998,  -7.47657221,  -8.42323478,
       -13.40941491,  -5.7824029 ,  -8.85253631,  -9.52688889,
        -9.17311111, -14.20537108,  -8.4443315 , -10.85609605,
        -7.6929922 ,  -9.4994168 ,  -8.661     , -16.49265548,
       -10.48122222, -10.25894444, -12.11755499, -11.79854275,
       -13.29516628,  -8.7338297 , -12.12830572, -12.36849828,
        -9.44361111,  -7.90365877,  -8.56669208,  -7.29789882,
        -7.10258008, -13.50875179, -15.01789524,  -9.01233238,
       -20.6578382 ,  -7.83719912,  -9.66723269,  -5.65434312,
        -9.43479624, -17.11989257,  -8.16422595, -14.35536731,
        -9.9741046 ]), 'neg_mean_squared_error': array([-133.93685771, -195.87084754,  -96.38134824, -216.50400651,
       -129.78296846,  -47.80955347, -135.2490083 ,  -98.64523607,
        -67.23899518,  -77.74589364, -100.70833414, -327.58292734,
       -372.8787972 , -316.64269986,  -83.53839868, -106.42492594,
       -250.75668802,  -43.36110699,  -95.73861588, -197.05736097,
       -156.34484109, -375.21348363, -109.14393407, -242.36705404,
       -114.79155702, -263.27539231, -141.5736123 , -540.8423217 ,
       -224.33893721, -146.95172096, -239.96846691, -246.28642353,
       -352.13897997, -117.84487232, -198.31355613, -291.66778278,
       -177.41241122,  -81.83740744,  -94.05152242, -111.46481986,
        -80.55763693, -339.88390954, -431.32938466, -179.25028878,
       -750.13440376, -102.82351244, -154.39428231,  -48.25089433,
       -228.10418745, -493.38536489, -119.57074192, -373.49379907,
       -251.67632672]), 'max_error': array([-34.37965832, -33.15662809, -16.46490295, -36.74862698,
       -23.30896165, -14.60674509, -31.17421404, -34.88194619,
       -17.14364856, -18.82828813, -24.74442758, -34.33463238,
       -59.71850255, -39.58778391, -20.11601423, -17.96671786,
       -31.97611668, -10.06452216, -22.54217322, -45.03522859,
       -34.02543092, -47.92108494, -21.89725827, -47.67486448,
       -32.2665234 , -47.70974884, -31.76934808, -61.91263309,
       -35.49282385, -27.94233867, -34.56224745, -38.5409616 ,
       -49.38099913, -24.82090655, -27.28958382, -48.84474614,
       -38.86544665, -20.53914276, -17.24420479, -34.2865894 ,
       -20.61131982, -52.84081652, -52.25401144, -43.07749713,
       -70.25084795, -24.18238505, -32.72495573, -14.57783339,
       -51.70521945, -46.81068597, -33.54584121, -44.31943852,
       -52.47358161]), 'explained_variance': array([ 0.00000000e+00,  1.11022302e-16,  1.11022302e-16,  1.11022302e-16,
        0.00000000e+00,  0.00000000e+00,  0.00000000e+00, -2.22044605e-16,
        0.00000000e+00,  3.33066907e-16,  3.33066907e-16, -2.22044605e-16,
        0.00000000e+00,  0.00000000e+00,  2.22044605e-16,  0.00000000e+00,
        0.00000000e+00,  0.00000000e+00,  0.00000000e+00, -2.22044605e-16,
        0.00000000e+00, -2.22044605e-16, -2.22044605e-16, -2.22044605e-16,
        0.00000000e+00,  0.00000000e+00,  0.00000000e+00,  0.00000000e+00,
        0.00000000e+00, -2.22044605e-16, -2.22044605e-16, -2.22044605e-16,
        1.11022302e-16,  0.00000000e+00,  0.00000000e+00,  4.44089210e-16,
        0.00000000e+00,  0.00000000e+00,  0.00000000e+00,  2.22044605e-16,
        0.00000000e+00,  1.11022302e-16,  0.00000000e+00,  0.00000000e+00,
       -4.44089210e-16, -2.22044605e-16,  0.00000000e+00,  0.00000000e+00,
        0.00000000e+00,  0.00000000e+00,  0.00000000e+00,  0.00000000e+00,
       -2.22044605e-16])}
         accs  y_pred (s)  y_true (s)
54     [2, 9]   15.244936      19.499
4    [32, 39]   23.058862      26.335
3    [32, 39]   23.058862      27.642
11   [32, 39]   23.058862      18.893
27   [31, 26]   19.787154      65.978
29   [31, 26]   19.787154      45.143
64     [2, 9]   15.244936      30.560
77   [17, 14]   16.897431      12.834
124  [25, 24]   19.527839      45.263
71     [2, 9]   15.244936       9.629
25   [31, 26]   19.787154      19.467
91    [16, 3]   17.693946      14.879
83   [17, 14]   16.897431      24.338
89   [17, 14]   16.897431      11.455
69     [2, 9]   15.244936       9.069
{'mse': 274.51475226174773, 'mae': 11.33395544311283, 'r2-score': -0.1228016678944559, 'max-error': 65.30674517635465, 'explained variance score': 0.08527360615193036, 'layers': ['conv1', 'mbconv5']}
