environment: line 5: __conda_exe: command not found
Using device: cuda
Using model: efficientnetB0
Number of videos: 64
Execution type : naive
Using 2 features
Job ID : 24
Plotting ?  yes
Calculate accumulators ?  no
The directory contains : 65 videos
Number of videos in the directory : 65
Number of videos in the dataframe : 64
['conv1', 'mbconv1', 'mbconv2', 'mbconv3', 'mbconv4', 'mbconv5', 'mbconv6', 'mbconv7', 'conv2', 'pool', 'output']
{'conv1': {'T_max': 448.07057094573975, 'T_min': 278.996922403574, 'tau': 100, 'alpha': 50}, 'mbconv1': {'T_max': 1141.3850047588348, 'T_min': 812.3603581190109, 'tau': 100, 'alpha': 50}, 'mbconv2': {'T_max': 953.6717767715454, 'T_min': 642.3899536132812, 'tau': 100, 'alpha': 50}, 'mbconv3': {'T_max': 513.2992756962776, 'T_min': 322.42850029468536, 'tau': 100, 'alpha': 50}, 'mbconv4': {'T_max': 258.70095932483673, 'T_min': 155.41686257719994, 'tau': 100, 'alpha': 50}, 'mbconv5': {'T_max': 325.90665873885155, 'T_min': 182.09475773572922, 'tau': 100, 'alpha': 50}, 'mbconv6': {'T_max': 210.1228244304657, 'T_min': 113.37274000048637, 'tau': 100, 'alpha': 50}, 'mbconv7': {'T_max': 136.23850935697556, 'T_min': 72.70513460040092, 'tau': 100, 'alpha': 50}, 'conv2': {'T_max': 128.36026607453823, 'T_min': 69.14668047428131, 'tau': 100, 'alpha': 50}, 'pool': {'T_max': 5.443593147210777, 'T_min': 2.9237937070429325, 'tau': 100, 'alpha': 50}, 'output': {'T_max': 14.12623843550682, 'T_min': 7.4854159746319056, 'tau': 100, 'alpha': 50}}
Iterating over following combinations of layers :  [['conv1'], ['mbconv1'], ['mbconv2'], ['mbconv3'], ['mbconv4'], ['mbconv5'], ['mbconv6'], ['mbconv7'], ['conv2'], ['pool'], ['output'], ['conv1', 'mbconv1'], ['conv1', 'mbconv2'], ['conv1', 'mbconv3'], ['conv1', 'mbconv4'], ['conv1', 'mbconv5'], ['conv1', 'mbconv6'], ['conv1', 'mbconv7'], ['conv1', 'conv2'], ['conv1', 'pool'], ['conv1', 'output'], ['mbconv1', 'mbconv2'], ['mbconv1', 'mbconv3'], ['mbconv1', 'mbconv4'], ['mbconv1', 'mbconv5'], ['mbconv1', 'mbconv6'], ['mbconv1', 'mbconv7'], ['mbconv1', 'conv2'], ['mbconv1', 'pool'], ['mbconv1', 'output'], ['mbconv2', 'mbconv3'], ['mbconv2', 'mbconv4'], ['mbconv2', 'mbconv5'], ['mbconv2', 'mbconv6'], ['mbconv2', 'mbconv7'], ['mbconv2', 'conv2'], ['mbconv2', 'pool'], ['mbconv2', 'output'], ['mbconv3', 'mbconv4'], ['mbconv3', 'mbconv5'], ['mbconv3', 'mbconv6'], ['mbconv3', 'mbconv7'], ['mbconv3', 'conv2'], ['mbconv3', 'pool'], ['mbconv3', 'output'], ['mbconv4', 'mbconv5'], ['mbconv4', 'mbconv6'], ['mbconv4', 'mbconv7'], ['mbconv4', 'conv2'], ['mbconv4', 'pool'], ['mbconv4', 'output'], ['mbconv5', 'mbconv6'], ['mbconv5', 'mbconv7'], ['mbconv5', 'conv2'], ['mbconv5', 'pool'], ['mbconv5', 'output'], ['mbconv6', 'mbconv7'], ['mbconv6', 'conv2'], ['mbconv6', 'pool'], ['mbconv6', 'output'], ['mbconv7', 'conv2'], ['mbconv7', 'pool'], ['mbconv7', 'output'], ['conv2', 'pool'], ['conv2', 'output'], ['pool', 'output']]
[['mbconv1', 'mbconv5']]
Generating the training set for videos : 
TRAINING SET : contains 962 samples, 37 patients based on 56 videos
TEST SET : contains 127 samples, 37 patients based on 8 videos
Dataset constituted.
--------------------NAIVE IMPLEMENTATION-------------------
Number of folds : 53
Grid search.
The best parameters are : {'C': 10.0}
Metrics obtained during CV : 
{'r2': array([-1.09673992e-01, -6.51754753e-02, -3.93522342e-03, -1.17376781e-01,
       -1.46754895e-01, -2.51055745e-03, -4.65180241e-04, -1.30546893e-01,
       -6.99315255e-02, -8.47511914e-02, -2.37134611e-01, -4.56171610e-01,
       -8.05949642e-02, -1.23317862e-01, -2.63492932e-01, -3.18317105e-01,
       -1.02020868e-03, -3.00842705e-01, -6.26471639e-02, -7.61357994e-02,
       -9.77700471e-02, -7.90543182e-01, -6.14230804e-03, -8.74260419e-02,
       -7.07147690e-02, -3.26835858e-02, -3.05386095e-02, -2.58661181e-01,
       -3.36586142e-01, -5.17084474e-03, -5.03373604e-01, -8.13665332e-02,
       -3.73439097e-01, -3.25683138e-03, -6.09639737e-01, -6.70661620e-01,
       -5.72819979e-02, -3.08007596e-01, -3.02982179e-01, -1.38657073e-02,
       -1.59715368e-02, -4.76479590e-01, -5.47204250e-01, -9.61826989e-02,
       -8.02641072e-02, -7.96131149e-04, -2.99682149e-01, -2.68868549e-02,
       -2.48303692e-01, -3.43636008e-01, -1.07918019e-01, -1.44213442e-01,
       -1.16934047e-01]), 'neg_mean_absolute_error': array([ -8.19656677, -12.65426495,  -8.50024587, -10.88337353,
       -11.04101524,  -5.38687268,  -8.50124391,  -6.14985499,
        -7.16229193,  -8.02824565,  -8.07132478, -13.34210785,
       -13.29686291, -13.35919106,  -8.06442183,  -8.48537776,
       -13.41952161,  -5.41887127,  -9.2066159 ,  -9.52688889,
        -9.17311111, -14.488123  ,  -8.45154578, -10.63555556,
        -8.57878502,  -9.74514262,  -8.661     , -15.74116787,
       -10.7373761 , -10.25894444, -13.34021868, -10.73440419,
       -12.13622319,  -7.71716948, -12.72912781, -12.89952196,
        -9.44361111,  -6.73478456,  -7.83728352,  -7.38971506,
        -6.71724043, -13.4158332 , -13.86488713,  -8.76001317,
       -19.58377778,  -7.83921794, -10.07284213,  -5.46282092,
        -9.20901841, -16.00743114,  -8.32585239, -14.13319693,
        -9.73699282]), 'neg_mean_squared_error': array([-123.75900132, -203.30200595,  -95.3703667 , -196.68774773,
       -146.75105429,  -46.26540701, -127.52506426, -104.99654712,
        -69.81404106,  -84.32575339, -115.25429257, -300.3207309 ,
       -326.2712793 , -286.37134699,  -92.09419876, -107.74601607,
       -250.52575085,  -36.64262723, -101.73327559, -198.76789468,
       -158.73737671, -388.29698477, -109.08989376, -212.65428   ,
       -121.85942196, -249.71475272, -143.24784211, -490.49084121,
       -251.79639067, -147.03505859, -294.88726261, -200.27728809,
       -298.36564698, -116.47180558, -228.60874925, -317.2054627 ,
       -173.64621736,  -97.13357765,  -83.22799042, -108.89392424,
        -81.84171924, -335.48946189, -378.96725671, -170.18129768,
       -635.80359059, -102.56935093, -170.71129445,  -44.76399183,
       -220.54017653, -417.7545498 , -131.70381905, -346.83221767,
       -260.68644186]), 'max_error': array([-35.61614875, -27.39170941, -17.03026571, -34.93190293,
       -20.32153007, -15.55477416, -28.62787316, -35.96124489,
       -16.41749067, -16.35359252, -26.69763416, -33.01857844,
       -56.22879846, -37.33921005, -18.99699887, -18.09790861,
       -31.78408944, -10.42520654, -20.03922847, -45.27069056,
       -34.35832449, -48.4306214 , -21.86479398, -44.96794063,
       -30.41968696, -45.88810822, -32.22632883, -59.65817029,
       -37.45984623, -27.99164802, -37.87936703, -34.60763774,
       -46.77337718, -26.75911866, -29.09205008, -50.03954941,
       -38.30306319, -28.07428052, -16.15009195, -31.05126612,
       -21.79566805, -52.63174969, -50.17859684, -42.04261849,
       -64.41294965, -23.31729507, -34.19833089, -15.65368144,
       -51.15690186, -43.63886589, -36.29349065, -42.54207547,
       -53.42202872]), 'explained_variance': array([-4.44089210e-16,  0.00000000e+00,  1.11022302e-16,  3.33066907e-16,
        0.00000000e+00,  0.00000000e+00,  0.00000000e+00, -4.44089210e-16,
        0.00000000e+00,  3.33066907e-16,  0.00000000e+00,  0.00000000e+00,
       -2.22044605e-16,  0.00000000e+00,  2.22044605e-16,  0.00000000e+00,
        2.22044605e-16,  0.00000000e+00,  0.00000000e+00,  0.00000000e+00,
        2.22044605e-16, -2.22044605e-16, -2.22044605e-16, -2.22044605e-16,
        0.00000000e+00,  0.00000000e+00,  0.00000000e+00,  0.00000000e+00,
       -2.22044605e-16, -2.22044605e-16, -2.22044605e-16, -2.22044605e-16,
        0.00000000e+00,  0.00000000e+00,  0.00000000e+00,  4.44089210e-16,
       -2.22044605e-16,  0.00000000e+00, -2.22044605e-16,  2.22044605e-16,
        0.00000000e+00,  1.11022302e-16,  0.00000000e+00,  0.00000000e+00,
        0.00000000e+00, -2.22044605e-16, -2.22044605e-16,  0.00000000e+00,
        1.11022302e-16,  0.00000000e+00,  1.11022302e-16, -2.22044605e-16,
       -2.22044605e-16])}
         accs  y_pred (s)  y_true (s)
54     [1, 9]   12.399770      19.499
4    [28, 39]   24.560043      26.335
3    [28, 39]   24.560043      27.642
11   [28, 39]   24.560043      18.893
27   [29, 26]   20.551242      65.978
29   [29, 26]   20.551242      45.143
64     [1, 9]   12.399770      30.560
77   [14, 14]   16.585419      12.834
124  [24, 24]   18.975407      45.263
71     [1, 9]   12.399770       9.629
25   [29, 26]   20.551242      19.467
91    [20, 3]   13.219794      14.879
83   [14, 14]   16.585419      24.338
89   [14, 14]   16.585419      11.455
69     [1, 9]   12.399770       9.069
{'mse': 278.5018243542522, 'mae': 11.401116501470192, 'r2-score': -0.13910932042895796, 'max-error': 62.97924949204078, 'explained variance score': 0.10064508282574969, 'layers': ['mbconv1', 'mbconv5']}
