environment: line 5: __conda_exe: command not found
Using device: cuda
Using model: efficientnetB0
Number of videos: 64
Execution type : naive
Using 2 features
Job ID : 4
Plotting ?  yes
Calculate accumulators ?  no
The directory contains : 65 videos
Number of videos in the directory : 65
Number of videos in the dataframe : 64
['conv1', 'mbconv1', 'mbconv2', 'mbconv3', 'mbconv4', 'mbconv5', 'mbconv6', 'mbconv7', 'conv2', 'pool', 'output']
{'conv1': {'T_max': 448.07057094573975, 'T_min': 278.996922403574, 'tau': 100, 'alpha': 50}, 'mbconv1': {'T_max': 1141.3850047588348, 'T_min': 812.3603581190109, 'tau': 100, 'alpha': 50}, 'mbconv2': {'T_max': 953.6717767715454, 'T_min': 642.3899536132812, 'tau': 100, 'alpha': 50}, 'mbconv3': {'T_max': 513.2992756962776, 'T_min': 322.42850029468536, 'tau': 100, 'alpha': 50}, 'mbconv4': {'T_max': 258.70095932483673, 'T_min': 155.41686257719994, 'tau': 100, 'alpha': 50}, 'mbconv5': {'T_max': 325.90665873885155, 'T_min': 182.09475773572922, 'tau': 100, 'alpha': 50}, 'mbconv6': {'T_max': 210.1228244304657, 'T_min': 113.37274000048637, 'tau': 100, 'alpha': 50}, 'mbconv7': {'T_max': 136.23850935697556, 'T_min': 72.70513460040092, 'tau': 100, 'alpha': 50}, 'conv2': {'T_max': 128.36026607453823, 'T_min': 69.14668047428131, 'tau': 100, 'alpha': 50}, 'pool': {'T_max': 5.443593147210777, 'T_min': 2.9237937070429325, 'tau': 100, 'alpha': 50}, 'output': {'T_max': 14.12623843550682, 'T_min': 7.4854159746319056, 'tau': 100, 'alpha': 50}}
Iterating over following combinations of layers :  [['conv1'], ['mbconv1'], ['mbconv2'], ['mbconv3'], ['mbconv4'], ['mbconv5'], ['mbconv6'], ['mbconv7'], ['conv2'], ['pool'], ['output'], ['conv1', 'mbconv1'], ['conv1', 'mbconv2'], ['conv1', 'mbconv3'], ['conv1', 'mbconv4'], ['conv1', 'mbconv5'], ['conv1', 'mbconv6'], ['conv1', 'mbconv7'], ['conv1', 'conv2'], ['conv1', 'pool'], ['conv1', 'output'], ['mbconv1', 'mbconv2'], ['mbconv1', 'mbconv3'], ['mbconv1', 'mbconv4'], ['mbconv1', 'mbconv5'], ['mbconv1', 'mbconv6'], ['mbconv1', 'mbconv7'], ['mbconv1', 'conv2'], ['mbconv1', 'pool'], ['mbconv1', 'output'], ['mbconv2', 'mbconv3'], ['mbconv2', 'mbconv4'], ['mbconv2', 'mbconv5'], ['mbconv2', 'mbconv6'], ['mbconv2', 'mbconv7'], ['mbconv2', 'conv2'], ['mbconv2', 'pool'], ['mbconv2', 'output'], ['mbconv3', 'mbconv4'], ['mbconv3', 'mbconv5'], ['mbconv3', 'mbconv6'], ['mbconv3', 'mbconv7'], ['mbconv3', 'conv2'], ['mbconv3', 'pool'], ['mbconv3', 'output'], ['mbconv4', 'mbconv5'], ['mbconv4', 'mbconv6'], ['mbconv4', 'mbconv7'], ['mbconv4', 'conv2'], ['mbconv4', 'pool'], ['mbconv4', 'output'], ['mbconv5', 'mbconv6'], ['mbconv5', 'mbconv7'], ['mbconv5', 'conv2'], ['mbconv5', 'pool'], ['mbconv5', 'output'], ['mbconv6', 'mbconv7'], ['mbconv6', 'conv2'], ['mbconv6', 'pool'], ['mbconv6', 'output'], ['mbconv7', 'conv2'], ['mbconv7', 'pool'], ['mbconv7', 'output'], ['conv2', 'pool'], ['conv2', 'output'], ['pool', 'output']]
[['mbconv4']]
Generating the training set for videos : 
TRAINING SET : contains 962 samples, 37 patients based on 56 videos
TEST SET : contains 127 samples, 37 patients based on 8 videos
Dataset constituted.
--------------------NAIVE IMPLEMENTATION-------------------
Number of folds : 53
Grid search.
The best parameters are : {'C': 100.0}
Metrics obtained during CV : 
{'r2': array([-1.12148783e-01, -2.42644932e-01, -5.11218495e-03, -6.03537142e-02,
       -3.13723098e-02, -6.36297454e-02, -1.16896251e-02, -3.85885710e-02,
       -1.63362096e-01, -1.35568613e-02, -6.45161161e-02, -5.48547031e-01,
       -5.07431285e-01, -1.99212573e-01, -2.22433018e-01, -2.94666362e-01,
       -4.94153711e-03, -1.31672872e+00, -3.22819779e-02, -1.53826079e-01,
       -4.39865217e-02, -8.42933640e-01, -6.20611618e-02, -2.37632814e-01,
       -3.06631494e-02, -3.58680991e-02, -1.11297280e-04, -3.50761177e-01,
       -1.27989875e-01, -8.74037356e-03, -4.18608313e-01, -5.83347146e-01,
       -5.74485099e-01, -3.78074117e-02, -2.94672647e-01, -5.15303781e-01,
       -5.23946034e-02, -1.16615126e-01, -2.99858971e-01, -1.43470406e-02,
       -2.79742695e-03, -4.44336522e-01, -6.46445673e-01, -7.71801889e-02,
       -4.09270932e-03, -2.90824400e-02, -1.46608995e-01, -2.91215593e-02,
       -2.00588193e-01, -8.32700595e-01, -2.46022290e-04, -5.21785730e-01,
       -1.07987485e-01]), 'neg_mean_absolute_error': array([ -8.22754493, -11.85804266,  -8.52273538, -10.9510608 ,
        -9.12448217,  -5.95463861,  -8.24409603,  -6.06622941,
        -7.526861  ,  -7.64829725,  -7.68695477, -13.68725983,
       -15.48377617, -13.73581311,  -7.84552826,  -8.3938894 ,
       -13.38758585,  -7.10018572,  -8.66319836,  -9.70633387,
        -9.17311111, -14.72528968,  -8.29102637, -10.85334064,
        -8.07694126,  -9.71541486,  -8.82004234, -16.29169133,
       -10.48122222, -10.25894444, -12.95125037, -12.92183953,
       -13.09820096,  -9.16256676, -11.83282691, -12.28041833,
        -9.44361111,  -6.6575    ,  -7.82212837,  -7.21193965,
        -7.29130822, -13.2571265 , -14.42383363,  -8.71526811,
       -19.91068729,  -7.90466946,  -9.64297753,  -5.47060201,
        -8.93300992, -18.48687999,  -8.1063088 , -15.30958259,
        -9.78794903]), 'neg_mean_squared_error': array([-124.03500823, -237.17426211,  -95.48217396, -186.6501858 ,
       -131.98546134,  -49.08602978, -128.95579677,  -96.45616159,
        -75.91047391,  -78.79129022,  -99.17275837, -319.37223126,
       -455.14883022, -305.71945068,  -89.10140017, -105.81304157,
       -251.50714338,  -65.2584872 ,  -98.82624309, -213.11769447,
       -150.96028737, -399.6583733 , -115.15283513, -242.02833561,
       -117.30109573, -250.48480459, -139.01835787, -526.38152023,
       -212.49941943, -147.55720453, -278.26052077, -293.24790696,
       -342.04084211, -120.48291057, -183.87561367, -287.70795433,
       -172.84351992,  -82.92063622,  -83.0284955 , -108.94562168,
        -80.78047711, -328.18583197, -403.27513304, -167.23117648,
       -590.97191663, -105.46835128, -150.60536602,  -44.86140693,
       -212.11018906, -569.81132353, -118.90430421, -461.28134836,
       -258.59836194]), 'max_error': array([-35.57690975, -37.72396212, -16.94480556, -33.64584486,
       -26.65883881, -14.18154071, -29.60503507, -34.37235885,
       -15.28873788, -17.89378411, -24.44904685, -33.95541955,
       -63.67367817, -38.85868983, -19.35290573, -17.90476651,
       -32.39086887, -12.25690191, -24.2462148 , -46.8510024 ,
       -33.12032543, -48.85752142, -23.64273735, -47.65006576,
       -31.38850716, -46.02188314, -30.04161896, -61.30974065,
       -34.40725734, -28.25266557, -37.00418834, -41.11991115,
       -48.93782717, -24.04917983, -26.25622109, -48.64656623,
       -38.16929572, -26.23449684, -16.12735923, -33.51295689,
       -20.18668151, -52.27465963, -51.18470054, -41.63991301,
       -59.0918144 , -25.32938088, -32.31261807, -15.60958861,
       -50.48659553, -49.39277331, -32.54075034, -48.50672023,
       -53.21820389]), 'explained_variance': array([-2.22044605e-16,  0.00000000e+00,  1.11022302e-16,  0.00000000e+00,
        0.00000000e+00,  0.00000000e+00,  0.00000000e+00, -2.22044605e-16,
        0.00000000e+00,  3.33066907e-16,  0.00000000e+00,  0.00000000e+00,
        0.00000000e+00,  0.00000000e+00,  2.22044605e-16,  0.00000000e+00,
        0.00000000e+00,  0.00000000e+00,  0.00000000e+00,  0.00000000e+00,
        0.00000000e+00, -2.22044605e-16, -2.22044605e-16, -2.22044605e-16,
        0.00000000e+00,  0.00000000e+00,  0.00000000e+00,  0.00000000e+00,
        0.00000000e+00, -2.22044605e-16,  0.00000000e+00,  0.00000000e+00,
        0.00000000e+00,  0.00000000e+00,  0.00000000e+00,  3.33066907e-16,
        0.00000000e+00,  0.00000000e+00,  0.00000000e+00,  2.22044605e-16,
        0.00000000e+00,  1.11022302e-16,  0.00000000e+00,  0.00000000e+00,
       -2.22044605e-16, -2.22044605e-16,  0.00000000e+00,  0.00000000e+00,
        0.00000000e+00, -2.22044605e-16,  0.00000000e+00, -2.22044605e-16,
       -2.22044605e-16])}
     accs  y_pred (s)  y_true (s)
54    [9]   16.834696      19.499
4    [42]   23.493886      26.335
3    [42]   23.493886      27.642
11   [42]   23.493886      18.893
27   [26]   20.539629      65.978
29   [26]   20.539629      45.143
64    [9]   16.834696      30.560
77   [14]   18.960786      12.834
124  [23]   17.274137      45.263
71    [9]   16.834696       9.629
25   [26]   20.539629      19.467
91    [2]   14.431588      14.879
83   [14]   18.960786      24.338
89   [14]   18.960786      11.455
69    [9]   16.834696       9.069
{'mse': 282.5427205339307, 'mae': 11.611439497768643, 'r2-score': -0.15563712060344637, 'max-error': 64.06930396177411, 'explained variance score': 0.04710030840236146, 'layers': ['mbconv4']}
