environment: line 5: __conda_exe: command not found
Using device: cuda
Using model: efficientnetB0
Number of videos: 64
Execution type : naive
Using 2 features
Job ID : 13
Plotting ?  yes
Calculate accumulators ?  no
The directory contains : 65 videos
Number of videos in the directory : 65
Number of videos in the dataframe : 64
['conv1', 'mbconv1', 'mbconv2', 'mbconv3', 'mbconv4', 'mbconv5', 'mbconv6', 'mbconv7', 'conv2', 'pool', 'output']
{'conv1': {'T_max': 448.07057094573975, 'T_min': 278.996922403574, 'tau': 100, 'alpha': 50}, 'mbconv1': {'T_max': 1141.3850047588348, 'T_min': 812.3603581190109, 'tau': 100, 'alpha': 50}, 'mbconv2': {'T_max': 953.6717767715454, 'T_min': 642.3899536132812, 'tau': 100, 'alpha': 50}, 'mbconv3': {'T_max': 513.2992756962776, 'T_min': 322.42850029468536, 'tau': 100, 'alpha': 50}, 'mbconv4': {'T_max': 258.70095932483673, 'T_min': 155.41686257719994, 'tau': 100, 'alpha': 50}, 'mbconv5': {'T_max': 325.90665873885155, 'T_min': 182.09475773572922, 'tau': 100, 'alpha': 50}, 'mbconv6': {'T_max': 210.1228244304657, 'T_min': 113.37274000048637, 'tau': 100, 'alpha': 50}, 'mbconv7': {'T_max': 136.23850935697556, 'T_min': 72.70513460040092, 'tau': 100, 'alpha': 50}, 'conv2': {'T_max': 128.36026607453823, 'T_min': 69.14668047428131, 'tau': 100, 'alpha': 50}, 'pool': {'T_max': 5.443593147210777, 'T_min': 2.9237937070429325, 'tau': 100, 'alpha': 50}, 'output': {'T_max': 14.12623843550682, 'T_min': 7.4854159746319056, 'tau': 100, 'alpha': 50}}
Iterating over following combinations of layers :  [['conv1'], ['mbconv1'], ['mbconv2'], ['mbconv3'], ['mbconv4'], ['mbconv5'], ['mbconv6'], ['mbconv7'], ['conv2'], ['pool'], ['output'], ['conv1', 'mbconv1'], ['conv1', 'mbconv2'], ['conv1', 'mbconv3'], ['conv1', 'mbconv4'], ['conv1', 'mbconv5'], ['conv1', 'mbconv6'], ['conv1', 'mbconv7'], ['conv1', 'conv2'], ['conv1', 'pool'], ['conv1', 'output'], ['mbconv1', 'mbconv2'], ['mbconv1', 'mbconv3'], ['mbconv1', 'mbconv4'], ['mbconv1', 'mbconv5'], ['mbconv1', 'mbconv6'], ['mbconv1', 'mbconv7'], ['mbconv1', 'conv2'], ['mbconv1', 'pool'], ['mbconv1', 'output'], ['mbconv2', 'mbconv3'], ['mbconv2', 'mbconv4'], ['mbconv2', 'mbconv5'], ['mbconv2', 'mbconv6'], ['mbconv2', 'mbconv7'], ['mbconv2', 'conv2'], ['mbconv2', 'pool'], ['mbconv2', 'output'], ['mbconv3', 'mbconv4'], ['mbconv3', 'mbconv5'], ['mbconv3', 'mbconv6'], ['mbconv3', 'mbconv7'], ['mbconv3', 'conv2'], ['mbconv3', 'pool'], ['mbconv3', 'output'], ['mbconv4', 'mbconv5'], ['mbconv4', 'mbconv6'], ['mbconv4', 'mbconv7'], ['mbconv4', 'conv2'], ['mbconv4', 'pool'], ['mbconv4', 'output'], ['mbconv5', 'mbconv6'], ['mbconv5', 'mbconv7'], ['mbconv5', 'conv2'], ['mbconv5', 'pool'], ['mbconv5', 'output'], ['mbconv6', 'mbconv7'], ['mbconv6', 'conv2'], ['mbconv6', 'pool'], ['mbconv6', 'output'], ['mbconv7', 'conv2'], ['mbconv7', 'pool'], ['mbconv7', 'output'], ['conv2', 'pool'], ['conv2', 'output'], ['pool', 'output']]
[['conv1', 'mbconv3']]
Generating the training set for videos : 
TRAINING SET : contains 962 samples, 37 patients based on 56 videos
TEST SET : contains 127 samples, 37 patients based on 8 videos
Dataset constituted.
--------------------NAIVE IMPLEMENTATION-------------------
Number of folds : 53
Grid search.
The best parameters are : {'C': 1}
Metrics obtained during CV : 
{'r2': array([-2.89088344e-01, -3.47992487e-02, -1.50501762e-02, -2.05151282e-01,
       -6.96286933e-04, -3.57775458e-02, -7.37422497e-02, -5.59192442e-02,
       -4.16058274e-02, -2.16647787e-03, -3.24679321e-02, -5.09977877e-01,
       -1.76482969e-01, -2.26328535e-01, -1.62798783e-01, -5.87699830e-02,
       -7.39484052e-03, -4.37210834e-01, -1.63755541e-02, -2.92931081e-02,
       -7.01158685e-02, -7.87766548e-01, -1.74681565e-02, -2.46409832e-01,
       -1.18327542e-02, -8.05286912e-02, -4.92044370e-03, -5.52247722e-01,
       -1.95372433e-01, -7.94809582e-03, -2.94072594e-01, -4.87155249e-01,
       -6.22306270e-01, -1.95374554e-02, -3.12299719e-01, -3.99323499e-01,
       -6.61898715e-02, -2.35889281e-01, -3.99007198e-01, -2.34053402e-02,
       -1.43747788e-05, -4.93645336e-01, -8.26901829e-01, -1.58461541e-01,
       -4.47525576e-01, -6.18539674e-03, -1.66566375e-01, -1.26117963e-01,
       -2.75916665e-01, -4.99471257e-01, -2.46096510e-04, -2.92646847e-01,
       -7.41561921e-02]), 'neg_mean_absolute_error': array([ -9.91822018, -11.15394036,  -8.65400593, -10.86311836,
        -9.65919621,  -5.7515896 ,  -7.98996038,  -6.08653452,
        -7.0337472 ,  -7.55100272,  -7.58619013, -13.54698573,
       -13.67056249, -13.85937652,  -7.56246258,  -7.48126063,
       -13.37451592,  -5.63929421,  -8.99765179,  -9.52688889,
        -9.17311111, -14.47533729,  -8.32706964, -10.8672019 ,
        -7.76243926,  -9.52387459,  -8.71433153, -17.50356084,
       -10.48122222, -10.25894444, -12.33792825, -12.48204126,
       -13.30072189,  -8.83534674, -11.87520058, -11.75419647,
        -9.44361111,  -8.54045374,  -8.27009755,  -7.25018016,
        -7.09545109, -13.49839783, -15.3395851 ,  -9.03260947,
       -21.83065194,  -7.86925026,  -9.65998655,  -5.7091262 ,
        -9.35666549, -16.63250165,  -8.10631032, -14.48404486,
       -10.00296938]), 'neg_mean_squared_error': array([-143.76860884, -197.50432478,  -96.42624869, -212.13837197,
       -128.05982848,  -47.80066341, -136.86538233,  -98.06570193,
        -67.96576255,  -77.90583125,  -96.18707618, -311.41773175,
       -355.22338709, -312.63221769,  -84.75474577,  -86.53323784,
       -252.12113266,  -40.48389605,  -97.30343039, -190.11580528,
       -154.73858682, -387.6948441 , -110.31788665, -243.74474696,
       -115.15798429, -261.28424877, -139.6868431 , -604.89931882,
       -225.19346462, -147.44131119, -253.83279568, -275.43243768,
       -352.42950408, -118.36188359, -186.3790949 , -265.68699053,
       -175.10923155,  -91.77802012,  -89.3615888 , -109.91852548,
        -80.55628798, -339.38990656, -447.47548643, -179.85002738,
       -851.96013876, -103.12168467, -153.22673784,  -49.0896685 ,
       -225.41861269, -466.20582955, -118.90431303, -391.82512278,
       -250.70231895]), 'max_error': array([-33.43538777, -33.49586679, -16.44597748, -36.39574961,
       -24.35665439, -14.61019973, -31.45024719, -34.75815579,
       -16.90596065, -18.50998276, -23.7366125 , -33.57467556,
       -58.59556245, -39.32823078, -19.93469012, -15.18895191,
       -32.63919745,  -9.82691572, -21.23613388, -43.84673413,
       -33.78247271, -48.40760712, -22.4249366 , -47.7748171 ,
       -32.09613667, -47.48962865, -30.99301625, -64.28826188,
       -35.56366427, -28.20020087, -35.53761808, -40.22434284,
       -49.39349924, -24.63817586, -26.4469026 , -47.46256706,
       -38.53294012, -19.10635409, -16.79931299, -33.85712148,
       -20.62736005, -52.81752012, -52.83305318, -43.13832842,
       -73.76928916, -22.80674557, -32.60177132, -14.39157092,
       -51.51547333, -45.76410561, -32.54072454, -45.34885891,
       -52.35812249]), 'explained_variance': array([ 0.00000000e+00,  1.11022302e-16,  1.11022302e-16,  1.11022302e-16,
        0.00000000e+00,  0.00000000e+00,  2.22044605e-16, -2.22044605e-16,
        0.00000000e+00,  3.33066907e-16,  0.00000000e+00,  0.00000000e+00,
       -2.22044605e-16,  0.00000000e+00,  2.22044605e-16,  0.00000000e+00,
        0.00000000e+00,  0.00000000e+00,  0.00000000e+00,  0.00000000e+00,
        2.22044605e-16, -2.22044605e-16, -2.22044605e-16,  1.11022302e-16,
        0.00000000e+00,  0.00000000e+00,  0.00000000e+00,  1.11022302e-16,
        0.00000000e+00, -2.22044605e-16, -2.22044605e-16,  0.00000000e+00,
        0.00000000e+00,  0.00000000e+00,  0.00000000e+00,  0.00000000e+00,
        0.00000000e+00,  0.00000000e+00, -2.22044605e-16,  2.22044605e-16,
        0.00000000e+00,  0.00000000e+00,  0.00000000e+00,  0.00000000e+00,
        0.00000000e+00, -2.22044605e-16,  0.00000000e+00,  0.00000000e+00,
        0.00000000e+00,  0.00000000e+00,  0.00000000e+00, -2.22044605e-16,
       -2.22044605e-16])}
         accs  y_pred (s)  y_true (s)
54    [2, 11]   15.052849      19.499
4    [32, 45]   22.838067      26.335
3    [32, 45]   22.838067      27.642
11   [32, 45]   22.838067      18.893
27   [31, 29]   19.301308      65.978
29   [31, 29]   19.301308      45.143
64    [2, 11]   15.052849      30.560
77   [17, 15]   17.403538      12.834
124  [25, 26]   18.486478      45.263
71    [2, 11]   15.052849       9.629
25   [31, 29]   19.301308      19.467
91    [16, 3]   19.072923      14.879
83   [17, 15]   17.403538      24.338
89   [17, 15]   17.403538      11.455
69    [2, 11]   15.052849       9.069
{'mse': 277.738739594928, 'mae': 11.443571905833078, 'r2-score': -0.13598820277151003, 'max-error': 65.21514569753649, 'explained variance score': 0.07181732428919396, 'layers': ['conv1', 'mbconv3']}
