environment: line 5: __conda_exe: command not found
Using device: cuda
Using model: efficientnetB0
Number of videos: 64
Execution type : naive
Using 2 features
Job ID : 5
Plotting ?  yes
Calculate accumulators ?  no
The directory contains : 65 videos
Number of videos in the directory : 65
Number of videos in the dataframe : 64
['conv1', 'mbconv1', 'mbconv2', 'mbconv3', 'mbconv4', 'mbconv5', 'mbconv6', 'mbconv7', 'conv2', 'pool', 'output']
{'conv1': {'T_max': 448.07057094573975, 'T_min': 278.996922403574, 'tau': 100, 'alpha': 50}, 'mbconv1': {'T_max': 1141.3850047588348, 'T_min': 812.3603581190109, 'tau': 100, 'alpha': 50}, 'mbconv2': {'T_max': 953.6717767715454, 'T_min': 642.3899536132812, 'tau': 100, 'alpha': 50}, 'mbconv3': {'T_max': 513.2992756962776, 'T_min': 322.42850029468536, 'tau': 100, 'alpha': 50}, 'mbconv4': {'T_max': 258.70095932483673, 'T_min': 155.41686257719994, 'tau': 100, 'alpha': 50}, 'mbconv5': {'T_max': 325.90665873885155, 'T_min': 182.09475773572922, 'tau': 100, 'alpha': 50}, 'mbconv6': {'T_max': 210.1228244304657, 'T_min': 113.37274000048637, 'tau': 100, 'alpha': 50}, 'mbconv7': {'T_max': 136.23850935697556, 'T_min': 72.70513460040092, 'tau': 100, 'alpha': 50}, 'conv2': {'T_max': 128.36026607453823, 'T_min': 69.14668047428131, 'tau': 100, 'alpha': 50}, 'pool': {'T_max': 5.443593147210777, 'T_min': 2.9237937070429325, 'tau': 100, 'alpha': 50}, 'output': {'T_max': 14.12623843550682, 'T_min': 7.4854159746319056, 'tau': 100, 'alpha': 50}}
Iterating over following combinations of layers :  [['conv1'], ['mbconv1'], ['mbconv2'], ['mbconv3'], ['mbconv4'], ['mbconv5'], ['mbconv6'], ['mbconv7'], ['conv2'], ['pool'], ['output'], ['conv1', 'mbconv1'], ['conv1', 'mbconv2'], ['conv1', 'mbconv3'], ['conv1', 'mbconv4'], ['conv1', 'mbconv5'], ['conv1', 'mbconv6'], ['conv1', 'mbconv7'], ['conv1', 'conv2'], ['conv1', 'pool'], ['conv1', 'output'], ['mbconv1', 'mbconv2'], ['mbconv1', 'mbconv3'], ['mbconv1', 'mbconv4'], ['mbconv1', 'mbconv5'], ['mbconv1', 'mbconv6'], ['mbconv1', 'mbconv7'], ['mbconv1', 'conv2'], ['mbconv1', 'pool'], ['mbconv1', 'output'], ['mbconv2', 'mbconv3'], ['mbconv2', 'mbconv4'], ['mbconv2', 'mbconv5'], ['mbconv2', 'mbconv6'], ['mbconv2', 'mbconv7'], ['mbconv2', 'conv2'], ['mbconv2', 'pool'], ['mbconv2', 'output'], ['mbconv3', 'mbconv4'], ['mbconv3', 'mbconv5'], ['mbconv3', 'mbconv6'], ['mbconv3', 'mbconv7'], ['mbconv3', 'conv2'], ['mbconv3', 'pool'], ['mbconv3', 'output'], ['mbconv4', 'mbconv5'], ['mbconv4', 'mbconv6'], ['mbconv4', 'mbconv7'], ['mbconv4', 'conv2'], ['mbconv4', 'pool'], ['mbconv4', 'output'], ['mbconv5', 'mbconv6'], ['mbconv5', 'mbconv7'], ['mbconv5', 'conv2'], ['mbconv5', 'pool'], ['mbconv5', 'output'], ['mbconv6', 'mbconv7'], ['mbconv6', 'conv2'], ['mbconv6', 'pool'], ['mbconv6', 'output'], ['mbconv7', 'conv2'], ['mbconv7', 'pool'], ['mbconv7', 'output'], ['conv2', 'pool'], ['conv2', 'output'], ['pool', 'output']]
[['mbconv5']]
Generating the training set for videos : 
TRAINING SET : contains 962 samples, 37 patients based on 56 videos
TEST SET : contains 127 samples, 37 patients based on 8 videos
Dataset constituted.
--------------------NAIVE IMPLEMENTATION-------------------
Number of folds : 53
Grid search.
The best parameters are : {'C': 10.0}
Metrics obtained during CV : 
{'r2': array([-1.25716286e-01, -3.49372284e-01, -4.17383247e-03, -1.78012921e-01,
       -1.08805565e-03, -7.18779059e-02, -9.03195893e-03, -4.30646437e-02,
       -1.03938183e-01, -1.00874081e-02, -7.76179057e-02, -5.24178909e-01,
       -4.94969970e-01, -9.11100966e-02, -2.84433061e-01, -5.66853887e-01,
       -1.44825566e-03, -1.21418044e+00, -7.33328896e-03, -2.22117995e-01,
       -1.04525220e-01, -8.26933421e-01, -2.73774572e-02, -2.77415930e-01,
       -2.45469529e-02, -1.07812047e-01, -9.32949328e-02, -3.38174375e-01,
       -2.44021060e-01, -8.83340322e-06, -2.00336406e-01, -3.20731361e-01,
       -5.17001724e-01, -3.69110043e-02, -4.56722061e-01, -4.84548303e-01,
       -5.57814772e-02, -6.53866021e-02, -5.81462178e-02, -4.93562964e-02,
       -3.06014967e-03, -3.47499877e-01, -6.69445656e-01, -9.90110322e-02,
       -2.03748996e-01, -7.60081916e-02, -1.47302319e-01, -9.77564537e-02,
       -2.46476245e-01, -8.26016494e-01, -2.49869336e-02, -2.20966125e-01,
       -4.45845343e-02]), 'neg_mean_absolute_error': array([ -8.39161327, -12.30006025,  -8.50505209, -10.83232554,
        -9.48244587,  -6.00564613,  -8.28296345,  -6.07184957,
        -7.28547582,  -7.62602602,  -7.72444491, -13.5992317 ,
       -15.42743331, -13.23484809,  -8.1812916 ,  -9.40259918,
       -13.52540842,  -6.90916394,  -8.76543211,  -9.94518852,
        -9.17311111, -14.65366015,  -8.26887573, -10.92902719,
        -7.9895362 ,  -9.44686322,  -9.38371591, -16.22112964,
       -10.48122222, -10.25894444, -12.0395842 , -11.76253166,
       -12.84325043,  -9.1486859 , -12.31208917, -12.14720902,
        -9.44361111,  -6.69213584,  -6.39881613,  -7.32983581,
        -7.30099316, -12.83312589, -14.54710823,  -8.76628026,
       -20.17000835,  -7.96729306,  -9.64358718,  -5.63606239,
        -9.19896399, -18.45262245,  -8.21654278, -14.32975025,
       -10.236581  ]), 'neg_mean_squared_error': array([-125.54815589, -257.54450654,  -95.39303373, -207.36130554,
       -128.1099634 ,  -49.46667864, -128.6170353 ,  -96.87186498,
        -72.03300752,  -78.52158389, -100.39335108, -314.34655165,
       -451.38630174, -278.16050879,  -93.6204949 , -128.05891957,
       -250.63287835,  -62.36986839,  -96.43776276, -225.73156749,
       -159.71417363, -396.18856756, -111.3922919 , -249.80822083,
       -116.60500356, -267.88167748, -151.97115225, -521.47653792,
       -234.35826753, -146.27996641, -235.44640929, -244.60947065,
       -329.55316461, -120.37884331, -206.89064807, -281.86846791,
       -173.39977437,  -79.1163695 ,  -67.58909271, -112.70577968,
        -80.80164077, -306.18236215, -408.90867526, -170.62039367,
       -708.48223924, -110.27766632, -150.6964331 ,  -47.85333524,
       -220.21731804, -567.73314628, -121.84538149, -370.09737273,
       -243.80045194]), 'max_error': array([-35.36908986, -39.08459211, -17.01200205, -35.98418519,
       -25.02830568, -14.07385816, -29.45733888, -34.47914182,
       -15.94939187, -18.03483523, -24.68648442, -33.71648605,
       -63.52074756, -36.55170454, -18.8261892 , -19.80385313,
       -30.67674665, -12.01494099, -23.32611099, -47.92584832,
       -34.48604865, -48.72858827, -22.7716184 , -48.19862236,
       -31.58516856, -48.18273102, -26.56485226, -61.09805558,
       -36.27704865, -27.15789077, -34.21137891, -38.43292831,
       -48.36418846, -24.07416537, -27.84093418, -48.3468453 ,
       -38.26262305, -25.49527747, -17.69391371, -34.57402231,
       -20.1648904 , -51.11254433, -51.40659482, -42.09902231,
       -68.49053758, -26.39398204, -32.32298204, -14.6719798 ,
       -51.13248397, -49.32806463, -34.43522726, -44.114502  ,
       -51.42367602]), 'explained_variance': array([-4.44089210e-16,  0.00000000e+00,  1.11022302e-16,  1.11022302e-16,
        0.00000000e+00,  0.00000000e+00,  0.00000000e+00,  0.00000000e+00,
        0.00000000e+00,  3.33066907e-16,  3.33066907e-16, -2.22044605e-16,
       -2.22044605e-16,  0.00000000e+00,  2.22044605e-16,  0.00000000e+00,
        0.00000000e+00,  0.00000000e+00,  0.00000000e+00,  0.00000000e+00,
        0.00000000e+00, -2.22044605e-16, -2.22044605e-16,  0.00000000e+00,
        0.00000000e+00,  0.00000000e+00,  0.00000000e+00,  0.00000000e+00,
        0.00000000e+00, -2.22044605e-16,  0.00000000e+00,  0.00000000e+00,
        1.11022302e-16,  0.00000000e+00,  0.00000000e+00,  1.11022302e-16,
       -2.22044605e-16,  0.00000000e+00,  0.00000000e+00,  2.22044605e-16,
        0.00000000e+00,  0.00000000e+00,  0.00000000e+00,  0.00000000e+00,
        0.00000000e+00,  0.00000000e+00,  0.00000000e+00,  0.00000000e+00,
        0.00000000e+00,  0.00000000e+00, -2.22044605e-16, -2.22044605e-16,
        0.00000000e+00])}
     accs  y_pred (s)  y_true (s)
54    [9]   16.493655      19.499
4    [39]   24.795068      26.335
3    [39]   24.795068      27.642
11   [39]   24.795068      18.893
27   [26]   22.487308      65.978
29   [26]   22.487308      45.143
64    [9]   16.493655      30.560
77   [14]   16.740323      12.834
124  [24]   20.079401      45.263
71    [9]   16.493655       9.629
25   [26]   22.487308      19.467
91    [3]   14.962470      14.879
83   [14]   16.740323      24.338
89   [14]   16.740323      11.455
69    [9]   16.493655       9.069
{'mse': 263.57220932159623, 'mae': 11.212869658265994, 'r2-score': -0.07804521905889783, 'max-error': 64.47927379659687, 'explained variance score': 0.09621114289797517, 'layers': ['mbconv5']}
