environment: line 5: __conda_exe: command not found
Using device: cuda
Using model: efficientnetB0
Number of videos: 64
Execution type : naive
Using 2 features
Job ID : 9
Plotting ?  yes
Calculate accumulators ?  no
The directory contains : 65 videos
Number of videos in the directory : 65
Number of videos in the dataframe : 64
['conv1', 'mbconv1', 'mbconv2', 'mbconv3', 'mbconv4', 'mbconv5', 'mbconv6', 'mbconv7', 'conv2', 'pool', 'output']
{'conv1': {'T_max': 448.07057094573975, 'T_min': 278.996922403574, 'tau': 100, 'alpha': 50}, 'mbconv1': {'T_max': 1141.3850047588348, 'T_min': 812.3603581190109, 'tau': 100, 'alpha': 50}, 'mbconv2': {'T_max': 953.6717767715454, 'T_min': 642.3899536132812, 'tau': 100, 'alpha': 50}, 'mbconv3': {'T_max': 513.2992756962776, 'T_min': 322.42850029468536, 'tau': 100, 'alpha': 50}, 'mbconv4': {'T_max': 258.70095932483673, 'T_min': 155.41686257719994, 'tau': 100, 'alpha': 50}, 'mbconv5': {'T_max': 325.90665873885155, 'T_min': 182.09475773572922, 'tau': 100, 'alpha': 50}, 'mbconv6': {'T_max': 210.1228244304657, 'T_min': 113.37274000048637, 'tau': 100, 'alpha': 50}, 'mbconv7': {'T_max': 136.23850935697556, 'T_min': 72.70513460040092, 'tau': 100, 'alpha': 50}, 'conv2': {'T_max': 128.36026607453823, 'T_min': 69.14668047428131, 'tau': 100, 'alpha': 50}, 'pool': {'T_max': 5.443593147210777, 'T_min': 2.9237937070429325, 'tau': 100, 'alpha': 50}, 'output': {'T_max': 14.12623843550682, 'T_min': 7.4854159746319056, 'tau': 100, 'alpha': 50}}
Iterating over following combinations of layers :  [['conv1'], ['mbconv1'], ['mbconv2'], ['mbconv3'], ['mbconv4'], ['mbconv5'], ['mbconv6'], ['mbconv7'], ['conv2'], ['pool'], ['output'], ['conv1', 'mbconv1'], ['conv1', 'mbconv2'], ['conv1', 'mbconv3'], ['conv1', 'mbconv4'], ['conv1', 'mbconv5'], ['conv1', 'mbconv6'], ['conv1', 'mbconv7'], ['conv1', 'conv2'], ['conv1', 'pool'], ['conv1', 'output'], ['mbconv1', 'mbconv2'], ['mbconv1', 'mbconv3'], ['mbconv1', 'mbconv4'], ['mbconv1', 'mbconv5'], ['mbconv1', 'mbconv6'], ['mbconv1', 'mbconv7'], ['mbconv1', 'conv2'], ['mbconv1', 'pool'], ['mbconv1', 'output'], ['mbconv2', 'mbconv3'], ['mbconv2', 'mbconv4'], ['mbconv2', 'mbconv5'], ['mbconv2', 'mbconv6'], ['mbconv2', 'mbconv7'], ['mbconv2', 'conv2'], ['mbconv2', 'pool'], ['mbconv2', 'output'], ['mbconv3', 'mbconv4'], ['mbconv3', 'mbconv5'], ['mbconv3', 'mbconv6'], ['mbconv3', 'mbconv7'], ['mbconv3', 'conv2'], ['mbconv3', 'pool'], ['mbconv3', 'output'], ['mbconv4', 'mbconv5'], ['mbconv4', 'mbconv6'], ['mbconv4', 'mbconv7'], ['mbconv4', 'conv2'], ['mbconv4', 'pool'], ['mbconv4', 'output'], ['mbconv5', 'mbconv6'], ['mbconv5', 'mbconv7'], ['mbconv5', 'conv2'], ['mbconv5', 'pool'], ['mbconv5', 'output'], ['mbconv6', 'mbconv7'], ['mbconv6', 'conv2'], ['mbconv6', 'pool'], ['mbconv6', 'output'], ['mbconv7', 'conv2'], ['mbconv7', 'pool'], ['mbconv7', 'output'], ['conv2', 'pool'], ['conv2', 'output'], ['pool', 'output']]
[['pool']]
Generating the training set for videos : 
TRAINING SET : contains 962 samples, 37 patients based on 56 videos
TEST SET : contains 127 samples, 37 patients based on 8 videos
Dataset constituted.
--------------------NAIVE IMPLEMENTATION-------------------
Number of folds : 53
Grid search.
The best parameters are : {'C': 1000.0}
Metrics obtained during CV : 
{'r2': array([-1.19690635e-01, -1.48478312e-01, -8.43957249e-03, -1.32160738e-01,
       -5.24260886e-03, -3.18032490e-01, -2.27103333e-02, -6.94987619e-03,
       -2.32001739e-02, -1.02212063e-02, -1.03087937e-01, -6.09680902e-01,
       -3.68072762e-01, -1.18316573e-01, -1.52408768e-01, -1.76691602e-02,
       -4.22568120e-03, -1.19336493e+00, -1.47269898e-02, -1.42582938e-01,
       -7.21252859e-02, -8.71387470e-01, -1.76981534e-01, -4.02282900e-01,
       -3.26228688e-03, -7.60535758e-02, -1.66080540e-01, -2.46579333e-01,
       -3.15013437e-01, -7.35273116e-02, -8.75388571e-02, -5.14849764e-02,
       -4.39453652e-01, -2.65165338e-02, -5.22189126e-01, -1.49551317e-03,
       -5.40376883e-03, -3.08495620e-02, -6.48543851e-06, -1.02203883e-02,
       -7.84546304e-02, -4.83181690e-03, -6.07619066e-01, -1.93749115e-01,
       -4.31253983e-01, -1.10406041e-01, -3.75555952e-02, -5.73768987e-02,
       -2.01619637e-01, -9.24196455e-01, -1.85699004e-02, -4.39159013e-01,
       -1.95543304e-03]), 'neg_mean_absolute_error': array([ -8.31989882, -11.57965003,  -8.57497622, -12.15965732,
        -9.36509394,  -6.97752486,  -8.16219315,  -6.29066763,
        -6.92393361,  -7.34545973,  -7.78917448, -13.99047792,
       -14.80741205, -13.34105296,  -7.50953518,  -7.49589113,
       -13.59272464,  -6.86941667,  -8.72659847,  -9.66222436,
        -9.17311111, -14.85499194,  -8.48952788, -11.31134101,
        -7.56607351,  -9.53769301,  -9.91275301, -15.6620745 ,
       -10.62903464, -10.25894444, -11.69022066, -10.64617915,
       -12.47565628,  -8.97339752, -12.49805805, -10.64002258,
        -9.51240919,  -6.76880026,  -5.74867457,  -7.1904257 ,
        -8.19763636, -11.87821001, -14.21064648,  -9.20745146,
       -21.73139316,  -8.0009858 ,  -9.55768472,  -5.55086143,
        -8.9393041 , -19.03805949,  -8.20256058, -14.92009266,
       -11.01721012]), 'neg_mean_squared_error': array([-124.87613102, -219.20138981,  -95.79826425, -199.29011347,
       -128.64162459,  -60.82660091, -130.36055982,  -93.51780164,
        -66.7647763 ,  -78.53198502, -102.7661975 , -331.98047663,
       -413.07137729, -285.09635096,  -83.99743241,  -83.17406887,
       -251.32798582,  -61.78352942,  -97.14560393, -211.04102777,
       -155.02914826, -405.82886746, -127.61295242, -274.22688893,
       -114.18256841, -260.20211444, -162.08856184, -485.78263541,
       -247.73235831, -157.03415194, -213.32113033, -194.742997  ,
       -312.70663624, -119.17211068, -216.18859441, -190.15211926,
       -165.12582427,  -76.55162425,  -63.87541713, -108.50239991,
        -86.87505297, -228.32045079, -393.76506818, -185.32838884,
       -842.38327973, -113.80302476, -136.28136608,  -46.09311204,
       -212.2924162 , -598.25861987, -121.08255629, -436.23566513,
       -233.85104736]), 'max_error': array([-35.45992816, -36.24211685, -16.74629037, -25.56316787,
       -25.47424303, -12.56190658, -30.08577669, -33.28266302,
       -17.32325228, -19.81175507, -25.09643835, -34.53246186,
       -61.83783271, -37.22433539, -20.04642573, -16.11097713,
       -30.25041064, -11.96459445, -23.6756138 , -46.65250964,
       -33.82777679, -49.08382124, -25.42925093, -49.70268968,
       -32.64727946, -47.3652629 , -25.36124458, -59.42089016,
       -37.20043724, -30.40149894, -32.08648593, -33.81361232,
       -47.53710162, -24.38968447, -28.39884081, -38.22229675,
       -36.17790865, -24.80529762, -19.64146443, -33.31933128,
       -18.14744319, -41.17880494, -50.80096366, -43.66285437,
       -73.4715128 , -26.96675858, -30.14535968, -15.15478521,
       -50.50188138, -50.2537283 , -34.19752983, -47.46808042,
       -48.87343967]), 'explained_variance': array([-2.22044605e-16,  0.00000000e+00,  1.11022302e-16,  0.00000000e+00,
        0.00000000e+00,  0.00000000e+00,  0.00000000e+00,  0.00000000e+00,
       -2.22044605e-16,  3.33066907e-16,  1.11022302e-16,  0.00000000e+00,
        0.00000000e+00,  0.00000000e+00,  2.22044605e-16,  0.00000000e+00,
        0.00000000e+00,  0.00000000e+00,  0.00000000e+00,  0.00000000e+00,
        0.00000000e+00, -2.22044605e-16, -2.22044605e-16, -2.22044605e-16,
        0.00000000e+00,  0.00000000e+00,  0.00000000e+00,  1.11022302e-16,
        1.11022302e-16,  0.00000000e+00, -2.22044605e-16, -2.22044605e-16,
        0.00000000e+00,  0.00000000e+00,  0.00000000e+00,  3.33066907e-16,
       -2.22044605e-16,  0.00000000e+00, -4.44089210e-16,  2.22044605e-16,
        0.00000000e+00,  0.00000000e+00,  0.00000000e+00,  0.00000000e+00,
       -2.22044605e-16, -2.22044605e-16,  0.00000000e+00,  0.00000000e+00,
        1.11022302e-16, -2.22044605e-16, -2.22044605e-16, -2.22044605e-16,
       -2.22044605e-16])}
     accs  y_pred (s)  y_true (s)
54    [2]   13.950948      19.499
4    [28]   26.719669      26.335
3    [28]   26.719669      27.642
11   [28]   26.719669      18.893
27   [20]   16.827189      65.978
29   [20]   16.827189      45.143
64    [2]   13.950948      30.560
77   [10]   15.171838      12.834
124  [20]   16.827189      45.263
71    [2]   13.950948       9.629
25   [20]   16.827189      19.467
91    [5]   16.443986      14.879
83   [10]   15.171838      24.338
89   [10]   15.171838      11.455
69    [2]   13.950948       9.069
{'mse': 288.7014542377257, 'mae': 11.537887738570992, 'r2-score': -0.18082715654055082, 'max-error': 64.64406997264484, 'explained variance score': 0.07893318563106055, 'layers': ['pool']}
