environment: line 5: __conda_exe: command not found
Using device: cuda
Using model: efficientnetB0
Number of videos: 64
Execution type : naive
Using 2 features
Job ID : 29
Plotting ?  yes
Calculate accumulators ?  no
The directory contains : 65 videos
Number of videos in the directory : 65
Number of videos in the dataframe : 64
['conv1', 'mbconv1', 'mbconv2', 'mbconv3', 'mbconv4', 'mbconv5', 'mbconv6', 'mbconv7', 'conv2', 'pool', 'output']
{'conv1': {'T_max': 448.07057094573975, 'T_min': 278.996922403574, 'tau': 100, 'alpha': 50}, 'mbconv1': {'T_max': 1141.3850047588348, 'T_min': 812.3603581190109, 'tau': 100, 'alpha': 50}, 'mbconv2': {'T_max': 953.6717767715454, 'T_min': 642.3899536132812, 'tau': 100, 'alpha': 50}, 'mbconv3': {'T_max': 513.2992756962776, 'T_min': 322.42850029468536, 'tau': 100, 'alpha': 50}, 'mbconv4': {'T_max': 258.70095932483673, 'T_min': 155.41686257719994, 'tau': 100, 'alpha': 50}, 'mbconv5': {'T_max': 325.90665873885155, 'T_min': 182.09475773572922, 'tau': 100, 'alpha': 50}, 'mbconv6': {'T_max': 210.1228244304657, 'T_min': 113.37274000048637, 'tau': 100, 'alpha': 50}, 'mbconv7': {'T_max': 136.23850935697556, 'T_min': 72.70513460040092, 'tau': 100, 'alpha': 50}, 'conv2': {'T_max': 128.36026607453823, 'T_min': 69.14668047428131, 'tau': 100, 'alpha': 50}, 'pool': {'T_max': 5.443593147210777, 'T_min': 2.9237937070429325, 'tau': 100, 'alpha': 50}, 'output': {'T_max': 14.12623843550682, 'T_min': 7.4854159746319056, 'tau': 100, 'alpha': 50}}
Iterating over following combinations of layers :  [['conv1'], ['mbconv1'], ['mbconv2'], ['mbconv3'], ['mbconv4'], ['mbconv5'], ['mbconv6'], ['mbconv7'], ['conv2'], ['pool'], ['output'], ['conv1', 'mbconv1'], ['conv1', 'mbconv2'], ['conv1', 'mbconv3'], ['conv1', 'mbconv4'], ['conv1', 'mbconv5'], ['conv1', 'mbconv6'], ['conv1', 'mbconv7'], ['conv1', 'conv2'], ['conv1', 'pool'], ['conv1', 'output'], ['mbconv1', 'mbconv2'], ['mbconv1', 'mbconv3'], ['mbconv1', 'mbconv4'], ['mbconv1', 'mbconv5'], ['mbconv1', 'mbconv6'], ['mbconv1', 'mbconv7'], ['mbconv1', 'conv2'], ['mbconv1', 'pool'], ['mbconv1', 'output'], ['mbconv2', 'mbconv3'], ['mbconv2', 'mbconv4'], ['mbconv2', 'mbconv5'], ['mbconv2', 'mbconv6'], ['mbconv2', 'mbconv7'], ['mbconv2', 'conv2'], ['mbconv2', 'pool'], ['mbconv2', 'output'], ['mbconv3', 'mbconv4'], ['mbconv3', 'mbconv5'], ['mbconv3', 'mbconv6'], ['mbconv3', 'mbconv7'], ['mbconv3', 'conv2'], ['mbconv3', 'pool'], ['mbconv3', 'output'], ['mbconv4', 'mbconv5'], ['mbconv4', 'mbconv6'], ['mbconv4', 'mbconv7'], ['mbconv4', 'conv2'], ['mbconv4', 'pool'], ['mbconv4', 'output'], ['mbconv5', 'mbconv6'], ['mbconv5', 'mbconv7'], ['mbconv5', 'conv2'], ['mbconv5', 'pool'], ['mbconv5', 'output'], ['mbconv6', 'mbconv7'], ['mbconv6', 'conv2'], ['mbconv6', 'pool'], ['mbconv6', 'output'], ['mbconv7', 'conv2'], ['mbconv7', 'pool'], ['mbconv7', 'output'], ['conv2', 'pool'], ['conv2', 'output'], ['pool', 'output']]
[['mbconv1', 'output']]
Generating the training set for videos : 
TRAINING SET : contains 962 samples, 37 patients based on 56 videos
TEST SET : contains 127 samples, 37 patients based on 8 videos
Dataset constituted.
--------------------NAIVE IMPLEMENTATION-------------------
Number of folds : 53
Grid search.
The best parameters are : {'C': 10.0}
Metrics obtained during CV : 
{'r2': array([-1.10658903e-01, -2.14366511e-01, -4.13218465e-03, -1.42562510e-02,
       -2.00027719e-05, -7.26745859e-03, -3.18559824e-03, -2.39445705e-01,
       -1.54656961e-02, -9.85405931e-02, -1.87046629e-01, -3.50498392e-01,
       -8.09977380e-02, -8.65204390e-02, -2.80174169e-01, -4.28871876e-03,
       -8.80311883e-03, -5.37384388e-02, -3.71926657e-03, -8.78488535e-02,
       -9.93843946e-02, -9.20923710e-01, -6.71238612e-02, -2.66715715e-01,
       -1.61351970e-01, -7.19402197e-02, -7.21195035e-02, -6.04665664e-01,
       -2.85923073e-01, -9.51059096e-02, -1.50617066e-01, -1.65120750e-02,
       -2.86679076e-01, -1.19237854e-02, -1.13544917e+00, -1.08502896e-01,
       -1.60770130e-03, -8.64611568e-02, -5.47417574e-01, -4.54911099e-03,
       -1.14449477e-02, -3.58862336e-03, -5.11766529e-01, -1.61459026e-01,
       -1.58726558e-01, -4.72657222e-03, -2.96428605e-01, -4.30140292e-02,
       -2.52525803e-01, -2.86653282e-01, -3.67669291e-06, -5.83312050e-01,
       -1.49616262e-01]), 'neg_mean_absolute_error': array([ -8.20893684, -13.71143847,  -8.50422329, -11.35184917,
        -9.59395691,  -5.47483131,  -8.39763351,  -6.35099195,
        -6.86450885,  -8.12343115,  -7.9589732 , -12.90097392,
       -13.29880676, -13.21543369,  -8.15788001,  -7.77911508,
       -13.36799505,  -4.7996581 ,  -8.7922294 ,  -9.52688889,
        -9.17311111, -15.11187837,  -8.302552  , -10.8983531 ,
        -9.38343041,  -9.55075765,  -8.72759989, -17.80597671,
       -10.52491672, -10.25894444, -11.85441641, -10.49738074,
       -11.64051638,  -8.65229476, -14.17849719, -10.53872514,
        -9.60756943,  -6.6575    ,  -8.89298202,  -7.19807284,
        -6.75592872, -11.84603175, -13.65313678,  -9.04817339,
       -19.88438017,  -7.84405535, -10.05878031,  -5.51341812,
        -9.23210748, -15.84430136,  -8.1163924 , -15.579886  ,
        -9.6545    ]), 'neg_mean_squared_error': array([-123.8688459 , -231.77697325,  -95.38907733, -178.53581795,
       -127.9732839 ,  -46.48493584, -127.87182444, -115.11023567,
        -66.26009433,  -85.39770583, -110.58798148, -278.52669391,
       -326.39289149, -276.99045134,  -93.31007038,  -82.0804858 ,
       -252.47358307,  -29.6821012 ,  -96.09177178, -200.93135685,
       -158.97081109, -416.57129071, -115.70175285, -247.71571391,
       -132.17495815, -259.20745769, -149.02770644, -625.32619837,
       -242.25209147, -160.19064065, -225.69394328, -188.26575026,
       -279.51791651, -117.47798441, -303.28672487, -210.46941502,
       -164.50236452,  -80.68138098,  -98.84130202, -107.89327817,
        -81.47707927, -228.03796918, -370.28725463, -180.31538393,
       -681.98369406, -102.97217302, -170.2839464 ,  -45.46700667,
       -221.28610479, -400.03785197, -118.87549536, -479.9311119 ,
       -268.31429624]), 'max_error': array([-35.60048   , -26.05676156, -17.01515151, -28.80228857,
       -24.60456373, -15.31602931, -29.02159266, -37.1949694 ,
       -17.54906637, -16.15264536, -26.17183025, -31.82121494,
       -56.24110947, -36.42874671, -18.86040614, -17.90472885,
       -32.76309412, -12.10592801, -23.08493539, -45.54883516,
       -34.38923928, -49.46915089, -23.74646799, -48.05517792,
       -28.97132526, -47.24768114, -33.33219949, -64.9686976 ,
       -36.83612525, -30.85181929, -33.37812383, -32.47442668,
       -45.65803685, -24.96766943, -32.48589494, -43.29402623,
       -35.74968755, -25.82562578, -17.66411974, -31.57261482,
       -21.62157077, -41.32360715, -49.79744621, -43.18502016,
       -67.20521078, -24.29894102, -34.16418076, -15.36696397,
       -51.2129753 , -42.74304101, -32.73267086, -49.22752932,
       -54.10715893]), 'explained_variance': array([-2.22044605e-16,  0.00000000e+00,  1.11022302e-16,  1.11022302e-16,
        0.00000000e+00,  0.00000000e+00,  0.00000000e+00,  0.00000000e+00,
        0.00000000e+00,  3.33066907e-16,  0.00000000e+00,  0.00000000e+00,
        0.00000000e+00,  0.00000000e+00,  2.22044605e-16,  0.00000000e+00,
        2.22044605e-16,  0.00000000e+00,  0.00000000e+00,  0.00000000e+00,
        0.00000000e+00, -2.22044605e-16, -2.22044605e-16, -2.22044605e-16,
        0.00000000e+00,  0.00000000e+00,  0.00000000e+00,  0.00000000e+00,
        0.00000000e+00,  0.00000000e+00,  0.00000000e+00, -2.22044605e-16,
        1.11022302e-16,  0.00000000e+00,  0.00000000e+00,  3.33066907e-16,
       -2.22044605e-16,  0.00000000e+00, -2.22044605e-16,  2.22044605e-16,
        0.00000000e+00,  0.00000000e+00, -2.22044605e-16,  0.00000000e+00,
       -2.22044605e-16, -2.22044605e-16,  0.00000000e+00,  0.00000000e+00,
        0.00000000e+00,  0.00000000e+00,  0.00000000e+00, -2.22044605e-16,
       -2.22044605e-16])}
         accs  y_pred (s)  y_true (s)
54     [1, 2]   12.985345      19.499
4    [28, 28]   22.554837      26.335
3    [28, 28]   22.554837      27.642
11   [28, 28]   22.554837      18.893
27   [29, 18]   24.956183      65.978
29   [29, 18]   24.956183      45.143
64     [1, 2]   12.985345      30.560
77    [14, 9]   17.621140      12.834
124  [24, 20]   19.361024      45.263
71     [1, 2]   12.985345       9.629
25   [29, 18]   24.956183      19.467
91    [20, 4]   13.670664      14.879
83    [14, 9]   17.621140      24.338
89    [14, 9]   17.621140      11.455
69     [1, 2]   12.985345       9.069
{'mse': 268.4892173980516, 'mae': 11.410740892458467, 'r2-score': -0.0981564328417932, 'max-error': 62.39868377718823, 'explained variance score': 0.09360611803642438, 'layers': ['mbconv1', 'output']}
