environment: line 5: __conda_exe: command not found
Using device: cuda
Using model: efficientnetB0
Number of videos: 64
Execution type : naive
Using 2 features
Job ID : 51
Plotting ?  yes
Calculate accumulators ?  no
The directory contains : 65 videos
Number of videos in the directory : 65
Number of videos in the dataframe : 64
['conv1', 'mbconv1', 'mbconv2', 'mbconv3', 'mbconv4', 'mbconv5', 'mbconv6', 'mbconv7', 'conv2', 'pool', 'output']
{'conv1': {'T_max': 448.07057094573975, 'T_min': 278.996922403574, 'tau': 100, 'alpha': 50}, 'mbconv1': {'T_max': 1141.3850047588348, 'T_min': 812.3603581190109, 'tau': 100, 'alpha': 50}, 'mbconv2': {'T_max': 953.6717767715454, 'T_min': 642.3899536132812, 'tau': 100, 'alpha': 50}, 'mbconv3': {'T_max': 513.2992756962776, 'T_min': 322.42850029468536, 'tau': 100, 'alpha': 50}, 'mbconv4': {'T_max': 258.70095932483673, 'T_min': 155.41686257719994, 'tau': 100, 'alpha': 50}, 'mbconv5': {'T_max': 325.90665873885155, 'T_min': 182.09475773572922, 'tau': 100, 'alpha': 50}, 'mbconv6': {'T_max': 210.1228244304657, 'T_min': 113.37274000048637, 'tau': 100, 'alpha': 50}, 'mbconv7': {'T_max': 136.23850935697556, 'T_min': 72.70513460040092, 'tau': 100, 'alpha': 50}, 'conv2': {'T_max': 128.36026607453823, 'T_min': 69.14668047428131, 'tau': 100, 'alpha': 50}, 'pool': {'T_max': 5.443593147210777, 'T_min': 2.9237937070429325, 'tau': 100, 'alpha': 50}, 'output': {'T_max': 14.12623843550682, 'T_min': 7.4854159746319056, 'tau': 100, 'alpha': 50}}
Iterating over following combinations of layers :  [['conv1'], ['mbconv1'], ['mbconv2'], ['mbconv3'], ['mbconv4'], ['mbconv5'], ['mbconv6'], ['mbconv7'], ['conv2'], ['pool'], ['output'], ['conv1', 'mbconv1'], ['conv1', 'mbconv2'], ['conv1', 'mbconv3'], ['conv1', 'mbconv4'], ['conv1', 'mbconv5'], ['conv1', 'mbconv6'], ['conv1', 'mbconv7'], ['conv1', 'conv2'], ['conv1', 'pool'], ['conv1', 'output'], ['mbconv1', 'mbconv2'], ['mbconv1', 'mbconv3'], ['mbconv1', 'mbconv4'], ['mbconv1', 'mbconv5'], ['mbconv1', 'mbconv6'], ['mbconv1', 'mbconv7'], ['mbconv1', 'conv2'], ['mbconv1', 'pool'], ['mbconv1', 'output'], ['mbconv2', 'mbconv3'], ['mbconv2', 'mbconv4'], ['mbconv2', 'mbconv5'], ['mbconv2', 'mbconv6'], ['mbconv2', 'mbconv7'], ['mbconv2', 'conv2'], ['mbconv2', 'pool'], ['mbconv2', 'output'], ['mbconv3', 'mbconv4'], ['mbconv3', 'mbconv5'], ['mbconv3', 'mbconv6'], ['mbconv3', 'mbconv7'], ['mbconv3', 'conv2'], ['mbconv3', 'pool'], ['mbconv3', 'output'], ['mbconv4', 'mbconv5'], ['mbconv4', 'mbconv6'], ['mbconv4', 'mbconv7'], ['mbconv4', 'conv2'], ['mbconv4', 'pool'], ['mbconv4', 'output'], ['mbconv5', 'mbconv6'], ['mbconv5', 'mbconv7'], ['mbconv5', 'conv2'], ['mbconv5', 'pool'], ['mbconv5', 'output'], ['mbconv6', 'mbconv7'], ['mbconv6', 'conv2'], ['mbconv6', 'pool'], ['mbconv6', 'output'], ['mbconv7', 'conv2'], ['mbconv7', 'pool'], ['mbconv7', 'output'], ['conv2', 'pool'], ['conv2', 'output'], ['pool', 'output']]
[['mbconv5', 'mbconv6']]
Generating the training set for videos : 
TRAINING SET : contains 962 samples, 37 patients based on 56 videos
TEST SET : contains 127 samples, 37 patients based on 8 videos
Dataset constituted.
--------------------NAIVE IMPLEMENTATION-------------------
Number of folds : 53
Grid search.
The best parameters are : {'C': 1000.0}
Metrics obtained during CV : 
{'r2': array([-7.62506353e-02, -2.47395769e-01, -1.16610549e-02, -1.00308015e-01,
       -1.03064915e-02, -2.96709669e-02, -3.21359682e-02, -8.04910288e-02,
       -3.28280287e-01, -1.21954592e-01, -4.24346597e-03, -2.50748017e-01,
       -3.76578017e-01, -1.95568434e-01, -1.98416728e-01, -4.91226151e-01,
       -3.81823502e-02, -2.01006502e-01, -2.39177139e-01, -1.48425549e-01,
       -3.73059080e-02, -1.11891984e+00, -2.54015062e-02, -1.47388216e-01,
       -3.16357528e-02, -5.03275021e-02, -1.09231501e-01, -2.93158287e-04,
       -1.58550341e-01, -1.82805907e-01, -2.04282683e-01, -3.45220836e-01,
       -6.46017382e-01, -1.48206170e-02, -5.01021579e-01, -8.44831086e-03,
       -1.16729800e-01, -2.94405954e-04, -3.18876699e-02, -1.37378940e-03,
       -5.10002982e-05, -1.01081258e+00, -6.40320739e-01, -4.79705461e-02,
       -8.84169438e-02, -1.33333557e-01, -2.18334675e-01, -1.43663402e-01,
       -2.09448004e-01, -3.76127077e-01, -1.95212711e-02, -9.68566444e-01,
       -2.25906300e-02]), 'neg_mean_absolute_error': array([ -7.73870169, -11.87548966,  -8.61632039, -10.90145122,
        -9.8828654 ,  -5.69721703,  -9.32310148,  -6.11049365,
        -8.17265625,  -7.19240001,  -7.55949118, -12.49447078,
       -14.85202958, -13.71858109,  -6.58996609,  -9.13031998,
       -13.28341824,  -5.22303514,  -8.326846  ,  -9.68535503,
        -9.17311111, -16.07538543,  -8.27591337, -10.69242269,
        -8.0900061 ,  -9.62657191,  -8.96008899, -15.47674034,
       -10.48122222, -10.25894444, -12.05323747, -11.8588091 ,
       -13.3982496 ,  -7.4095785 , -12.43927433, -10.49816667,
        -9.44361111,  -6.95314823,  -5.46419057,  -7.11669281,
        -7.05183992, -16.10791484, -14.39063713,  -8.63387531,
       -19.58377778,  -8.05568865,  -9.73197968,  -5.25069448,
        -8.98655957, -16.14790833,  -8.2047714 , -17.62573942,
       -12.17228728]), 'neg_mean_squared_error': array([-120.03138292, -238.08101847,  -96.10429391, -193.68319523,
       -129.28965331,  -47.51884757, -131.56200563, -100.34774132,
        -86.67154138,  -87.21784959,  -93.5576203 , -257.95418354,
       -415.63942614, -304.79043779,  -87.35088701, -121.877867  ,
       -259.82633572,  -33.83040346, -118.63349727, -212.1201884 ,
       -149.99427167, -459.50870789, -111.17805154, -224.38033081,
       -117.41178897, -253.98125434, -154.18638122, -389.8067567 ,
       -218.25663526, -173.01927994, -236.2204729 , -249.14510734,
       -357.58050149, -117.81428833, -213.1822779 , -191.47223423,
       -183.40982449,  -74.28257655,  -65.91182788, -107.55223376,
        -80.55923835, -456.90196779, -401.77491137, -162.69640786,
       -640.60204942, -116.15281446, -160.02642613,  -49.85450825,
       -213.67546864, -427.85646132, -121.19565053, -596.70883081,
       -238.66719213]), 'max_error': array([-36.19735907, -37.79026072, -16.58918252, -34.58842688,
       -23.50671147, -14.72498626, -26.36045243, -35.21337929,
       -16.10260764, -21.99939988, -21.36866752, -30.51031493,
       -61.95893744, -38.79320815, -27.18235577, -19.33355269,
       -34.37005344, -10.95676177, -27.27338597, -46.75659762,
       -32.92092422, -50.91441148, -22.70827966, -46.20180424,
       -31.35911128, -46.5653528 , -34.06260031, -49.2803369 ,
       -34.96213675, -32.2930764 , -34.27281861, -38.72176063,
       -49.6129366 , -27.45593118, -28.22248965, -40.02168367,
       -39.61436118, -23.43958295, -21.04828489, -32.65573533,
       -20.72548519, -57.38178893, -51.12494684, -40.90737783,
       -64.75358055, -27.29956899, -33.2795309 , -19.23880618,
       -50.61664466, -44.11648831, -34.23511373, -53.06491648,
       -45.90167544]), 'explained_variance': array([-4.44089210e-16,  0.00000000e+00,  1.11022302e-16,  1.11022302e-16,
        0.00000000e+00,  0.00000000e+00,  0.00000000e+00,  0.00000000e+00,
        0.00000000e+00,  0.00000000e+00,  1.11022302e-16, -2.22044605e-16,
        0.00000000e+00,  0.00000000e+00,  2.22044605e-16,  0.00000000e+00,
        0.00000000e+00,  0.00000000e+00, -2.22044605e-16,  0.00000000e+00,
        0.00000000e+00, -2.22044605e-16, -2.22044605e-16, -2.22044605e-16,
        0.00000000e+00,  0.00000000e+00,  0.00000000e+00,  0.00000000e+00,
        0.00000000e+00,  0.00000000e+00, -2.22044605e-16,  0.00000000e+00,
        0.00000000e+00,  0.00000000e+00,  0.00000000e+00,  3.33066907e-16,
        0.00000000e+00,  0.00000000e+00, -2.22044605e-16,  2.22044605e-16,
        0.00000000e+00,  0.00000000e+00, -2.22044605e-16,  0.00000000e+00,
       -4.44089210e-16,  0.00000000e+00,  0.00000000e+00,  0.00000000e+00,
        0.00000000e+00,  0.00000000e+00, -2.22044605e-16,  0.00000000e+00,
       -2.22044605e-16])}
         accs  y_pred (s)  y_true (s)
54     [9, 4]   33.659793      19.499
4    [39, 37]   22.043959      26.335
3    [39, 37]   22.043959      27.642
11   [39, 37]   22.043959      18.893
27   [26, 24]   18.614688      65.978
29   [26, 24]   18.614688      45.143
64     [9, 4]   33.659793      30.560
77   [14, 14]   15.006013      12.834
124  [24, 23]   15.020172      45.263
71     [9, 4]   33.659793       9.629
25   [26, 24]   18.614688      19.467
91     [3, 4]   17.002129      14.879
83   [14, 14]   15.006013      24.338
89   [14, 14]   15.006013      11.455
69     [9, 4]   33.659793       9.069
{'mse': 353.2398047466065, 'mae': 13.361936296145835, 'r2-score': -0.4447975515648399, 'max-error': 70.2723350557961, 'explained variance score': -0.2705851366264711, 'layers': ['mbconv5', 'mbconv6']}
