environment: line 5: __conda_exe: command not found
Using device: cuda
Using model: efficientnetB0
Number of videos: 64
Execution type : naive
Using 2 features
Job ID : 54
Plotting ?  yes
Calculate accumulators ?  no
The directory contains : 65 videos
Number of videos in the directory : 65
Number of videos in the dataframe : 64
['conv1', 'mbconv1', 'mbconv2', 'mbconv3', 'mbconv4', 'mbconv5', 'mbconv6', 'mbconv7', 'conv2', 'pool', 'output']
{'conv1': {'T_max': 448.07057094573975, 'T_min': 278.996922403574, 'tau': 100, 'alpha': 50}, 'mbconv1': {'T_max': 1141.3850047588348, 'T_min': 812.3603581190109, 'tau': 100, 'alpha': 50}, 'mbconv2': {'T_max': 953.6717767715454, 'T_min': 642.3899536132812, 'tau': 100, 'alpha': 50}, 'mbconv3': {'T_max': 513.2992756962776, 'T_min': 322.42850029468536, 'tau': 100, 'alpha': 50}, 'mbconv4': {'T_max': 258.70095932483673, 'T_min': 155.41686257719994, 'tau': 100, 'alpha': 50}, 'mbconv5': {'T_max': 325.90665873885155, 'T_min': 182.09475773572922, 'tau': 100, 'alpha': 50}, 'mbconv6': {'T_max': 210.1228244304657, 'T_min': 113.37274000048637, 'tau': 100, 'alpha': 50}, 'mbconv7': {'T_max': 136.23850935697556, 'T_min': 72.70513460040092, 'tau': 100, 'alpha': 50}, 'conv2': {'T_max': 128.36026607453823, 'T_min': 69.14668047428131, 'tau': 100, 'alpha': 50}, 'pool': {'T_max': 5.443593147210777, 'T_min': 2.9237937070429325, 'tau': 100, 'alpha': 50}, 'output': {'T_max': 14.12623843550682, 'T_min': 7.4854159746319056, 'tau': 100, 'alpha': 50}}
Iterating over following combinations of layers :  [['conv1'], ['mbconv1'], ['mbconv2'], ['mbconv3'], ['mbconv4'], ['mbconv5'], ['mbconv6'], ['mbconv7'], ['conv2'], ['pool'], ['output'], ['conv1', 'mbconv1'], ['conv1', 'mbconv2'], ['conv1', 'mbconv3'], ['conv1', 'mbconv4'], ['conv1', 'mbconv5'], ['conv1', 'mbconv6'], ['conv1', 'mbconv7'], ['conv1', 'conv2'], ['conv1', 'pool'], ['conv1', 'output'], ['mbconv1', 'mbconv2'], ['mbconv1', 'mbconv3'], ['mbconv1', 'mbconv4'], ['mbconv1', 'mbconv5'], ['mbconv1', 'mbconv6'], ['mbconv1', 'mbconv7'], ['mbconv1', 'conv2'], ['mbconv1', 'pool'], ['mbconv1', 'output'], ['mbconv2', 'mbconv3'], ['mbconv2', 'mbconv4'], ['mbconv2', 'mbconv5'], ['mbconv2', 'mbconv6'], ['mbconv2', 'mbconv7'], ['mbconv2', 'conv2'], ['mbconv2', 'pool'], ['mbconv2', 'output'], ['mbconv3', 'mbconv4'], ['mbconv3', 'mbconv5'], ['mbconv3', 'mbconv6'], ['mbconv3', 'mbconv7'], ['mbconv3', 'conv2'], ['mbconv3', 'pool'], ['mbconv3', 'output'], ['mbconv4', 'mbconv5'], ['mbconv4', 'mbconv6'], ['mbconv4', 'mbconv7'], ['mbconv4', 'conv2'], ['mbconv4', 'pool'], ['mbconv4', 'output'], ['mbconv5', 'mbconv6'], ['mbconv5', 'mbconv7'], ['mbconv5', 'conv2'], ['mbconv5', 'pool'], ['mbconv5', 'output'], ['mbconv6', 'mbconv7'], ['mbconv6', 'conv2'], ['mbconv6', 'pool'], ['mbconv6', 'output'], ['mbconv7', 'conv2'], ['mbconv7', 'pool'], ['mbconv7', 'output'], ['conv2', 'pool'], ['conv2', 'output'], ['pool', 'output']]
[['mbconv5', 'pool']]
Generating the training set for videos : 
TRAINING SET : contains 962 samples, 37 patients based on 56 videos
TEST SET : contains 127 samples, 37 patients based on 8 videos
Dataset constituted.
--------------------NAIVE IMPLEMENTATION-------------------
Number of folds : 53
Grid search.
The best parameters are : {'C': 10.0}
Metrics obtained during CV : 
{'r2': array([-1.66377488e-02, -3.46219254e-02, -1.12176974e-02, -6.90343818e-02,
       -2.01985741e-02, -2.19235166e-02, -3.04532084e-02, -4.55988915e-02,
       -9.96214061e-02, -4.02979096e-03, -1.83427598e-01, -5.39473495e-01,
       -4.46329551e-01, -5.59297230e-03, -3.95400787e-01, -1.44099029e-01,
       -1.95296928e-02, -1.05301901e+00, -6.11404937e-02, -3.01635615e-01,
       -1.92378610e-01, -1.00184794e+00, -8.70564071e-02, -3.12572499e-02,
       -3.93115239e-06, -2.20184577e-01, -4.19516845e-02, -2.75036476e-01,
       -1.48483957e-01, -7.47589261e-02, -1.33765480e-01, -7.01830512e-04,
       -2.39043923e-01, -1.24325763e-02, -2.53190596e-01, -3.44250489e-01,
       -1.17178132e-03, -1.75372353e-01, -9.80172915e-02, -1.12164515e-01,
       -1.82818405e-03, -5.61779035e-05, -8.13115253e-01, -1.61091060e-01,
       -2.37744295e-01, -8.72206782e-02, -2.05391235e-01, -2.94891869e-01,
       -3.86425396e-01, -9.13300596e-01, -6.21908594e-02, -1.30701964e-01,
       -1.91420074e-02]), 'neg_mean_absolute_error': array([ -6.83777116, -11.15359433,  -8.11642362, -10.9391382 ,
       -10.03674057,  -5.63204924,  -8.11975021,  -6.07490235,
        -7.27109337,  -7.57457887,  -7.95256566, -13.65471534,
       -15.20041239, -12.99533405,  -8.73906889,  -7.70097623,
       -13.77942514,  -6.61047705,  -8.5897125 , -10.18051684,
        -9.17311111, -15.51710156,  -9.52046873, -10.63555556,
        -7.39497076,  -9.80693036,  -9.0745367 , -15.84547582,
       -10.48122222, -10.25894444, -11.79894896, -10.4753111 ,
       -11.33588942,  -8.66609459, -11.72780241, -11.47743623,
        -9.62427197,  -6.6575    ,  -6.65435951,  -7.48738647,
        -6.91367352, -11.70209674, -15.27339766,  -9.04627061,
       -20.36519424,  -7.97898623,  -9.6903748 ,  -6.216866  ,
        -9.88401738, -18.97321118,  -8.2751036 , -14.09352935,
       -10.5146113 ]), 'neg_mean_squared_error': array([-113.38291557, -197.47048041,  -96.06217648, -188.17821197,
       -130.55555028,  -47.16130626, -131.34751136,  -97.10722653,
        -71.75133378,  -78.0506804 , -110.25082422, -317.50090594,
       -436.69997415, -256.35932953, -101.70877428,  -93.50717814,
       -255.15812726,  -57.83021263, -101.58903345, -240.41888673,
       -172.41776012, -434.1205096 , -117.86291762, -201.67005342,
       -113.81173076, -295.05464611, -144.8342925 , -496.87217138,
       -216.36025241, -157.21431087, -222.38849867, -185.337573  ,
       -269.16966513, -117.53705183, -177.98413402, -255.2303789 ,
       -164.43076975,  -87.28398985,  -70.13585765, -119.45167641,
        -80.70239962, -227.2353179 , -444.09864664, -180.25825759,
       -728.4906178 , -111.42680893, -158.32632477,  -56.44685074,
       -244.94239943, -594.87095036, -126.26800033, -342.73663919,
       -237.86230203]), 'max_error': array([-37.75133541, -33.48929224, -18.67398377, -33.87237425,
       -23.04741844, -14.88929491, -30.35458203, -34.53714465,
       -16.0040452 , -18.36066713, -26.13124917, -33.86708448,
       -62.90454791, -32.92634689, -18.01097624, -16.42910966,
       -29.06797413, -11.61300492, -24.90758749, -48.98482578,
       -35.87260266, -50.07698568, -17.97642716, -43.30547608,
       -33.27776317, -50.3736244 , -27.75116972, -59.97109414,
       -34.78579722, -30.42885185, -33.06504064, -31.08620007,
       -44.9726262 , -24.94282975, -25.78361086, -46.83985652,
       -35.67452616, -26.90049987, -17.1189411 , -35.74248911,
       -21.04514611, -42.11362931, -52.71391579, -43.17931184,
       -69.36887406, -26.59276587, -33.11837158, -13.15091978,
       -52.79618506, -50.15350819, -35.43076122, -42.22473478,
       -50.3115548 ]), 'explained_variance': array([-4.44089210e-16,  0.00000000e+00,  1.11022302e-16,  1.11022302e-16,
        0.00000000e+00,  0.00000000e+00,  0.00000000e+00,  0.00000000e+00,
        0.00000000e+00,  3.33066907e-16,  3.33066907e-16, -2.22044605e-16,
        0.00000000e+00,  0.00000000e+00,  2.22044605e-16,  0.00000000e+00,
        0.00000000e+00,  0.00000000e+00,  0.00000000e+00,  0.00000000e+00,
        0.00000000e+00, -2.22044605e-16, -2.22044605e-16,  1.11022302e-16,
        0.00000000e+00,  0.00000000e+00,  0.00000000e+00,  0.00000000e+00,
        0.00000000e+00,  0.00000000e+00,  0.00000000e+00, -2.22044605e-16,
        1.11022302e-16,  0.00000000e+00,  0.00000000e+00,  3.33066907e-16,
       -2.22044605e-16,  0.00000000e+00, -2.22044605e-16,  0.00000000e+00,
        0.00000000e+00,  0.00000000e+00,  0.00000000e+00,  0.00000000e+00,
        0.00000000e+00, -2.22044605e-16,  0.00000000e+00,  0.00000000e+00,
       -2.22044605e-16,  0.00000000e+00, -2.22044605e-16, -2.22044605e-16,
       -2.22044605e-16])}
         accs  y_pred (s)  y_true (s)
54     [9, 2]   15.582913      19.499
4    [39, 28]   28.289652      26.335
3    [39, 28]   28.289652      27.642
11   [39, 28]   28.289652      18.893
27   [26, 20]   18.326209      65.978
29   [26, 20]   18.326209      45.143
64     [9, 2]   15.582913      30.560
77   [14, 10]   17.712283      12.834
124  [24, 20]   16.800001      45.263
71     [9, 2]   15.582913       9.629
25   [26, 20]   18.326209      19.467
91     [3, 5]   13.775169      14.879
83   [14, 10]   17.712283      24.338
89   [14, 10]   17.712283      11.455
69     [9, 2]   15.582913       9.069
{'mse': 285.396038311813, 'mae': 11.577827863016479, 'r2-score': -0.1673075679424092, 'max-error': 65.02684612288232, 'explained variance score': 0.053318346246236215, 'layers': ['mbconv5', 'pool']}
