environment: line 5: __conda_exe: command not found
Using device: cuda
Using model: efficientnetB0
Number of videos: 64
Execution type : naive
Using 2 features
Job ID : 34
Plotting ?  yes
Calculate accumulators ?  no
The directory contains : 65 videos
Number of videos in the directory : 65
Number of videos in the dataframe : 64
['conv1', 'mbconv1', 'mbconv2', 'mbconv3', 'mbconv4', 'mbconv5', 'mbconv6', 'mbconv7', 'conv2', 'pool', 'output']
{'conv1': {'T_max': 448.07057094573975, 'T_min': 278.996922403574, 'tau': 100, 'alpha': 50}, 'mbconv1': {'T_max': 1141.3850047588348, 'T_min': 812.3603581190109, 'tau': 100, 'alpha': 50}, 'mbconv2': {'T_max': 953.6717767715454, 'T_min': 642.3899536132812, 'tau': 100, 'alpha': 50}, 'mbconv3': {'T_max': 513.2992756962776, 'T_min': 322.42850029468536, 'tau': 100, 'alpha': 50}, 'mbconv4': {'T_max': 258.70095932483673, 'T_min': 155.41686257719994, 'tau': 100, 'alpha': 50}, 'mbconv5': {'T_max': 325.90665873885155, 'T_min': 182.09475773572922, 'tau': 100, 'alpha': 50}, 'mbconv6': {'T_max': 210.1228244304657, 'T_min': 113.37274000048637, 'tau': 100, 'alpha': 50}, 'mbconv7': {'T_max': 136.23850935697556, 'T_min': 72.70513460040092, 'tau': 100, 'alpha': 50}, 'conv2': {'T_max': 128.36026607453823, 'T_min': 69.14668047428131, 'tau': 100, 'alpha': 50}, 'pool': {'T_max': 5.443593147210777, 'T_min': 2.9237937070429325, 'tau': 100, 'alpha': 50}, 'output': {'T_max': 14.12623843550682, 'T_min': 7.4854159746319056, 'tau': 100, 'alpha': 50}}
Iterating over following combinations of layers :  [['conv1'], ['mbconv1'], ['mbconv2'], ['mbconv3'], ['mbconv4'], ['mbconv5'], ['mbconv6'], ['mbconv7'], ['conv2'], ['pool'], ['output'], ['conv1', 'mbconv1'], ['conv1', 'mbconv2'], ['conv1', 'mbconv3'], ['conv1', 'mbconv4'], ['conv1', 'mbconv5'], ['conv1', 'mbconv6'], ['conv1', 'mbconv7'], ['conv1', 'conv2'], ['conv1', 'pool'], ['conv1', 'output'], ['mbconv1', 'mbconv2'], ['mbconv1', 'mbconv3'], ['mbconv1', 'mbconv4'], ['mbconv1', 'mbconv5'], ['mbconv1', 'mbconv6'], ['mbconv1', 'mbconv7'], ['mbconv1', 'conv2'], ['mbconv1', 'pool'], ['mbconv1', 'output'], ['mbconv2', 'mbconv3'], ['mbconv2', 'mbconv4'], ['mbconv2', 'mbconv5'], ['mbconv2', 'mbconv6'], ['mbconv2', 'mbconv7'], ['mbconv2', 'conv2'], ['mbconv2', 'pool'], ['mbconv2', 'output'], ['mbconv3', 'mbconv4'], ['mbconv3', 'mbconv5'], ['mbconv3', 'mbconv6'], ['mbconv3', 'mbconv7'], ['mbconv3', 'conv2'], ['mbconv3', 'pool'], ['mbconv3', 'output'], ['mbconv4', 'mbconv5'], ['mbconv4', 'mbconv6'], ['mbconv4', 'mbconv7'], ['mbconv4', 'conv2'], ['mbconv4', 'pool'], ['mbconv4', 'output'], ['mbconv5', 'mbconv6'], ['mbconv5', 'mbconv7'], ['mbconv5', 'conv2'], ['mbconv5', 'pool'], ['mbconv5', 'output'], ['mbconv6', 'mbconv7'], ['mbconv6', 'conv2'], ['mbconv6', 'pool'], ['mbconv6', 'output'], ['mbconv7', 'conv2'], ['mbconv7', 'pool'], ['mbconv7', 'output'], ['conv2', 'pool'], ['conv2', 'output'], ['pool', 'output']]
[['mbconv2', 'mbconv7']]
Generating the training set for videos : 
TRAINING SET : contains 962 samples, 37 patients based on 56 videos
TEST SET : contains 127 samples, 37 patients based on 8 videos
Dataset constituted.
--------------------NAIVE IMPLEMENTATION-------------------
Number of folds : 53
Grid search.
The best parameters are : {'C': 10.0}
Metrics obtained during CV : 
{'r2': array([-2.62605102e-01, -1.18157029e-01, -3.34713239e-05, -1.80624425e-01,
       -3.86241948e-01, -1.28606175e-02, -1.47390143e-02, -7.22137374e-02,
       -8.11605387e-01, -1.15837040e-02, -3.12035801e-01, -4.33109660e-01,
       -5.49969759e-01, -8.31902708e-02, -7.83583249e-02, -1.38544849e-02,
       -1.72609389e-03, -1.15292708e+00, -1.09695786e-01, -2.47208288e-01,
       -1.11799830e-01, -8.98450675e-01, -8.18867948e-02, -7.06197263e-04,
       -9.12500304e-02, -1.20108919e-01, -8.91288770e-04, -4.02379779e-01,
       -2.08109054e-01, -1.46339351e-01, -6.64929761e-01, -3.20536834e-01,
       -5.03727654e-01, -5.04176021e-02, -4.98975883e-01, -4.55000234e-02,
       -2.16772167e-02, -9.38899334e-02, -1.95966012e-01, -6.83375369e-02,
       -1.00808067e-03, -5.10599464e-02, -5.99934546e-01, -9.50873730e-02,
       -4.08116169e-01, -7.13022007e-02, -2.21262110e-01, -2.85363886e-02,
       -2.26050538e-01, -7.52603536e-01, -4.15532693e-02, -1.19866073e-01,
       -5.20336040e-03]), 'neg_mean_absolute_error': array([ -9.70795818, -11.48892919,  -8.35418533, -10.83447874,
       -12.03459269,  -5.54529865,  -8.21441593,  -6.10289395,
        -9.42743942,  -7.63603762,  -8.36382664, -13.25060623,
       -15.69592476, -13.20102254,  -7.13916139,  -7.85365146,
       -13.41152373,  -6.79119687,  -8.4984588 , -10.02342975,
        -9.17311111, -14.99621594,  -8.33387792, -10.63555556,
        -8.79306079,  -9.43438889,  -8.76711305, -16.56860752,
       -10.48122222, -10.25894444, -14.03791755, -11.76175245,
       -12.78239068,  -9.34272755, -12.43352804, -10.49816667,
       -10.39006347,  -6.6575    ,  -7.26313737,  -7.37503471,
        -6.95367526, -11.64372222, -14.16765274,  -8.7575614 ,
       -21.58696658,  -7.96212935,  -9.74250368,  -5.46859422,
        -9.08394137, -18.0668335 ,  -8.24589979, -14.06020938,
       -10.85729134]), 'neg_mean_squared_error': array([-140.81500307, -213.41419537,  -94.99971377, -207.82099907,
       -177.39838594,  -46.74305758, -129.34448951,  -99.57900981,
       -118.20895998,  -78.63790207, -122.23225885, -295.56443605,
       -467.99275676, -276.14147992,  -78.60000117,  -82.86229557,
       -250.70241304,  -60.64446092, -106.23750864, -230.36587554,
       -160.76608115, -411.69779091, -117.30240798, -195.69556702,
       -124.19656641, -270.85520252, -139.12677893, -546.49690307,
       -227.5928874 , -167.68500059, -326.57655979, -244.57344281,
       -326.66950827, -121.94687433, -212.89173828, -198.50717505,
       -167.79854798,  -81.23304722,  -76.39233245, -114.74445379,
        -80.63633608, -238.8245244 , -391.88284662, -170.01124939,
       -828.76521591, -109.79535986, -160.41094041,  -44.8358982 ,
       -216.60866964, -544.90806789, -123.81470561, -339.45208069,
       -234.60909626]), 'max_error': array([-33.70171963, -35.66755151, -17.58529574, -36.02509615,
       -20.67932301, -15.12476082, -29.75503242, -35.06898506,
       -18.75159433, -17.97142838, -27.38907846, -32.7702169 ,
       -64.18206338, -36.33747611, -20.98956193, -18.37679258,
       -31.93604912, -11.86551604, -25.72887084, -48.27793387,
       -34.61905938, -49.29565724, -24.02840129, -41.20473208,
       -30.03399058, -48.46605557, -30.51798255, -62.14048922,
       -35.75829339, -31.74864157, -39.3631516 , -38.43059069,
       -48.22725402, -23.72489042, -28.20525077, -41.69438529,
       -33.34897626, -25.93223987, -16.08312728, -34.98081237,
       -20.94635568, -45.63277778, -50.72357493, -42.02055262,
       -73.03823309, -26.30619896, -33.31531253, -15.6209661 ,
       -50.85314332, -48.59935216, -34.93429644, -41.95817503,
       -49.29988976]), 'explained_variance': array([ 0.00000000e+00,  0.00000000e+00,  1.11022302e-16,  0.00000000e+00,
        0.00000000e+00,  0.00000000e+00,  0.00000000e+00,  0.00000000e+00,
       -2.22044605e-16,  3.33066907e-16,  3.33066907e-16,  0.00000000e+00,
        0.00000000e+00,  0.00000000e+00,  2.22044605e-16,  0.00000000e+00,
        0.00000000e+00,  0.00000000e+00,  0.00000000e+00,  0.00000000e+00,
        0.00000000e+00, -2.22044605e-16, -2.22044605e-16,  1.11022302e-16,
        0.00000000e+00,  0.00000000e+00,  0.00000000e+00,  0.00000000e+00,
        0.00000000e+00,  0.00000000e+00,  0.00000000e+00,  0.00000000e+00,
        1.11022302e-16,  0.00000000e+00,  0.00000000e+00,  3.33066907e-16,
        0.00000000e+00,  0.00000000e+00, -2.22044605e-16,  0.00000000e+00,
        0.00000000e+00,  0.00000000e+00,  0.00000000e+00,  0.00000000e+00,
        0.00000000e+00,  0.00000000e+00,  0.00000000e+00,  0.00000000e+00,
       -2.22044605e-16,  0.00000000e+00,  0.00000000e+00,  0.00000000e+00,
       -2.22044605e-16])}
         accs  y_pred (s)  y_true (s)
54    [10, 2]   17.581568      19.499
4    [46, 34]   24.575515      26.335
3    [46, 34]   24.575515      27.642
11   [46, 34]   24.575515      18.893
27   [30, 22]   13.787884      65.978
29   [30, 22]   13.787884      45.143
64    [10, 2]   17.581568      30.560
77   [16, 11]   18.488938      12.834
124  [26, 21]   15.097102      45.263
71    [10, 2]   17.581568       9.629
25   [30, 22]   13.787884      19.467
91     [3, 3]   14.104768      14.879
83   [16, 11]   18.488938      24.338
89   [16, 11]   18.488938      11.455
69    [10, 2]   17.581568       9.069
{'mse': 319.29615121569157, 'mae': 12.302258059761039, 'r2-score': -0.3059635162901042, 'max-error': 64.86075256779128, 'explained variance score': -0.02264604981506313, 'layers': ['mbconv2', 'mbconv7']}
