environment: line 5: __conda_exe: command not found
Using device: cuda
Using model: efficientnetB0
Number of videos: 64
Execution type : naive
Using 2 features
Job ID : 6
Plotting ?  yes
Calculate accumulators ?  no
The directory contains : 65 videos
Number of videos in the directory : 65
Number of videos in the dataframe : 64
['conv1', 'mbconv1', 'mbconv2', 'mbconv3', 'mbconv4', 'mbconv5', 'mbconv6', 'mbconv7', 'conv2', 'pool', 'output']
{'conv1': {'T_max': 448.07057094573975, 'T_min': 278.996922403574, 'tau': 100, 'alpha': 50}, 'mbconv1': {'T_max': 1141.3850047588348, 'T_min': 812.3603581190109, 'tau': 100, 'alpha': 50}, 'mbconv2': {'T_max': 953.6717767715454, 'T_min': 642.3899536132812, 'tau': 100, 'alpha': 50}, 'mbconv3': {'T_max': 513.2992756962776, 'T_min': 322.42850029468536, 'tau': 100, 'alpha': 50}, 'mbconv4': {'T_max': 258.70095932483673, 'T_min': 155.41686257719994, 'tau': 100, 'alpha': 50}, 'mbconv5': {'T_max': 325.90665873885155, 'T_min': 182.09475773572922, 'tau': 100, 'alpha': 50}, 'mbconv6': {'T_max': 210.1228244304657, 'T_min': 113.37274000048637, 'tau': 100, 'alpha': 50}, 'mbconv7': {'T_max': 136.23850935697556, 'T_min': 72.70513460040092, 'tau': 100, 'alpha': 50}, 'conv2': {'T_max': 128.36026607453823, 'T_min': 69.14668047428131, 'tau': 100, 'alpha': 50}, 'pool': {'T_max': 5.443593147210777, 'T_min': 2.9237937070429325, 'tau': 100, 'alpha': 50}, 'output': {'T_max': 14.12623843550682, 'T_min': 7.4854159746319056, 'tau': 100, 'alpha': 50}}
Iterating over following combinations of layers :  [['conv1'], ['mbconv1'], ['mbconv2'], ['mbconv3'], ['mbconv4'], ['mbconv5'], ['mbconv6'], ['mbconv7'], ['conv2'], ['pool'], ['output'], ['conv1', 'mbconv1'], ['conv1', 'mbconv2'], ['conv1', 'mbconv3'], ['conv1', 'mbconv4'], ['conv1', 'mbconv5'], ['conv1', 'mbconv6'], ['conv1', 'mbconv7'], ['conv1', 'conv2'], ['conv1', 'pool'], ['conv1', 'output'], ['mbconv1', 'mbconv2'], ['mbconv1', 'mbconv3'], ['mbconv1', 'mbconv4'], ['mbconv1', 'mbconv5'], ['mbconv1', 'mbconv6'], ['mbconv1', 'mbconv7'], ['mbconv1', 'conv2'], ['mbconv1', 'pool'], ['mbconv1', 'output'], ['mbconv2', 'mbconv3'], ['mbconv2', 'mbconv4'], ['mbconv2', 'mbconv5'], ['mbconv2', 'mbconv6'], ['mbconv2', 'mbconv7'], ['mbconv2', 'conv2'], ['mbconv2', 'pool'], ['mbconv2', 'output'], ['mbconv3', 'mbconv4'], ['mbconv3', 'mbconv5'], ['mbconv3', 'mbconv6'], ['mbconv3', 'mbconv7'], ['mbconv3', 'conv2'], ['mbconv3', 'pool'], ['mbconv3', 'output'], ['mbconv4', 'mbconv5'], ['mbconv4', 'mbconv6'], ['mbconv4', 'mbconv7'], ['mbconv4', 'conv2'], ['mbconv4', 'pool'], ['mbconv4', 'output'], ['mbconv5', 'mbconv6'], ['mbconv5', 'mbconv7'], ['mbconv5', 'conv2'], ['mbconv5', 'pool'], ['mbconv5', 'output'], ['mbconv6', 'mbconv7'], ['mbconv6', 'conv2'], ['mbconv6', 'pool'], ['mbconv6', 'output'], ['mbconv7', 'conv2'], ['mbconv7', 'pool'], ['mbconv7', 'output'], ['conv2', 'pool'], ['conv2', 'output'], ['pool', 'output']]
[['mbconv6']]
Generating the training set for videos : 
TRAINING SET : contains 962 samples, 37 patients based on 56 videos
TEST SET : contains 127 samples, 37 patients based on 8 videos
Dataset constituted.
--------------------NAIVE IMPLEMENTATION-------------------
Number of folds : 53
Grid search.
The best parameters are : {'C': 100000.0}
Metrics obtained during CV : 
{'r2': array([-2.83051266e-01, -1.19028535e-01, -5.36344169e-02, -1.32597668e-01,
       -2.79622831e-02, -3.02918324e-02, -1.68122737e-02, -8.33006996e-02,
       -8.62815716e-02, -2.99600280e-02, -7.03762440e-03, -8.23332068e-01,
       -3.67661199e-01, -6.11014213e-03, -3.73427816e-02, -7.17770420e-02,
       -2.04252877e-01, -1.44293869e+00, -5.16184975e-03, -1.72987527e-01,
       -5.14063634e-02, -9.45185574e-01, -6.22370513e-02, -4.22071907e-01,
       -1.53591961e-01, -8.90567469e-02, -1.04591458e-02, -1.96901396e-01,
       -2.19109452e-01, -3.64022668e-02, -2.57273904e-02, -5.69117578e-01,
       -4.68562177e-01, -4.41635482e-02, -3.71654459e-01, -4.67610926e-01,
       -6.15582828e-02, -2.22971998e-03, -5.00109359e-02, -4.49618477e-03,
       -2.32268407e-04, -3.38295004e-01, -6.18133761e-01, -5.80754855e-02,
       -4.32451327e-02, -1.33360205e-01, -2.18159384e-01, -6.31646509e-01,
       -9.83236896e-02, -7.92548169e-01, -1.29447192e-02, -2.14323857e-02,
       -5.71848697e-04]), 'neg_mean_absolute_error': array([ -9.87116633, -11.49168938,  -9.00846395, -10.8683347 ,
       -10.14134055,  -5.70298629,  -9.05782851,  -6.11298365,
        -7.22455811,  -7.27413266,  -7.53727041, -15.04270038,
       -14.80524004, -12.99817545,  -6.8665105 ,  -7.51258437,
       -13.11971156,  -7.32534119,  -8.78042257,  -9.77794445,
        -9.17311111, -15.23517413,  -8.29143452, -11.40010043,
        -9.32547637,  -9.49856564,  -8.67224915, -15.31442998,
       -10.48122222, -10.25894444, -12.33243452, -12.85097514,
       -12.61717096,  -9.25660558, -12.04920109, -12.07204031,
        -9.44361111,  -7.07643194,  -5.42766667,  -7.19671347,
        -7.01953338, -12.79363291, -14.26903651,  -8.66428683,
       -19.58377778,  -8.05575383,  -9.73134728,  -6.32304768,
        -8.73143796, -18.27896615,  -8.18813236, -14.35490364,
       -11.40754584]), 'neg_mean_squared_error': array([-143.09530957, -213.58053304, -100.09161782, -199.36702474,
       -131.54907775,  -47.54750023, -129.60875911, -100.60868205,
        -70.88089699,  -80.06642999,  -93.8179305 , -376.04387818,
       -412.94711145, -256.49117344,  -75.61043668,  -87.59630437,
       -301.38887671,  -68.81361719,  -96.2298785 , -216.65691393,
       -152.03319531, -421.83271563, -115.17190575, -278.09677694,
       -131.29178158, -263.34643058, -140.45673868, -466.42351525,
       -229.66522709, -151.6035496 , -201.19678934, -290.612483  ,
       -319.03016671, -121.22081802, -194.80893956, -278.65259925,
       -174.34854721,  -74.42629435,  -67.06945155, -107.88759365,
        -80.57384043, -304.09080742, -396.34050389, -164.26518987,
       -614.01558826, -116.15554557, -160.00340196,  -71.12663937,
       -194.04292557, -557.32739286, -120.41386255, -309.61501277,
       -233.52812617]), 'max_error': array([-33.49498931, -35.68503274, -15.384455  , -35.21764062,
       -22.76350422, -14.71280671, -26.92047314, -35.26068937,
       -16.18087919, -20.44647953, -22.80713779, -36.34993703,
       -61.83193724, -32.98033362, -21.72961436, -15.41936769,
       -38.42850653, -12.54209884, -23.19119685, -47.17325001,
       -33.32475078, -49.65409453, -23.64641064, -49.91822597,
       -29.07564254, -47.7174092 , -31.37175763, -58.37795662,
       -35.92164772, -29.42951358, -25.69629468, -40.99235524,
       -47.85550965, -23.87990995, -27.05226994, -48.1777157 ,
       -38.41549194, -22.88480626, -21.40841318, -31.57669292,
       -20.7981749 , -50.99406538, -50.90606572, -41.18108145,
       -62.58482379, -27.29993838, -33.27738076, -21.98364562,
       -48.70144529, -49.00004718, -33.9522502 , -38.47927091,
       -47.83254442]), 'explained_variance': array([-2.22044605e-16,  0.00000000e+00,  1.11022302e-16,  3.33066907e-16,
        0.00000000e+00,  0.00000000e+00,  0.00000000e+00, -2.22044605e-16,
        0.00000000e+00,  3.33066907e-16,  1.11022302e-16,  0.00000000e+00,
        0.00000000e+00,  0.00000000e+00,  2.22044605e-16,  0.00000000e+00,
        2.22044605e-16,  0.00000000e+00,  0.00000000e+00,  0.00000000e+00,
        2.22044605e-16, -2.22044605e-16, -2.22044605e-16,  1.11022302e-16,
        0.00000000e+00,  0.00000000e+00, -2.22044605e-16,  1.11022302e-16,
        0.00000000e+00, -2.22044605e-16,  0.00000000e+00,  0.00000000e+00,
        1.11022302e-16,  0.00000000e+00,  0.00000000e+00,  4.44089210e-16,
       -2.22044605e-16,  0.00000000e+00, -2.22044605e-16,  2.22044605e-16,
        0.00000000e+00,  0.00000000e+00,  0.00000000e+00,  0.00000000e+00,
       -2.22044605e-16,  0.00000000e+00,  0.00000000e+00,  0.00000000e+00,
        0.00000000e+00,  0.00000000e+00,  2.22044605e-16, -2.22044605e-16,
        0.00000000e+00])}
     accs  y_pred (s)  y_true (s)
54    [4]   17.647147      19.499
4    [37]   22.835437      26.335
3    [37]   22.835437      27.642
11   [37]   22.835437      18.893
27   [24]   18.349688      65.978
29   [24]   18.349688      45.143
64    [4]   17.647147      30.560
77   [14]   15.510868      12.834
124  [23]   17.948346      45.263
71    [4]   17.647147       9.629
25   [24]   18.349688      19.467
91    [4]   17.647147      14.879
83   [14]   15.510868      24.338
89   [14]   15.510868      11.455
69    [4]   17.647147       9.069
{'mse': 286.2922841761351, 'mae': 11.531987858028476, 'r2-score': -0.17097333214274202, 'max-error': 65.545636517444, 'explained variance score': 0.05962825029403873, 'layers': ['mbconv6']}
