environment: line 5: __conda_exe: command not found
Using device: cuda
Using model: efficientnetB0
Number of videos: 64
Execution type : naive
Using 2 features
Job ID : 16
Plotting ?  yes
Calculate accumulators ?  no
The directory contains : 65 videos
Number of videos in the directory : 65
Number of videos in the dataframe : 64
['conv1', 'mbconv1', 'mbconv2', 'mbconv3', 'mbconv4', 'mbconv5', 'mbconv6', 'mbconv7', 'conv2', 'pool', 'output']
{'conv1': {'T_max': 448.07057094573975, 'T_min': 278.996922403574, 'tau': 100, 'alpha': 50}, 'mbconv1': {'T_max': 1141.3850047588348, 'T_min': 812.3603581190109, 'tau': 100, 'alpha': 50}, 'mbconv2': {'T_max': 953.6717767715454, 'T_min': 642.3899536132812, 'tau': 100, 'alpha': 50}, 'mbconv3': {'T_max': 513.2992756962776, 'T_min': 322.42850029468536, 'tau': 100, 'alpha': 50}, 'mbconv4': {'T_max': 258.70095932483673, 'T_min': 155.41686257719994, 'tau': 100, 'alpha': 50}, 'mbconv5': {'T_max': 325.90665873885155, 'T_min': 182.09475773572922, 'tau': 100, 'alpha': 50}, 'mbconv6': {'T_max': 210.1228244304657, 'T_min': 113.37274000048637, 'tau': 100, 'alpha': 50}, 'mbconv7': {'T_max': 136.23850935697556, 'T_min': 72.70513460040092, 'tau': 100, 'alpha': 50}, 'conv2': {'T_max': 128.36026607453823, 'T_min': 69.14668047428131, 'tau': 100, 'alpha': 50}, 'pool': {'T_max': 5.443593147210777, 'T_min': 2.9237937070429325, 'tau': 100, 'alpha': 50}, 'output': {'T_max': 14.12623843550682, 'T_min': 7.4854159746319056, 'tau': 100, 'alpha': 50}}
Iterating over following combinations of layers :  [['conv1'], ['mbconv1'], ['mbconv2'], ['mbconv3'], ['mbconv4'], ['mbconv5'], ['mbconv6'], ['mbconv7'], ['conv2'], ['pool'], ['output'], ['conv1', 'mbconv1'], ['conv1', 'mbconv2'], ['conv1', 'mbconv3'], ['conv1', 'mbconv4'], ['conv1', 'mbconv5'], ['conv1', 'mbconv6'], ['conv1', 'mbconv7'], ['conv1', 'conv2'], ['conv1', 'pool'], ['conv1', 'output'], ['mbconv1', 'mbconv2'], ['mbconv1', 'mbconv3'], ['mbconv1', 'mbconv4'], ['mbconv1', 'mbconv5'], ['mbconv1', 'mbconv6'], ['mbconv1', 'mbconv7'], ['mbconv1', 'conv2'], ['mbconv1', 'pool'], ['mbconv1', 'output'], ['mbconv2', 'mbconv3'], ['mbconv2', 'mbconv4'], ['mbconv2', 'mbconv5'], ['mbconv2', 'mbconv6'], ['mbconv2', 'mbconv7'], ['mbconv2', 'conv2'], ['mbconv2', 'pool'], ['mbconv2', 'output'], ['mbconv3', 'mbconv4'], ['mbconv3', 'mbconv5'], ['mbconv3', 'mbconv6'], ['mbconv3', 'mbconv7'], ['mbconv3', 'conv2'], ['mbconv3', 'pool'], ['mbconv3', 'output'], ['mbconv4', 'mbconv5'], ['mbconv4', 'mbconv6'], ['mbconv4', 'mbconv7'], ['mbconv4', 'conv2'], ['mbconv4', 'pool'], ['mbconv4', 'output'], ['mbconv5', 'mbconv6'], ['mbconv5', 'mbconv7'], ['mbconv5', 'conv2'], ['mbconv5', 'pool'], ['mbconv5', 'output'], ['mbconv6', 'mbconv7'], ['mbconv6', 'conv2'], ['mbconv6', 'pool'], ['mbconv6', 'output'], ['mbconv7', 'conv2'], ['mbconv7', 'pool'], ['mbconv7', 'output'], ['conv2', 'pool'], ['conv2', 'output'], ['pool', 'output']]
[['conv1', 'mbconv6']]
Generating the training set for videos : 
TRAINING SET : contains 962 samples, 37 patients based on 56 videos
TEST SET : contains 127 samples, 37 patients based on 8 videos
Dataset constituted.
--------------------NAIVE IMPLEMENTATION-------------------
Number of folds : 53
Grid search.
The best parameters are : {'C': 1}
Metrics obtained during CV : 
{'r2': array([-1.05910705e-01, -3.09931589e-02, -3.60691232e-02, -1.93713319e-01,
       -3.57716815e-02, -3.57950585e-02, -7.62614097e-02, -6.67200324e-02,
       -1.41633579e-02, -1.53464585e-03, -6.28855378e-02, -5.74732948e-01,
       -2.17501530e-01, -2.74193249e-01, -1.07810501e-01, -2.38974241e-01,
       -4.42032375e-03, -6.54926895e-01, -1.11891603e-03, -6.16738781e-02,
       -8.80651465e-02, -7.52607566e-01, -4.23772408e-02, -3.72387668e-01,
       -8.38430589e-03, -1.26096915e-01, -3.53815502e-03, -2.69383708e-01,
       -2.21518286e-01, -3.53232066e-03, -8.16946451e-02, -2.56612067e-01,
       -6.27772687e-01, -1.54844579e-02, -3.75236139e-01, -3.94231308e-01,
       -7.40787100e-02, -1.11415359e-01, -4.09002126e-01, -3.05021957e-02,
       -1.53703736e-05, -4.66578525e-01, -7.74645563e-01, -1.47812065e-01,
       -2.24721820e-01, -5.90469980e-04, -1.81870165e-01, -8.71595789e-02,
       -2.81501209e-01, -5.38113473e-01, -1.27508343e-02, -1.47500780e-01,
       -5.74973357e-02]), 'neg_mean_absolute_error': array([ -8.14878215, -11.14630789,  -8.85882451, -10.84504346,
       -10.23267541,  -5.75173855,  -7.99269343,  -6.09760681,
        -6.8531335 ,  -7.43166855,  -7.6820317 , -13.80173689,
       -13.90911464, -14.06061777,  -7.29145956,  -8.16272146,
       -13.39075862,  -5.94888902,  -8.82216506,  -9.52688889,
        -9.17311111, -14.31144686,  -8.2409721 , -11.19936493,
        -7.68857838,  -9.44358453,  -8.72830063, -15.80982868,
       -10.48122222, -10.25894444, -11.67458614, -11.4914267 ,
       -13.32336871,  -8.74352322, -12.0608425 , -11.72944238,
        -9.44361111,  -7.9586984 ,  -8.31199031,  -7.2751228 ,
        -7.09596606, -13.36753322, -15.08568328,  -8.9760875 ,
       -20.29218705,  -7.83688581,  -9.6723486 ,  -5.61575148,
        -9.38561362, -16.8162723 ,  -8.18758384, -14.14256335,
       -10.12721293]), 'neg_mean_squared_error': array([-123.33929199, -196.77788513,  -98.4229758 , -210.12498928,
       -132.54845212,  -47.80147162, -137.18648899,  -99.06879652,
        -66.17511553,  -77.85671427,  -99.02084996, -324.77281312,
       -367.60839629, -324.8345364 ,  -80.74672832, -101.26132626,
       -251.37669909,  -46.61660405,  -95.84282539, -196.09670239,
       -157.3340496 , -380.07027151, -113.01862723, -268.38065323,
       -114.76551196, -272.30316871, -139.49470099, -494.66932976,
       -230.11902178, -146.79537746, -212.17478609, -232.73409085,
       -353.61702738, -117.89135608, -195.31762691, -264.72014551,
       -176.40488111,  -82.53449783,  -90.00001484, -110.68076099,
        -80.55636818, -333.23971661, -434.67600391, -178.19670657,
       -720.82606999, -102.54827318, -155.23686763,  -47.39139689,
       -226.40524466, -478.22021578, -120.39081447, -347.82867046,
       -246.81423083]), 'max_error': array([-35.67667594, -33.35084999, -15.7906192 , -36.22582573,
       -22.51559533, -14.60988528, -31.50217523, -34.96852936,
       -17.59229269, -19.26576587, -24.41786743, -34.20633342,
       -59.39959689, -40.09294751, -20.57618118, -17.41674531,
       -32.33058617, -10.46187682, -22.81551447, -44.89579436,
       -34.16683531, -48.11260436, -23.19224889, -49.36676146,
       -32.27976485, -48.59876076, -30.86729435, -59.86415271,
       -35.95686727, -27.84076513, -31.94577524, -37.61961345,
       -49.44445459, -24.80345821, -27.08719415, -47.40687035,
       -38.72389336, -20.4153036 , -16.86215213, -34.08160521,
       -20.62620136, -52.52307476, -52.37602991, -42.9687625 ,
       -69.04034172, -23.35694129, -32.81192621, -14.78707497,
       -51.58577594, -46.23718101, -33.9429252 , -42.61700683,
       -51.86114828]), 'explained_variance': array([ 0.00000000e+00,  0.00000000e+00,  1.11022302e-16,  0.00000000e+00,
        0.00000000e+00,  0.00000000e+00,  0.00000000e+00,  0.00000000e+00,
        0.00000000e+00,  3.33066907e-16,  3.33066907e-16, -2.22044605e-16,
        0.00000000e+00,  0.00000000e+00,  2.22044605e-16,  0.00000000e+00,
        0.00000000e+00,  0.00000000e+00,  0.00000000e+00,  0.00000000e+00,
        0.00000000e+00, -2.22044605e-16, -2.22044605e-16, -2.22044605e-16,
        0.00000000e+00,  0.00000000e+00,  0.00000000e+00,  0.00000000e+00,
        0.00000000e+00, -2.22044605e-16, -2.22044605e-16,  0.00000000e+00,
        0.00000000e+00,  0.00000000e+00,  0.00000000e+00,  3.33066907e-16,
        0.00000000e+00,  0.00000000e+00,  0.00000000e+00,  2.22044605e-16,
        0.00000000e+00,  0.00000000e+00,  0.00000000e+00,  0.00000000e+00,
        0.00000000e+00, -2.22044605e-16, -2.22044605e-16,  0.00000000e+00,
        1.11022302e-16,  0.00000000e+00,  0.00000000e+00, -2.22044605e-16,
        0.00000000e+00])}
         accs  y_pred (s)  y_true (s)
54     [2, 4]   14.049950      19.499
4    [32, 37]   22.586726      26.335
3    [32, 37]   22.586726      27.642
11   [32, 37]   22.586726      18.893
27   [31, 24]   19.290924      65.978
29   [31, 24]   19.290924      45.143
64     [2, 4]   14.049950      30.560
77   [17, 14]   16.383217      12.834
124  [25, 23]   19.530568      45.263
71     [2, 4]   14.049950       9.629
25   [31, 24]   19.290924      19.467
91    [16, 4]   17.636312      14.879
83   [17, 14]   16.383217      24.338
89   [17, 14]   16.383217      11.455
69     [2, 4]   14.049950       9.069
{'mse': 279.35483159181865, 'mae': 11.403013612371877, 'r2-score': -0.14259823292336704, 'max-error': 65.53637450553161, 'explained variance score': 0.09107294247426168, 'layers': ['conv1', 'mbconv6']}
