environment: line 5: __conda_exe: command not found
Using device: cuda
Using model: efficientnetB0
Number of videos: 64
Execution type : naive
Using 2 features
Job ID : 38
Plotting ?  yes
Calculate accumulators ?  no
The directory contains : 65 videos
Number of videos in the directory : 65
Number of videos in the dataframe : 64
['conv1', 'mbconv1', 'mbconv2', 'mbconv3', 'mbconv4', 'mbconv5', 'mbconv6', 'mbconv7', 'conv2', 'pool', 'output']
{'conv1': {'T_max': 448.07057094573975, 'T_min': 278.996922403574, 'tau': 100, 'alpha': 50}, 'mbconv1': {'T_max': 1141.3850047588348, 'T_min': 812.3603581190109, 'tau': 100, 'alpha': 50}, 'mbconv2': {'T_max': 953.6717767715454, 'T_min': 642.3899536132812, 'tau': 100, 'alpha': 50}, 'mbconv3': {'T_max': 513.2992756962776, 'T_min': 322.42850029468536, 'tau': 100, 'alpha': 50}, 'mbconv4': {'T_max': 258.70095932483673, 'T_min': 155.41686257719994, 'tau': 100, 'alpha': 50}, 'mbconv5': {'T_max': 325.90665873885155, 'T_min': 182.09475773572922, 'tau': 100, 'alpha': 50}, 'mbconv6': {'T_max': 210.1228244304657, 'T_min': 113.37274000048637, 'tau': 100, 'alpha': 50}, 'mbconv7': {'T_max': 136.23850935697556, 'T_min': 72.70513460040092, 'tau': 100, 'alpha': 50}, 'conv2': {'T_max': 128.36026607453823, 'T_min': 69.14668047428131, 'tau': 100, 'alpha': 50}, 'pool': {'T_max': 5.443593147210777, 'T_min': 2.9237937070429325, 'tau': 100, 'alpha': 50}, 'output': {'T_max': 14.12623843550682, 'T_min': 7.4854159746319056, 'tau': 100, 'alpha': 50}}
Iterating over following combinations of layers :  [['conv1'], ['mbconv1'], ['mbconv2'], ['mbconv3'], ['mbconv4'], ['mbconv5'], ['mbconv6'], ['mbconv7'], ['conv2'], ['pool'], ['output'], ['conv1', 'mbconv1'], ['conv1', 'mbconv2'], ['conv1', 'mbconv3'], ['conv1', 'mbconv4'], ['conv1', 'mbconv5'], ['conv1', 'mbconv6'], ['conv1', 'mbconv7'], ['conv1', 'conv2'], ['conv1', 'pool'], ['conv1', 'output'], ['mbconv1', 'mbconv2'], ['mbconv1', 'mbconv3'], ['mbconv1', 'mbconv4'], ['mbconv1', 'mbconv5'], ['mbconv1', 'mbconv6'], ['mbconv1', 'mbconv7'], ['mbconv1', 'conv2'], ['mbconv1', 'pool'], ['mbconv1', 'output'], ['mbconv2', 'mbconv3'], ['mbconv2', 'mbconv4'], ['mbconv2', 'mbconv5'], ['mbconv2', 'mbconv6'], ['mbconv2', 'mbconv7'], ['mbconv2', 'conv2'], ['mbconv2', 'pool'], ['mbconv2', 'output'], ['mbconv3', 'mbconv4'], ['mbconv3', 'mbconv5'], ['mbconv3', 'mbconv6'], ['mbconv3', 'mbconv7'], ['mbconv3', 'conv2'], ['mbconv3', 'pool'], ['mbconv3', 'output'], ['mbconv4', 'mbconv5'], ['mbconv4', 'mbconv6'], ['mbconv4', 'mbconv7'], ['mbconv4', 'conv2'], ['mbconv4', 'pool'], ['mbconv4', 'output'], ['mbconv5', 'mbconv6'], ['mbconv5', 'mbconv7'], ['mbconv5', 'conv2'], ['mbconv5', 'pool'], ['mbconv5', 'output'], ['mbconv6', 'mbconv7'], ['mbconv6', 'conv2'], ['mbconv6', 'pool'], ['mbconv6', 'output'], ['mbconv7', 'conv2'], ['mbconv7', 'pool'], ['mbconv7', 'output'], ['conv2', 'pool'], ['conv2', 'output'], ['pool', 'output']]
[['mbconv3', 'mbconv4']]
Generating the training set for videos : 
TRAINING SET : contains 962 samples, 37 patients based on 56 videos
TEST SET : contains 127 samples, 37 patients based on 8 videos
Dataset constituted.
--------------------NAIVE IMPLEMENTATION-------------------
Number of folds : 53
Grid search.
The best parameters are : {'C': 100.0}
Metrics obtained during CV : 
{'r2': array([-8.82584899e-02, -3.38883718e-01, -2.01264193e-02, -1.13678102e-01,
       -2.37668143e-04, -7.58042076e-02, -1.78757213e-03, -4.86287716e-02,
       -2.06862552e-01, -1.52443632e-02, -6.56033355e-02, -6.01708452e-01,
       -5.26021174e-01, -2.43132150e-01, -2.62287297e-01, -2.20473728e-01,
       -5.84637649e-03, -1.28980223e+00, -1.17318626e-01, -1.74916063e-01,
       -9.45187250e-02, -9.07566357e-01, -1.49534077e-02, -8.33073860e-01,
       -1.93688333e-02, -6.51504690e-02, -1.32493113e-02, -3.60590396e-01,
       -2.16320454e-01, -3.85083195e-02, -1.84556436e-01, -3.38449291e-01,
       -5.95486707e-01, -3.14800722e-02, -7.30423540e-01, -3.30619236e-01,
       -6.07453815e-02, -1.43440092e-01, -1.45924806e-01, -2.38686970e-02,
       -4.27104577e-03, -4.80444900e-01, -6.71008429e-01, -1.06349867e-01,
       -6.89538067e-03, -4.25983043e-02, -1.55793150e-01, -6.55428350e-02,
       -2.25889791e-01, -8.74623680e-01, -3.05342217e-02, -6.81511262e-02,
       -8.58308094e-02]), 'neg_mean_absolute_error': array([ -7.91236853, -12.2545569 ,  -8.70322237, -10.887173  ,
        -9.6265368 ,  -6.02889575,  -8.6909401 ,  -6.07844287,
        -7.7206289 ,  -7.65808974,  -7.69020282, -13.94789232,
       -15.56655828, -13.93225303,  -8.05755402,  -8.08005711,
       -13.38245225,  -7.05077085,  -8.48615807,  -9.78492696,
        -9.17311111, -15.04330424,  -8.34993827, -13.92712937,
        -7.90654814,  -9.5731688 ,  -8.661     , -16.34591788,
       -10.48122222, -10.25894444, -11.98359625, -11.83253893,
       -13.1881413 ,  -9.0607159 , -13.02251033, -11.405578  ,
        -9.44361111,  -6.6575    ,  -6.94750642,  -7.25191542,
        -7.34102126, -13.43503612, -14.55540693,  -8.78213629,
       -19.85929816,  -7.92602306,  -9.65093996,  -5.57006118,
        -9.08301599, -18.73983785,  -8.22723276, -14.10537127,
        -9.92409055]), 'neg_mean_squared_error': array([-121.37058714, -255.54263311,  -96.90847418, -196.03668268,
       -128.0011387 ,  -49.64787568, -127.69362396,  -97.38861861,
        -78.74891965,  -78.92247225,  -99.27404622, -330.3362391 ,
       -460.76179993, -316.91602192,  -92.00632177,  -99.74927991,
       -251.73359791,  -64.50001168, -106.96728654, -217.01312451,
       -158.26723604, -413.67461679, -110.04522774, -358.47127692,
       -116.01567512, -257.56561798, -140.84457975, -530.21189329,
       -229.13981422, -151.9116202 , -232.35116265, -247.89096581,
       -346.60322726, -119.74834626, -245.76304374, -252.6422378 ,
       -174.21503767,  -84.91267738,  -73.19595027, -109.96829217,
        -80.89918466, -336.39046971, -409.29145604, -171.75974064,
       -592.62146557, -106.8535619 , -151.81169091,  -46.44908106,
       -216.58027019, -582.8457759 , -122.50481568, -323.77632548,
       -253.42711228]), 'max_error': array([-35.97613319, -38.96108301, -16.258955  , -34.85971295,
       -24.48076018, -14.02477565, -27.9070276 , -34.60441452,
       -15.14832767, -17.83176501, -24.46961783, -34.45890492,
       -63.89837247, -39.6051615 , -19.00703644, -17.24223169,
       -32.48840723, -12.19430974, -25.83957738, -47.20467133,
       -34.29527705, -49.36628969, -22.3220278 , -53.59688062,
       -31.77189169, -47.04598082, -31.52308973, -61.47242032,
       -35.88062707, -29.49532725, -33.95943312, -38.64295011,
       -49.14019293, -24.23251139, -29.97219767, -46.67817549,
       -38.39442785, -26.55545683, -16.56808845, -33.87273878,
       -20.07482717, -52.67495628, -51.42153247, -42.24172661,
       -59.55431659, -25.69239198, -32.44797933, -15.04598662,
       -50.85089597, -49.79284032, -34.61695692, -40.47552985,
       -52.67363779]), 'explained_variance': array([-4.44089210e-16,  0.00000000e+00,  1.11022302e-16,  3.33066907e-16,
        0.00000000e+00,  0.00000000e+00,  0.00000000e+00, -2.22044605e-16,
        0.00000000e+00,  3.33066907e-16,  0.00000000e+00,  0.00000000e+00,
        0.00000000e+00,  0.00000000e+00,  2.22044605e-16,  0.00000000e+00,
        0.00000000e+00,  0.00000000e+00,  0.00000000e+00,  0.00000000e+00,
        0.00000000e+00,  1.11022302e-16, -2.22044605e-16, -2.22044605e-16,
        0.00000000e+00,  0.00000000e+00,  0.00000000e+00,  0.00000000e+00,
        0.00000000e+00, -2.22044605e-16, -2.22044605e-16,  0.00000000e+00,
        1.11022302e-16,  0.00000000e+00,  0.00000000e+00,  3.33066907e-16,
        0.00000000e+00,  0.00000000e+00,  0.00000000e+00,  0.00000000e+00,
        0.00000000e+00,  0.00000000e+00,  0.00000000e+00,  0.00000000e+00,
       -2.22044605e-16, -2.22044605e-16,  0.00000000e+00,  0.00000000e+00,
        1.11022302e-16,  0.00000000e+00,  1.11022302e-16,  0.00000000e+00,
       -2.22044605e-16])}
         accs  y_pred (s)  y_true (s)
54    [11, 9]   17.040807      19.499
4    [45, 42]   23.154500      26.335
3    [45, 42]   23.154500      27.642
11   [45, 42]   23.154500      18.893
27   [29, 26]   14.855928      65.978
29   [29, 26]   14.855928      45.143
64    [11, 9]   17.040807      30.560
77   [15, 14]   17.563314      12.834
124  [26, 23]   14.180280      45.263
71    [11, 9]   17.040807       9.629
25   [29, 26]   14.855928      19.467
91     [3, 2]   14.107535      14.879
83   [15, 14]   17.563314      24.338
89   [15, 14]   17.563314      11.455
69    [11, 9]   17.040807       9.069
{'mse': 320.1718647485799, 'mae': 12.350001130218063, 'r2-score': -0.30954530053748464, 'max-error': 64.15405656889101, 'explained variance score': -0.006020565794548682, 'layers': ['mbconv3', 'mbconv4']}
