environment: line 5: __conda_exe: command not found
Using device: cuda
Using model: efficientnetB0
Number of videos: 64
Execution type : naive
Using 2 features
Job ID : 48
Plotting ?  yes
Calculate accumulators ?  no
The directory contains : 65 videos
Number of videos in the directory : 65
Number of videos in the dataframe : 64
['conv1', 'mbconv1', 'mbconv2', 'mbconv3', 'mbconv4', 'mbconv5', 'mbconv6', 'mbconv7', 'conv2', 'pool', 'output']
{'conv1': {'T_max': 448.07057094573975, 'T_min': 278.996922403574, 'tau': 100, 'alpha': 50}, 'mbconv1': {'T_max': 1141.3850047588348, 'T_min': 812.3603581190109, 'tau': 100, 'alpha': 50}, 'mbconv2': {'T_max': 953.6717767715454, 'T_min': 642.3899536132812, 'tau': 100, 'alpha': 50}, 'mbconv3': {'T_max': 513.2992756962776, 'T_min': 322.42850029468536, 'tau': 100, 'alpha': 50}, 'mbconv4': {'T_max': 258.70095932483673, 'T_min': 155.41686257719994, 'tau': 100, 'alpha': 50}, 'mbconv5': {'T_max': 325.90665873885155, 'T_min': 182.09475773572922, 'tau': 100, 'alpha': 50}, 'mbconv6': {'T_max': 210.1228244304657, 'T_min': 113.37274000048637, 'tau': 100, 'alpha': 50}, 'mbconv7': {'T_max': 136.23850935697556, 'T_min': 72.70513460040092, 'tau': 100, 'alpha': 50}, 'conv2': {'T_max': 128.36026607453823, 'T_min': 69.14668047428131, 'tau': 100, 'alpha': 50}, 'pool': {'T_max': 5.443593147210777, 'T_min': 2.9237937070429325, 'tau': 100, 'alpha': 50}, 'output': {'T_max': 14.12623843550682, 'T_min': 7.4854159746319056, 'tau': 100, 'alpha': 50}}
Iterating over following combinations of layers :  [['conv1'], ['mbconv1'], ['mbconv2'], ['mbconv3'], ['mbconv4'], ['mbconv5'], ['mbconv6'], ['mbconv7'], ['conv2'], ['pool'], ['output'], ['conv1', 'mbconv1'], ['conv1', 'mbconv2'], ['conv1', 'mbconv3'], ['conv1', 'mbconv4'], ['conv1', 'mbconv5'], ['conv1', 'mbconv6'], ['conv1', 'mbconv7'], ['conv1', 'conv2'], ['conv1', 'pool'], ['conv1', 'output'], ['mbconv1', 'mbconv2'], ['mbconv1', 'mbconv3'], ['mbconv1', 'mbconv4'], ['mbconv1', 'mbconv5'], ['mbconv1', 'mbconv6'], ['mbconv1', 'mbconv7'], ['mbconv1', 'conv2'], ['mbconv1', 'pool'], ['mbconv1', 'output'], ['mbconv2', 'mbconv3'], ['mbconv2', 'mbconv4'], ['mbconv2', 'mbconv5'], ['mbconv2', 'mbconv6'], ['mbconv2', 'mbconv7'], ['mbconv2', 'conv2'], ['mbconv2', 'pool'], ['mbconv2', 'output'], ['mbconv3', 'mbconv4'], ['mbconv3', 'mbconv5'], ['mbconv3', 'mbconv6'], ['mbconv3', 'mbconv7'], ['mbconv3', 'conv2'], ['mbconv3', 'pool'], ['mbconv3', 'output'], ['mbconv4', 'mbconv5'], ['mbconv4', 'mbconv6'], ['mbconv4', 'mbconv7'], ['mbconv4', 'conv2'], ['mbconv4', 'pool'], ['mbconv4', 'output'], ['mbconv5', 'mbconv6'], ['mbconv5', 'mbconv7'], ['mbconv5', 'conv2'], ['mbconv5', 'pool'], ['mbconv5', 'output'], ['mbconv6', 'mbconv7'], ['mbconv6', 'conv2'], ['mbconv6', 'pool'], ['mbconv6', 'output'], ['mbconv7', 'conv2'], ['mbconv7', 'pool'], ['mbconv7', 'output'], ['conv2', 'pool'], ['conv2', 'output'], ['pool', 'output']]
[['mbconv4', 'conv2']]
Generating the training set for videos : 
TRAINING SET : contains 962 samples, 37 patients based on 56 videos
TEST SET : contains 127 samples, 37 patients based on 8 videos
Dataset constituted.
--------------------NAIVE IMPLEMENTATION-------------------
Number of folds : 53
Grid search.
The best parameters are : {'C': 10.0}
Metrics obtained during CV : 
{'r2': array([-8.54885621e-02, -1.32804413e-01, -5.87555227e-03, -2.26340238e-01,
       -8.26585049e-02, -1.02468660e-02, -1.58661206e-02, -4.49328886e-02,
       -3.09438804e-01, -3.06692947e-02, -2.02421092e-01, -4.96346475e-01,
       -5.40998288e-01, -5.26930493e-03, -1.51118974e-01, -7.00101728e-03,
       -7.11282792e-04, -1.34981702e+00, -1.12675025e-01, -2.86464273e-01,
       -2.53653911e-01, -7.31219643e-01, -5.25930631e-03, -6.59734651e-02,
       -8.88124127e-03, -2.07424049e-01, -7.04119225e-02, -2.60523346e-01,
       -2.14371781e-01, -7.17863443e-02, -2.77809210e-01, -2.25522859e-01,
       -2.21000978e-01, -3.66597980e-03, -3.31435499e-01, -3.59146717e-01,
       -3.47337196e-02, -1.53373636e-01, -2.50486184e-01, -9.52070248e-02,
       -5.98300794e-03, -6.83305558e-07, -6.89908125e-01, -2.09695500e-01,
       -8.33962836e-02, -1.27321874e-01, -2.53247247e-01, -1.28999937e-01,
       -3.18230619e-01, -8.03688071e-01, -3.69674916e-02, -1.40319936e-01,
       -1.72419744e-03]), 'neg_mean_absolute_error': array([ -7.87319102, -11.53404768,  -8.16145526, -10.91091484,
       -10.64265472,  -5.51481976,  -8.20629341,  -6.07410847,
        -8.10881299,  -7.73000549,  -7.98552669, -13.4961467 ,
       -15.6459336 , -12.99348847,  -7.50284056,  -7.56619735,
       -13.42391024,  -7.16022173,  -8.49360194, -10.1382649 ,
        -9.29235463, -14.20987104,  -8.80070368, -10.63555556,
        -7.69808905,  -9.73539907,  -8.71922039, -15.75319281,
       -10.48122222, -10.25894444, -12.28697051, -11.34773074,
       -11.2215731 ,  -8.3610866 , -11.91986843, -11.55435439,
       -10.57249929,  -6.6575    ,  -7.57113196,  -7.42931921,
        -6.81502807, -11.6909277 , -14.65501374,  -9.28119659,
       -19.58377778,  -8.04081269,  -9.8642777 ,  -5.71696114,
        -9.56924934, -18.33716761,  -8.23847494, -14.12196419,
       -11.03266014]), 'neg_mean_squared_error': array([-121.06166443, -216.20983101,  -95.55469121, -215.86818652,
       -138.54859286,  -46.62243413, -129.48815698,  -97.04537327,
        -85.44211687,  -80.12156655, -112.02030167, -308.6063923 ,
       -465.28394046, -256.27681588,  -83.90342115,  -82.30216188,
       -250.44843584,  -66.19053087, -106.52272811, -237.61666074,
       -181.27815898, -375.43208888, -108.99415526, -208.45906845,
       -114.82206882, -291.96900377, -148.79034775, -491.21651317,
       -228.77270801, -156.77948555, -250.6427272 , -226.97613354,
       -265.25001918, -116.51930514, -189.09685013, -258.05869844,
       -169.94292606,  -85.65034947,  -79.87480857, -117.63036261,
        -81.037092  , -227.22270828, -413.92068689, -187.80404965,
       -637.64707408, -115.53669057, -164.61213993,  -49.21529933,
       -232.89429917, -560.7909387 , -123.26957101, -345.65202394,
       -233.79707821]), 'max_error': array([-36.02575804, -35.953302  , -18.38878333, -36.69846068,
       -21.40279433, -15.20748922, -29.80647505, -34.52206099,
       -15.96782742, -17.37629858, -26.34000236, -33.43668389,
       -64.0765265 , -32.89128098, -20.06055881, -16.55624986,
       -31.7007054 , -12.33294753, -25.77258258, -48.79469205,
       -36.65459586, -47.92976788, -20.29358342, -44.42499134,
       -32.25123284, -50.15903056, -33.29449173, -59.69424511,
       -35.85180879, -30.36243997, -35.32461727, -37.18852554,
       -44.69532894, -25.49184412, -26.64790795, -47.01292239,
       -32.84740127, -26.66657566, -15.7508646 , -35.46937287,
       -21.35562371, -42.21415068, -51.60082473, -43.88408976,
       -64.54577343, -27.21527191, -33.69181727, -14.36493212,
       -52.03174841, -49.10998325, -34.80807401, -42.45221356,
       -48.83223962]), 'explained_variance': array([-2.22044605e-16,  0.00000000e+00,  1.11022302e-16,  0.00000000e+00,
        0.00000000e+00,  0.00000000e+00,  0.00000000e+00,  0.00000000e+00,
        0.00000000e+00,  3.33066907e-16,  0.00000000e+00, -2.22044605e-16,
        2.22044605e-16,  0.00000000e+00,  2.22044605e-16,  0.00000000e+00,
        0.00000000e+00,  0.00000000e+00,  0.00000000e+00, -2.22044605e-16,
        0.00000000e+00, -2.22044605e-16, -2.22044605e-16, -2.22044605e-16,
        0.00000000e+00,  0.00000000e+00, -2.22044605e-16,  1.11022302e-16,
        0.00000000e+00, -2.22044605e-16,  0.00000000e+00,  0.00000000e+00,
        1.11022302e-16,  0.00000000e+00,  0.00000000e+00,  0.00000000e+00,
        0.00000000e+00,  0.00000000e+00, -2.22044605e-16,  0.00000000e+00,
        0.00000000e+00,  0.00000000e+00,  0.00000000e+00,  0.00000000e+00,
       -2.22044605e-16,  1.11022302e-16,  0.00000000e+00,  0.00000000e+00,
        0.00000000e+00, -2.22044605e-16,  0.00000000e+00, -2.22044605e-16,
       -2.22044605e-16])}
         accs  y_pred (s)  y_true (s)
54     [9, 2]   16.612230      19.499
4    [42, 32]   25.914689      26.335
3    [42, 32]   25.914689      27.642
11   [42, 32]   25.914689      18.893
27   [26, 18]   16.693217      65.978
29   [26, 18]   16.693217      45.143
64     [9, 2]   16.612230      30.560
77    [14, 7]   19.618661      12.834
124  [23, 18]   15.279461      45.263
71     [9, 2]   16.612230       9.629
25   [26, 18]   16.693217      19.467
91     [2, 5]   13.404276      14.879
83    [14, 7]   19.618661      24.338
89    [14, 7]   19.618661      11.455
69     [9, 2]   16.612230       9.069
{'mse': 301.14102060284387, 'mae': 12.015913649007578, 'r2-score': -0.2317066293104546, 'max-error': 63.53955405745777, 'explained variance score': 0.0022612466715756785, 'layers': ['mbconv4', 'conv2']}
