environment: line 5: __conda_exe: command not found
Using device: cuda
Using model: efficientnetB0
Number of videos: 64
Execution type : naive
Using 2 features
Job ID : 46
Plotting ?  yes
Calculate accumulators ?  no
The directory contains : 65 videos
Number of videos in the directory : 65
Number of videos in the dataframe : 64
['conv1', 'mbconv1', 'mbconv2', 'mbconv3', 'mbconv4', 'mbconv5', 'mbconv6', 'mbconv7', 'conv2', 'pool', 'output']
{'conv1': {'T_max': 448.07057094573975, 'T_min': 278.996922403574, 'tau': 100, 'alpha': 50}, 'mbconv1': {'T_max': 1141.3850047588348, 'T_min': 812.3603581190109, 'tau': 100, 'alpha': 50}, 'mbconv2': {'T_max': 953.6717767715454, 'T_min': 642.3899536132812, 'tau': 100, 'alpha': 50}, 'mbconv3': {'T_max': 513.2992756962776, 'T_min': 322.42850029468536, 'tau': 100, 'alpha': 50}, 'mbconv4': {'T_max': 258.70095932483673, 'T_min': 155.41686257719994, 'tau': 100, 'alpha': 50}, 'mbconv5': {'T_max': 325.90665873885155, 'T_min': 182.09475773572922, 'tau': 100, 'alpha': 50}, 'mbconv6': {'T_max': 210.1228244304657, 'T_min': 113.37274000048637, 'tau': 100, 'alpha': 50}, 'mbconv7': {'T_max': 136.23850935697556, 'T_min': 72.70513460040092, 'tau': 100, 'alpha': 50}, 'conv2': {'T_max': 128.36026607453823, 'T_min': 69.14668047428131, 'tau': 100, 'alpha': 50}, 'pool': {'T_max': 5.443593147210777, 'T_min': 2.9237937070429325, 'tau': 100, 'alpha': 50}, 'output': {'T_max': 14.12623843550682, 'T_min': 7.4854159746319056, 'tau': 100, 'alpha': 50}}
Iterating over following combinations of layers :  [['conv1'], ['mbconv1'], ['mbconv2'], ['mbconv3'], ['mbconv4'], ['mbconv5'], ['mbconv6'], ['mbconv7'], ['conv2'], ['pool'], ['output'], ['conv1', 'mbconv1'], ['conv1', 'mbconv2'], ['conv1', 'mbconv3'], ['conv1', 'mbconv4'], ['conv1', 'mbconv5'], ['conv1', 'mbconv6'], ['conv1', 'mbconv7'], ['conv1', 'conv2'], ['conv1', 'pool'], ['conv1', 'output'], ['mbconv1', 'mbconv2'], ['mbconv1', 'mbconv3'], ['mbconv1', 'mbconv4'], ['mbconv1', 'mbconv5'], ['mbconv1', 'mbconv6'], ['mbconv1', 'mbconv7'], ['mbconv1', 'conv2'], ['mbconv1', 'pool'], ['mbconv1', 'output'], ['mbconv2', 'mbconv3'], ['mbconv2', 'mbconv4'], ['mbconv2', 'mbconv5'], ['mbconv2', 'mbconv6'], ['mbconv2', 'mbconv7'], ['mbconv2', 'conv2'], ['mbconv2', 'pool'], ['mbconv2', 'output'], ['mbconv3', 'mbconv4'], ['mbconv3', 'mbconv5'], ['mbconv3', 'mbconv6'], ['mbconv3', 'mbconv7'], ['mbconv3', 'conv2'], ['mbconv3', 'pool'], ['mbconv3', 'output'], ['mbconv4', 'mbconv5'], ['mbconv4', 'mbconv6'], ['mbconv4', 'mbconv7'], ['mbconv4', 'conv2'], ['mbconv4', 'pool'], ['mbconv4', 'output'], ['mbconv5', 'mbconv6'], ['mbconv5', 'mbconv7'], ['mbconv5', 'conv2'], ['mbconv5', 'pool'], ['mbconv5', 'output'], ['mbconv6', 'mbconv7'], ['mbconv6', 'conv2'], ['mbconv6', 'pool'], ['mbconv6', 'output'], ['mbconv7', 'conv2'], ['mbconv7', 'pool'], ['mbconv7', 'output'], ['conv2', 'pool'], ['conv2', 'output'], ['pool', 'output']]
[['mbconv4', 'mbconv6']]
Generating the training set for videos : 
TRAINING SET : contains 962 samples, 37 patients based on 56 videos
TEST SET : contains 127 samples, 37 patients based on 8 videos
Dataset constituted.
--------------------NAIVE IMPLEMENTATION-------------------
Number of folds : 53
Grid search.
The best parameters are : {'C': 1}
Metrics obtained during CV : 
{'r2': array([-1.07378050e-01, -2.62204296e-01, -2.18068188e-02, -1.25515061e-01,
       -1.67157104e-02, -1.40337412e-01, -2.52461585e-02, -1.49819767e-02,
       -1.01536285e-01, -8.41969119e-03, -1.08793171e-01, -5.33056603e-01,
       -5.19425096e-01, -1.21954830e-01, -2.79850720e-01, -2.56120638e-01,
       -9.31942603e-08, -1.09557794e+00, -1.44007512e-02, -2.09076764e-01,
       -8.86987526e-02, -7.94494457e-01, -1.03902869e-01, -3.85438868e-01,
       -1.41407920e-02, -1.10069076e-01, -7.73369434e-03, -3.55246610e-01,
       -2.46005568e-01, -8.08396656e-03, -8.69890957e-02, -3.96401278e-01,
       -5.65976573e-01, -2.56638212e-02, -3.42034258e-01, -3.68273905e-01,
       -1.47058397e-02, -6.98169491e-02, -4.92976393e-02, -3.56338769e-02,
       -2.00758014e-02, -3.59381532e-01, -6.54946575e-01, -9.78627462e-02,
       -2.70610683e-01, -5.14402125e-02, -1.26808001e-01, -2.71077431e-01,
       -2.60532656e-01, -8.41240376e-01, -4.45717783e-03, -2.88378608e-01,
       -3.08941052e-02]), 'neg_mean_absolute_error': array([ -8.16751329, -11.92882372,  -8.7181083 , -10.87521884,
        -9.98325842,  -6.34840339,  -8.14759167,  -6.19167258,
        -7.27751097,  -7.61394612,  -7.80253241, -13.63153404,
       -15.53735548, -13.35428481,  -8.15609473,  -8.23652181,
       -13.44637053,  -6.68503436,  -8.72806796,  -9.90277116,
        -9.17311111, -14.50627899,  -8.37573804, -11.24878264,
        -7.81050132,  -9.44095558,  -8.92142499, -16.3165299 ,
       -10.48122222, -10.25894444, -11.68877262, -12.06856045,
       -13.06129562,  -8.95759667, -11.95069275, -11.60069709,
        -9.44361111,  -6.68397708,  -6.3309552 ,  -7.29138286,
        -7.64552505, -12.883338  , -14.46964811,  -8.76374679,
       -20.62757475,  -7.93817783,  -9.62491377,  -6.14775491,
        -9.27536977, -18.53422182,  -8.15798063, -14.47542788,
       -10.371721  ]), 'neg_mean_squared_error': array([-123.50294108, -240.90741033,  -97.06810632, -198.12029932,
       -130.1098457 ,  -52.62605376, -130.68379073,  -94.26376168,
        -71.87628144,  -78.39193989, -103.29771012, -316.17748649,
       -458.77020175, -286.02386438,  -93.28649465, -102.66270078,
       -250.27044612,  -59.0290286 ,  -97.11437125, -223.32278415,
       -157.42566895, -389.15385774, -119.68947703, -270.93291276,
       -115.42066504, -268.4274532 , -140.07789306, -528.12946018,
       -234.73212455, -147.46118619, -213.21329444, -258.62411348,
       -340.19245136, -119.07311611, -190.60213663, -259.79166087,
       -166.65358075,  -79.44537023,  -67.02388973, -111.23192758,
        -82.17233881, -308.88214226, -405.35731674, -170.44212339,
       -747.83456116, -107.75974924, -148.00453525,  -55.40873318,
       -222.70069068, -572.46645638, -119.40490557, -390.53134079,
       -240.60517891]), 'max_error': array([-35.65294984, -37.99293015, -16.20238848, -35.086842  ,
       -23.19258428, -13.3502595 , -30.17825276, -33.65884418,
       -15.97965832, -18.11134121, -25.18103862, -33.80416381,
       -63.81910773, -37.30813715, -18.86301539, -17.57254604,
       -31.27396001, -11.72197329, -23.66238834, -47.73497022,
       -34.17964953, -48.46330217, -24.4051424 , -49.51501458,
       -31.98799703, -48.23589981, -29.12917511, -61.38425638,
       -36.30456275, -28.20937808, -32.07345361, -39.29401101,
       -48.85479015, -24.418126  , -26.75674493, -47.11719345,
       -36.78994478, -25.5687063 , -17.8466008 , -34.22794575,
       -19.38969364, -51.26318066, -51.2671666 , -42.07622113,
       -70.16005758, -25.89902306, -32.00553415, -13.29873807,
       -51.31804087, -49.47507008, -33.43967079, -45.27992304,
       -50.88311599]), 'explained_variance': array([-2.22044605e-16,  0.00000000e+00,  1.11022302e-16,  1.11022302e-16,
        0.00000000e+00,  0.00000000e+00,  0.00000000e+00,  0.00000000e+00,
        0.00000000e+00,  3.33066907e-16,  3.33066907e-16,  0.00000000e+00,
       -2.22044605e-16,  0.00000000e+00,  2.22044605e-16,  0.00000000e+00,
        0.00000000e+00,  0.00000000e+00,  0.00000000e+00,  0.00000000e+00,
        2.22044605e-16, -2.22044605e-16, -2.22044605e-16,  1.11022302e-16,
        0.00000000e+00,  0.00000000e+00,  0.00000000e+00,  0.00000000e+00,
        0.00000000e+00, -2.22044605e-16,  0.00000000e+00, -2.22044605e-16,
        0.00000000e+00,  0.00000000e+00,  0.00000000e+00,  3.33066907e-16,
        0.00000000e+00,  0.00000000e+00,  0.00000000e+00,  2.22044605e-16,
        0.00000000e+00,  1.11022302e-16, -2.22044605e-16,  0.00000000e+00,
       -2.22044605e-16,  0.00000000e+00,  0.00000000e+00,  0.00000000e+00,
        0.00000000e+00, -2.22044605e-16,  0.00000000e+00, -2.22044605e-16,
        0.00000000e+00])}
         accs  y_pred (s)  y_true (s)
54     [9, 4]   16.344513      19.499
4    [42, 37]   23.941826      26.335
3    [42, 37]   23.941826      27.642
11   [42, 37]   23.941826      18.893
27   [26, 24]   19.722754      65.978
29   [26, 24]   19.722754      45.143
64     [9, 4]   16.344513      30.560
77   [14, 14]   17.160112      12.834
124  [23, 23]   18.967088      45.263
71     [9, 4]   16.344513       9.629
25   [26, 24]   19.722754      19.467
91     [2, 4]   14.979821      14.879
83   [14, 14]   17.160112      24.338
89   [14, 14]   17.160112      11.455
69     [9, 4]   16.344513       9.069
{'mse': 276.97694129463855, 'mae': 11.384629163466467, 'r2-score': -0.13287234690177296, 'max-error': 64.17097057939135, 'explained variance score': 0.075288633867852, 'layers': ['mbconv4', 'mbconv6']}
