environment: line 5: __conda_exe: command not found
Using device: cuda
Using model: efficientnetB0
Number of videos: 64
Execution type : naive
Using 2 features
Job ID : 19
Plotting ?  yes
Calculate accumulators ?  no
The directory contains : 65 videos
Number of videos in the directory : 65
Number of videos in the dataframe : 64
['conv1', 'mbconv1', 'mbconv2', 'mbconv3', 'mbconv4', 'mbconv5', 'mbconv6', 'mbconv7', 'conv2', 'pool', 'output']
{'conv1': {'T_max': 448.07057094573975, 'T_min': 278.996922403574, 'tau': 100, 'alpha': 50}, 'mbconv1': {'T_max': 1141.3850047588348, 'T_min': 812.3603581190109, 'tau': 100, 'alpha': 50}, 'mbconv2': {'T_max': 953.6717767715454, 'T_min': 642.3899536132812, 'tau': 100, 'alpha': 50}, 'mbconv3': {'T_max': 513.2992756962776, 'T_min': 322.42850029468536, 'tau': 100, 'alpha': 50}, 'mbconv4': {'T_max': 258.70095932483673, 'T_min': 155.41686257719994, 'tau': 100, 'alpha': 50}, 'mbconv5': {'T_max': 325.90665873885155, 'T_min': 182.09475773572922, 'tau': 100, 'alpha': 50}, 'mbconv6': {'T_max': 210.1228244304657, 'T_min': 113.37274000048637, 'tau': 100, 'alpha': 50}, 'mbconv7': {'T_max': 136.23850935697556, 'T_min': 72.70513460040092, 'tau': 100, 'alpha': 50}, 'conv2': {'T_max': 128.36026607453823, 'T_min': 69.14668047428131, 'tau': 100, 'alpha': 50}, 'pool': {'T_max': 5.443593147210777, 'T_min': 2.9237937070429325, 'tau': 100, 'alpha': 50}, 'output': {'T_max': 14.12623843550682, 'T_min': 7.4854159746319056, 'tau': 100, 'alpha': 50}}
Iterating over following combinations of layers :  [['conv1'], ['mbconv1'], ['mbconv2'], ['mbconv3'], ['mbconv4'], ['mbconv5'], ['mbconv6'], ['mbconv7'], ['conv2'], ['pool'], ['output'], ['conv1', 'mbconv1'], ['conv1', 'mbconv2'], ['conv1', 'mbconv3'], ['conv1', 'mbconv4'], ['conv1', 'mbconv5'], ['conv1', 'mbconv6'], ['conv1', 'mbconv7'], ['conv1', 'conv2'], ['conv1', 'pool'], ['conv1', 'output'], ['mbconv1', 'mbconv2'], ['mbconv1', 'mbconv3'], ['mbconv1', 'mbconv4'], ['mbconv1', 'mbconv5'], ['mbconv1', 'mbconv6'], ['mbconv1', 'mbconv7'], ['mbconv1', 'conv2'], ['mbconv1', 'pool'], ['mbconv1', 'output'], ['mbconv2', 'mbconv3'], ['mbconv2', 'mbconv4'], ['mbconv2', 'mbconv5'], ['mbconv2', 'mbconv6'], ['mbconv2', 'mbconv7'], ['mbconv2', 'conv2'], ['mbconv2', 'pool'], ['mbconv2', 'output'], ['mbconv3', 'mbconv4'], ['mbconv3', 'mbconv5'], ['mbconv3', 'mbconv6'], ['mbconv3', 'mbconv7'], ['mbconv3', 'conv2'], ['mbconv3', 'pool'], ['mbconv3', 'output'], ['mbconv4', 'mbconv5'], ['mbconv4', 'mbconv6'], ['mbconv4', 'mbconv7'], ['mbconv4', 'conv2'], ['mbconv4', 'pool'], ['mbconv4', 'output'], ['mbconv5', 'mbconv6'], ['mbconv5', 'mbconv7'], ['mbconv5', 'conv2'], ['mbconv5', 'pool'], ['mbconv5', 'output'], ['mbconv6', 'mbconv7'], ['mbconv6', 'conv2'], ['mbconv6', 'pool'], ['mbconv6', 'output'], ['mbconv7', 'conv2'], ['mbconv7', 'pool'], ['mbconv7', 'output'], ['conv2', 'pool'], ['conv2', 'output'], ['pool', 'output']]
[['conv1', 'pool']]
Generating the training set for videos : 
TRAINING SET : contains 962 samples, 37 patients based on 56 videos
TEST SET : contains 127 samples, 37 patients based on 8 videos
Dataset constituted.
--------------------NAIVE IMPLEMENTATION-------------------
Number of folds : 53
Grid search.
The best parameters are : {'C': 1}
Metrics obtained during CV : 
{'r2': array([-1.12640605e-01, -6.74012482e-04, -3.21921533e-02, -3.37181976e-03,
       -2.66175798e-03, -1.18237038e-02, -1.68587867e-01, -1.03055928e-01,
       -1.08591388e-02, -6.86508334e-03, -6.18055033e-02, -5.61166521e-01,
       -2.41185196e-01, -2.14873762e-01, -1.38685481e-01, -3.73105770e-02,
       -1.14230257e-02, -4.32639576e-01, -1.08940455e-01, -7.26307999e-02,
       -1.05879710e-01, -6.32058915e-01, -1.39353884e-02, -2.78641847e-01,
       -1.91054706e-03, -1.52635810e-01, -6.37847979e-02, -4.50414849e-01,
       -2.06334001e-01, -3.72806536e-02, -8.04029089e-02, -1.18676493e-01,
       -4.16081724e-01, -8.12055701e-03, -3.15838566e-01, -1.82797851e-02,
       -3.28226699e-03, -1.71763574e-02, -6.36004358e-01, -4.03010443e-02,
       -5.99214408e-03, -2.50035660e-02, -8.55021064e-01, -1.55032366e-01,
       -2.73976352e-01, -1.30388570e-05, -2.36193849e-01, -1.59316398e-01,
       -3.21546245e-01, -5.62875695e-01, -3.05893489e-03, -4.64229651e-01,
       -4.88117700e-02]), 'neg_mean_absolute_error': array([ -8.23366046, -11.27825997,  -8.82113123, -11.22336642,
        -9.7342302 ,  -5.53361601,  -8.33068827,  -6.12941968,
        -6.8216668 ,  -7.37085817,  -7.67873563, -13.74050698,
       -14.06746648, -13.80813535,  -7.4367797 ,  -7.46512807,
       -13.35712623,  -5.6325174 ,  -8.49970061,  -9.52688889,
        -9.17311111, -13.81592715,  -8.3597398 , -10.93263972,
        -7.34550915,  -9.50506874,  -8.68569521, -16.87182392,
       -10.48122222, -10.25894444, -11.67105572, -10.86198383,
       -12.35860174,  -8.53807147, -11.8835622 , -10.49816667,
        -9.55860002,  -7.27927915,  -9.25116914,  -7.3051801 ,
        -6.81491032, -11.64372222, -15.47289277,  -9.01462243,
       -20.6536543 ,  -7.82026489,  -9.79513112,  -5.81742239,
        -9.58529179, -16.97205668,  -8.15063429, -15.04187725,
       -10.19921527]), 'neg_mean_squared_error': array([-124.08985985, -190.99109842,  -98.0546771 , -176.61987134,
       -128.31135123,  -46.69520448, -148.95495191, -102.44339652,
        -65.95951212,  -78.2710887 ,  -98.92023148, -321.97487411,
       -374.75936431, -309.71201248,  -82.99716157,  -84.77936125,
       -253.12926827,  -40.35513112, -106.1651965 , -198.12050298,
       -159.91003275, -353.92810503, -109.93485009, -250.04795807,
       -114.02872516, -278.72057829, -147.86915829, -565.21581039,
       -227.25848921, -151.73203886, -211.92141157, -207.18737584,
       -307.62932318, -117.03645352, -186.88169887, -193.33891824,
       -164.77739237,  -75.53624232, -104.49978304, -111.73320321,
        -81.03782796, -232.90392712, -454.36292172, -179.31765129,
       -749.81546999, -102.48909356, -162.37220182,  -50.53685275,
       -233.48007702, -485.91912433, -119.23868936, -443.83503843,
       -244.78706619]), 'max_error': array([-35.56916342, -31.27735352, -15.89292951, -29.61601265,
       -24.07152522, -15.15647084, -33.02001101, -35.57297391,
       -17.71186614, -19.65089825, -24.3969923 , -34.0770703 ,
       -59.82940903, -39.13351433, -20.20002064, -15.56643328,
       -32.96960155,  -9.84530992, -25.71769452, -45.18335523,
       -34.51115706, -47.04483608, -22.27792092, -48.21487873,
       -33.72291768, -49.15211868, -33.14362843, -62.86685383,
       -35.73153307, -29.45718846, -31.91400148, -35.41392724,
       -47.27372891, -25.17327136, -26.48452989, -40.61816139,
       -35.97004993, -22.16232922, -18.12464604, -34.35212087,
       -21.35615356, -44.61017443, -53.07300699, -43.08436729,
       -70.23829624, -23.63949693, -33.49424582, -14.10097419,
       -52.07070863, -46.5314404 , -33.314783  , -47.79283934,
       -51.57313891]), 'explained_variance': array([-2.22044605e-16,  0.00000000e+00,  1.11022302e-16,  1.11022302e-16,
        0.00000000e+00,  0.00000000e+00,  0.00000000e+00,  0.00000000e+00,
       -2.22044605e-16,  3.33066907e-16,  0.00000000e+00,  0.00000000e+00,
        0.00000000e+00,  0.00000000e+00,  2.22044605e-16,  0.00000000e+00,
        0.00000000e+00,  0.00000000e+00,  0.00000000e+00, -2.22044605e-16,
        2.22044605e-16, -2.22044605e-16, -2.22044605e-16,  0.00000000e+00,
        0.00000000e+00, -2.22044605e-16,  0.00000000e+00,  0.00000000e+00,
        1.11022302e-16,  0.00000000e+00, -2.22044605e-16, -2.22044605e-16,
        1.11022302e-16,  0.00000000e+00,  0.00000000e+00,  3.33066907e-16,
       -2.22044605e-16,  0.00000000e+00,  0.00000000e+00,  2.22044605e-16,
        0.00000000e+00,  0.00000000e+00, -2.22044605e-16,  0.00000000e+00,
       -4.44089210e-16, -2.22044605e-16,  0.00000000e+00,  0.00000000e+00,
        0.00000000e+00,  0.00000000e+00,  0.00000000e+00, -2.22044605e-16,
       -2.22044605e-16])}
         accs  y_pred (s)  y_true (s)
54     [2, 2]   14.004208      19.499
4    [32, 28]   22.940508      26.335
3    [32, 28]   22.940508      27.642
11   [32, 28]   22.940508      18.893
27   [31, 20]   22.134244      65.978
29   [31, 20]   22.134244      45.143
64     [2, 2]   14.004208      30.560
77   [17, 10]   16.479604      12.834
124  [25, 20]   20.462124      45.263
71     [2, 2]   14.004208       9.629
25   [31, 20]   22.134244      19.467
91    [16, 5]   17.294258      14.879
83   [17, 10]   16.479604      24.338
89   [17, 10]   16.479604      11.455
69     [2, 2]   14.004208       9.069
{'mse': 270.0841467391099, 'mae': 11.278497033984717, 'r2-score': -0.10467990493048651, 'max-error': 66.73219796889268, 'explained variance score': 0.10450746391650789, 'layers': ['conv1', 'pool']}
