environment: line 5: __conda_exe: command not found
Using device: cuda
Using model: efficientnetB0
Number of videos: 64
Execution type : naive
Using 2 features
Job ID : 21
Plotting ?  yes
Calculate accumulators ?  no
The directory contains : 65 videos
Number of videos in the directory : 65
Number of videos in the dataframe : 64
['conv1', 'mbconv1', 'mbconv2', 'mbconv3', 'mbconv4', 'mbconv5', 'mbconv6', 'mbconv7', 'conv2', 'pool', 'output']
{'conv1': {'T_max': 448.07057094573975, 'T_min': 278.996922403574, 'tau': 100, 'alpha': 50}, 'mbconv1': {'T_max': 1141.3850047588348, 'T_min': 812.3603581190109, 'tau': 100, 'alpha': 50}, 'mbconv2': {'T_max': 953.6717767715454, 'T_min': 642.3899536132812, 'tau': 100, 'alpha': 50}, 'mbconv3': {'T_max': 513.2992756962776, 'T_min': 322.42850029468536, 'tau': 100, 'alpha': 50}, 'mbconv4': {'T_max': 258.70095932483673, 'T_min': 155.41686257719994, 'tau': 100, 'alpha': 50}, 'mbconv5': {'T_max': 325.90665873885155, 'T_min': 182.09475773572922, 'tau': 100, 'alpha': 50}, 'mbconv6': {'T_max': 210.1228244304657, 'T_min': 113.37274000048637, 'tau': 100, 'alpha': 50}, 'mbconv7': {'T_max': 136.23850935697556, 'T_min': 72.70513460040092, 'tau': 100, 'alpha': 50}, 'conv2': {'T_max': 128.36026607453823, 'T_min': 69.14668047428131, 'tau': 100, 'alpha': 50}, 'pool': {'T_max': 5.443593147210777, 'T_min': 2.9237937070429325, 'tau': 100, 'alpha': 50}, 'output': {'T_max': 14.12623843550682, 'T_min': 7.4854159746319056, 'tau': 100, 'alpha': 50}}
Iterating over following combinations of layers :  [['conv1'], ['mbconv1'], ['mbconv2'], ['mbconv3'], ['mbconv4'], ['mbconv5'], ['mbconv6'], ['mbconv7'], ['conv2'], ['pool'], ['output'], ['conv1', 'mbconv1'], ['conv1', 'mbconv2'], ['conv1', 'mbconv3'], ['conv1', 'mbconv4'], ['conv1', 'mbconv5'], ['conv1', 'mbconv6'], ['conv1', 'mbconv7'], ['conv1', 'conv2'], ['conv1', 'pool'], ['conv1', 'output'], ['mbconv1', 'mbconv2'], ['mbconv1', 'mbconv3'], ['mbconv1', 'mbconv4'], ['mbconv1', 'mbconv5'], ['mbconv1', 'mbconv6'], ['mbconv1', 'mbconv7'], ['mbconv1', 'conv2'], ['mbconv1', 'pool'], ['mbconv1', 'output'], ['mbconv2', 'mbconv3'], ['mbconv2', 'mbconv4'], ['mbconv2', 'mbconv5'], ['mbconv2', 'mbconv6'], ['mbconv2', 'mbconv7'], ['mbconv2', 'conv2'], ['mbconv2', 'pool'], ['mbconv2', 'output'], ['mbconv3', 'mbconv4'], ['mbconv3', 'mbconv5'], ['mbconv3', 'mbconv6'], ['mbconv3', 'mbconv7'], ['mbconv3', 'conv2'], ['mbconv3', 'pool'], ['mbconv3', 'output'], ['mbconv4', 'mbconv5'], ['mbconv4', 'mbconv6'], ['mbconv4', 'mbconv7'], ['mbconv4', 'conv2'], ['mbconv4', 'pool'], ['mbconv4', 'output'], ['mbconv5', 'mbconv6'], ['mbconv5', 'mbconv7'], ['mbconv5', 'conv2'], ['mbconv5', 'pool'], ['mbconv5', 'output'], ['mbconv6', 'mbconv7'], ['mbconv6', 'conv2'], ['mbconv6', 'pool'], ['mbconv6', 'output'], ['mbconv7', 'conv2'], ['mbconv7', 'pool'], ['mbconv7', 'output'], ['conv2', 'pool'], ['conv2', 'output'], ['pool', 'output']]
[['mbconv1', 'mbconv2']]
Generating the training set for videos : 
TRAINING SET : contains 962 samples, 37 patients based on 56 videos
TEST SET : contains 127 samples, 37 patients based on 8 videos
Dataset constituted.
--------------------NAIVE IMPLEMENTATION-------------------
Number of folds : 53
Grid search.
The best parameters are : {'C': 10.0}
Metrics obtained during CV : 
{'r2': array([-1.73202184e-01, -3.21228189e-03, -7.19010570e-05, -4.95289556e-03,
       -1.34021628e-02, -2.97616554e-03, -1.16574364e-03, -1.21662383e-01,
       -6.15337292e-02, -4.95028178e-02, -5.00197960e-02, -4.73770538e-01,
       -2.26513633e-02, -1.33179506e-01, -2.79761028e-01, -9.63059468e-02,
       -6.87350865e-03, -2.92152556e-01, -1.87917051e-01, -8.38829353e-02,
       -4.38708716e-02, -7.24299332e-01, -6.13253515e-04, -8.14672132e-03,
       -1.10237086e-01, -2.11223267e-04, -5.08184321e-03, -4.38977434e-01,
       -3.42226512e-01, -1.21995841e-01, -4.11885475e-01, -1.60143463e-01,
       -3.57521901e-01, -7.68559314e-02, -8.29541649e-01, -7.45926247e-01,
       -6.19128923e-02, -2.01903681e-03, -2.93968969e-01, -1.30184541e-02,
       -1.33679566e-02, -4.69650582e-01, -6.58640193e-01, -1.61226824e-01,
       -3.92507565e-01, -4.15613192e-04, -2.74977313e-01, -4.69097232e-02,
       -3.55792178e-01, -2.15920212e-01, -7.74413778e-02, -1.91246236e-01,
       -1.00164126e-01]), 'neg_mean_absolute_error': array([ -8.90528396, -11.6433304 ,  -8.31759733, -11.07346606,
        -9.92690427,  -5.39800714,  -8.46388282,  -6.14350907,
        -7.12746008,  -7.80829471,  -7.64070234, -13.41038785,
       -12.93089328, -13.39390902,  -8.15559949,  -8.12861512,
       -13.37708594,  -5.40326772,  -9.60495191,  -9.52688889,
        -9.17311111, -14.1826835 ,  -8.57559302, -10.91279782,
        -8.97052992, -10.88046317,  -8.7128366 , -16.79658307,
       -10.76690621, -10.25894444, -12.91878017, -11.03038809,
       -12.04998147,  -9.65812862, -13.2690151 , -13.23922681,
        -9.44361111,  -6.89995849,  -7.79333121,  -7.37288316,
        -6.73869859, -13.38257389, -14.48946167,  -9.04697291,
       -21.48721249,  -7.83455559,  -9.96406847,  -5.5241237 ,
        -9.74637968, -15.62422001,  -8.29363993, -14.25846977,
        -9.8342671 ]), 'neg_mean_squared_error': array([-130.84413241, -191.47555875,  -95.00336446, -176.89818233,
       -129.68580861,  -46.28689461, -127.61436212, -104.17142171,
        -69.26607694,  -81.58563595,  -97.822248  , -303.95033265,
       -308.77597957, -288.88541033,  -93.27995708,  -89.601051  ,
       -251.99065871,  -36.39783983, -113.7260766 , -200.19883107,
       -150.94356438, -373.9313512 , -108.490412  , -197.15061704,
       -126.35750763, -241.86256246, -139.7092781 , -560.75873528,
       -252.85896696, -164.12406423, -276.94183382, -214.86737324,
       -294.90779839, -125.016198  , -259.8402726 , -331.49581952,
       -174.40678768,  -74.41064887,  -82.65227159, -108.80292528,
        -81.6319875 , -333.93775723, -406.26201988, -180.27933488,
       -819.57856802, -102.5303525 , -167.4663515 ,  -45.63682754,
       -239.53037081, -378.04598705, -128.0809066 , -361.08872577,
       -256.77243195]), 'max_error': array([-34.71844032, -30.13567463, -17.72433015, -31.32014483,
       -23.34554556, -15.52455206, -28.76984528, -35.8406723 ,
       -16.54985169, -16.9586801 , -24.1561148 , -33.20390987,
       -53.91099079, -37.55909049, -18.86373921, -20.11822909,
       -32.59036712, -10.46755906, -18.24671643, -45.4568597 ,
       -33.11700782, -47.87003788, -21.30658139, -39.57090979,
       -29.71454614, -42.85083286, -31.00647063, -62.69756191,
       -37.52628898, -31.34632487, -36.93113038, -36.17174641,
       -46.57933332, -23.15716848, -30.64128396, -50.65590827,
       -38.42463708, -23.67893678, -16.08416348, -31.08913789,
       -21.69910633, -52.55691625, -51.30283101, -43.18141873,
       -72.73897082, -23.39655498, -33.93416628, -15.30629904,
       -52.46192208, -41.4959134 , -35.74587879, -43.54425814,
       -53.03293159]), 'explained_variance': array([ 0.00000000e+00,  0.00000000e+00,  1.11022302e-16,  1.11022302e-16,
        0.00000000e+00,  0.00000000e+00,  0.00000000e+00, -2.22044605e-16,
        0.00000000e+00,  3.33066907e-16,  0.00000000e+00,  0.00000000e+00,
        0.00000000e+00,  0.00000000e+00,  2.22044605e-16,  0.00000000e+00,
        2.22044605e-16,  0.00000000e+00,  0.00000000e+00,  0.00000000e+00,
        0.00000000e+00,  1.11022302e-16, -2.22044605e-16, -2.22044605e-16,
        0.00000000e+00, -2.22044605e-16,  0.00000000e+00,  0.00000000e+00,
        1.11022302e-16,  0.00000000e+00,  1.11022302e-16,  0.00000000e+00,
        1.11022302e-16,  0.00000000e+00,  0.00000000e+00,  0.00000000e+00,
        0.00000000e+00,  0.00000000e+00, -2.22044605e-16,  2.22044605e-16,
        0.00000000e+00,  0.00000000e+00,  0.00000000e+00,  0.00000000e+00,
       -2.22044605e-16, -2.22044605e-16,  0.00000000e+00,  0.00000000e+00,
        1.11022302e-16,  0.00000000e+00, -2.22044605e-16, -2.22044605e-16,
       -2.22044605e-16])}
         accs  y_pred (s)  y_true (s)
54    [1, 10]   12.796645      19.499
4    [28, 46]   24.815034      26.335
3    [28, 46]   24.815034      27.642
11   [28, 46]   24.815034      18.893
27   [29, 30]   10.502200      65.978
29   [29, 30]   10.502200      45.143
64    [1, 10]   12.796645      30.560
77   [14, 16]   18.398573      12.834
124  [24, 26]   10.711308      45.263
71    [1, 10]   12.796645       9.629
25   [29, 30]   10.502200      19.467
91    [20, 3]   16.448150      14.879
83   [14, 16]   18.398573      24.338
89   [14, 16]   18.398573      11.455
69    [1, 10]   12.796645       9.069
{'mse': 352.8121436376708, 'mae': 13.062920138506591, 'r2-score': -0.44304836102972156, 'max-error': 63.475370544142535, 'explained variance score': -0.06797542022748093, 'layers': ['mbconv1', 'mbconv2']}
