environment: line 5: __conda_exe: command not found
Using device: cuda
Using model: efficientnetB0
Number of videos: 64
Execution type : naive
Using 2 features
Job ID : 52
Plotting ?  yes
Calculate accumulators ?  no
The directory contains : 65 videos
Number of videos in the directory : 65
Number of videos in the dataframe : 64
['conv1', 'mbconv1', 'mbconv2', 'mbconv3', 'mbconv4', 'mbconv5', 'mbconv6', 'mbconv7', 'conv2', 'pool', 'output']
{'conv1': {'T_max': 448.07057094573975, 'T_min': 278.996922403574, 'tau': 100, 'alpha': 50}, 'mbconv1': {'T_max': 1141.3850047588348, 'T_min': 812.3603581190109, 'tau': 100, 'alpha': 50}, 'mbconv2': {'T_max': 953.6717767715454, 'T_min': 642.3899536132812, 'tau': 100, 'alpha': 50}, 'mbconv3': {'T_max': 513.2992756962776, 'T_min': 322.42850029468536, 'tau': 100, 'alpha': 50}, 'mbconv4': {'T_max': 258.70095932483673, 'T_min': 155.41686257719994, 'tau': 100, 'alpha': 50}, 'mbconv5': {'T_max': 325.90665873885155, 'T_min': 182.09475773572922, 'tau': 100, 'alpha': 50}, 'mbconv6': {'T_max': 210.1228244304657, 'T_min': 113.37274000048637, 'tau': 100, 'alpha': 50}, 'mbconv7': {'T_max': 136.23850935697556, 'T_min': 72.70513460040092, 'tau': 100, 'alpha': 50}, 'conv2': {'T_max': 128.36026607453823, 'T_min': 69.14668047428131, 'tau': 100, 'alpha': 50}, 'pool': {'T_max': 5.443593147210777, 'T_min': 2.9237937070429325, 'tau': 100, 'alpha': 50}, 'output': {'T_max': 14.12623843550682, 'T_min': 7.4854159746319056, 'tau': 100, 'alpha': 50}}
Iterating over following combinations of layers :  [['conv1'], ['mbconv1'], ['mbconv2'], ['mbconv3'], ['mbconv4'], ['mbconv5'], ['mbconv6'], ['mbconv7'], ['conv2'], ['pool'], ['output'], ['conv1', 'mbconv1'], ['conv1', 'mbconv2'], ['conv1', 'mbconv3'], ['conv1', 'mbconv4'], ['conv1', 'mbconv5'], ['conv1', 'mbconv6'], ['conv1', 'mbconv7'], ['conv1', 'conv2'], ['conv1', 'pool'], ['conv1', 'output'], ['mbconv1', 'mbconv2'], ['mbconv1', 'mbconv3'], ['mbconv1', 'mbconv4'], ['mbconv1', 'mbconv5'], ['mbconv1', 'mbconv6'], ['mbconv1', 'mbconv7'], ['mbconv1', 'conv2'], ['mbconv1', 'pool'], ['mbconv1', 'output'], ['mbconv2', 'mbconv3'], ['mbconv2', 'mbconv4'], ['mbconv2', 'mbconv5'], ['mbconv2', 'mbconv6'], ['mbconv2', 'mbconv7'], ['mbconv2', 'conv2'], ['mbconv2', 'pool'], ['mbconv2', 'output'], ['mbconv3', 'mbconv4'], ['mbconv3', 'mbconv5'], ['mbconv3', 'mbconv6'], ['mbconv3', 'mbconv7'], ['mbconv3', 'conv2'], ['mbconv3', 'pool'], ['mbconv3', 'output'], ['mbconv4', 'mbconv5'], ['mbconv4', 'mbconv6'], ['mbconv4', 'mbconv7'], ['mbconv4', 'conv2'], ['mbconv4', 'pool'], ['mbconv4', 'output'], ['mbconv5', 'mbconv6'], ['mbconv5', 'mbconv7'], ['mbconv5', 'conv2'], ['mbconv5', 'pool'], ['mbconv5', 'output'], ['mbconv6', 'mbconv7'], ['mbconv6', 'conv2'], ['mbconv6', 'pool'], ['mbconv6', 'output'], ['mbconv7', 'conv2'], ['mbconv7', 'pool'], ['mbconv7', 'output'], ['conv2', 'pool'], ['conv2', 'output'], ['pool', 'output']]
[['mbconv5', 'mbconv7']]
Generating the training set for videos : 
TRAINING SET : contains 962 samples, 37 patients based on 56 videos
TEST SET : contains 127 samples, 37 patients based on 8 videos
Dataset constituted.
--------------------NAIVE IMPLEMENTATION-------------------
Number of folds : 53
Grid search.
The best parameters are : {'C': 1}
Metrics obtained during CV : 
{'r2': array([-1.79166480e-01, -2.68167199e-01, -1.10488299e-03, -1.65498316e-01,
       -1.03675854e-01, -5.23598490e-02, -1.00947614e-02, -3.31542612e-02,
       -6.09347666e-02, -3.12176117e-03, -1.59485974e-01, -5.06847021e-01,
       -5.17802183e-01, -4.91224297e-02, -2.53229143e-01, -1.02247359e-01,
       -3.94359202e-03, -9.05716645e-01, -3.02691768e-02, -2.30383955e-01,
       -1.05546706e-01, -7.99763141e-01, -2.55915869e-02, -1.57150021e-01,
       -8.74560537e-03, -1.11030309e-01, -2.98647936e-04, -3.82452427e-01,
       -2.24473240e-01, -2.35224617e-02, -1.27374993e-01, -3.60673246e-01,
       -4.12638197e-01, -1.09314304e-02, -3.13955716e-01, -4.65060198e-01,
       -1.28791334e-02, -9.09537162e-02, -4.02593774e-02, -6.58355191e-02,
       -1.79953709e-03, -1.22317380e-01, -7.20904745e-01, -1.43673393e-01,
       -2.70033484e-01, -7.27556340e-02, -1.50585961e-01, -1.53631536e-01,
       -3.12864134e-01, -8.51923302e-01, -2.11526176e-02, -2.08710572e-01,
       -9.21906808e-03]), 'neg_mean_absolute_error': array([ -8.96452046, -11.94987295,  -8.42460294, -10.83853507,
       -10.7863724 ,  -5.87925406,  -8.2668125 ,  -6.0731577 ,
        -7.12488742,  -7.5639876 ,  -7.90847982, -13.53536974,
       -15.53014198, -13.11873903,  -8.00544178,  -7.58659583,
       -13.58721127,  -6.37447731,  -8.66938591,  -9.9714315 ,
        -9.17311111, -14.53041834,  -8.27522474, -10.71186039,
        -7.69552015,  -9.43845801,  -8.78358364, -16.46393782,
       -10.48122222, -10.25894444, -11.78518744, -11.91780823,
       -12.34108018,  -8.62450443, -11.87911925, -12.06060287,
        -9.44361111,  -6.6575    ,  -6.2549999 ,  -7.36947271,
        -7.24954435, -11.84595403, -14.81546582,  -8.95357407,
       -20.62308595,  -7.96374187,  -9.64645521,  -5.79788624,
        -9.5431058 , -18.60045742,  -8.20844048, -14.30097578,
       -10.72047399]), 'neg_mean_squared_error': array([-131.50931446, -242.04550458,  -95.10149417, -205.15840538,
       -141.23819828,  -48.56592918, -128.75250623,  -95.95146446,
        -69.22699406,  -77.98009251, -108.02036779, -310.77202419,
       -458.28018478, -267.45644618,  -91.34608583,  -90.08664247,
       -251.25738724,  -53.68094417,  -98.63354616, -227.25833349,
       -159.8618804 , -390.29642391, -111.19866083, -226.28932461,
       -114.80663192, -268.65989031, -139.04440015, -538.73136332,
       -230.67569872, -149.71950879, -221.1350024 , -252.00701089,
       -306.88125202, -117.36277824, -186.61428756, -278.16829711,
       -166.35356556,  -81.01500164,  -66.44657072, -114.47572537,
        -80.70009196, -255.01582032, -421.5128998 , -177.55418173,
       -747.49484301, -109.94431899, -151.12773453,  -50.28903855,
       -231.94619197, -575.78792228, -121.38957695, -366.3824885 ,
       -235.54634099]), 'max_error': array([-34.64340742, -38.07291721, -17.31770882, -35.78383369,
       -21.01270348, -14.34068588, -29.51871252, -34.23400364,
       -16.55962782, -18.42774519, -25.85203887, -33.54314644,
       -63.79952824, -35.27104157, -19.08320047, -15.88810695,
       -30.28532863, -11.21773353, -24.19052683, -48.04394177,
       -34.50499907, -48.50675301, -22.71447736, -46.37674347,
       -32.25893954, -48.2583779 , -30.36974721, -61.82648013,
       -35.99981113, -28.9768931 , -32.94118696, -38.89875802,
       -47.2343054 , -25.01769202, -26.46453662, -48.15198146,
       -36.69022228, -25.89062351, -18.01750023, -34.9307544 ,
       -20.28065021, -47.49854314, -51.88963848, -42.9012222 ,
       -70.14659118, -26.33361175, -32.37173862, -14.14841913,
       -51.96825694, -49.57743419, -34.29748809, -43.88430621,
       -49.66473602]), 'explained_variance': array([ 0.00000000e+00,  0.00000000e+00,  1.11022302e-16,  0.00000000e+00,
        0.00000000e+00,  0.00000000e+00,  0.00000000e+00, -2.22044605e-16,
        0.00000000e+00,  3.33066907e-16,  1.11022302e-16,  1.11022302e-16,
        0.00000000e+00,  0.00000000e+00,  2.22044605e-16,  0.00000000e+00,
        2.22044605e-16,  0.00000000e+00,  0.00000000e+00,  0.00000000e+00,
        0.00000000e+00, -2.22044605e-16, -2.22044605e-16, -2.22044605e-16,
        0.00000000e+00, -2.22044605e-16,  0.00000000e+00,  1.11022302e-16,
        0.00000000e+00, -2.22044605e-16, -2.22044605e-16,  0.00000000e+00,
        0.00000000e+00,  0.00000000e+00,  0.00000000e+00,  4.44089210e-16,
        0.00000000e+00,  0.00000000e+00,  0.00000000e+00,  2.22044605e-16,
        0.00000000e+00,  1.11022302e-16, -2.22044605e-16,  0.00000000e+00,
       -2.22044605e-16,  0.00000000e+00, -2.22044605e-16,  0.00000000e+00,
        1.11022302e-16,  0.00000000e+00,  1.11022302e-16, -2.22044605e-16,
       -2.22044605e-16])}
         accs  y_pred (s)  y_true (s)
54     [9, 2]   15.615688      19.499
4    [39, 34]   25.131792      26.335
3    [39, 34]   25.131792      27.642
11   [39, 34]   25.131792      18.893
27   [26, 22]   19.092280      65.978
29   [26, 22]   19.092280      45.143
64     [9, 2]   15.615688      30.560
77   [14, 11]   17.154819      12.834
124  [24, 21]   18.110785      45.263
71     [9, 2]   15.615688       9.629
25   [26, 22]   19.092280      19.467
91     [3, 3]   14.442395      14.879
83   [14, 11]   17.154819      24.338
89   [14, 11]   17.154819      11.455
69     [9, 2]   15.615688       9.069
{'mse': 281.111236065221, 'mae': 11.43844263879829, 'r2-score': -0.1497821596740616, 'max-error': 64.45520865779655, 'explained variance score': 0.0741514380581777, 'layers': ['mbconv5', 'mbconv7']}
