environment: line 5: __conda_exe: command not found
Using device: cuda
Using model: efficientnetB0
Number of videos: 64
Execution type : naive
Using 2 features
Job ID : 55
Plotting ?  yes
Calculate accumulators ?  no
The directory contains : 65 videos
Number of videos in the directory : 65
Number of videos in the dataframe : 64
['conv1', 'mbconv1', 'mbconv2', 'mbconv3', 'mbconv4', 'mbconv5', 'mbconv6', 'mbconv7', 'conv2', 'pool', 'output']
{'conv1': {'T_max': 448.07057094573975, 'T_min': 278.996922403574, 'tau': 100, 'alpha': 50}, 'mbconv1': {'T_max': 1141.3850047588348, 'T_min': 812.3603581190109, 'tau': 100, 'alpha': 50}, 'mbconv2': {'T_max': 953.6717767715454, 'T_min': 642.3899536132812, 'tau': 100, 'alpha': 50}, 'mbconv3': {'T_max': 513.2992756962776, 'T_min': 322.42850029468536, 'tau': 100, 'alpha': 50}, 'mbconv4': {'T_max': 258.70095932483673, 'T_min': 155.41686257719994, 'tau': 100, 'alpha': 50}, 'mbconv5': {'T_max': 325.90665873885155, 'T_min': 182.09475773572922, 'tau': 100, 'alpha': 50}, 'mbconv6': {'T_max': 210.1228244304657, 'T_min': 113.37274000048637, 'tau': 100, 'alpha': 50}, 'mbconv7': {'T_max': 136.23850935697556, 'T_min': 72.70513460040092, 'tau': 100, 'alpha': 50}, 'conv2': {'T_max': 128.36026607453823, 'T_min': 69.14668047428131, 'tau': 100, 'alpha': 50}, 'pool': {'T_max': 5.443593147210777, 'T_min': 2.9237937070429325, 'tau': 100, 'alpha': 50}, 'output': {'T_max': 14.12623843550682, 'T_min': 7.4854159746319056, 'tau': 100, 'alpha': 50}}
Iterating over following combinations of layers :  [['conv1'], ['mbconv1'], ['mbconv2'], ['mbconv3'], ['mbconv4'], ['mbconv5'], ['mbconv6'], ['mbconv7'], ['conv2'], ['pool'], ['output'], ['conv1', 'mbconv1'], ['conv1', 'mbconv2'], ['conv1', 'mbconv3'], ['conv1', 'mbconv4'], ['conv1', 'mbconv5'], ['conv1', 'mbconv6'], ['conv1', 'mbconv7'], ['conv1', 'conv2'], ['conv1', 'pool'], ['conv1', 'output'], ['mbconv1', 'mbconv2'], ['mbconv1', 'mbconv3'], ['mbconv1', 'mbconv4'], ['mbconv1', 'mbconv5'], ['mbconv1', 'mbconv6'], ['mbconv1', 'mbconv7'], ['mbconv1', 'conv2'], ['mbconv1', 'pool'], ['mbconv1', 'output'], ['mbconv2', 'mbconv3'], ['mbconv2', 'mbconv4'], ['mbconv2', 'mbconv5'], ['mbconv2', 'mbconv6'], ['mbconv2', 'mbconv7'], ['mbconv2', 'conv2'], ['mbconv2', 'pool'], ['mbconv2', 'output'], ['mbconv3', 'mbconv4'], ['mbconv3', 'mbconv5'], ['mbconv3', 'mbconv6'], ['mbconv3', 'mbconv7'], ['mbconv3', 'conv2'], ['mbconv3', 'pool'], ['mbconv3', 'output'], ['mbconv4', 'mbconv5'], ['mbconv4', 'mbconv6'], ['mbconv4', 'mbconv7'], ['mbconv4', 'conv2'], ['mbconv4', 'pool'], ['mbconv4', 'output'], ['mbconv5', 'mbconv6'], ['mbconv5', 'mbconv7'], ['mbconv5', 'conv2'], ['mbconv5', 'pool'], ['mbconv5', 'output'], ['mbconv6', 'mbconv7'], ['mbconv6', 'conv2'], ['mbconv6', 'pool'], ['mbconv6', 'output'], ['mbconv7', 'conv2'], ['mbconv7', 'pool'], ['mbconv7', 'output'], ['conv2', 'pool'], ['conv2', 'output'], ['pool', 'output']]
[['mbconv5', 'output']]
Generating the training set for videos : 
TRAINING SET : contains 962 samples, 37 patients based on 56 videos
TEST SET : contains 127 samples, 37 patients based on 8 videos
Dataset constituted.
--------------------NAIVE IMPLEMENTATION-------------------
Number of folds : 53
Grid search.
The best parameters are : {'C': 10.0}
Metrics obtained during CV : 
{'r2': array([-1.33095477e-02, -2.56904567e-01, -1.14925879e-02, -4.68688653e-02,
       -9.39108041e-04, -3.29774413e-02, -2.10338705e-02, -2.05329623e-02,
       -4.59843755e-02, -1.60854199e-02, -2.00476503e-01, -5.59101328e-01,
       -5.64121771e-01, -2.52280560e-03, -3.28486764e-01, -2.89068403e-01,
       -5.93750865e-04, -1.38280444e+00, -1.90824487e-04, -2.96010236e-01,
       -1.81185838e-01, -8.19150792e-01, -8.36408654e-02, -4.49902680e-02,
       -1.71864918e-02, -2.28366494e-01, -3.04251489e-02, -4.17588559e-01,
       -1.65896501e-01, -4.70997157e-02, -6.91201452e-02, -2.76587614e-02,
       -6.08183600e-01, -1.58258212e-02, -2.84336099e-01, -2.88765812e-01,
       -6.80378649e-03, -1.51489379e-01, -1.46376792e-01, -1.07712721e-01,
       -2.97741847e-04, -4.38165389e-03, -7.52265156e-01, -1.85120626e-01,
       -2.06467906e-01, -9.57042255e-02, -1.86685085e-01, -2.26848563e-01,
       -3.51429287e-01, -8.40269683e-01, -7.47673032e-02, -1.92105674e-01,
       -2.30788245e-02]), 'neg_mean_absolute_error': array([ -6.78477743, -11.90991371,  -8.1144386 , -10.9714353 ,
        -9.67187094,  -5.72728604,  -8.17229877,  -6.13868822,
        -7.05599222,  -7.66276766,  -7.98222524, -13.73112142,
       -15.78215161, -13.34165834,  -8.41386823,  -8.37170276,
       -13.42582769,  -7.21934658,  -8.87354884, -10.16497699,
        -9.17311111, -14.61856852,  -9.50017815, -10.63555556,
        -7.86826247,  -9.85170884,  -9.03472199, -16.65319768,
       -10.48122222, -10.25894444, -11.63892591, -10.55455395,
       -13.24174835,  -8.75168898, -11.80738763, -11.18296281,
        -9.48685004,  -6.6575    ,  -6.95013117,  -7.47192498,
        -7.14915815, -11.86709817, -14.97432761,  -9.16628001,
       -20.18619137,  -7.98734091,  -9.6761295 ,  -6.02714299,
        -9.72630186, -18.5281826 ,  -8.29053142, -14.26060585,
       -10.46281177]), 'neg_mean_squared_error': array([-113.01173012, -239.89589102,  -96.08829013, -184.27649717,
       -128.09090247,  -47.67143986, -130.1468682 ,  -94.77929477,
        -68.25146694,  -78.98785382, -111.83913927, -321.54894883,
       -472.26576862, -255.57664121,  -96.83150655, -105.35552053,
       -250.41902108,  -67.11973281,  -95.75397389, -239.37984987,
       -170.799287  , -394.50082758, -117.49259119, -204.35564763,
       -115.76730003, -297.03312762, -143.23207076, -552.42365096,
       -219.64056152, -153.16835824, -209.70829351, -190.33020117,
       -349.36149789, -117.93098622, -182.40756755, -244.69560496,
       -165.35576081,  -85.5104232 ,  -73.2248209 , -118.97353294,
        -80.57911465, -228.2181636 , -429.19421855, -183.98882433,
       -710.08248951, -112.29626866, -155.86930015,  -53.48071095,
       -238.75957057, -572.16465492, -127.76302583, -361.34923739,
       -238.78113413]), 'max_error': array([-37.89517554, -37.92107211, -18.6865555 , -33.25872935,
       -24.30849042, -14.66150724, -30.02177445, -33.86018476,
       -16.82142955, -17.80213814, -26.31909318, -34.05725634,
       -64.34680733, -30.93029829, -18.48626951, -17.85792805,
       -31.66427395, -12.407839  , -22.3530604 , -48.91489647,
       -35.71687256, -48.66542333, -18.03729888, -43.79928419,
       -31.85803445, -50.50795985, -28.10950212, -62.37494479,
       -35.08731467, -29.74676519, -31.62483315, -32.98898558,
       -49.2608088 , -24.78875984, -26.14174432, -46.15972175,
       -36.29292484, -26.64578088, -16.5633639 , -35.67291242,
       -20.50651916, -41.22880823, -52.1755897 , -43.53934003,
       -68.56336116, -26.73479549, -32.87620158, -13.59165275,
       -52.41316166, -49.46573675, -35.69303416, -43.56134678,
       -50.51875294]), 'explained_variance': array([-2.22044605e-16,  0.00000000e+00,  1.11022302e-16,  1.11022302e-16,
        0.00000000e+00,  0.00000000e+00,  0.00000000e+00, -2.22044605e-16,
        0.00000000e+00,  3.33066907e-16,  3.33066907e-16, -2.22044605e-16,
        0.00000000e+00,  0.00000000e+00,  2.22044605e-16,  0.00000000e+00,
        0.00000000e+00,  0.00000000e+00,  0.00000000e+00,  0.00000000e+00,
        2.22044605e-16, -2.22044605e-16, -2.22044605e-16, -2.22044605e-16,
        0.00000000e+00,  0.00000000e+00,  0.00000000e+00,  0.00000000e+00,
        0.00000000e+00, -2.22044605e-16, -2.22044605e-16, -2.22044605e-16,
        0.00000000e+00,  0.00000000e+00,  0.00000000e+00,  3.33066907e-16,
       -2.22044605e-16,  0.00000000e+00, -2.22044605e-16,  2.22044605e-16,
        0.00000000e+00,  0.00000000e+00,  0.00000000e+00,  0.00000000e+00,
       -2.22044605e-16, -2.22044605e-16,  0.00000000e+00,  0.00000000e+00,
        1.11022302e-16, -2.22044605e-16, -2.22044605e-16,  0.00000000e+00,
       -2.22044605e-16])}
         accs  y_pred (s)  y_true (s)
54     [9, 2]   14.839829      19.499
4    [39, 28]   28.056078      26.335
3    [39, 28]   28.056078      27.642
11   [39, 28]   28.056078      18.893
27   [26, 18]   19.503839      65.978
29   [26, 18]   19.503839      45.143
64     [9, 2]   14.839829      30.560
77    [14, 9]   17.929906      12.834
124  [24, 20]   17.528656      45.263
71     [9, 2]   14.839829       9.629
25   [26, 18]   19.503839      19.467
91     [3, 4]   14.036920      14.879
83    [14, 9]   17.929906      24.338
89    [14, 9]   17.929906      11.455
69     [9, 2]   14.839829       9.069
{'mse': 277.85154525050734, 'mae': 11.401007282933433, 'r2-score': -0.13644959283229485, 'max-error': 64.78343898159739, 'explained variance score': 0.0698028580900869, 'layers': ['mbconv5', 'output']}
