environment: line 5: __conda_exe: command not found
Using device: cuda
Using model: efficientnetB0
Number of videos: 64
Execution type : naive
Using 2 features
Job ID : 65
Plotting ?  yes
Calculate accumulators ?  no
The directory contains : 65 videos
Number of videos in the directory : 65
Number of videos in the dataframe : 64
['conv1', 'mbconv1', 'mbconv2', 'mbconv3', 'mbconv4', 'mbconv5', 'mbconv6', 'mbconv7', 'conv2', 'pool', 'output']
{'conv1': {'T_max': 448.07057094573975, 'T_min': 278.996922403574, 'tau': 100, 'alpha': 50}, 'mbconv1': {'T_max': 1141.3850047588348, 'T_min': 812.3603581190109, 'tau': 100, 'alpha': 50}, 'mbconv2': {'T_max': 953.6717767715454, 'T_min': 642.3899536132812, 'tau': 100, 'alpha': 50}, 'mbconv3': {'T_max': 513.2992756962776, 'T_min': 322.42850029468536, 'tau': 100, 'alpha': 50}, 'mbconv4': {'T_max': 258.70095932483673, 'T_min': 155.41686257719994, 'tau': 100, 'alpha': 50}, 'mbconv5': {'T_max': 325.90665873885155, 'T_min': 182.09475773572922, 'tau': 100, 'alpha': 50}, 'mbconv6': {'T_max': 210.1228244304657, 'T_min': 113.37274000048637, 'tau': 100, 'alpha': 50}, 'mbconv7': {'T_max': 136.23850935697556, 'T_min': 72.70513460040092, 'tau': 100, 'alpha': 50}, 'conv2': {'T_max': 128.36026607453823, 'T_min': 69.14668047428131, 'tau': 100, 'alpha': 50}, 'pool': {'T_max': 5.443593147210777, 'T_min': 2.9237937070429325, 'tau': 100, 'alpha': 50}, 'output': {'T_max': 14.12623843550682, 'T_min': 7.4854159746319056, 'tau': 100, 'alpha': 50}}
Iterating over following combinations of layers :  [['conv1'], ['mbconv1'], ['mbconv2'], ['mbconv3'], ['mbconv4'], ['mbconv5'], ['mbconv6'], ['mbconv7'], ['conv2'], ['pool'], ['output'], ['conv1', 'mbconv1'], ['conv1', 'mbconv2'], ['conv1', 'mbconv3'], ['conv1', 'mbconv4'], ['conv1', 'mbconv5'], ['conv1', 'mbconv6'], ['conv1', 'mbconv7'], ['conv1', 'conv2'], ['conv1', 'pool'], ['conv1', 'output'], ['mbconv1', 'mbconv2'], ['mbconv1', 'mbconv3'], ['mbconv1', 'mbconv4'], ['mbconv1', 'mbconv5'], ['mbconv1', 'mbconv6'], ['mbconv1', 'mbconv7'], ['mbconv1', 'conv2'], ['mbconv1', 'pool'], ['mbconv1', 'output'], ['mbconv2', 'mbconv3'], ['mbconv2', 'mbconv4'], ['mbconv2', 'mbconv5'], ['mbconv2', 'mbconv6'], ['mbconv2', 'mbconv7'], ['mbconv2', 'conv2'], ['mbconv2', 'pool'], ['mbconv2', 'output'], ['mbconv3', 'mbconv4'], ['mbconv3', 'mbconv5'], ['mbconv3', 'mbconv6'], ['mbconv3', 'mbconv7'], ['mbconv3', 'conv2'], ['mbconv3', 'pool'], ['mbconv3', 'output'], ['mbconv4', 'mbconv5'], ['mbconv4', 'mbconv6'], ['mbconv4', 'mbconv7'], ['mbconv4', 'conv2'], ['mbconv4', 'pool'], ['mbconv4', 'output'], ['mbconv5', 'mbconv6'], ['mbconv5', 'mbconv7'], ['mbconv5', 'conv2'], ['mbconv5', 'pool'], ['mbconv5', 'output'], ['mbconv6', 'mbconv7'], ['mbconv6', 'conv2'], ['mbconv6', 'pool'], ['mbconv6', 'output'], ['mbconv7', 'conv2'], ['mbconv7', 'pool'], ['mbconv7', 'output'], ['conv2', 'pool'], ['conv2', 'output'], ['pool', 'output']]
[['pool', 'output']]
Generating the training set for videos : 
TRAINING SET : contains 962 samples, 37 patients based on 56 videos
TEST SET : contains 127 samples, 37 patients based on 8 videos
Dataset constituted.
--------------------NAIVE IMPLEMENTATION-------------------
Number of folds : 53
Grid search.
The best parameters are : {'C': 10.0}
Metrics obtained during CV : 
{'r2': array([-3.46875331e-02, -1.75799269e-02, -1.40294297e-03, -1.27948078e-02,
       -6.96788252e-03, -2.01189630e-01, -8.93340729e-03, -2.52859381e-02,
       -1.61924320e-04, -8.05198910e-03, -1.51434126e-01, -4.63834176e-01,
       -2.33307157e-01, -1.27145433e-01, -9.13318166e-02, -1.42832843e-01,
       -1.45527106e-02, -8.24251017e-01, -1.19728863e-02, -1.87357651e-01,
       -1.46904634e-01, -7.75945464e-01, -7.66795976e-02, -3.86821810e-01,
       -3.50815828e-03, -1.36960722e-01, -4.08830655e-02, -2.09874215e-01,
       -3.32070043e-01, -1.00845803e-01, -1.62819429e-01, -6.51937034e-02,
       -5.74507105e-01, -2.59138165e-02, -5.70177868e-01, -1.56956441e-02,
       -1.04832446e-02, -1.56312977e-04, -4.55382794e-02, -3.03345224e-02,
       -7.67405737e-02, -2.79536123e-02, -7.13493679e-01, -2.26228696e-01,
       -2.57724222e-01, -1.12948508e-01, -4.84130164e-02, -1.17532651e-01,
       -2.27227814e-01, -7.44720946e-01, -9.56429926e-02, -2.69739137e-01,
       -7.23888255e-02]), 'neg_mean_absolute_error': array([ -7.13262461, -11.11470764,  -8.24327571, -11.33868208,
        -9.82914022,  -6.58628772,  -8.28450816,  -6.09881563,
        -6.6807618 ,  -7.61112565,  -7.89291729, -13.37199596,
       -14.01569318, -13.37282527,  -7.20925941,  -7.69699972,
       -13.73168041,  -6.2398662 ,  -8.97748893,  -9.82907725,
        -9.17311111, -14.42065029,  -8.32317846, -11.25396972,
        -7.57358849,  -9.46946846,  -9.07109732, -15.40908354,
       -10.71355328, -10.25894444, -11.90239179, -10.6891651 ,
       -13.09829605,  -8.96225595, -12.62706281, -10.49816667,
        -9.44361111,  -6.96206394,  -6.30028753,  -7.27456928,
        -8.18536361, -11.64372222, -14.77742177,  -9.35475082,
       -20.52619024,  -8.00375347,  -9.53999682,  -5.6852399 ,
        -9.09070865, -18.02431177,  -8.31350844, -14.43702777,
       -10.01543803]), 'neg_mean_squared_error': array([-115.39596021, -194.21780275,  -95.12980883, -178.27856545,
       -128.86240911,  -55.43435598, -128.60447334,  -95.2207148 ,
        -65.26150879,  -78.36335568, -107.27023918, -301.90105811,
       -372.38069501, -287.34712293,  -79.54562049,  -93.40369277,
       -253.91253582,  -51.3861897 ,  -96.88193788, -219.31115083,
       -165.84223028, -385.13132534, -116.73782325, -271.20335734,
       -114.21055134, -274.93016211, -144.68575137, -471.47892591,
       -250.94561313, -161.03026469, -228.08744096, -197.28195726,
       -342.04562254, -119.10213899, -223.00418548, -192.84827212,
       -165.96006882,  -74.27232167,  -66.7837606 , -110.66275209,
        -86.73697691, -233.57424416, -419.697657  , -190.37081227,
       -740.25006563, -114.06359647, -137.70747202,  -48.71541807,
       -216.81666123, -542.45726434, -130.24462462, -384.88137311,
       -250.28982502]), 'max_error': array([-37.14664841, -32.75044511, -18.00675231, -28.88568017,
       -23.71086717, -12.84805927, -29.451469  , -34.0117006 ,
       -18.45084192, -18.1292042 , -25.75347615, -33.09970333,
       -59.68888148, -37.42556004, -20.79929588, -16.41399895,
       -29.37035739, -10.98522344, -21.41759964, -47.40334764,
       -35.20727975, -48.30917051, -23.9321061 , -49.53057583,
       -32.62473454, -48.83171612, -27.78212413, -58.66191729,
       -37.40624487, -30.96272437, -33.59401308, -34.20048588,
       -48.93804112, -24.40973929, -28.78585511, -40.48146421,
       -36.54798822, -23.39946225, -17.91560306, -34.0766235 ,
       -18.17505687, -44.74686728, -51.82115919, -44.10475245,
       -69.85590406, -27.00526968, -30.44605412, -14.47278435,
       -50.86957814, -48.51903335, -36.08364346, -44.97272217,
       -52.30824789]), 'explained_variance': array([-2.22044605e-16,  1.11022302e-16,  1.11022302e-16,  1.11022302e-16,
        0.00000000e+00,  0.00000000e+00,  0.00000000e+00, -2.22044605e-16,
        0.00000000e+00,  3.33066907e-16,  3.33066907e-16, -2.22044605e-16,
        0.00000000e+00,  0.00000000e+00,  2.22044605e-16,  0.00000000e+00,
        0.00000000e+00,  0.00000000e+00,  0.00000000e+00, -2.22044605e-16,
        0.00000000e+00, -2.22044605e-16, -2.22044605e-16, -2.22044605e-16,
        0.00000000e+00,  0.00000000e+00, -2.22044605e-16,  0.00000000e+00,
        1.11022302e-16,  0.00000000e+00, -2.22044605e-16, -2.22044605e-16,
        1.11022302e-16,  0.00000000e+00,  0.00000000e+00,  3.33066907e-16,
       -2.22044605e-16,  0.00000000e+00,  0.00000000e+00,  2.22044605e-16,
        0.00000000e+00,  0.00000000e+00, -2.22044605e-16,  0.00000000e+00,
        0.00000000e+00, -2.22044605e-16,  0.00000000e+00,  0.00000000e+00,
        0.00000000e+00, -4.44089210e-16, -2.22044605e-16, -2.22044605e-16,
        0.00000000e+00])}
         accs  y_pred (s)  y_true (s)
54     [2, 2]   14.168041      19.499
4    [28, 28]   24.859727      26.335
3    [28, 28]   24.859727      27.642
11   [28, 28]   24.859727      18.893
27   [20, 18]   18.488797      65.978
29   [20, 18]   18.488797      45.143
64     [2, 2]   14.168041      30.560
77    [10, 9]   17.482079      12.834
124  [20, 20]   16.271913      45.263
71     [2, 2]   14.168041       9.629
25   [20, 18]   18.488797      19.467
91     [5, 4]   15.852503      14.879
83    [10, 9]   17.482079      24.338
89    [10, 9]   17.482079      11.455
69     [2, 2]   14.168041       9.069
{'mse': 286.80509988672225, 'mae': 11.605132836090464, 'r2-score': -0.17307081626855192, 'max-error': 63.84080693427996, 'explained variance score': 0.06710164483674197, 'layers': ['pool', 'output']}
