environment: line 5: __conda_exe: command not found
Using device: cuda
Using model: efficientnetB0
Number of videos: 64
Execution type : naive
Using 2 features
Job ID : 53
Plotting ?  yes
Calculate accumulators ?  no
The directory contains : 65 videos
Number of videos in the directory : 65
Number of videos in the dataframe : 64
['conv1', 'mbconv1', 'mbconv2', 'mbconv3', 'mbconv4', 'mbconv5', 'mbconv6', 'mbconv7', 'conv2', 'pool', 'output']
{'conv1': {'T_max': 448.07057094573975, 'T_min': 278.996922403574, 'tau': 100, 'alpha': 50}, 'mbconv1': {'T_max': 1141.3850047588348, 'T_min': 812.3603581190109, 'tau': 100, 'alpha': 50}, 'mbconv2': {'T_max': 953.6717767715454, 'T_min': 642.3899536132812, 'tau': 100, 'alpha': 50}, 'mbconv3': {'T_max': 513.2992756962776, 'T_min': 322.42850029468536, 'tau': 100, 'alpha': 50}, 'mbconv4': {'T_max': 258.70095932483673, 'T_min': 155.41686257719994, 'tau': 100, 'alpha': 50}, 'mbconv5': {'T_max': 325.90665873885155, 'T_min': 182.09475773572922, 'tau': 100, 'alpha': 50}, 'mbconv6': {'T_max': 210.1228244304657, 'T_min': 113.37274000048637, 'tau': 100, 'alpha': 50}, 'mbconv7': {'T_max': 136.23850935697556, 'T_min': 72.70513460040092, 'tau': 100, 'alpha': 50}, 'conv2': {'T_max': 128.36026607453823, 'T_min': 69.14668047428131, 'tau': 100, 'alpha': 50}, 'pool': {'T_max': 5.443593147210777, 'T_min': 2.9237937070429325, 'tau': 100, 'alpha': 50}, 'output': {'T_max': 14.12623843550682, 'T_min': 7.4854159746319056, 'tau': 100, 'alpha': 50}}
Iterating over following combinations of layers :  [['conv1'], ['mbconv1'], ['mbconv2'], ['mbconv3'], ['mbconv4'], ['mbconv5'], ['mbconv6'], ['mbconv7'], ['conv2'], ['pool'], ['output'], ['conv1', 'mbconv1'], ['conv1', 'mbconv2'], ['conv1', 'mbconv3'], ['conv1', 'mbconv4'], ['conv1', 'mbconv5'], ['conv1', 'mbconv6'], ['conv1', 'mbconv7'], ['conv1', 'conv2'], ['conv1', 'pool'], ['conv1', 'output'], ['mbconv1', 'mbconv2'], ['mbconv1', 'mbconv3'], ['mbconv1', 'mbconv4'], ['mbconv1', 'mbconv5'], ['mbconv1', 'mbconv6'], ['mbconv1', 'mbconv7'], ['mbconv1', 'conv2'], ['mbconv1', 'pool'], ['mbconv1', 'output'], ['mbconv2', 'mbconv3'], ['mbconv2', 'mbconv4'], ['mbconv2', 'mbconv5'], ['mbconv2', 'mbconv6'], ['mbconv2', 'mbconv7'], ['mbconv2', 'conv2'], ['mbconv2', 'pool'], ['mbconv2', 'output'], ['mbconv3', 'mbconv4'], ['mbconv3', 'mbconv5'], ['mbconv3', 'mbconv6'], ['mbconv3', 'mbconv7'], ['mbconv3', 'conv2'], ['mbconv3', 'pool'], ['mbconv3', 'output'], ['mbconv4', 'mbconv5'], ['mbconv4', 'mbconv6'], ['mbconv4', 'mbconv7'], ['mbconv4', 'conv2'], ['mbconv4', 'pool'], ['mbconv4', 'output'], ['mbconv5', 'mbconv6'], ['mbconv5', 'mbconv7'], ['mbconv5', 'conv2'], ['mbconv5', 'pool'], ['mbconv5', 'output'], ['mbconv6', 'mbconv7'], ['mbconv6', 'conv2'], ['mbconv6', 'pool'], ['mbconv6', 'output'], ['mbconv7', 'conv2'], ['mbconv7', 'pool'], ['mbconv7', 'output'], ['conv2', 'pool'], ['conv2', 'output'], ['pool', 'output']]
[['mbconv5', 'conv2']]
Generating the training set for videos : 
TRAINING SET : contains 962 samples, 37 patients based on 56 videos
TEST SET : contains 127 samples, 37 patients based on 8 videos
Dataset constituted.
--------------------NAIVE IMPLEMENTATION-------------------
Number of folds : 53
Grid search.
The best parameters are : {'C': 10.0}
Metrics obtained during CV : 
{'r2': array([-1.95213774e-02, -8.53365891e-02, -1.50786561e-02, -2.25147824e-01,
       -9.71632489e-02, -1.89069904e-02, -1.38293108e-02, -4.10062860e-02,
       -3.05582132e-02, -3.03708677e-03, -2.32644485e-01, -5.49122924e-01,
       -4.69882837e-01, -5.62162038e-04, -2.91063801e-01, -4.02149784e-02,
       -2.10824989e-05, -8.77376102e-01, -5.92350884e-02, -3.13259788e-01,
       -2.61617193e-01, -7.08593164e-01, -3.84415008e-02, -1.76281755e-02,
       -2.63449609e-03, -2.04603926e-01, -1.38905273e-04, -2.05164719e-01,
       -2.00408083e-01, -8.40251591e-02, -2.79097850e-01, -1.08347470e-01,
       -1.57929196e-01, -5.16750356e-03, -2.53192717e-01, -3.93994450e-01,
       -3.76202059e-04, -1.34794138e-01, -1.38497100e-01, -1.23479187e-01,
       -1.71325256e-03, -6.88072596e-03, -8.05488472e-01, -1.79861320e-01,
       -1.48192143e-01, -9.63244834e-02, -2.05024199e-01, -2.79308036e-01,
       -3.95939939e-01, -8.44549120e-01, -5.65887825e-02, -1.54451400e-01,
       -9.34733040e-04]), 'neg_mean_absolute_error': array([ -6.87952502, -11.37633705,  -8.09044394, -10.90828611,
       -10.74353999,  -5.60561147,  -8.22120112,  -6.0693033 ,
        -6.97174794,  -7.56292546,  -8.05955853, -13.6893163 ,
       -15.31181021, -13.03099173,  -8.21739535,  -7.46161786,
       -13.44993941,  -6.32836255,  -8.59393443, -10.21217553,
        -9.31331716, -14.12195927,  -9.17689127, -10.63555556,
        -7.54548705,  -9.71929598,  -8.79078288, -15.37506922,
       -10.48122222, -10.25894444, -12.29077071, -10.81561376,
       -11.05758171,  -8.4289552 , -11.727808  , -11.72828708,
        -9.67825461,  -6.6575    ,  -6.90377554,  -7.52535497,
        -6.91775969, -11.92322695, -15.23654136,  -9.14071286,
       -19.81188122,  -7.98793693,  -9.69010168,  -6.16908279,
        -9.92564763, -18.55478121,  -8.26772999, -14.1620297 ,
       -11.09539269]), 'neg_mean_squared_error': array([-113.70451903, -207.15000563,  -96.42895418, -215.65829019,
       -140.40477546,  -47.02209494, -129.22853346,  -96.68070046,
        -67.2448953 ,  -77.97351014, -114.83598208, -319.49100351,
       -443.81157574, -255.07680749,  -94.10380012,  -85.01673789,
       -250.27569912,  -52.88263709, -101.40661813, -242.56593217,
       -182.42964833, -370.5253134 , -112.59189888, -199.00478618,
       -114.11111873, -291.28706565, -139.02219546, -469.64367063,
       -226.14211918, -158.56976315, -250.89549437, -205.27436228,
       -251.54831721, -116.6936226 , -177.98443531, -264.67517362,
       -164.30010515,  -84.27062265,  -72.72150554, -120.66692522,
        -80.6931413 , -228.78600913, -442.23056732, -183.17232214,
       -675.78352573, -112.35983751, -158.27811514,  -55.76752123,
       -246.62335173, -573.49518965, -125.60205311, -349.93553157,
       -233.61282143]), 'max_error': array([-37.63800352, -34.95446801, -18.83852174, -36.68181206,
       -21.12896287, -14.96105457, -29.71205956, -34.43076262,
       -17.14155785, -18.43447206, -26.6529224 , -33.96100139,
       -63.20691344, -32.11083142, -18.77342219, -15.49973939,
       -31.20615115, -11.13808077, -24.8695901 , -49.12728988,
       -36.74892722, -47.73340835, -19.00715953, -42.68980745,
       -32.70903885, -50.11072126, -30.30495407, -58.55987434,
       -35.64135128, -30.62780937, -35.34171822, -35.20526192,
       -43.62373541, -25.36968065, -25.78363598, -47.40427094,
       -35.48440283, -26.45556623, -16.64680402, -35.91334736,
       -21.03288759, -40.97622872, -52.64757445, -43.46263859,
       -66.87896547, -26.74492785, -33.11372862, -13.2469418 ,
       -52.89728709, -49.50684369, -35.30540979, -42.77273759,
       -48.66495283]), 'explained_variance': array([-4.44089210e-16,  0.00000000e+00,  1.11022302e-16,  1.11022302e-16,
        0.00000000e+00,  0.00000000e+00,  0.00000000e+00,  0.00000000e+00,
        0.00000000e+00,  3.33066907e-16,  0.00000000e+00,  0.00000000e+00,
        0.00000000e+00,  0.00000000e+00,  2.22044605e-16,  0.00000000e+00,
        2.22044605e-16,  0.00000000e+00,  0.00000000e+00,  0.00000000e+00,
        0.00000000e+00, -2.22044605e-16, -2.22044605e-16, -2.22044605e-16,
        0.00000000e+00,  0.00000000e+00,  0.00000000e+00,  1.11022302e-16,
        0.00000000e+00,  0.00000000e+00,  0.00000000e+00, -2.22044605e-16,
        1.11022302e-16,  0.00000000e+00,  0.00000000e+00,  3.33066907e-16,
       -2.22044605e-16,  0.00000000e+00, -2.22044605e-16,  0.00000000e+00,
        0.00000000e+00,  0.00000000e+00,  0.00000000e+00,  0.00000000e+00,
       -4.44089210e-16,  1.11022302e-16,  0.00000000e+00,  0.00000000e+00,
       -2.22044605e-16, -2.22044605e-16, -2.22044605e-16,  0.00000000e+00,
       -2.22044605e-16])}
         accs  y_pred (s)  y_true (s)
54     [9, 2]   14.763901      19.499
4    [39, 32]   27.565151      26.335
3    [39, 32]   27.565151      27.642
11   [39, 32]   27.565151      18.893
27   [26, 18]   17.918200      65.978
29   [26, 18]   17.918200      45.143
64     [9, 2]   14.763901      30.560
77    [14, 7]   18.263595      12.834
124  [24, 18]   16.482758      45.263
71     [9, 2]   14.763901       9.629
25   [26, 18]   17.918200      19.467
91     [3, 5]   13.725706      14.879
83    [14, 7]   18.263595      24.338
89    [14, 7]   18.263595      11.455
69     [9, 2]   14.763901       9.069
{'mse': 289.1384578255563, 'mae': 11.654371425935622, 'r2-score': -0.1826145590507966, 'max-error': 64.58662064353571, 'explained variance score': 0.04959712150555984, 'layers': ['mbconv5', 'conv2']}
