environment: line 5: __conda_exe: command not found
Using device: cuda
Using model: efficientnetB0
Number of videos: 64
Execution type : naive
Using 2 features
Job ID : 1
Plotting ?  yes
Calculate accumulators ?  no
The directory contains : 65 videos
Number of videos in the directory : 65
Number of videos in the dataframe : 64
['conv1', 'mbconv1', 'mbconv2', 'mbconv3', 'mbconv4', 'mbconv5', 'mbconv6', 'mbconv7', 'conv2', 'pool', 'output']
{'conv1': {'T_max': 448.07057094573975, 'T_min': 278.996922403574, 'tau': 100, 'alpha': 50}, 'mbconv1': {'T_max': 1141.3850047588348, 'T_min': 812.3603581190109, 'tau': 100, 'alpha': 50}, 'mbconv2': {'T_max': 953.6717767715454, 'T_min': 642.3899536132812, 'tau': 100, 'alpha': 50}, 'mbconv3': {'T_max': 513.2992756962776, 'T_min': 322.42850029468536, 'tau': 100, 'alpha': 50}, 'mbconv4': {'T_max': 258.70095932483673, 'T_min': 155.41686257719994, 'tau': 100, 'alpha': 50}, 'mbconv5': {'T_max': 325.90665873885155, 'T_min': 182.09475773572922, 'tau': 100, 'alpha': 50}, 'mbconv6': {'T_max': 210.1228244304657, 'T_min': 113.37274000048637, 'tau': 100, 'alpha': 50}, 'mbconv7': {'T_max': 136.23850935697556, 'T_min': 72.70513460040092, 'tau': 100, 'alpha': 50}, 'conv2': {'T_max': 128.36026607453823, 'T_min': 69.14668047428131, 'tau': 100, 'alpha': 50}, 'pool': {'T_max': 5.443593147210777, 'T_min': 2.9237937070429325, 'tau': 100, 'alpha': 50}, 'output': {'T_max': 14.12623843550682, 'T_min': 7.4854159746319056, 'tau': 100, 'alpha': 50}}
Iterating over following combinations of layers :  [['conv1'], ['mbconv1'], ['mbconv2'], ['mbconv3'], ['mbconv4'], ['mbconv5'], ['mbconv6'], ['mbconv7'], ['conv2'], ['pool'], ['output'], ['conv1', 'mbconv1'], ['conv1', 'mbconv2'], ['conv1', 'mbconv3'], ['conv1', 'mbconv4'], ['conv1', 'mbconv5'], ['conv1', 'mbconv6'], ['conv1', 'mbconv7'], ['conv1', 'conv2'], ['conv1', 'pool'], ['conv1', 'output'], ['mbconv1', 'mbconv2'], ['mbconv1', 'mbconv3'], ['mbconv1', 'mbconv4'], ['mbconv1', 'mbconv5'], ['mbconv1', 'mbconv6'], ['mbconv1', 'mbconv7'], ['mbconv1', 'conv2'], ['mbconv1', 'pool'], ['mbconv1', 'output'], ['mbconv2', 'mbconv3'], ['mbconv2', 'mbconv4'], ['mbconv2', 'mbconv5'], ['mbconv2', 'mbconv6'], ['mbconv2', 'mbconv7'], ['mbconv2', 'conv2'], ['mbconv2', 'pool'], ['mbconv2', 'output'], ['mbconv3', 'mbconv4'], ['mbconv3', 'mbconv5'], ['mbconv3', 'mbconv6'], ['mbconv3', 'mbconv7'], ['mbconv3', 'conv2'], ['mbconv3', 'pool'], ['mbconv3', 'output'], ['mbconv4', 'mbconv5'], ['mbconv4', 'mbconv6'], ['mbconv4', 'mbconv7'], ['mbconv4', 'conv2'], ['mbconv4', 'pool'], ['mbconv4', 'output'], ['mbconv5', 'mbconv6'], ['mbconv5', 'mbconv7'], ['mbconv5', 'conv2'], ['mbconv5', 'pool'], ['mbconv5', 'output'], ['mbconv6', 'mbconv7'], ['mbconv6', 'conv2'], ['mbconv6', 'pool'], ['mbconv6', 'output'], ['mbconv7', 'conv2'], ['mbconv7', 'pool'], ['mbconv7', 'output'], ['conv2', 'pool'], ['conv2', 'output'], ['pool', 'output']]
[['mbconv1']]
Generating the training set for videos : 
TRAINING SET : contains 962 samples, 37 patients based on 56 videos
TEST SET : contains 127 samples, 37 patients based on 8 videos
Dataset constituted.
--------------------NAIVE IMPLEMENTATION-------------------
Number of folds : 53
Grid search.
The best parameters are : {'C': 1}
Metrics obtained during CV : 
{'r2': array([-5.74331291e-02, -1.70918379e-01, -1.18818307e-05, -7.94099992e-02,
       -9.16543064e-02, -1.01331297e-02, -1.96939262e-03, -9.57635005e-02,
       -3.65244889e-02, -1.01063971e-01, -1.72107667e-02, -3.12042661e-01,
       -1.27049292e-01, -2.42718717e-01, -4.16991852e-01, -5.50510796e-03,
       -4.18356687e-02, -1.88344267e-01, -2.22973123e-03, -5.62702838e-02,
       -9.26700576e-02, -8.46832839e-01, -5.44757126e-02, -2.12240086e-01,
       -1.47441683e-01, -8.17326234e-02, -4.85027748e-02, -6.32032451e-01,
       -2.70317679e-01, -8.72145875e-02, -1.39321079e-01, -5.37329679e-01,
       -2.84163305e-01, -4.59328695e-02, -5.14318461e-01, -5.01479890e-01,
       -8.02965403e-03, -8.03373302e-03, -4.11788567e-01, -3.35782770e-02,
       -5.48879976e-03, -4.71586004e-01, -4.65768805e-01, -1.02449122e-01,
       -5.45182416e-01, -9.62308567e-03, -2.54882309e-01, -5.24025720e-02,
       -2.52425498e-01, -3.59034183e-01, -1.20104200e-02, -6.03137933e-01,
       -1.00722640e-01]), 'neg_mean_absolute_error': array([ -7.47508561, -11.64093307,  -8.34818748, -10.9258331 ,
       -10.70617387,  -5.51340979,  -8.43347434,  -6.12355303,
        -7.00640754,  -8.1401111 ,  -7.56129859, -12.72414487,
       -13.49590568, -13.93049078,  -8.83802302,  -7.79154539,
       -13.27581247,  -5.19497385,  -8.80719502,  -9.52688889,
        -9.17311111, -14.74264227,  -8.27283837, -10.81172876,
        -9.27849615,  -9.52022303,  -8.661     , -17.95865668,
       -10.49789235, -10.25894444, -11.81064773, -12.69411743,
       -11.62509276,  -9.28155674, -12.47634233, -12.22105003,
        -9.46656368,  -6.85115388,  -8.32357791,  -7.6913703 ,
        -6.82153706, -13.39202439, -13.36702883,  -8.77377912,
       -22.39180257,  -7.8808329 ,  -9.8719318 ,  -5.53848927,
        -9.2315612 , -16.07479787,  -8.18544972, -15.66391814,
        -9.83090176]), 'neg_mean_squared_error': array([-117.93271629, -223.48435615,  -94.99766284, -190.00459394,
       -139.69979209,  -46.61718525, -127.71679985, -101.76613166,
        -67.63420042,  -85.59386672,  -94.76568372, -270.5955866 ,
       -340.29754578, -316.81062414, -103.28251623,  -82.17990126,
       -260.74065329,  -33.47372888,  -95.94917006, -195.09863035,
       -157.99991902, -400.50395302, -114.33039099, -237.06259797,
       -130.5918105 , -261.57537338, -145.74491295, -635.99083041,
       -239.31222724, -159.03630851, -223.47823135, -284.72512282,
       -278.97139095, -121.42622509, -215.07076471, -285.08323744,
       -165.55709524,  -74.8573045 ,  -90.17799879, -111.01114652,
        -80.99728099, -334.37752874, -359.02071943, -171.15415371,
       -909.43735144, -103.4740057 , -164.8269029 ,  -45.87627148,
       -221.26838376, -422.54204997, -120.30279768, -485.9407029 ,
       -256.90278608]), 'max_error': array([-36.5826441 , -36.63024279, -17.60808759, -34.12517107,
       -21.23038521, -15.2113163 , -28.88539751, -35.46150751,
       -17.00985137, -16.11743213, -23.26367317, -31.34125037,
       -57.48940265, -39.59846495, -17.86635098, -17.98345414,
       -34.51456303, -11.03292813, -22.95024483, -44.74454863,
       -34.25894473, -48.88875609, -23.47904532, -47.27555887,
       -29.16020694, -47.52249269, -32.76254111, -65.31222754,
       -36.63303113, -30.69372751, -33.17032958, -40.70151421,
       -45.62333372, -23.83499786, -28.33369366, -48.51298756,
       -36.38421344, -24.06411509, -16.87953354, -30.37254182,
       -21.32633323, -52.57817987, -49.2824519 , -42.16651207,
       -75.45274103, -22.60984074, -33.7104058 , -15.22489415,
       -51.21164863, -43.86791274, -33.90664519, -49.45161503,
       -53.04639295]), 'explained_variance': array([-2.22044605e-16,  0.00000000e+00,  1.11022302e-16,  0.00000000e+00,
        0.00000000e+00,  0.00000000e+00,  0.00000000e+00,  0.00000000e+00,
        0.00000000e+00,  3.33066907e-16,  0.00000000e+00,  0.00000000e+00,
        0.00000000e+00,  0.00000000e+00,  2.22044605e-16,  0.00000000e+00,
        0.00000000e+00,  0.00000000e+00,  0.00000000e+00,  0.00000000e+00,
        2.22044605e-16,  1.11022302e-16, -2.22044605e-16, -2.22044605e-16,
        0.00000000e+00,  0.00000000e+00, -2.22044605e-16,  0.00000000e+00,
        0.00000000e+00, -2.22044605e-16,  0.00000000e+00,  0.00000000e+00,
        1.11022302e-16,  0.00000000e+00,  0.00000000e+00,  3.33066907e-16,
       -4.44089210e-16,  0.00000000e+00,  0.00000000e+00,  2.22044605e-16,
        0.00000000e+00,  0.00000000e+00,  0.00000000e+00,  0.00000000e+00,
       -4.44089210e-16, -2.22044605e-16,  0.00000000e+00,  0.00000000e+00,
        0.00000000e+00,  0.00000000e+00,  0.00000000e+00, -2.22044605e-16,
       -2.22044605e-16])}
     accs  y_pred (s)  y_true (s)
54    [1]   13.390095      19.499
4    [28]   20.068616      26.335
3    [28]   20.068616      27.642
11   [28]   20.068616      18.893
27   [29]   20.552352      65.978
29   [29]   20.552352      45.143
64    [1]   13.390095      30.560
77   [14]   17.857285      12.834
124  [24]   17.804914      45.263
71    [1]   13.390095       9.629
25   [29]   20.552352      19.467
91   [20]   16.476794      14.879
83   [14]   17.857285      24.338
89   [14]   17.857285      11.455
69    [1]   13.390095       9.069
{'mse': 285.69716758808084, 'mae': 11.642509392931428, 'r2-score': -0.16853922653583497, 'max-error': 62.085778152249546, 'explained variance score': 0.06440318028474157, 'layers': ['mbconv1']}
