environment: line 5: __conda_exe: command not found
Using device: cuda
Using model: efficientnetB0
Number of videos: 64
Execution type : naive
Using 2 features
Job ID : 8
Plotting ?  yes
Calculate accumulators ?  no
The directory contains : 65 videos
Number of videos in the directory : 65
Number of videos in the dataframe : 64
['conv1', 'mbconv1', 'mbconv2', 'mbconv3', 'mbconv4', 'mbconv5', 'mbconv6', 'mbconv7', 'conv2', 'pool', 'output']
{'conv1': {'T_max': 448.07057094573975, 'T_min': 278.996922403574, 'tau': 100, 'alpha': 50}, 'mbconv1': {'T_max': 1141.3850047588348, 'T_min': 812.3603581190109, 'tau': 100, 'alpha': 50}, 'mbconv2': {'T_max': 953.6717767715454, 'T_min': 642.3899536132812, 'tau': 100, 'alpha': 50}, 'mbconv3': {'T_max': 513.2992756962776, 'T_min': 322.42850029468536, 'tau': 100, 'alpha': 50}, 'mbconv4': {'T_max': 258.70095932483673, 'T_min': 155.41686257719994, 'tau': 100, 'alpha': 50}, 'mbconv5': {'T_max': 325.90665873885155, 'T_min': 182.09475773572922, 'tau': 100, 'alpha': 50}, 'mbconv6': {'T_max': 210.1228244304657, 'T_min': 113.37274000048637, 'tau': 100, 'alpha': 50}, 'mbconv7': {'T_max': 136.23850935697556, 'T_min': 72.70513460040092, 'tau': 100, 'alpha': 50}, 'conv2': {'T_max': 128.36026607453823, 'T_min': 69.14668047428131, 'tau': 100, 'alpha': 50}, 'pool': {'T_max': 5.443593147210777, 'T_min': 2.9237937070429325, 'tau': 100, 'alpha': 50}, 'output': {'T_max': 14.12623843550682, 'T_min': 7.4854159746319056, 'tau': 100, 'alpha': 50}}
Iterating over following combinations of layers :  [['conv1'], ['mbconv1'], ['mbconv2'], ['mbconv3'], ['mbconv4'], ['mbconv5'], ['mbconv6'], ['mbconv7'], ['conv2'], ['pool'], ['output'], ['conv1', 'mbconv1'], ['conv1', 'mbconv2'], ['conv1', 'mbconv3'], ['conv1', 'mbconv4'], ['conv1', 'mbconv5'], ['conv1', 'mbconv6'], ['conv1', 'mbconv7'], ['conv1', 'conv2'], ['conv1', 'pool'], ['conv1', 'output'], ['mbconv1', 'mbconv2'], ['mbconv1', 'mbconv3'], ['mbconv1', 'mbconv4'], ['mbconv1', 'mbconv5'], ['mbconv1', 'mbconv6'], ['mbconv1', 'mbconv7'], ['mbconv1', 'conv2'], ['mbconv1', 'pool'], ['mbconv1', 'output'], ['mbconv2', 'mbconv3'], ['mbconv2', 'mbconv4'], ['mbconv2', 'mbconv5'], ['mbconv2', 'mbconv6'], ['mbconv2', 'mbconv7'], ['mbconv2', 'conv2'], ['mbconv2', 'pool'], ['mbconv2', 'output'], ['mbconv3', 'mbconv4'], ['mbconv3', 'mbconv5'], ['mbconv3', 'mbconv6'], ['mbconv3', 'mbconv7'], ['mbconv3', 'conv2'], ['mbconv3', 'pool'], ['mbconv3', 'output'], ['mbconv4', 'mbconv5'], ['mbconv4', 'mbconv6'], ['mbconv4', 'mbconv7'], ['mbconv4', 'conv2'], ['mbconv4', 'pool'], ['mbconv4', 'output'], ['mbconv5', 'mbconv6'], ['mbconv5', 'mbconv7'], ['mbconv5', 'conv2'], ['mbconv5', 'pool'], ['mbconv5', 'output'], ['mbconv6', 'mbconv7'], ['mbconv6', 'conv2'], ['mbconv6', 'pool'], ['mbconv6', 'output'], ['mbconv7', 'conv2'], ['mbconv7', 'pool'], ['mbconv7', 'output'], ['conv2', 'pool'], ['conv2', 'output'], ['pool', 'output']]
[['conv2']]
Generating the training set for videos : 
TRAINING SET : contains 962 samples, 37 patients based on 56 videos
TEST SET : contains 127 samples, 37 patients based on 8 videos
Dataset constituted.
--------------------NAIVE IMPLEMENTATION-------------------
Number of folds : 53
Grid search.
The best parameters are : {'C': 1}
Metrics obtained during CV : 
{'r2': array([-2.09353456e-01, -1.42929590e-01, -5.28418346e-02, -4.02362551e-02,
       -4.25212569e-02, -1.31825858e-01, -4.70758959e-03, -1.52378216e-04,
       -1.20076820e-03, -6.24162428e-03, -1.28300388e-01, -5.85496024e-01,
       -3.97013880e-01, -6.10012301e-02, -5.13806939e-02, -1.72110350e-02,
       -1.53743725e-04, -1.09027393e+00, -5.56080402e-02, -2.36934375e-01,
       -1.02768741e-01, -9.04899082e-01, -8.70775332e-02, -4.76422166e-01,
       -2.58166055e-02, -1.11312548e-01, -3.17274914e-02, -3.81473312e-01,
       -2.67407683e-01, -3.84124077e-02, -2.14848350e-01, -1.87750090e-01,
       -2.76434518e-01, -2.22162307e-03, -6.70530445e-01, -4.73164462e-03,
       -8.92960812e-03, -2.10261611e-02, -1.13328582e-02, -5.04421121e-02,
       -2.10344708e-02, -1.55033786e-03, -6.87443411e-01, -1.28907897e-01,
       -2.90039690e-01, -7.35919589e-02, -9.58603190e-02, -2.58744861e-01,
       -2.83620827e-01, -7.59009317e-01, -1.55254731e-02, -3.63537805e-01,
       -8.10544625e-03]), 'neg_mean_absolute_error': array([ -9.25024977, -11.56379471,  -9.00229652, -10.98253978,
       -10.30383026,  -6.31127511,  -8.36147327,  -6.53339417,
        -6.70872864,  -7.37622048,  -7.84574165, -13.8604129 ,
       -14.95721664, -13.1400406 ,  -6.97166173,  -7.49836711,
       -13.4357923 ,  -6.67582245,  -8.60216319,  -9.99189527,
        -9.17311111, -15.02955063,  -8.34421   , -11.69025763,
        -8.00850572,  -9.43772673,  -8.661     , -16.45872548,
       -10.49361295, -10.25894444, -12.08915641, -11.15905833,
       -11.57727733,  -8.28079586, -12.88033969, -10.49816667,
        -9.45264238,  -6.79813453,  -5.98190133,  -7.3326345 ,
        -7.65886248, -11.64372222, -14.64210203,  -8.87048619,
       -20.77597343,  -7.96466244,  -9.59357342,  -6.11518211,
        -9.39652564, -18.101225  ,  -8.19507589, -14.61891489,
       -10.75476605]), 'neg_mean_squared_error': array([-134.87598803, -218.14234713, -100.01632525, -183.10898306,
       -133.41220017,  -52.23324939, -128.06582624,  -92.88650202,
        -65.32929433,  -78.2226226 , -105.11504712, -326.99258907,
       -421.80976313, -270.48475027,  -76.6336401 ,  -83.13662631,
       -250.3089003 ,  -58.87962338, -101.05938011, -228.46823027,
       -159.46018702, -413.09619174, -117.86520819, -288.72537588,
       -116.74950436, -268.72813901, -143.41310014, -538.34980949,
       -238.76401967, -151.89759035, -238.29293218, -219.98033019,
       -277.29239082, -116.35162441, -237.25673934, -190.76655762,
       -165.70490218,  -75.82213148,  -64.59888922, -112.82240137,
        -82.24956455, -227.57482474, -413.31698785, -175.26185283,
       -759.26975772, -110.03003205, -143.93960382,  -54.8711325 ,
       -226.77972165, -546.89971163, -120.72064981, -413.31348109,
       -235.2864276 ]), 'max_error': array([-34.28148363, -36.14169985, -15.40119517, -33.04774419,
       -22.32246074, -13.42864143, -29.15900158, -32.36030214,
       -18.27371863, -19.61693696, -25.45469712, -34.30780411,
       -62.24444517, -35.67577133, -21.44420387, -16.12665834,
       -31.47494632, -11.70850973, -24.79553125, -48.1360287 ,
       -34.45324498, -49.34565928, -24.12139004, -50.48546373,
       -31.54248713, -48.26495946, -32.26605069, -61.8108431 ,
       -36.59451656, -29.49236974, -34.43445385, -36.62250832,
       -45.51574899, -25.63636746, -29.54568573, -39.70300035,
       -36.44685927, -24.54128924, -18.770296  , -34.59921052,
       -19.35968442, -42.82013594, -51.57758365, -42.65195856,
       -70.60525361, -26.34926141, -31.47274816, -13.37784345,
       -51.61227656, -48.66431389, -34.0702902 , -46.42781908,
       -49.57329053]), 'explained_variance': array([-4.44089210e-16,  0.00000000e+00,  1.11022302e-16,  3.33066907e-16,
        0.00000000e+00,  0.00000000e+00,  0.00000000e+00,  0.00000000e+00,
        0.00000000e+00,  3.33066907e-16,  1.11022302e-16, -2.22044605e-16,
        0.00000000e+00,  0.00000000e+00,  2.22044605e-16,  0.00000000e+00,
        0.00000000e+00,  0.00000000e+00,  0.00000000e+00,  0.00000000e+00,
        0.00000000e+00, -2.22044605e-16, -2.22044605e-16, -2.22044605e-16,
        0.00000000e+00,  0.00000000e+00, -2.22044605e-16,  1.11022302e-16,
        0.00000000e+00, -2.22044605e-16, -2.22044605e-16,  0.00000000e+00,
        1.11022302e-16,  2.22044605e-16,  0.00000000e+00,  3.33066907e-16,
        0.00000000e+00,  0.00000000e+00,  0.00000000e+00,  2.22044605e-16,
        0.00000000e+00,  0.00000000e+00, -2.22044605e-16,  0.00000000e+00,
       -4.44089210e-16,  1.11022302e-16,  0.00000000e+00,  0.00000000e+00,
        1.11022302e-16,  0.00000000e+00,  1.11022302e-16, -2.22044605e-16,
        0.00000000e+00])}
     accs  y_pred (s)  y_true (s)
54    [2]   14.576095      19.499
4    [32]   25.155208      26.335
3    [32]   25.155208      27.642
11   [32]   25.155208      18.893
27   [18]   17.087104      65.978
29   [18]   17.087104      45.143
64    [2]   14.576095      30.560
77    [7]   15.785236      12.834
124  [18]   17.087104      45.263
71    [2]   14.576095       9.629
25   [18]   17.087104      19.467
91    [5]   15.246509      14.879
83    [7]   15.785236      24.338
89    [7]   15.785236      11.455
69    [2]   14.576095       9.069
{'mse': 291.43745413770114, 'mae': 11.623424562000556, 'r2-score': -0.1920177582322311, 'max-error': 64.37133172072942, 'explained variance score': 0.0742267993516934, 'layers': ['conv2']}
