environment: line 5: __conda_exe: command not found
Using device: cuda
Using model: efficientnetB0
Number of videos: 64
Execution type : naive
Using 2 features
Job ID : 25
Plotting ?  yes
Calculate accumulators ?  no
The directory contains : 65 videos
Number of videos in the directory : 65
Number of videos in the dataframe : 64
['conv1', 'mbconv1', 'mbconv2', 'mbconv3', 'mbconv4', 'mbconv5', 'mbconv6', 'mbconv7', 'conv2', 'pool', 'output']
{'conv1': {'T_max': 448.07057094573975, 'T_min': 278.996922403574, 'tau': 100, 'alpha': 50}, 'mbconv1': {'T_max': 1141.3850047588348, 'T_min': 812.3603581190109, 'tau': 100, 'alpha': 50}, 'mbconv2': {'T_max': 953.6717767715454, 'T_min': 642.3899536132812, 'tau': 100, 'alpha': 50}, 'mbconv3': {'T_max': 513.2992756962776, 'T_min': 322.42850029468536, 'tau': 100, 'alpha': 50}, 'mbconv4': {'T_max': 258.70095932483673, 'T_min': 155.41686257719994, 'tau': 100, 'alpha': 50}, 'mbconv5': {'T_max': 325.90665873885155, 'T_min': 182.09475773572922, 'tau': 100, 'alpha': 50}, 'mbconv6': {'T_max': 210.1228244304657, 'T_min': 113.37274000048637, 'tau': 100, 'alpha': 50}, 'mbconv7': {'T_max': 136.23850935697556, 'T_min': 72.70513460040092, 'tau': 100, 'alpha': 50}, 'conv2': {'T_max': 128.36026607453823, 'T_min': 69.14668047428131, 'tau': 100, 'alpha': 50}, 'pool': {'T_max': 5.443593147210777, 'T_min': 2.9237937070429325, 'tau': 100, 'alpha': 50}, 'output': {'T_max': 14.12623843550682, 'T_min': 7.4854159746319056, 'tau': 100, 'alpha': 50}}
Iterating over following combinations of layers :  [['conv1'], ['mbconv1'], ['mbconv2'], ['mbconv3'], ['mbconv4'], ['mbconv5'], ['mbconv6'], ['mbconv7'], ['conv2'], ['pool'], ['output'], ['conv1', 'mbconv1'], ['conv1', 'mbconv2'], ['conv1', 'mbconv3'], ['conv1', 'mbconv4'], ['conv1', 'mbconv5'], ['conv1', 'mbconv6'], ['conv1', 'mbconv7'], ['conv1', 'conv2'], ['conv1', 'pool'], ['conv1', 'output'], ['mbconv1', 'mbconv2'], ['mbconv1', 'mbconv3'], ['mbconv1', 'mbconv4'], ['mbconv1', 'mbconv5'], ['mbconv1', 'mbconv6'], ['mbconv1', 'mbconv7'], ['mbconv1', 'conv2'], ['mbconv1', 'pool'], ['mbconv1', 'output'], ['mbconv2', 'mbconv3'], ['mbconv2', 'mbconv4'], ['mbconv2', 'mbconv5'], ['mbconv2', 'mbconv6'], ['mbconv2', 'mbconv7'], ['mbconv2', 'conv2'], ['mbconv2', 'pool'], ['mbconv2', 'output'], ['mbconv3', 'mbconv4'], ['mbconv3', 'mbconv5'], ['mbconv3', 'mbconv6'], ['mbconv3', 'mbconv7'], ['mbconv3', 'conv2'], ['mbconv3', 'pool'], ['mbconv3', 'output'], ['mbconv4', 'mbconv5'], ['mbconv4', 'mbconv6'], ['mbconv4', 'mbconv7'], ['mbconv4', 'conv2'], ['mbconv4', 'pool'], ['mbconv4', 'output'], ['mbconv5', 'mbconv6'], ['mbconv5', 'mbconv7'], ['mbconv5', 'conv2'], ['mbconv5', 'pool'], ['mbconv5', 'output'], ['mbconv6', 'mbconv7'], ['mbconv6', 'conv2'], ['mbconv6', 'pool'], ['mbconv6', 'output'], ['mbconv7', 'conv2'], ['mbconv7', 'pool'], ['mbconv7', 'output'], ['conv2', 'pool'], ['conv2', 'output'], ['pool', 'output']]
[['mbconv1', 'mbconv6']]
Generating the training set for videos : 
TRAINING SET : contains 962 samples, 37 patients based on 56 videos
TEST SET : contains 127 samples, 37 patients based on 8 videos
Dataset constituted.
--------------------NAIVE IMPLEMENTATION-------------------
Number of folds : 53
Grid search.
The best parameters are : {'C': 10.0}
Metrics obtained during CV : 
{'r2': array([-9.51679389e-02, -8.41279746e-02, -3.82069621e-02, -7.01322845e-02,
       -2.67439024e-02, -2.16336134e-04, -1.42945903e-03, -1.55449504e-01,
       -7.15703592e-02, -8.69516128e-02, -2.29273106e-01, -4.29580030e-01,
       -2.63462873e-02, -1.46517076e-01, -2.69884703e-01, -3.94439427e-01,
       -7.16146967e-03, -5.44956035e-01, -7.57541572e-02, -7.94676545e-02,
       -6.57755830e-02, -7.27117840e-01, -8.26825212e-02, -2.19683018e-01,
       -7.36045572e-02, -1.56766713e-02, -6.95393860e-03, -1.79982445e-01,
       -4.21168547e-01, -2.13474896e-03, -1.61550767e-01, -1.66796809e-01,
       -3.62105976e-01, -5.31026886e-03, -6.04864181e-01, -3.91918710e-01,
       -1.90464989e-02, -2.48382252e-01, -1.12314273e-01, -1.45409897e-02,
       -2.21135475e-02, -5.18315693e-01, -5.14939172e-01, -1.04668297e-01,
       -8.33822840e-02, -1.10940396e-04, -3.21284051e-01, -1.70034870e-02,
       -2.33664350e-01, -2.55412842e-01, -1.17155922e-01, -1.44470517e-01,
       -9.80827501e-02]), 'neg_mean_absolute_error': array([ -8.00749533, -12.83115417,  -8.87874402, -10.93768502,
       -10.12598814,  -5.30798977,  -8.45299325,  -6.16657175,
        -7.16884064,  -8.04392814,  -8.0506491 , -13.23638888,
       -12.96330021, -13.46876327,  -8.10057248,  -8.75879625,
       -13.37565479,  -5.78984115,  -9.26084481,  -9.52688889,
        -9.17311111, -14.19351069,  -8.33548263, -10.82417209,
        -8.61066593,  -9.98344528,  -8.69698143, -15.23357393,
       -11.21564235, -10.25894444, -11.89748957, -11.05527267,
       -12.07501212,  -7.64149323, -12.71695555, -11.71814763,
        -9.44361111,  -6.6575    ,  -6.73940843,  -7.40276534,
        -6.67270783, -13.61458388, -13.67238712,  -8.77855272,
       -19.58377778,  -7.8286876 , -10.16433145,  -5.42370194,
        -9.12740146, -15.75090097,  -8.33468489, -14.13393322,
        -9.84689188]), 'neg_mean_squared_error': array([-122.14117969, -206.91932649,  -98.62606309, -188.37147176,
       -131.39316069,  -46.15952974, -127.6479768 , -107.30931108,
        -69.92097651,  -84.49680846, -114.52189669, -294.83648539,
       -309.89161272, -292.28560364,  -92.56008586, -113.96749111,
       -252.06272684,  -43.51890344, -102.98808283, -199.38330569,
       -154.11098221, -374.54257252, -117.38868376, -238.51811887,
       -122.18831246, -245.60228544, -139.96950477, -459.83032696,
       -267.73067543, -146.59094252, -227.83859247, -216.09962339,
       -295.90364187, -116.71019675, -227.93050191, -264.28105684,
       -167.36648332,  -92.7057571 ,  -71.0490774 , -108.96645273,
        -82.33648971, -344.99556794, -371.06435176, -171.49867857,
       -637.63883441, -102.49912726, -173.54867177,  -44.33315663,
       -217.9538163 , -390.32477806, -132.80197534, -346.91014177,
       -256.28664983]), 'max_error': array([-35.85563924, -26.91158155, -15.73655194, -33.8999847 ,
       -22.80517504, -15.79523886, -28.81122565, -36.27886324,
       -16.39260557, -16.32048504, -26.61906658, -32.73162695,
       -54.11623466, -37.84390042, -18.9441633 , -18.67512542,
       -32.61755907, -10.08471168, -19.79519833, -45.35186625,
       -33.68234679, -47.89439904, -24.04284365, -47.38754884,
       -30.36230133, -45.02383082, -31.1491671 , -57.99316538,
       -38.40435622, -27.68075411, -33.57195306, -36.28372701,
       -46.63565227, -26.92939023, -29.05553331, -47.38145717,
       -37.00449524, -27.58649152, -16.94266482, -31.02190299,
       -21.99606477, -53.07893874, -49.83209681, -42.20947452,
       -64.54518536, -23.49631082, -34.42051924, -15.87535567,
       -50.95868925, -42.21377218, -36.44364319, -42.5479658 ,
       -52.98243246]), 'explained_variance': array([-2.22044605e-16,  0.00000000e+00,  1.11022302e-16,  1.11022302e-16,
        0.00000000e+00,  0.00000000e+00,  0.00000000e+00, -2.22044605e-16,
        0.00000000e+00,  3.33066907e-16,  1.11022302e-16,  0.00000000e+00,
        0.00000000e+00,  0.00000000e+00,  2.22044605e-16,  0.00000000e+00,
        0.00000000e+00,  0.00000000e+00,  0.00000000e+00,  0.00000000e+00,
        0.00000000e+00, -2.22044605e-16, -2.22044605e-16,  1.11022302e-16,
        0.00000000e+00,  0.00000000e+00,  0.00000000e+00,  1.11022302e-16,
        1.11022302e-16, -2.22044605e-16, -2.22044605e-16,  0.00000000e+00,
        0.00000000e+00,  0.00000000e+00,  0.00000000e+00,  4.44089210e-16,
       -2.22044605e-16,  0.00000000e+00, -2.22044605e-16,  2.22044605e-16,
        0.00000000e+00,  0.00000000e+00, -2.22044605e-16,  0.00000000e+00,
        0.00000000e+00, -2.22044605e-16,  0.00000000e+00,  0.00000000e+00,
       -2.22044605e-16,  0.00000000e+00,  1.11022302e-16, -2.22044605e-16,
       -2.22044605e-16])}
         accs  y_pred (s)  y_true (s)
54     [1, 4]   12.997211      19.499
4    [28, 37]   24.685195      26.335
3    [28, 37]   24.685195      27.642
11   [28, 37]   24.685195      18.893
27   [29, 24]   19.371515      65.978
29   [29, 24]   19.371515      45.143
64     [1, 4]   12.997211      30.560
77   [14, 14]   16.935174      12.834
124  [24, 23]   18.635984      45.263
71     [1, 4]   12.997211       9.629
25   [29, 24]   19.371515      19.467
91    [20, 4]   13.205669      14.879
83   [14, 14]   16.935174      24.338
89   [14, 14]   16.935174      11.455
69     [1, 4]   12.997211       9.069
{'mse': 282.355329790911, 'mae': 11.456070348630547, 'r2-score': -0.15487066766393398, 'max-error': 62.88021454200089, 'explained variance score': 0.0885683201738866, 'layers': ['mbconv1', 'mbconv6']}
