environment: line 5: __conda_exe: command not found
Using device: cuda
Using model: efficientnetB0
Number of videos: 64
Execution type : naive
Using 2 features
Job ID : 32
Plotting ?  yes
Calculate accumulators ?  no
The directory contains : 65 videos
Number of videos in the directory : 65
Number of videos in the dataframe : 64
['conv1', 'mbconv1', 'mbconv2', 'mbconv3', 'mbconv4', 'mbconv5', 'mbconv6', 'mbconv7', 'conv2', 'pool', 'output']
{'conv1': {'T_max': 448.07057094573975, 'T_min': 278.996922403574, 'tau': 100, 'alpha': 50}, 'mbconv1': {'T_max': 1141.3850047588348, 'T_min': 812.3603581190109, 'tau': 100, 'alpha': 50}, 'mbconv2': {'T_max': 953.6717767715454, 'T_min': 642.3899536132812, 'tau': 100, 'alpha': 50}, 'mbconv3': {'T_max': 513.2992756962776, 'T_min': 322.42850029468536, 'tau': 100, 'alpha': 50}, 'mbconv4': {'T_max': 258.70095932483673, 'T_min': 155.41686257719994, 'tau': 100, 'alpha': 50}, 'mbconv5': {'T_max': 325.90665873885155, 'T_min': 182.09475773572922, 'tau': 100, 'alpha': 50}, 'mbconv6': {'T_max': 210.1228244304657, 'T_min': 113.37274000048637, 'tau': 100, 'alpha': 50}, 'mbconv7': {'T_max': 136.23850935697556, 'T_min': 72.70513460040092, 'tau': 100, 'alpha': 50}, 'conv2': {'T_max': 128.36026607453823, 'T_min': 69.14668047428131, 'tau': 100, 'alpha': 50}, 'pool': {'T_max': 5.443593147210777, 'T_min': 2.9237937070429325, 'tau': 100, 'alpha': 50}, 'output': {'T_max': 14.12623843550682, 'T_min': 7.4854159746319056, 'tau': 100, 'alpha': 50}}
Iterating over following combinations of layers :  [['conv1'], ['mbconv1'], ['mbconv2'], ['mbconv3'], ['mbconv4'], ['mbconv5'], ['mbconv6'], ['mbconv7'], ['conv2'], ['pool'], ['output'], ['conv1', 'mbconv1'], ['conv1', 'mbconv2'], ['conv1', 'mbconv3'], ['conv1', 'mbconv4'], ['conv1', 'mbconv5'], ['conv1', 'mbconv6'], ['conv1', 'mbconv7'], ['conv1', 'conv2'], ['conv1', 'pool'], ['conv1', 'output'], ['mbconv1', 'mbconv2'], ['mbconv1', 'mbconv3'], ['mbconv1', 'mbconv4'], ['mbconv1', 'mbconv5'], ['mbconv1', 'mbconv6'], ['mbconv1', 'mbconv7'], ['mbconv1', 'conv2'], ['mbconv1', 'pool'], ['mbconv1', 'output'], ['mbconv2', 'mbconv3'], ['mbconv2', 'mbconv4'], ['mbconv2', 'mbconv5'], ['mbconv2', 'mbconv6'], ['mbconv2', 'mbconv7'], ['mbconv2', 'conv2'], ['mbconv2', 'pool'], ['mbconv2', 'output'], ['mbconv3', 'mbconv4'], ['mbconv3', 'mbconv5'], ['mbconv3', 'mbconv6'], ['mbconv3', 'mbconv7'], ['mbconv3', 'conv2'], ['mbconv3', 'pool'], ['mbconv3', 'output'], ['mbconv4', 'mbconv5'], ['mbconv4', 'mbconv6'], ['mbconv4', 'mbconv7'], ['mbconv4', 'conv2'], ['mbconv4', 'pool'], ['mbconv4', 'output'], ['mbconv5', 'mbconv6'], ['mbconv5', 'mbconv7'], ['mbconv5', 'conv2'], ['mbconv5', 'pool'], ['mbconv5', 'output'], ['mbconv6', 'mbconv7'], ['mbconv6', 'conv2'], ['mbconv6', 'pool'], ['mbconv6', 'output'], ['mbconv7', 'conv2'], ['mbconv7', 'pool'], ['mbconv7', 'output'], ['conv2', 'pool'], ['conv2', 'output'], ['pool', 'output']]
[['mbconv2', 'mbconv5']]
Generating the training set for videos : 
TRAINING SET : contains 962 samples, 37 patients based on 56 videos
TEST SET : contains 127 samples, 37 patients based on 8 videos
Dataset constituted.
--------------------NAIVE IMPLEMENTATION-------------------
Number of folds : 53
Grid search.
The best parameters are : {'C': 100.0}
Metrics obtained during CV : 
{'r2': array([-6.15910276e-02, -1.16713986e-01, -4.70534237e-02, -2.41247975e-01,
       -8.14605713e-02, -2.48707119e-02, -5.08646192e-03, -8.05228061e-02,
       -1.32333408e-02, -7.29500664e-03, -7.88212822e-02, -7.83875442e-01,
       -4.64962840e-01, -1.95528734e-01, -6.46516840e-01, -4.62375019e-01,
       -3.10634810e-02, -1.22586560e+00, -1.38236928e-02, -1.80240463e-01,
       -5.52698120e-02, -8.93384031e-01, -9.35487671e-02, -4.52136150e-01,
       -8.34986226e-02, -4.25228553e-02, -2.37082558e-01, -2.33051813e-01,
       -1.41761540e-01, -4.33795692e-02, -1.13503282e-04, -2.05603542e-01,
       -5.92010352e-01, -1.68326612e-02, -2.02826771e-01, -1.12045838e-01,
       -6.49776242e-02, -1.84441968e-02, -7.27122335e-03, -1.99402036e-02,
       -3.29518706e-04, -4.94624837e-01, -7.22164454e-01, -2.86615787e-02,
       -7.70096067e-02, -2.70281594e-02, -2.08482043e-01, -8.06659424e-03,
       -2.34243236e-01, -9.94067192e-01, -2.64546290e-02, -2.70306326e-04,
       -6.16470130e-02]), 'neg_mean_absolute_error': array([ -7.53667247, -11.48433636,  -8.95577512, -10.94321292,
       -10.63394025,  -5.65617281,  -8.78362279,  -6.11052205,
        -6.84468657,  -7.36730124,  -7.72772363, -14.85971047,
       -15.28877545, -13.71839248,  -9.76280175,  -9.02096365,
       -13.92738116,  -6.93132757,  -8.7307086 ,  -9.80400726,
        -9.17311111, -14.96994018,  -8.35666867, -11.5517931 ,
        -8.71533132,  -9.65789229,  -9.57477506, -15.57118107,
       -10.48122222, -10.25894444, -11.86638624, -11.250393  ,
       -13.1733645 ,  -8.77527371, -11.58792493, -10.54689274,
        -9.44361111,  -6.80693831,  -5.92546471,  -7.23661734,
        -7.00791623, -13.50306545, -14.82191295,  -8.5650351 ,
       -19.58377778,  -7.90101703,  -9.69611291,  -5.19774793,
        -9.1306766 , -19.44512263,  -8.21947776, -15.02013878,
       -10.09474056]), 'neg_mean_squared_error': array([-118.3964357 , -213.13877265,  -99.46644628, -218.49234088,
       -138.39529243,  -47.29731798, -128.11411949, -100.35069256,
        -66.11443104,  -78.30450982, -100.5054604 , -367.90634647,
       -442.32604779, -304.78031669, -120.01226549, -119.51986491,
       -258.04469333,  -62.69902064,  -97.05912615, -217.99656906,
       -152.59184937, -410.5990391 , -118.56684474, -283.97606411,
       -123.31436874, -252.09400108, -171.95804731, -480.51106208,
       -215.09383169, -152.62418015, -196.17261635, -223.2869249 ,
       -345.84802456, -118.04787401, -170.83122218, -211.14210708,
       -174.91013409,  -75.63039298,  -64.33945229, -109.54635359,
        -80.58167444, -339.61247123, -421.82144902, -159.69870945,
       -633.88811173, -105.25781267, -158.73229782,  -43.94358012,
       -218.05608915, -619.98237402, -122.01985386, -303.20039583,
       -247.78274336]), 'max_error': array([-36.49263254, -35.63846364, -15.52746753, -36.90301515,
       -21.42644789, -14.82381665, -27.57916672, -35.21391894,
       -17.62439105, -19.6734255 , -24.70724966, -36.03386354,
       -63.14439049, -38.79249142, -16.97824871, -19.14466448,
       -28.49055158, -12.04301492, -23.63862258, -47.29053266,
       -33.42534698, -49.25624361, -24.23351799, -50.23622758,
       -30.17390363, -46.2834694 , -35.90665851, -59.14820988,
       -34.66468635, -29.6409732 , -27.79351194, -36.89651233,
       -49.10694512, -24.74630733, -25.15416219, -43.36753462,
       -38.50260785, -24.46205517, -18.93960586, -33.7350561 ,
       -20.82431348, -52.82802225, -51.90124331, -40.28781587,
       -64.27216315, -25.26728953, -33.15730647, -17.32928527,
       -50.96664318, -50.88282588, -34.48512185, -35.64419488,
       -51.99103775]), 'explained_variance': array([-2.22044605e-16,  0.00000000e+00,  1.11022302e-16,  1.11022302e-16,
        0.00000000e+00,  0.00000000e+00,  0.00000000e+00,  0.00000000e+00,
        0.00000000e+00,  3.33066907e-16,  1.11022302e-16,  1.11022302e-16,
        0.00000000e+00,  0.00000000e+00,  2.22044605e-16,  0.00000000e+00,
        0.00000000e+00,  0.00000000e+00,  0.00000000e+00,  0.00000000e+00,
        0.00000000e+00, -2.22044605e-16, -2.22044605e-16, -2.22044605e-16,
        0.00000000e+00,  0.00000000e+00,  0.00000000e+00,  0.00000000e+00,
        1.11022302e-16,  0.00000000e+00,  0.00000000e+00,  0.00000000e+00,
        0.00000000e+00,  0.00000000e+00,  0.00000000e+00,  3.33066907e-16,
       -2.22044605e-16,  0.00000000e+00,  0.00000000e+00,  2.22044605e-16,
        0.00000000e+00,  0.00000000e+00,  0.00000000e+00,  0.00000000e+00,
       -2.22044605e-16, -2.22044605e-16,  0.00000000e+00,  0.00000000e+00,
        0.00000000e+00,  0.00000000e+00, -2.22044605e-16, -2.22044605e-16,
       -2.22044605e-16])}
         accs  y_pred (s)  y_true (s)
54    [10, 9]   15.243787      19.499
4    [46, 39]   24.367440      26.335
3    [46, 39]   24.367440      27.642
11   [46, 39]   24.367440      18.893
27   [30, 26]   14.820720      65.978
29   [30, 26]   14.820720      45.143
64    [10, 9]   15.243787      30.560
77   [16, 14]   16.698385      12.834
124  [26, 24]   17.610055      45.263
71    [10, 9]   15.243787       9.629
25   [30, 26]   14.820720      19.467
91     [3, 3]   15.309235      14.879
83   [16, 14]   16.698385      24.338
89   [16, 14]   16.698385      11.455
69    [10, 9]   15.243787       9.069
{'mse': 303.6528020423764, 'mae': 11.847903236178995, 'r2-score': -0.24198014782433153, 'max-error': 65.52361440839172, 'explained variance score': 0.043796327420485226, 'layers': ['mbconv2', 'mbconv5']}
