environment: line 5: __conda_exe: command not found
Using device: cuda
Using model: efficientnetB0
Number of videos: 64
Execution type : naive
Using 2 features
Job ID : 47
Plotting ?  yes
Calculate accumulators ?  no
The directory contains : 65 videos
Number of videos in the directory : 65
Number of videos in the dataframe : 64
['conv1', 'mbconv1', 'mbconv2', 'mbconv3', 'mbconv4', 'mbconv5', 'mbconv6', 'mbconv7', 'conv2', 'pool', 'output']
{'conv1': {'T_max': 448.07057094573975, 'T_min': 278.996922403574, 'tau': 100, 'alpha': 50}, 'mbconv1': {'T_max': 1141.3850047588348, 'T_min': 812.3603581190109, 'tau': 100, 'alpha': 50}, 'mbconv2': {'T_max': 953.6717767715454, 'T_min': 642.3899536132812, 'tau': 100, 'alpha': 50}, 'mbconv3': {'T_max': 513.2992756962776, 'T_min': 322.42850029468536, 'tau': 100, 'alpha': 50}, 'mbconv4': {'T_max': 258.70095932483673, 'T_min': 155.41686257719994, 'tau': 100, 'alpha': 50}, 'mbconv5': {'T_max': 325.90665873885155, 'T_min': 182.09475773572922, 'tau': 100, 'alpha': 50}, 'mbconv6': {'T_max': 210.1228244304657, 'T_min': 113.37274000048637, 'tau': 100, 'alpha': 50}, 'mbconv7': {'T_max': 136.23850935697556, 'T_min': 72.70513460040092, 'tau': 100, 'alpha': 50}, 'conv2': {'T_max': 128.36026607453823, 'T_min': 69.14668047428131, 'tau': 100, 'alpha': 50}, 'pool': {'T_max': 5.443593147210777, 'T_min': 2.9237937070429325, 'tau': 100, 'alpha': 50}, 'output': {'T_max': 14.12623843550682, 'T_min': 7.4854159746319056, 'tau': 100, 'alpha': 50}}
Iterating over following combinations of layers :  [['conv1'], ['mbconv1'], ['mbconv2'], ['mbconv3'], ['mbconv4'], ['mbconv5'], ['mbconv6'], ['mbconv7'], ['conv2'], ['pool'], ['output'], ['conv1', 'mbconv1'], ['conv1', 'mbconv2'], ['conv1', 'mbconv3'], ['conv1', 'mbconv4'], ['conv1', 'mbconv5'], ['conv1', 'mbconv6'], ['conv1', 'mbconv7'], ['conv1', 'conv2'], ['conv1', 'pool'], ['conv1', 'output'], ['mbconv1', 'mbconv2'], ['mbconv1', 'mbconv3'], ['mbconv1', 'mbconv4'], ['mbconv1', 'mbconv5'], ['mbconv1', 'mbconv6'], ['mbconv1', 'mbconv7'], ['mbconv1', 'conv2'], ['mbconv1', 'pool'], ['mbconv1', 'output'], ['mbconv2', 'mbconv3'], ['mbconv2', 'mbconv4'], ['mbconv2', 'mbconv5'], ['mbconv2', 'mbconv6'], ['mbconv2', 'mbconv7'], ['mbconv2', 'conv2'], ['mbconv2', 'pool'], ['mbconv2', 'output'], ['mbconv3', 'mbconv4'], ['mbconv3', 'mbconv5'], ['mbconv3', 'mbconv6'], ['mbconv3', 'mbconv7'], ['mbconv3', 'conv2'], ['mbconv3', 'pool'], ['mbconv3', 'output'], ['mbconv4', 'mbconv5'], ['mbconv4', 'mbconv6'], ['mbconv4', 'mbconv7'], ['mbconv4', 'conv2'], ['mbconv4', 'pool'], ['mbconv4', 'output'], ['mbconv5', 'mbconv6'], ['mbconv5', 'mbconv7'], ['mbconv5', 'conv2'], ['mbconv5', 'pool'], ['mbconv5', 'output'], ['mbconv6', 'mbconv7'], ['mbconv6', 'conv2'], ['mbconv6', 'pool'], ['mbconv6', 'output'], ['mbconv7', 'conv2'], ['mbconv7', 'pool'], ['mbconv7', 'output'], ['conv2', 'pool'], ['conv2', 'output'], ['pool', 'output']]
[['mbconv4', 'mbconv7']]
Generating the training set for videos : 
TRAINING SET : contains 962 samples, 37 patients based on 56 videos
TEST SET : contains 127 samples, 37 patients based on 8 videos
Dataset constituted.
--------------------NAIVE IMPLEMENTATION-------------------
Number of folds : 53
Grid search.
The best parameters are : {'C': 1}
Metrics obtained during CV : 
{'r2': array([-2.39620022e-01, -2.62765425e-01, -4.46306643e-04, -1.56836843e-01,
       -8.26659737e-02, -5.63117671e-02, -9.27469776e-03, -3.29152600e-02,
       -1.39676386e-01, -1.11947361e-02, -1.45183131e-01, -4.90567503e-01,
       -5.31514855e-01, -7.66775230e-02, -1.51572681e-01, -2.58885398e-02,
       -2.01347016e-03, -1.15762008e+00, -3.88410990e-02, -2.10613215e-01,
       -1.11262368e-01, -8.35335207e-01, -3.68376486e-02, -1.76140120e-01,
       -1.27093098e-02, -1.12485858e-01, -4.86149668e-04, -4.04900708e-01,
       -2.32230709e-01, -3.35328237e-02, -1.59834362e-01, -4.52759369e-01,
       -3.97828497e-01, -6.78736899e-03, -4.00237522e-01, -3.76969855e-01,
       -1.16711174e-05, -9.40024551e-02, -9.46243352e-02, -5.10030285e-02,
       -1.79456592e-03, -1.02236595e-01, -6.52926651e-01, -1.36224880e-01,
       -2.74670298e-01, -6.33269207e-02, -1.50315142e-01, -1.27748932e-01,
       -2.75483058e-01, -8.24331467e-01, -1.69735071e-02, -2.22689812e-01,
       -1.04897719e-02]), 'neg_mean_absolute_error': array([ -9.51669827, -11.93081466,  -8.39353224, -10.84606858,
       -10.64270885,  -5.90653625,  -8.27919431,  -6.07349119,
        -7.4143252 ,  -7.63350054,  -7.88054791, -13.4743832 ,
       -15.59263689, -13.17197964,  -7.50519876,  -7.48047796,
       -13.54243339,  -6.80034425,  -8.6442713 ,  -9.90783602,
        -9.17311111, -14.69135869,  -8.24094444, -10.7480157 ,
        -7.78120166,  -9.43469656,  -8.83510603, -16.58166242,
       -10.48122222, -10.25894444, -11.89082648, -12.33027794,
       -12.26487772,  -8.49180833, -12.14060206, -11.64431891,
        -9.74651718,  -6.6575    ,  -6.63494225,  -7.33406847,
        -7.24931046, -11.7731011 , -14.45878906,  -8.91222306,
       -20.65901152,  -7.95297264,  -9.64621986,  -5.71357102,
        -9.35440563, -18.44396445,  -8.19871952, -14.33373258,
       -10.68378789]), 'neg_mean_squared_error': array([-138.25153792, -241.0145088 ,  -95.0389317 , -203.63375812,
       -138.54954865,  -48.74830841, -128.6479762 ,  -95.92926786,
        -74.36495898,  -78.60766471, -106.68788212, -307.41453756,
       -462.4205438 , -274.48116237,  -83.93649125,  -83.84583851,
       -250.77433483,  -60.77665509,  -99.45418518, -223.60657476,
       -160.68836419, -398.01057796, -112.41800293, -230.00298018,
       -115.25774621, -269.01185883, -139.07046343, -547.47929033,
       -232.13711057, -151.18381127, -227.50191916, -269.06205968,
       -303.66399549, -116.88167878, -198.86844307, -261.44274502,
       -164.24023521,  -81.24140316,  -69.91913256, -112.88264643,
        -80.69969151, -250.45301314, -404.86256305, -176.39780733,
       -750.22390053, -108.97799131, -151.09216291,  -49.16076558,
       -225.3420065 , -567.20924879, -120.89278494, -370.61985399,
       -235.84291648]), 'max_error': array([-33.9439822 , -38.00049571, -17.43577747, -35.64069701,
       -21.4026474 , -14.28309013, -29.47166161, -34.22766745,
       -15.53468873, -17.98749659, -25.67513676, -33.37761155,
       -63.96401122, -36.15353773, -20.0555804 , -15.85808132,
       -30.56892186, -11.87710272, -24.41655829, -47.75776209,
       -34.60938319, -48.79644564, -23.04724225, -46.7021413 ,
       -32.05392127, -48.29223098, -29.90604576, -62.17965393,
       -36.11122253, -29.33669883, -33.54196918, -39.88287536,
       -47.06284986, -25.25654501, -27.32647285, -47.21534256,
       -35.27961512, -25.93382165, -17.16262994, -34.6121162 ,
       -20.28117646, -47.04640987, -51.24762031, -42.77716917,
       -70.25436788, -26.15053496, -32.36773766, -14.37645854,
       -51.50998511, -49.31171063, -34.13223176, -44.14636064,
       -49.76256562]), 'explained_variance': array([-2.22044605e-16,  0.00000000e+00,  1.11022302e-16,  0.00000000e+00,
        0.00000000e+00,  0.00000000e+00,  0.00000000e+00, -2.22044605e-16,
        0.00000000e+00,  3.33066907e-16,  0.00000000e+00,  0.00000000e+00,
        0.00000000e+00,  0.00000000e+00,  2.22044605e-16,  0.00000000e+00,
        2.22044605e-16,  0.00000000e+00,  0.00000000e+00,  0.00000000e+00,
        0.00000000e+00, -2.22044605e-16, -2.22044605e-16,  1.11022302e-16,
        0.00000000e+00,  0.00000000e+00,  0.00000000e+00,  0.00000000e+00,
        0.00000000e+00, -2.22044605e-16, -2.22044605e-16,  0.00000000e+00,
        1.11022302e-16,  0.00000000e+00,  0.00000000e+00,  0.00000000e+00,
        0.00000000e+00,  0.00000000e+00,  0.00000000e+00,  0.00000000e+00,
        0.00000000e+00,  0.00000000e+00,  0.00000000e+00,  0.00000000e+00,
       -4.44089210e-16, -2.22044605e-16,  0.00000000e+00,  0.00000000e+00,
        0.00000000e+00, -2.22044605e-16, -2.22044605e-16, -2.22044605e-16,
       -2.22044605e-16])}
         accs  y_pred (s)  y_true (s)
54     [9, 2]   16.451153      19.499
4    [42, 34]   24.584064      26.335
3    [42, 34]   24.584064      27.642
11   [42, 34]   24.584064      18.893
27   [26, 22]   18.251294      65.978
29   [26, 22]   18.251294      45.143
64     [9, 2]   16.451153      30.560
77   [14, 11]   17.484672      12.834
124  [23, 21]   17.181184      45.263
71     [9, 2]   16.451153       9.629
25   [26, 22]   18.251294      19.467
91     [2, 3]   14.412956      14.879
83   [14, 11]   17.484672      24.338
89   [14, 11]   17.484672      11.455
69     [9, 2]   16.451153       9.069
{'mse': 287.8962142156661, 'mae': 11.6189072138422, 'r2-score': -0.17753361827940184, 'max-error': 64.02719252305717, 'explained variance score': 0.053373064329402475, 'layers': ['mbconv4', 'mbconv7']}
