environment: line 5: __conda_exe: command not found
Using device: cuda
Using model: efficientnetB0
Number of videos: 64
Execution type : naive
Using 2 features
Job ID : 18
Plotting ?  yes
Calculate accumulators ?  no
The directory contains : 65 videos
Number of videos in the directory : 65
Number of videos in the dataframe : 64
['conv1', 'mbconv1', 'mbconv2', 'mbconv3', 'mbconv4', 'mbconv5', 'mbconv6', 'mbconv7', 'conv2', 'pool', 'output']
{'conv1': {'T_max': 448.07057094573975, 'T_min': 278.996922403574, 'tau': 100, 'alpha': 50}, 'mbconv1': {'T_max': 1141.3850047588348, 'T_min': 812.3603581190109, 'tau': 100, 'alpha': 50}, 'mbconv2': {'T_max': 953.6717767715454, 'T_min': 642.3899536132812, 'tau': 100, 'alpha': 50}, 'mbconv3': {'T_max': 513.2992756962776, 'T_min': 322.42850029468536, 'tau': 100, 'alpha': 50}, 'mbconv4': {'T_max': 258.70095932483673, 'T_min': 155.41686257719994, 'tau': 100, 'alpha': 50}, 'mbconv5': {'T_max': 325.90665873885155, 'T_min': 182.09475773572922, 'tau': 100, 'alpha': 50}, 'mbconv6': {'T_max': 210.1228244304657, 'T_min': 113.37274000048637, 'tau': 100, 'alpha': 50}, 'mbconv7': {'T_max': 136.23850935697556, 'T_min': 72.70513460040092, 'tau': 100, 'alpha': 50}, 'conv2': {'T_max': 128.36026607453823, 'T_min': 69.14668047428131, 'tau': 100, 'alpha': 50}, 'pool': {'T_max': 5.443593147210777, 'T_min': 2.9237937070429325, 'tau': 100, 'alpha': 50}, 'output': {'T_max': 14.12623843550682, 'T_min': 7.4854159746319056, 'tau': 100, 'alpha': 50}}
Iterating over following combinations of layers :  [['conv1'], ['mbconv1'], ['mbconv2'], ['mbconv3'], ['mbconv4'], ['mbconv5'], ['mbconv6'], ['mbconv7'], ['conv2'], ['pool'], ['output'], ['conv1', 'mbconv1'], ['conv1', 'mbconv2'], ['conv1', 'mbconv3'], ['conv1', 'mbconv4'], ['conv1', 'mbconv5'], ['conv1', 'mbconv6'], ['conv1', 'mbconv7'], ['conv1', 'conv2'], ['conv1', 'pool'], ['conv1', 'output'], ['mbconv1', 'mbconv2'], ['mbconv1', 'mbconv3'], ['mbconv1', 'mbconv4'], ['mbconv1', 'mbconv5'], ['mbconv1', 'mbconv6'], ['mbconv1', 'mbconv7'], ['mbconv1', 'conv2'], ['mbconv1', 'pool'], ['mbconv1', 'output'], ['mbconv2', 'mbconv3'], ['mbconv2', 'mbconv4'], ['mbconv2', 'mbconv5'], ['mbconv2', 'mbconv6'], ['mbconv2', 'mbconv7'], ['mbconv2', 'conv2'], ['mbconv2', 'pool'], ['mbconv2', 'output'], ['mbconv3', 'mbconv4'], ['mbconv3', 'mbconv5'], ['mbconv3', 'mbconv6'], ['mbconv3', 'mbconv7'], ['mbconv3', 'conv2'], ['mbconv3', 'pool'], ['mbconv3', 'output'], ['mbconv4', 'mbconv5'], ['mbconv4', 'mbconv6'], ['mbconv4', 'mbconv7'], ['mbconv4', 'conv2'], ['mbconv4', 'pool'], ['mbconv4', 'output'], ['mbconv5', 'mbconv6'], ['mbconv5', 'mbconv7'], ['mbconv5', 'conv2'], ['mbconv5', 'pool'], ['mbconv5', 'output'], ['mbconv6', 'mbconv7'], ['mbconv6', 'conv2'], ['mbconv6', 'pool'], ['mbconv6', 'output'], ['mbconv7', 'conv2'], ['mbconv7', 'pool'], ['mbconv7', 'output'], ['conv2', 'pool'], ['conv2', 'output'], ['pool', 'output']]
[['conv1', 'conv2']]
Generating the training set for videos : 
TRAINING SET : contains 962 samples, 37 patients based on 56 videos
TEST SET : contains 127 samples, 37 patients based on 8 videos
Dataset constituted.
--------------------NAIVE IMPLEMENTATION-------------------
Number of folds : 53
Grid search.
The best parameters are : {'C': 1}
Metrics obtained during CV : 
{'r2': array([-2.04599210e-01, -7.91064154e-03, -4.59346092e-02, -3.07918249e-02,
       -1.46429518e-02, -9.95890464e-03, -1.19331568e-01, -8.98220629e-02,
       -8.50974452e-03, -2.11994536e-04, -8.47532946e-02, -5.51782838e-01,
       -2.54018592e-01, -2.59550716e-01, -1.41556985e-01, -5.90528960e-03,
       -7.97245672e-03, -2.34925353e-01, -9.01803207e-02, -5.87607357e-02,
       -9.44913028e-02, -6.04157673e-01, -5.08686117e-03, -2.45715129e-01,
       -1.55923694e-04, -1.68109274e-01, -7.81469156e-02, -4.76437537e-01,
       -1.86279886e-01, -4.11200968e-02, -6.52273680e-02, -1.96922255e-01,
       -2.26900075e-01, -1.12617693e-02, -2.99964328e-01, -2.32840411e-02,
       -7.94318272e-03, -4.49846849e-02, -6.36541679e-01, -4.60456568e-02,
       -5.99412153e-03, -4.16462367e-03, -9.01178173e-01, -1.93710572e-01,
       -2.80475974e-01, -2.01117176e-05, -2.61525568e-01, -1.22521551e-01,
       -3.37937227e-01, -5.53708450e-01, -6.77053600e-03, -5.05294550e-01,
       -3.13592580e-02]), 'neg_mean_absolute_error': array([ -9.20668585, -11.14087766,  -8.94645899, -11.00007645,
        -9.94874466,  -5.5112345 ,  -8.09759846,  -6.11860594,
        -6.79624528,  -7.46593539,  -7.74353205, -13.69880068,
       -14.1500272 , -14.00106452,  -7.45229113,  -7.57594135,
       -13.37177212,  -5.29411909,  -8.53205555,  -9.52688889,
        -9.17311111, -13.71705974,  -8.46786047, -10.86611387,
        -7.4121225 ,  -9.54330615,  -8.75983988, -17.0395317 ,
       -10.48122222, -10.25894444, -11.62723825, -11.20649895,
       -11.25347589,  -8.63389039, -11.8456776 , -10.49816667,
        -9.4679415 ,  -7.51205795,  -9.25326279,  -7.32110705,
        -6.81488485, -11.64372222, -15.72487986,  -9.20726961,
       -20.70356845,  -7.82508584,  -9.90278075,  -5.69922233,
        -9.66341038, -16.91479091,  -8.16793517, -15.23445733,
       -10.36668614]), 'neg_mean_squared_error': array([-134.34575949, -192.3722992 ,  -99.36016278, -181.44651454,
       -129.84459328,  -46.60914485, -142.67645985, -101.21433639,
        -65.80621193,  -77.75389477, -101.05810025, -320.03958404,
       -378.63423751, -321.10166431,  -83.2064614 ,  -82.21260809,
       -252.26569291,  -34.78584243, -104.36918177, -195.55862979,
       -158.26327079, -347.87744509, -108.97545808, -243.60889267,
       -113.82902922, -282.46223956, -149.86553412, -575.35665721,
       -223.48054066, -152.29366752, -208.94472389, -221.67908473,
       -266.53153781, -117.4011285 , -184.62716354, -194.28906716,
       -165.54289333,  -77.60130857, -104.53410448, -112.35020149,
        -81.03798725, -228.16884944, -465.66849636, -185.32240516,
       -753.64090736, -102.48981844, -165.69948495,  -48.93289392,
       -236.37590286, -483.06890429, -119.67990616, -456.28256731,
       -240.71374309]), 'max_error': array([-34.33666459, -32.14744149, -15.55275418, -32.7145474 ,
       -23.28626449, -15.21722064, -32.2844569 , -35.36751282,
       -17.80846794, -19.04874251, -24.80736962, -33.9867447 ,
       -60.05350241, -39.86664517, -20.16727429, -16.61796187,
       -32.69132978, -10.76381961, -25.42650005, -44.81511872,
       -34.29474072, -46.78351255, -21.79137788, -47.76502483,
       -33.12339746, -49.45262766, -33.46185298, -63.24419632,
       -35.42080985, -29.57449276, -31.51964426, -36.76483019,
       -44.78719574, -25.0007973 , -26.3140492 , -40.85775989,
       -36.37801325, -21.46399281, -18.12733787, -34.49546343,
       -21.35626819, -43.1993888 , -53.45848645, -43.66230883,
       -70.38803869, -23.55754068, -33.78532468, -14.42524407,
       -52.26042521, -46.42327172, -33.60889784, -48.3063862 ,
       -50.90325545]), 'explained_variance': array([ 0.00000000e+00,  0.00000000e+00,  1.11022302e-16,  3.33066907e-16,
        0.00000000e+00,  0.00000000e+00,  0.00000000e+00,  0.00000000e+00,
        0.00000000e+00,  3.33066907e-16,  1.11022302e-16, -2.22044605e-16,
        0.00000000e+00,  0.00000000e+00,  2.22044605e-16,  0.00000000e+00,
        0.00000000e+00,  0.00000000e+00,  0.00000000e+00,  0.00000000e+00,
        2.22044605e-16,  1.11022302e-16, -2.22044605e-16, -2.22044605e-16,
        0.00000000e+00, -2.22044605e-16,  0.00000000e+00,  0.00000000e+00,
        0.00000000e+00, -2.22044605e-16,  0.00000000e+00,  0.00000000e+00,
        1.11022302e-16,  0.00000000e+00,  0.00000000e+00,  3.33066907e-16,
        0.00000000e+00,  0.00000000e+00, -2.22044605e-16,  0.00000000e+00,
        0.00000000e+00,  1.11022302e-16, -2.22044605e-16,  0.00000000e+00,
       -2.22044605e-16, -2.22044605e-16,  0.00000000e+00,  0.00000000e+00,
        1.11022302e-16,  0.00000000e+00,  0.00000000e+00, -2.22044605e-16,
        0.00000000e+00])}
         accs  y_pred (s)  y_true (s)
54     [2, 2]   13.765309      19.499
4    [32, 32]   22.699286      26.335
3    [32, 32]   22.699286      27.642
11   [32, 32]   22.699286      18.893
27   [31, 18]   20.805569      65.978
29   [31, 18]   20.805569      45.143
64     [2, 2]   13.765309      30.560
77    [17, 7]   17.731806      12.834
124  [25, 18]   19.254297      45.263
71     [2, 2]   13.765309       9.629
25   [31, 18]   20.805569      19.467
91    [16, 5]   17.680383      14.879
83    [17, 7]   17.731806      24.338
89    [17, 7]   17.731806      11.455
69     [2, 2]   13.765309       9.069
{'mse': 275.5598361595732, 'mae': 11.381614643030089, 'r2-score': -0.127076199350052, 'max-error': 65.94658456145004, 'explained variance score': 0.08745625257964529, 'layers': ['conv1', 'conv2']}
