environment: line 5: __conda_exe: command not found
Using device: cuda
Using model: efficientnetB0
Number of videos: 64
Execution type : naive
Using 2 features
Job ID : 45
Plotting ?  yes
Calculate accumulators ?  no
The directory contains : 65 videos
Number of videos in the directory : 65
Number of videos in the dataframe : 64
['conv1', 'mbconv1', 'mbconv2', 'mbconv3', 'mbconv4', 'mbconv5', 'mbconv6', 'mbconv7', 'conv2', 'pool', 'output']
{'conv1': {'T_max': 448.07057094573975, 'T_min': 278.996922403574, 'tau': 100, 'alpha': 50}, 'mbconv1': {'T_max': 1141.3850047588348, 'T_min': 812.3603581190109, 'tau': 100, 'alpha': 50}, 'mbconv2': {'T_max': 953.6717767715454, 'T_min': 642.3899536132812, 'tau': 100, 'alpha': 50}, 'mbconv3': {'T_max': 513.2992756962776, 'T_min': 322.42850029468536, 'tau': 100, 'alpha': 50}, 'mbconv4': {'T_max': 258.70095932483673, 'T_min': 155.41686257719994, 'tau': 100, 'alpha': 50}, 'mbconv5': {'T_max': 325.90665873885155, 'T_min': 182.09475773572922, 'tau': 100, 'alpha': 50}, 'mbconv6': {'T_max': 210.1228244304657, 'T_min': 113.37274000048637, 'tau': 100, 'alpha': 50}, 'mbconv7': {'T_max': 136.23850935697556, 'T_min': 72.70513460040092, 'tau': 100, 'alpha': 50}, 'conv2': {'T_max': 128.36026607453823, 'T_min': 69.14668047428131, 'tau': 100, 'alpha': 50}, 'pool': {'T_max': 5.443593147210777, 'T_min': 2.9237937070429325, 'tau': 100, 'alpha': 50}, 'output': {'T_max': 14.12623843550682, 'T_min': 7.4854159746319056, 'tau': 100, 'alpha': 50}}
Iterating over following combinations of layers :  [['conv1'], ['mbconv1'], ['mbconv2'], ['mbconv3'], ['mbconv4'], ['mbconv5'], ['mbconv6'], ['mbconv7'], ['conv2'], ['pool'], ['output'], ['conv1', 'mbconv1'], ['conv1', 'mbconv2'], ['conv1', 'mbconv3'], ['conv1', 'mbconv4'], ['conv1', 'mbconv5'], ['conv1', 'mbconv6'], ['conv1', 'mbconv7'], ['conv1', 'conv2'], ['conv1', 'pool'], ['conv1', 'output'], ['mbconv1', 'mbconv2'], ['mbconv1', 'mbconv3'], ['mbconv1', 'mbconv4'], ['mbconv1', 'mbconv5'], ['mbconv1', 'mbconv6'], ['mbconv1', 'mbconv7'], ['mbconv1', 'conv2'], ['mbconv1', 'pool'], ['mbconv1', 'output'], ['mbconv2', 'mbconv3'], ['mbconv2', 'mbconv4'], ['mbconv2', 'mbconv5'], ['mbconv2', 'mbconv6'], ['mbconv2', 'mbconv7'], ['mbconv2', 'conv2'], ['mbconv2', 'pool'], ['mbconv2', 'output'], ['mbconv3', 'mbconv4'], ['mbconv3', 'mbconv5'], ['mbconv3', 'mbconv6'], ['mbconv3', 'mbconv7'], ['mbconv3', 'conv2'], ['mbconv3', 'pool'], ['mbconv3', 'output'], ['mbconv4', 'mbconv5'], ['mbconv4', 'mbconv6'], ['mbconv4', 'mbconv7'], ['mbconv4', 'conv2'], ['mbconv4', 'pool'], ['mbconv4', 'output'], ['mbconv5', 'mbconv6'], ['mbconv5', 'mbconv7'], ['mbconv5', 'conv2'], ['mbconv5', 'pool'], ['mbconv5', 'output'], ['mbconv6', 'mbconv7'], ['mbconv6', 'conv2'], ['mbconv6', 'pool'], ['mbconv6', 'output'], ['mbconv7', 'conv2'], ['mbconv7', 'pool'], ['mbconv7', 'output'], ['conv2', 'pool'], ['conv2', 'output'], ['pool', 'output']]
[['mbconv4', 'mbconv5']]
Generating the training set for videos : 
TRAINING SET : contains 962 samples, 37 patients based on 56 videos
TEST SET : contains 127 samples, 37 patients based on 8 videos
Dataset constituted.
--------------------NAIVE IMPLEMENTATION-------------------
Number of folds : 53
Grid search.
The best parameters are : {'C': 100.0}
Metrics obtained during CV : 
{'r2': array([-3.24319530e-02, -3.09700927e-01, -7.77583781e-04, -1.82392581e-01,
       -1.75084081e-01, -4.77755462e-02, -8.62027468e-04, -6.67123151e-02,
       -1.99973579e-04, -4.21851626e-03, -3.03719141e-02, -5.46740242e-01,
       -4.57348867e-01, -2.68817531e-01, -4.96775496e-01, -5.46972889e-01,
       -3.78926628e-03, -1.10084971e+00, -7.88682613e-02, -1.48188361e-01,
       -1.12261350e-01, -8.27075246e-01, -1.34215844e-01, -5.62591420e-02,
       -5.56130151e-02, -1.01151522e-01, -8.90020218e-02, -2.84054963e-01,
       -1.35420951e-01, -4.44768977e-02, -1.27020623e-01, -3.51647992e-01,
       -6.59985204e-01, -4.60282974e-02, -2.94754502e-03, -1.39778186e-02,
       -3.92207144e-02, -6.68730131e-02, -1.05322146e-03, -7.91987199e-03,
       -4.14615495e-04, -3.89255453e-01, -8.82977503e-01, -6.66846728e-02,
       -5.36636242e-06, -4.37808469e-02, -1.81858218e-01, -6.23251777e-03,
       -2.38081456e-01, -9.15931140e-01, -6.47748366e-03, -2.07064887e-01,
       -4.76668956e-02]), 'neg_mean_absolute_error': array([ -5.96724312, -12.12410717,  -8.26782356, -10.83592778,
       -11.18832156,  -5.84628163,  -8.65255568,  -6.09759923,
        -6.68256815,  -7.39578539,  -7.5831862 , -13.68080092,
       -15.25288627, -14.0389431 ,  -9.18309967,  -9.33287853,
       -13.58411137,  -6.69416821,  -8.55321766,  -9.68442497,
        -9.17311111, -14.6542981 ,  -8.42666198, -10.63555556,
        -8.40039806,  -9.46466688,  -8.83366213, -15.90159757,
       -10.48122222, -10.25894444, -11.78441433, -11.88350592,
       -13.45486506,  -9.2828887 , -10.68211244, -10.49816667,
        -9.44361111,  -6.68936855,  -5.81083605,  -7.17648976,
        -7.16155162, -13.0060346 , -15.62434945,  -8.68816165,
       -20.08938025,  -7.92771737,  -9.67233916,  -5.20196878,
        -9.1522904 , -18.98890252,  -8.16678044, -14.29704825,
       -10.20916979]), 'neg_mean_squared_error': array([-115.14440133, -249.97273385,  -95.07040187, -208.13224106,
       -150.37636074,  -48.35436569, -127.5756487 ,  -99.0680798 ,
        -65.26399154,  -78.06535141,  -95.99180635, -318.99959937,
       -440.02711006, -323.46408575, -109.09783232, -126.43404615,
       -251.21876407,  -59.17752587, -103.28621378, -212.07637861,
       -160.83281677, -396.21932387, -122.97612866, -206.55936006,
       -120.14067196, -266.27108603, -151.37442522, -500.38660818,
       -213.89934271, -152.78469591, -221.06549254, -250.33546531,
       -360.61486847, -121.43730367, -142.44341669, -192.52211174,
       -170.67986253,  -79.22675144,  -63.9422774 , -108.25531368,
        -80.58852942, -315.67017085, -461.21048233, -165.60175782,
       -588.56625739, -106.97475804, -155.23529848,  -43.86362917,
       -218.7341947 , -595.68882211, -119.64506955, -365.88365077,
       -244.51985862]), 'max_error': array([-41.01538063, -38.60700517, -17.91347046, -36.05262779,
       -19.92169863, -14.41029434, -28.05288841, -34.96838539,
       -18.4394017 , -19.49302587, -23.67953789, -33.93788822,
       -63.04697701, -40.01058377, -17.36200817, -19.68342656,
       -30.30496132, -11.73532277, -25.2360411 , -46.75241238,
       -34.62734978, -48.72973659, -24.86345786, -44.1500216 ,
       -30.74078349, -48.02249808, -33.68331972, -60.13945937,
       -34.54779392, -29.67263487, -32.934229  , -38.79585109,
       -49.74032139, -23.83260034, -20.43401195, -40.3842593 ,
       -37.77385307, -25.52018306, -19.36173778, -33.19390788,
       -20.47863385, -51.63127048, -53.30769084, -41.39595483,
       -57.48357775, -25.72119536, -32.81176568, -17.25753068,
       -51.01913382, -50.17775844, -33.58926755, -43.85288597,
       -51.53332083]), 'explained_variance': array([-4.44089210e-16,  0.00000000e+00,  1.11022302e-16,  0.00000000e+00,
        0.00000000e+00,  0.00000000e+00,  0.00000000e+00,  0.00000000e+00,
        0.00000000e+00,  3.33066907e-16,  0.00000000e+00, -2.22044605e-16,
        0.00000000e+00,  0.00000000e+00,  2.22044605e-16,  0.00000000e+00,
        2.22044605e-16,  0.00000000e+00,  0.00000000e+00,  0.00000000e+00,
        0.00000000e+00, -2.22044605e-16, -2.22044605e-16, -2.22044605e-16,
        0.00000000e+00,  0.00000000e+00,  0.00000000e+00,  1.11022302e-16,
        0.00000000e+00, -2.22044605e-16,  0.00000000e+00,  0.00000000e+00,
        2.22044605e-16,  0.00000000e+00,  0.00000000e+00,  3.33066907e-16,
        0.00000000e+00,  0.00000000e+00,  0.00000000e+00,  2.22044605e-16,
        0.00000000e+00,  0.00000000e+00,  0.00000000e+00,  0.00000000e+00,
       -2.22044605e-16,  0.00000000e+00, -2.22044605e-16,  0.00000000e+00,
       -2.22044605e-16, -2.22044605e-16,  0.00000000e+00, -2.22044605e-16,
       -2.22044605e-16])}
         accs  y_pred (s)  y_true (s)
54     [9, 9]   14.420559      19.499
4    [42, 39]   22.531708      26.335
3    [42, 39]   22.531708      27.642
11   [42, 39]   22.531708      18.893
27   [26, 26]   21.123390      65.978
29   [26, 26]   21.123390      45.143
64     [9, 9]   14.420559      30.560
77   [14, 14]   16.687705      12.834
124  [23, 24]   19.414856      45.263
71     [9, 9]   14.420559       9.629
25   [26, 26]   21.123390      19.467
91     [2, 3]   14.916978      14.879
83   [14, 14]   16.687705      24.338
89   [14, 14]   16.687705      11.455
69     [9, 9]   14.420559       9.069
{'mse': 282.5210966157089, 'mae': 11.485141592680074, 'r2-score': -0.15554867591606314, 'max-error': 66.83317661468537, 'explained variance score': 0.09134913893998442, 'layers': ['mbconv4', 'mbconv5']}
