environment: line 5: __conda_exe: command not found
Using device: cuda
Using model: efficientnetB0
Number of videos: 64
Execution type : naive
Using 2 features
Job ID : 64
Plotting ?  yes
Calculate accumulators ?  no
The directory contains : 65 videos
Number of videos in the directory : 65
Number of videos in the dataframe : 64
['conv1', 'mbconv1', 'mbconv2', 'mbconv3', 'mbconv4', 'mbconv5', 'mbconv6', 'mbconv7', 'conv2', 'pool', 'output']
{'conv1': {'T_max': 448.07057094573975, 'T_min': 278.996922403574, 'tau': 100, 'alpha': 50}, 'mbconv1': {'T_max': 1141.3850047588348, 'T_min': 812.3603581190109, 'tau': 100, 'alpha': 50}, 'mbconv2': {'T_max': 953.6717767715454, 'T_min': 642.3899536132812, 'tau': 100, 'alpha': 50}, 'mbconv3': {'T_max': 513.2992756962776, 'T_min': 322.42850029468536, 'tau': 100, 'alpha': 50}, 'mbconv4': {'T_max': 258.70095932483673, 'T_min': 155.41686257719994, 'tau': 100, 'alpha': 50}, 'mbconv5': {'T_max': 325.90665873885155, 'T_min': 182.09475773572922, 'tau': 100, 'alpha': 50}, 'mbconv6': {'T_max': 210.1228244304657, 'T_min': 113.37274000048637, 'tau': 100, 'alpha': 50}, 'mbconv7': {'T_max': 136.23850935697556, 'T_min': 72.70513460040092, 'tau': 100, 'alpha': 50}, 'conv2': {'T_max': 128.36026607453823, 'T_min': 69.14668047428131, 'tau': 100, 'alpha': 50}, 'pool': {'T_max': 5.443593147210777, 'T_min': 2.9237937070429325, 'tau': 100, 'alpha': 50}, 'output': {'T_max': 14.12623843550682, 'T_min': 7.4854159746319056, 'tau': 100, 'alpha': 50}}
Iterating over following combinations of layers :  [['conv1'], ['mbconv1'], ['mbconv2'], ['mbconv3'], ['mbconv4'], ['mbconv5'], ['mbconv6'], ['mbconv7'], ['conv2'], ['pool'], ['output'], ['conv1', 'mbconv1'], ['conv1', 'mbconv2'], ['conv1', 'mbconv3'], ['conv1', 'mbconv4'], ['conv1', 'mbconv5'], ['conv1', 'mbconv6'], ['conv1', 'mbconv7'], ['conv1', 'conv2'], ['conv1', 'pool'], ['conv1', 'output'], ['mbconv1', 'mbconv2'], ['mbconv1', 'mbconv3'], ['mbconv1', 'mbconv4'], ['mbconv1', 'mbconv5'], ['mbconv1', 'mbconv6'], ['mbconv1', 'mbconv7'], ['mbconv1', 'conv2'], ['mbconv1', 'pool'], ['mbconv1', 'output'], ['mbconv2', 'mbconv3'], ['mbconv2', 'mbconv4'], ['mbconv2', 'mbconv5'], ['mbconv2', 'mbconv6'], ['mbconv2', 'mbconv7'], ['mbconv2', 'conv2'], ['mbconv2', 'pool'], ['mbconv2', 'output'], ['mbconv3', 'mbconv4'], ['mbconv3', 'mbconv5'], ['mbconv3', 'mbconv6'], ['mbconv3', 'mbconv7'], ['mbconv3', 'conv2'], ['mbconv3', 'pool'], ['mbconv3', 'output'], ['mbconv4', 'mbconv5'], ['mbconv4', 'mbconv6'], ['mbconv4', 'mbconv7'], ['mbconv4', 'conv2'], ['mbconv4', 'pool'], ['mbconv4', 'output'], ['mbconv5', 'mbconv6'], ['mbconv5', 'mbconv7'], ['mbconv5', 'conv2'], ['mbconv5', 'pool'], ['mbconv5', 'output'], ['mbconv6', 'mbconv7'], ['mbconv6', 'conv2'], ['mbconv6', 'pool'], ['mbconv6', 'output'], ['mbconv7', 'conv2'], ['mbconv7', 'pool'], ['mbconv7', 'output'], ['conv2', 'pool'], ['conv2', 'output'], ['pool', 'output']]
[['conv2', 'output']]
Generating the training set for videos : 
TRAINING SET : contains 962 samples, 37 patients based on 56 videos
TEST SET : contains 127 samples, 37 patients based on 8 videos
Dataset constituted.
--------------------NAIVE IMPLEMENTATION-------------------
Number of folds : 53
Grid search.
The best parameters are : {'C': 10.0}
Metrics obtained during CV : 
{'r2': array([-3.18690574e-01, -4.61991721e-02, -3.15015238e-02, -4.16224556e-02,
       -4.86813896e-02, -1.66235438e-01, -2.86329404e-04, -2.86885461e-02,
       -3.55337753e-03, -6.39440771e-03, -1.15388354e-01, -5.18109006e-01,
       -2.40949082e-01, -1.94046762e-02, -7.44039966e-02, -4.87128083e-03,
       -2.78031604e-02, -4.72391607e-01, -1.86634745e-03, -2.74754185e-01,
       -9.16157164e-02, -1.04965399e+00, -1.47943318e-02, -4.01962589e-01,
       -5.93345190e-03, -3.26207298e-01, -4.16427139e-02, -4.12733572e-01,
       -1.77383281e-01, -7.98340432e-02, -2.31649573e-01, -2.75076932e-01,
       -3.42400824e-01, -6.94903960e-03, -6.40909133e-01, -1.56450945e-03,
       -4.80649113e-02, -2.41229888e-02, -9.70164662e-02, -4.24690316e-02,
       -4.52849182e-02, -6.02794248e-03, -7.03544270e-01, -2.26734062e-01,
       -2.40225981e-01, -1.99422331e-01, -7.38792740e-02, -1.24908789e-01,
       -3.01167640e-01, -6.47893016e-01, -4.36146668e-02, -2.90780354e-01,
       -9.36531111e-03]), 'neg_mean_absolute_error': array([-10.14214069, -11.20797   ,  -8.8141828 , -10.9801474 ,
       -10.36397798,  -6.45492701,  -8.51504978,  -6.0808073 ,
        -6.74056128,  -7.37488251,  -7.8175447 , -13.57698807,
       -14.06592718, -13.04954876,  -7.11665737,  -7.58600669,
       -13.8878082 ,  -5.69030607,  -8.90549764, -10.10488155,
        -9.17311111, -15.74881956,  -8.35144735, -11.31016373,
        -7.63688383, -10.4409722 ,  -9.07354681, -16.62196853,
       -10.48122222, -10.25894444, -12.14450099, -11.57266783,
       -11.96625646,  -8.49764706, -12.8076783 , -10.64137297,
        -9.44361111,  -7.34895759,  -6.64866741,  -7.31131647,
        -7.92919656, -11.90543869, -14.72603531,  -9.35695604,
       -20.38437309,  -8.20114475,  -9.56808626,  -5.7058123 ,
        -9.4853364 , -17.48237757,  -8.24910338, -14.48028446,
       -10.71612823]), 'neg_mean_squared_error': array([-147.0700672 , -199.68014214,  -97.98906969, -183.35299085,
       -134.20051681,  -53.82123589, -127.5022669 ,  -95.536723  ,
        -65.48280431,  -78.23449959, -103.91213251, -313.09469511,
       -374.68807286, -259.88039545,  -78.31177582,  -82.12809858,
       -257.22873151,  -41.47488132,  -95.91438126, -235.45374629,
       -157.84746145, -444.48772456, -110.0279801 , -274.16424971,
       -114.48657712, -320.69215775, -144.79134469, -550.53169895,
       -221.80452962, -157.95669227, -241.58849804, -236.15392392,
       -291.62289849, -116.90044772, -233.04977861, -190.16521946,
       -172.13241856,  -76.05210412,  -70.07192993, -111.9660552 ,
        -84.20306249, -228.5922375 , -417.26068059, -190.44926983,
       -729.95124664, -122.92610463, -141.05242664,  -49.03695824,
       -229.87975026, -512.3521557 , -124.05975435, -391.25935433,
       -235.58047333]), 'max_error': array([-33.15175513, -33.88814332, -15.91178954, -33.09319932,
       -22.15920263, -13.12537632, -28.57541082, -34.11155379,
       -18.07211187, -19.62541078, -25.27611641, -33.65611048,
       -59.82523091, -33.95642635, -21.05064428, -16.68170907,
       -28.64092884,  -9.81454505, -22.06552128, -48.64446698,
       -34.2380611 , -50.42456267, -22.31523691, -49.69915785,
       -32.43484851, -51.95831246, -27.76007867, -62.30057225,
       -35.27761795, -30.53925596, -34.68350448, -37.86333682,
       -46.39095204, -25.24603528, -29.32770157, -38.21014323,
       -38.04547747, -21.9532939 , -17.13174833, -34.40734819,
       -18.75143274, -41.05627591, -51.72866355, -44.11136812,
       -69.4304526 , -28.12382023, -31.03946634, -14.40283818,
       -51.82795984, -47.49537986, -34.98875747, -45.31877566,
       -49.67632473]), 'explained_variance': array([-4.44089210e-16,  0.00000000e+00,  1.11022302e-16,  1.11022302e-16,
        0.00000000e+00,  0.00000000e+00,  0.00000000e+00, -2.22044605e-16,
        0.00000000e+00,  3.33066907e-16,  1.11022302e-16,  0.00000000e+00,
       -2.22044605e-16,  0.00000000e+00,  2.22044605e-16,  0.00000000e+00,
        2.22044605e-16,  0.00000000e+00,  0.00000000e+00,  0.00000000e+00,
        2.22044605e-16, -2.22044605e-16, -2.22044605e-16,  0.00000000e+00,
        0.00000000e+00,  0.00000000e+00,  0.00000000e+00,  0.00000000e+00,
        0.00000000e+00,  0.00000000e+00, -2.22044605e-16,  0.00000000e+00,
        0.00000000e+00,  0.00000000e+00,  0.00000000e+00,  3.33066907e-16,
        0.00000000e+00,  0.00000000e+00, -2.22044605e-16,  0.00000000e+00,
        0.00000000e+00,  0.00000000e+00,  0.00000000e+00,  0.00000000e+00,
       -2.22044605e-16, -2.22044605e-16,  0.00000000e+00,  0.00000000e+00,
        0.00000000e+00,  0.00000000e+00,  0.00000000e+00,  0.00000000e+00,
       -2.22044605e-16])}
         accs  y_pred (s)  y_true (s)
54     [2, 2]   14.128819      19.499
4    [32, 28]   27.667934      26.335
3    [32, 28]   27.667934      27.642
11   [32, 28]   27.667934      18.893
27   [18, 18]   16.124330      65.978
29   [18, 18]   16.124330      45.143
64     [2, 2]   14.128819      30.560
77     [7, 9]   15.394815      12.834
124  [18, 20]   14.465639      45.263
71     [2, 2]   14.128819       9.629
25   [18, 18]   16.124330      19.467
91     [5, 4]   15.921313      14.879
83     [7, 9]   15.394815      24.338
89     [7, 9]   15.394815      11.455
69     [2, 2]   14.128819       9.069
{'mse': 298.79318216114484, 'mae': 11.83608034007181, 'r2-score': -0.22210365935504472, 'max-error': 63.78795032839586, 'explained variance score': 0.05128441511363724, 'layers': ['conv2', 'output']}
