environment: line 5: __conda_exe: command not found
Using device: cuda
Using model: efficientnetB0
Number of videos: 64
Execution type : naive
Using 2 features
Job ID : 57
Plotting ?  yes
Calculate accumulators ?  no
The directory contains : 65 videos
Number of videos in the directory : 65
Number of videos in the dataframe : 64
['conv1', 'mbconv1', 'mbconv2', 'mbconv3', 'mbconv4', 'mbconv5', 'mbconv6', 'mbconv7', 'conv2', 'pool', 'output']
{'conv1': {'T_max': 448.07057094573975, 'T_min': 278.996922403574, 'tau': 100, 'alpha': 50}, 'mbconv1': {'T_max': 1141.3850047588348, 'T_min': 812.3603581190109, 'tau': 100, 'alpha': 50}, 'mbconv2': {'T_max': 953.6717767715454, 'T_min': 642.3899536132812, 'tau': 100, 'alpha': 50}, 'mbconv3': {'T_max': 513.2992756962776, 'T_min': 322.42850029468536, 'tau': 100, 'alpha': 50}, 'mbconv4': {'T_max': 258.70095932483673, 'T_min': 155.41686257719994, 'tau': 100, 'alpha': 50}, 'mbconv5': {'T_max': 325.90665873885155, 'T_min': 182.09475773572922, 'tau': 100, 'alpha': 50}, 'mbconv6': {'T_max': 210.1228244304657, 'T_min': 113.37274000048637, 'tau': 100, 'alpha': 50}, 'mbconv7': {'T_max': 136.23850935697556, 'T_min': 72.70513460040092, 'tau': 100, 'alpha': 50}, 'conv2': {'T_max': 128.36026607453823, 'T_min': 69.14668047428131, 'tau': 100, 'alpha': 50}, 'pool': {'T_max': 5.443593147210777, 'T_min': 2.9237937070429325, 'tau': 100, 'alpha': 50}, 'output': {'T_max': 14.12623843550682, 'T_min': 7.4854159746319056, 'tau': 100, 'alpha': 50}}
Iterating over following combinations of layers :  [['conv1'], ['mbconv1'], ['mbconv2'], ['mbconv3'], ['mbconv4'], ['mbconv5'], ['mbconv6'], ['mbconv7'], ['conv2'], ['pool'], ['output'], ['conv1', 'mbconv1'], ['conv1', 'mbconv2'], ['conv1', 'mbconv3'], ['conv1', 'mbconv4'], ['conv1', 'mbconv5'], ['conv1', 'mbconv6'], ['conv1', 'mbconv7'], ['conv1', 'conv2'], ['conv1', 'pool'], ['conv1', 'output'], ['mbconv1', 'mbconv2'], ['mbconv1', 'mbconv3'], ['mbconv1', 'mbconv4'], ['mbconv1', 'mbconv5'], ['mbconv1', 'mbconv6'], ['mbconv1', 'mbconv7'], ['mbconv1', 'conv2'], ['mbconv1', 'pool'], ['mbconv1', 'output'], ['mbconv2', 'mbconv3'], ['mbconv2', 'mbconv4'], ['mbconv2', 'mbconv5'], ['mbconv2', 'mbconv6'], ['mbconv2', 'mbconv7'], ['mbconv2', 'conv2'], ['mbconv2', 'pool'], ['mbconv2', 'output'], ['mbconv3', 'mbconv4'], ['mbconv3', 'mbconv5'], ['mbconv3', 'mbconv6'], ['mbconv3', 'mbconv7'], ['mbconv3', 'conv2'], ['mbconv3', 'pool'], ['mbconv3', 'output'], ['mbconv4', 'mbconv5'], ['mbconv4', 'mbconv6'], ['mbconv4', 'mbconv7'], ['mbconv4', 'conv2'], ['mbconv4', 'pool'], ['mbconv4', 'output'], ['mbconv5', 'mbconv6'], ['mbconv5', 'mbconv7'], ['mbconv5', 'conv2'], ['mbconv5', 'pool'], ['mbconv5', 'output'], ['mbconv6', 'mbconv7'], ['mbconv6', 'conv2'], ['mbconv6', 'pool'], ['mbconv6', 'output'], ['mbconv7', 'conv2'], ['mbconv7', 'pool'], ['mbconv7', 'output'], ['conv2', 'pool'], ['conv2', 'output'], ['pool', 'output']]
[['mbconv6', 'conv2']]
Generating the training set for videos : 
TRAINING SET : contains 962 samples, 37 patients based on 56 videos
TEST SET : contains 127 samples, 37 patients based on 8 videos
Dataset constituted.
--------------------NAIVE IMPLEMENTATION-------------------
Number of folds : 53
Grid search.
The best parameters are : {'C': 1000.0}
Metrics obtained during CV : 
{'r2': array([-1.07638444e-03, -6.41538959e-02, -7.85025232e-02, -3.30039605e-01,
       -9.35626849e-03, -2.17999609e-02, -2.76358882e-03, -1.70990705e-01,
       -4.99238796e-03, -2.61058804e-02, -3.02652382e-02, -8.01973356e-01,
       -5.24627257e-01, -5.53568385e-02, -4.04144241e-02, -6.78592733e-04,
       -2.42728101e-02, -1.13575901e+00, -8.41722940e-04, -1.91928760e-01,
       -2.07907358e-01, -2.25455395e-01, -3.31875089e-02, -4.64979836e-01,
       -4.62563544e-02, -2.24169489e-01, -3.05895769e-01, -2.71392381e-03,
       -2.43015486e-01, -1.20901368e-01, -2.96386140e-02, -1.35814876e-01,
       -9.14223125e-02, -4.35900447e-02, -3.52972703e-01, -1.02952808e-01,
       -5.02616723e-02, -1.29991904e-02, -2.46239164e-04, -3.65377367e-03,
       -4.30291494e-03, -5.45270218e-03, -6.24615552e-01, -7.90194997e-02,
       -1.19919277e-01, -1.28666734e-01, -3.13843431e-01, -2.19781680e-01,
       -1.41923053e-01, -1.08941353e+00, -9.12237561e-02, -3.22880748e-01,
       -1.51987756e-02]), 'neg_mean_absolute_error': array([ -6.22489387, -12.64404105,  -7.86223793, -11.11775878,
        -9.2926887 ,  -5.63100351,  -8.40913529,  -6.19172742,
        -6.75465062,  -7.27947685,  -7.58303059, -14.94420239,
       -15.56040232, -13.13020521,  -6.4801442 ,  -7.72281893,
       -13.31639507,  -6.75757399,  -8.89007212,  -9.8449283 ,
        -9.17311111, -12.68900448,  -9.1286783 , -11.62547111,
        -8.2774098 ,  -9.82884128,  -9.90611842, -15.3249191 ,
       -10.48122222, -10.25894444, -11.59161111, -10.93467502,
       -10.90193426,  -9.24841108, -10.84791823, -10.52565753,
        -9.44361111,  -6.82780735,  -5.72532788,  -7.14361726,
        -6.84534392, -11.64372222, -14.3047839 ,  -8.71982407,
       -19.61577465,  -8.04417054, -10.13317609,  -6.00681452,
        -8.78082143, -19.97817711,  -8.30887191, -14.54336508,
       -11.97683357]), 'neg_mean_squared_error': array([-111.64739782, -203.1070248 , -102.45400173, -234.12200669,
       -129.16805259,  -47.15560422, -127.81803268, -108.75265897,
        -65.5767011 ,  -79.76681852,  -95.98186817, -371.63885897,
       -460.34092534, -269.0458058 ,  -75.83432432,  -81.78543032,
       -256.34518925,  -60.16086427,  -95.81628811, -220.15545846,
       -174.66321457, -265.75211344, -112.02224047, -286.4877428 ,
       -119.0757784 , -296.01824356, -181.52328227, -390.75011091,
       -234.16882987, -163.96396606, -201.96397723, -210.36153433,
       -237.10037459, -121.15423787, -192.15566709, -209.41563007,
       -172.4932109 ,  -75.22604291,  -63.8907314 , -107.79711475,
        -80.90175189, -228.46152992, -397.9281332 , -167.5167277 ,
       -659.14316035, -115.67452225, -172.57135752,  -53.17265177,
       -201.74570761, -649.62683623, -129.71928763, -400.98957628,
       -236.94197278]), 'max_error': array([-39.46000331, -27.41946   , -20.37252064, -38.00847225,
       -25.74938294, -14.89213332, -28.97788588, -36.46427366,
       -17.98287942, -20.34493981, -23.67658122, -36.17980412,
       -63.88166345, -35.48889892, -25.09573972, -17.54818657,
       -33.7434936 , -11.82292705, -22.20435088, -47.47467733,
       -36.08134084, -42.32952017, -19.15179844, -50.368848  ,
       -30.96216236, -50.43935717, -36.68676645, -50.6467281 ,
       -36.26306423, -31.32733287, -30.35386813, -35.74103761,
       -42.22290835, -23.89466006, -26.97331601, -43.17641775,
       -38.10896621, -24.27423388, -19.74652454, -32.89805536,
       -21.25013491, -43.33970451, -50.97041102, -41.68091661,
       -65.94097182, -27.23429974, -34.34485622, -13.64102189,
       -49.54096424, -51.70663735, -36.00482245, -45.82342063,
       -46.31444381]), 'explained_variance': array([-2.22044605e-16,  0.00000000e+00,  0.00000000e+00,  0.00000000e+00,
        0.00000000e+00,  0.00000000e+00,  0.00000000e+00, -2.22044605e-16,
       -2.22044605e-16,  2.22044605e-16,  0.00000000e+00, -2.22044605e-16,
        0.00000000e+00,  0.00000000e+00,  2.22044605e-16,  0.00000000e+00,
        0.00000000e+00,  0.00000000e+00,  0.00000000e+00,  0.00000000e+00,
        2.22044605e-16, -2.22044605e-16, -2.22044605e-16, -2.22044605e-16,
        0.00000000e+00,  0.00000000e+00,  0.00000000e+00,  0.00000000e+00,
        0.00000000e+00,  0.00000000e+00, -2.22044605e-16, -2.22044605e-16,
        1.11022302e-16,  0.00000000e+00, -2.22044605e-16,  3.33066907e-16,
       -2.22044605e-16,  0.00000000e+00,  0.00000000e+00,  2.22044605e-16,
        0.00000000e+00,  0.00000000e+00,  0.00000000e+00,  0.00000000e+00,
       -4.44089210e-16, -2.22044605e-16,  0.00000000e+00,  0.00000000e+00,
        0.00000000e+00, -2.22044605e-16,  0.00000000e+00, -2.22044605e-16,
        0.00000000e+00])}
         accs  y_pred (s)  y_true (s)
54     [4, 2]   16.546465      19.499
4    [37, 32]   23.648296      26.335
3    [37, 32]   23.648296      27.642
11   [37, 32]   23.648296      18.893
27   [24, 18]   19.285274      65.978
29   [24, 18]   19.285274      45.143
64     [4, 2]   16.546465      30.560
77    [14, 7]   16.770334      12.834
124  [23, 18]   17.872195      45.263
71     [4, 2]   16.546465       9.629
25   [24, 18]   19.285274      19.467
91     [4, 5]   16.846135      14.879
83    [14, 7]   16.770334      24.338
89    [14, 7]   16.770334      11.455
69     [4, 2]   16.546465       9.069
{'mse': 283.02325125707006, 'mae': 11.457856557194171, 'r2-score': -0.15760255485778063, 'max-error': 66.15138534746512, 'explained variance score': 0.06797813583532153, 'layers': ['mbconv6', 'conv2']}
