environment: line 5: __conda_exe: command not found
Using device: cuda
Using model: efficientnetB0
Number of videos: 64
Execution type : naive
Using 2 features
Job ID : 11
Plotting ?  yes
Calculate accumulators ?  no
The directory contains : 65 videos
Number of videos in the directory : 65
Number of videos in the dataframe : 64
['conv1', 'mbconv1', 'mbconv2', 'mbconv3', 'mbconv4', 'mbconv5', 'mbconv6', 'mbconv7', 'conv2', 'pool', 'output']
{'conv1': {'T_max': 448.07057094573975, 'T_min': 278.996922403574, 'tau': 100, 'alpha': 50}, 'mbconv1': {'T_max': 1141.3850047588348, 'T_min': 812.3603581190109, 'tau': 100, 'alpha': 50}, 'mbconv2': {'T_max': 953.6717767715454, 'T_min': 642.3899536132812, 'tau': 100, 'alpha': 50}, 'mbconv3': {'T_max': 513.2992756962776, 'T_min': 322.42850029468536, 'tau': 100, 'alpha': 50}, 'mbconv4': {'T_max': 258.70095932483673, 'T_min': 155.41686257719994, 'tau': 100, 'alpha': 50}, 'mbconv5': {'T_max': 325.90665873885155, 'T_min': 182.09475773572922, 'tau': 100, 'alpha': 50}, 'mbconv6': {'T_max': 210.1228244304657, 'T_min': 113.37274000048637, 'tau': 100, 'alpha': 50}, 'mbconv7': {'T_max': 136.23850935697556, 'T_min': 72.70513460040092, 'tau': 100, 'alpha': 50}, 'conv2': {'T_max': 128.36026607453823, 'T_min': 69.14668047428131, 'tau': 100, 'alpha': 50}, 'pool': {'T_max': 5.443593147210777, 'T_min': 2.9237937070429325, 'tau': 100, 'alpha': 50}, 'output': {'T_max': 14.12623843550682, 'T_min': 7.4854159746319056, 'tau': 100, 'alpha': 50}}
Iterating over following combinations of layers :  [['conv1'], ['mbconv1'], ['mbconv2'], ['mbconv3'], ['mbconv4'], ['mbconv5'], ['mbconv6'], ['mbconv7'], ['conv2'], ['pool'], ['output'], ['conv1', 'mbconv1'], ['conv1', 'mbconv2'], ['conv1', 'mbconv3'], ['conv1', 'mbconv4'], ['conv1', 'mbconv5'], ['conv1', 'mbconv6'], ['conv1', 'mbconv7'], ['conv1', 'conv2'], ['conv1', 'pool'], ['conv1', 'output'], ['mbconv1', 'mbconv2'], ['mbconv1', 'mbconv3'], ['mbconv1', 'mbconv4'], ['mbconv1', 'mbconv5'], ['mbconv1', 'mbconv6'], ['mbconv1', 'mbconv7'], ['mbconv1', 'conv2'], ['mbconv1', 'pool'], ['mbconv1', 'output'], ['mbconv2', 'mbconv3'], ['mbconv2', 'mbconv4'], ['mbconv2', 'mbconv5'], ['mbconv2', 'mbconv6'], ['mbconv2', 'mbconv7'], ['mbconv2', 'conv2'], ['mbconv2', 'pool'], ['mbconv2', 'output'], ['mbconv3', 'mbconv4'], ['mbconv3', 'mbconv5'], ['mbconv3', 'mbconv6'], ['mbconv3', 'mbconv7'], ['mbconv3', 'conv2'], ['mbconv3', 'pool'], ['mbconv3', 'output'], ['mbconv4', 'mbconv5'], ['mbconv4', 'mbconv6'], ['mbconv4', 'mbconv7'], ['mbconv4', 'conv2'], ['mbconv4', 'pool'], ['mbconv4', 'output'], ['mbconv5', 'mbconv6'], ['mbconv5', 'mbconv7'], ['mbconv5', 'conv2'], ['mbconv5', 'pool'], ['mbconv5', 'output'], ['mbconv6', 'mbconv7'], ['mbconv6', 'conv2'], ['mbconv6', 'pool'], ['mbconv6', 'output'], ['mbconv7', 'conv2'], ['mbconv7', 'pool'], ['mbconv7', 'output'], ['conv2', 'pool'], ['conv2', 'output'], ['pool', 'output']]
[['conv1', 'mbconv1']]
Generating the training set for videos : 
TRAINING SET : contains 962 samples, 37 patients based on 56 videos
TEST SET : contains 127 samples, 37 patients based on 8 videos
Dataset constituted.
--------------------NAIVE IMPLEMENTATION-------------------
Number of folds : 53
Grid search.
The best parameters are : {'C': 1}
Metrics obtained during CV : 
{'r2': array([-5.76410779e-02, -1.74162276e-01, -4.89837381e-03, -1.41015856e-01,
       -5.17061506e-02, -1.51178807e-02, -1.73280575e-02, -9.27495148e-02,
       -7.88236063e-02, -6.19983736e-02, -6.39007332e-02, -3.37869837e-01,
       -1.15628209e-01, -3.85760348e-01, -2.52631404e-01, -1.87041932e-04,
       -3.57771840e-02, -2.13745800e-01, -2.24417149e-02, -1.95510487e-02,
       -6.33023408e-02, -7.21339001e-01, -2.54821333e-03, -1.56799231e-01,
       -7.61342744e-02, -8.60159109e-02, -1.12175611e-01, -6.89644950e-01,
       -1.79208607e-01, -5.69672794e-02, -1.32132330e-01, -7.59518350e-01,
       -4.14827320e-01, -3.15072654e-02, -4.39343197e-01, -5.86623850e-01,
       -3.39581197e-02, -1.44133903e-03, -7.37980589e-01, -3.85559312e-03,
       -1.98291077e-03, -5.04019379e-01, -5.61364505e-01, -1.07854980e-01,
       -5.58008313e-01, -2.64898912e-02, -2.37187933e-01, -5.22363541e-02,
       -1.73131358e-01, -3.76448301e-01, -3.71205402e-03, -6.53277071e-01,
       -9.79498860e-02]), 'neg_mean_absolute_error': array([ -7.4782177 , -11.64945081,  -8.5188594 , -10.86038737,
       -10.39211546,  -5.56920082,  -8.1961764 ,  -6.12106326,
        -7.19696214,  -7.88083798,  -7.68510418, -12.84402607,
       -13.4509149 , -14.47012601,  -8.00197041,  -7.70515651,
       -13.28862589,  -5.25038862,  -8.69566785,  -9.52688889,
        -9.17311111, -14.17128881,  -8.51608831, -10.71117253,
        -8.63806434,  -9.50744499,  -8.97747675, -18.26962828,
       -10.48122222, -10.25894444, -11.79546392, -13.84625188,
       -12.35222743,  -9.06117451, -12.26051672, -12.57478697,
        -9.44361111,  -7.0587088 ,  -9.63382963,  -7.18025594,
        -6.90837029, -13.54760063, -13.9475743 ,  -8.78531986,
       -22.46163063,  -7.97907371,  -9.79857491,  -5.53806593,
        -8.81159882, -16.1492662 ,  -8.15423804, -15.87046532,
        -9.84770231]), 'neg_mean_squared_error': array([-117.95590827, -224.10349425,  -95.46186265, -200.84884761,
       -134.58759766,  -46.84722925, -129.6745039 , -101.48621573,
        -70.39425772,  -82.55700815,  -99.11542789, -275.92218161,
       -336.84910155, -353.27672688,  -91.3025175 ,  -81.74525588,
       -259.22439377,  -34.18924881,  -97.88417857, -188.3163961 ,
       -153.75335178, -373.28937417, -108.70020793, -226.22072507,
       -122.47622283, -262.6111215 , -154.59562099, -658.44199027,
       -222.14839868, -154.61177239, -222.06815571, -325.87615075,
       -307.35681654, -119.75150322, -204.42241849, -301.24936525,
       -169.81554284,  -74.36774862, -111.01351512, -107.8187911 ,
        -80.71486365, -341.74712303, -382.43562411, -171.99340798,
       -916.98620084, -105.20264677, -162.5027732 ,  -45.86902572,
       -207.25933789, -427.95633406, -119.31632894, -501.13880139,
       -256.25564006]), 'max_error': array([-36.57806645, -36.68418848, -16.95953427, -35.36863997,
       -22.08282947, -15.05988349, -29.8705495 , -35.4142019 ,
       -16.28574387, -16.72501121, -24.4373265 , -31.6666422 ,
       -57.20446106, -41.64907884, -19.08827401, -17.43632454,
       -34.27110814, -10.8825166 , -23.95398939, -43.42097734,
       -33.62380992, -47.84439981, -21.57435259, -46.37055278,
       -30.31298419, -47.63749505, -34.11476357, -66.01191364,
       -35.30728454, -30.00865505, -33.03367528, -42.58604449,
       -47.25938671, -24.23168588, -27.68621681, -49.30889569,
       -37.59744814, -22.96456039, -18.6166381 , -31.62809829,
       -21.06105579, -52.92822641, -50.32743374, -42.27037872,
       -75.66222524, -21.95524899, -33.50595469, -15.22729309,
       -50.06417995, -44.12110507, -33.37604675, -50.00240753,
       -52.97919075]), 'explained_variance': array([-2.22044605e-16,  0.00000000e+00,  1.11022302e-16,  0.00000000e+00,
        0.00000000e+00,  0.00000000e+00,  0.00000000e+00, -2.22044605e-16,
        0.00000000e+00,  3.33066907e-16,  0.00000000e+00, -2.22044605e-16,
       -2.22044605e-16,  0.00000000e+00,  2.22044605e-16,  0.00000000e+00,
        0.00000000e+00,  0.00000000e+00,  0.00000000e+00,  0.00000000e+00,
        0.00000000e+00, -2.22044605e-16, -2.22044605e-16, -2.22044605e-16,
        0.00000000e+00,  0.00000000e+00,  0.00000000e+00,  1.11022302e-16,
        0.00000000e+00, -2.22044605e-16,  0.00000000e+00,  0.00000000e+00,
        1.11022302e-16,  0.00000000e+00,  0.00000000e+00,  3.33066907e-16,
        0.00000000e+00,  0.00000000e+00,  0.00000000e+00,  2.22044605e-16,
        0.00000000e+00,  0.00000000e+00,  0.00000000e+00,  0.00000000e+00,
       -4.44089210e-16, -2.22044605e-16, -2.22044605e-16,  0.00000000e+00,
        0.00000000e+00,  0.00000000e+00,  0.00000000e+00, -2.22044605e-16,
        0.00000000e+00])}
         accs  y_pred (s)  y_true (s)
54     [2, 1]   13.420075      19.499
4    [32, 28]   20.249765      26.335
3    [32, 28]   20.249765      27.642
11   [32, 28]   20.249765      18.893
27   [31, 29]   20.530140      65.978
29   [31, 29]   20.530140      45.143
64     [2, 1]   13.420075      30.560
77   [17, 14]   18.097959      12.834
124  [25, 24]   19.242880      45.263
71     [2, 1]   13.420075       9.629
25   [31, 29]   20.530140      19.467
91   [16, 20]   16.312303      14.879
83   [17, 14]   18.097959      24.338
89   [17, 14]   18.097959      11.455
69     [2, 1]   13.420075       9.069
{'mse': 282.55538096235387, 'mae': 11.564886041805885, 'r2-score': -0.15568890343126385, 'max-error': 63.22730054582877, 'explained variance score': 0.07171243659338755, 'layers': ['conv1', 'mbconv1']}
