environment: line 5: __conda_exe: command not found
Using device: cuda
Using model: efficientnetB0
Number of videos: 64
Execution type : naive
Using 2 features
Job ID : 39
Plotting ?  yes
Calculate accumulators ?  no
The directory contains : 65 videos
Number of videos in the directory : 65
Number of videos in the dataframe : 64
['conv1', 'mbconv1', 'mbconv2', 'mbconv3', 'mbconv4', 'mbconv5', 'mbconv6', 'mbconv7', 'conv2', 'pool', 'output']
{'conv1': {'T_max': 448.07057094573975, 'T_min': 278.996922403574, 'tau': 100, 'alpha': 50}, 'mbconv1': {'T_max': 1141.3850047588348, 'T_min': 812.3603581190109, 'tau': 100, 'alpha': 50}, 'mbconv2': {'T_max': 953.6717767715454, 'T_min': 642.3899536132812, 'tau': 100, 'alpha': 50}, 'mbconv3': {'T_max': 513.2992756962776, 'T_min': 322.42850029468536, 'tau': 100, 'alpha': 50}, 'mbconv4': {'T_max': 258.70095932483673, 'T_min': 155.41686257719994, 'tau': 100, 'alpha': 50}, 'mbconv5': {'T_max': 325.90665873885155, 'T_min': 182.09475773572922, 'tau': 100, 'alpha': 50}, 'mbconv6': {'T_max': 210.1228244304657, 'T_min': 113.37274000048637, 'tau': 100, 'alpha': 50}, 'mbconv7': {'T_max': 136.23850935697556, 'T_min': 72.70513460040092, 'tau': 100, 'alpha': 50}, 'conv2': {'T_max': 128.36026607453823, 'T_min': 69.14668047428131, 'tau': 100, 'alpha': 50}, 'pool': {'T_max': 5.443593147210777, 'T_min': 2.9237937070429325, 'tau': 100, 'alpha': 50}, 'output': {'T_max': 14.12623843550682, 'T_min': 7.4854159746319056, 'tau': 100, 'alpha': 50}}
Iterating over following combinations of layers :  [['conv1'], ['mbconv1'], ['mbconv2'], ['mbconv3'], ['mbconv4'], ['mbconv5'], ['mbconv6'], ['mbconv7'], ['conv2'], ['pool'], ['output'], ['conv1', 'mbconv1'], ['conv1', 'mbconv2'], ['conv1', 'mbconv3'], ['conv1', 'mbconv4'], ['conv1', 'mbconv5'], ['conv1', 'mbconv6'], ['conv1', 'mbconv7'], ['conv1', 'conv2'], ['conv1', 'pool'], ['conv1', 'output'], ['mbconv1', 'mbconv2'], ['mbconv1', 'mbconv3'], ['mbconv1', 'mbconv4'], ['mbconv1', 'mbconv5'], ['mbconv1', 'mbconv6'], ['mbconv1', 'mbconv7'], ['mbconv1', 'conv2'], ['mbconv1', 'pool'], ['mbconv1', 'output'], ['mbconv2', 'mbconv3'], ['mbconv2', 'mbconv4'], ['mbconv2', 'mbconv5'], ['mbconv2', 'mbconv6'], ['mbconv2', 'mbconv7'], ['mbconv2', 'conv2'], ['mbconv2', 'pool'], ['mbconv2', 'output'], ['mbconv3', 'mbconv4'], ['mbconv3', 'mbconv5'], ['mbconv3', 'mbconv6'], ['mbconv3', 'mbconv7'], ['mbconv3', 'conv2'], ['mbconv3', 'pool'], ['mbconv3', 'output'], ['mbconv4', 'mbconv5'], ['mbconv4', 'mbconv6'], ['mbconv4', 'mbconv7'], ['mbconv4', 'conv2'], ['mbconv4', 'pool'], ['mbconv4', 'output'], ['mbconv5', 'mbconv6'], ['mbconv5', 'mbconv7'], ['mbconv5', 'conv2'], ['mbconv5', 'pool'], ['mbconv5', 'output'], ['mbconv6', 'mbconv7'], ['mbconv6', 'conv2'], ['mbconv6', 'pool'], ['mbconv6', 'output'], ['mbconv7', 'conv2'], ['mbconv7', 'pool'], ['mbconv7', 'output'], ['conv2', 'pool'], ['conv2', 'output'], ['pool', 'output']]
[['mbconv3', 'mbconv5']]
Generating the training set for videos : 
TRAINING SET : contains 962 samples, 37 patients based on 56 videos
TEST SET : contains 127 samples, 37 patients based on 8 videos
Dataset constituted.
--------------------NAIVE IMPLEMENTATION-------------------
Number of folds : 53
Grid search.
The best parameters are : {'C': 100.0}
Metrics obtained during CV : 
{'r2': array([-1.29259589e-02, -2.81910177e-01, -7.91939205e-03, -1.72842121e-01,
       -1.30147534e-01, -5.08131965e-02, -8.27508898e-03, -7.69888937e-02,
       -2.84142513e-02, -8.00509888e-03, -5.11411355e-02, -7.04577798e-01,
       -5.04027684e-01, -2.33909885e-01, -5.21405145e-01, -5.40045694e-01,
       -2.44298881e-02, -1.11054354e+00, -1.14579405e-01, -1.92786589e-01,
       -8.99630540e-02, -8.95136649e-01, -3.98496201e-02, -4.32998150e-01,
       -2.57569724e-02, -5.69855416e-02, -1.71479304e-01, -3.20169180e-01,
       -1.83396330e-01, -6.59295677e-02, -3.84137541e-02, -2.74881507e-01,
       -5.85081421e-01, -1.56990957e-02, -3.59075886e-01, -1.08317716e-03,
       -8.72305034e-02, -2.71204882e-02, -5.22640764e-02, -3.17758397e-02,
       -7.79449091e-04, -4.70192997e-01, -7.96790353e-01, -7.73661838e-02,
       -4.84168279e-04, -8.26563527e-02, -1.95939984e-01, -1.28771815e-03,
       -2.31557917e-01, -9.14726327e-01, -2.09354595e-02, -2.40551140e-02,
       -4.55038176e-02]), 'neg_mean_absolute_error': array([ -6.77826185, -11.99751216,  -8.56759911, -10.83230074,
       -10.94796499,  -5.86829737,  -8.865349  ,  -6.1073283 ,
        -6.95847524,  -7.36164859,  -7.64450169, -14.47745175,
       -15.46845639, -13.89258008,  -9.28392788,  -9.30828868,
       -13.844336  ,  -6.71090681,  -8.49053093,  -9.84788184,
        -9.17311111, -14.97903771,  -8.24094444, -11.45203046,
        -8.00762534,  -9.60172855,  -9.28863047, -16.11786849,
       -10.48122222, -10.25894444, -11.59161111, -11.57182253,
       -13.14378198,  -8.74866795, -12.0078664 , -10.5304261 ,
        -9.44361111,  -6.77929197,  -6.35433735,  -7.27927863,
        -7.19169453, -13.38522441, -15.19429421,  -8.71573127,
       -20.14244911,  -7.97432264,  -9.68326239,  -5.31358217,
        -9.11544957, -18.98171854,  -8.20796043, -14.33597195,
       -10.22830936]), 'neg_mean_squared_error': array([-112.96894948, -244.66852306,  -95.74884891, -206.45110861,
       -144.62579831,  -48.49455187, -128.52056029, -100.0224898 ,
        -67.10499977,  -78.35971056,  -97.92671455, -351.55200577,
       -454.12115821, -314.56495768, -110.89305237, -125.86788677,
       -256.38450122,  -59.45058526, -106.70504534, -220.3139039 ,
       -157.60848672, -410.97911159, -112.74457269, -280.23348534,
       -116.74271743, -255.59124476, -162.83900563, -514.46004827,
       -222.93731401, -155.92276403, -203.68522406, -236.11772973,
       -344.34278495, -117.91627418, -193.02247036, -190.07382978,
       -178.56490955,  -76.27470057,  -67.21337091, -110.81755632,
        -80.61791864, -334.0610061 , -440.10007785, -167.26005201,
       -588.84806253, -110.95902144, -157.08491727,  -43.64807575,
       -217.58166873, -595.31422935, -121.36376227, -310.41001014,
       -244.01500777]), 'max_error': array([-37.91286068, -38.25394619, -16.77432339, -35.90228602,
       -20.57409502, -14.36381667, -27.35733844, -35.15323763,
       -17.19199407, -19.70922563, -24.1801774 , -35.37359848,
       -63.63209591, -39.45440432, -17.21464386, -19.64095318,
       -28.80612322, -11.75978687, -25.80022164, -47.48796827,
       -34.20508305, -49.2698899 , -23.12734004, -50.03506854,
       -31.54446799, -46.78894304, -35.04822474, -60.78827215,
       -35.37478077, -30.22743792, -30.68769425, -37.86080094,
       -49.04038446, -24.79419769, -26.92826586, -39.20866514,
       -39.02088171, -24.71087225, -17.79399096, -34.11900765,
       -20.41081231, -52.56287993, -52.57152958, -41.64408143,
       -57.00595797, -26.5134848 , -32.99746068, -16.49936769,
       -50.92966325, -50.16665593, -34.28932737, -38.63072436,
       -51.45676255]), 'explained_variance': array([-2.22044605e-16,  0.00000000e+00,  1.11022302e-16,  0.00000000e+00,
        0.00000000e+00,  0.00000000e+00,  0.00000000e+00,  0.00000000e+00,
        0.00000000e+00,  0.00000000e+00,  0.00000000e+00,  0.00000000e+00,
       -2.22044605e-16,  0.00000000e+00,  2.22044605e-16,  0.00000000e+00,
        0.00000000e+00,  0.00000000e+00,  0.00000000e+00,  0.00000000e+00,
        0.00000000e+00,  1.11022302e-16, -2.22044605e-16, -2.22044605e-16,
        0.00000000e+00,  0.00000000e+00,  0.00000000e+00,  1.11022302e-16,
        0.00000000e+00, -2.22044605e-16,  0.00000000e+00,  0.00000000e+00,
        1.11022302e-16,  0.00000000e+00,  0.00000000e+00,  1.11022302e-16,
        0.00000000e+00,  0.00000000e+00,  0.00000000e+00,  2.22044605e-16,
        0.00000000e+00,  0.00000000e+00,  2.22044605e-16,  0.00000000e+00,
       -4.44089210e-16,  0.00000000e+00,  0.00000000e+00,  0.00000000e+00,
       -2.22044605e-16,  0.00000000e+00, -2.22044605e-16, -2.22044605e-16,
        0.00000000e+00])}
         accs  y_pred (s)  y_true (s)
54    [11, 9]   15.454514      19.499
4    [45, 39]   24.397876      26.335
3    [45, 39]   24.397876      27.642
11   [45, 39]   24.397876      18.893
27   [29, 26]   17.351497      65.978
29   [29, 26]   17.351497      45.143
64    [11, 9]   15.454514      30.560
77   [15, 14]   16.835228      12.834
124  [26, 24]   17.031826      45.263
71    [11, 9]   15.454514       9.629
25   [29, 26]   17.351497      19.467
91     [3, 3]   15.170092      14.879
83   [15, 14]   16.835228      24.338
89   [15, 14]   16.835228      11.455
69    [11, 9]   15.454514       9.069
{'mse': 293.5949394084734, 'mae': 11.687323985213226, 'r2-score': -0.20084215852592124, 'max-error': 65.26550346741308, 'explained variance score': 0.060446399195622, 'layers': ['mbconv3', 'mbconv5']}
