environment: line 5: __conda_exe: command not found
Using device: cuda
Using model: efficientnetB0
Number of videos: 64
Execution type : naive
Using 2 features
Job ID : 63
Plotting ?  yes
Calculate accumulators ?  no
The directory contains : 65 videos
Number of videos in the directory : 65
Number of videos in the dataframe : 64
['conv1', 'mbconv1', 'mbconv2', 'mbconv3', 'mbconv4', 'mbconv5', 'mbconv6', 'mbconv7', 'conv2', 'pool', 'output']
{'conv1': {'T_max': 448.07057094573975, 'T_min': 278.996922403574, 'tau': 100, 'alpha': 50}, 'mbconv1': {'T_max': 1141.3850047588348, 'T_min': 812.3603581190109, 'tau': 100, 'alpha': 50}, 'mbconv2': {'T_max': 953.6717767715454, 'T_min': 642.3899536132812, 'tau': 100, 'alpha': 50}, 'mbconv3': {'T_max': 513.2992756962776, 'T_min': 322.42850029468536, 'tau': 100, 'alpha': 50}, 'mbconv4': {'T_max': 258.70095932483673, 'T_min': 155.41686257719994, 'tau': 100, 'alpha': 50}, 'mbconv5': {'T_max': 325.90665873885155, 'T_min': 182.09475773572922, 'tau': 100, 'alpha': 50}, 'mbconv6': {'T_max': 210.1228244304657, 'T_min': 113.37274000048637, 'tau': 100, 'alpha': 50}, 'mbconv7': {'T_max': 136.23850935697556, 'T_min': 72.70513460040092, 'tau': 100, 'alpha': 50}, 'conv2': {'T_max': 128.36026607453823, 'T_min': 69.14668047428131, 'tau': 100, 'alpha': 50}, 'pool': {'T_max': 5.443593147210777, 'T_min': 2.9237937070429325, 'tau': 100, 'alpha': 50}, 'output': {'T_max': 14.12623843550682, 'T_min': 7.4854159746319056, 'tau': 100, 'alpha': 50}}
Iterating over following combinations of layers :  [['conv1'], ['mbconv1'], ['mbconv2'], ['mbconv3'], ['mbconv4'], ['mbconv5'], ['mbconv6'], ['mbconv7'], ['conv2'], ['pool'], ['output'], ['conv1', 'mbconv1'], ['conv1', 'mbconv2'], ['conv1', 'mbconv3'], ['conv1', 'mbconv4'], ['conv1', 'mbconv5'], ['conv1', 'mbconv6'], ['conv1', 'mbconv7'], ['conv1', 'conv2'], ['conv1', 'pool'], ['conv1', 'output'], ['mbconv1', 'mbconv2'], ['mbconv1', 'mbconv3'], ['mbconv1', 'mbconv4'], ['mbconv1', 'mbconv5'], ['mbconv1', 'mbconv6'], ['mbconv1', 'mbconv7'], ['mbconv1', 'conv2'], ['mbconv1', 'pool'], ['mbconv1', 'output'], ['mbconv2', 'mbconv3'], ['mbconv2', 'mbconv4'], ['mbconv2', 'mbconv5'], ['mbconv2', 'mbconv6'], ['mbconv2', 'mbconv7'], ['mbconv2', 'conv2'], ['mbconv2', 'pool'], ['mbconv2', 'output'], ['mbconv3', 'mbconv4'], ['mbconv3', 'mbconv5'], ['mbconv3', 'mbconv6'], ['mbconv3', 'mbconv7'], ['mbconv3', 'conv2'], ['mbconv3', 'pool'], ['mbconv3', 'output'], ['mbconv4', 'mbconv5'], ['mbconv4', 'mbconv6'], ['mbconv4', 'mbconv7'], ['mbconv4', 'conv2'], ['mbconv4', 'pool'], ['mbconv4', 'output'], ['mbconv5', 'mbconv6'], ['mbconv5', 'mbconv7'], ['mbconv5', 'conv2'], ['mbconv5', 'pool'], ['mbconv5', 'output'], ['mbconv6', 'mbconv7'], ['mbconv6', 'conv2'], ['mbconv6', 'pool'], ['mbconv6', 'output'], ['mbconv7', 'conv2'], ['mbconv7', 'pool'], ['mbconv7', 'output'], ['conv2', 'pool'], ['conv2', 'output'], ['pool', 'output']]
[['conv2', 'pool']]
Generating the training set for videos : 
TRAINING SET : contains 962 samples, 37 patients based on 56 videos
TEST SET : contains 127 samples, 37 patients based on 8 videos
Dataset constituted.
--------------------NAIVE IMPLEMENTATION-------------------
Number of folds : 53
Grid search.
The best parameters are : {'C': 1}
Metrics obtained during CV : 
{'r2': array([-1.79857754e-01, -1.46098858e-01, -5.23971739e-02, -4.46807381e-03,
       -3.52951954e-02, -1.72677955e-01, -7.58101185e-03, -2.20658285e-06,
       -4.56957132e-03, -5.03294165e-03, -1.22528661e-01, -5.86494750e-01,
       -4.19851579e-01, -1.49185666e-01, -6.42769105e-02, -2.61775120e-02,
       -7.01374503e-05, -1.05019113e+00, -6.06427440e-02, -2.31582015e-01,
       -1.12454778e-01, -9.69059366e-01, -9.02439919e-02, -4.72802770e-01,
       -2.19945126e-02, -1.11079384e-01, -1.07413404e-02, -3.73408735e-01,
       -2.80310300e-01, -4.01120301e-02, -2.33213336e-01, -1.17110831e-01,
       -3.24854972e-01, -5.88024934e-03, -6.65312016e-01, -2.77363397e-03,
       -3.45992248e-03, -2.22846837e-02, -5.91469909e-03, -4.71325235e-02,
       -2.83162893e-02, -6.71155541e-03, -6.87652627e-01, -1.23219491e-01,
       -3.13717657e-01, -6.58988534e-02, -9.11586759e-02, -4.04205950e-01,
       -2.80856222e-01, -7.79659617e-01, -1.89893147e-02, -3.99265075e-01,
       -1.25278197e-02]), 'neg_mean_absolute_error': array([ -8.97132192, -11.57288773,  -8.99881615, -11.07593323,
       -10.22740792,  -6.4801089 ,  -8.30663581,  -6.49832143,
        -6.75075002,  -7.38744213,  -7.83332175, -13.86583659,
       -15.07161161, -13.4833438 ,  -7.05613368,  -7.48005187,
       -13.45308945,  -6.60547007,  -8.59080897,  -9.97519582,
        -9.17311111, -15.35496245,  -8.35036199, -11.66984955,
        -7.94985414,  -9.43833079,  -8.67045384, -16.41553649,
       -10.5124147 , -10.25894444, -12.14954849, -10.85508871,
       -11.86675304,  -8.45767231, -12.86765707, -10.50018268,
        -9.55424263,  -6.79403975,  -5.90318147,  -7.32400626,
        -7.751574  , -11.64372222, -14.64319893,  -8.84364241,
       -20.95025722,  -7.9559855 ,  -9.58839032,  -6.56786629,
        -9.38228502, -18.21111595,  -8.20354204, -14.73782658,
       -10.62931593]), 'neg_mean_squared_error': array([-131.58641046, -218.74724145,  -99.97408403, -176.81284093,
       -132.48747585,  -54.11855514, -128.43208922,  -92.87255523,
        -65.54911191,  -78.12866274, -104.57733987, -327.19856617,
       -428.70530256, -292.96591658,  -77.57362694,  -83.86945619,
       -250.28797613,  -57.75055575, -101.54138104, -227.47962141,
       -160.86078656, -427.00998346, -118.20852806, -288.01757603,
       -116.31450705, -268.67175723, -140.49596455, -535.2071041 ,
       -241.19471416, -152.14620886, -241.89523076, -206.89740335,
       -287.81124095, -116.7763679 , -236.51559305, -190.39479372,
       -164.80657021,  -75.91559028,  -64.2528043 , -112.46693607,
        -82.83615238, -228.74756977, -413.36823253, -174.37873341,
       -773.20573511, -109.24158292, -143.32205007,  -61.21206381,
       -226.29129362, -553.32016841, -121.13241419, -424.14307616,
       -236.31858595]), 'max_error': array([-34.63479224, -36.19928898, -15.41064187, -31.27326867,
       -22.5298928 , -13.07221453, -29.36738394, -32.49357855,
       -18.00758319, -19.54586652, -25.37603772, -34.31717229,
       -62.55494579, -37.89930645, -21.21492287, -15.84998559,
       -31.1463005 , -11.60568703, -24.89771924, -48.06088119,
       -34.63081933, -49.83377701, -24.17675793, -50.4487292 ,
       -31.67445318, -48.25952288, -31.38791543, -61.68127613,
       -36.76373229, -29.54424389, -34.70621822, -35.38289918,
       -46.16706934, -25.31798984, -29.50763788, -39.48085586,
       -35.98965815, -24.57814226, -19.00645558, -34.52155638,
       -19.1510835 , -43.4615268 , -51.57955807, -42.55214084,
       -71.12810498, -26.20175354, -31.38463543, -12.62533881,
       -51.57769218, -48.87188568, -34.21421467, -46.93155631,
       -49.90782419]), 'explained_variance': array([-4.44089210e-16,  0.00000000e+00,  1.11022302e-16,  1.11022302e-16,
        0.00000000e+00,  0.00000000e+00,  0.00000000e+00,  0.00000000e+00,
        0.00000000e+00,  3.33066907e-16,  1.11022302e-16, -2.22044605e-16,
        0.00000000e+00,  0.00000000e+00,  2.22044605e-16,  0.00000000e+00,
        0.00000000e+00,  0.00000000e+00,  0.00000000e+00,  0.00000000e+00,
        2.22044605e-16, -2.22044605e-16, -2.22044605e-16, -2.22044605e-16,
        0.00000000e+00,  0.00000000e+00, -2.22044605e-16,  0.00000000e+00,
        0.00000000e+00,  0.00000000e+00,  0.00000000e+00, -2.22044605e-16,
        1.11022302e-16,  2.22044605e-16,  0.00000000e+00,  3.33066907e-16,
       -2.22044605e-16,  0.00000000e+00,  0.00000000e+00,  0.00000000e+00,
        0.00000000e+00,  1.11022302e-16,  0.00000000e+00,  0.00000000e+00,
        0.00000000e+00, -2.22044605e-16,  0.00000000e+00,  0.00000000e+00,
        0.00000000e+00, -4.44089210e-16, -2.22044605e-16, -2.22044605e-16,
        0.00000000e+00])}
         accs  y_pred (s)  y_true (s)
54     [2, 2]   14.706035      19.499
4    [32, 28]   24.569958      26.335
3    [32, 28]   24.569958      27.642
11   [32, 28]   24.569958      18.893
27   [18, 20]   17.306809      65.978
29   [18, 20]   17.306809      45.143
64     [2, 2]   14.706035      30.560
77    [7, 10]   15.799906      12.834
124  [18, 20]   17.306809      45.263
71     [2, 2]   14.706035       9.629
25   [18, 20]   17.306809      19.467
91     [5, 5]   15.319252      14.879
83    [7, 10]   15.799906      24.338
89    [7, 10]   15.799906      11.455
69     [2, 2]   14.706035       9.069
{'mse': 291.3634488630346, 'mae': 11.61903320065541, 'r2-score': -0.19171506686448492, 'max-error': 64.59623893244478, 'explained variance score': 0.07572703715384965, 'layers': ['conv2', 'pool']}
