environment: line 5: __conda_exe: command not found
Using device: cuda
Using model: efficientnetB0
Number of videos: 64
Execution type : naive
Using 2 features
Job ID : 2
Plotting ?  yes
Calculate accumulators ?  no
The directory contains : 65 videos
Number of videos in the directory : 65
Number of videos in the dataframe : 64
['conv1', 'mbconv1', 'mbconv2', 'mbconv3', 'mbconv4', 'mbconv5', 'mbconv6', 'mbconv7', 'conv2', 'pool', 'output']
{'conv1': {'T_max': 448.07057094573975, 'T_min': 278.996922403574, 'tau': 100, 'alpha': 50}, 'mbconv1': {'T_max': 1141.3850047588348, 'T_min': 812.3603581190109, 'tau': 100, 'alpha': 50}, 'mbconv2': {'T_max': 953.6717767715454, 'T_min': 642.3899536132812, 'tau': 100, 'alpha': 50}, 'mbconv3': {'T_max': 513.2992756962776, 'T_min': 322.42850029468536, 'tau': 100, 'alpha': 50}, 'mbconv4': {'T_max': 258.70095932483673, 'T_min': 155.41686257719994, 'tau': 100, 'alpha': 50}, 'mbconv5': {'T_max': 325.90665873885155, 'T_min': 182.09475773572922, 'tau': 100, 'alpha': 50}, 'mbconv6': {'T_max': 210.1228244304657, 'T_min': 113.37274000048637, 'tau': 100, 'alpha': 50}, 'mbconv7': {'T_max': 136.23850935697556, 'T_min': 72.70513460040092, 'tau': 100, 'alpha': 50}, 'conv2': {'T_max': 128.36026607453823, 'T_min': 69.14668047428131, 'tau': 100, 'alpha': 50}, 'pool': {'T_max': 5.443593147210777, 'T_min': 2.9237937070429325, 'tau': 100, 'alpha': 50}, 'output': {'T_max': 14.12623843550682, 'T_min': 7.4854159746319056, 'tau': 100, 'alpha': 50}}
Iterating over following combinations of layers :  [['conv1'], ['mbconv1'], ['mbconv2'], ['mbconv3'], ['mbconv4'], ['mbconv5'], ['mbconv6'], ['mbconv7'], ['conv2'], ['pool'], ['output'], ['conv1', 'mbconv1'], ['conv1', 'mbconv2'], ['conv1', 'mbconv3'], ['conv1', 'mbconv4'], ['conv1', 'mbconv5'], ['conv1', 'mbconv6'], ['conv1', 'mbconv7'], ['conv1', 'conv2'], ['conv1', 'pool'], ['conv1', 'output'], ['mbconv1', 'mbconv2'], ['mbconv1', 'mbconv3'], ['mbconv1', 'mbconv4'], ['mbconv1', 'mbconv5'], ['mbconv1', 'mbconv6'], ['mbconv1', 'mbconv7'], ['mbconv1', 'conv2'], ['mbconv1', 'pool'], ['mbconv1', 'output'], ['mbconv2', 'mbconv3'], ['mbconv2', 'mbconv4'], ['mbconv2', 'mbconv5'], ['mbconv2', 'mbconv6'], ['mbconv2', 'mbconv7'], ['mbconv2', 'conv2'], ['mbconv2', 'pool'], ['mbconv2', 'output'], ['mbconv3', 'mbconv4'], ['mbconv3', 'mbconv5'], ['mbconv3', 'mbconv6'], ['mbconv3', 'mbconv7'], ['mbconv3', 'conv2'], ['mbconv3', 'pool'], ['mbconv3', 'output'], ['mbconv4', 'mbconv5'], ['mbconv4', 'mbconv6'], ['mbconv4', 'mbconv7'], ['mbconv4', 'conv2'], ['mbconv4', 'pool'], ['mbconv4', 'output'], ['mbconv5', 'mbconv6'], ['mbconv5', 'mbconv7'], ['mbconv5', 'conv2'], ['mbconv5', 'pool'], ['mbconv5', 'output'], ['mbconv6', 'mbconv7'], ['mbconv6', 'conv2'], ['mbconv6', 'pool'], ['mbconv6', 'output'], ['mbconv7', 'conv2'], ['mbconv7', 'pool'], ['mbconv7', 'output'], ['conv2', 'pool'], ['conv2', 'output'], ['pool', 'output']]
[['mbconv2']]
Generating the training set for videos : 
TRAINING SET : contains 962 samples, 37 patients based on 56 videos
TEST SET : contains 127 samples, 37 patients based on 8 videos
Dataset constituted.
--------------------NAIVE IMPLEMENTATION-------------------
Number of folds : 53
Grid search.
The best parameters are : {'C': 1}
Metrics obtained during CV : 
{'r2': array([-3.06446381e-01, -1.06054595e-01, -4.26491396e-02, -7.43506248e-02,
       -4.35435015e-03, -1.37167728e-01, -6.34742427e-02, -2.67010334e-02,
       -1.92828885e-01, -2.39835255e-02, -1.53572797e-01, -3.91169741e-01,
       -4.85641068e-01, -2.02332836e-01, -1.17645300e-01, -7.60551499e-03,
       -1.70026627e-02, -1.05018979e+00, -7.69073374e-03, -2.05169969e-01,
       -3.18353583e-02, -6.92893823e-01, -9.15058852e-03, -2.42286736e-01,
       -9.15161533e-02, -4.14613227e-02, -1.93582671e-02, -6.42322869e-01,
       -1.28251920e-01, -2.77215653e-02, -2.74321412e-01, -5.86385140e-01,
       -6.30885057e-01, -3.90059136e-02, -4.32448618e-01, -5.71952808e-01,
       -6.86554800e-02, -6.25756663e-02, -1.38064211e-01, -4.03398020e-02,
       -9.06288609e-03, -4.40262391e-01, -5.50949020e-01, -6.00978053e-02,
       -6.46502275e-01, -3.78530758e-02, -1.27880462e-01, -1.95626949e-01,
       -1.88585869e-01, -7.04756859e-01, -3.93799492e-05, -2.35812209e-01,
       -6.26629631e-02]), 'neg_mean_absolute_error': array([-10.05083943, -11.44949118,  -8.91842541, -10.93220477,
        -9.38420109,  -6.33471208,  -7.98737893,  -6.08989516,
        -7.66056092,  -7.70180025,  -7.89709044, -13.07772539,
       -15.38478769, -13.75044304,  -7.33753795,  -7.56114774,
       -13.33754639,  -6.60546771,  -8.76319016,  -9.88980809,
        -9.17311111, -14.06058507,  -8.4115476 , -10.86072172,
        -8.79566958,  -9.66623522,  -8.661     , -18.01520958,
       -10.48122222, -10.25894444, -12.27664052, -12.93685662,
       -13.33621891,  -9.18087095, -12.23977472, -12.51576199,
        -9.44361111,  -6.69745641,  -6.90119115,  -7.30529123,
        -7.46007678, -13.23660585, -13.88685732,  -8.67004604,
       -22.9230143 ,  -7.91897529,  -9.62592681,  -5.93473938,
        -8.85854309, -17.80518081,  -8.11918733, -14.36355812,
       -10.08695852]), 'neg_mean_squared_error': array([-145.7045048 , -211.10429501,  -99.04805455, -189.11401076,
       -128.52795348,  -52.47977427, -135.55656291,  -95.35213803,
        -77.83320968,  -79.60183214, -107.46948266, -286.91475004,
       -448.56956387, -306.5149103 ,  -81.46357276,  -82.35156746,
       -254.52568639,  -57.75051822,  -96.47198299, -222.60117883,
       -149.20323103, -367.12075616, -109.41606333, -242.93844474,
       -124.2268542 , -251.83731032, -141.69374224, -640.00092947,
       -212.54878554, -150.33374809, -249.9585944 , -293.8105664 ,
       -354.29315817, -120.62204909, -203.44321737, -298.46380126,
       -175.51417894,  -78.9076274 ,  -72.69385478, -111.73736597,
        -81.28519198, -327.26009758, -379.88448864, -164.57915304,
       -969.07048168, -106.36723408, -148.14540141,  -52.11970017,
       -209.98971575, -530.03189108, -118.87973959, -374.59749502,
       -248.01986068]), 'max_error': array([-33.26740339, -35.41777748, -15.62884531, -34.00410934,
       -25.40163585, -13.37916339, -31.22880039, -34.05399733,
       -15.0215175 , -17.55493176, -25.77990613, -32.30096891,
       -63.40499515, -38.91428354, -20.45111127, -16.52426903,
       -33.3416185 , -11.60568358, -23.34628855, -47.6766364 ,
       -32.74388403, -47.59531642, -22.04478582, -47.71649544,
       -30.02929476, -46.2431915 , -31.80638258, -65.43947155,
       -34.41228149, -29.13566583, -35.27813235, -41.14694191,
       -49.47336755, -24.01623229, -27.62399082, -49.17608948,
       -38.59378815, -25.44739234, -16.65145593, -34.35312105,
       -19.80695225, -52.22848816, -50.21814318, -41.23291435,
       -77.04637622, -25.57257994, -32.02275583, -13.8160615 ,
       -50.3057475 , -48.10511931, -32.78018469, -44.38496493,
       -52.02216591]), 'explained_variance': array([ 0.00000000e+00,  0.00000000e+00,  1.11022302e-16,  1.11022302e-16,
        0.00000000e+00,  0.00000000e+00,  0.00000000e+00,  0.00000000e+00,
        0.00000000e+00,  3.33066907e-16,  1.11022302e-16,  0.00000000e+00,
       -2.22044605e-16,  0.00000000e+00,  2.22044605e-16,  0.00000000e+00,
        0.00000000e+00,  0.00000000e+00,  0.00000000e+00,  0.00000000e+00,
        2.22044605e-16, -2.22044605e-16, -2.22044605e-16,  1.11022302e-16,
        0.00000000e+00,  0.00000000e+00,  0.00000000e+00,  1.11022302e-16,
        0.00000000e+00,  0.00000000e+00,  0.00000000e+00,  0.00000000e+00,
        0.00000000e+00,  0.00000000e+00,  0.00000000e+00,  1.11022302e-16,
        0.00000000e+00,  0.00000000e+00, -2.22044605e-16,  2.22044605e-16,
        0.00000000e+00,  2.22044605e-16,  0.00000000e+00,  0.00000000e+00,
       -2.22044605e-16, -2.22044605e-16,  0.00000000e+00,  0.00000000e+00,
        0.00000000e+00, -2.22044605e-16,  0.00000000e+00,  0.00000000e+00,
        0.00000000e+00])}
     accs  y_pred (s)  y_true (s)
54   [10]   17.272288      19.499
4    [46]   22.741927      26.335
3    [46]   22.741927      27.642
11   [46]   22.741927      18.893
27   [30]   18.301605      65.978
29   [30]   18.301605      45.143
64   [10]   17.272288      30.560
77   [16]   18.624489      12.834
124  [26]   18.115164      45.263
71   [10]   17.272288       9.629
25   [30]   18.301605      19.467
91    [3]   14.908162      14.879
83   [16]   18.624489      24.338
89   [16]   18.624489      11.455
69   [10]   17.272288       9.069
{'mse': 287.7787498562225, 'mae': 11.64836399781239, 'r2-score': -0.17705317350324745, 'max-error': 63.631712484839, 'explained variance score': 0.03644152838997583, 'layers': ['mbconv2']}
