environment: line 5: __conda_exe: command not found
Using device: cuda
Using model: efficientnetB0
Number of videos: 64
Execution type : naive
Using 2 features
Job ID : 28
Plotting ?  yes
Calculate accumulators ?  no
The directory contains : 65 videos
Number of videos in the directory : 65
Number of videos in the dataframe : 64
['conv1', 'mbconv1', 'mbconv2', 'mbconv3', 'mbconv4', 'mbconv5', 'mbconv6', 'mbconv7', 'conv2', 'pool', 'output']
{'conv1': {'T_max': 448.07057094573975, 'T_min': 278.996922403574, 'tau': 100, 'alpha': 50}, 'mbconv1': {'T_max': 1141.3850047588348, 'T_min': 812.3603581190109, 'tau': 100, 'alpha': 50}, 'mbconv2': {'T_max': 953.6717767715454, 'T_min': 642.3899536132812, 'tau': 100, 'alpha': 50}, 'mbconv3': {'T_max': 513.2992756962776, 'T_min': 322.42850029468536, 'tau': 100, 'alpha': 50}, 'mbconv4': {'T_max': 258.70095932483673, 'T_min': 155.41686257719994, 'tau': 100, 'alpha': 50}, 'mbconv5': {'T_max': 325.90665873885155, 'T_min': 182.09475773572922, 'tau': 100, 'alpha': 50}, 'mbconv6': {'T_max': 210.1228244304657, 'T_min': 113.37274000048637, 'tau': 100, 'alpha': 50}, 'mbconv7': {'T_max': 136.23850935697556, 'T_min': 72.70513460040092, 'tau': 100, 'alpha': 50}, 'conv2': {'T_max': 128.36026607453823, 'T_min': 69.14668047428131, 'tau': 100, 'alpha': 50}, 'pool': {'T_max': 5.443593147210777, 'T_min': 2.9237937070429325, 'tau': 100, 'alpha': 50}, 'output': {'T_max': 14.12623843550682, 'T_min': 7.4854159746319056, 'tau': 100, 'alpha': 50}}
Iterating over following combinations of layers :  [['conv1'], ['mbconv1'], ['mbconv2'], ['mbconv3'], ['mbconv4'], ['mbconv5'], ['mbconv6'], ['mbconv7'], ['conv2'], ['pool'], ['output'], ['conv1', 'mbconv1'], ['conv1', 'mbconv2'], ['conv1', 'mbconv3'], ['conv1', 'mbconv4'], ['conv1', 'mbconv5'], ['conv1', 'mbconv6'], ['conv1', 'mbconv7'], ['conv1', 'conv2'], ['conv1', 'pool'], ['conv1', 'output'], ['mbconv1', 'mbconv2'], ['mbconv1', 'mbconv3'], ['mbconv1', 'mbconv4'], ['mbconv1', 'mbconv5'], ['mbconv1', 'mbconv6'], ['mbconv1', 'mbconv7'], ['mbconv1', 'conv2'], ['mbconv1', 'pool'], ['mbconv1', 'output'], ['mbconv2', 'mbconv3'], ['mbconv2', 'mbconv4'], ['mbconv2', 'mbconv5'], ['mbconv2', 'mbconv6'], ['mbconv2', 'mbconv7'], ['mbconv2', 'conv2'], ['mbconv2', 'pool'], ['mbconv2', 'output'], ['mbconv3', 'mbconv4'], ['mbconv3', 'mbconv5'], ['mbconv3', 'mbconv6'], ['mbconv3', 'mbconv7'], ['mbconv3', 'conv2'], ['mbconv3', 'pool'], ['mbconv3', 'output'], ['mbconv4', 'mbconv5'], ['mbconv4', 'mbconv6'], ['mbconv4', 'mbconv7'], ['mbconv4', 'conv2'], ['mbconv4', 'pool'], ['mbconv4', 'output'], ['mbconv5', 'mbconv6'], ['mbconv5', 'mbconv7'], ['mbconv5', 'conv2'], ['mbconv5', 'pool'], ['mbconv5', 'output'], ['mbconv6', 'mbconv7'], ['mbconv6', 'conv2'], ['mbconv6', 'pool'], ['mbconv6', 'output'], ['mbconv7', 'conv2'], ['mbconv7', 'pool'], ['mbconv7', 'output'], ['conv2', 'pool'], ['conv2', 'output'], ['pool', 'output']]
[['mbconv1', 'pool']]
Generating the training set for videos : 
TRAINING SET : contains 962 samples, 37 patients based on 56 videos
TEST SET : contains 127 samples, 37 patients based on 8 videos
Dataset constituted.
--------------------NAIVE IMPLEMENTATION-------------------
Number of folds : 53
Grid search.
The best parameters are : {'C': 10.0}
Metrics obtained during CV : 
{'r2': array([-9.70995578e-02, -1.18564873e-01, -5.72187658e-03, -1.40616334e-02,
       -1.41805504e-04, -1.18826498e-02, -7.86432078e-03, -2.22222355e-01,
       -2.81163599e-02, -7.45727633e-02, -1.81103960e-01, -3.74971814e-01,
       -3.35333508e-02, -6.54934844e-02, -2.85937329e-01, -7.83974690e-05,
       -2.88407566e-05, -5.92821808e-02, -9.70844787e-03, -8.21090481e-02,
       -1.14517401e-01, -1.05990299e+00, -8.17786028e-02, -2.58778611e-01,
       -1.41016787e-01, -6.85096510e-02, -5.60290617e-02, -4.10927544e-01,
       -4.31484495e-01, -8.80210067e-02, -1.72435780e-01, -1.07549022e-02,
       -3.12904098e-01, -2.75218717e-02, -1.08450669e+00, -5.29943405e-02,
       -1.13918473e-03, -8.41122368e-02, -3.60489196e-01, -2.79082061e-03,
       -1.00006030e-02, -1.63010131e-02, -5.19782382e-01, -1.30463093e-01,
       -1.34259006e-01, -2.23358878e-03, -2.97788963e-01, -1.13622377e-01,
       -2.57679949e-01, -3.34912434e-01, -1.20548125e-02, -5.23249356e-01,
       -1.79708693e-01]), 'neg_mean_absolute_error': array([ -8.03346625, -13.1074528 ,  -8.53336314, -11.35013602,
        -9.54519249,  -5.53429355,  -8.30184644,  -6.30552739,
        -6.95659197,  -7.95907523,  -7.94841826, -13.00848731,
       -13.02038348, -13.14754717,  -8.1895188 ,  -7.69827325,
       -13.45058786,  -4.82246495,  -8.75141116,  -9.52688889,
        -9.17311111, -15.79780538,  -8.33365913, -10.88632298,
        -9.22835935,  -9.56194221,  -8.661     , -16.61270929,
       -11.27588023, -10.25894444, -11.93894574, -10.47333333,
       -11.79743239,  -8.99170364, -14.01841939, -10.49816667,
        -9.90529378,  -6.65928122,  -8.10352637,  -7.15891792,
        -6.76984643, -11.64372222, -13.70165978,  -8.87945437,
       -19.7119092 ,  -7.83125837, -10.06466912,  -5.67407177,
        -9.26003339, -15.97908626,  -8.18557949, -15.31619237,
        -9.6545    ]), 'neg_mean_squared_error': array([-122.35660803, -213.49203749,  -95.54009255, -178.50156014,
       -127.98887109,  -46.69792482, -128.46820141, -113.51066267,
        -67.08556207,  -83.5345087 , -110.03434879, -283.57409072,
       -312.06165099, -271.62997635,  -93.73013892,  -81.73637638,
       -250.27764079,  -29.83825941,  -96.66515028, -199.87118486,
       -161.15904142, -446.71032127, -117.29067739, -246.16355394,
       -129.86058486, -258.37790678, -146.79108857, -549.82790311,
       -269.67407311, -159.15427045, -229.97369173, -187.19947817,
       -285.21503529, -119.28882409, -296.05162947, -199.93010732,
       -164.42541614,  -80.5069485 ,  -86.90125131, -107.70442955,
        -81.36072989, -230.92651082, -372.25063196, -175.50329555,
       -667.58299567, -102.71667274, -170.46262729,  -48.54496166,
       -222.19669754, -415.042273  , -120.30807483, -461.72500047,
       -275.33770903]), 'max_error': array([-35.82274274, -26.16162811, -16.90442005, -28.81313853,
       -24.78986852, -15.1546318 , -29.38558353, -37.0222041 ,
       -17.1991505 , -16.51265294, -26.10498231, -32.11303698,
       -54.47776203, -35.81839615, -18.81416483, -17.39273059,
       -31.19383073, -12.04402371, -23.45229955, -45.41501763,
       -34.66763281, -50.49804141, -24.02643221, -47.9469068 ,
       -29.25045316, -47.14702013, -32.95673491, -62.27279452,
       -38.51278441, -30.71020254, -33.75850584, -32.13700982,
       -46.01109788, -24.35673344, -32.1977549 , -41.92722253,
       -34.80328532, -25.79096906, -16.54945622, -31.72411937,
       -21.55894105, -44.15117803, -49.8847876 , -42.67886312,
       -66.4290914 , -24.08139233, -34.17848215, -14.51075597,
       -51.28079539, -43.50682216, -33.90885139, -48.52434632,
       -54.67422037]), 'explained_variance': array([-2.22044605e-16,  0.00000000e+00,  1.11022302e-16,  1.11022302e-16,
        0.00000000e+00,  0.00000000e+00,  0.00000000e+00,  1.11022302e-16,
        0.00000000e+00,  0.00000000e+00,  1.11022302e-16, -2.22044605e-16,
        0.00000000e+00,  0.00000000e+00,  2.22044605e-16,  0.00000000e+00,
        0.00000000e+00,  0.00000000e+00,  0.00000000e+00,  0.00000000e+00,
        0.00000000e+00,  1.11022302e-16, -2.22044605e-16, -2.22044605e-16,
        0.00000000e+00,  0.00000000e+00,  0.00000000e+00,  0.00000000e+00,
        0.00000000e+00, -2.22044605e-16, -2.22044605e-16,  0.00000000e+00,
        0.00000000e+00,  0.00000000e+00, -4.44089210e-16,  3.33066907e-16,
        0.00000000e+00,  0.00000000e+00, -2.22044605e-16,  2.22044605e-16,
        0.00000000e+00,  0.00000000e+00,  0.00000000e+00,  0.00000000e+00,
       -2.22044605e-16, -2.22044605e-16,  0.00000000e+00,  0.00000000e+00,
        0.00000000e+00,  0.00000000e+00,  0.00000000e+00, -2.22044605e-16,
       -2.22044605e-16])}
         accs  y_pred (s)  y_true (s)
54     [1, 2]   13.180838      19.499
4    [28, 28]   24.194192      26.335
3    [28, 28]   24.194192      27.642
11   [28, 28]   24.194192      18.893
27   [29, 20]   23.556175      65.978
29   [29, 20]   23.556175      45.143
64     [1, 2]   13.180838      30.560
77   [14, 10]   17.543384      12.834
124  [24, 20]   18.627425      45.263
71     [1, 2]   13.180838       9.629
25   [29, 20]   23.556175      19.467
91    [20, 5]   13.870928      14.879
83   [14, 10]   17.543384      24.338
89   [14, 10]   17.543384      11.455
69     [1, 2]   13.180838       9.069
{'mse': 268.4627678535719, 'mae': 11.340768645272947, 'r2-score': -0.09804825070435941, 'max-error': 62.61549602006046, 'explained variance score': 0.09740847109285222, 'layers': ['mbconv1', 'pool']}
