environment: line 5: __conda_exe: command not found
Using device: cuda
Using model: efficientnetB0
Number of videos: 64
Execution type : naive
Using 2 features
Job ID : 23
Plotting ?  yes
Calculate accumulators ?  no
The directory contains : 65 videos
Number of videos in the directory : 65
Number of videos in the dataframe : 64
['conv1', 'mbconv1', 'mbconv2', 'mbconv3', 'mbconv4', 'mbconv5', 'mbconv6', 'mbconv7', 'conv2', 'pool', 'output']
{'conv1': {'T_max': 448.07057094573975, 'T_min': 278.996922403574, 'tau': 100, 'alpha': 50}, 'mbconv1': {'T_max': 1141.3850047588348, 'T_min': 812.3603581190109, 'tau': 100, 'alpha': 50}, 'mbconv2': {'T_max': 953.6717767715454, 'T_min': 642.3899536132812, 'tau': 100, 'alpha': 50}, 'mbconv3': {'T_max': 513.2992756962776, 'T_min': 322.42850029468536, 'tau': 100, 'alpha': 50}, 'mbconv4': {'T_max': 258.70095932483673, 'T_min': 155.41686257719994, 'tau': 100, 'alpha': 50}, 'mbconv5': {'T_max': 325.90665873885155, 'T_min': 182.09475773572922, 'tau': 100, 'alpha': 50}, 'mbconv6': {'T_max': 210.1228244304657, 'T_min': 113.37274000048637, 'tau': 100, 'alpha': 50}, 'mbconv7': {'T_max': 136.23850935697556, 'T_min': 72.70513460040092, 'tau': 100, 'alpha': 50}, 'conv2': {'T_max': 128.36026607453823, 'T_min': 69.14668047428131, 'tau': 100, 'alpha': 50}, 'pool': {'T_max': 5.443593147210777, 'T_min': 2.9237937070429325, 'tau': 100, 'alpha': 50}, 'output': {'T_max': 14.12623843550682, 'T_min': 7.4854159746319056, 'tau': 100, 'alpha': 50}}
Iterating over following combinations of layers :  [['conv1'], ['mbconv1'], ['mbconv2'], ['mbconv3'], ['mbconv4'], ['mbconv5'], ['mbconv6'], ['mbconv7'], ['conv2'], ['pool'], ['output'], ['conv1', 'mbconv1'], ['conv1', 'mbconv2'], ['conv1', 'mbconv3'], ['conv1', 'mbconv4'], ['conv1', 'mbconv5'], ['conv1', 'mbconv6'], ['conv1', 'mbconv7'], ['conv1', 'conv2'], ['conv1', 'pool'], ['conv1', 'output'], ['mbconv1', 'mbconv2'], ['mbconv1', 'mbconv3'], ['mbconv1', 'mbconv4'], ['mbconv1', 'mbconv5'], ['mbconv1', 'mbconv6'], ['mbconv1', 'mbconv7'], ['mbconv1', 'conv2'], ['mbconv1', 'pool'], ['mbconv1', 'output'], ['mbconv2', 'mbconv3'], ['mbconv2', 'mbconv4'], ['mbconv2', 'mbconv5'], ['mbconv2', 'mbconv6'], ['mbconv2', 'mbconv7'], ['mbconv2', 'conv2'], ['mbconv2', 'pool'], ['mbconv2', 'output'], ['mbconv3', 'mbconv4'], ['mbconv3', 'mbconv5'], ['mbconv3', 'mbconv6'], ['mbconv3', 'mbconv7'], ['mbconv3', 'conv2'], ['mbconv3', 'pool'], ['mbconv3', 'output'], ['mbconv4', 'mbconv5'], ['mbconv4', 'mbconv6'], ['mbconv4', 'mbconv7'], ['mbconv4', 'conv2'], ['mbconv4', 'pool'], ['mbconv4', 'output'], ['mbconv5', 'mbconv6'], ['mbconv5', 'mbconv7'], ['mbconv5', 'conv2'], ['mbconv5', 'pool'], ['mbconv5', 'output'], ['mbconv6', 'mbconv7'], ['mbconv6', 'conv2'], ['mbconv6', 'pool'], ['mbconv6', 'output'], ['mbconv7', 'conv2'], ['mbconv7', 'pool'], ['mbconv7', 'output'], ['conv2', 'pool'], ['conv2', 'output'], ['pool', 'output']]
[['mbconv1', 'mbconv4']]
Generating the training set for videos : 
TRAINING SET : contains 962 samples, 37 patients based on 56 videos
TEST SET : contains 127 samples, 37 patients based on 8 videos
Dataset constituted.
--------------------NAIVE IMPLEMENTATION-------------------
Number of folds : 53
Grid search.
The best parameters are : {'C': 10.0}
Metrics obtained during CV : 
{'r2': array([-1.02220425e-01, -6.98022291e-02, -6.13052050e-04, -7.30213298e-02,
       -2.28775123e-01, -4.26331672e-03, -3.74260749e-03, -1.22642929e-01,
       -3.77936721e-02, -8.38272075e-02, -2.03595178e-01, -4.09132036e-01,
       -9.27977287e-02, -1.42485411e-01, -3.19122292e-01, -2.36236712e-03,
       -8.58190520e-03, -2.73529520e-01, -5.10976690e-02, -8.30261330e-02,
       -7.45428848e-02, -7.99356084e-01, -1.27998979e-02, -1.35094693e-01,
       -5.24210374e-02, -1.14460552e-02, -6.47741315e-03, -3.01945013e-01,
       -2.81641524e-01, -2.96792354e-02, -8.37657576e-01, -1.05573551e-01,
       -4.14440035e-01, -3.89940210e-02, -6.67103989e-01, -6.69104109e-01,
       -4.71061324e-02, -3.61988358e-01, -4.41490700e-01, -4.76347939e-03,
       -1.10309409e-02, -4.71169910e-01, -5.84656799e-01, -1.04640269e-01,
       -3.62748440e-02, -8.45180349e-04, -2.74956169e-01, -5.77020696e-02,
       -2.95474499e-01, -3.05766363e-01, -3.94243180e-02, -1.07230430e-01,
       -9.68383767e-02]), 'neg_mean_absolute_error': array([ -8.10109282, -12.69959633,  -8.40285287, -10.93391455,
       -11.43786003,  -5.42488692,  -8.38356326,  -6.14422057,
        -7.01340575,  -8.02159975,  -7.98751233, -13.15284929,
       -13.3537512 , -13.44648102,  -8.36580171,  -7.61625471,
       -13.36898285,  -5.36902774,  -9.15389674,  -9.52688889,
        -9.17311111, -14.52855618,  -8.37110492, -10.66700344,
        -8.35969453, -10.0778888 ,  -8.70079077, -16.01034979,
       -10.51432971, -10.25894444, -14.81446931, -10.80278815,
       -12.35025748,  -9.18069071, -12.87201778, -12.89369495,
        -9.44361111,  -6.85687581,  -8.44474009,  -7.20349946,
        -6.75982353, -13.38999427, -14.08135019,  -8.77849275,
       -19.58377778,  -7.8397278 ,  -9.96397332,  -5.55165116,
        -9.45681192, -15.89894625,  -8.24250665, -14.0574375 ,
        -9.8545038 ]), 'neg_mean_squared_error': array([-122.92772482, -204.18507953,  -95.05477193, -188.88001983,
       -157.24724235,  -46.34629605, -127.94282405, -104.2624874 ,
        -67.71701582,  -84.25392527, -112.12968215, -290.61929259,
       -329.95574176, -291.25779724,  -96.14894355,  -81.92304514,
       -252.41821984,  -35.87325914, -100.62757655, -200.04057523,
       -155.37873268, -390.2081496 , -109.81173576, -221.97624054,
       -119.77738889, -244.57927388, -139.90326635, -507.35822652,
       -241.44550041, -150.62011348, -360.45718159, -204.7606114 ,
       -307.2726829 , -120.62066844, -236.77009763, -316.90974082,
       -171.97495034, -101.14222757,  -92.07522262, -107.91630234,
        -81.44372889, -334.28298279, -388.14076398, -171.49432726,
       -609.91313355, -102.57437787, -167.46357418,  -46.10728687,
       -228.87393237, -405.98036668, -123.5616264 , -335.62198402,
       -255.99621971]), 'max_error': array([-35.73708243, -27.26866712, -17.40035908, -33.97162364,
       -19.24437993, -15.45159265, -29.07505963, -35.85419088,
       -16.98325814, -16.36762276, -26.35257809, -32.50487663,
       -56.58909091, -37.75922787, -18.55652058, -16.87327985,
       -32.74432591, -10.56049614, -20.27646469, -45.43670545,
       -33.88145524, -48.50340112, -22.22677787, -45.97303092,
       -30.81404984, -44.74050026, -31.1148831 , -60.46571603,
       -36.78096737, -29.2055565 , -40.76094476, -35.14754667,
       -47.25495432, -24.01655672, -29.52072002, -50.02643864,
       -38.01731351, -28.47646077, -17.0612768 , -31.55633495,
       -21.60404412, -52.57361211, -50.56823035, -42.20893476,
       -62.16038754, -23.30862733, -33.93393521, -15.15031012,
       -51.7586861 , -43.05269544, -34.87661299, -41.63162361,
       -52.9519848 ]), 'explained_variance': array([-2.22044605e-16,  0.00000000e+00,  1.11022302e-16,  1.11022302e-16,
        0.00000000e+00,  0.00000000e+00,  0.00000000e+00,  0.00000000e+00,
        0.00000000e+00,  3.33066907e-16,  0.00000000e+00,  0.00000000e+00,
       -2.22044605e-16,  0.00000000e+00,  2.22044605e-16,  0.00000000e+00,
        2.22044605e-16,  0.00000000e+00,  0.00000000e+00,  0.00000000e+00,
        2.22044605e-16, -2.22044605e-16, -2.22044605e-16,  1.11022302e-16,
        0.00000000e+00,  0.00000000e+00,  0.00000000e+00,  1.11022302e-16,
        1.11022302e-16,  0.00000000e+00, -2.22044605e-16, -2.22044605e-16,
        0.00000000e+00,  0.00000000e+00,  0.00000000e+00,  4.44089210e-16,
        0.00000000e+00,  0.00000000e+00,  0.00000000e+00,  2.22044605e-16,
        0.00000000e+00,  0.00000000e+00, -2.22044605e-16,  0.00000000e+00,
       -2.22044605e-16, -2.22044605e-16, -2.22044605e-16,  0.00000000e+00,
        0.00000000e+00,  0.00000000e+00, -2.22044605e-16, -2.22044605e-16,
       -2.22044605e-16])}
         accs  y_pred (s)  y_true (s)
54     [1, 9]   11.931799      19.499
4    [28, 42]   24.772953      26.335
3    [28, 42]   24.772953      27.642
11   [28, 42]   24.772953      18.893
27   [29, 26]   18.403999      65.978
29   [29, 26]   18.403999      45.143
64     [1, 9]   11.931799      30.560
77   [14, 14]   18.044848      12.834
124  [24, 23]   16.117901      45.263
71     [1, 9]   11.931799       9.629
25   [29, 26]   18.403999      19.467
91    [20, 2]   13.048619      14.879
83   [14, 14]   18.044848      24.338
89   [14, 14]   18.044848      11.455
69     [1, 9]   11.931799       9.069
{'mse': 296.30679971532305, 'mae': 11.791817567772288, 'r2-score': -0.21193402608691936, 'max-error': 62.735372298399355, 'explained variance score': 0.06254289931071788, 'layers': ['mbconv1', 'mbconv4']}
