environment: line 5: __conda_exe: command not found
Using device: cuda
Using model: efficientnetB0
Number of videos: 64
Execution type : naive
Using 2 features
Job ID : 17
Plotting ?  yes
Calculate accumulators ?  no
The directory contains : 65 videos
Number of videos in the directory : 65
Number of videos in the dataframe : 64
['conv1', 'mbconv1', 'mbconv2', 'mbconv3', 'mbconv4', 'mbconv5', 'mbconv6', 'mbconv7', 'conv2', 'pool', 'output']
{'conv1': {'T_max': 448.07057094573975, 'T_min': 278.996922403574, 'tau': 100, 'alpha': 50}, 'mbconv1': {'T_max': 1141.3850047588348, 'T_min': 812.3603581190109, 'tau': 100, 'alpha': 50}, 'mbconv2': {'T_max': 953.6717767715454, 'T_min': 642.3899536132812, 'tau': 100, 'alpha': 50}, 'mbconv3': {'T_max': 513.2992756962776, 'T_min': 322.42850029468536, 'tau': 100, 'alpha': 50}, 'mbconv4': {'T_max': 258.70095932483673, 'T_min': 155.41686257719994, 'tau': 100, 'alpha': 50}, 'mbconv5': {'T_max': 325.90665873885155, 'T_min': 182.09475773572922, 'tau': 100, 'alpha': 50}, 'mbconv6': {'T_max': 210.1228244304657, 'T_min': 113.37274000048637, 'tau': 100, 'alpha': 50}, 'mbconv7': {'T_max': 136.23850935697556, 'T_min': 72.70513460040092, 'tau': 100, 'alpha': 50}, 'conv2': {'T_max': 128.36026607453823, 'T_min': 69.14668047428131, 'tau': 100, 'alpha': 50}, 'pool': {'T_max': 5.443593147210777, 'T_min': 2.9237937070429325, 'tau': 100, 'alpha': 50}, 'output': {'T_max': 14.12623843550682, 'T_min': 7.4854159746319056, 'tau': 100, 'alpha': 50}}
Iterating over following combinations of layers :  [['conv1'], ['mbconv1'], ['mbconv2'], ['mbconv3'], ['mbconv4'], ['mbconv5'], ['mbconv6'], ['mbconv7'], ['conv2'], ['pool'], ['output'], ['conv1', 'mbconv1'], ['conv1', 'mbconv2'], ['conv1', 'mbconv3'], ['conv1', 'mbconv4'], ['conv1', 'mbconv5'], ['conv1', 'mbconv6'], ['conv1', 'mbconv7'], ['conv1', 'conv2'], ['conv1', 'pool'], ['conv1', 'output'], ['mbconv1', 'mbconv2'], ['mbconv1', 'mbconv3'], ['mbconv1', 'mbconv4'], ['mbconv1', 'mbconv5'], ['mbconv1', 'mbconv6'], ['mbconv1', 'mbconv7'], ['mbconv1', 'conv2'], ['mbconv1', 'pool'], ['mbconv1', 'output'], ['mbconv2', 'mbconv3'], ['mbconv2', 'mbconv4'], ['mbconv2', 'mbconv5'], ['mbconv2', 'mbconv6'], ['mbconv2', 'mbconv7'], ['mbconv2', 'conv2'], ['mbconv2', 'pool'], ['mbconv2', 'output'], ['mbconv3', 'mbconv4'], ['mbconv3', 'mbconv5'], ['mbconv3', 'mbconv6'], ['mbconv3', 'mbconv7'], ['mbconv3', 'conv2'], ['mbconv3', 'pool'], ['mbconv3', 'output'], ['mbconv4', 'mbconv5'], ['mbconv4', 'mbconv6'], ['mbconv4', 'mbconv7'], ['mbconv4', 'conv2'], ['mbconv4', 'pool'], ['mbconv4', 'output'], ['mbconv5', 'mbconv6'], ['mbconv5', 'mbconv7'], ['mbconv5', 'conv2'], ['mbconv5', 'pool'], ['mbconv5', 'output'], ['mbconv6', 'mbconv7'], ['mbconv6', 'conv2'], ['mbconv6', 'pool'], ['mbconv6', 'output'], ['mbconv7', 'conv2'], ['mbconv7', 'pool'], ['mbconv7', 'output'], ['conv2', 'pool'], ['conv2', 'output'], ['pool', 'output']]
[['conv1', 'mbconv7']]
Generating the training set for videos : 
TRAINING SET : contains 962 samples, 37 patients based on 56 videos
TEST SET : contains 127 samples, 37 patients based on 8 videos
Dataset constituted.
--------------------NAIVE IMPLEMENTATION-------------------
Number of folds : 53
Grid search.
The best parameters are : {'C': 1}
Metrics obtained during CV : 
{'r2': array([-2.56117516e-01, -3.12832274e-02, -7.18988249e-04, -1.49617602e-01,
       -4.90600002e-02, -1.94916208e-02, -8.90164748e-02, -1.03559626e-01,
       -3.90239968e-03, -3.46007674e-04, -6.81705391e-02, -5.26412685e-01,
       -2.15511519e-01, -3.77711605e-01, -1.21445810e-01, -4.45344700e-05,
       -1.33152259e-02, -3.32522172e-01, -3.05977080e-02, -5.58572855e-02,
       -1.26936346e-01, -7.57590092e-01, -4.78888252e-02, -2.24703150e-01,
       -2.40024801e-03, -1.13258602e-01, -1.18576420e-01, -3.86970174e-01,
       -2.23874495e-01, -6.10579411e-02, -2.50852214e-02, -1.87183397e-01,
       -4.89891274e-01, -7.57340060e-03, -2.77076413e-01, -1.06041257e-01,
       -1.64299770e-02, -1.17353130e-01, -5.74515180e-01, -4.25779950e-02,
       -3.39241782e-03, -7.63979356e-02, -8.81422886e-01, -1.85537112e-01,
       -2.57781266e-01, -1.40171497e-04, -2.48771379e-01, -7.41586695e-02,
       -3.24814220e-01, -4.74197607e-01, -2.45072127e-02, -2.11482881e-01,
       -4.84580010e-02]), 'neg_mean_absolute_error': array([ -9.65485294, -11.14690552,  -8.40812135, -10.85250818,
       -10.36754692,  -5.61089166,  -8.01365784,  -6.12981711,
        -6.74420775,  -7.46030941,  -7.69776709, -13.6073851 ,
       -13.89542496, -14.44275742,  -7.35482549,  -7.67610844,
       -13.35003802,  -5.47392632,  -8.66836222,  -9.52688889,
        -9.17311111, -14.33490186,  -8.25598698, -10.83244621,
        -7.53718355,  -9.43438889,  -9.01450895, -16.48790219,
       -10.48122222, -10.25894444, -11.59161111, -11.15608965,
       -12.718093  ,  -8.51958184, -11.78924332, -10.53297151,
        -9.44361111,  -7.99232198,  -9.00543868,  -7.3116207 ,
        -6.86733969, -11.70050717, -15.61571478,  -9.16828907,
       -20.52664456,  -7.81536477,  -9.84319781,  -5.58906164,
        -9.60102294, -16.53856723,  -8.21556487, -14.30755721,
       -10.20227866]), 'neg_mean_squared_error': array([-140.09145975, -196.83324832,  -95.0648355 , -202.36298153,
       -134.24896789,  -47.04907537, -138.81232318, -102.49017621,
        -65.50557833,  -77.76431261,  -99.51321278, -314.80724542,
       -367.007539  , -351.22483261,  -81.74058654,  -81.73360875,
       -253.60283002,  -37.53498638,  -98.66499833, -195.0223474 ,
       -162.95481891, -381.15078134, -113.61621482, -239.49984323,
       -114.08445865, -269.19871721, -155.48535192, -540.49189547,
       -230.56290252, -155.21014895, -201.07082767, -219.87537432,
       -323.66369571, -116.97293211, -181.37651221, -210.00202818,
       -166.93675015,  -82.97544093, -100.57216167, -111.97775838,
        -80.82840667, -244.58188699, -460.82969945, -184.05348339,
       -740.28363969, -102.50212309, -164.02424146,  -46.82466201,
       -234.05743637, -458.34791112, -121.78835463, -367.22282648,
       -244.7044984 ]), 'max_error': array([-33.76898628, -33.36220494, -17.38033886, -35.5183446 ,
       -22.14951551, -14.94672263, -31.75283298, -35.58052514,
       -18.04901761, -19.08437373, -24.51752492, -33.7386167 ,
       -59.36243917, -41.5450782 , -20.40418796, -17.25235345,
       -33.10427769, -10.27577141, -24.19974002, -44.73269592,
       -34.88260406, -48.15482334, -23.32738283, -47.46201587,
       -32.73394936, -48.31011442, -34.22586018, -61.89837325,
       -35.9911326 , -30.11050174, -30.1609366 , -36.61360227,
       -48.08258425, -25.20655269, -26.06009493, -43.24224358,
       -36.87852375, -20.33965055, -17.80870688, -34.41008627,
       -21.18414759, -46.39306452, -53.29473884, -43.5453672 ,
       -69.857267  , -23.72279885, -33.64062325, -14.93831737,
       -52.10891286, -45.44472858, -34.41860282, -43.93695769,
       -51.56088536]), 'explained_variance': array([-4.44089210e-16,  0.00000000e+00,  1.11022302e-16,  0.00000000e+00,
        0.00000000e+00,  0.00000000e+00,  0.00000000e+00,  0.00000000e+00,
        0.00000000e+00,  3.33066907e-16,  0.00000000e+00, -2.22044605e-16,
        0.00000000e+00,  0.00000000e+00,  2.22044605e-16,  0.00000000e+00,
        2.22044605e-16,  0.00000000e+00,  0.00000000e+00,  0.00000000e+00,
        0.00000000e+00,  0.00000000e+00, -2.22044605e-16, -2.22044605e-16,
        0.00000000e+00, -2.22044605e-16,  0.00000000e+00,  0.00000000e+00,
        0.00000000e+00, -2.22044605e-16, -2.22044605e-16,  0.00000000e+00,
        1.11022302e-16,  0.00000000e+00,  0.00000000e+00,  3.33066907e-16,
       -2.22044605e-16,  0.00000000e+00,  0.00000000e+00,  0.00000000e+00,
        0.00000000e+00,  0.00000000e+00,  0.00000000e+00,  0.00000000e+00,
       -2.22044605e-16, -2.22044605e-16,  0.00000000e+00,  0.00000000e+00,
        1.11022302e-16,  0.00000000e+00,  1.11022302e-16,  0.00000000e+00,
       -2.22044605e-16])}
         accs  y_pred (s)  y_true (s)
54     [2, 2]   13.420277      19.499
4    [32, 34]   21.786825      26.335
3    [32, 34]   21.786825      27.642
11   [32, 34]   21.786825      18.893
27   [31, 22]   20.109327      65.978
29   [31, 22]   20.109327      45.143
64     [2, 2]   13.420277      30.560
77   [17, 11]   17.280816      12.834
124  [25, 21]   18.188856      45.263
71     [2, 2]   13.420277       9.629
25   [31, 22]   20.109327      19.467
91    [16, 3]   18.279438      14.879
83   [17, 11]   17.280816      24.338
89   [17, 11]   17.280816      11.455
69     [2, 2]   13.420277       9.069
{'mse': 282.73559987723377, 'mae': 11.503263601744234, 'r2-score': -0.156426022644516, 'max-error': 65.6130344905205, 'explained variance score': 0.08066851160297395, 'layers': ['conv1', 'mbconv7']}
