environment: line 5: __conda_exe: command not found
Using device: cuda
Using model: efficientnetB0
Number of videos: 64
Execution type : naive
Using 2 features
Job ID : 35
Plotting ?  yes
Calculate accumulators ?  no
The directory contains : 65 videos
Number of videos in the directory : 65
Number of videos in the dataframe : 64
['conv1', 'mbconv1', 'mbconv2', 'mbconv3', 'mbconv4', 'mbconv5', 'mbconv6', 'mbconv7', 'conv2', 'pool', 'output']
{'conv1': {'T_max': 448.07057094573975, 'T_min': 278.996922403574, 'tau': 100, 'alpha': 50}, 'mbconv1': {'T_max': 1141.3850047588348, 'T_min': 812.3603581190109, 'tau': 100, 'alpha': 50}, 'mbconv2': {'T_max': 953.6717767715454, 'T_min': 642.3899536132812, 'tau': 100, 'alpha': 50}, 'mbconv3': {'T_max': 513.2992756962776, 'T_min': 322.42850029468536, 'tau': 100, 'alpha': 50}, 'mbconv4': {'T_max': 258.70095932483673, 'T_min': 155.41686257719994, 'tau': 100, 'alpha': 50}, 'mbconv5': {'T_max': 325.90665873885155, 'T_min': 182.09475773572922, 'tau': 100, 'alpha': 50}, 'mbconv6': {'T_max': 210.1228244304657, 'T_min': 113.37274000048637, 'tau': 100, 'alpha': 50}, 'mbconv7': {'T_max': 136.23850935697556, 'T_min': 72.70513460040092, 'tau': 100, 'alpha': 50}, 'conv2': {'T_max': 128.36026607453823, 'T_min': 69.14668047428131, 'tau': 100, 'alpha': 50}, 'pool': {'T_max': 5.443593147210777, 'T_min': 2.9237937070429325, 'tau': 100, 'alpha': 50}, 'output': {'T_max': 14.12623843550682, 'T_min': 7.4854159746319056, 'tau': 100, 'alpha': 50}}
Iterating over following combinations of layers :  [['conv1'], ['mbconv1'], ['mbconv2'], ['mbconv3'], ['mbconv4'], ['mbconv5'], ['mbconv6'], ['mbconv7'], ['conv2'], ['pool'], ['output'], ['conv1', 'mbconv1'], ['conv1', 'mbconv2'], ['conv1', 'mbconv3'], ['conv1', 'mbconv4'], ['conv1', 'mbconv5'], ['conv1', 'mbconv6'], ['conv1', 'mbconv7'], ['conv1', 'conv2'], ['conv1', 'pool'], ['conv1', 'output'], ['mbconv1', 'mbconv2'], ['mbconv1', 'mbconv3'], ['mbconv1', 'mbconv4'], ['mbconv1', 'mbconv5'], ['mbconv1', 'mbconv6'], ['mbconv1', 'mbconv7'], ['mbconv1', 'conv2'], ['mbconv1', 'pool'], ['mbconv1', 'output'], ['mbconv2', 'mbconv3'], ['mbconv2', 'mbconv4'], ['mbconv2', 'mbconv5'], ['mbconv2', 'mbconv6'], ['mbconv2', 'mbconv7'], ['mbconv2', 'conv2'], ['mbconv2', 'pool'], ['mbconv2', 'output'], ['mbconv3', 'mbconv4'], ['mbconv3', 'mbconv5'], ['mbconv3', 'mbconv6'], ['mbconv3', 'mbconv7'], ['mbconv3', 'conv2'], ['mbconv3', 'pool'], ['mbconv3', 'output'], ['mbconv4', 'mbconv5'], ['mbconv4', 'mbconv6'], ['mbconv4', 'mbconv7'], ['mbconv4', 'conv2'], ['mbconv4', 'pool'], ['mbconv4', 'output'], ['mbconv5', 'mbconv6'], ['mbconv5', 'mbconv7'], ['mbconv5', 'conv2'], ['mbconv5', 'pool'], ['mbconv5', 'output'], ['mbconv6', 'mbconv7'], ['mbconv6', 'conv2'], ['mbconv6', 'pool'], ['mbconv6', 'output'], ['mbconv7', 'conv2'], ['mbconv7', 'pool'], ['mbconv7', 'output'], ['conv2', 'pool'], ['conv2', 'output'], ['pool', 'output']]
[['mbconv2', 'conv2']]
Generating the training set for videos : 
TRAINING SET : contains 962 samples, 37 patients based on 56 videos
TEST SET : contains 127 samples, 37 patients based on 8 videos
Dataset constituted.
--------------------NAIVE IMPLEMENTATION-------------------
Number of folds : 53
Grid search.
The best parameters are : {'C': 10.0}
Metrics obtained during CV : 
{'r2': array([-2.28519027e-01, -1.20150613e-01, -6.81057654e-02, -3.04302539e-02,
       -2.25725225e-01, -1.01193835e-02, -5.58018190e-02, -5.29515162e-02,
       -3.15686216e-01, -2.50521087e-02, -3.08145168e-01, -4.61004320e-01,
       -4.97157144e-01, -4.30429897e-02, -5.37064871e-02, -7.13540175e-02,
       -9.64815387e-04, -1.16346251e+00, -1.82438549e-01, -2.89408988e-01,
       -1.78036534e-01, -8.47465068e-01, -5.31949012e-03, -4.13856385e-02,
       -1.08919131e-01, -8.61816296e-02, -5.80894741e-02, -4.75482727e-01,
       -2.27619014e-01, -2.27642149e-01, -4.40884880e-01, -2.24637297e-01,
       -3.48554764e-01, -1.76153565e-02, -5.31760131e-01, -2.94350573e-03,
       -5.14653525e-02, -1.02957287e-01, -1.99599575e-01, -9.55226989e-02,
       -5.23505544e-03, -8.88380093e-03, -6.48125151e-01, -1.16851780e-01,
       -3.87207435e-01, -1.17061291e-01, -2.22538207e-01, -6.49479673e-02,
       -2.47825835e-01, -8.11752481e-01, -4.86544506e-03, -2.86272735e-01,
       -1.94864582e-02]), 'neg_mean_absolute_error': array([ -9.42104091, -11.49522834,  -9.11396251, -11.00079799,
       -11.42452771,  -5.51323884,  -8.00973329,  -6.08330837,
        -8.13019209,  -7.70655082,  -8.34785472, -13.36098697,
       -15.43737333, -13.10683316,  -6.98761986,  -8.06693499,
       -13.50793703,  -6.81170618,  -8.39417304, -10.14655182,
        -9.17311111, -14.74545211,  -8.46412903, -10.63555556,
        -8.95873131,  -9.50695709,  -8.661     , -17.03346042,
       -10.48122222, -10.32122107, -13.0570199 , -11.34349695,
       -12.0005494 ,  -8.79312442, -12.52424579, -10.49816667,
       -10.86077738,  -6.6575    ,  -7.2849038 ,  -7.42990776,
        -6.82512844, -11.64372222, -14.43290872,  -8.8181953 ,
       -21.4528898 ,  -8.01458709,  -9.7470694 ,  -5.56870446,
        -9.20639287, -18.37904955,  -8.15989869, -14.47115292,
       -10.50987817]), 'neg_mean_squared_error': array([-137.01347334, -213.79469563, -101.46634577, -181.38286852,
       -156.85694464,  -46.61655088, -134.57859152,  -97.79008206,
        -85.8497664 ,  -79.68490103, -121.86979859, -301.31742874,
       -452.04669   , -265.90659331,  -76.80316385,  -87.56173059,
       -250.51188755,  -60.94122683, -113.2015883 , -238.16056498,
       -170.34389819, -400.64105813, -109.00068062, -203.65073542,
       -126.20750937, -262.65119419, -147.07749184, -574.98457481,
       -231.26832393, -179.577866  , -282.6300774 , -226.81212081,
       -292.95977928, -118.13874   , -217.54791439, -190.42704696,
       -172.6909013 ,  -81.90639534,  -76.62442633, -117.66426748,
        -80.97684059, -229.24115294, -403.68649906, -173.39015244,
       -816.45910655, -114.48510637, -160.57855378,  -46.42314962,
       -220.45575262, -563.2982725 , -119.45343836, -389.89301199,
       -237.94269503]), 'max_error': array([-34.06514818, -35.70744615, -15.09810176, -32.7008381 ,
       -19.28056763, -15.21178029, -31.05135582, -34.6968591 ,
       -16.01296108, -17.5248448 , -27.35535996, -33.06982176,
       -63.54772762, -35.0448301 , -21.40088895, -19.72758827,
       -30.78739884, -11.8914945 , -26.66744262, -48.83198321,
       -35.6721933 , -48.8938138 , -21.80816937, -43.67797851,
       -29.73578365, -47.64188623, -33.00758488, -63.23053594,
       -36.04521866, -32.89248963, -37.24216977, -37.1758242 ,
       -46.46811115, -24.71417605, -28.47740403, -39.50274813,
       -32.32850072, -26.05680479, -16.05047763, -35.47466983,
       -21.31078135, -43.64738552, -51.2010357 , -42.43762887,
       -72.63600272, -27.06666015, -33.33083596, -15.05367473,
       -51.15052555, -49.18909359, -33.47227773, -45.24572338,
       -50.33048732]), 'explained_variance': array([-2.22044605e-16,  0.00000000e+00,  1.11022302e-16,  3.33066907e-16,
        0.00000000e+00,  0.00000000e+00,  0.00000000e+00,  0.00000000e+00,
        0.00000000e+00,  3.33066907e-16,  0.00000000e+00,  0.00000000e+00,
        0.00000000e+00,  0.00000000e+00,  2.22044605e-16,  0.00000000e+00,
        0.00000000e+00,  0.00000000e+00,  0.00000000e+00,  0.00000000e+00,
        0.00000000e+00, -2.22044605e-16, -2.22044605e-16, -2.22044605e-16,
        0.00000000e+00,  0.00000000e+00,  0.00000000e+00,  1.11022302e-16,
        0.00000000e+00, -2.22044605e-16,  0.00000000e+00,  0.00000000e+00,
        0.00000000e+00,  0.00000000e+00,  0.00000000e+00,  3.33066907e-16,
        0.00000000e+00,  0.00000000e+00, -2.22044605e-16,  2.22044605e-16,
        0.00000000e+00,  1.11022302e-16, -2.22044605e-16,  0.00000000e+00,
       -2.22044605e-16, -2.22044605e-16,  0.00000000e+00,  0.00000000e+00,
        0.00000000e+00,  0.00000000e+00,  0.00000000e+00, -2.22044605e-16,
        0.00000000e+00])}
         accs  y_pred (s)  y_true (s)
54    [10, 2]   16.688906      19.499
4    [46, 32]   26.509428      26.335
3    [46, 32]   26.509428      27.642
11   [46, 32]   26.509428      18.893
27   [30, 18]   13.611801      65.978
29   [30, 18]   13.611801      45.143
64    [10, 2]   16.688906      30.560
77    [16, 7]   19.456284      12.834
124  [26, 18]   14.009029      45.263
71    [10, 2]   16.688906       9.629
25   [30, 18]   13.611801      19.467
91     [3, 5]   13.848081      14.879
83    [16, 7]   19.456284      24.338
89    [16, 7]   19.456284      11.455
69    [10, 2]   16.688906       9.069
{'mse': 319.94262840462227, 'mae': 12.38605991494161, 'r2-score': -0.3086076935520059, 'max-error': 64.0590980833743, 'explained variance score': -0.03759031404203084, 'layers': ['mbconv2', 'conv2']}
