environment: line 5: __conda_exe: command not found
Using device: cuda
Using model: efficientnetB0
Number of videos: 64
Execution type : naive
Using 2 features
Job ID : 31
Plotting ?  yes
Calculate accumulators ?  no
The directory contains : 65 videos
Number of videos in the directory : 65
Number of videos in the dataframe : 64
['conv1', 'mbconv1', 'mbconv2', 'mbconv3', 'mbconv4', 'mbconv5', 'mbconv6', 'mbconv7', 'conv2', 'pool', 'output']
{'conv1': {'T_max': 448.07057094573975, 'T_min': 278.996922403574, 'tau': 100, 'alpha': 50}, 'mbconv1': {'T_max': 1141.3850047588348, 'T_min': 812.3603581190109, 'tau': 100, 'alpha': 50}, 'mbconv2': {'T_max': 953.6717767715454, 'T_min': 642.3899536132812, 'tau': 100, 'alpha': 50}, 'mbconv3': {'T_max': 513.2992756962776, 'T_min': 322.42850029468536, 'tau': 100, 'alpha': 50}, 'mbconv4': {'T_max': 258.70095932483673, 'T_min': 155.41686257719994, 'tau': 100, 'alpha': 50}, 'mbconv5': {'T_max': 325.90665873885155, 'T_min': 182.09475773572922, 'tau': 100, 'alpha': 50}, 'mbconv6': {'T_max': 210.1228244304657, 'T_min': 113.37274000048637, 'tau': 100, 'alpha': 50}, 'mbconv7': {'T_max': 136.23850935697556, 'T_min': 72.70513460040092, 'tau': 100, 'alpha': 50}, 'conv2': {'T_max': 128.36026607453823, 'T_min': 69.14668047428131, 'tau': 100, 'alpha': 50}, 'pool': {'T_max': 5.443593147210777, 'T_min': 2.9237937070429325, 'tau': 100, 'alpha': 50}, 'output': {'T_max': 14.12623843550682, 'T_min': 7.4854159746319056, 'tau': 100, 'alpha': 50}}
Iterating over following combinations of layers :  [['conv1'], ['mbconv1'], ['mbconv2'], ['mbconv3'], ['mbconv4'], ['mbconv5'], ['mbconv6'], ['mbconv7'], ['conv2'], ['pool'], ['output'], ['conv1', 'mbconv1'], ['conv1', 'mbconv2'], ['conv1', 'mbconv3'], ['conv1', 'mbconv4'], ['conv1', 'mbconv5'], ['conv1', 'mbconv6'], ['conv1', 'mbconv7'], ['conv1', 'conv2'], ['conv1', 'pool'], ['conv1', 'output'], ['mbconv1', 'mbconv2'], ['mbconv1', 'mbconv3'], ['mbconv1', 'mbconv4'], ['mbconv1', 'mbconv5'], ['mbconv1', 'mbconv6'], ['mbconv1', 'mbconv7'], ['mbconv1', 'conv2'], ['mbconv1', 'pool'], ['mbconv1', 'output'], ['mbconv2', 'mbconv3'], ['mbconv2', 'mbconv4'], ['mbconv2', 'mbconv5'], ['mbconv2', 'mbconv6'], ['mbconv2', 'mbconv7'], ['mbconv2', 'conv2'], ['mbconv2', 'pool'], ['mbconv2', 'output'], ['mbconv3', 'mbconv4'], ['mbconv3', 'mbconv5'], ['mbconv3', 'mbconv6'], ['mbconv3', 'mbconv7'], ['mbconv3', 'conv2'], ['mbconv3', 'pool'], ['mbconv3', 'output'], ['mbconv4', 'mbconv5'], ['mbconv4', 'mbconv6'], ['mbconv4', 'mbconv7'], ['mbconv4', 'conv2'], ['mbconv4', 'pool'], ['mbconv4', 'output'], ['mbconv5', 'mbconv6'], ['mbconv5', 'mbconv7'], ['mbconv5', 'conv2'], ['mbconv5', 'pool'], ['mbconv5', 'output'], ['mbconv6', 'mbconv7'], ['mbconv6', 'conv2'], ['mbconv6', 'pool'], ['mbconv6', 'output'], ['mbconv7', 'conv2'], ['mbconv7', 'pool'], ['mbconv7', 'output'], ['conv2', 'pool'], ['conv2', 'output'], ['pool', 'output']]
[['mbconv2', 'mbconv4']]
Generating the training set for videos : 
TRAINING SET : contains 962 samples, 37 patients based on 56 videos
TEST SET : contains 127 samples, 37 patients based on 8 videos
Dataset constituted.
--------------------NAIVE IMPLEMENTATION-------------------
Number of folds : 53
Grid search.
The best parameters are : {'C': 100.0}
Metrics obtained during CV : 
{'r2': array([-4.45535165e-02, -2.67718413e-01, -7.00276340e-02, -4.62607506e-02,
       -4.32429262e-05, -6.26336705e-02, -9.92568105e-03, -5.48939122e-02,
       -9.90102237e-02, -5.70346866e-04, -1.32759729e-01, -6.93158704e-01,
       -5.64183144e-01, -1.56655119e-01, -4.75074623e-01, -2.39458236e-02,
       -1.63232791e-02, -1.65221717e+00, -9.98038134e-03, -1.85091561e-01,
       -6.74844104e-02, -8.77805393e-01, -8.94804145e-02, -5.49049594e-01,
       -1.77171285e-01, -7.44837581e-02, -3.48025640e-02, -1.97864232e-02,
       -2.14261256e-01, -5.21968833e-02, -1.02213759e-01, -3.05210466e-01,
       -6.69874982e-01, -2.37368108e-02, -4.13946288e-01, -3.57641356e-01,
       -5.13839543e-02, -5.88925056e-02, -1.00376229e-01, -2.62010386e-02,
       -1.85146675e-03, -5.57727394e-01, -6.50963532e-01, -7.11230139e-02,
       -2.02334092e-01, -3.71761661e-02, -1.65096958e-01, -5.78214107e-02,
       -2.56966192e-01, -8.81098388e-01, -6.53308023e-02, -4.64960172e-02,
       -9.62290652e-02]), 'neg_mean_absolute_error': array([ -7.28444374, -11.94829692,  -9.12709261, -10.97241923,
        -9.6002189 ,  -5.94826017,  -8.26932298,  -6.08542981,
        -7.26903206,  -7.51945197,  -7.8551473 , -14.42066683,
       -15.78256261, -13.52347558,  -9.09216927,  -7.48340649,
       -13.3397376 ,  -7.67798436,  -8.74992131,  -9.82114753,
        -9.17311111, -14.88867874,  -8.34888847, -12.1539534 ,
        -9.49740741,  -9.54263628,  -8.661     , -15.1306518 ,
       -10.48122222, -10.25894444, -11.72731809, -11.69959897,
       -13.49458959,  -8.92089234, -12.1832795 , -11.54665469,
        -9.44361111,  -6.70461226,  -6.66766186,  -7.26040481,
        -7.25196856, -13.80293057, -14.44821928,  -8.69986734,
       -20.16154409,  -7.91793467,  -9.65877023,  -5.55194043,
        -9.25618293, -18.77926012,  -8.2790915 , -14.20423642,
        -9.85824883]), 'neg_mean_squared_error': array([-116.49628721, -241.95984832, -101.64891664, -184.16945297,
       -127.97625796,  -49.04006137, -128.73095428,  -97.97047695,
        -71.71145354,  -77.78175216, -105.53048954, -349.19693261,
       -472.28429925, -294.87013028, -107.51608664,  -83.68706038,
       -254.35565677,  -74.70865209,  -96.69118402, -218.89259205,
       -154.35807839, -407.22065747, -118.12573801, -302.92821147,
       -133.9753747 , -259.8225145 , -143.8405441 , -397.40313615,
       -228.75188658, -153.91396516, -216.19961753, -241.73488309,
       -362.76332199, -118.84940233, -200.81542783, -257.77287828,
       -172.6775326 ,  -78.63411326,  -70.28653478, -110.21879658,
        -80.70427516, -353.95079536, -404.38172301, -166.29080597,
       -707.64947895, -106.29785911, -153.03373215,  -46.11248918,
       -222.07059681, -584.85884985, -126.64126123, -317.21226218,
       -255.85400967]), 'max_error': array([-36.88441535, -38.0669283 , -15.06246291, -33.24003468,
       -24.58076819, -14.1950063 , -29.50917266, -34.73716631,
       -16.01187816, -18.7098042 , -25.51426626, -35.27551543,
       -64.34751724, -38.05180719, -17.49490645, -15.91372337,
       -33.29998565, -12.98878019, -23.4657082 , -47.3676639 ,
       -33.72215074, -49.13435144, -24.16349627, -51.19509676,
       -28.76616666, -47.32077351, -32.36546741, -52.39513384,
       -35.85017036, -29.88514746, -32.42036277, -38.24413023,
       -49.82970158, -24.48419379, -27.45450518, -46.99559805,
       -38.1408659 , -25.38298966, -17.08901082, -33.9491433 ,
       -20.27519574, -53.48397503, -51.22859471, -41.50130609,
       -68.4524484 , -25.5548894 , -32.58109397, -15.14867088,
       -51.27144425, -49.85376564, -35.4985555 , -39.68460867,
       -52.93700466]), 'explained_variance': array([-2.22044605e-16,  1.11022302e-16,  1.11022302e-16,  3.33066907e-16,
        0.00000000e+00,  0.00000000e+00,  0.00000000e+00,  0.00000000e+00,
        0.00000000e+00,  3.33066907e-16,  1.11022302e-16,  0.00000000e+00,
        0.00000000e+00,  0.00000000e+00,  2.22044605e-16,  0.00000000e+00,
        0.00000000e+00,  0.00000000e+00,  0.00000000e+00,  0.00000000e+00,
        2.22044605e-16, -2.22044605e-16, -2.22044605e-16, -2.22044605e-16,
        0.00000000e+00,  0.00000000e+00, -2.22044605e-16,  1.11022302e-16,
        1.11022302e-16, -2.22044605e-16,  0.00000000e+00,  0.00000000e+00,
        1.11022302e-16,  0.00000000e+00,  0.00000000e+00,  3.33066907e-16,
        0.00000000e+00,  0.00000000e+00, -2.22044605e-16,  0.00000000e+00,
        0.00000000e+00,  0.00000000e+00,  0.00000000e+00,  0.00000000e+00,
        0.00000000e+00, -2.22044605e-16,  0.00000000e+00,  0.00000000e+00,
        0.00000000e+00,  0.00000000e+00,  0.00000000e+00, -2.22044605e-16,
        0.00000000e+00])}
         accs  y_pred (s)  y_true (s)
54    [10, 9]   16.246916      19.499
4    [46, 42]   24.339840      26.335
3    [46, 42]   24.339840      27.642
11   [46, 42]   24.339840      18.893
27   [30, 26]   11.793589      65.978
29   [30, 26]   11.793589      45.143
64    [10, 9]   16.246916      30.560
77   [16, 14]   16.063830      12.834
124  [26, 23]   15.891879      45.263
71    [10, 9]   16.246916       9.629
25   [30, 26]   11.793589      19.467
91     [3, 2]   14.492430      14.879
83   [16, 14]   16.063830      24.338
89   [16, 14]   16.063830      11.455
69    [10, 9]   16.246916       9.069
{'mse': 326.6502018047771, 'mae': 12.376494297380695, 'r2-score': -0.33604255648438963, 'max-error': 64.65708356590403, 'explained variance score': -0.003883155634289759, 'layers': ['mbconv2', 'mbconv4']}
