environment: line 5: __conda_exe: command not found
Using device: cuda
Using model: efficientnetB0
Number of videos: 64
Execution type : naive
Using 2 features
Job ID : 44
Plotting ?  yes
Calculate accumulators ?  no
The directory contains : 65 videos
Number of videos in the directory : 65
Number of videos in the dataframe : 64
['conv1', 'mbconv1', 'mbconv2', 'mbconv3', 'mbconv4', 'mbconv5', 'mbconv6', 'mbconv7', 'conv2', 'pool', 'output']
{'conv1': {'T_max': 448.07057094573975, 'T_min': 278.996922403574, 'tau': 100, 'alpha': 50}, 'mbconv1': {'T_max': 1141.3850047588348, 'T_min': 812.3603581190109, 'tau': 100, 'alpha': 50}, 'mbconv2': {'T_max': 953.6717767715454, 'T_min': 642.3899536132812, 'tau': 100, 'alpha': 50}, 'mbconv3': {'T_max': 513.2992756962776, 'T_min': 322.42850029468536, 'tau': 100, 'alpha': 50}, 'mbconv4': {'T_max': 258.70095932483673, 'T_min': 155.41686257719994, 'tau': 100, 'alpha': 50}, 'mbconv5': {'T_max': 325.90665873885155, 'T_min': 182.09475773572922, 'tau': 100, 'alpha': 50}, 'mbconv6': {'T_max': 210.1228244304657, 'T_min': 113.37274000048637, 'tau': 100, 'alpha': 50}, 'mbconv7': {'T_max': 136.23850935697556, 'T_min': 72.70513460040092, 'tau': 100, 'alpha': 50}, 'conv2': {'T_max': 128.36026607453823, 'T_min': 69.14668047428131, 'tau': 100, 'alpha': 50}, 'pool': {'T_max': 5.443593147210777, 'T_min': 2.9237937070429325, 'tau': 100, 'alpha': 50}, 'output': {'T_max': 14.12623843550682, 'T_min': 7.4854159746319056, 'tau': 100, 'alpha': 50}}
Iterating over following combinations of layers :  [['conv1'], ['mbconv1'], ['mbconv2'], ['mbconv3'], ['mbconv4'], ['mbconv5'], ['mbconv6'], ['mbconv7'], ['conv2'], ['pool'], ['output'], ['conv1', 'mbconv1'], ['conv1', 'mbconv2'], ['conv1', 'mbconv3'], ['conv1', 'mbconv4'], ['conv1', 'mbconv5'], ['conv1', 'mbconv6'], ['conv1', 'mbconv7'], ['conv1', 'conv2'], ['conv1', 'pool'], ['conv1', 'output'], ['mbconv1', 'mbconv2'], ['mbconv1', 'mbconv3'], ['mbconv1', 'mbconv4'], ['mbconv1', 'mbconv5'], ['mbconv1', 'mbconv6'], ['mbconv1', 'mbconv7'], ['mbconv1', 'conv2'], ['mbconv1', 'pool'], ['mbconv1', 'output'], ['mbconv2', 'mbconv3'], ['mbconv2', 'mbconv4'], ['mbconv2', 'mbconv5'], ['mbconv2', 'mbconv6'], ['mbconv2', 'mbconv7'], ['mbconv2', 'conv2'], ['mbconv2', 'pool'], ['mbconv2', 'output'], ['mbconv3', 'mbconv4'], ['mbconv3', 'mbconv5'], ['mbconv3', 'mbconv6'], ['mbconv3', 'mbconv7'], ['mbconv3', 'conv2'], ['mbconv3', 'pool'], ['mbconv3', 'output'], ['mbconv4', 'mbconv5'], ['mbconv4', 'mbconv6'], ['mbconv4', 'mbconv7'], ['mbconv4', 'conv2'], ['mbconv4', 'pool'], ['mbconv4', 'output'], ['mbconv5', 'mbconv6'], ['mbconv5', 'mbconv7'], ['mbconv5', 'conv2'], ['mbconv5', 'pool'], ['mbconv5', 'output'], ['mbconv6', 'mbconv7'], ['mbconv6', 'conv2'], ['mbconv6', 'pool'], ['mbconv6', 'output'], ['mbconv7', 'conv2'], ['mbconv7', 'pool'], ['mbconv7', 'output'], ['conv2', 'pool'], ['conv2', 'output'], ['pool', 'output']]
[['mbconv3', 'output']]
Generating the training set for videos : 
TRAINING SET : contains 962 samples, 37 patients based on 56 videos
TEST SET : contains 127 samples, 37 patients based on 8 videos
Dataset constituted.
--------------------NAIVE IMPLEMENTATION-------------------
Number of folds : 53
Grid search.
The best parameters are : {'C': 10.0}
Metrics obtained during CV : 
{'r2': array([-1.98356738e-01, -1.81375573e-01, -1.14085396e-03, -1.58780506e-02,
       -5.73667573e-02, -1.47956708e-02, -7.37005951e-02, -1.85435289e-02,
       -3.77791357e-01, -7.47679978e-02, -2.26704646e-01, -4.12741420e-01,
       -5.59887904e-01, -3.55934804e-02, -1.39845325e-01, -1.19433150e-04,
       -2.30205354e-02, -1.43143900e+00, -1.02736894e-02, -2.50658558e-01,
       -1.75519082e-01, -8.60494334e-01, -3.18187599e-04, -2.13226355e-01,
       -2.61563637e-02, -2.32251788e-01, -1.79648111e-01, -8.09334024e-01,
       -1.95530784e-01, -3.39914031e-02, -1.75733492e-01, -2.18599751e-01,
       -4.86689136e-01, -2.12473550e-02, -4.26080569e-01, -5.41892047e-02,
       -2.29627388e-03, -8.87475531e-02, -2.11342328e-01, -7.07140040e-02,
       -2.51209187e-03, -1.44455312e-03, -5.93154115e-01, -1.63535786e-01,
       -9.14395828e-02, -1.14719180e-01, -2.14881765e-01, -5.23799790e-02,
       -2.51395202e-01, -7.53944117e-01, -4.72603422e-02, -6.66142250e-02,
       -3.26866559e-02]), 'neg_mean_absolute_error': array([ -9.14870906, -11.66811144,  -8.42597965, -11.03461932,
       -10.44264387,  -5.56590378,  -7.9899148 ,  -6.15674154,
        -8.33217534,  -7.96023564,  -8.04381747, -13.16774452,
       -15.75374398, -13.09102981,  -7.44306415,  -7.67003449,
       -13.31978565,  -7.30524476,  -8.74833693, -10.03387241,
        -9.17311111, -14.80312696,  -8.6741705 , -10.81339004,
        -8.01350236,  -9.87269144,  -9.32694216, -18.91866446,
       -10.48122222, -10.25894444, -11.9512453 , -11.31440682,
       -12.70308375,  -8.87119217, -12.22046937, -10.49816667,
        -9.58528945,  -6.6575    ,  -7.35392512,  -7.38022407,
        -6.89164375, -11.77267931, -14.129488  ,  -9.05887203,
       -19.58377778,  -8.00844144,  -9.71947551,  -5.53843176,
        -9.22594371, -18.07404292,  -8.25458899, -14.11181393,
       -10.35252008]), 'neg_mean_squared_error': array([-133.64955315, -225.48024174,  -95.10491128, -178.82129742,
       -135.31198961,  -46.83235941, -136.86007279,  -94.59453141,
        -89.90218543,  -83.54968573, -114.28261307, -291.36369154,
       -470.98740863, -264.00746387,  -83.08170097,  -81.73973022,
       -256.03178193,  -68.48968939,  -96.71926408, -231.00315847,
       -169.97987501, -403.4665832 , -108.45841979, -237.25547029,
       -116.78817267, -297.97263634, -163.9744934 , -705.08392656,
       -225.22329599, -151.25089166, -230.62053911, -225.69392135,
       -322.96806371, -118.56039218, -202.53879651, -200.15697399,
       -164.61545452,  -80.85117039,  -77.37449471, -114.99969748,
        -80.7574919 , -227.55078806, -390.22206939, -180.63779894,
       -642.38106318, -114.24506875, -159.57289167,  -45.8752866 ,
       -221.08635948, -545.32487279, -124.49313424, -323.31046234,
       -241.02355065]), 'max_error': array([-34.41010186, -36.80237242, -17.31247733, -32.058233  ,
       -21.94568092, -15.0688326 , -31.44938116, -33.79158214,
       -16.43937017, -16.50950325, -26.5931064 , -32.54530656,
       -64.2977396 , -34.74456631, -20.18675345, -17.21388508,
       -33.67907261, -12.51664336, -23.4799676 , -48.32492585,
       -35.63619318, -48.99762853, -20.86298276, -47.29051039,
       -31.53124468, -50.57090767, -35.16315981, -67.37759603,
       -35.56612236, -29.35179139, -33.81385384, -37.0885538 ,
       -48.04881345, -24.5736541 , -27.56607477, -41.96278339,
       -35.84994746, -25.85891069, -15.94694565, -35.02751661,
       -21.1112354 , -41.6536931 , -50.65487841, -43.21711608,
       -64.87585058, -27.03183481, -33.23701673, -15.22522   ,
       -51.19800616, -48.61296995, -35.08201278, -40.42398858,
       -50.9599197 ]), 'explained_variance': array([-2.22044605e-16,  1.11022302e-16,  1.11022302e-16,  3.33066907e-16,
        0.00000000e+00,  0.00000000e+00,  0.00000000e+00,  0.00000000e+00,
        0.00000000e+00,  3.33066907e-16,  3.33066907e-16,  0.00000000e+00,
        0.00000000e+00,  0.00000000e+00,  2.22044605e-16,  0.00000000e+00,
        0.00000000e+00,  0.00000000e+00,  0.00000000e+00, -2.22044605e-16,
        0.00000000e+00, -2.22044605e-16, -2.22044605e-16, -2.22044605e-16,
        0.00000000e+00,  0.00000000e+00, -2.22044605e-16,  0.00000000e+00,
        0.00000000e+00,  0.00000000e+00, -2.22044605e-16,  0.00000000e+00,
        1.11022302e-16,  0.00000000e+00,  0.00000000e+00,  3.33066907e-16,
       -2.22044605e-16,  0.00000000e+00, -2.22044605e-16,  0.00000000e+00,
        0.00000000e+00,  0.00000000e+00,  0.00000000e+00,  0.00000000e+00,
       -4.44089210e-16,  0.00000000e+00, -2.22044605e-16,  0.00000000e+00,
        0.00000000e+00, -2.22044605e-16,  1.11022302e-16,  0.00000000e+00,
       -2.22044605e-16])}
         accs  y_pred (s)  y_true (s)
54    [11, 2]   17.329364      19.499
4    [45, 28]   26.017069      26.335
3    [45, 28]   26.017069      27.642
11   [45, 28]   26.017069      18.893
27   [29, 18]   19.193481      65.978
29   [29, 18]   19.193481      45.143
64    [11, 2]   17.329364      30.560
77    [15, 9]   18.911645      12.834
124  [26, 20]   17.905215      45.263
71    [11, 2]   17.329364       9.629
25   [29, 18]   19.193481      19.467
91     [3, 4]   14.011751      14.879
83    [15, 9]   18.911645      24.338
89    [15, 9]   18.911645      11.455
69    [11, 2]   17.329364       9.069
{'mse': 278.450290821695, 'mae': 11.455825860627042, 'r2-score': -0.1388985414605015, 'max-error': 63.36961455734098, 'explained variance score': 0.044588779683927715, 'layers': ['mbconv3', 'output']}
