environment: line 5: __conda_exe: command not found
Using device: cuda
Using model: efficientnetB0
Number of videos: 64
Execution type : naive
Using 2 features
Job ID : 7
Plotting ?  yes
Calculate accumulators ?  no
The directory contains : 65 videos
Number of videos in the directory : 65
Number of videos in the dataframe : 64
['conv1', 'mbconv1', 'mbconv2', 'mbconv3', 'mbconv4', 'mbconv5', 'mbconv6', 'mbconv7', 'conv2', 'pool', 'output']
{'conv1': {'T_max': 448.07057094573975, 'T_min': 278.996922403574, 'tau': 100, 'alpha': 50}, 'mbconv1': {'T_max': 1141.3850047588348, 'T_min': 812.3603581190109, 'tau': 100, 'alpha': 50}, 'mbconv2': {'T_max': 953.6717767715454, 'T_min': 642.3899536132812, 'tau': 100, 'alpha': 50}, 'mbconv3': {'T_max': 513.2992756962776, 'T_min': 322.42850029468536, 'tau': 100, 'alpha': 50}, 'mbconv4': {'T_max': 258.70095932483673, 'T_min': 155.41686257719994, 'tau': 100, 'alpha': 50}, 'mbconv5': {'T_max': 325.90665873885155, 'T_min': 182.09475773572922, 'tau': 100, 'alpha': 50}, 'mbconv6': {'T_max': 210.1228244304657, 'T_min': 113.37274000048637, 'tau': 100, 'alpha': 50}, 'mbconv7': {'T_max': 136.23850935697556, 'T_min': 72.70513460040092, 'tau': 100, 'alpha': 50}, 'conv2': {'T_max': 128.36026607453823, 'T_min': 69.14668047428131, 'tau': 100, 'alpha': 50}, 'pool': {'T_max': 5.443593147210777, 'T_min': 2.9237937070429325, 'tau': 100, 'alpha': 50}, 'output': {'T_max': 14.12623843550682, 'T_min': 7.4854159746319056, 'tau': 100, 'alpha': 50}}
Iterating over following combinations of layers :  [['conv1'], ['mbconv1'], ['mbconv2'], ['mbconv3'], ['mbconv4'], ['mbconv5'], ['mbconv6'], ['mbconv7'], ['conv2'], ['pool'], ['output'], ['conv1', 'mbconv1'], ['conv1', 'mbconv2'], ['conv1', 'mbconv3'], ['conv1', 'mbconv4'], ['conv1', 'mbconv5'], ['conv1', 'mbconv6'], ['conv1', 'mbconv7'], ['conv1', 'conv2'], ['conv1', 'pool'], ['conv1', 'output'], ['mbconv1', 'mbconv2'], ['mbconv1', 'mbconv3'], ['mbconv1', 'mbconv4'], ['mbconv1', 'mbconv5'], ['mbconv1', 'mbconv6'], ['mbconv1', 'mbconv7'], ['mbconv1', 'conv2'], ['mbconv1', 'pool'], ['mbconv1', 'output'], ['mbconv2', 'mbconv3'], ['mbconv2', 'mbconv4'], ['mbconv2', 'mbconv5'], ['mbconv2', 'mbconv6'], ['mbconv2', 'mbconv7'], ['mbconv2', 'conv2'], ['mbconv2', 'pool'], ['mbconv2', 'output'], ['mbconv3', 'mbconv4'], ['mbconv3', 'mbconv5'], ['mbconv3', 'mbconv6'], ['mbconv3', 'mbconv7'], ['mbconv3', 'conv2'], ['mbconv3', 'pool'], ['mbconv3', 'output'], ['mbconv4', 'mbconv5'], ['mbconv4', 'mbconv6'], ['mbconv4', 'mbconv7'], ['mbconv4', 'conv2'], ['mbconv4', 'pool'], ['mbconv4', 'output'], ['mbconv5', 'mbconv6'], ['mbconv5', 'mbconv7'], ['mbconv5', 'conv2'], ['mbconv5', 'pool'], ['mbconv5', 'output'], ['mbconv6', 'mbconv7'], ['mbconv6', 'conv2'], ['mbconv6', 'pool'], ['mbconv6', 'output'], ['mbconv7', 'conv2'], ['mbconv7', 'pool'], ['mbconv7', 'output'], ['conv2', 'pool'], ['conv2', 'output'], ['pool', 'output']]
[['mbconv7']]
Generating the training set for videos : 
TRAINING SET : contains 962 samples, 37 patients based on 56 videos
TEST SET : contains 127 samples, 37 patients based on 8 videos
Dataset constituted.
--------------------NAIVE IMPLEMENTATION-------------------
Number of folds : 53
Grid search.
The best parameters are : {'C': 100.0}
Metrics obtained during CV : 
{'r2': array([-1.85379495e-01, -1.64924874e-01, -4.24366683e-03, -9.93203644e-02,
       -8.46291169e-02, -1.23835172e-02, -7.57532681e-03, -5.14732641e-05,
       -6.92996979e-03, -3.23039885e-05, -2.90177430e-01, -5.40432621e-01,
       -4.12524332e-01, -7.27359149e-05, -1.31942211e-01, -3.62077485e-02,
       -3.63487818e-03, -1.23110447e+00, -3.91800719e-02, -1.19744554e-01,
       -4.65650253e-02, -9.21225669e-01, -7.12236145e-03, -3.68464882e-01,
       -3.95890138e-02, -4.70339654e-02, -1.12294665e-01, -1.57776253e-01,
       -1.67064578e-01, -1.28329454e-01, -1.05997125e-01, -2.84837963e-01,
       -3.57984653e-01, -4.49349816e-02, -5.15045048e-01, -1.06185276e-02,
       -7.20563977e-02, -3.29328358e-03, -6.75586301e-03, -1.39996946e-02,
       -1.56223279e-02, -3.65985853e-01, -5.82384670e-01, -2.03351998e-01,
       -5.16429608e-01, -4.08190464e-02, -2.30839865e-01, -3.23079412e-03,
       -1.81778643e-01, -7.51022253e-01, -1.34453072e-03, -2.57487707e-02,
       -1.21412162e-02]), 'neg_mean_absolute_error': array([ -9.02518786, -11.62498006,  -8.50643259, -10.90254269,
       -10.65685384,  -5.53998415,  -8.30673282,  -6.52028358,
        -6.77710973,  -7.49411743,  -8.27274975, -13.65816835,
       -15.03525589, -13.1664497 ,  -7.40121286,  -7.95725268,
       -13.58094639,  -6.94122998,  -8.64333839,  -9.57939837,
        -9.17311111, -15.1134228 ,  -8.43761314, -11.18434281,
        -8.19007634,  -9.6394696 ,  -8.97817504, -15.17428012,
       -10.48122222, -10.25894444, -11.73644201, -11.6145129 ,
       -12.05251551,  -9.26754475, -12.47835397, -10.49816667,
        -9.44361111,  -6.88202734,  -5.9172663 ,  -7.21025979,
        -7.57890958, -12.91088936, -14.06841927,  -9.25220846,
       -22.23221559,  -7.92342883,  -9.7764575 ,  -5.21055435,
        -8.82612166, -18.05832137,  -8.13867962, -14.32429155,
       -10.63928753]), 'neg_mean_squared_error': array([-132.2022356 , -222.34042105,  -95.39966775, -193.50934269,
       -138.80077351,  -46.72103962, -128.43136457,  -92.87713074,
        -65.70313014,  -77.73992609, -120.19588301, -317.69871606,
       -426.49293786, -254.95203638,  -82.50565422,  -84.68922712,
       -251.1801253 ,  -62.84659092,  -99.48663698, -206.82265905,
       -151.33313857, -416.63677355, -109.196155  , -267.61352318,
       -118.31695982, -253.18483932, -154.61216986, -451.17674002,
       -219.86061279, -165.05053661, -216.94172615, -237.96174093,
       -295.00832646, -121.31037658, -215.17395818, -191.8842893 ,
       -176.07273995,  -74.50527535,  -64.30653365, -108.9083151 ,
        -81.81358867, -310.3827929 , -387.58423615, -186.81922707,
       -892.51450923, -106.67120974, -161.66896413,  -43.73277821,
       -208.78707012, -544.41642587, -119.03488947, -310.92338873,
       -236.22835475]), 'max_error': array([-34.56656204, -36.52920703, -17.00675615, -34.56768886,
       -21.36425386, -15.13918588, -29.36701529, -32.41012241,
       -17.88118302, -18.87025626, -27.19680503, -33.87645695,
       -62.456266  , -31.59609113, -20.27827938, -19.03293366,
       -30.32500622, -12.05555797, -24.42495447, -46.22358529,
       -33.19319274, -49.47146754, -21.92749088, -49.32169511,
       -31.13395323, -46.44927356, -34.11685847, -57.45952106,
       -35.10696123, -31.45459517, -32.50247808, -37.98887204,
       -46.5850349 , -23.86021946, -28.33972857, -40.17506821,
       -38.67595275, -23.78625391, -18.9642011 , -33.49783815,
       -19.53957845, -51.34583476, -50.54495469, -43.79712539,
       -74.97398009, -25.64829017, -33.43075548, -17.11157613,
       -50.20061364, -48.5832737 , -33.11155361, -38.72416758,
       -49.88123325]), 'explained_variance': array([-4.44089210e-16,  0.00000000e+00,  1.11022302e-16,  3.33066907e-16,
        0.00000000e+00,  0.00000000e+00,  0.00000000e+00,  0.00000000e+00,
       -2.22044605e-16,  3.33066907e-16,  1.11022302e-16,  0.00000000e+00,
        0.00000000e+00,  0.00000000e+00,  2.22044605e-16,  0.00000000e+00,
        2.22044605e-16,  0.00000000e+00,  0.00000000e+00,  0.00000000e+00,
        2.22044605e-16, -2.22044605e-16, -2.22044605e-16,  1.11022302e-16,
        0.00000000e+00, -2.22044605e-16,  0.00000000e+00,  0.00000000e+00,
        1.11022302e-16,  0.00000000e+00, -2.22044605e-16,  0.00000000e+00,
        0.00000000e+00,  0.00000000e+00,  0.00000000e+00,  3.33066907e-16,
        0.00000000e+00,  0.00000000e+00,  0.00000000e+00,  2.22044605e-16,
        0.00000000e+00,  0.00000000e+00,  0.00000000e+00,  0.00000000e+00,
       -2.22044605e-16, -2.22044605e-16,  0.00000000e+00,  0.00000000e+00,
        0.00000000e+00,  0.00000000e+00,  0.00000000e+00, -2.22044605e-16,
       -2.22044605e-16])}
     accs  y_pred (s)  y_true (s)
54    [2]   13.533137      19.499
4    [34]   27.260901      26.335
3    [34]   27.260901      27.642
11   [34]   27.260901      18.893
27   [22]   15.857088      65.978
29   [22]   15.857088      45.143
64    [2]   13.533137      30.560
77   [11]   16.214348      12.834
124  [21]   16.225989      45.263
71    [2]   13.533137       9.629
25   [22]   15.857088      19.467
91    [3]   15.099467      14.879
83   [11]   16.214348      24.338
89   [11]   16.214348      11.455
69    [2]   13.533137       9.069
{'mse': 297.3839237292505, 'mae': 11.743945584876894, 'r2-score': -0.21633960585777912, 'max-error': 64.68965184743801, 'explained variance score': 0.06021256713660483, 'layers': ['mbconv7']}
