environment: line 5: __conda_exe: command not found
Using device: cuda
Using model: efficientnetB0
Number of videos: 64
Execution type : naive
Using 2 features
Job ID : 33
Plotting ?  yes
Calculate accumulators ?  no
The directory contains : 65 videos
Number of videos in the directory : 65
Number of videos in the dataframe : 64
['conv1', 'mbconv1', 'mbconv2', 'mbconv3', 'mbconv4', 'mbconv5', 'mbconv6', 'mbconv7', 'conv2', 'pool', 'output']
{'conv1': {'T_max': 448.07057094573975, 'T_min': 278.996922403574, 'tau': 100, 'alpha': 50}, 'mbconv1': {'T_max': 1141.3850047588348, 'T_min': 812.3603581190109, 'tau': 100, 'alpha': 50}, 'mbconv2': {'T_max': 953.6717767715454, 'T_min': 642.3899536132812, 'tau': 100, 'alpha': 50}, 'mbconv3': {'T_max': 513.2992756962776, 'T_min': 322.42850029468536, 'tau': 100, 'alpha': 50}, 'mbconv4': {'T_max': 258.70095932483673, 'T_min': 155.41686257719994, 'tau': 100, 'alpha': 50}, 'mbconv5': {'T_max': 325.90665873885155, 'T_min': 182.09475773572922, 'tau': 100, 'alpha': 50}, 'mbconv6': {'T_max': 210.1228244304657, 'T_min': 113.37274000048637, 'tau': 100, 'alpha': 50}, 'mbconv7': {'T_max': 136.23850935697556, 'T_min': 72.70513460040092, 'tau': 100, 'alpha': 50}, 'conv2': {'T_max': 128.36026607453823, 'T_min': 69.14668047428131, 'tau': 100, 'alpha': 50}, 'pool': {'T_max': 5.443593147210777, 'T_min': 2.9237937070429325, 'tau': 100, 'alpha': 50}, 'output': {'T_max': 14.12623843550682, 'T_min': 7.4854159746319056, 'tau': 100, 'alpha': 50}}
Iterating over following combinations of layers :  [['conv1'], ['mbconv1'], ['mbconv2'], ['mbconv3'], ['mbconv4'], ['mbconv5'], ['mbconv6'], ['mbconv7'], ['conv2'], ['pool'], ['output'], ['conv1', 'mbconv1'], ['conv1', 'mbconv2'], ['conv1', 'mbconv3'], ['conv1', 'mbconv4'], ['conv1', 'mbconv5'], ['conv1', 'mbconv6'], ['conv1', 'mbconv7'], ['conv1', 'conv2'], ['conv1', 'pool'], ['conv1', 'output'], ['mbconv1', 'mbconv2'], ['mbconv1', 'mbconv3'], ['mbconv1', 'mbconv4'], ['mbconv1', 'mbconv5'], ['mbconv1', 'mbconv6'], ['mbconv1', 'mbconv7'], ['mbconv1', 'conv2'], ['mbconv1', 'pool'], ['mbconv1', 'output'], ['mbconv2', 'mbconv3'], ['mbconv2', 'mbconv4'], ['mbconv2', 'mbconv5'], ['mbconv2', 'mbconv6'], ['mbconv2', 'mbconv7'], ['mbconv2', 'conv2'], ['mbconv2', 'pool'], ['mbconv2', 'output'], ['mbconv3', 'mbconv4'], ['mbconv3', 'mbconv5'], ['mbconv3', 'mbconv6'], ['mbconv3', 'mbconv7'], ['mbconv3', 'conv2'], ['mbconv3', 'pool'], ['mbconv3', 'output'], ['mbconv4', 'mbconv5'], ['mbconv4', 'mbconv6'], ['mbconv4', 'mbconv7'], ['mbconv4', 'conv2'], ['mbconv4', 'pool'], ['mbconv4', 'output'], ['mbconv5', 'mbconv6'], ['mbconv5', 'mbconv7'], ['mbconv5', 'conv2'], ['mbconv5', 'pool'], ['mbconv5', 'output'], ['mbconv6', 'mbconv7'], ['mbconv6', 'conv2'], ['mbconv6', 'pool'], ['mbconv6', 'output'], ['mbconv7', 'conv2'], ['mbconv7', 'pool'], ['mbconv7', 'output'], ['conv2', 'pool'], ['conv2', 'output'], ['pool', 'output']]
[['mbconv2', 'mbconv6']]
Generating the training set for videos : 
TRAINING SET : contains 962 samples, 37 patients based on 56 videos
TEST SET : contains 127 samples, 37 patients based on 8 videos
Dataset constituted.
--------------------NAIVE IMPLEMENTATION-------------------
Number of folds : 53
Grid search.
The best parameters are : {'C': 10.0}
Metrics obtained during CV : 
{'r2': array([-6.78732121e-02, -7.61100004e-02, -4.00286512e-02, -1.46452865e-01,
       -1.13892278e-01, -7.04075013e-02, -4.08480571e-02, -7.22957186e-02,
       -9.70511555e-02, -7.68844764e-04, -1.71796213e-01, -5.67397041e-01,
       -4.80500064e-01, -1.88186510e-01, -2.49188790e-01, -1.18851635e-01,
       -7.18736508e-03, -1.15535272e+00, -2.71393742e-02, -2.14131206e-01,
       -8.58436978e-02, -9.21832596e-01, -1.00527226e-01, -4.77726102e-01,
       -1.49241151e-01, -1.18289947e-01, -5.10238050e-04, -2.96052961e-01,
       -2.31757827e-01, -4.39811367e-02, -3.63604399e-03, -3.30665266e-01,
       -6.47266365e-01, -2.89447424e-02, -4.47372217e-01, -3.10968357e-01,
       -3.86334556e-02, -5.00964596e-02, -2.59460689e-02, -3.94532808e-02,
       -3.06436776e-03, -4.46597433e-01, -6.36468049e-01, -4.60998473e-02,
       -1.16799808e-01, -4.53158466e-02, -1.89527874e-01, -4.75164604e-02,
       -2.16604666e-01, -7.87712799e-01, -4.59413085e-02, -1.54783769e-01,
       -2.35178657e-02]), 'neg_mean_absolute_error': array([ -7.62590623, -11.3409033 ,  -8.89528209, -10.85538006,
       -10.85093869,  -5.99677621,  -8.07054828,  -6.1029713 ,
        -7.26238157,  -7.44760368,  -7.93153217, -13.76871829,
       -15.36111124, -13.68317504,  -7.981897  ,  -7.62226366,
       -13.37552751,  -6.79592713,  -8.67943136,  -9.91936383,
        -9.17311111, -15.11652629,  -8.36962998, -11.6975909 ,
        -9.29234153,  -9.43438889,  -8.77663148, -15.9748973 ,
       -10.48122222, -10.25894444, -12.02089915, -11.80201401,
       -13.40333683,  -9.01705031, -12.28446755, -11.29932688,
        -9.44361111,  -6.72266623,  -6.12741752,  -7.30273578,
        -7.30114519, -13.26847371, -14.36967456,  -8.62790419,
       -19.60355348,  -7.92988291,  -9.67833893,  -5.52575043,
        -9.02899337, -18.25357607,  -8.25262953, -14.16294947,
       -10.45731885]), 'neg_mean_squared_error': array([-119.0970711 , -205.38899624,  -98.79911724, -201.80590445,
       -142.54560146,  -49.39882014, -132.67249875,  -99.5866236 ,
        -71.5836225 ,  -77.79718287, -109.16721776, -323.25985616,
       -447.01730619, -302.90853807,  -91.05159025,  -91.44370937,
       -252.06920769,  -60.71278708,  -98.3339123 , -224.25636605,
       -157.01282847, -416.76839156, -119.3234766 , -288.98037021,
       -130.79661026, -270.41535425, -139.07381178, -505.06213794,
       -232.0480254 , -152.71217664, -196.86356396, -246.44930529,
       -357.85183036, -119.45401043, -205.56273843, -248.91116146,
       -170.58341214,  -77.9809126 ,  -65.5323081 , -111.64214944,
        -80.80198056, -328.69956187, -400.83124585, -162.40598369,
       -657.30715577, -107.13207672, -156.24269626,  -45.66327639,
       -214.93984951, -555.82401117, -124.33633403, -350.03627879,
       -238.88360399]), 'max_error': array([-36.36221398, -34.73005424, -15.6916629 , -35.46377885,
       -20.83745213, -14.09258356, -30.66619423, -35.07045464,
       -16.03715002, -19.16484338, -25.99803706, -34.1366275 ,
       -63.34073051, -38.65866515, -19.11761208, -16.1140032 ,
       -32.61997734, -11.87150769, -24.10011773, -47.80963722,
       -34.12154   , -49.47612277, -24.35016978, -50.49866362,
       -29.13528524, -48.42509174, -30.43231666, -60.35935856,
       -36.10448484, -29.65837942, -27.09820383, -38.55137536,
       -49.62438288, -24.31110944, -27.75806933, -46.43911048,
       -37.75478029, -25.22050392, -18.33374744, -34.330122  ,
       -20.16454833, -52.30019085, -51.08721421, -40.85363775,
       -65.83098136, -25.7580095 , -32.91376183, -15.29708087,
       -50.71969819, -48.95208813, -35.04870196, -42.78009572,
       -50.5407246 ]), 'explained_variance': array([-2.22044605e-16,  0.00000000e+00,  1.11022302e-16,  0.00000000e+00,
        2.22044605e-16,  0.00000000e+00,  0.00000000e+00, -2.22044605e-16,
        0.00000000e+00,  3.33066907e-16,  0.00000000e+00, -2.22044605e-16,
        0.00000000e+00,  0.00000000e+00,  2.22044605e-16,  0.00000000e+00,
        0.00000000e+00,  0.00000000e+00,  0.00000000e+00,  0.00000000e+00,
        2.22044605e-16,  1.11022302e-16, -2.22044605e-16, -2.22044605e-16,
        0.00000000e+00,  0.00000000e+00,  0.00000000e+00,  1.11022302e-16,
        0.00000000e+00, -2.22044605e-16,  0.00000000e+00,  0.00000000e+00,
        1.11022302e-16,  0.00000000e+00,  0.00000000e+00,  3.33066907e-16,
        0.00000000e+00,  0.00000000e+00,  0.00000000e+00,  2.22044605e-16,
        0.00000000e+00,  0.00000000e+00,  0.00000000e+00,  0.00000000e+00,
       -4.44089210e-16, -2.22044605e-16, -2.22044605e-16,  0.00000000e+00,
       -2.22044605e-16, -2.22044605e-16, -2.22044605e-16,  0.00000000e+00,
       -2.22044605e-16])}
         accs  y_pred (s)  y_true (s)
54    [10, 4]   18.584750      19.499
4    [46, 37]   23.824291      26.335
3    [46, 37]   23.824291      27.642
11   [46, 37]   23.824291      18.893
27   [30, 24]   16.663557      65.978
29   [30, 24]   16.663557      45.143
64    [10, 4]   18.584750      30.560
77   [16, 14]   16.397558      12.834
124  [26, 23]   17.591982      45.263
71    [10, 4]   18.584750       9.629
25   [30, 24]   16.663557      19.467
91     [3, 4]   14.873914      14.879
83   [16, 14]   16.397558      24.338
89   [16, 14]   16.397558      11.455
69    [10, 4]   18.584750       9.069
{'mse': 296.35422829413545, 'mae': 11.729779102855277, 'r2-score': -0.2121280152512819, 'max-error': 64.9856432035982, 'explained variance score': 0.03187901113808966, 'layers': ['mbconv2', 'mbconv6']}
