environment: line 5: __conda_exe: command not found
Using device: cuda
Using model: efficientnetB0
Number of videos: 64
Execution type : naive
Using 2 features
Job ID : 27
Plotting ?  yes
Calculate accumulators ?  no
The directory contains : 65 videos
Number of videos in the directory : 65
Number of videos in the dataframe : 64
['conv1', 'mbconv1', 'mbconv2', 'mbconv3', 'mbconv4', 'mbconv5', 'mbconv6', 'mbconv7', 'conv2', 'pool', 'output']
{'conv1': {'T_max': 448.07057094573975, 'T_min': 278.996922403574, 'tau': 100, 'alpha': 50}, 'mbconv1': {'T_max': 1141.3850047588348, 'T_min': 812.3603581190109, 'tau': 100, 'alpha': 50}, 'mbconv2': {'T_max': 953.6717767715454, 'T_min': 642.3899536132812, 'tau': 100, 'alpha': 50}, 'mbconv3': {'T_max': 513.2992756962776, 'T_min': 322.42850029468536, 'tau': 100, 'alpha': 50}, 'mbconv4': {'T_max': 258.70095932483673, 'T_min': 155.41686257719994, 'tau': 100, 'alpha': 50}, 'mbconv5': {'T_max': 325.90665873885155, 'T_min': 182.09475773572922, 'tau': 100, 'alpha': 50}, 'mbconv6': {'T_max': 210.1228244304657, 'T_min': 113.37274000048637, 'tau': 100, 'alpha': 50}, 'mbconv7': {'T_max': 136.23850935697556, 'T_min': 72.70513460040092, 'tau': 100, 'alpha': 50}, 'conv2': {'T_max': 128.36026607453823, 'T_min': 69.14668047428131, 'tau': 100, 'alpha': 50}, 'pool': {'T_max': 5.443593147210777, 'T_min': 2.9237937070429325, 'tau': 100, 'alpha': 50}, 'output': {'T_max': 14.12623843550682, 'T_min': 7.4854159746319056, 'tau': 100, 'alpha': 50}}
Iterating over following combinations of layers :  [['conv1'], ['mbconv1'], ['mbconv2'], ['mbconv3'], ['mbconv4'], ['mbconv5'], ['mbconv6'], ['mbconv7'], ['conv2'], ['pool'], ['output'], ['conv1', 'mbconv1'], ['conv1', 'mbconv2'], ['conv1', 'mbconv3'], ['conv1', 'mbconv4'], ['conv1', 'mbconv5'], ['conv1', 'mbconv6'], ['conv1', 'mbconv7'], ['conv1', 'conv2'], ['conv1', 'pool'], ['conv1', 'output'], ['mbconv1', 'mbconv2'], ['mbconv1', 'mbconv3'], ['mbconv1', 'mbconv4'], ['mbconv1', 'mbconv5'], ['mbconv1', 'mbconv6'], ['mbconv1', 'mbconv7'], ['mbconv1', 'conv2'], ['mbconv1', 'pool'], ['mbconv1', 'output'], ['mbconv2', 'mbconv3'], ['mbconv2', 'mbconv4'], ['mbconv2', 'mbconv5'], ['mbconv2', 'mbconv6'], ['mbconv2', 'mbconv7'], ['mbconv2', 'conv2'], ['mbconv2', 'pool'], ['mbconv2', 'output'], ['mbconv3', 'mbconv4'], ['mbconv3', 'mbconv5'], ['mbconv3', 'mbconv6'], ['mbconv3', 'mbconv7'], ['mbconv3', 'conv2'], ['mbconv3', 'pool'], ['mbconv3', 'output'], ['mbconv4', 'mbconv5'], ['mbconv4', 'mbconv6'], ['mbconv4', 'mbconv7'], ['mbconv4', 'conv2'], ['mbconv4', 'pool'], ['mbconv4', 'output'], ['mbconv5', 'mbconv6'], ['mbconv5', 'mbconv7'], ['mbconv5', 'conv2'], ['mbconv5', 'pool'], ['mbconv5', 'output'], ['mbconv6', 'mbconv7'], ['mbconv6', 'conv2'], ['mbconv6', 'pool'], ['mbconv6', 'output'], ['mbconv7', 'conv2'], ['mbconv7', 'pool'], ['mbconv7', 'output'], ['conv2', 'pool'], ['conv2', 'output'], ['pool', 'output']]
[['mbconv1', 'conv2']]
Generating the training set for videos : 
TRAINING SET : contains 962 samples, 37 patients based on 56 videos
TEST SET : contains 127 samples, 37 patients based on 8 videos
Dataset constituted.
--------------------NAIVE IMPLEMENTATION-------------------
Number of folds : 53
Grid search.
The best parameters are : {'C': 10.0}
Metrics obtained during CV : 
{'r2': array([-1.34055840e-01, -1.39306520e-01, -1.07692048e-03, -1.80752322e-02,
       -2.07377229e-05, -5.00108255e-03, -8.96776637e-03, -1.83964540e-01,
       -2.10826246e-02, -6.55175805e-02, -1.31493820e-01, -3.49515752e-01,
       -6.25185087e-02, -4.15997183e-02, -2.65126455e-01, -1.83065135e-02,
       -2.52679372e-03, -9.95423667e-02, -2.32731260e-02, -1.07154763e-01,
       -1.55437393e-01, -9.52912318e-01, -5.55732448e-02, -2.37097896e-01,
       -1.62567904e-01, -1.15145663e-01, -7.20565939e-02, -3.96030792e-01,
       -3.74926160e-01, -1.34382106e-01, -1.08829160e-01, -5.76893318e-02,
       -1.54895028e-01, -2.58045514e-02, -1.13242882e+00, -5.06298977e-04,
       -1.62270430e-03, -2.65129972e-02, -5.54056513e-01, -3.42607908e-03,
       -1.26408299e-02, -4.57505287e-02, -5.03907189e-01, -1.54313352e-01,
       -5.89145764e-02, -1.89921883e-02, -2.98316713e-01, -5.12788765e-02,
       -2.61818389e-01, -3.19863298e-01, -3.43782470e-02, -6.39994388e-01,
       -1.76798802e-01]), 'neg_mean_absolute_error': array([ -8.48808851, -13.25457677,  -8.42351719, -11.02872853,
        -9.56708601,  -5.43846281,  -8.28396865,  -6.21516161,
        -6.90880375,  -7.90347651,  -7.85249352, -12.89657995,
       -13.20397591, -13.10388526,  -8.07370206,  -7.87876942,
       -13.55591077,  -4.96329741,  -8.69267844,  -9.55116574,
        -9.17311111, -15.27410746,  -8.27554504, -10.85248765,
        -9.392384  ,  -9.43438889,  -8.72729295, -16.53554625,
       -10.93607912, -10.25894444, -11.7431656 , -10.6662647 ,
       -11.05129959,  -8.9602223 , -14.1691077 , -10.61526465,
        -9.60703786,  -6.781068  ,  -8.92078681,  -7.17205554,
        -6.74505793, -12.36992298, -13.60519086,  -9.01082584,
       -19.58377778,  -7.88518232, -10.06695006,  -5.53561409,
        -9.28225451, -15.93816292,  -8.23407809, -15.81654293,
        -9.6545    ]), 'neg_mean_squared_error': array([-126.47824426, -217.45083916,  -95.09883782, -179.20805925,
       -127.97337795,  -46.38034361, -128.60885295, -109.95756949,
        -66.62660421,  -82.8305822 , -105.41255456, -278.32403424,
       -320.81333395, -265.53865508,  -92.21326392,  -83.22615974,
       -250.90280453,  -30.97232349,  -97.96377431, -204.49725894,
       -167.07606585, -423.50833654, -114.44938973, -241.92372843,
       -132.31334513, -269.65503024, -149.01896182, -544.02275065,
       -259.01917843, -165.93591059, -217.49723081, -195.89209071,
       -250.88917526, -119.089454  , -302.85776055, -189.96429898,
       -164.50482859,  -76.22958785,  -99.26536426, -107.77265928,
        -81.57341371, -237.61810495, -368.36221312, -179.20602506,
       -623.23804461, -104.43422402, -170.53194646,  -45.82728741,
       -222.92784361, -410.36329379, -122.96177441, -497.11257508,
       -274.65855585]), 'max_error': array([-35.24688789, -25.76229163, -17.32183469, -32.17015786,
       -24.70667315, -15.41474381, -29.45351913, -36.61269021,
       -17.38074576, -16.66356375, -25.49745895, -31.80928845,
       -55.64051413, -34.98881985, -18.98343546, -18.53587299,
       -30.48356515, -11.66176417, -23.98089403, -45.96949162,
       -35.33924281, -49.71249452, -23.50340532, -47.64238887,
       -28.95520881, -48.35353154, -33.33081826, -62.04130542,
       -37.90114242, -31.55559264, -32.56299041, -33.99438232,
       -43.56719628, -24.41339986, -32.46899386, -38.44511819,
       -35.75207962, -24.69488796, -17.69986875, -31.66500009,
       -21.67048933, -39.00239773, -49.71114354, -43.07297752,
       -63.42832137, -24.99809951, -34.18402157, -15.24118683,
       -51.33476096, -43.27492323, -34.7333275 , -49.85861448,
       -54.62157301]), 'explained_variance': array([ 0.00000000e+00,  0.00000000e+00,  1.11022302e-16,  3.33066907e-16,
        0.00000000e+00,  0.00000000e+00,  0.00000000e+00,  0.00000000e+00,
       -2.22044605e-16,  3.33066907e-16,  1.11022302e-16,  0.00000000e+00,
        0.00000000e+00,  0.00000000e+00,  2.22044605e-16,  0.00000000e+00,
        2.22044605e-16,  0.00000000e+00,  0.00000000e+00,  0.00000000e+00,
        0.00000000e+00, -2.22044605e-16, -2.22044605e-16, -2.22044605e-16,
        0.00000000e+00,  0.00000000e+00,  0.00000000e+00,  1.11022302e-16,
        0.00000000e+00,  0.00000000e+00, -2.22044605e-16,  0.00000000e+00,
        1.11022302e-16,  0.00000000e+00,  0.00000000e+00,  3.33066907e-16,
       -2.22044605e-16,  0.00000000e+00, -2.22044605e-16,  2.22044605e-16,
        0.00000000e+00,  0.00000000e+00,  0.00000000e+00,  0.00000000e+00,
       -4.44089210e-16,  0.00000000e+00,  0.00000000e+00,  0.00000000e+00,
        0.00000000e+00,  0.00000000e+00, -2.22044605e-16, -2.22044605e-16,
        0.00000000e+00])}
         accs  y_pred (s)  y_true (s)
54     [1, 2]   13.017417      19.499
4    [28, 32]   25.680003      26.335
3    [28, 32]   25.680003      27.642
11   [28, 32]   25.680003      18.893
27   [29, 18]   22.686245      65.978
29   [29, 18]   22.686245      45.143
64     [1, 2]   13.017417      30.560
77    [14, 7]   17.674779      12.834
124  [24, 18]   17.353332      45.263
71     [1, 2]   13.017417       9.629
25   [29, 18]   22.686245      19.467
91    [20, 5]   14.279297      14.879
83    [14, 7]   17.674779      24.338
89    [14, 7]   17.674779      11.455
69     [1, 2]   13.017417       9.069
{'mse': 269.8350336493423, 'mae': 11.344778172322064, 'r2-score': -0.10366099942402118, 'max-error': 62.34760593309129, 'explained variance score': 0.0923562915794982, 'layers': ['mbconv1', 'conv2']}
