environment: line 5: __conda_exe: command not found
Using device: cuda
Using model: efficientnetB0
Number of videos: 64
Execution type : naive
Using 2 features
Job ID : 58
Plotting ?  yes
Calculate accumulators ?  no
The directory contains : 65 videos
Number of videos in the directory : 65
Number of videos in the dataframe : 64
['conv1', 'mbconv1', 'mbconv2', 'mbconv3', 'mbconv4', 'mbconv5', 'mbconv6', 'mbconv7', 'conv2', 'pool', 'output']
{'conv1': {'T_max': 448.07057094573975, 'T_min': 278.996922403574, 'tau': 100, 'alpha': 50}, 'mbconv1': {'T_max': 1141.3850047588348, 'T_min': 812.3603581190109, 'tau': 100, 'alpha': 50}, 'mbconv2': {'T_max': 953.6717767715454, 'T_min': 642.3899536132812, 'tau': 100, 'alpha': 50}, 'mbconv3': {'T_max': 513.2992756962776, 'T_min': 322.42850029468536, 'tau': 100, 'alpha': 50}, 'mbconv4': {'T_max': 258.70095932483673, 'T_min': 155.41686257719994, 'tau': 100, 'alpha': 50}, 'mbconv5': {'T_max': 325.90665873885155, 'T_min': 182.09475773572922, 'tau': 100, 'alpha': 50}, 'mbconv6': {'T_max': 210.1228244304657, 'T_min': 113.37274000048637, 'tau': 100, 'alpha': 50}, 'mbconv7': {'T_max': 136.23850935697556, 'T_min': 72.70513460040092, 'tau': 100, 'alpha': 50}, 'conv2': {'T_max': 128.36026607453823, 'T_min': 69.14668047428131, 'tau': 100, 'alpha': 50}, 'pool': {'T_max': 5.443593147210777, 'T_min': 2.9237937070429325, 'tau': 100, 'alpha': 50}, 'output': {'T_max': 14.12623843550682, 'T_min': 7.4854159746319056, 'tau': 100, 'alpha': 50}}
Iterating over following combinations of layers :  [['conv1'], ['mbconv1'], ['mbconv2'], ['mbconv3'], ['mbconv4'], ['mbconv5'], ['mbconv6'], ['mbconv7'], ['conv2'], ['pool'], ['output'], ['conv1', 'mbconv1'], ['conv1', 'mbconv2'], ['conv1', 'mbconv3'], ['conv1', 'mbconv4'], ['conv1', 'mbconv5'], ['conv1', 'mbconv6'], ['conv1', 'mbconv7'], ['conv1', 'conv2'], ['conv1', 'pool'], ['conv1', 'output'], ['mbconv1', 'mbconv2'], ['mbconv1', 'mbconv3'], ['mbconv1', 'mbconv4'], ['mbconv1', 'mbconv5'], ['mbconv1', 'mbconv6'], ['mbconv1', 'mbconv7'], ['mbconv1', 'conv2'], ['mbconv1', 'pool'], ['mbconv1', 'output'], ['mbconv2', 'mbconv3'], ['mbconv2', 'mbconv4'], ['mbconv2', 'mbconv5'], ['mbconv2', 'mbconv6'], ['mbconv2', 'mbconv7'], ['mbconv2', 'conv2'], ['mbconv2', 'pool'], ['mbconv2', 'output'], ['mbconv3', 'mbconv4'], ['mbconv3', 'mbconv5'], ['mbconv3', 'mbconv6'], ['mbconv3', 'mbconv7'], ['mbconv3', 'conv2'], ['mbconv3', 'pool'], ['mbconv3', 'output'], ['mbconv4', 'mbconv5'], ['mbconv4', 'mbconv6'], ['mbconv4', 'mbconv7'], ['mbconv4', 'conv2'], ['mbconv4', 'pool'], ['mbconv4', 'output'], ['mbconv5', 'mbconv6'], ['mbconv5', 'mbconv7'], ['mbconv5', 'conv2'], ['mbconv5', 'pool'], ['mbconv5', 'output'], ['mbconv6', 'mbconv7'], ['mbconv6', 'conv2'], ['mbconv6', 'pool'], ['mbconv6', 'output'], ['mbconv7', 'conv2'], ['mbconv7', 'pool'], ['mbconv7', 'output'], ['conv2', 'pool'], ['conv2', 'output'], ['pool', 'output']]
[['mbconv6', 'pool']]
Generating the training set for videos : 
TRAINING SET : contains 962 samples, 37 patients based on 56 videos
TEST SET : contains 127 samples, 37 patients based on 8 videos
Dataset constituted.
--------------------NAIVE IMPLEMENTATION-------------------
Number of folds : 53
Grid search.
The best parameters are : {'C': 100.0}
Metrics obtained during CV : 
{'r2': array([-4.38887016e-03, -2.29203503e-02, -3.59765675e-02, -1.45945830e-01,
       -8.76022805e-03, -4.51854343e-02, -1.53309579e-02, -1.02987415e-01,
       -9.06356859e-02, -2.14037682e-02, -6.55941920e-02, -7.39860614e-01,
       -4.91029562e-01, -1.17410908e-02, -2.26765594e-01, -1.11256841e-02,
       -2.33847198e-03, -9.75853067e-01, -2.69818022e-02, -2.08957786e-01,
       -1.39220195e-01, -4.87299852e-01, -7.22955226e-03, -3.55996217e-01,
       -1.45981673e-02, -3.27107310e-01, -6.04775789e-05, -1.80437944e-01,
       -1.39876284e-01, -3.02097642e-02, -1.94184187e-02, -1.03798143e-02,
       -1.62248475e-01, -3.49076728e-02, -3.82436190e-02, -2.23507852e-01,
       -1.65979632e-01, -3.89634214e-02, -5.53616957e-03, -1.39815941e-02,
       -7.15020350e-06, -9.77439533e-02, -6.79649572e-01, -9.81197028e-02,
       -2.11105822e-01, -1.23474321e-01, -2.39576345e-01, -9.22168605e-02,
       -2.15109741e-01, -9.74859346e-01, -1.48119186e-01, -4.75623586e-01,
       -8.57624632e-03]), 'neg_mean_absolute_error': array([ -6.59366897, -12.1254289 ,  -7.9875201 , -10.85584305,
        -9.30201167,  -5.82695002,  -8.21011281,  -6.12936555,
        -7.24011929,  -7.28656418,  -7.69017561, -14.65005803,
       -15.4094698 , -13.58590073,  -7.86812188,  -7.53507016,
       -13.40585231,  -6.48559006,  -9.03710968,  -9.90237818,
        -9.17311111, -13.41957672,  -8.82964098, -11.14640764,
        -7.8195471 , -10.44641383,  -8.8164097 , -15.23475069,
       -10.48122222, -10.25894444, -11.61834776, -10.79850458,
       -11.06642142,  -9.11704177, -10.91312598, -10.8862347 ,
        -9.44361111,  -6.74797366,  -5.62105043,  -7.21017169,
        -7.09099369, -12.86608834, -14.60111998,  -8.764315  ,
       -20.21355237,  -8.03110691,  -9.80681966,  -5.62559018,
        -9.02018817, -19.33468486,  -8.361995  , -15.09613655,
       -10.73999806]), 'neg_mean_squared_error': array([-112.01683058, -195.23708907,  -98.41418333, -201.7166529 ,
       -129.09177686,  -48.2348332 , -129.41994206, -102.4370336 ,
        -71.16500706,  -79.40128847,  -99.27319438, -358.82873141,
       -450.19654797, -257.92669087,  -89.41719543,  -82.63927077,
       -250.85567317,  -55.65657333,  -98.31882703, -223.30080834,
       -164.73106164, -322.53567173, -109.20777705, -265.17518261,
       -115.47271951, -320.90979114, -139.01129378, -460.00783122,
       -214.73867269, -150.69771853, -199.95928233, -187.13000905,
       -252.48663659, -120.14626912, -147.45633426, -232.30519544,
       -191.49853405,  -77.15416524,  -64.22862572, -108.90637103,
        -80.555706  , -249.43218364, -411.40798981, -170.48201564,
       -712.81219595, -115.14236346, -162.81648761,  -47.61185362,
       -214.67573842, -614.01039574, -136.48273522, -447.28875025,
       -235.39630983]), 'max_error': array([-38.41389851, -28.82712156, -19.49037272, -35.45498206,
       -25.71395567, -14.45110552, -29.78228557, -35.57194538,
       -16.12174672, -20.21028067, -24.46944554, -35.67173661,
       -63.47198947, -30.00217723, -19.31388039, -16.35911103,
       -32.04380606, -11.40965556, -20.88101288, -47.73320181,
       -35.08511597, -45.61709522, -20.16336557, -49.17683436,
       -31.96764402, -51.97055611, -30.07431272, -58.00375617,
       -34.63020863, -29.22409674, -29.89437016, -29.33915291,
       -43.70329277, -24.13112482, -22.11756689, -45.26953744,
       -40.45696498, -24.99273706, -20.21577307, -33.49704519,
       -20.63738919, -37.51390163, -51.50381596, -42.08133501,
       -68.68648568, -27.16027251, -33.53398684, -14.7313223 ,
       -50.69831412, -50.71214933, -36.90791496, -47.93753079,
       -49.61267184]), 'explained_variance': array([-4.44089210e-16,  0.00000000e+00,  0.00000000e+00,  3.33066907e-16,
        0.00000000e+00,  0.00000000e+00,  0.00000000e+00,  0.00000000e+00,
        0.00000000e+00,  2.22044605e-16,  0.00000000e+00,  0.00000000e+00,
        0.00000000e+00,  0.00000000e+00,  2.22044605e-16,  0.00000000e+00,
        0.00000000e+00,  0.00000000e+00,  0.00000000e+00,  0.00000000e+00,
        0.00000000e+00,  1.11022302e-16, -2.22044605e-16, -2.22044605e-16,
        0.00000000e+00,  0.00000000e+00,  0.00000000e+00,  1.11022302e-16,
        0.00000000e+00, -2.22044605e-16, -2.22044605e-16, -2.22044605e-16,
        1.11022302e-16,  0.00000000e+00,  0.00000000e+00,  3.33066907e-16,
        0.00000000e+00,  0.00000000e+00, -2.22044605e-16,  0.00000000e+00,
        0.00000000e+00,  0.00000000e+00,  0.00000000e+00,  0.00000000e+00,
       -2.22044605e-16,  0.00000000e+00,  0.00000000e+00,  0.00000000e+00,
        0.00000000e+00, -2.22044605e-16,  0.00000000e+00, -2.22044605e-16,
       -2.22044605e-16])}
         accs  y_pred (s)  y_true (s)
54     [4, 2]   16.123999      19.499
4    [37, 28]   26.178262      26.335
3    [37, 28]   26.178262      27.642
11   [37, 28]   26.178262      18.893
27   [24, 20]   19.547967      65.978
29   [24, 20]   19.547967      45.143
64     [4, 2]   16.123999      30.560
77   [14, 10]   16.488569      12.834
124  [23, 20]   17.995262      45.263
71     [4, 2]   16.123999       9.629
25   [24, 20]   19.547967      19.467
91     [4, 5]   15.991237      14.879
83   [14, 10]   16.488569      24.338
89   [14, 10]   16.488569      11.455
69     [4, 2]   16.123999       9.069
{'mse': 276.56804415770006, 'mae': 11.298761829150894, 'r2-score': -0.1311999034954745, 'max-error': 65.83518756604906, 'explained variance score': 0.08036272298463831, 'layers': ['mbconv6', 'pool']}
