environment: line 5: __conda_exe: command not found
Using device: cuda
Using model: efficientnetB0
Number of videos: 64
Execution type : naive
Using 2 features
Job ID : 41
Plotting ?  yes
Calculate accumulators ?  no
The directory contains : 65 videos
Number of videos in the directory : 65
Number of videos in the dataframe : 64
['conv1', 'mbconv1', 'mbconv2', 'mbconv3', 'mbconv4', 'mbconv5', 'mbconv6', 'mbconv7', 'conv2', 'pool', 'output']
{'conv1': {'T_max': 448.07057094573975, 'T_min': 278.996922403574, 'tau': 100, 'alpha': 50}, 'mbconv1': {'T_max': 1141.3850047588348, 'T_min': 812.3603581190109, 'tau': 100, 'alpha': 50}, 'mbconv2': {'T_max': 953.6717767715454, 'T_min': 642.3899536132812, 'tau': 100, 'alpha': 50}, 'mbconv3': {'T_max': 513.2992756962776, 'T_min': 322.42850029468536, 'tau': 100, 'alpha': 50}, 'mbconv4': {'T_max': 258.70095932483673, 'T_min': 155.41686257719994, 'tau': 100, 'alpha': 50}, 'mbconv5': {'T_max': 325.90665873885155, 'T_min': 182.09475773572922, 'tau': 100, 'alpha': 50}, 'mbconv6': {'T_max': 210.1228244304657, 'T_min': 113.37274000048637, 'tau': 100, 'alpha': 50}, 'mbconv7': {'T_max': 136.23850935697556, 'T_min': 72.70513460040092, 'tau': 100, 'alpha': 50}, 'conv2': {'T_max': 128.36026607453823, 'T_min': 69.14668047428131, 'tau': 100, 'alpha': 50}, 'pool': {'T_max': 5.443593147210777, 'T_min': 2.9237937070429325, 'tau': 100, 'alpha': 50}, 'output': {'T_max': 14.12623843550682, 'T_min': 7.4854159746319056, 'tau': 100, 'alpha': 50}}
Iterating over following combinations of layers :  [['conv1'], ['mbconv1'], ['mbconv2'], ['mbconv3'], ['mbconv4'], ['mbconv5'], ['mbconv6'], ['mbconv7'], ['conv2'], ['pool'], ['output'], ['conv1', 'mbconv1'], ['conv1', 'mbconv2'], ['conv1', 'mbconv3'], ['conv1', 'mbconv4'], ['conv1', 'mbconv5'], ['conv1', 'mbconv6'], ['conv1', 'mbconv7'], ['conv1', 'conv2'], ['conv1', 'pool'], ['conv1', 'output'], ['mbconv1', 'mbconv2'], ['mbconv1', 'mbconv3'], ['mbconv1', 'mbconv4'], ['mbconv1', 'mbconv5'], ['mbconv1', 'mbconv6'], ['mbconv1', 'mbconv7'], ['mbconv1', 'conv2'], ['mbconv1', 'pool'], ['mbconv1', 'output'], ['mbconv2', 'mbconv3'], ['mbconv2', 'mbconv4'], ['mbconv2', 'mbconv5'], ['mbconv2', 'mbconv6'], ['mbconv2', 'mbconv7'], ['mbconv2', 'conv2'], ['mbconv2', 'pool'], ['mbconv2', 'output'], ['mbconv3', 'mbconv4'], ['mbconv3', 'mbconv5'], ['mbconv3', 'mbconv6'], ['mbconv3', 'mbconv7'], ['mbconv3', 'conv2'], ['mbconv3', 'pool'], ['mbconv3', 'output'], ['mbconv4', 'mbconv5'], ['mbconv4', 'mbconv6'], ['mbconv4', 'mbconv7'], ['mbconv4', 'conv2'], ['mbconv4', 'pool'], ['mbconv4', 'output'], ['mbconv5', 'mbconv6'], ['mbconv5', 'mbconv7'], ['mbconv5', 'conv2'], ['mbconv5', 'pool'], ['mbconv5', 'output'], ['mbconv6', 'mbconv7'], ['mbconv6', 'conv2'], ['mbconv6', 'pool'], ['mbconv6', 'output'], ['mbconv7', 'conv2'], ['mbconv7', 'pool'], ['mbconv7', 'output'], ['conv2', 'pool'], ['conv2', 'output'], ['pool', 'output']]
[['mbconv3', 'mbconv7']]
Generating the training set for videos : 
TRAINING SET : contains 962 samples, 37 patients based on 56 videos
TEST SET : contains 127 samples, 37 patients based on 8 videos
Dataset constituted.
--------------------NAIVE IMPLEMENTATION-------------------
Number of folds : 53
Grid search.
The best parameters are : {'C': 10.0}
Metrics obtained during CV : 
{'r2': array([-2.60808453e-01, -2.31783171e-01, -6.86168540e-03, -2.49365453e-01,
       -1.95272372e-01, -2.32154751e-02, -1.34213255e-02, -6.16294025e-02,
       -7.52606132e-01, -3.87018589e-02, -2.25493478e-01, -4.20598798e-01,
       -5.85081733e-01, -5.51152193e-02, -1.51039850e-01, -4.62762846e-03,
       -1.68482020e-03, -1.32375774e+00, -9.80615684e-02, -2.28329777e-01,
       -1.29464577e-01, -8.99142427e-01, -3.95847490e-02, -3.16226348e-02,
       -2.22603170e-02, -1.35151398e-01, -5.50669652e-03, -3.35271697e-01,
       -2.08490798e-01, -9.43746208e-02, -4.15165700e-01, -6.24731756e-01,
       -4.41384584e-01, -2.25078637e-02, -3.82411851e-01, -1.58846717e-01,
       -1.90716417e-03, -8.18146509e-02, -2.65843129e-01, -6.27117948e-02,
       -1.93810489e-04, -1.38250005e-02, -6.19273029e-01, -1.45336700e-01,
       -7.86933330e-02, -8.94094584e-02, -2.20469726e-01, -3.84193211e-02,
       -2.72809351e-01, -7.55446789e-01, -2.44295862e-02, -2.06140900e-01,
       -9.75490807e-03]), 'neg_mean_absolute_error': array([ -9.69331772, -11.81750066,  -8.15193979, -10.96038045,
       -11.28612088,  -5.64281217,  -8.22431655,  -6.09250957,
        -9.29978279,  -7.7600776 ,  -8.04058257, -13.19994684,
       -15.9212404 , -13.12977324,  -7.50242895,  -7.78273845,
       -13.53287862,  -7.11300185,  -8.51808828,  -9.96495441,
        -9.17311111, -14.99979763,  -8.24094444, -10.63555556,
        -7.95409036,  -9.4652308 ,  -8.70901132, -16.20467178,
       -10.48122222, -10.25894444, -12.93465596, -13.12316412,
       -12.48518624,  -8.89670113, -12.08399948, -10.6446081 ,
        -9.94766746,  -6.66310018,  -7.65166029,  -7.36237812,
        -7.02479396, -11.64372222, -14.27533316,  -8.96266055,
       -19.58377778,  -7.98117929,  -9.739662  ,  -5.50014753,
        -9.34043144, -18.08211641,  -8.21540573, -14.29483625,
       -10.70471382]), 'neg_mean_squared_error': array([-140.61462757, -235.10115982,  -95.64837044, -219.9212309 ,
       -152.95987096,  -47.22092956, -129.17652929,  -98.59601775,
       -114.35920298,  -80.74599733, -114.16977795, -292.98419681,
       -478.59435038, -268.98420896,  -83.89765394,  -82.10818488,
       -250.69208346,  -65.45648331, -105.12369857, -226.87891609,
       -163.32040073, -411.84780417, -112.71585433, -201.74150718,
       -116.34475859, -274.49264676, -139.76833394, -520.34538589,
       -227.66480329, -160.08366869, -277.58525112, -300.91265081,
       -313.12611162, -118.70672931, -196.33675592, -220.0281042 ,
       -164.5515478 ,  -80.33632813,  -80.85573351, -114.14022275,
        -80.57074244, -230.36390493, -396.61955259, -177.81240861,
       -634.87909087, -111.6511321 , -160.3068619 ,  -45.26671442,
       -224.86963766, -545.79207361, -121.77912678, -365.60357341,
       -235.67140319]), 'max_error': array([-33.72026422, -37.56990253, -18.44904803, -37.01174283,
       -19.65624333, -14.86008126, -29.69232851, -34.8716819 ,
       -18.482097  , -17.18584184, -26.58081375, -32.63271285,
       -64.58705159, -35.48069155, -20.06142778, -17.92767684,
       -30.62943544, -12.27313567, -25.55220548, -48.01479483,
       -34.92505929, -49.30102977, -23.12042048, -43.31988458,
       -31.66492168, -48.79357721, -31.04089812, -61.04868201,
       -35.76403355, -30.83745173, -36.9668509 , -41.48229542,
       -47.55854405, -24.52773796, -27.1566651 , -44.24697286,
       -34.67616429, -25.75659836, -15.8716571 , -34.86690308,
       -20.7863386 , -43.99899705, -50.91739968, -42.92848166,
       -64.34536312, -26.63004786, -33.30565081, -15.44216398,
       -51.47604778, -48.62821989, -34.41589747, -43.83519002,
       -49.70676315]), 'explained_variance': array([ 0.00000000e+00,  0.00000000e+00,  1.11022302e-16,  0.00000000e+00,
        0.00000000e+00,  0.00000000e+00,  0.00000000e+00, -2.22044605e-16,
        0.00000000e+00,  3.33066907e-16,  1.11022302e-16,  0.00000000e+00,
        0.00000000e+00,  0.00000000e+00,  2.22044605e-16,  0.00000000e+00,
        2.22044605e-16,  0.00000000e+00,  0.00000000e+00,  0.00000000e+00,
        0.00000000e+00, -2.22044605e-16, -2.22044605e-16, -2.22044605e-16,
        0.00000000e+00,  0.00000000e+00,  0.00000000e+00,  0.00000000e+00,
        0.00000000e+00, -2.22044605e-16,  0.00000000e+00,  0.00000000e+00,
        1.11022302e-16,  0.00000000e+00,  0.00000000e+00,  3.33066907e-16,
        0.00000000e+00,  0.00000000e+00, -2.22044605e-16,  0.00000000e+00,
        0.00000000e+00,  0.00000000e+00,  0.00000000e+00,  0.00000000e+00,
       -4.44089210e-16, -2.22044605e-16, -2.22044605e-16,  0.00000000e+00,
        0.00000000e+00, -2.22044605e-16, -2.22044605e-16,  0.00000000e+00,
       -2.22044605e-16])}
         accs  y_pred (s)  y_true (s)
54    [11, 2]   17.624189      19.499
4    [45, 34]   25.456386      26.335
3    [45, 34]   25.456386      27.642
11   [45, 34]   25.456386      18.893
27   [29, 22]   16.795176      65.978
29   [29, 22]   16.795176      45.143
64    [11, 2]   17.624189      30.560
77   [15, 11]   18.666638      12.834
124  [26, 21]   15.954232      45.263
71    [11, 2]   17.624189       9.629
25   [29, 22]   16.795176      19.467
91     [3, 3]   14.110117      14.879
83   [15, 11]   18.666638      24.338
89   [15, 11]   18.666638      11.455
69    [11, 2]   17.624189       9.069
{'mse': 296.8756433695859, 'mae': 11.866457364408992, 'r2-score': -0.2142606719174811, 'max-error': 63.735274405287626, 'explained variance score': 0.012294605154786198, 'layers': ['mbconv3', 'mbconv7']}
