environment: line 5: __conda_exe: command not found
Using device: cuda
Using model: efficientnetB0
Number of videos: 64
Execution type : naive
Using 2 features
Job ID : 36
Plotting ?  yes
Calculate accumulators ?  no
The directory contains : 65 videos
Number of videos in the directory : 65
Number of videos in the dataframe : 64
['conv1', 'mbconv1', 'mbconv2', 'mbconv3', 'mbconv4', 'mbconv5', 'mbconv6', 'mbconv7', 'conv2', 'pool', 'output']
{'conv1': {'T_max': 448.07057094573975, 'T_min': 278.996922403574, 'tau': 100, 'alpha': 50}, 'mbconv1': {'T_max': 1141.3850047588348, 'T_min': 812.3603581190109, 'tau': 100, 'alpha': 50}, 'mbconv2': {'T_max': 953.6717767715454, 'T_min': 642.3899536132812, 'tau': 100, 'alpha': 50}, 'mbconv3': {'T_max': 513.2992756962776, 'T_min': 322.42850029468536, 'tau': 100, 'alpha': 50}, 'mbconv4': {'T_max': 258.70095932483673, 'T_min': 155.41686257719994, 'tau': 100, 'alpha': 50}, 'mbconv5': {'T_max': 325.90665873885155, 'T_min': 182.09475773572922, 'tau': 100, 'alpha': 50}, 'mbconv6': {'T_max': 210.1228244304657, 'T_min': 113.37274000048637, 'tau': 100, 'alpha': 50}, 'mbconv7': {'T_max': 136.23850935697556, 'T_min': 72.70513460040092, 'tau': 100, 'alpha': 50}, 'conv2': {'T_max': 128.36026607453823, 'T_min': 69.14668047428131, 'tau': 100, 'alpha': 50}, 'pool': {'T_max': 5.443593147210777, 'T_min': 2.9237937070429325, 'tau': 100, 'alpha': 50}, 'output': {'T_max': 14.12623843550682, 'T_min': 7.4854159746319056, 'tau': 100, 'alpha': 50}}
Iterating over following combinations of layers :  [['conv1'], ['mbconv1'], ['mbconv2'], ['mbconv3'], ['mbconv4'], ['mbconv5'], ['mbconv6'], ['mbconv7'], ['conv2'], ['pool'], ['output'], ['conv1', 'mbconv1'], ['conv1', 'mbconv2'], ['conv1', 'mbconv3'], ['conv1', 'mbconv4'], ['conv1', 'mbconv5'], ['conv1', 'mbconv6'], ['conv1', 'mbconv7'], ['conv1', 'conv2'], ['conv1', 'pool'], ['conv1', 'output'], ['mbconv1', 'mbconv2'], ['mbconv1', 'mbconv3'], ['mbconv1', 'mbconv4'], ['mbconv1', 'mbconv5'], ['mbconv1', 'mbconv6'], ['mbconv1', 'mbconv7'], ['mbconv1', 'conv2'], ['mbconv1', 'pool'], ['mbconv1', 'output'], ['mbconv2', 'mbconv3'], ['mbconv2', 'mbconv4'], ['mbconv2', 'mbconv5'], ['mbconv2', 'mbconv6'], ['mbconv2', 'mbconv7'], ['mbconv2', 'conv2'], ['mbconv2', 'pool'], ['mbconv2', 'output'], ['mbconv3', 'mbconv4'], ['mbconv3', 'mbconv5'], ['mbconv3', 'mbconv6'], ['mbconv3', 'mbconv7'], ['mbconv3', 'conv2'], ['mbconv3', 'pool'], ['mbconv3', 'output'], ['mbconv4', 'mbconv5'], ['mbconv4', 'mbconv6'], ['mbconv4', 'mbconv7'], ['mbconv4', 'conv2'], ['mbconv4', 'pool'], ['mbconv4', 'output'], ['mbconv5', 'mbconv6'], ['mbconv5', 'mbconv7'], ['mbconv5', 'conv2'], ['mbconv5', 'pool'], ['mbconv5', 'output'], ['mbconv6', 'mbconv7'], ['mbconv6', 'conv2'], ['mbconv6', 'pool'], ['mbconv6', 'output'], ['mbconv7', 'conv2'], ['mbconv7', 'pool'], ['mbconv7', 'output'], ['conv2', 'pool'], ['conv2', 'output'], ['pool', 'output']]
[['mbconv2', 'pool']]
Generating the training set for videos : 
TRAINING SET : contains 962 samples, 37 patients based on 56 videos
TEST SET : contains 127 samples, 37 patients based on 8 videos
Dataset constituted.
--------------------NAIVE IMPLEMENTATION-------------------
Number of folds : 53
Grid search.
The best parameters are : {'C': 10.0}
Metrics obtained during CV : 
{'r2': array([-1.00113765e-01, -1.43620977e-01, -3.85237493e-02, -2.50991760e-02,
       -1.40371542e-01, -1.58154490e-02, -6.48381905e-02, -5.08723797e-02,
       -6.10967713e-01, -1.55059136e-02, -3.38499918e-01, -4.57790101e-01,
       -5.05033746e-01, -3.28565366e-02, -7.80186765e-02, -9.37865924e-03,
       -5.87085981e-04, -1.28926582e+00, -1.20425607e-01, -2.71000252e-01,
       -1.53025816e-01, -1.03969568e+00, -5.82005639e-03, -1.47660451e-01,
       -8.02443582e-02, -9.28245576e-02, -1.62393577e-01, -5.16200600e-01,
       -1.89720214e-01, -1.54441906e-01, -2.78292514e-01, -3.00587471e-02,
       -3.79497141e-01, -3.31216931e-02, -4.81860032e-01, -3.63217928e-02,
       -5.05201110e-02, -1.22620687e-01, -1.54778840e-01, -8.43282105e-02,
       -4.80785090e-03, -1.25408230e-02, -6.52092590e-01, -8.65901343e-02,
       -3.02243011e-01, -7.48025140e-02, -2.22840903e-01, -9.99291355e-02,
       -2.45398067e-01, -8.82635723e-01, -2.02813642e-02, -2.08461319e-01,
       -2.93169384e-02]), 'neg_mean_absolute_error': array([ -8.07348201, -11.56578692,  -8.88164783, -11.43360692,
       -11.0059058 ,  -5.57622045,  -7.98577901,  -6.08099401,
        -8.97116039,  -7.65955799,  -8.46992427, -13.34844162,
       -15.47299009, -13.08481238,  -7.13725109,  -7.82387275,
       -13.42594188,  -7.04978123,  -8.48125946, -10.09402973,
        -9.17311111, -15.70099346,  -8.80942308, -10.69297334,
        -8.68162602,  -9.48777123,  -9.24493011, -17.28717982,
       -10.48122222, -10.25894444, -12.2883968 , -10.56523763,
       -12.16856237,  -9.08805615, -12.38498101, -10.49816667,
       -10.84587595,  -6.6575    ,  -7.00066838,  -7.40840408,
        -6.83414861, -11.64372222, -14.45430027,  -8.73804036,
       -20.86665036,  -7.96598571,  -9.74815048,  -5.64008841,
        -9.19301447, -18.78859912,  -8.20649927, -14.30038192,
       -10.38908091]), 'neg_mean_squared_error': array([-122.69277455, -218.27430705,  -98.65615678, -180.44445838,
       -145.93417201,  -46.87942171, -135.73041956,  -97.59698777,
       -105.11716252,  -78.9428045 , -124.69771655, -300.6545284 ,
       -454.42492507, -263.30972523,  -78.57524468,  -82.49648648,
       -250.41735305,  -64.48490192, -107.26473561, -234.76037538,
       -166.7273522 , -442.3281655 , -109.05495398, -224.43356827,
       -122.94399674, -264.25753048, -161.57606323, -590.85202523,
       -224.12865598, -168.87023148, -250.73752734, -190.77469674,
       -299.68169519, -119.93892812, -210.46086319, -196.76452121,
       -172.53565643,  -83.36661351,  -73.76150175, -116.46192701,
        -80.94242707, -230.07211084, -404.65827075, -168.69206136,
       -766.45218198, -110.15409912, -160.61831238,  -47.94804666,
       -220.02683425, -585.33682808, -121.28600665, -366.30693514,
       -240.23707659]), 'max_error': array([-35.77205612, -36.15431715, -15.72867018, -28.28448953,
       -20.41682711, -15.04083021, -31.25919883, -34.65288628,
       -17.7883386 , -17.82246604, -27.61306236, -33.0357701 ,
       -63.64440168, -34.62643518, -20.99474705, -18.18819408,
       -31.6621043 , -12.19305622, -25.88366482, -48.5956338 ,
       -35.30232196, -50.35282353, -20.25434616, -46.20676009,
       -30.23457316, -47.81455897, -34.91712366, -63.80140458,
       -35.47526282, -31.87500211, -35.33103561, -33.08513866,
       -46.84614033, -24.18329893, -28.05960968, -41.38125735,
       -32.3553233 , -26.30932056, -16.47683077, -35.28113676,
       -21.28372084, -43.91467445, -51.23954049, -41.84486323,
       -70.8772844 , -26.37175715, -33.33451165, -14.6491657 ,
       -51.11803514, -49.86819865, -34.26448759, -43.87955532,
       -50.81367638]), 'explained_variance': array([-4.44089210e-16,  0.00000000e+00,  1.11022302e-16,  1.11022302e-16,
        0.00000000e+00,  0.00000000e+00,  0.00000000e+00,  0.00000000e+00,
        0.00000000e+00,  3.33066907e-16,  3.33066907e-16,  0.00000000e+00,
        0.00000000e+00,  0.00000000e+00,  2.22044605e-16,  0.00000000e+00,
        2.22044605e-16,  0.00000000e+00,  0.00000000e+00,  0.00000000e+00,
        0.00000000e+00,  0.00000000e+00, -2.22044605e-16, -2.22044605e-16,
        0.00000000e+00,  0.00000000e+00,  0.00000000e+00,  1.11022302e-16,
        0.00000000e+00, -2.22044605e-16,  0.00000000e+00,  0.00000000e+00,
        0.00000000e+00,  0.00000000e+00,  0.00000000e+00,  3.33066907e-16,
        0.00000000e+00,  0.00000000e+00, -2.22044605e-16,  2.22044605e-16,
        0.00000000e+00,  0.00000000e+00, -2.22044605e-16,  0.00000000e+00,
       -4.44089210e-16,  1.11022302e-16,  0.00000000e+00,  0.00000000e+00,
        0.00000000e+00,  0.00000000e+00, -2.22044605e-16, -2.22044605e-16,
        0.00000000e+00])}
         accs  y_pred (s)  y_true (s)
54    [10, 2]   17.447225      19.499
4    [46, 28]   25.948163      26.335
3    [46, 28]   25.948163      27.642
11   [46, 28]   25.948163      18.893
27   [30, 20]   14.825632      65.978
29   [30, 20]   14.825632      45.143
64    [10, 2]   17.447225      30.560
77   [16, 10]   18.272965      12.834
124  [26, 20]   15.263328      45.263
71    [10, 2]   17.447225       9.629
25   [30, 20]   14.825632      19.467
91     [3, 5]   13.891390      14.879
83   [16, 10]   18.272965      24.338
89   [16, 10]   18.272965      11.455
69    [10, 2]   17.447225       9.069
{'mse': 309.7744322362062, 'mae': 12.096252712738687, 'r2-score': -0.26701842549514887, 'max-error': 64.509414425583, 'explained variance score': -0.006297642042270235, 'layers': ['mbconv2', 'pool']}
