environment: line 5: __conda_exe: command not found
Using device: cuda
Using model: efficientnetB0
Number of videos: 64
Execution type : naive
Using 2 features
Job ID : 37
Plotting ?  yes
Calculate accumulators ?  no
The directory contains : 65 videos
Number of videos in the directory : 65
Number of videos in the dataframe : 64
['conv1', 'mbconv1', 'mbconv2', 'mbconv3', 'mbconv4', 'mbconv5', 'mbconv6', 'mbconv7', 'conv2', 'pool', 'output']
{'conv1': {'T_max': 448.07057094573975, 'T_min': 278.996922403574, 'tau': 100, 'alpha': 50}, 'mbconv1': {'T_max': 1141.3850047588348, 'T_min': 812.3603581190109, 'tau': 100, 'alpha': 50}, 'mbconv2': {'T_max': 953.6717767715454, 'T_min': 642.3899536132812, 'tau': 100, 'alpha': 50}, 'mbconv3': {'T_max': 513.2992756962776, 'T_min': 322.42850029468536, 'tau': 100, 'alpha': 50}, 'mbconv4': {'T_max': 258.70095932483673, 'T_min': 155.41686257719994, 'tau': 100, 'alpha': 50}, 'mbconv5': {'T_max': 325.90665873885155, 'T_min': 182.09475773572922, 'tau': 100, 'alpha': 50}, 'mbconv6': {'T_max': 210.1228244304657, 'T_min': 113.37274000048637, 'tau': 100, 'alpha': 50}, 'mbconv7': {'T_max': 136.23850935697556, 'T_min': 72.70513460040092, 'tau': 100, 'alpha': 50}, 'conv2': {'T_max': 128.36026607453823, 'T_min': 69.14668047428131, 'tau': 100, 'alpha': 50}, 'pool': {'T_max': 5.443593147210777, 'T_min': 2.9237937070429325, 'tau': 100, 'alpha': 50}, 'output': {'T_max': 14.12623843550682, 'T_min': 7.4854159746319056, 'tau': 100, 'alpha': 50}}
Iterating over following combinations of layers :  [['conv1'], ['mbconv1'], ['mbconv2'], ['mbconv3'], ['mbconv4'], ['mbconv5'], ['mbconv6'], ['mbconv7'], ['conv2'], ['pool'], ['output'], ['conv1', 'mbconv1'], ['conv1', 'mbconv2'], ['conv1', 'mbconv3'], ['conv1', 'mbconv4'], ['conv1', 'mbconv5'], ['conv1', 'mbconv6'], ['conv1', 'mbconv7'], ['conv1', 'conv2'], ['conv1', 'pool'], ['conv1', 'output'], ['mbconv1', 'mbconv2'], ['mbconv1', 'mbconv3'], ['mbconv1', 'mbconv4'], ['mbconv1', 'mbconv5'], ['mbconv1', 'mbconv6'], ['mbconv1', 'mbconv7'], ['mbconv1', 'conv2'], ['mbconv1', 'pool'], ['mbconv1', 'output'], ['mbconv2', 'mbconv3'], ['mbconv2', 'mbconv4'], ['mbconv2', 'mbconv5'], ['mbconv2', 'mbconv6'], ['mbconv2', 'mbconv7'], ['mbconv2', 'conv2'], ['mbconv2', 'pool'], ['mbconv2', 'output'], ['mbconv3', 'mbconv4'], ['mbconv3', 'mbconv5'], ['mbconv3', 'mbconv6'], ['mbconv3', 'mbconv7'], ['mbconv3', 'conv2'], ['mbconv3', 'pool'], ['mbconv3', 'output'], ['mbconv4', 'mbconv5'], ['mbconv4', 'mbconv6'], ['mbconv4', 'mbconv7'], ['mbconv4', 'conv2'], ['mbconv4', 'pool'], ['mbconv4', 'output'], ['mbconv5', 'mbconv6'], ['mbconv5', 'mbconv7'], ['mbconv5', 'conv2'], ['mbconv5', 'pool'], ['mbconv5', 'output'], ['mbconv6', 'mbconv7'], ['mbconv6', 'conv2'], ['mbconv6', 'pool'], ['mbconv6', 'output'], ['mbconv7', 'conv2'], ['mbconv7', 'pool'], ['mbconv7', 'output'], ['conv2', 'pool'], ['conv2', 'output'], ['pool', 'output']]
[['mbconv2', 'output']]
Generating the training set for videos : 
TRAINING SET : contains 962 samples, 37 patients based on 56 videos
TEST SET : contains 127 samples, 37 patients based on 8 videos
Dataset constituted.
--------------------NAIVE IMPLEMENTATION-------------------
Number of folds : 53
Grid search.
The best parameters are : {'C': 10.0}
Metrics obtained during CV : 
{'r2': array([-1.73699920e-01, -1.55320710e-01, -8.20515884e-02, -2.67490122e-02,
       -1.19474454e-01, -1.17543289e-02, -8.10475715e-02, -1.96438825e-02,
       -3.79701140e-01, -3.80327196e-02, -3.36128308e-01, -4.25926601e-01,
       -5.17976475e-01, -2.87104398e-02, -7.39752197e-02, -5.78514916e-02,
       -9.43647610e-03, -1.21277629e+00, -3.23263190e-02, -2.68020275e-01,
       -1.35910092e-01, -8.83590599e-01, -2.62386762e-05, -1.68670366e-01,
       -9.57883484e-02, -1.07303379e-01, -2.64320705e-01, -8.70432992e-01,
       -1.53629114e-01, -1.66097049e-01, -1.67939864e-01, -5.93029912e-02,
       -5.93400339e-01, -2.71173193e-02, -4.74546096e-01, -3.32426554e-02,
       -9.30050056e-03, -1.16130261e-01, -1.98174463e-01, -8.57300430e-02,
       -2.25913202e-03, -3.16773064e-03, -6.01728178e-01, -1.10763610e-01,
       -3.36530421e-01, -1.01716741e-01, -2.16060069e-01, -5.75286823e-02,
       -2.10835206e-01, -7.49795607e-01, -2.61549534e-02, -2.38209338e-01,
       -2.99745579e-02]), 'neg_mean_absolute_error': array([ -8.91026601, -11.59879945,  -9.22241045, -11.44434114,
       -10.88499518,  -5.53281642,  -7.99776438,  -6.14664293,
        -8.33811228,  -7.75769971,  -8.46058946, -13.22161121,
       -15.53091722, -13.07487763,  -7.11418163,  -8.02896739,
       -13.36523356,  -6.90649349,  -8.66306425, -10.08536163,
        -9.17311111, -14.91893911,  -8.64474786, -10.73403847,
        -8.83704195,  -9.44820314,  -9.70198383, -19.34849974,
       -10.48122222, -10.25894444, -11.92198615, -10.67130917,
       -13.17927805,  -8.98437806, -12.36397328, -10.49816667,
       -10.17308449,  -6.6575    ,  -7.27639064,  -7.41117201,
        -6.89939372, -11.83389718, -14.17771236,  -8.79320844,
       -21.11205236,  -7.99303969,  -9.72375377,  -5.55123034,
        -8.99484064, -18.0517121 ,  -8.21888524, -14.36891602,
       -10.38178707]), 'neg_mean_squared_error': array([-130.89964354, -220.50734673, -102.79115063, -180.73487301,
       -143.2599565 ,  -46.69200286, -137.7965608 ,  -94.69672384,
        -90.02680054,  -80.69398016, -124.47677193, -294.0830024 ,
       -458.33281015, -262.25274628,  -78.28052288,  -86.45816957,
       -252.63209366,  -62.33031589,  -98.83048812, -234.20995805,
       -164.25242116, -408.47523664, -108.42676555, -228.54221402,
       -124.71307821, -267.75867569, -175.7442284 , -728.89373717,
       -217.3295368 , -170.57513037, -229.09181616, -196.19095266,
       -346.14998511, -119.2418581 , -209.42210297, -196.17989103,
       -165.76581693,  -82.88462983,  -76.53339727, -116.61249039,
        -80.73711469, -227.94233286, -392.32217295, -172.4449699 ,
       -786.63248668, -112.91247792, -159.72766008,  -46.09972858,
       -213.92054809, -544.03504488, -121.9842299 , -375.32410902,
       -240.39056148]), 'max_error': array([-34.71212972, -36.36339651, -15.09719983, -28.21650613,
       -20.74501309, -15.15864113, -31.59852322, -33.82995688,
       -16.4519037 , -17.20090185, -27.59335553, -32.69151615,
       -63.80163245, -34.4376749 , -21.05736414, -19.48712681,
       -32.81556235, -12.01155842, -24.24742174, -48.55662734,
       -35.03145615, -49.179742  , -20.99538462, -46.57634619,
       -29.95482449, -48.17067171, -36.22746362, -68.0357496 ,
       -34.87665057, -32.05108799, -33.68218766, -34.03978254,
       -49.12025062, -24.3699195 , -27.99658652, -41.26748076,
       -33.9999132 , -26.22837271, -16.06324737, -35.30604813,
       -21.08798551, -41.37821271, -50.74168224, -42.32518797,
       -71.61349043, -26.83167478, -33.2515628 , -15.15269475,
       -50.63675585, -48.57078952, -34.47504903, -44.42782816,
       -50.8428517 ]), 'explained_variance': array([-2.22044605e-16,  0.00000000e+00,  1.11022302e-16,  1.11022302e-16,
        0.00000000e+00,  0.00000000e+00,  0.00000000e+00,  0.00000000e+00,
        0.00000000e+00,  3.33066907e-16,  0.00000000e+00,  1.11022302e-16,
        2.22044605e-16,  0.00000000e+00,  2.22044605e-16,  0.00000000e+00,
        0.00000000e+00,  0.00000000e+00,  0.00000000e+00,  0.00000000e+00,
        0.00000000e+00, -2.22044605e-16, -2.22044605e-16, -2.22044605e-16,
        0.00000000e+00,  0.00000000e+00, -2.22044605e-16,  0.00000000e+00,
        0.00000000e+00,  0.00000000e+00, -2.22044605e-16,  0.00000000e+00,
        0.00000000e+00,  0.00000000e+00,  0.00000000e+00,  3.33066907e-16,
        0.00000000e+00,  0.00000000e+00, -2.22044605e-16,  2.22044605e-16,
        0.00000000e+00,  0.00000000e+00,  0.00000000e+00,  0.00000000e+00,
       -2.22044605e-16, -2.22044605e-16, -2.22044605e-16,  0.00000000e+00,
        0.00000000e+00, -2.22044605e-16, -2.22044605e-16, -2.22044605e-16,
       -2.22044605e-16])}
         accs  y_pred (s)  y_true (s)
54    [10, 2]   16.844922      19.499
4    [46, 28]   25.903325      26.335
3    [46, 28]   25.903325      27.642
11   [46, 28]   25.903325      18.893
27   [30, 18]   14.320058      65.978
29   [30, 18]   14.320058      45.143
64    [10, 2]   16.844922      30.560
77    [16, 9]   19.410906      12.834
124  [26, 20]   15.088974      45.263
71    [10, 2]   16.844922       9.629
25   [30, 18]   14.320058      19.467
91     [3, 4]   13.775177      14.879
83    [16, 9]   19.410906      24.338
89    [16, 9]   19.410906      11.455
69    [10, 2]   16.844922       9.069
{'mse': 312.70076144516486, 'mae': 12.213922975403044, 'r2-score': -0.2789874992500416, 'max-error': 63.89338969569826, 'explained variance score': -0.021143031871502904, 'layers': ['mbconv2', 'output']}
