environment: line 5: __conda_exe: command not found
Using device: cuda
Using model: efficientnetB0
Number of videos: 64
Execution type : naive
Using 2 features
Job ID : 10
Plotting ?  yes
Calculate accumulators ?  no
The directory contains : 65 videos
Number of videos in the directory : 65
Number of videos in the dataframe : 64
['conv1', 'mbconv1', 'mbconv2', 'mbconv3', 'mbconv4', 'mbconv5', 'mbconv6', 'mbconv7', 'conv2', 'pool', 'output']
{'conv1': {'T_max': 448.07057094573975, 'T_min': 278.996922403574, 'tau': 100, 'alpha': 50}, 'mbconv1': {'T_max': 1141.3850047588348, 'T_min': 812.3603581190109, 'tau': 100, 'alpha': 50}, 'mbconv2': {'T_max': 953.6717767715454, 'T_min': 642.3899536132812, 'tau': 100, 'alpha': 50}, 'mbconv3': {'T_max': 513.2992756962776, 'T_min': 322.42850029468536, 'tau': 100, 'alpha': 50}, 'mbconv4': {'T_max': 258.70095932483673, 'T_min': 155.41686257719994, 'tau': 100, 'alpha': 50}, 'mbconv5': {'T_max': 325.90665873885155, 'T_min': 182.09475773572922, 'tau': 100, 'alpha': 50}, 'mbconv6': {'T_max': 210.1228244304657, 'T_min': 113.37274000048637, 'tau': 100, 'alpha': 50}, 'mbconv7': {'T_max': 136.23850935697556, 'T_min': 72.70513460040092, 'tau': 100, 'alpha': 50}, 'conv2': {'T_max': 128.36026607453823, 'T_min': 69.14668047428131, 'tau': 100, 'alpha': 50}, 'pool': {'T_max': 5.443593147210777, 'T_min': 2.9237937070429325, 'tau': 100, 'alpha': 50}, 'output': {'T_max': 14.12623843550682, 'T_min': 7.4854159746319056, 'tau': 100, 'alpha': 50}}
Iterating over following combinations of layers :  [['conv1'], ['mbconv1'], ['mbconv2'], ['mbconv3'], ['mbconv4'], ['mbconv5'], ['mbconv6'], ['mbconv7'], ['conv2'], ['pool'], ['output'], ['conv1', 'mbconv1'], ['conv1', 'mbconv2'], ['conv1', 'mbconv3'], ['conv1', 'mbconv4'], ['conv1', 'mbconv5'], ['conv1', 'mbconv6'], ['conv1', 'mbconv7'], ['conv1', 'conv2'], ['conv1', 'pool'], ['conv1', 'output'], ['mbconv1', 'mbconv2'], ['mbconv1', 'mbconv3'], ['mbconv1', 'mbconv4'], ['mbconv1', 'mbconv5'], ['mbconv1', 'mbconv6'], ['mbconv1', 'mbconv7'], ['mbconv1', 'conv2'], ['mbconv1', 'pool'], ['mbconv1', 'output'], ['mbconv2', 'mbconv3'], ['mbconv2', 'mbconv4'], ['mbconv2', 'mbconv5'], ['mbconv2', 'mbconv6'], ['mbconv2', 'mbconv7'], ['mbconv2', 'conv2'], ['mbconv2', 'pool'], ['mbconv2', 'output'], ['mbconv3', 'mbconv4'], ['mbconv3', 'mbconv5'], ['mbconv3', 'mbconv6'], ['mbconv3', 'mbconv7'], ['mbconv3', 'conv2'], ['mbconv3', 'pool'], ['mbconv3', 'output'], ['mbconv4', 'mbconv5'], ['mbconv4', 'mbconv6'], ['mbconv4', 'mbconv7'], ['mbconv4', 'conv2'], ['mbconv4', 'pool'], ['mbconv4', 'output'], ['mbconv5', 'mbconv6'], ['mbconv5', 'mbconv7'], ['mbconv5', 'conv2'], ['mbconv5', 'pool'], ['mbconv5', 'output'], ['mbconv6', 'mbconv7'], ['mbconv6', 'conv2'], ['mbconv6', 'pool'], ['mbconv6', 'output'], ['mbconv7', 'conv2'], ['mbconv7', 'pool'], ['mbconv7', 'output'], ['conv2', 'pool'], ['conv2', 'output'], ['pool', 'output']]
[['output']]
Generating the training set for videos : 
TRAINING SET : contains 962 samples, 37 patients based on 56 videos
TEST SET : contains 127 samples, 37 patients based on 8 videos
Dataset constituted.
--------------------NAIVE IMPLEMENTATION-------------------
Number of folds : 53
Grid search.
The best parameters are : {'C': 10.0}
Metrics obtained during CV : 
{'r2': array([-1.85261147e-01, -2.24420108e-01, -1.78847439e-01, -2.31916876e-02,
       -3.77940191e-03, -2.42345165e-01, -2.60937048e-03, -1.42188062e-03,
       -1.93381096e-03, -1.87908784e-02, -1.61449386e-01, -4.53849601e-01,
       -3.91304217e-01, -3.36861865e-01, -1.16715774e-01, -5.84437368e-03,
       -3.36967907e-03, -1.07356232e+00, -9.10700269e-02, -1.85826546e-01,
       -1.57238472e-01, -9.65721386e-01, -6.43257201e-02, -4.03315763e-01,
       -3.78384895e-02, -1.48885803e-01, -1.23386616e-02, -6.05742799e-01,
       -3.12388858e-01, -3.20583204e-02, -1.49621992e-01, -1.13541280e-01,
       -3.81144624e-01, -1.69995261e-02, -5.51354380e-01, -6.75923835e-03,
       -7.20407754e-03, -4.64686495e-04, -3.00533798e-02, -2.73769894e-02,
       -1.49768077e-01, -5.73472807e-03, -5.49090309e-01, -2.33853974e-01,
       -2.91503971e-01, -1.65067268e-01, -4.46135273e-02, -5.78366431e-02,
       -1.63271086e-01, -7.44951392e-01, -2.99921121e-02, -5.82518414e-01,
       -2.16964085e-02]), 'neg_mean_absolute_error': array([ -9.02404183, -11.78947505,  -9.85240808, -11.42074648,
        -9.76365621,  -6.72705151,  -8.4135558 ,  -6.60909992,
        -6.6084441 ,  -7.6770392 ,  -7.91221471, -13.33300129,
       -14.92810612, -14.29912306,  -7.33326746,  -7.57650858,
       -13.57534859,  -6.64665053,  -8.53044902,  -9.82372475,
        -9.17311111, -15.33830335,  -8.29623778, -11.31513402,
        -8.16898309,  -9.49672498,  -8.95173577, -17.81205061,
       -10.61831506, -10.25894444, -11.85041982, -10.8391941 ,
       -12.17731228,  -8.77911359, -12.57713353, -10.49816667,
       -10.12369223,  -6.94472547,  -6.16013558,  -7.26454172,
        -8.62406557, -11.64372222, -13.87596181,  -9.3877673 ,
       -20.78695321,  -8.12917907,  -9.54593647,  -5.55197733,
        -8.80219887, -18.02555808,  -8.22623345, -15.57649267,
       -10.48045759]), 'neg_mean_squared_error': array([-132.18903656, -233.69582736, -111.986421  , -180.10869018,
       -128.45437693,  -57.33366524, -127.79837512,  -93.00440369,
        -65.37712606,  -79.19816917, -108.20328368, -299.84183994,
       -420.08580617, -340.81086557,  -81.39582098,  -82.20762943,
       -251.1137538 ,  -58.4088845 , -104.45435842, -219.02834759,
       -167.33650162, -426.28610946, -115.39836742, -274.42887299,
       -118.11773039, -277.81378359, -140.71799681, -625.74594982,
       -247.23791998, -150.96812289, -225.49875905, -206.23629544,
       -300.03959412, -118.06724596, -220.33078345, -191.15153313,
       -165.42150394,  -74.29522171,  -65.7946626 , -110.3450992 ,
        -92.61971694, -228.52561257, -379.42922175, -191.55462927,
       -760.13157955, -119.40513132, -137.20841485,  -46.11315319,
       -205.5173051 , -542.52891325, -122.44037238, -479.69054619,
       -238.45848561]), 'max_error': array([-34.56801369, -37.46340518, -16.42719484, -28.36593895,
       -23.95970639, -12.55089126, -28.96108795, -32.11587164,
       -18.90885403, -17.71175173, -25.87569314, -32.99386063,
       -62.16543089, -40.99926764, -20.46270262, -16.62155435,
       -30.36045892, -11.66587385, -25.44095879, -47.37926139,
       -35.36663056, -49.80878836, -23.68964001, -49.71406872,
       -31.18141304, -49.07702478, -28.85637807, -64.98236388,
       -37.16827852, -29.28745792, -33.36013917, -35.31137346,
       -46.86582762, -24.73939554, -28.63606725, -39.88802333,
       -34.14808999, -23.47748538, -18.23559326, -33.98637548,
       -17.18797746, -43.36812745, -50.19853126, -44.20380191,
       -70.63819297, -27.71601473, -30.34508004, -15.14846177,
       -49.90438072, -48.52138748, -34.59996864, -49.21848044,
       -50.44816962]), 'explained_variance': array([-4.44089210e-16,  0.00000000e+00,  1.11022302e-16,  1.11022302e-16,
        0.00000000e+00,  0.00000000e+00,  0.00000000e+00,  0.00000000e+00,
        0.00000000e+00,  3.33066907e-16,  1.11022302e-16, -2.22044605e-16,
        0.00000000e+00,  0.00000000e+00,  2.22044605e-16,  0.00000000e+00,
        0.00000000e+00,  0.00000000e+00,  0.00000000e+00,  0.00000000e+00,
        0.00000000e+00, -2.22044605e-16, -2.22044605e-16,  0.00000000e+00,
        0.00000000e+00,  0.00000000e+00,  0.00000000e+00,  1.11022302e-16,
        1.11022302e-16, -2.22044605e-16, -2.22044605e-16, -2.22044605e-16,
        1.11022302e-16,  0.00000000e+00,  0.00000000e+00,  3.33066907e-16,
       -4.44089210e-16,  0.00000000e+00,  0.00000000e+00,  0.00000000e+00,
        0.00000000e+00,  0.00000000e+00,  0.00000000e+00,  0.00000000e+00,
       -4.44089210e-16, -2.22044605e-16,  0.00000000e+00,  0.00000000e+00,
        0.00000000e+00,  0.00000000e+00, -2.22044605e-16, -2.22044605e-16,
        0.00000000e+00])}
     accs  y_pred (s)  y_true (s)
54    [2]   13.730270      19.499
4    [28]   22.976833      26.335
3    [28]   22.976833      27.642
11   [28]   22.976833      18.893
27   [18]   16.741326      65.978
29   [18]   16.741326      45.143
64    [2]   13.730270      30.560
77    [9]   17.247889      12.834
124  [20]   17.983857      45.263
71    [2]   13.730270       9.629
25   [18]   16.741326      19.467
91    [4]   15.540828      14.879
83    [9]   17.247889      24.338
89    [9]   17.247889      11.455
69    [2]   13.730270       9.069
{'mse': 294.9103404899898, 'mae': 11.700878084909661, 'r2-score': -0.20622232303842258, 'max-error': 64.17276865836135, 'explained variance score': 0.0644054883735462, 'layers': ['output']}
