environment: line 5: __conda_exe: command not found
60
Number of videos in the directory : 65
Number of videos in the dataframe : 64
Generating the training set for videos : 
TRAINING SET : contains 962 samples, 37 patients based on 56 videos
TEST SET : contains 127 samples, 37 patients based on 8 videos
                                                     x   y (s)
0    [0.8770891203703703, 1.728107638888889, 2.6096...  35.080
1    [0.8770891203703703, 1.728107638888889, 2.6096...  21.912
2    [0.8770891203703703, 1.728107638888889, 2.6096...   9.585
3    [0.8770891203703703, 1.728107638888889, 2.6096...  19.224
4    [0.8770891203703703, 1.728107638888889, 2.6096...  13.505
..                                                 ...     ...
957  [0.9850289351851852, 1.9762094907407408, 2.960...  38.732
958  [0.9850289351851852, 1.9762094907407408, 2.960...   9.015
959  [0.9850289351851852, 1.9762094907407408, 2.960...  23.704
960  [0.9850289351851852, 1.9762094907407408, 2.960...   6.818
961  [0.9850289351851852, 1.9762094907407408, 2.960...   8.119

[962 rows x 2 columns]
Number of folds : 53
Grid search.
Fitting 53 folds for each of 16 candidates, totalling 848 fits
The best parameters are : {'C': 100.0, 'epsilon': 10}
                                                                                                                                                                                                                                                                                                            accs  \
54   [0.979994212962963, 1.963732638888889, 2.9481221064814815, 3.9310185185185187, 4.914745370370371, 5.89775462962963, 6.880954861111111, 7.8627748842592595, 8.843278356481482, 9.824759837962963, 10.806137152777778, 11.787175925925926, 12.769100115740741, 13.748255208333333, 14.728871527777777, 15....   
4    [0.9879195601851852, 1.976501736111111, 2.9623408564814815, 3.9499739583333335, 4.937210648148149, 5.924855324074075, 6.9110387731481495, 7.898614004629631, 8.891831597222223, 9.880824652777779, 10.868868634259261, 11.857294560185187, 12.84760127314815, 13.840480324074075, 14.831961805555556, 15...   
3    [0.9879195601851852, 1.976501736111111, 2.9623408564814815, 3.9499739583333335, 4.937210648148149, 5.924855324074075, 6.9110387731481495, 7.898614004629631, 8.891831597222223, 9.880824652777779, 10.868868634259261, 11.857294560185187, 12.84760127314815, 13.840480324074075, 14.831961805555556, 15...   
11   [0.9879195601851852, 1.976501736111111, 2.9623408564814815, 3.9499739583333335, 4.937210648148149, 5.924855324074075, 6.9110387731481495, 7.898614004629631, 8.891831597222223, 9.880824652777779, 10.868868634259261, 11.857294560185187, 12.84760127314815, 13.840480324074075, 14.831961805555556, 15...   
27   [0.9772222222222222, 1.9528732638888888, 2.928712384259259, 3.906921296296296, 4.886765046296296, 5.8635850694444445, 6.845263310185185, 7.825347222222222, 8.801987847222222, 9.777369791666667, 10.755821759259259, 11.733874421296296, 12.717647569444445, 13.695367476851853, 14.681247106481482, 15...   
29   [0.9772222222222222, 1.9528732638888888, 2.928712384259259, 3.906921296296296, 4.886765046296296, 5.8635850694444445, 6.845263310185185, 7.825347222222222, 8.801987847222222, 9.777369791666667, 10.755821759259259, 11.733874421296296, 12.717647569444445, 13.695367476851853, 14.681247106481482, 15...   
64   [0.979994212962963, 1.963732638888889, 2.9481221064814815, 3.9310185185185187, 4.914745370370371, 5.89775462962963, 6.880954861111111, 7.8627748842592595, 8.843278356481482, 9.824759837962963, 10.806137152777778, 11.787175925925926, 12.769100115740741, 13.748255208333333, 14.728871527777777, 15....   
77   [0.9735648148148148, 1.9465885416666668, 2.9177575231481483, 3.8908188657407408, 4.861779513888889, 5.84097800925926, 6.81767650462963, 7.79365451388889, 8.777523148148148, 9.755517939814816, 10.732812500000001, 11.708590856481482, 12.684574652777778, 13.658075810185185, 14.632427662037037, 15.6...   
124  [0.970474537037037, 1.941255787037037, 2.9122511574074075, 3.8843055555555557, 4.854600694444445, 5.826921296296296, 6.798773148148149, 7.771119791666667, 8.744809027777778, 9.719409722222222, 10.696947337962962, 11.672488425925925, 12.650138888888888, 13.625598958333333, 14.601215277777778, 15....   
71   [0.979994212962963, 1.963732638888889, 2.9481221064814815, 3.9310185185185187, 4.914745370370371, 5.89775462962963, 6.880954861111111, 7.8627748842592595, 8.843278356481482, 9.824759837962963, 10.806137152777778, 11.787175925925926, 12.769100115740741, 13.748255208333333, 14.728871527777777, 15....   
25   [0.9772222222222222, 1.9528732638888888, 2.928712384259259, 3.906921296296296, 4.886765046296296, 5.8635850694444445, 6.845263310185185, 7.825347222222222, 8.801987847222222, 9.777369791666667, 10.755821759259259, 11.733874421296296, 12.717647569444445, 13.695367476851853, 14.681247106481482, 15...   
91   [0.6694502314814815, 1.335407986111111, 2.018353587962963, 2.6977864583333333, 3.3861226851851853, 4.073512731481482, 4.7405787037037035, 5.405601851851852, 6.100552662037037, 6.803521412037037, 7.49578125, 8.18884837962963, 8.87786747685185, 9.559502314814814, 10.24294849537037, 10.929114583333...   
83   [0.9735648148148148, 1.9465885416666668, 2.9177575231481483, 3.8908188657407408, 4.861779513888889, 5.84097800925926, 6.81767650462963, 7.79365451388889, 8.777523148148148, 9.755517939814816, 10.732812500000001, 11.708590856481482, 12.684574652777778, 13.658075810185185, 14.632427662037037, 15.6...   
89   [0.9735648148148148, 1.9465885416666668, 2.9177575231481483, 3.8908188657407408, 4.861779513888889, 5.84097800925926, 6.81767650462963, 7.79365451388889, 8.777523148148148, 9.755517939814816, 10.732812500000001, 11.708590856481482, 12.684574652777778, 13.658075810185185, 14.632427662037037, 15.6...   
69   [0.979994212962963, 1.963732638888889, 2.9481221064814815, 3.9310185185185187, 4.914745370370371, 5.89775462962963, 6.880954861111111, 7.8627748842592595, 8.843278356481482, 9.824759837962963, 10.806137152777778, 11.787175925925926, 12.769100115740741, 13.748255208333333, 14.728871527777777, 15....   

     y_pred (s)  y_true (s)  
54        25.36       19.50  
4         25.72       26.34  
3         25.72       27.64  
11        25.72       18.89  
27        25.20       65.98  
29        25.20       45.14  
64        25.36       30.56  
77        17.92       12.83  
124       24.99       45.26  
71        25.36        9.63  
25        25.20       19.47  
91        25.04       14.88  
83        17.92       24.34  
89        17.92       11.46  
69        25.36        9.07  
                     Metric       Value
0                       mse  237.673722
1                       mae   11.668068
2                  r2-score    0.027883
3                 max-error   54.214794
4  explained variance score    0.030781
5                    layers          []
60
Number of videos in the directory : 65
Number of videos in the dataframe : 64
Generating the training set for videos : 
TRAINING SET : contains 962 samples, 37 patients based on 56 videos
TEST SET : contains 127 samples, 37 patients based on 8 videos
                        x   y (s)
0    [25.206559606481484]  35.080
1    [25.206559606481484]  21.912
2    [25.206559606481484]   9.585
3    [25.206559606481484]  19.224
4    [25.206559606481484]  13.505
..                    ...     ...
957  [29.659302662037028]  38.732
958  [29.659302662037028]   9.015
959  [29.659302662037028]  23.704
960  [29.659302662037028]   6.818
961  [29.659302662037028]   8.119

[962 rows x 2 columns]
Number of folds : 53
Grid search.
Fitting 53 folds for each of 16 candidates, totalling 848 fits
The best parameters are : {'C': 100.0, 'epsilon': 10}
                     accs  y_pred (s)  y_true (s)
54    [58.93248842592591]       24.95       19.50
4     [59.29567997685187]       25.03       26.34
3     [59.29567997685187]       25.03       27.64
11    [59.29567997685187]       25.03       18.89
27   [58.765439814814826]       24.91       65.98
29   [58.765439814814826]       24.91       45.14
64    [58.93248842592591]       24.95       30.56
77    [29.22441840277778]       18.18       12.83
124   [58.54637152777779]       24.86       45.26
71    [58.93248842592591]       24.95        9.63
25   [58.765439814814826]       24.91       19.47
91   [40.876440972222206]       20.83       14.88
83    [29.22441840277778]       18.18       24.34
89    [29.22441840277778]       18.18       11.46
69    [58.93248842592591]       24.95        9.07
                     Metric       Value
0                       mse  239.805934
1                       mae   11.161634
2                  r2-score    0.019162
3                 max-error   60.609991
4  explained variance score     0.04877
5                    layers          []
