environment: line 5: __conda_exe: command not found
Using device: cuda
Using model: resnet18
Number of videos: 64
Execution type : naive
Using 2 features
Job ID : 13
Plotting ?  yes
Calculate accumulators ?  no
The directory contains : 65 videos
Number of videos in the directory : 65
Number of videos in the dataframe : 64
['conv1', 'layer1', 'layer2', 'layer3', 'layer4', 'avgpool', 'fc']
{'conv1': {'T_max': 571.0571938157082, 'T_min': 326.0943303704262, 'tau': 100, 'alpha': 50}, 'layer1': {'T_max': 92.58804017305374, 'T_min': 60.81114938855171, 'tau': 100, 'alpha': 50}, 'layer2': {'T_max': 40.81974321231246, 'T_min': 25.665204532444477, 'tau': 100, 'alpha': 50}, 'layer3': {'T_max': 17.509853899478912, 'T_min': 10.225740537047386, 'tau': 100, 'alpha': 50}, 'layer4': {'T_max': 96.32052391767502, 'T_min': 56.401943013072014, 'tau': 100, 'alpha': 50}, 'avgpool': {'T_max': 6.396838169544935, 'T_min': 3.6541042742319405, 'tau': 100, 'alpha': 50}, 'fc': {'T_max': 21.314019925892353, 'T_min': 11.872331587597728, 'tau': 100, 'alpha': 50}}
Iterating over following combinations of layers :  [['conv1'], ['layer1'], ['layer2'], ['layer3'], ['layer4'], ['avgpool'], ['fc'], ['conv1', 'layer1'], ['conv1', 'layer2'], ['conv1', 'layer3'], ['conv1', 'layer4'], ['conv1', 'avgpool'], ['conv1', 'fc'], ['layer1', 'layer2'], ['layer1', 'layer3'], ['layer1', 'layer4'], ['layer1', 'avgpool'], ['layer1', 'fc'], ['layer2', 'layer3'], ['layer2', 'layer4'], ['layer2', 'avgpool'], ['layer2', 'fc'], ['layer3', 'layer4'], ['layer3', 'avgpool'], ['layer3', 'fc'], ['layer4', 'avgpool'], ['layer4', 'fc'], ['avgpool', 'fc']]
[['layer1', 'layer2']]
Generating the training set for videos : 
TRAINING SET : contains 962 samples, 37 patients based on 56 videos
TEST SET : contains 127 samples, 37 patients based on 8 videos
Dataset constituted.
--------------------NAIVE IMPLEMENTATION-------------------
Number of folds : 53
Grid search.
The best parameters are : {'C': 10.0}
Metrics obtained during CV : 
{'r2': array([-2.50308268e-01, -4.50443639e-05, -2.46472134e-02, -6.45502915e-02,
       -3.99189666e-02, -3.92118026e-02, -9.49926229e-02, -5.44263975e-02,
       -2.48734926e-01, -1.34872709e-02, -3.14417498e-01, -2.54152843e-01,
       -9.27132877e-02, -9.33593483e-02, -7.42414075e-02, -4.36486985e-02,
       -3.61232737e-04, -6.93330608e-01, -1.00359101e-02, -7.86049115e-02,
       -6.48726739e-03, -6.56581690e-01, -1.53889740e-01, -4.08796852e-01,
       -6.60276958e-04, -3.46046281e-02, -7.83944113e-03, -3.53107104e-01,
       -1.15739982e-01, -1.43951694e-04, -2.63225505e-01, -3.04076065e-01,
       -7.25412535e-01, -1.22311902e-01, -3.75388151e-01, -4.81362076e-01,
       -1.40999125e-01, -5.40309569e-02, -1.43416616e-01, -8.74146993e-03,
       -3.16442096e-05, -5.16493163e-01, -5.42395452e-01, -5.61325801e-02,
       -3.59726715e-01, -4.49851027e-02, -1.64433671e-01, -1.35760338e-01,
       -2.76585991e-01, -6.21499011e-01, -1.14131747e-04, -1.54850876e-01,
       -7.11103430e-02]), 'neg_mean_absolute_error': array([ -9.60672663, -11.33368271,  -8.74202082, -10.94519687,
        -9.11098169,  -5.78013293,  -8.03122123,  -6.08492267,
        -7.88865016,  -7.64788068,  -8.37355494, -12.50215382,
       -13.35337085, -13.24418385,  -7.11571943,  -7.46531967,
       -13.43029131,  -6.0087441 ,  -8.96744214,  -9.52688889,
        -9.24468142, -13.91590768,  -8.45666557, -11.336094  ,
        -7.45433945,  -9.72704495,  -8.92220993, -16.30470184,
       -10.48122222, -10.25894444, -12.24333281, -11.69493722,
       -13.71241731, -10.09212169, -12.06133534, -12.13316998,
        -9.44361111,  -7.57055322,  -6.93286655,  -7.18167407,
        -7.10276656, -13.60609652, -13.83656385,  -8.65865855,
       -21.27103669,  -7.92941945,  -9.65821942,  -5.73500339,
        -9.36015038, -17.32773493,  -8.12201435, -14.16313505,
       -10.02455278]), 'neg_mean_squared_error': array([-139.44356969, -190.87105202,  -97.33793396, -187.38889395,
       -133.07918319,  -47.95915281, -139.5740775 ,  -97.92705776,
        -81.48113155,  -78.78588044, -122.45414323, -258.65639453,
       -329.93024592, -278.73391837,  -78.29992492,  -85.29737573,
       -250.36082867,  -47.69837429,  -96.6965001 , -199.22395256,
       -145.53790107, -359.24611124, -125.10924956, -275.50074097,
       -113.88643032, -250.17928281, -140.09259217, -527.29571066,
       -210.1916902 , -146.29973134, -247.78212828, -241.52478341,
       -374.8282894 , -130.29335018, -195.33921632, -281.26350496,
       -187.39577755,  -78.27309118,  -73.03573965, -108.34355715,
        -80.55767912, -344.58144821, -377.78940513, -163.9635557 ,
       -800.28496927, -107.09817951, -152.9466104 ,  -49.50999834,
       -225.5368638 , -504.14590363, -118.88862572, -350.05662012,
       -249.99143403]), 'max_error': array([-33.82994626, -31.01140572, -16.11152087, -33.75725948,
       -26.91534794, -14.5499416 , -31.8640678 , -34.72753082,
       -15.50303923, -17.89642234, -27.40961598, -30.55897421,
       -56.58668205, -36.61083106, -21.05319012, -15.42392621,
       -31.57946516, -10.58601254, -21.50802075, -45.33101273,
       -31.5668672 , -47.26979229, -25.13349014, -49.7742115 ,
       -32.98248164, -45.96954773, -29.12211066, -61.34877218,
       -34.16636307, -27.26705496, -35.12824765, -38.23014498,
       -50.31981394, -22.37598096, -27.08867269, -48.31525746,
       -40.04805311, -21.28863026, -16.59444021, -33.24056663,
       -20.61090024, -53.05984217, -50.12761493, -41.13042691,
       -72.09044341, -25.75013057, -32.57173018, -14.30358848,
       -51.52393663, -47.2032771 , -32.82824397, -42.78158041,
       -52.27178888]), 'explained_variance': array([ 0.00000000e+00,  0.00000000e+00,  1.11022302e-16,  1.11022302e-16,
        0.00000000e+00,  0.00000000e+00,  0.00000000e+00, -2.22044605e-16,
        0.00000000e+00,  3.33066907e-16,  0.00000000e+00,  0.00000000e+00,
        0.00000000e+00,  0.00000000e+00,  2.22044605e-16,  0.00000000e+00,
        2.22044605e-16,  0.00000000e+00,  0.00000000e+00,  0.00000000e+00,
        2.22044605e-16,  1.11022302e-16,  0.00000000e+00,  1.11022302e-16,
        0.00000000e+00,  0.00000000e+00,  0.00000000e+00,  0.00000000e+00,
        0.00000000e+00, -2.22044605e-16,  0.00000000e+00,  0.00000000e+00,
        0.00000000e+00,  0.00000000e+00,  0.00000000e+00,  4.44089210e-16,
        0.00000000e+00,  0.00000000e+00, -2.22044605e-16,  2.22044605e-16,
        0.00000000e+00,  0.00000000e+00, -2.22044605e-16,  0.00000000e+00,
       -2.22044605e-16, -2.22044605e-16, -2.22044605e-16,  0.00000000e+00,
       -2.22044605e-16,  0.00000000e+00,  0.00000000e+00, -2.22044605e-16,
       -2.22044605e-16])}
         accs  y_pred (s)  y_true (s)
54   [10, 11]   16.207522      19.499
4    [43, 42]   23.015775      26.335
3    [43, 42]   23.015775      27.642
11   [43, 42]   23.015775      18.893
27   [31, 29]   17.466482      65.978
29   [31, 29]   17.466482      45.143
64   [10, 11]   16.207522      30.560
77   [16, 15]   18.803816      12.834
124  [26, 26]   18.883194      45.263
71   [10, 11]   16.207522       9.629
25   [31, 29]   17.466482      19.467
91     [4, 3]   15.018241      14.879
83   [16, 15]   18.803816      24.338
89   [16, 15]   18.803816      11.455
69   [10, 11]   16.207522       9.069
{'mse': 289.72580585941085, 'mae': 11.670128104648672, 'r2-score': -0.18501689024288348, 'max-error': 64.65773983802698, 'explained variance score': 0.04186648828884676, 'layers': ['layer1', 'layer2']}
