environment: line 5: __conda_exe: command not found
Using device: cuda
Using model: resnet18
Number of videos: 64
Execution type : naive
Using 2 features
Job ID : 16
Plotting ?  yes
Calculate accumulators ?  no
The directory contains : 65 videos
Number of videos in the directory : 65
Number of videos in the dataframe : 64
['conv1', 'layer1', 'layer2', 'layer3', 'layer4', 'avgpool', 'fc']
{'conv1': {'T_max': 571.0571938157082, 'T_min': 326.0943303704262, 'tau': 100, 'alpha': 50}, 'layer1': {'T_max': 92.58804017305374, 'T_min': 60.81114938855171, 'tau': 100, 'alpha': 50}, 'layer2': {'T_max': 40.81974321231246, 'T_min': 25.665204532444477, 'tau': 100, 'alpha': 50}, 'layer3': {'T_max': 17.509853899478912, 'T_min': 10.225740537047386, 'tau': 100, 'alpha': 50}, 'layer4': {'T_max': 96.32052391767502, 'T_min': 56.401943013072014, 'tau': 100, 'alpha': 50}, 'avgpool': {'T_max': 6.396838169544935, 'T_min': 3.6541042742319405, 'tau': 100, 'alpha': 50}, 'fc': {'T_max': 21.314019925892353, 'T_min': 11.872331587597728, 'tau': 100, 'alpha': 50}}
Iterating over following combinations of layers :  [['conv1'], ['layer1'], ['layer2'], ['layer3'], ['layer4'], ['avgpool'], ['fc'], ['conv1', 'layer1'], ['conv1', 'layer2'], ['conv1', 'layer3'], ['conv1', 'layer4'], ['conv1', 'avgpool'], ['conv1', 'fc'], ['layer1', 'layer2'], ['layer1', 'layer3'], ['layer1', 'layer4'], ['layer1', 'avgpool'], ['layer1', 'fc'], ['layer2', 'layer3'], ['layer2', 'layer4'], ['layer2', 'avgpool'], ['layer2', 'fc'], ['layer3', 'layer4'], ['layer3', 'avgpool'], ['layer3', 'fc'], ['layer4', 'avgpool'], ['layer4', 'fc'], ['avgpool', 'fc']]
[['layer1', 'avgpool']]
Generating the training set for videos : 
TRAINING SET : contains 962 samples, 37 patients based on 56 videos
TEST SET : contains 127 samples, 37 patients based on 8 videos
Dataset constituted.
--------------------NAIVE IMPLEMENTATION-------------------
Number of folds : 53
Grid search.
The best parameters are : {'C': 1}
Metrics obtained during CV : 
{'r2': array([-1.69121437e-01, -9.25707136e-02, -1.83888603e-01, -3.40261168e-04,
       -1.16966217e-01, -4.40288676e-02, -9.58604088e-02, -5.63991572e-02,
       -1.86243909e-01, -1.34401928e-02, -1.59660664e-01, -4.03672149e-01,
       -3.52419935e-01, -2.53758401e-01, -1.62689164e-01, -1.89377473e-02,
       -5.35605865e-03, -8.54598111e-01, -6.75573980e-03, -1.56381719e-01,
       -3.37291474e-02, -7.17842368e-01, -2.70113474e-02, -2.51282583e-01,
       -1.47578543e-01, -1.69761322e-02, -3.78288209e-03, -4.46473162e-01,
       -1.44526137e-01, -2.19722921e-02, -1.34389890e-01, -3.25968240e-01,
       -7.04661981e-01, -1.85938131e-02, -3.50064712e-01, -3.49799107e-01,
       -2.71638011e-02, -3.89895795e-02, -1.25398058e-01, -4.56531977e-02,
       -4.08564142e-04, -4.76380407e-01, -7.06663107e-01, -1.27960082e-01,
       -4.17890876e-01, -3.66131238e-02, -1.67318028e-01, -1.08959771e-01,
       -2.64576384e-01, -6.67971275e-01, -9.75798858e-04, -2.36163047e-01,
       -5.67924851e-02]), 'neg_mean_absolute_error': array([ -8.86416497, -11.40279717,  -9.87973393, -11.14036527,
       -10.86979326,  -5.81813912,  -8.03372511,  -6.0870481 ,
        -7.63162238,  -7.64759827,  -7.90881305, -13.13019194,
       -14.7239304 , -13.97704389,  -7.56191314,  -7.49155713,
       -13.38518036,  -6.29075638,  -8.76917338,  -9.71613303,
        -9.17311111, -14.15779965,  -8.27016003, -10.8747908 ,
        -9.27955213,  -9.9570825 ,  -8.8867936 , -16.84600266,
       -10.48122222, -10.25894444, -11.80027579, -11.78342067,
       -13.6320399 ,  -8.81489093, -11.97780773, -11.50627798,
        -9.44361111,  -6.74791023,  -6.8236934 ,  -7.32005177,
        -7.16095671, -13.41535186, -14.74218227,  -8.86499397,
       -21.64846724,  -7.91706186,  -9.66060666,  -5.66050063,
        -9.29696601, -17.59791735,  -8.13519704, -14.36434398,
       -10.13284368]), 'neg_mean_squared_error': array([-130.38901745, -208.53072837, -112.46531405, -176.08623717,
       -142.93897561,  -48.18145817, -139.68469049,  -98.11027258,
        -77.40353379,  -78.78222071, -108.03664226, -289.49324591,
       -408.34521434, -319.62500927,  -84.74675585,  -83.27775045,
       -251.61088586,  -52.24101806,  -96.38247069, -213.58973447,
       -149.47707265, -372.53109476, -111.35259683, -244.69764978,
       -130.60738673, -245.91651   , -139.52871875, -563.67976468,
       -215.61464773, -149.49275204, -222.51097691, -245.57938041,
       -370.32044292, -118.25233266, -191.74266025, -256.28388489,
       -168.69965537,  -77.15610776,  -71.88480416, -112.30804955,
        -80.58804195, -335.46692531, -418.02459861, -175.11470552,
       -834.51824775, -106.24015418, -153.32546638,  -48.3417096 ,
       -223.41510377, -518.59475715, -118.99105644, -374.7038404 ,
       -246.64972247]), 'max_error': array([-34.77052437, -35.12204877, -16.48488275, -30.14168665,
       -20.78627544, -14.4697063 , -31.87992571, -34.76791391,
       -15.06757497, -17.89821097, -25.85414932, -32.44337813,
       -61.61123967, -39.77536677, -19.93585004, -16.06858554,
       -32.43657316, -11.07312466, -23.29243955, -46.89509864,
       -32.80677836, -47.81404922, -22.76005976, -47.84311717,
       -29.15830617, -45.10291915, -29.44085758, -62.80875598,
       -34.71483356, -28.91472936, -33.07698208, -38.49559535,
       -50.13896477, -24.67499633, -26.83808985, -46.90475046,
       -37.34802106, -24.99330795, -16.79095188, -34.48596592,
       -20.47997241, -52.63066668, -51.75772809, -42.63548192,
       -73.22273505, -25.54005164, -32.61231318, -14.55689787,
       -51.37048889, -47.71362166, -33.05234971, -44.39125185,
       -51.8386253 ]), 'explained_variance': array([-2.22044605e-16,  1.11022302e-16,  1.11022302e-16,  1.11022302e-16,
        0.00000000e+00,  0.00000000e+00,  0.00000000e+00,  0.00000000e+00,
        0.00000000e+00,  3.33066907e-16,  1.11022302e-16,  0.00000000e+00,
        0.00000000e+00,  0.00000000e+00,  2.22044605e-16,  0.00000000e+00,
        0.00000000e+00,  0.00000000e+00,  0.00000000e+00,  0.00000000e+00,
        0.00000000e+00, -2.22044605e-16, -2.22044605e-16, -2.22044605e-16,
        0.00000000e+00,  0.00000000e+00,  0.00000000e+00,  1.11022302e-16,
        1.11022302e-16, -2.22044605e-16, -2.22044605e-16,  0.00000000e+00,
        0.00000000e+00,  0.00000000e+00,  0.00000000e+00,  3.33066907e-16,
        0.00000000e+00,  0.00000000e+00, -2.22044605e-16,  2.22044605e-16,
        0.00000000e+00,  0.00000000e+00,  0.00000000e+00,  0.00000000e+00,
       -4.44089210e-16, -2.22044605e-16,  0.00000000e+00,  0.00000000e+00,
        0.00000000e+00,  0.00000000e+00,  2.22044605e-16, -2.22044605e-16,
        0.00000000e+00])}
         accs  y_pred (s)  y_true (s)
54    [10, 8]   16.772024      19.499
4    [43, 26]   21.991712      26.335
3    [43, 26]   21.991712      27.642
11   [43, 26]   21.991712      18.893
27   [31, 21]   18.136083      65.978
29   [31, 21]   18.136083      45.143
64    [10, 8]   16.772024      30.560
77   [16, 12]   18.361965      12.834
124  [26, 22]   18.716516      45.263
71    [10, 8]   16.772024       9.629
25   [31, 21]   18.136083      19.467
91     [4, 4]   14.562507      14.879
83   [16, 12]   18.361965      24.338
89   [16, 12]   18.361965      11.455
69    [10, 8]   16.772024       9.069
{'mse': 291.5216178895216, 'mae': 11.71275743977946, 'r2-score': -0.19236199911597862, 'max-error': 64.54512831157504, 'explained variance score': 0.04091446626287143, 'layers': ['layer1', 'avgpool']}
