environment: line 5: __conda_exe: command not found
Using device: cuda
Using model: resnet18
Number of videos: 64
Execution type : naive
Using 2 features
Job ID : 21
Plotting ?  yes
Calculate accumulators ?  no
The directory contains : 65 videos
Number of videos in the directory : 65
Number of videos in the dataframe : 64
['conv1', 'layer1', 'layer2', 'layer3', 'layer4', 'avgpool', 'fc']
{'conv1': {'T_max': 571.0571938157082, 'T_min': 326.0943303704262, 'tau': 100, 'alpha': 50}, 'layer1': {'T_max': 92.58804017305374, 'T_min': 60.81114938855171, 'tau': 100, 'alpha': 50}, 'layer2': {'T_max': 40.81974321231246, 'T_min': 25.665204532444477, 'tau': 100, 'alpha': 50}, 'layer3': {'T_max': 17.509853899478912, 'T_min': 10.225740537047386, 'tau': 100, 'alpha': 50}, 'layer4': {'T_max': 96.32052391767502, 'T_min': 56.401943013072014, 'tau': 100, 'alpha': 50}, 'avgpool': {'T_max': 6.396838169544935, 'T_min': 3.6541042742319405, 'tau': 100, 'alpha': 50}, 'fc': {'T_max': 21.314019925892353, 'T_min': 11.872331587597728, 'tau': 100, 'alpha': 50}}
Iterating over following combinations of layers :  [['conv1'], ['layer1'], ['layer2'], ['layer3'], ['layer4'], ['avgpool'], ['fc'], ['conv1', 'layer1'], ['conv1', 'layer2'], ['conv1', 'layer3'], ['conv1', 'layer4'], ['conv1', 'avgpool'], ['conv1', 'fc'], ['layer1', 'layer2'], ['layer1', 'layer3'], ['layer1', 'layer4'], ['layer1', 'avgpool'], ['layer1', 'fc'], ['layer2', 'layer3'], ['layer2', 'layer4'], ['layer2', 'avgpool'], ['layer2', 'fc'], ['layer3', 'layer4'], ['layer3', 'avgpool'], ['layer3', 'fc'], ['layer4', 'avgpool'], ['layer4', 'fc'], ['avgpool', 'fc']]
[['layer2', 'fc']]
Generating the training set for videos : 
TRAINING SET : contains 962 samples, 37 patients based on 56 videos
TEST SET : contains 127 samples, 37 patients based on 8 videos
Dataset constituted.
--------------------NAIVE IMPLEMENTATION-------------------
Number of folds : 53
Grid search.
The best parameters are : {'C': 1}
Metrics obtained during CV : 
{'r2': array([-0.14312947, -0.13002721, -0.11947257, -0.00998142, -0.07325236,
       -0.04316079, -0.0568191 , -0.04675404, -0.11684091, -0.01021396,
       -0.11703224, -0.47316979, -0.41776772, -0.15594054, -0.23241876,
       -0.1049583 , -0.00118739, -0.95405035, -0.02058748, -0.11645611,
       -0.06391727, -0.87944673, -0.04718173, -0.3096983 , -0.19631681,
       -0.05329618, -0.00264069, -0.3622504 , -0.19075781, -0.02010171,
       -0.25960012, -0.35520386, -0.53902241, -0.0119437 , -0.4582868 ,
       -0.47366608, -0.01142274, -0.05039999, -0.06941631, -0.05989923,
       -0.00109105, -0.33072405, -0.77097448, -0.17979938, -0.2902403 ,
       -0.00979073, -0.16438612, -0.10466726, -0.2223289 , -0.73956063,
       -0.00229384, -0.21149312, -0.04458292]), 'neg_mean_absolute_error': array([ -8.58970583, -11.5256919 ,  -9.49573332, -11.0528454 ,
       -10.57241933,  -5.81144968,  -8.00591224,  -6.07626566,
        -7.32676946,  -7.62690037,  -7.8212193 , -13.40807821,
       -15.06130461, -13.51967829,  -7.89728006,  -7.59260718,
       -13.5164226 ,  -6.45149003,  -8.70254111,  -9.57217328,
        -9.17311111, -14.89727412,  -8.25411086, -11.02164151,
        -9.62874129,  -9.61530358,  -8.87353975, -16.35500266,
       -10.48122222, -10.25894444, -12.23229851, -11.89707269,
       -12.94251396,  -8.65284036, -12.31668407, -12.09906728,
        -9.44361111,  -6.72201798,  -6.47815003,  -7.35583748,
        -7.21208772, -12.76074563, -15.06752886,  -9.14040952,
       -20.77747934,  -7.8620385 ,  -9.6581799 ,  -5.64871912,
        -9.06243172, -17.99635308,  -8.14587956, -14.30758144,
       -10.23659561]), 'neg_mean_squared_error': array([-127.4902027 , -215.67976763, -106.34601462, -177.78333595,
       -137.34488194,  -48.14139669, -134.70825945,  -97.21450779,
        -72.8749229 ,  -78.53142192, -104.06528099, -303.82643542,
       -428.07610993, -294.68796063,  -89.82924688,  -90.30820763,
       -250.56759233,  -55.04242607,  -97.70666214, -206.21526569,
       -153.84227111, -407.57659849, -113.53954932, -256.12127992,
       -136.15435103, -254.69911585, -139.36995085, -530.8587862 ,
       -224.32412733, -149.21912595, -247.07100857, -250.99403995,
       -334.33693437, -117.48029631, -207.11288025, -279.8022804 ,
       -166.11437002,  -78.00345279,  -68.30896983, -113.83814014,
        -80.6430193 , -302.37051566, -433.77682118, -183.16270543,
       -759.38783071, -103.49118692, -152.94036507,  -48.15459062,
       -215.95116015, -540.85285347, -119.1477384 , -367.22593081,
       -243.80007487]), 'max_error': array([-35.11817262, -35.900382  , -15.6742148 , -31.71193744,
       -21.59343325, -14.48382846, -31.07555584, -34.56304757,
       -15.79247606, -18.02929769, -25.2993889 , -33.19764086,
       -62.52696966, -38.03737752, -19.26351625, -15.92617882,
       -30.73365689, -11.3507555 , -23.89212997, -46.15855953,
       -33.6384695 , -49.14724451, -23.31049778, -48.61538681,
       -28.52976569, -46.66676782, -29.56014223, -61.49967463,
       -35.49158873, -28.83671897, -35.07859329, -38.83655141,
       -48.58753141, -24.96668736, -27.85471889, -48.23852638,
       -36.60552368, -25.22633821, -17.51541243, -34.8080373 ,
       -20.36492762, -50.89540357, -52.34335196, -43.46172857,
       -70.60977134, -24.60465455, -32.57105822, -14.6002583 ,
       -50.8009056 , -48.46622248, -33.23395251, -43.93715155,
       -51.42361757]), 'explained_variance': array([ 0.00000000e+00,  0.00000000e+00,  1.11022302e-16,  1.11022302e-16,
        0.00000000e+00,  0.00000000e+00,  0.00000000e+00, -2.22044605e-16,
        0.00000000e+00,  3.33066907e-16,  1.11022302e-16,  1.11022302e-16,
        0.00000000e+00,  0.00000000e+00,  2.22044605e-16,  0.00000000e+00,
        0.00000000e+00,  0.00000000e+00,  0.00000000e+00,  0.00000000e+00,
        0.00000000e+00, -2.22044605e-16, -2.22044605e-16, -2.22044605e-16,
        0.00000000e+00,  0.00000000e+00,  0.00000000e+00,  0.00000000e+00,
        1.11022302e-16, -2.22044605e-16, -2.22044605e-16,  0.00000000e+00,
        0.00000000e+00,  0.00000000e+00,  0.00000000e+00,  3.33066907e-16,
       -2.22044605e-16,  0.00000000e+00,  0.00000000e+00,  0.00000000e+00,
        0.00000000e+00,  0.00000000e+00,  0.00000000e+00,  0.00000000e+00,
        0.00000000e+00, -2.22044605e-16, -2.22044605e-16,  0.00000000e+00,
        0.00000000e+00,  0.00000000e+00,  2.22044605e-16, -2.22044605e-16,
        0.00000000e+00])}
         accs  y_pred (s)  y_true (s)
54    [11, 9]   17.088939      19.499
4    [42, 25]   23.224216      26.335
3    [42, 25]   23.224216      27.642
11   [42, 25]   23.224216      18.893
27   [29, 23]   20.854432      65.978
29   [29, 23]   20.854432      45.143
64    [11, 9]   17.088939      30.560
77   [15, 10]   17.605968      12.834
124  [26, 20]   18.877577      45.263
71    [11, 9]   17.088939       9.629
25   [29, 23]   20.854432      19.467
91     [3, 5]   14.862679      14.879
83   [15, 10]   17.605968      24.338
89   [15, 10]   17.605968      11.455
69    [11, 9]   17.088939       9.069
{'mse': 276.3333600796997, 'mae': 11.427342318712382, 'r2-score': -0.1302400145567706, 'max-error': 64.475497874655, 'explained variance score': 0.06813221851329065, 'layers': ['layer2', 'fc']}
