environment: line 5: __conda_exe: command not found
Using device: cuda
Using model: resnet18
Number of videos: 64
Execution type : naive
Using 2 features
Job ID : 22
Plotting ?  yes
Calculate accumulators ?  no
The directory contains : 65 videos
Number of videos in the directory : 65
Number of videos in the dataframe : 64
['conv1', 'layer1', 'layer2', 'layer3', 'layer4', 'avgpool', 'fc']
{'conv1': {'T_max': 571.0571938157082, 'T_min': 326.0943303704262, 'tau': 100, 'alpha': 50}, 'layer1': {'T_max': 92.58804017305374, 'T_min': 60.81114938855171, 'tau': 100, 'alpha': 50}, 'layer2': {'T_max': 40.81974321231246, 'T_min': 25.665204532444477, 'tau': 100, 'alpha': 50}, 'layer3': {'T_max': 17.509853899478912, 'T_min': 10.225740537047386, 'tau': 100, 'alpha': 50}, 'layer4': {'T_max': 96.32052391767502, 'T_min': 56.401943013072014, 'tau': 100, 'alpha': 50}, 'avgpool': {'T_max': 6.396838169544935, 'T_min': 3.6541042742319405, 'tau': 100, 'alpha': 50}, 'fc': {'T_max': 21.314019925892353, 'T_min': 11.872331587597728, 'tau': 100, 'alpha': 50}}
Iterating over following combinations of layers :  [['conv1'], ['layer1'], ['layer2'], ['layer3'], ['layer4'], ['avgpool'], ['fc'], ['conv1', 'layer1'], ['conv1', 'layer2'], ['conv1', 'layer3'], ['conv1', 'layer4'], ['conv1', 'avgpool'], ['conv1', 'fc'], ['layer1', 'layer2'], ['layer1', 'layer3'], ['layer1', 'layer4'], ['layer1', 'avgpool'], ['layer1', 'fc'], ['layer2', 'layer3'], ['layer2', 'layer4'], ['layer2', 'avgpool'], ['layer2', 'fc'], ['layer3', 'layer4'], ['layer3', 'avgpool'], ['layer3', 'fc'], ['layer4', 'avgpool'], ['layer4', 'fc'], ['avgpool', 'fc']]
[['layer3', 'layer4']]
Generating the training set for videos : 
TRAINING SET : contains 962 samples, 37 patients based on 56 videos
TEST SET : contains 127 samples, 37 patients based on 8 videos
Dataset constituted.
--------------------NAIVE IMPLEMENTATION-------------------
Number of folds : 53
Grid search.
The best parameters are : {'C': 10.0}
Metrics obtained during CV : 
{'r2': array([-1.55134350e-01, -2.55030983e-01, -2.22199692e-01, -2.46859494e-02,
       -1.06335312e-02, -2.10898696e-02, -6.08957710e-02, -8.38635238e-02,
       -2.16966342e-01, -3.02018786e-02, -7.37613369e-02, -4.54051691e-01,
       -4.56552557e-01, -7.64649657e-02, -3.27018651e-01, -2.22984136e-03,
       -3.73606122e-03, -1.37274076e+00, -4.63121466e-02, -1.33298654e-01,
       -7.20221442e-02, -8.59565509e-01, -1.60857593e-01, -3.19812934e-01,
       -1.19183378e-01, -1.56206221e-02, -2.34774094e-02, -1.48228108e-01,
       -2.05310954e-01, -7.57893937e-02, -8.22102629e-02, -3.91850613e-01,
       -4.43136636e-01, -3.13023162e-02, -3.06654827e-01, -5.65167081e-01,
       -3.02405053e-02, -6.17291114e-02, -9.58847807e-02, -3.99923332e-02,
       -5.42474394e-04, -3.66788723e-01, -7.27221226e-01, -2.03810367e-01,
       -2.19426696e-01, -4.13959017e-02, -2.20482206e-01, -2.34838636e-02,
       -1.87099404e-01, -7.31203208e-01, -1.52888395e-03, -2.26261959e-01,
       -4.46555402e-02]), 'neg_mean_absolute_error': array([ -8.71932186, -11.90318196, -10.07621778, -11.0128959 ,
        -9.88762293,  -5.62493524,  -7.99093247,  -6.11347737,
        -7.76262289,  -7.72814053,  -7.71376233, -13.33379478,
       -15.24911558, -13.17101138,  -8.40637833,  -7.61822885,
       -13.58302807,  -7.20138448,  -8.6245707 ,  -9.62447057,
        -9.17311111, -14.79902998,  -8.46682688, -11.04965531,
        -9.04882145,  -9.98460651,  -9.006944  , -15.14750622,
       -10.48122222, -10.25894444, -11.67598756, -12.04663866,
       -12.49381534,  -9.05771312, -11.8617641 , -12.48820551,
        -9.44361111,  -6.69908209,  -6.64219556,  -7.30429301,
        -6.98741903, -12.91422171, -14.84773683,  -9.25431811,
       -20.26189778,  -7.924276  ,  -9.7397068 ,  -5.45032177,
        -8.85033939, -17.95086463,  -8.1213266 , -14.34193674,
       -10.23593907]), 'neg_mean_squared_error': array([-128.82907468, -239.53829421, -116.10473472, -180.37171962,
       -129.33150481,  -47.12283383, -135.22789603, -100.66095286,
        -79.4082015 ,  -80.08523083, -100.03406431, -299.88351914,
       -439.78667481, -274.4269744 ,  -96.7244979 ,  -81.91221382,
       -251.20544842,  -66.83625534, -100.16943119, -209.32617211,
       -155.01423398, -403.26515843, -125.86473158, -258.09927145,
       -127.37569661, -245.58873211, -142.26631492, -447.45589927,
       -227.06575972, -157.3650463 , -212.2759247 , -257.78129575,
       -313.50672707, -119.7277099 , -185.57738033, -297.17540769,
       -169.20496809,  -78.84476163,  -69.99964352, -111.70004619,
        -80.59882911, -310.56522315, -423.06003857, -186.89038848,
       -717.70955506, -106.73033036, -160.30850108,  -44.61564883,
       -209.72709903, -538.25441755, -119.05680447, -371.70263792,
       -243.81702435]), 'max_error': array([-34.95399231, -37.89549147, -16.89968197, -32.47097793,
       -23.48863285, -14.90860435, -31.1704277 , -35.27006995,
       -15.23698167, -17.38810997, -24.61882812, -32.9960144 ,
       -63.0367423 , -36.14740538, -18.49721629, -16.88578274,
       -30.31182224, -12.385087  , -24.5938637 , -46.48261756,
       -33.82546685, -48.99025396, -25.22494192, -48.7414489 ,
       -29.57362139, -45.02034712, -28.35950403, -57.21855597,
       -35.71605753, -30.45156485, -31.95838805, -39.24468698,
       -47.57795952, -24.23791638, -26.38643847, -49.1140874 ,
       -37.46443149, -25.43276119, -17.14630998, -34.34413707,
       -20.87043217, -51.35583179, -51.9477263 , -43.80345433,
       -68.90404001, -25.66269192, -33.30580311, -15.72450994,
       -50.28295393, -48.38029986, -32.28544772, -44.21199393,
       -51.42624372]), 'explained_variance': array([-2.22044605e-16,  0.00000000e+00,  1.11022302e-16,  1.11022302e-16,
        0.00000000e+00,  0.00000000e+00,  0.00000000e+00,  0.00000000e+00,
        0.00000000e+00,  3.33066907e-16,  0.00000000e+00,  0.00000000e+00,
        0.00000000e+00,  0.00000000e+00,  2.22044605e-16,  0.00000000e+00,
        2.22044605e-16,  0.00000000e+00,  0.00000000e+00,  0.00000000e+00,
        0.00000000e+00, -2.22044605e-16,  0.00000000e+00, -2.22044605e-16,
        0.00000000e+00,  0.00000000e+00,  0.00000000e+00,  1.11022302e-16,
        0.00000000e+00,  0.00000000e+00, -2.22044605e-16,  0.00000000e+00,
        1.11022302e-16,  0.00000000e+00,  0.00000000e+00,  3.33066907e-16,
        0.00000000e+00,  0.00000000e+00, -2.22044605e-16,  2.22044605e-16,
        0.00000000e+00,  1.11022302e-16, -2.22044605e-16,  0.00000000e+00,
       -2.22044605e-16,  1.11022302e-16,  0.00000000e+00,  0.00000000e+00,
        0.00000000e+00,  0.00000000e+00,  0.00000000e+00, -2.22044605e-16,
       -2.22044605e-16])}
         accs  y_pred (s)  y_true (s)
54     [9, 9]   17.390479      19.499
4    [42, 33]   25.035343      26.335
3    [42, 33]   25.035343      27.642
11   [42, 33]   25.035343      18.893
27   [28, 22]   18.033822      65.978
29   [28, 22]   18.033822      45.143
64     [9, 9]   17.390479      30.560
77   [15, 10]   17.225333      12.834
124  [25, 22]   18.284646      45.263
71     [9, 9]   17.390479       9.629
25   [28, 22]   18.033822      19.467
91     [5, 5]   15.847846      14.879
83   [15, 10]   17.225333      24.338
89   [15, 10]   17.225333      11.455
69     [9, 9]   17.390479       9.069
{'mse': 279.4490467017596, 'mae': 11.41695575266565, 'r2-score': -0.14298358519209198, 'max-error': 63.64559123979068, 'explained variance score': 0.056119136922209045, 'layers': ['layer3', 'layer4']}
