environment: line 5: __conda_exe: command not found
Using device: cuda
Using model: resnet18
Number of videos: 64
Execution type : naive
Using 2 features
Job ID : 14
Plotting ?  yes
Calculate accumulators ?  no
The directory contains : 65 videos
Number of videos in the directory : 65
Number of videos in the dataframe : 64
['conv1', 'layer1', 'layer2', 'layer3', 'layer4', 'avgpool', 'fc']
{'conv1': {'T_max': 571.0571938157082, 'T_min': 326.0943303704262, 'tau': 100, 'alpha': 50}, 'layer1': {'T_max': 92.58804017305374, 'T_min': 60.81114938855171, 'tau': 100, 'alpha': 50}, 'layer2': {'T_max': 40.81974321231246, 'T_min': 25.665204532444477, 'tau': 100, 'alpha': 50}, 'layer3': {'T_max': 17.509853899478912, 'T_min': 10.225740537047386, 'tau': 100, 'alpha': 50}, 'layer4': {'T_max': 96.32052391767502, 'T_min': 56.401943013072014, 'tau': 100, 'alpha': 50}, 'avgpool': {'T_max': 6.396838169544935, 'T_min': 3.6541042742319405, 'tau': 100, 'alpha': 50}, 'fc': {'T_max': 21.314019925892353, 'T_min': 11.872331587597728, 'tau': 100, 'alpha': 50}}
Iterating over following combinations of layers :  [['conv1'], ['layer1'], ['layer2'], ['layer3'], ['layer4'], ['avgpool'], ['fc'], ['conv1', 'layer1'], ['conv1', 'layer2'], ['conv1', 'layer3'], ['conv1', 'layer4'], ['conv1', 'avgpool'], ['conv1', 'fc'], ['layer1', 'layer2'], ['layer1', 'layer3'], ['layer1', 'layer4'], ['layer1', 'avgpool'], ['layer1', 'fc'], ['layer2', 'layer3'], ['layer2', 'layer4'], ['layer2', 'avgpool'], ['layer2', 'fc'], ['layer3', 'layer4'], ['layer3', 'avgpool'], ['layer3', 'fc'], ['layer4', 'avgpool'], ['layer4', 'fc'], ['avgpool', 'fc']]
[['layer1', 'layer3']]
Generating the training set for videos : 
TRAINING SET : contains 962 samples, 37 patients based on 56 videos
TEST SET : contains 127 samples, 37 patients based on 8 videos
Dataset constituted.
--------------------NAIVE IMPLEMENTATION-------------------
Number of folds : 53
Grid search.
The best parameters are : {'C': 10.0}
Metrics obtained during CV : 
{'r2': array([-1.88758995e-01, -2.83989105e-01, -1.13085808e-02, -8.79211692e-02,
       -4.16130306e-02, -1.61663219e-02, -7.94872617e-02, -8.38669624e-02,
       -2.48373542e-01, -6.00765344e-02, -9.44701789e-02, -4.18468979e-01,
       -4.31608773e-01, -1.26417453e-01, -2.56235922e-01, -4.61642217e-02,
       -2.37426467e-05, -9.81741820e-01, -1.83130970e-02, -1.86236651e-01,
       -1.68361840e-02, -8.23161303e-01, -1.86123638e-01, -3.64130715e-01,
       -5.95653035e-03, -3.18123524e-02, -1.33623900e-02, -2.53021309e-01,
       -1.30139997e-01, -9.62230291e-04, -1.83694335e-02, -3.49701947e-01,
       -5.71980275e-01, -2.33048331e-02, -2.56248238e-01, -4.51213261e-01,
       -2.03572252e-02, -8.23300335e-02, -1.43733534e-01, -5.56459583e-02,
       -1.70458981e-03, -4.45022198e-01, -6.38571082e-01, -1.63875376e-01,
       -3.27924794e-01, -1.48921538e-01, -2.18489897e-01, -3.80546767e-02,
       -1.89842612e-01, -6.48860006e-01, -1.91945597e-03, -1.58949084e-01,
       -7.96891320e-02]), 'neg_mean_absolute_error': array([ -9.05776058, -14.0672644 ,  -8.61210228, -10.91555621,
        -9.10848378,  -5.57969276,  -7.99612809,  -6.11348038,
        -7.88726337,  -7.86820337,  -7.7682756 , -13.19124802,
       -15.1292908 , -13.3702481 ,  -8.02284184,  -7.46814406,
       -13.44205924,  -6.49473472,  -8.71140963,  -9.82516057,
        -9.17893057, -14.63667251,  -8.51060357, -11.16765204,
        -7.63741603,  -9.75352542,  -8.95765207, -15.70448188,
       -10.48122222, -10.25894444, -11.6242862 , -11.8760521 ,
       -13.08736496,  -8.91246207, -11.73582468, -11.99795849,
        -9.44361111,  -6.66223891,  -6.93472337,  -7.34564746,
        -6.91807316, -13.26057086, -14.38112505,  -9.06061498,
       -21.05168266,  -8.09276765,  -9.73253946,  -5.49906117,
        -8.86644938, -17.48798278,  -8.12434779, -14.17439349,
        -9.96486678]), 'neg_mean_squared_error': array([-132.5791423 , -245.06531239,  -96.07081009, -191.50278406,
       -133.2959738 ,  -46.89561434, -137.5976747 , -100.66127221,
        -81.45755094,  -82.40760934, -101.96334743, -292.54494297,
       -432.25523086, -287.16153659,  -91.56524566,  -85.50296936,
       -250.27636488,  -55.82244994,  -97.48892243, -219.10409628,
       -147.03435279, -395.37054658, -128.6041752 , -266.76594437,
       -114.48920371, -249.50407847, -140.86029801, -488.29302527,
       -212.90447591, -146.41942805, -199.75352351, -249.97504309,
       -341.49669455, -118.79925244, -178.418395  , -275.53920448,
       -167.5817548 ,  -80.3746008 ,  -73.05598275, -113.38131882,
        -80.69244347, -328.34163292, -401.34635605, -180.69051991,
       -781.56753181, -117.75039167, -160.04681437,  -45.25081886,
       -210.21174691, -512.65280575, -119.10323374, -351.29886263,
       -251.99367757]), 'max_error': array([-34.52530326, -27.02257479, -16.60521135, -34.32043196,
       -26.96280814, -15.03140538, -31.56743377, -35.27012717,
       -15.50011157, -16.75930515, -24.96407879, -32.60910177,
       -62.71150361, -37.40923797, -19.05776962, -15.37026294,
       -31.35587438, -11.42545088, -23.81231333, -47.38572258,
       -32.15862483, -48.69801051, -25.54096604, -49.2716228 ,
       -32.43325192, -45.85038561, -28.80313141, -59.54811229,
       -34.44833058, -27.4971161 , -29.84092423, -38.77348963,
       -48.91344615, -24.49936828, -25.81971106, -48.01103159,
       -37.06433995, -25.76434978, -16.59109793, -34.71632714,
       -21.03194719, -52.28240943, -51.10782509, -43.22234494,
       -71.43238131, -27.50968335, -33.28143416, -15.44832003,
       -50.3249485 , -47.50596747, -32.23408758, -42.87164789,
       -52.51053286]), 'explained_variance': array([-2.22044605e-16,  0.00000000e+00,  1.11022302e-16,  0.00000000e+00,
        0.00000000e+00,  0.00000000e+00,  0.00000000e+00, -2.22044605e-16,
        0.00000000e+00,  3.33066907e-16,  3.33066907e-16,  0.00000000e+00,
        0.00000000e+00,  0.00000000e+00,  2.22044605e-16,  0.00000000e+00,
        2.22044605e-16,  0.00000000e+00,  0.00000000e+00,  0.00000000e+00,
        2.22044605e-16, -2.22044605e-16, -2.22044605e-16, -2.22044605e-16,
        0.00000000e+00,  0.00000000e+00,  0.00000000e+00,  1.11022302e-16,
        0.00000000e+00, -2.22044605e-16, -2.22044605e-16,  0.00000000e+00,
        2.22044605e-16,  0.00000000e+00,  0.00000000e+00,  4.44089210e-16,
       -2.22044605e-16,  0.00000000e+00,  0.00000000e+00,  2.22044605e-16,
        0.00000000e+00,  1.11022302e-16, -2.22044605e-16,  0.00000000e+00,
       -2.22044605e-16, -2.22044605e-16, -2.22044605e-16,  0.00000000e+00,
        0.00000000e+00,  0.00000000e+00, -2.22044605e-16,  0.00000000e+00,
        0.00000000e+00])}
         accs  y_pred (s)  y_true (s)
54    [10, 9]   17.540973      19.499
4    [43, 42]   24.229614      26.335
3    [43, 42]   24.229614      27.642
11   [43, 42]   24.229614      18.893
27   [31, 28]   17.196203      65.978
29   [31, 28]   17.196203      45.143
64    [10, 9]   17.540973      30.560
77   [16, 15]   18.909411      12.834
124  [26, 25]   17.764498      45.263
71    [10, 9]   17.540973       9.629
25   [31, 28]   17.196203      19.467
91     [4, 5]   15.572760      14.879
83   [16, 15]   18.909411      24.338
89   [16, 15]   18.909411      11.455
69    [10, 9]   17.540973       9.069
{'mse': 287.1901210789663, 'mae': 11.640543096076549, 'r2-score': -0.1746456039011457, 'max-error': 63.385593562147264, 'explained variance score': 0.02698432398830386, 'layers': ['layer1', 'layer3']}
