environment: line 5: __conda_exe: command not found
Using device: cuda
Using model: resnet18
Number of videos: 64
Execution type : naive
Using 2 features
Job ID : 25
Plotting ?  yes
Calculate accumulators ?  no
The directory contains : 65 videos
Number of videos in the directory : 65
Number of videos in the dataframe : 64
['conv1', 'layer1', 'layer2', 'layer3', 'layer4', 'avgpool', 'fc']
{'conv1': {'T_max': 571.0571938157082, 'T_min': 326.0943303704262, 'tau': 100, 'alpha': 50}, 'layer1': {'T_max': 92.58804017305374, 'T_min': 60.81114938855171, 'tau': 100, 'alpha': 50}, 'layer2': {'T_max': 40.81974321231246, 'T_min': 25.665204532444477, 'tau': 100, 'alpha': 50}, 'layer3': {'T_max': 17.509853899478912, 'T_min': 10.225740537047386, 'tau': 100, 'alpha': 50}, 'layer4': {'T_max': 96.32052391767502, 'T_min': 56.401943013072014, 'tau': 100, 'alpha': 50}, 'avgpool': {'T_max': 6.396838169544935, 'T_min': 3.6541042742319405, 'tau': 100, 'alpha': 50}, 'fc': {'T_max': 21.314019925892353, 'T_min': 11.872331587597728, 'tau': 100, 'alpha': 50}}
Iterating over following combinations of layers :  [['conv1'], ['layer1'], ['layer2'], ['layer3'], ['layer4'], ['avgpool'], ['fc'], ['conv1', 'layer1'], ['conv1', 'layer2'], ['conv1', 'layer3'], ['conv1', 'layer4'], ['conv1', 'avgpool'], ['conv1', 'fc'], ['layer1', 'layer2'], ['layer1', 'layer3'], ['layer1', 'layer4'], ['layer1', 'avgpool'], ['layer1', 'fc'], ['layer2', 'layer3'], ['layer2', 'layer4'], ['layer2', 'avgpool'], ['layer2', 'fc'], ['layer3', 'layer4'], ['layer3', 'avgpool'], ['layer3', 'fc'], ['layer4', 'avgpool'], ['layer4', 'fc'], ['avgpool', 'fc']]
[['layer4', 'avgpool']]
Generating the training set for videos : 
TRAINING SET : contains 962 samples, 37 patients based on 56 videos
TEST SET : contains 127 samples, 37 patients based on 8 videos
Dataset constituted.
--------------------NAIVE IMPLEMENTATION-------------------
Number of folds : 53
Grid search.
The best parameters are : {'C': 1}
Metrics obtained during CV : 
{'r2': array([-1.07105785e-01, -1.46712906e-01, -9.70881152e-02, -1.68786141e-02,
       -9.38813356e-02, -4.53791122e-02, -6.83857165e-02, -5.45448875e-02,
       -4.72091797e-02, -1.97909366e-03, -1.53576375e-01, -4.25435518e-01,
       -3.66827770e-01, -1.39009602e-01, -2.85964735e-01, -1.12767095e-02,
       -2.45232877e-04, -1.05607066e+00, -1.94732547e-02, -8.55959691e-02,
       -6.52958456e-02, -8.42003685e-01, -6.09808924e-02, -2.81261934e-01,
       -1.08163048e-01, -5.92310575e-02, -1.86283176e-03, -3.34695101e-01,
       -1.82645073e-01, -3.47653650e-02, -1.84489628e-01, -3.73726010e-01,
       -5.22338625e-01, -1.60292833e-02, -4.11254938e-01, -2.19188427e-02,
       -1.40215949e-02, -7.00085929e-02, -1.39390084e-02, -7.65611722e-02,
       -4.74589367e-04, -2.37447991e-01, -8.18027694e-01, -1.73940233e-01,
       -4.09766671e-01, -7.80858733e-04, -1.64475530e-01, -1.30153051e-01,
       -3.10228007e-01, -6.92935395e-01, -8.41055849e-03, -1.70595318e-01,
       -3.61942549e-02]), 'neg_mean_absolute_error': array([ -8.16404744, -11.57463807,  -9.33849191, -11.37388336,
       -10.72141106,  -5.82841442,  -7.98398935,  -6.08505141,
        -7.06202307,  -7.5481371 ,  -7.8970974 , -13.21962002,
       -14.8008379 , -13.4270165 ,  -8.18966849,  -7.53405169,
       -13.43307746,  -6.61587269,  -8.70682103,  -9.52688889,
        -9.17311111, -14.72114518,  -8.28850687, -10.94033403,
        -8.95193046,  -9.59368064,  -8.86276228, -16.20139408,
       -10.48122222, -10.25894444, -11.98335423, -11.96666746,
       -12.86749887,  -8.75651415, -12.17495733, -10.49816667,
        -9.44361111,  -6.68363008,  -6.0128249 ,  -7.3926326 ,
        -7.16722782, -12.3195839 , -15.29704549,  -9.11147707,
       -21.59740251,  -7.81975495,  -9.65825422,  -5.72007146,
        -9.53018144, -17.73917719,  -8.17398044, -14.20561814,
       -10.3164147 ]), 'neg_mean_squared_error': array([-123.47257603, -218.86444011, -104.21956856, -178.99742295,
       -139.98478663,  -48.24377135, -136.1826077 ,  -97.9380622 ,
        -68.33138657,  -77.89126449, -107.469816  , -293.98172152,
       -412.69546854, -290.37169714,  -93.73213647,  -82.65161407,
       -250.33179733,  -57.91617258,  -97.59999094, -200.51523736,
       -154.04161225, -399.45670337, -115.03570808, -250.56033568,
       -126.1214586 , -256.13423629, -139.26182621, -520.12069086,
       -222.79578649, -151.36410578, -232.3380582 , -254.42448179,
       -330.712552  , -117.95460688, -200.43318937, -194.02985944,
       -166.54120153,  -79.45960183,  -64.76535708, -115.62771073,
        -80.59336062, -281.1760918 , -445.30188408, -182.25307928,
       -829.73664081, -102.56778569, -152.95210853,  -49.26556581,
       -231.48046251, -526.3564385 , -119.87486393, -354.82905118,
       -241.84220554]), 'max_error': array([-35.6573399 , -36.21037443, -15.34226071, -28.66273874,
       -21.18902713, -14.44801401, -31.33679759, -34.7299768 ,
       -16.79851235, -18.52813173, -25.77995019, -32.68611148,
       -61.81998858, -37.6852627 , -18.81394606, -16.35266071,
       -31.52652832, -11.62089085, -23.85361073, -45.49684849,
       -33.6710795 , -48.85006132, -23.62006184, -48.24950315,
       -29.74802518, -46.86137426, -29.65713952, -61.0388489 ,
       -35.36272944, -29.37703458, -33.95834402, -39.04533572,
       -48.41874746, -24.78007453, -27.42953866, -40.79518885,
       -36.75335868, -25.57182925, -18.67752529, -35.13919343,
       -20.4658624 , -49.57191837, -52.75648189, -43.37493121,
       -73.06954088, -23.8858342 , -32.57232168, -14.35435705,
       -51.93686922, -47.98044581, -33.71166752, -43.12144509,
       -51.10434121]), 'explained_variance': array([-2.22044605e-16,  0.00000000e+00,  1.11022302e-16,  1.11022302e-16,
        0.00000000e+00,  0.00000000e+00,  0.00000000e+00, -2.22044605e-16,
        0.00000000e+00,  3.33066907e-16,  3.33066907e-16, -2.22044605e-16,
       -2.22044605e-16,  0.00000000e+00,  2.22044605e-16,  0.00000000e+00,
        2.22044605e-16,  0.00000000e+00,  0.00000000e+00,  0.00000000e+00,
        0.00000000e+00, -2.22044605e-16, -2.22044605e-16,  0.00000000e+00,
        0.00000000e+00,  0.00000000e+00,  0.00000000e+00,  0.00000000e+00,
        1.11022302e-16, -2.22044605e-16,  0.00000000e+00,  0.00000000e+00,
        2.22044605e-16,  0.00000000e+00,  0.00000000e+00,  1.11022302e-16,
       -2.22044605e-16,  0.00000000e+00,  0.00000000e+00,  2.22044605e-16,
        0.00000000e+00,  1.11022302e-16,  2.22044605e-16,  0.00000000e+00,
       -4.44089210e-16, -2.22044605e-16,  0.00000000e+00,  0.00000000e+00,
        0.00000000e+00,  0.00000000e+00,  0.00000000e+00, -2.22044605e-16,
       -2.22044605e-16])}
         accs  y_pred (s)  y_true (s)
54     [9, 8]   15.919675      19.499
4    [33, 26]   23.079852      26.335
3    [33, 26]   23.079852      27.642
11   [33, 26]   23.079852      18.893
27   [22, 21]   18.192553      65.978
29   [22, 21]   18.192553      45.143
64     [9, 8]   15.919675      30.560
77   [10, 12]   17.214695      12.834
124  [22, 22]   18.446639      45.263
71     [9, 8]   15.919675       9.629
25   [22, 21]   18.192553      19.467
91     [5, 4]   14.459400      14.879
83   [10, 12]   17.214695      24.338
89   [10, 12]   17.214695      11.455
69     [9, 8]   15.919675       9.069
{'mse': 290.93466055502614, 'mae': 11.632092258717533, 'r2-score': -0.18996126593597817, 'max-error': 65.39581269102577, 'explained variance score': 0.06199237879967512, 'layers': ['layer4', 'avgpool']}
