environment: line 5: __conda_exe: command not found
Using device: cuda
Using model: resnet18
Number of videos: 64
Execution type : naive
Using 2 features
Job ID : 20
Plotting ?  yes
Calculate accumulators ?  no
The directory contains : 65 videos
Number of videos in the directory : 65
Number of videos in the dataframe : 64
['conv1', 'layer1', 'layer2', 'layer3', 'layer4', 'avgpool', 'fc']
{'conv1': {'T_max': 571.0571938157082, 'T_min': 326.0943303704262, 'tau': 100, 'alpha': 50}, 'layer1': {'T_max': 92.58804017305374, 'T_min': 60.81114938855171, 'tau': 100, 'alpha': 50}, 'layer2': {'T_max': 40.81974321231246, 'T_min': 25.665204532444477, 'tau': 100, 'alpha': 50}, 'layer3': {'T_max': 17.509853899478912, 'T_min': 10.225740537047386, 'tau': 100, 'alpha': 50}, 'layer4': {'T_max': 96.32052391767502, 'T_min': 56.401943013072014, 'tau': 100, 'alpha': 50}, 'avgpool': {'T_max': 6.396838169544935, 'T_min': 3.6541042742319405, 'tau': 100, 'alpha': 50}, 'fc': {'T_max': 21.314019925892353, 'T_min': 11.872331587597728, 'tau': 100, 'alpha': 50}}
Iterating over following combinations of layers :  [['conv1'], ['layer1'], ['layer2'], ['layer3'], ['layer4'], ['avgpool'], ['fc'], ['conv1', 'layer1'], ['conv1', 'layer2'], ['conv1', 'layer3'], ['conv1', 'layer4'], ['conv1', 'avgpool'], ['conv1', 'fc'], ['layer1', 'layer2'], ['layer1', 'layer3'], ['layer1', 'layer4'], ['layer1', 'avgpool'], ['layer1', 'fc'], ['layer2', 'layer3'], ['layer2', 'layer4'], ['layer2', 'avgpool'], ['layer2', 'fc'], ['layer3', 'layer4'], ['layer3', 'avgpool'], ['layer3', 'fc'], ['layer4', 'avgpool'], ['layer4', 'fc'], ['avgpool', 'fc']]
[['layer2', 'avgpool']]
Generating the training set for videos : 
TRAINING SET : contains 962 samples, 37 patients based on 56 videos
TEST SET : contains 127 samples, 37 patients based on 8 videos
Dataset constituted.
--------------------NAIVE IMPLEMENTATION-------------------
Number of folds : 53
Grid search.
The best parameters are : {'C': 1}
Metrics obtained during CV : 
{'r2': array([-1.73564960e-01, -1.53416161e-01, -1.27428313e-01, -1.20013776e-02,
       -7.36405403e-02, -4.78662238e-02, -5.79567265e-02, -4.63912058e-02,
       -1.17848287e-01, -9.21056070e-03, -1.19225304e-01, -4.66575274e-01,
       -4.29364213e-01, -2.00352454e-01, -2.17929328e-01, -4.36143370e-02,
       -9.83308416e-04, -1.01525414e+00, -1.16186859e-02, -1.28671420e-01,
       -6.24696076e-02, -8.04384743e-01, -8.37351294e-02, -2.48349662e-01,
       -1.80427823e-01, -5.06413997e-02, -1.32838417e-02, -3.99540251e-01,
       -1.99451857e-01, -2.06686094e-02, -2.52257655e-01, -3.55038378e-01,
       -5.81913981e-01, -1.24415270e-02, -4.12409224e-01, -4.54876944e-01,
       -8.44522192e-03, -6.86933541e-02, -6.62375936e-02, -5.71123699e-02,
       -7.77480730e-04, -3.10407514e-01, -7.67912095e-01, -1.52812203e-01,
       -3.21633442e-01, -8.48552296e-03, -1.52421252e-01, -1.22788912e-01,
       -2.73323851e-01, -7.34126118e-01, -4.13396839e-03, -2.04533655e-01,
       -4.08971623e-02]), 'neg_mean_absolute_error': array([ -8.90891585, -11.5935124 ,  -9.54800944, -11.04611129,
       -10.57540413,  -5.84694879,  -8.0016794 ,  -6.07583928,
        -7.3298951 ,  -7.61981092,  -7.82608153, -13.38262769,
       -15.11834055, -13.74117085,  -7.82180781,  -7.46528054,
       -13.50867708,  -6.54626187,  -8.74134561,  -9.60516313,
        -9.17311111, -14.55152759,  -8.33759356, -10.87023193,
        -9.52023014,  -9.625365  ,  -8.95720633, -16.55385364,
       -10.48122222, -10.25894444, -12.20971218, -11.89644282,
       -13.13020052,  -8.6663348 , -12.17852993, -12.01462565,
        -9.46004327,  -6.68602114,  -6.45647133,  -7.34920332,
        -7.19155382, -12.67058436, -15.05235149,  -9.00287074,
       -21.00704512,  -7.85797047,  -9.6480446 ,  -5.69996355,
        -9.34312579, -17.96680309,  -8.15639896, -14.29097672,
       -10.27064941]), 'neg_mean_squared_error': array([-130.88459182, -220.14383976, -107.10178216, -178.13890084,
       -137.3945574 ,  -48.35855042, -134.85326846,  -97.18081062,
        -72.94065491,  -78.45342004, -104.26959157, -302.46638191,
       -431.57751603, -306.01004469,  -88.77313262,  -85.29456736,
       -250.51651581,  -56.76643752,  -96.84802826, -208.47149774,
       -153.63293869, -391.29866398, -117.50281167, -244.12409514,
       -134.3460054 , -254.05715837, -140.84937957, -545.39036043,
       -225.96197793, -149.30205106, -245.63078068, -250.96339045,
       -343.65469085, -117.53809095, -200.59712659, -276.23482135,
       -165.62534741,  -79.36193126,  -68.10592936, -113.53881829,
        -80.61776008, -297.75414087, -433.02672964, -178.97297303,
       -777.86467451, -103.35741945, -151.36879728,  -48.94454868,
       -224.96053541, -539.16318955, -119.36648403, -365.11638781,
       -242.93983902]), 'max_error': array([-34.71383993, -36.32991189, -15.78457549, -31.8398854 ,
       -21.58533164, -14.40888588, -31.10236378, -34.55494625,
       -15.78059861, -18.07419753, -25.33018301, -33.12856087,
       -62.6817815 , -38.87904923, -19.39387742, -15.4246698 ,
       -30.78271185, -11.51445233, -23.54288951, -46.39573408,
       -33.60384418, -48.54474966, -24.06184204, -47.80208738,
       -28.72508575, -46.57621501, -28.807143  , -62.0962276 ,
       -35.62667492, -28.86073045, -34.97695481, -38.83466178,
       -49.00982617, -24.94239736, -27.44025645, -48.04853271,
       -36.41355531, -25.55030972, -17.56418951, -34.7483299 ,
       -20.4111289 , -50.62491974, -52.31603268, -43.04911222,
       -71.29846869, -24.53549799, -32.39875817, -14.42272392,
       -51.4825912 , -48.41040584, -33.41278235, -43.80431373,
       -51.28740236]), 'explained_variance': array([-2.22044605e-16,  0.00000000e+00,  1.11022302e-16,  1.11022302e-16,
        0.00000000e+00,  0.00000000e+00,  0.00000000e+00,  0.00000000e+00,
        0.00000000e+00,  3.33066907e-16,  3.33066907e-16,  0.00000000e+00,
        0.00000000e+00,  0.00000000e+00,  2.22044605e-16,  0.00000000e+00,
        2.22044605e-16,  0.00000000e+00,  0.00000000e+00, -2.22044605e-16,
        2.22044605e-16, -2.22044605e-16, -2.22044605e-16, -2.22044605e-16,
        0.00000000e+00, -2.22044605e-16,  0.00000000e+00,  0.00000000e+00,
        0.00000000e+00, -2.22044605e-16, -2.22044605e-16,  0.00000000e+00,
        0.00000000e+00,  0.00000000e+00,  0.00000000e+00,  4.44089210e-16,
       -2.22044605e-16,  0.00000000e+00,  0.00000000e+00,  0.00000000e+00,
        0.00000000e+00,  0.00000000e+00, -2.22044605e-16,  0.00000000e+00,
        0.00000000e+00, -2.22044605e-16,  0.00000000e+00,  0.00000000e+00,
        0.00000000e+00, -4.44089210e-16,  0.00000000e+00, -2.22044605e-16,
       -2.22044605e-16])}
         accs  y_pred (s)  y_true (s)
54    [11, 8]   16.755659      19.499
4    [42, 26]   23.400148      26.335
3    [42, 26]   23.400148      27.642
11   [42, 26]   23.400148      18.893
27   [29, 21]   19.263565      65.978
29   [29, 21]   19.263565      45.143
64    [11, 8]   16.755659      30.560
77   [15, 12]   17.376166      12.834
124  [26, 22]   19.341549      45.263
71    [11, 8]   16.755659       9.629
25   [29, 21]   19.263565      19.467
91     [3, 4]   14.639309      14.879
83   [15, 12]   17.376166      24.338
89   [15, 12]   17.376166      11.455
69    [11, 8]   16.755659       9.069
{'mse': 280.7587619117991, 'mae': 11.465309861354912, 'r2-score': -0.14834049373774638, 'max-error': 64.62696224784393, 'explained variance score': 0.06635463247116435, 'layers': ['layer2', 'avgpool']}
