environment: line 5: __conda_exe: command not found
Using device: cuda
Using model: resnet18
Number of videos: 64
Execution type : naive
Using 2 features
Job ID : 26
Plotting ?  yes
Calculate accumulators ?  no
The directory contains : 65 videos
Number of videos in the directory : 65
Number of videos in the dataframe : 64
['conv1', 'layer1', 'layer2', 'layer3', 'layer4', 'avgpool', 'fc']
{'conv1': {'T_max': 571.0571938157082, 'T_min': 326.0943303704262, 'tau': 100, 'alpha': 50}, 'layer1': {'T_max': 92.58804017305374, 'T_min': 60.81114938855171, 'tau': 100, 'alpha': 50}, 'layer2': {'T_max': 40.81974321231246, 'T_min': 25.665204532444477, 'tau': 100, 'alpha': 50}, 'layer3': {'T_max': 17.509853899478912, 'T_min': 10.225740537047386, 'tau': 100, 'alpha': 50}, 'layer4': {'T_max': 96.32052391767502, 'T_min': 56.401943013072014, 'tau': 100, 'alpha': 50}, 'avgpool': {'T_max': 6.396838169544935, 'T_min': 3.6541042742319405, 'tau': 100, 'alpha': 50}, 'fc': {'T_max': 21.314019925892353, 'T_min': 11.872331587597728, 'tau': 100, 'alpha': 50}}
Iterating over following combinations of layers :  [['conv1'], ['layer1'], ['layer2'], ['layer3'], ['layer4'], ['avgpool'], ['fc'], ['conv1', 'layer1'], ['conv1', 'layer2'], ['conv1', 'layer3'], ['conv1', 'layer4'], ['conv1', 'avgpool'], ['conv1', 'fc'], ['layer1', 'layer2'], ['layer1', 'layer3'], ['layer1', 'layer4'], ['layer1', 'avgpool'], ['layer1', 'fc'], ['layer2', 'layer3'], ['layer2', 'layer4'], ['layer2', 'avgpool'], ['layer2', 'fc'], ['layer3', 'layer4'], ['layer3', 'avgpool'], ['layer3', 'fc'], ['layer4', 'avgpool'], ['layer4', 'fc'], ['avgpool', 'fc']]
[['layer4', 'fc']]
Generating the training set for videos : 
TRAINING SET : contains 962 samples, 37 patients based on 56 videos
TEST SET : contains 127 samples, 37 patients based on 8 videos
Dataset constituted.
--------------------NAIVE IMPLEMENTATION-------------------
Number of folds : 53
Grid search.
The best parameters are : {'C': 1}
Metrics obtained during CV : 
{'r2': array([-1.29700804e-01, -1.31256774e-01, -5.82199318e-02, -1.63905791e-02,
       -6.97916410e-02, -4.25120884e-02, -6.19001539e-02, -5.16807170e-02,
       -6.30402787e-02, -2.37020438e-03, -1.51570521e-01, -4.57948404e-01,
       -3.49693223e-01, -1.07823972e-01, -3.41033667e-01, -9.77065435e-03,
       -3.01525566e-04, -9.80595184e-01, -2.54774338e-02, -7.28242929e-02,
       -7.14040164e-02, -8.48211254e-01, -4.14095077e-02, -3.13424906e-01,
       -1.45346758e-01, -7.09358037e-02, -2.62976788e-03, -3.15856307e-01,
       -1.87525177e-01, -4.31410415e-02, -2.05722426e-01, -4.29803851e-01,
       -4.49433478e-01, -2.04351325e-02, -4.42215863e-01, -2.03073750e-02,
       -1.87672805e-02, -4.69236391e-02, -2.17678077e-02, -7.81602095e-02,
       -4.57119081e-04, -2.60363173e-01, -8.24879049e-01, -1.86611890e-01,
       -3.65802149e-01, -6.99753572e-04, -1.70111995e-01, -1.19386079e-01,
       -2.56474598e-01, -6.84041518e-01, -5.95528568e-03, -1.46399109e-01,
       -4.11079381e-02]), 'neg_mean_absolute_error': array([ -8.43809448, -11.52940219,  -9.04328455, -11.36991982,
       -10.54545136,  -5.80640675,  -7.98924686,  -6.08189932,
        -7.1338762 ,  -7.55398093,  -7.89318431, -13.34906052,
       -14.70919968, -13.30170909,  -8.47720825,  -7.54453658,
       -13.47372353,  -6.49295626,  -8.68500177,  -9.52688889,
        -9.17311111, -14.74876707,  -8.24094444, -11.03201531,
        -9.26227059,  -9.55400417,  -8.87340038, -16.09270583,
       -10.48122222, -10.25894444, -12.05818579, -12.22576193,
       -12.52468817,  -8.85435242, -12.26911092, -10.49816667,
        -9.44361111,  -6.72956378,  -6.0913497 ,  -7.39594272,
        -7.16561336, -12.43500776, -15.32990874,  -9.17346321,
       -21.31182296,  -7.81886705,  -9.66289954,  -5.69046853,
        -9.25352783, -17.68914743,  -8.16465608, -14.13943616,
       -10.26866162]), 'neg_mean_squared_error': array([-125.99253872, -215.91444474, -100.52722585, -178.91151593,
       -136.90201097,  -48.1114595 , -135.35592047,  -97.67205995,
        -69.36438071,  -77.92166843, -107.28294603, -300.6871769 ,
       -407.52191983, -282.42143535,  -97.74603245,  -82.52852423,
       -250.34588573,  -55.79015107,  -98.17480526, -198.15624216,
       -154.9248528 , -400.80287611, -112.91370182, -256.85004488,
       -130.35338436, -258.96457836, -139.36843255, -512.77935387,
       -223.71513813, -152.58928863, -236.50287911, -264.81052358,
       -314.87465171, -118.46609825, -204.83040835, -193.72389302,
       -167.32062495,  -77.74529669,  -65.26542165, -115.79945482,
        -80.5919533 , -286.38293795, -446.98003313, -184.22034157,
       -803.8607452 , -102.55947341, -153.69244972,  -48.79621259,
       -221.98374595, -523.59121223, -119.58299323, -347.49473347,
       -242.98903296]), 'max_error': array([-35.31021365, -35.92388051, -15.28994193, -28.68784115,
       -21.66663203, -14.49447464, -31.19330964, -34.67008713,
       -16.52547043, -18.49112075, -25.75516728, -33.03744997,
       -61.57125629, -36.97515757, -18.39369564, -16.41906501,
       -31.0040843 , -11.422379  , -24.04998408, -45.18823081,
       -33.81158863, -48.89978073, -23.1676326 , -48.6620689 ,
       -29.18941293, -47.2184625 , -29.56139655, -60.71278414,
       -35.44057773, -29.63403806, -34.29508607, -39.64771435,
       -47.64742339, -24.60396565, -27.71199944, -40.71876645,
       -36.99148324, -25.15842598, -18.44195091, -35.16898449,
       -20.46949494, -49.91818994, -52.81563573, -43.56088964,
       -72.21280222, -23.87073993, -32.65129218, -14.45500699,
       -51.26499617, -47.88594515, -33.5531534 , -42.59198931,
       -51.29535353]), 'explained_variance': array([-2.22044605e-16,  1.11022302e-16,  1.11022302e-16,  1.11022302e-16,
        0.00000000e+00,  0.00000000e+00,  0.00000000e+00,  0.00000000e+00,
        0.00000000e+00,  3.33066907e-16,  0.00000000e+00,  0.00000000e+00,
        0.00000000e+00,  0.00000000e+00,  2.22044605e-16,  0.00000000e+00,
        0.00000000e+00,  0.00000000e+00,  0.00000000e+00,  0.00000000e+00,
        2.22044605e-16, -2.22044605e-16, -2.22044605e-16,  1.11022302e-16,
        0.00000000e+00,  0.00000000e+00,  0.00000000e+00,  1.11022302e-16,
        0.00000000e+00,  0.00000000e+00,  0.00000000e+00,  0.00000000e+00,
        0.00000000e+00,  0.00000000e+00,  0.00000000e+00,  3.33066907e-16,
        0.00000000e+00,  0.00000000e+00,  0.00000000e+00,  2.22044605e-16,
        0.00000000e+00,  1.11022302e-16,  0.00000000e+00,  0.00000000e+00,
       -4.44089210e-16, -2.22044605e-16, -2.22044605e-16,  0.00000000e+00,
        1.11022302e-16, -2.22044605e-16,  2.22044605e-16, -2.22044605e-16,
        0.00000000e+00])}
         accs  y_pred (s)  y_true (s)
54     [9, 9]   16.535625      19.499
4    [33, 25]   23.158405      26.335
3    [33, 25]   23.158405      27.642
11   [33, 25]   23.158405      18.893
27   [22, 23]   18.552242      65.978
29   [22, 23]   18.552242      45.143
64     [9, 9]   16.535625      30.560
77   [10, 10]   16.948784      12.834
124  [22, 20]   17.935888      45.263
71     [9, 9]   16.535625       9.629
25   [22, 23]   18.552242      19.467
91     [5, 5]   14.762970      14.879
83   [10, 10]   16.948784      24.338
89   [10, 10]   16.948784      11.455
69     [9, 9]   16.535625       9.069
{'mse': 289.4995440159847, 'mae': 11.60798290172978, 'r2-score': -0.18409144935824373, 'max-error': 65.14836832144329, 'explained variance score': 0.06045559809040213, 'layers': ['layer4', 'fc']}
