environment: line 5: __conda_exe: command not found
Using device: cuda
Using model: resnet18
Number of videos: 64
Execution type : naive
Using 2 features
Job ID : 7
Plotting ?  yes
Calculate accumulators ?  no
The directory contains : 65 videos
Number of videos in the directory : 65
Number of videos in the dataframe : 64
['conv1', 'layer1', 'layer2', 'layer3', 'layer4', 'avgpool', 'fc']
{'conv1': {'T_max': 571.0571938157082, 'T_min': 326.0943303704262, 'tau': 100, 'alpha': 50}, 'layer1': {'T_max': 92.58804017305374, 'T_min': 60.81114938855171, 'tau': 100, 'alpha': 50}, 'layer2': {'T_max': 40.81974321231246, 'T_min': 25.665204532444477, 'tau': 100, 'alpha': 50}, 'layer3': {'T_max': 17.509853899478912, 'T_min': 10.225740537047386, 'tau': 100, 'alpha': 50}, 'layer4': {'T_max': 96.32052391767502, 'T_min': 56.401943013072014, 'tau': 100, 'alpha': 50}, 'avgpool': {'T_max': 6.396838169544935, 'T_min': 3.6541042742319405, 'tau': 100, 'alpha': 50}, 'fc': {'T_max': 21.314019925892353, 'T_min': 11.872331587597728, 'tau': 100, 'alpha': 50}}
Iterating over following combinations of layers :  [['conv1'], ['layer1'], ['layer2'], ['layer3'], ['layer4'], ['avgpool'], ['fc'], ['conv1', 'layer1'], ['conv1', 'layer2'], ['conv1', 'layer3'], ['conv1', 'layer4'], ['conv1', 'avgpool'], ['conv1', 'fc'], ['layer1', 'layer2'], ['layer1', 'layer3'], ['layer1', 'layer4'], ['layer1', 'avgpool'], ['layer1', 'fc'], ['layer2', 'layer3'], ['layer2', 'layer4'], ['layer2', 'avgpool'], ['layer2', 'fc'], ['layer3', 'layer4'], ['layer3', 'avgpool'], ['layer3', 'fc'], ['layer4', 'avgpool'], ['layer4', 'fc'], ['avgpool', 'fc']]
[['conv1', 'layer1']]
Generating the training set for videos : 
TRAINING SET : contains 962 samples, 37 patients based on 56 videos
TEST SET : contains 127 samples, 37 patients based on 8 videos
Dataset constituted.
--------------------NAIVE IMPLEMENTATION-------------------
Number of folds : 53
Grid search.
The best parameters are : {'C': 1}
Metrics obtained during CV : 
{'r2': array([-2.27998165e-01, -6.07674413e-02, -4.10327310e-02, -4.85238988e-02,
       -3.33731161e-03, -3.27527515e-02, -7.48995472e-02, -6.66761146e-02,
       -1.83821711e-01, -2.80707757e-02, -1.04167156e-01, -3.61389322e-01,
       -2.56381560e-01, -2.10256800e-01, -2.93187840e-01, -1.50540769e-02,
       -1.56066167e-02, -5.84367212e-01, -6.14696673e-02, -7.78727904e-02,
       -1.65280734e-02, -7.38594689e-01, -1.22763034e-02, -1.21396882e-01,
       -6.92698927e-02, -1.93088362e-02, -1.99005244e-02, -5.59468152e-01,
       -1.11976881e-01, -1.43633283e-02, -2.88234026e-01, -4.11387640e-01,
       -6.41912787e-01, -4.11313778e-02, -2.74089376e-01, -4.49906545e-01,
       -6.28080613e-02, -3.69816384e-02, -3.34471263e-01, -3.67082868e-02,
       -9.22257436e-07, -4.99383914e-01, -6.78561152e-01, -1.01921786e-01,
       -5.30674011e-01, -3.37150663e-03, -1.81859010e-01, -1.09242995e-01,
       -3.10665544e-01, -5.45135506e-01, -2.70314106e-03, -3.77293251e-01,
       -7.67472232e-02]), 'neg_mean_absolute_error': array([ -9.41649619, -11.27683694,  -8.90423683, -10.96878932,
        -9.40866577,  -5.72529189,  -7.99122164,  -6.09756368,
        -7.6208493 ,  -7.71944868,  -7.79172913, -12.94926732,
       -14.16499959, -13.78709677,  -8.22887339,  -7.51049433,
       -13.34209905,  -5.84112572,  -9.20147713,  -9.52688889,
        -9.18052424, -14.24506248,  -8.37651524, -10.63727656,
        -8.56260044,  -9.91217456,  -8.661     , -17.54604548,
       -10.48122222, -10.25894444, -12.31746553, -12.13987823,
       -13.38149643,  -9.2126537 , -11.7817088 , -11.99199749,
        -9.44361111,  -6.75284295,  -7.98592075,  -7.29463553,
        -7.07649635, -13.52567839, -14.59537812,  -8.7726372 ,
       -22.31181681,  -7.83769212,  -9.67233978,  -5.66133317,
        -9.53233038, -16.86080708,  -8.12959414, -14.66108093,
        -9.9849554 ]), 'neg_mean_squared_error': array([-136.95538296, -202.46067776,  -98.89450134, -184.56782667,
       -128.39780232,  -47.66107053, -137.01289814,  -99.06471777,
        -77.24548307,  -79.9195644 , -102.86674004, -280.77283858,
       -379.34770437, -308.53499418,  -94.25861832,  -82.96033819,
       -254.17629736,  -44.62905232, -101.62054712, -199.08872596,
       -146.98980004, -377.03144056, -109.75496559, -219.29753136,
       -121.69497873, -246.48058462, -141.76911758, -607.71306656,
       -209.48276824, -148.37972289, -252.68755841, -261.39970154,
       -356.68882014, -120.86880211, -180.95227887, -275.29110077,
       -174.55380872,  -77.00699662,  -85.23935575, -111.34732424,
        -80.55520431, -340.69384095, -411.14139578, -171.07228532,
       -900.89823936, -102.83329538, -155.23540241,  -48.35405589,
       -231.55776301, -480.40346037, -119.19639435, -417.48301063,
       -251.30705178]), 'max_error': array([-34.07090483, -34.3243006 , -15.66735718, -33.30900286,
       -25.30867009, -14.66571712, -31.47421121, -34.96770996,
       -15.09031814, -17.44315837, -25.11261779, -31.95229701,
       -60.09414175, -39.05356773, -18.75664659, -16.20346411,
       -33.25511803, -10.22391267, -20.0623529 , -45.31322656,
       -32.14428185, -47.99311246, -22.20243143, -45.70548902,
       -30.44881921, -45.23764299, -31.82919883, -64.38385234,
       -34.08982555, -28.57144388, -35.46184489, -39.45447603,
       -49.57524198, -23.95902334, -26.02618958, -47.99761936,
       -38.44760704, -24.94891348, -16.37304779, -34.25721981,
       -20.6700082 , -52.87890138, -51.49348062, -42.1562348 ,
       -75.21278376, -24.19076611, -32.81177632, -14.55406721,
       -51.94208807, -46.32130227, -32.1448996 , -46.62457373,
       -52.4301784 ]), 'explained_variance': array([-4.44089210e-16,  0.00000000e+00,  1.11022302e-16,  0.00000000e+00,
        0.00000000e+00,  0.00000000e+00,  0.00000000e+00,  0.00000000e+00,
        0.00000000e+00,  3.33066907e-16,  1.11022302e-16,  0.00000000e+00,
        0.00000000e+00,  0.00000000e+00,  2.22044605e-16,  0.00000000e+00,
        0.00000000e+00,  0.00000000e+00,  0.00000000e+00,  0.00000000e+00,
        0.00000000e+00, -2.22044605e-16, -2.22044605e-16,  1.11022302e-16,
        0.00000000e+00, -2.22044605e-16, -2.22044605e-16,  0.00000000e+00,
        0.00000000e+00, -2.22044605e-16,  1.11022302e-16,  0.00000000e+00,
        0.00000000e+00,  0.00000000e+00,  0.00000000e+00,  3.33066907e-16,
        0.00000000e+00,  0.00000000e+00, -2.22044605e-16,  0.00000000e+00,
        0.00000000e+00,  0.00000000e+00, -2.22044605e-16,  0.00000000e+00,
       -4.44089210e-16, -2.22044605e-16,  0.00000000e+00,  0.00000000e+00,
       -2.22044605e-16,  0.00000000e+00, -2.22044605e-16, -2.22044605e-16,
       -2.22044605e-16])}
         accs  y_pred (s)  y_true (s)
54    [1, 10]   15.198075      19.499
4    [31, 43]   22.469094      26.335
3    [31, 43]   22.469094      27.642
11   [31, 43]   22.469094      18.893
27   [29, 31]   18.309473      65.978
29   [29, 31]   18.309473      45.143
64    [1, 10]   15.198075      30.560
77   [14, 16]   19.389550      12.834
124  [23, 26]   17.536398      45.263
71    [1, 10]   15.198075       9.629
25   [29, 31]   18.309473      19.467
91     [7, 4]   15.214386      14.879
83   [14, 16]   19.389550      24.338
89   [14, 16]   19.389550      11.455
69    [1, 10]   15.198075       9.069
{'mse': 291.4879136130564, 'mae': 11.759479620495624, 'r2-score': -0.19222414416458333, 'max-error': 64.0921199547212, 'explained variance score': 0.040433407904600926, 'layers': ['conv1', 'layer1']}
