environment: line 5: __conda_exe: command not found
Using device: cuda
Using model: resnet18
Number of videos: 64
Execution type : naive
Using 2 features
Job ID : 3
Plotting ?  yes
Calculate accumulators ?  no
The directory contains : 65 videos
Number of videos in the directory : 65
Number of videos in the dataframe : 64
['conv1', 'layer1', 'layer2', 'layer3', 'layer4', 'avgpool', 'fc']
{'conv1': {'T_max': 571.0571938157082, 'T_min': 326.0943303704262, 'tau': 100, 'alpha': 50}, 'layer1': {'T_max': 92.58804017305374, 'T_min': 60.81114938855171, 'tau': 100, 'alpha': 50}, 'layer2': {'T_max': 40.81974321231246, 'T_min': 25.665204532444477, 'tau': 100, 'alpha': 50}, 'layer3': {'T_max': 17.509853899478912, 'T_min': 10.225740537047386, 'tau': 100, 'alpha': 50}, 'layer4': {'T_max': 96.32052391767502, 'T_min': 56.401943013072014, 'tau': 100, 'alpha': 50}, 'avgpool': {'T_max': 6.396838169544935, 'T_min': 3.6541042742319405, 'tau': 100, 'alpha': 50}, 'fc': {'T_max': 21.314019925892353, 'T_min': 11.872331587597728, 'tau': 100, 'alpha': 50}}
Iterating over following combinations of layers :  [['conv1'], ['layer1'], ['layer2'], ['layer3'], ['layer4'], ['avgpool'], ['fc'], ['conv1', 'layer1'], ['conv1', 'layer2'], ['conv1', 'layer3'], ['conv1', 'layer4'], ['conv1', 'avgpool'], ['conv1', 'fc'], ['layer1', 'layer2'], ['layer1', 'layer3'], ['layer1', 'layer4'], ['layer1', 'avgpool'], ['layer1', 'fc'], ['layer2', 'layer3'], ['layer2', 'layer4'], ['layer2', 'avgpool'], ['layer2', 'fc'], ['layer3', 'layer4'], ['layer3', 'avgpool'], ['layer3', 'fc'], ['layer4', 'avgpool'], ['layer4', 'fc'], ['avgpool', 'fc']]
[['layer3']]
Generating the training set for videos : 
TRAINING SET : contains 962 samples, 37 patients based on 56 videos
TEST SET : contains 127 samples, 37 patients based on 8 videos
Dataset constituted.
--------------------NAIVE IMPLEMENTATION-------------------
Number of folds : 53
Grid search.
The best parameters are : {'C': 1000.0}
Metrics obtained during CV : 
{'r2': array([-3.17108606e-01, -2.71500997e-01, -2.52734359e-02, -5.88786357e-02,
       -1.27330873e-03, -8.07356101e-03, -3.86130066e-02, -9.57657869e-02,
       -2.12079669e-01, -3.51783472e-02, -3.91881743e-02, -4.93688417e-01,
       -4.16188847e-01, -1.76496846e-01, -3.15593897e-01, -2.53900719e-01,
       -2.13953264e-03, -1.75856333e+00, -2.45878800e-02, -1.25773196e-01,
       -5.25741070e-02, -7.80943870e-01, -2.52275184e-02, -2.92540688e-01,
       -6.05615736e-02, -2.01221325e-02, -8.79242577e-05, -4.97534285e-01,
       -1.24426253e-01, -1.02094972e-02, -3.73189041e-01, -7.44718919e-01,
       -4.40337293e-01, -5.35471790e-02, -3.07306772e-01, -4.51634484e-01,
       -4.30967641e-02, -6.53967072e-02, -1.20681489e-01, -1.36492304e-02,
       -5.50986212e-03, -3.80692454e-01, -5.83306952e-01, -9.68422847e-02,
       -1.68848713e-03, -1.53456322e-01, -2.54119804e-01, -4.55940566e-02,
       -1.73913874e-01, -7.38464050e-01, -3.03216961e-05, -1.22917960e-03,
       -1.00707942e-01]), 'neg_mean_absolute_error': array([-10.13044431, -11.96153942,  -8.7477143 , -10.95317014,
        -9.47441476,  -5.48635326,  -8.08054373,  -6.1235549 ,
        -7.74243757,  -7.74731313,  -7.60154896, -13.48615233,
       -15.05347818, -13.62565559,  -8.34750834,  -8.22710923,
       -13.40760305,  -7.84861275,  -8.6880581 ,  -9.59289285,
        -9.17311111, -14.44382452,  -8.27654596, -10.97305382,
        -8.46125735,  -9.89716198,  -8.79393868, -17.1721585 ,
       -10.48122222, -10.25894444, -12.72649555, -13.76883865,
       -12.48002001,  -9.38381493, -11.8633222 , -11.99987819,
        -9.44361111,  -6.69211692,  -6.79384052,  -7.2085436 ,
        -6.82125382, -12.9713616 , -14.07367111,  -8.76148284,
       -20.19390089,  -8.10318572,  -9.8683654 ,  -5.18641725,
        -8.8123332 , -17.99039921,  -8.11163102, -14.79597836,
        -9.83099021]), 'neg_mean_squared_error': array([-146.89363453, -242.68180148,  -97.39742293, -186.39053313,
       -128.13367037,  -46.5221371 , -132.38760631, -101.76634401,
        -79.0893415 ,  -80.47208863,  -96.81314933, -308.05819459,
       -427.59938942, -299.92845108,  -95.89176382, -102.48126682,
       -250.80588454,  -77.70425074,  -98.0896432 , -207.93618072,
       -152.20205086, -386.21527904, -111.15918709, -252.76598014,
       -120.70387377, -246.67724902, -139.01510895, -583.57790196,
       -211.82807693, -147.772106  , -269.35151466, -323.13518393,
       -312.89859834, -122.31019851, -185.66997272, -275.61918148,
       -171.31645843,  -79.11711991,  -71.58353335, -108.87067361,
        -80.99897768, -313.72446431, -387.81013692, -170.28369773,
       -589.55688017, -118.21515156, -164.726749  ,  -45.57947507,
       -207.39758662, -540.5119111 , -118.87866279, -303.49104802,
       -256.89935561]), 'max_error': array([-33.16657054, -38.11724981, -16.09220403, -33.6057674 ,
       -25.0588239 , -15.28475543, -30.60288969, -35.46154311,
       -15.19436821, -17.26668351, -23.90814344, -33.40955631,
       -62.50572648, -38.44009124, -18.58325704, -17.55267504,
       -32.01054198, -13.20490948, -24.0224771 , -46.34051783,
       -33.35554345, -48.35088413, -22.70258632, -48.3967422 ,
       -30.63123677, -45.28268074, -30.27655191, -63.54260663,
       -34.33841508, -28.34400489, -36.49848999, -42.46992464,
       -47.54692003, -23.65093312, -26.39344992, -48.01535093,
       -37.89631075, -25.49544774, -16.84468707, -33.48239237,
       -21.32760782, -51.52725148, -50.554408  , -42.05584559,
       -56.54289202, -27.56871907, -33.70174455, -18.1460932 ,
       -50.07666441, -48.45497629, -32.65172727, -36.54083657,
       -53.04603918]), 'explained_variance': array([-2.22044605e-16,  0.00000000e+00,  1.11022302e-16,  0.00000000e+00,
        0.00000000e+00,  0.00000000e+00,  0.00000000e+00,  0.00000000e+00,
        0.00000000e+00,  3.33066907e-16,  0.00000000e+00,  0.00000000e+00,
        0.00000000e+00,  0.00000000e+00,  2.22044605e-16,  0.00000000e+00,
        0.00000000e+00,  0.00000000e+00,  0.00000000e+00,  0.00000000e+00,
        0.00000000e+00, -2.22044605e-16, -2.22044605e-16, -2.22044605e-16,
        0.00000000e+00,  0.00000000e+00,  0.00000000e+00,  0.00000000e+00,
        0.00000000e+00, -2.22044605e-16,  1.11022302e-16,  0.00000000e+00,
        0.00000000e+00,  0.00000000e+00,  0.00000000e+00,  3.33066907e-16,
        0.00000000e+00,  0.00000000e+00, -2.22044605e-16,  2.22044605e-16,
        0.00000000e+00,  0.00000000e+00, -2.22044605e-16,  0.00000000e+00,
       -4.44089210e-16, -2.22044605e-16,  0.00000000e+00,  0.00000000e+00,
        0.00000000e+00,  0.00000000e+00,  0.00000000e+00, -2.22044605e-16,
       -2.22044605e-16])}
     accs  y_pred (s)  y_true (s)
54    [9]   16.908021      19.499
4    [42]   23.171209      26.335
3    [42]   23.171209      27.642
11   [42]   23.171209      18.893
27   [28]   24.544199      65.978
29   [28]   24.544199      45.143
64    [9]   16.908021      30.560
77   [15]   19.043757      12.834
124  [25]   18.908338      45.263
71    [9]   16.908021       9.629
25   [28]   24.544199      19.467
91    [5]   16.555296      14.879
83   [15]   19.043757      24.338
89   [15]   19.043757      11.455
69    [9]   16.908021       9.069
{'mse': 262.0578226143252, 'mae': 11.316670437263996, 'r2-score': -0.07185117700195276, 'max-error': 63.99597852695804, 'explained variance score': 0.07158053372917006, 'layers': ['layer3']}
