environment: line 5: __conda_exe: command not found
Using device: cuda
Using model: resnet18
Number of videos: 64
Execution type : naive
Using 2 features
Job ID : 0
Plotting ?  yes
Calculate accumulators ?  no
The directory contains : 65 videos
Number of videos in the directory : 65
Number of videos in the dataframe : 64
['conv1', 'layer1', 'layer2', 'layer3', 'layer4', 'avgpool', 'fc']
{'conv1': {'T_max': 571.0571938157082, 'T_min': 326.0943303704262, 'tau': 100, 'alpha': 50}, 'layer1': {'T_max': 92.58804017305374, 'T_min': 60.81114938855171, 'tau': 100, 'alpha': 50}, 'layer2': {'T_max': 40.81974321231246, 'T_min': 25.665204532444477, 'tau': 100, 'alpha': 50}, 'layer3': {'T_max': 17.509853899478912, 'T_min': 10.225740537047386, 'tau': 100, 'alpha': 50}, 'layer4': {'T_max': 96.32052391767502, 'T_min': 56.401943013072014, 'tau': 100, 'alpha': 50}, 'avgpool': {'T_max': 6.396838169544935, 'T_min': 3.6541042742319405, 'tau': 100, 'alpha': 50}, 'fc': {'T_max': 21.314019925892353, 'T_min': 11.872331587597728, 'tau': 100, 'alpha': 50}}
Iterating over following combinations of layers :  [['conv1'], ['layer1'], ['layer2'], ['layer3'], ['layer4'], ['avgpool'], ['fc'], ['conv1', 'layer1'], ['conv1', 'layer2'], ['conv1', 'layer3'], ['conv1', 'layer4'], ['conv1', 'avgpool'], ['conv1', 'fc'], ['layer1', 'layer2'], ['layer1', 'layer3'], ['layer1', 'layer4'], ['layer1', 'avgpool'], ['layer1', 'fc'], ['layer2', 'layer3'], ['layer2', 'layer4'], ['layer2', 'avgpool'], ['layer2', 'fc'], ['layer3', 'layer4'], ['layer3', 'avgpool'], ['layer3', 'fc'], ['layer4', 'avgpool'], ['layer4', 'fc'], ['avgpool', 'fc']]
[['conv1']]
Generating the training set for videos : 
TRAINING SET : contains 962 samples, 37 patients based on 56 videos
TEST SET : contains 127 samples, 37 patients based on 8 videos
Dataset constituted.
--------------------NAIVE IMPLEMENTATION-------------------
Number of folds : 53
Grid search.
The best parameters are : {'C': 1000.0}
Metrics obtained during CV : 
{'r2': array([-1.51876603e-01, -5.29322143e-01, -2.44555285e-02, -1.02885036e-02,
       -2.83714148e-02, -5.07895299e-03, -2.41216904e-01, -1.22618848e-01,
       -2.70040780e-01, -1.67215767e-03, -6.53042384e-03, -6.48408873e-01,
       -2.63794340e-01, -7.82695502e-02, -2.81211264e-01, -1.38308514e-02,
       -1.22336270e-01, -4.09145780e-01, -1.14417489e-01, -3.90192823e-02,
       -8.26530291e-04, -7.75653416e-01, -2.18884830e-02, -1.25892544e-01,
       -6.62157175e-02, -1.50775856e-01, -6.66558065e-02, -4.79804402e-01,
       -1.00075621e-01, -6.89837515e-03, -4.65096367e-02, -9.12062508e-01,
       -3.61346550e-01, -2.24090534e-02, -3.68679916e-01, -2.31989995e-01,
       -7.41379702e-02, -1.35383914e-02, -1.66404322e-01, -1.40843590e-02,
       -1.10274693e-02, -5.88003700e-01, -5.31204848e-01, -2.11581764e-02,
       -4.86739491e-01, -1.24027774e-02, -2.74955733e-01, -2.91545189e-02,
       -1.45819422e-01, -4.48874575e-01, -9.39578373e-02, -5.83608106e-01,
       -1.11272216e-01]), 'neg_mean_absolute_error': array([ -8.68465937, -15.05794707,  -8.74045194, -11.05178038,
        -9.12965262,  -5.43983545,  -8.66571047,  -6.14420313,
        -7.9687014 ,  -7.42927759,  -7.53570601, -14.19349419,
       -14.21152652, -13.17918956,  -8.16359733,  -7.5177606 ,
       -13.15489126,  -5.59710909,  -8.49079104,  -9.52688889,
        -9.33299013, -14.41929395,  -8.29055488, -10.64720974,
        -8.5278244 ,  -9.50094331,  -8.70042304, -17.06089193,
       -10.50557891, -10.25894444, -11.59161111, -14.6039715 ,
       -12.07087639,  -8.89472773, -12.03949034, -10.92705452,
        -9.44361111,  -7.23704205,  -7.07796579,  -7.39397476,
        -6.7598565 , -13.97043939, -13.77016238,  -8.53203187,
       -22.06269101,  -7.8694345 ,  -9.96397136,  -5.4707145 ,
        -8.78483737, -16.44190327,  -9.13167611, -15.58115124,
        -9.76900366]), 'neg_mean_squared_error': array([-128.46574684, -291.89017826,  -97.31972456, -177.8373899 ,
       -131.60143463,  -46.3839373 , -158.21266802, -104.26025088,
        -82.87135861,  -77.86740408,  -93.77067853, -339.96773059,
       -381.58589453, -274.88702345,  -93.38566274,  -82.86036401,
       -280.88757274,  -39.69334903, -106.68954416, -191.91228039,
       -144.71935937, -385.06799172, -110.79715579, -220.17669156,
       -121.34737913, -278.27082009, -148.26823678, -576.66869948,
       -207.24071724, -147.28775945, -205.27323429, -354.12848653,
       -295.73866439, -118.69525805, -194.38648069, -233.91568447,
       -176.41461391,  -75.26608437,  -74.50407945, -108.91740846,
        -81.44344924, -360.83025495, -375.04841422, -158.53381354,
       -875.0400024 , -103.75889008, -167.46351692,  -44.86284371,
       -202.43408648, -450.47463912, -130.04430168, -480.0208518 ,
       -259.36500063]), 'max_error': array([-34.99789813, -29.71157061, -16.11748263, -31.73217276,
       -26.56060023, -15.41101807, -33.929357  , -35.85385952,
       -15.67203629, -19.28090859, -22.77741415, -34.88312633,
       -60.22042912, -36.19920057, -18.85205005, -16.24948383,
       -36.81206607,  -9.94141818, -25.79788066, -44.20526439,
       -30.94404441, -48.30672911, -22.58925302, -45.79488768,
       -30.51141608, -49.11498983, -33.20990367, -63.29225685,
       -33.83889489, -28.12647676, -30.96313306, -43.72262392,
       -46.62634687, -24.53129008, -27.02313768, -45.3919969 ,
       -38.72528824, -22.28904051, -16.36088465, -31.0416818 ,
       -21.60389577, -53.7854909 , -50.00809229, -39.99078683,
       -74.46540638, -24.73038645, -33.93393044, -15.60895119,
       -49.60923532, -45.1160711 , -29.36972291, -49.23090331,
       -53.29398537]), 'explained_variance': array([-2.22044605e-16,  0.00000000e+00,  1.11022302e-16,  1.11022302e-16,
        0.00000000e+00,  0.00000000e+00,  0.00000000e+00,  0.00000000e+00,
        0.00000000e+00,  3.33066907e-16,  1.11022302e-16,  0.00000000e+00,
        0.00000000e+00,  0.00000000e+00,  2.22044605e-16,  0.00000000e+00,
        0.00000000e+00,  0.00000000e+00,  0.00000000e+00, -2.22044605e-16,
        2.22044605e-16,  0.00000000e+00, -2.22044605e-16, -2.22044605e-16,
        0.00000000e+00,  0.00000000e+00,  0.00000000e+00,  0.00000000e+00,
        0.00000000e+00, -2.22044605e-16, -2.22044605e-16,  0.00000000e+00,
        1.11022302e-16,  0.00000000e+00,  0.00000000e+00,  3.33066907e-16,
        0.00000000e+00,  0.00000000e+00, -2.22044605e-16,  2.22044605e-16,
        0.00000000e+00,  0.00000000e+00,  0.00000000e+00,  0.00000000e+00,
       -4.44089210e-16, -2.22044605e-16,  0.00000000e+00,  0.00000000e+00,
        0.00000000e+00,  0.00000000e+00,  0.00000000e+00, -2.22044605e-16,
       -2.22044605e-16])}
     accs  y_pred (s)  y_true (s)
54    [1]   12.950164      19.499
4    [31]   17.334780      26.335
3    [31]   17.334780      27.642
11   [31]   17.334780      18.893
27   [29]   19.372605      65.978
29   [29]   19.372605      45.143
64    [1]   12.950164      30.560
77   [14]   18.595352      12.834
124  [23]   19.117023      45.263
71    [1]   12.950164       9.629
25   [29]   19.372605      19.467
91    [7]   17.967452      14.879
83   [14]   18.595352      24.338
89   [14]   18.595352      11.455
69    [1]   12.950164       9.069
{'mse': 299.71975126328215, 'mae': 11.92473057041225, 'r2-score': -0.2258934496112246, 'max-error': 64.82209375195058, 'explained variance score': 0.03794793734371227, 'layers': ['conv1']}
