environment: line 5: __conda_exe: command not found
Using device: cuda
Using model: resnet18
Number of videos: 64
Execution type : naive
Using 2 features
Job ID : 9
Plotting ?  yes
Calculate accumulators ?  no
The directory contains : 65 videos
Number of videos in the directory : 65
Number of videos in the dataframe : 64
['conv1', 'layer1', 'layer2', 'layer3', 'layer4', 'avgpool', 'fc']
{'conv1': {'T_max': 571.0571938157082, 'T_min': 326.0943303704262, 'tau': 100, 'alpha': 50}, 'layer1': {'T_max': 92.58804017305374, 'T_min': 60.81114938855171, 'tau': 100, 'alpha': 50}, 'layer2': {'T_max': 40.81974321231246, 'T_min': 25.665204532444477, 'tau': 100, 'alpha': 50}, 'layer3': {'T_max': 17.509853899478912, 'T_min': 10.225740537047386, 'tau': 100, 'alpha': 50}, 'layer4': {'T_max': 96.32052391767502, 'T_min': 56.401943013072014, 'tau': 100, 'alpha': 50}, 'avgpool': {'T_max': 6.396838169544935, 'T_min': 3.6541042742319405, 'tau': 100, 'alpha': 50}, 'fc': {'T_max': 21.314019925892353, 'T_min': 11.872331587597728, 'tau': 100, 'alpha': 50}}
Iterating over following combinations of layers :  [['conv1'], ['layer1'], ['layer2'], ['layer3'], ['layer4'], ['avgpool'], ['fc'], ['conv1', 'layer1'], ['conv1', 'layer2'], ['conv1', 'layer3'], ['conv1', 'layer4'], ['conv1', 'avgpool'], ['conv1', 'fc'], ['layer1', 'layer2'], ['layer1', 'layer3'], ['layer1', 'layer4'], ['layer1', 'avgpool'], ['layer1', 'fc'], ['layer2', 'layer3'], ['layer2', 'layer4'], ['layer2', 'avgpool'], ['layer2', 'fc'], ['layer3', 'layer4'], ['layer3', 'avgpool'], ['layer3', 'fc'], ['layer4', 'avgpool'], ['layer4', 'fc'], ['avgpool', 'fc']]
[['conv1', 'layer3']]
Generating the training set for videos : 
TRAINING SET : contains 962 samples, 37 patients based on 56 videos
TEST SET : contains 127 samples, 37 patients based on 8 videos
Dataset constituted.
--------------------NAIVE IMPLEMENTATION-------------------
Number of folds : 53
Grid search.
The best parameters are : {'C': 1}
Metrics obtained during CV : 
{'r2': array([-2.26750495e-01, -3.20965656e-02, -2.74817318e-02, -8.31639326e-02,
       -3.99957971e-03, -3.35455230e-02, -7.58983282e-02, -7.10038387e-02,
       -1.98418730e-01, -3.91544825e-02, -7.61224243e-02, -3.94307134e-01,
       -3.51416688e-01, -2.19667617e-01, -3.51478559e-01, -9.95592808e-02,
       -1.15347586e-02, -6.50774695e-01, -3.76465821e-02, -8.11958522e-02,
       -3.50201028e-02, -7.66365855e-01, -1.36434676e-02, -1.41764364e-01,
       -8.97656292e-02, -3.48054497e-02, -9.88149666e-03, -4.59073584e-01,
       -1.55842815e-01, -4.01543896e-03, -3.59695678e-01, -4.48269686e-01,
       -5.20837347e-01, -4.81070340e-02, -3.36173685e-01, -3.49804318e-01,
       -3.26521842e-02, -6.38316654e-02, -2.40789194e-01, -3.71851025e-02,
       -9.41985407e-07, -4.84130867e-01, -6.37593576e-01, -1.09344516e-01,
       -3.35666716e-01, -7.08517161e-03, -1.87814162e-01, -8.50575919e-02,
       -2.47885967e-01, -6.26873024e-01, -5.42945345e-05, -1.88637934e-01,
       -8.15165263e-02]), 'neg_mean_absolute_error': array([ -9.40558862, -11.14856663,  -8.77213192, -10.92123572,
        -9.39237362,  -5.73229776,  -7.99230234,  -6.1017473 ,
        -7.6847407 ,  -7.76167444,  -7.72033469, -13.09096938,
       -14.71851714, -13.82974217,  -8.52905327,  -7.58055597,
       -13.35669207,  -5.94242933,  -9.08427341,  -9.52688889,
        -9.17311111, -14.37602654,  -8.36261599, -10.68093136,
        -8.77843895,  -9.72518239,  -8.6760013 , -16.92815192,
       -10.48122222, -10.25894444, -12.65711818, -12.3100487 ,
       -12.86069032,  -9.31156786, -11.93072789, -11.50630496,
        -9.44361111,  -6.69506458,  -7.51900591,  -7.29606378,
        -7.0764556 , -13.45281533, -14.37580512,  -8.78844868,
       -21.10602846,  -7.8532401 ,  -9.67700903,  -5.61157836,
        -9.2067234 , -17.35948364,  -8.11043684, -14.25195744,
        -9.95257487]), 'neg_mean_squared_error': array([-136.81623366, -196.98848405,  -97.60720339, -190.6653851 ,
       -128.48255324,  -47.69765657, -137.14020853,  -99.46664368,
        -78.19795235,  -80.78118312, -100.25402861, -287.56180577,
       -408.04229745, -310.9341267 ,  -98.50734575,  -89.86694588,
       -253.15723171,  -46.49964331,  -99.33982726, -199.70251281,
       -149.66374459, -383.05389228, -109.90319889, -223.2805445 ,
       -124.02762481, -250.22784376, -140.37644379, -568.59005467,
       -217.74657072, -146.86604736, -266.70478679, -268.23053637,
       -330.38641465, -121.67863191, -189.76978999, -256.28487421,
       -169.60105818,  -79.00089879,  -79.25541331, -111.39853647,
        -80.5552059 , -337.22800472, -401.10692877, -172.22465703,
       -786.12414147, -103.21390058, -156.01760272,  -47.2997672 ,
       -220.46637618, -505.81675678, -118.88151256, -360.29810129,
       -252.42018166]), 'max_error': array([-34.08472108, -33.39376589, -16.02592765, -34.21252127,
       -25.37058023, -14.65092695, -31.49474441, -35.04719878,
       -15.0725637 , -17.17572856, -24.66045303, -32.33691689,
       -61.59654652, -39.21562023, -18.31792215, -15.84985447,
       -32.97785066, -10.4482397 , -20.58976967, -45.39330109,
       -32.84864473, -48.22884778, -22.26497805, -46.0983822 ,
       -30.0603099 , -45.97792925, -31.3379883 , -62.99359182,
       -34.91527145, -27.88834714, -36.34239091, -39.83735958,
       -48.40342822, -23.78097785, -26.69677552, -46.90481116,
       -37.55159235, -25.46891882, -15.69932447, -34.27007405,
       -20.6700999 , -52.71495949, -51.09824922, -42.29853813,
       -71.59541873, -24.45508163, -32.89115348, -14.81072262,
       -51.15132826, -47.26324688, -32.63142626, -43.49215955,
       -52.55970053]), 'explained_variance': array([-2.22044605e-16,  0.00000000e+00,  1.11022302e-16,  0.00000000e+00,
        0.00000000e+00,  0.00000000e+00,  0.00000000e+00, -2.22044605e-16,
        0.00000000e+00,  3.33066907e-16,  1.11022302e-16,  0.00000000e+00,
        0.00000000e+00,  0.00000000e+00,  2.22044605e-16,  0.00000000e+00,
        2.22044605e-16,  0.00000000e+00,  0.00000000e+00,  0.00000000e+00,
        0.00000000e+00, -2.22044605e-16, -2.22044605e-16,  1.11022302e-16,
        0.00000000e+00,  0.00000000e+00, -2.22044605e-16,  1.11022302e-16,
        0.00000000e+00, -2.22044605e-16,  0.00000000e+00, -2.22044605e-16,
        0.00000000e+00,  0.00000000e+00,  0.00000000e+00,  3.33066907e-16,
        0.00000000e+00,  0.00000000e+00, -2.22044605e-16,  0.00000000e+00,
        0.00000000e+00,  1.11022302e-16,  0.00000000e+00,  0.00000000e+00,
       -2.22044605e-16, -2.22044605e-16,  0.00000000e+00,  0.00000000e+00,
        0.00000000e+00,  0.00000000e+00,  2.22044605e-16, -2.22044605e-16,
        0.00000000e+00])}
         accs  y_pred (s)  y_true (s)
54     [1, 9]   16.032677      19.499
4    [31, 42]   23.262504      26.335
3    [31, 42]   23.262504      27.642
11   [31, 42]   23.262504      18.893
27   [29, 28]   19.212051      65.978
29   [29, 28]   19.212051      45.143
64     [1, 9]   16.032677      30.560
77   [14, 15]   18.636172      12.834
124  [23, 25]   18.495000      45.263
71     [1, 9]   16.032677       9.629
25   [29, 28]   19.212051      19.467
91     [7, 5]   15.525950      14.879
83   [14, 15]   18.636172      24.338
89   [14, 15]   18.636172      11.455
69     [1, 9]   16.032677       9.069
{'mse': 280.1137832900165, 'mae': 11.492655171510037, 'r2-score': -0.14570244581381075, 'max-error': 63.645398887453894, 'explained variance score': 0.057539766539911996, 'layers': ['conv1', 'layer3']}
