environment: line 5: __conda_exe: command not found
Using device: cuda
Using model: resnet18
Number of videos: 64
Execution type : naive
Using 2 features
Job ID : 1
Plotting ?  yes
Calculate accumulators ?  no
The directory contains : 65 videos
Number of videos in the directory : 65
Number of videos in the dataframe : 64
['conv1', 'layer1', 'layer2', 'layer3', 'layer4', 'avgpool', 'fc']
{'conv1': {'T_max': 571.0571938157082, 'T_min': 326.0943303704262, 'tau': 100, 'alpha': 50}, 'layer1': {'T_max': 92.58804017305374, 'T_min': 60.81114938855171, 'tau': 100, 'alpha': 50}, 'layer2': {'T_max': 40.81974321231246, 'T_min': 25.665204532444477, 'tau': 100, 'alpha': 50}, 'layer3': {'T_max': 17.509853899478912, 'T_min': 10.225740537047386, 'tau': 100, 'alpha': 50}, 'layer4': {'T_max': 96.32052391767502, 'T_min': 56.401943013072014, 'tau': 100, 'alpha': 50}, 'avgpool': {'T_max': 6.396838169544935, 'T_min': 3.6541042742319405, 'tau': 100, 'alpha': 50}, 'fc': {'T_max': 21.314019925892353, 'T_min': 11.872331587597728, 'tau': 100, 'alpha': 50}}
Iterating over following combinations of layers :  [['conv1'], ['layer1'], ['layer2'], ['layer3'], ['layer4'], ['avgpool'], ['fc'], ['conv1', 'layer1'], ['conv1', 'layer2'], ['conv1', 'layer3'], ['conv1', 'layer4'], ['conv1', 'avgpool'], ['conv1', 'fc'], ['layer1', 'layer2'], ['layer1', 'layer3'], ['layer1', 'layer4'], ['layer1', 'avgpool'], ['layer1', 'fc'], ['layer2', 'layer3'], ['layer2', 'layer4'], ['layer2', 'avgpool'], ['layer2', 'fc'], ['layer3', 'layer4'], ['layer3', 'avgpool'], ['layer3', 'fc'], ['layer4', 'avgpool'], ['layer4', 'fc'], ['avgpool', 'fc']]
[['layer1']]
Generating the training set for videos : 
TRAINING SET : contains 962 samples, 37 patients based on 56 videos
TEST SET : contains 127 samples, 37 patients based on 8 videos
Dataset constituted.
--------------------NAIVE IMPLEMENTATION-------------------
Number of folds : 53
Grid search.
The best parameters are : {'C': 1}
Metrics obtained during CV : 
{'r2': array([-2.34389600e-01, -6.28639818e-02, -5.64008307e-02, -4.80248182e-02,
       -2.22804613e-03, -4.97893743e-02, -8.87493707e-02, -4.51909901e-02,
       -2.35598911e-01, -2.90636889e-02, -1.57678971e-01, -2.89929138e-01,
       -2.69809518e-01, -2.03397660e-01, -9.12739828e-02, -1.02742120e-02,
       -1.07861863e-02, -7.90629220e-01, -5.54675872e-03, -1.69904173e-01,
       -1.88106425e-02, -6.50022115e-01, -4.51663338e-03, -2.32395050e-01,
       -2.76828561e-03, -2.68536085e-02, -6.30179216e-03, -6.10228003e-01,
       -9.62410464e-02, -2.10098661e-02, -2.01321254e-01, -5.07052252e-01,
       -6.98385375e-01, -2.04005522e-02, -3.28270064e-01, -5.90430866e-01,
       -9.09787314e-02, -3.28164066e-02, -1.84142860e-01, -3.81462744e-02,
       -7.80072462e-04, -4.82581321e-01, -5.73208863e-01, -1.03866301e-01,
       -6.20516913e-01, -6.35607629e-02, -1.50593546e-01, -1.42316880e-01,
       -2.21181790e-01, -5.49322121e-01, -5.92797947e-04, -2.34615346e-01,
       -7.11054904e-02]), 'neg_mean_absolute_error': array([ -9.47191012, -11.28603439,  -9.02964116, -10.96958241,
        -9.44012406,  -5.86095251,  -8.01285928,  -6.07441682,
        -7.83757633,  -7.72353795,  -7.90502209, -12.62004554,
       -14.24880286, -13.75540981,  -7.2089584 ,  -7.54094633,
       -13.35964243,  -6.18237792,  -8.77756274,  -9.7666994 ,
        -9.17311111, -13.88934957,  -8.47738537, -10.84494661,
        -7.55006428,  -9.80359552,  -8.70222986, -17.83728455,
       -10.5242452 , -10.25894444, -12.04300407, -12.56739111,
       -13.60749496,  -8.8536281 , -11.91257026, -12.58998249,
        -9.44361111,  -6.76352201,  -7.19087852,  -7.2989153 ,
        -7.19173905, -13.44534939, -14.01594038,  -8.77683347,
       -22.7910002 ,  -7.95324907,  -9.6464618 ,  -5.75789637,
        -9.05576565, -16.88722282,  -8.11186442, -14.36087277,
       -10.02458753]), 'neg_mean_squared_error': array([-137.66820286, -202.86082862, -100.35441755, -184.47997533,
       -128.25584881,  -48.44730294, -138.77827655,  -97.06934376,
        -80.62399422,  -79.9967509 , -107.85202325, -266.0348951 ,
       -383.40209756, -306.78636966,  -79.54140506,  -82.56967998,
       -252.9698862 ,  -50.43911824,  -96.26672803, -216.08740232,
       -147.31985918, -357.82360262, -108.91363174, -241.00405165,
       -114.12634549, -248.30499724, -139.87885453, -627.4938004 ,
       -206.51833058, -149.35196963, -235.63958769, -279.11751365,
       -368.95691427, -118.46208369, -188.64727985, -301.97219632,
       -179.18051221,  -76.69768353,  -75.63712857, -111.50177084,
        -80.61796885, -336.87591291, -385.33674334, -171.37416943,
       -953.77645598, -109.00195727, -151.12873078,  -49.79581073,
       -215.74849871, -481.70513547, -118.94552719, -374.23470356,
       -249.99030146]), 'max_error': array([-34.00071385, -34.38255111, -15.32697398, -33.29393427,
       -25.18912857, -14.37932248, -31.74777545, -34.52791966,
       -15.39521669, -17.41725963, -25.83013992, -31.05177305,
       -60.32160777, -38.93315728, -20.80011291, -16.39632673,
       -32.92179386, -10.8859255 , -23.21693537, -47.12264729,
       -32.24758042, -47.21003654, -21.74851583, -47.57451948,
       -32.69530715, -45.62507017, -31.10193125, -65.03914023,
       -33.75489658, -28.87502612, -34.2267683 , -40.41638   ,
       -50.08373866, -24.60526941, -26.61506617, -49.3430856 ,
       -39.10134673, -24.8528019 , -16.19151555, -34.29573771,
       -20.41071213, -52.69816113, -50.45049268, -42.19400119,
       -76.65033395, -26.15523427, -32.37185062, -14.24553738,
       -50.78471658, -46.37119866, -32.44630493, -44.36348218,
       -52.27164987]), 'explained_variance': array([ 0.00000000e+00,  1.11022302e-16,  1.11022302e-16,  1.11022302e-16,
        0.00000000e+00,  0.00000000e+00,  0.00000000e+00,  0.00000000e+00,
        0.00000000e+00,  3.33066907e-16,  1.11022302e-16,  0.00000000e+00,
        0.00000000e+00,  1.11022302e-16,  2.22044605e-16,  0.00000000e+00,
        0.00000000e+00,  0.00000000e+00,  0.00000000e+00,  0.00000000e+00,
        0.00000000e+00, -2.22044605e-16, -2.22044605e-16, -2.22044605e-16,
        0.00000000e+00,  0.00000000e+00,  0.00000000e+00,  0.00000000e+00,
        0.00000000e+00, -2.22044605e-16, -2.22044605e-16,  0.00000000e+00,
        0.00000000e+00,  0.00000000e+00,  0.00000000e+00,  3.33066907e-16,
       -2.22044605e-16,  0.00000000e+00, -2.22044605e-16,  2.22044605e-16,
        0.00000000e+00,  0.00000000e+00, -2.22044605e-16,  0.00000000e+00,
        0.00000000e+00,  0.00000000e+00,  0.00000000e+00,  0.00000000e+00,
        0.00000000e+00,  0.00000000e+00,  0.00000000e+00, -2.22044605e-16,
        0.00000000e+00])}
     accs  y_pred (s)  y_true (s)
54   [10]   17.249475      19.499
4    [43]   22.856185      26.335
3    [43]   22.856185      27.642
11   [43]   22.856185      18.893
27   [31]   19.243077      65.978
29   [31]   19.243077      45.143
64   [10]   17.249475      30.560
77   [16]   19.345614      12.834
124  [26]   18.255531      45.263
71   [10]   17.249475       9.629
25   [31]   19.243077      19.467
91    [4]   14.591590      14.879
83   [16]   19.345614      24.338
89   [16]   19.345614      11.455
69   [10]   17.249475       9.069
{'mse': 285.5401275873485, 'mae': 11.6352210533923, 'r2-score': -0.16789691214910074, 'max-error': 64.1820959843527, 'explained variance score': 0.03607026937213931, 'layers': ['layer1']}
