environment: line 5: __conda_exe: command not found
Using device: cuda
Using model: resnet18
Number of videos: 64
Execution type : naive
Using 2 features
Job ID : 5
Plotting ?  yes
Calculate accumulators ?  no
The directory contains : 65 videos
Number of videos in the directory : 65
Number of videos in the dataframe : 64
['conv1', 'layer1', 'layer2', 'layer3', 'layer4', 'avgpool', 'fc']
{'conv1': {'T_max': 571.0571938157082, 'T_min': 326.0943303704262, 'tau': 100, 'alpha': 50}, 'layer1': {'T_max': 92.58804017305374, 'T_min': 60.81114938855171, 'tau': 100, 'alpha': 50}, 'layer2': {'T_max': 40.81974321231246, 'T_min': 25.665204532444477, 'tau': 100, 'alpha': 50}, 'layer3': {'T_max': 17.509853899478912, 'T_min': 10.225740537047386, 'tau': 100, 'alpha': 50}, 'layer4': {'T_max': 96.32052391767502, 'T_min': 56.401943013072014, 'tau': 100, 'alpha': 50}, 'avgpool': {'T_max': 6.396838169544935, 'T_min': 3.6541042742319405, 'tau': 100, 'alpha': 50}, 'fc': {'T_max': 21.314019925892353, 'T_min': 11.872331587597728, 'tau': 100, 'alpha': 50}}
Iterating over following combinations of layers :  [['conv1'], ['layer1'], ['layer2'], ['layer3'], ['layer4'], ['avgpool'], ['fc'], ['conv1', 'layer1'], ['conv1', 'layer2'], ['conv1', 'layer3'], ['conv1', 'layer4'], ['conv1', 'avgpool'], ['conv1', 'fc'], ['layer1', 'layer2'], ['layer1', 'layer3'], ['layer1', 'layer4'], ['layer1', 'avgpool'], ['layer1', 'fc'], ['layer2', 'layer3'], ['layer2', 'layer4'], ['layer2', 'avgpool'], ['layer2', 'fc'], ['layer3', 'layer4'], ['layer3', 'avgpool'], ['layer3', 'fc'], ['layer4', 'avgpool'], ['layer4', 'fc'], ['avgpool', 'fc']]
[['avgpool']]
Generating the training set for videos : 
TRAINING SET : contains 962 samples, 37 patients based on 56 videos
TEST SET : contains 127 samples, 37 patients based on 8 videos
Dataset constituted.
--------------------NAIVE IMPLEMENTATION-------------------
Number of folds : 53
Grid search.
The best parameters are : {'C': 100000.0}
Metrics obtained during CV : 
{'r2': array([-1.77144304e-01, -2.24942112e-01, -6.44410970e-02, -2.86917963e-03,
       -9.40625501e-02, -2.21808153e-02, -1.27242320e-03, -8.92570763e-02,
       -3.89695182e-02, -6.84186383e-02, -9.33320116e-03, -2.59506144e-01,
       -3.30890399e-01, -5.37680397e-04, -5.14370968e-01, -4.22087590e-02,
       -1.86570043e-01, -1.81254542e-01, -3.55602796e-02, -6.30314396e-02,
       -5.88582476e-02, -7.85683609e-01, -1.12539227e-02, -3.50692001e-01,
       -2.32996650e-02, -2.54955503e-01, -3.34555736e-02, -6.22068299e-02,
       -3.48303064e-02, -1.23085770e-01, -3.38711883e-01, -1.24799164e-01,
       -9.09243807e-01, -1.62536379e-02, -4.95390770e-01, -9.10550929e-02,
       -1.09675821e-01, -1.28241425e-02, -6.56164766e-02, -5.27700947e-03,
       -5.25581662e-04, -1.90542962e-01, -6.21802153e-01, -6.15913452e-01,
       -4.34321674e-01, -1.98412389e-02, -2.34508320e-01, -1.35746702e-01,
       -2.76443773e-01, -4.51456134e-01, -1.73696890e-02, -7.64772732e-02,
       -5.91057226e-02]), 'neg_mean_absolute_error': array([ -8.94454855, -11.79147693,  -9.08840169, -11.21393397,
       -10.72264292,  -5.63421751,  -8.67130534,  -6.1181271 ,
        -6.49982911,  -7.23307387,  -7.54373117, -12.5141303 ,
       -14.60601597, -13.22804479,  -9.25537912,  -7.97889893,
       -13.08679023,  -5.17884904,  -8.65351992,  -9.52688889,
        -9.17311111, -14.46573107,  -8.38742304, -11.13254263,
        -7.97041685,  -9.99194195,  -8.661     , -15.06666667,
       -10.9287385 , -10.25894444, -12.54658934, -10.88852068,
       -14.52645018,  -7.38892775, -12.42342909, -10.49816667,
        -9.44361111,  -6.82854487,  -5.42766667,  -7.21602239,
        -6.98887706, -12.13662328, -14.28929076, -10.90423445,
       -21.75024787,  -7.88699671,  -9.78927537,  -5.73496745,
        -9.35941026, -16.45188043,  -8.26034836, -14.07166593,
       -10.11449207]), 'neg_mean_squared_error': array([-131.28378652, -233.79545834, -101.11821498, -176.53139344,
       -140.00797678,  -47.17318048, -127.62796011, -101.16186475,
        -67.79374089,  -83.05610293,  -94.03179168, -259.76045913,
       -401.84465745, -255.0705663 , -110.38034119,  -85.17968951,
       -296.96338642,  -33.27402283,  -99.14009361, -196.34745108,
       -153.1107366 , -387.24313814, -109.64411507, -264.13790346,
       -116.46304812, -303.46265525, -143.65330855, -413.93405113,
       -194.94930245, -164.28349753, -262.58880794, -208.32134092,
       -414.76375979, -117.98065304, -212.38256335, -207.15663267,
       -182.25129081,  -75.21304373,  -68.06625551, -107.97145787,
        -80.59746831, -270.51821141, -397.23902809, -250.86899145,
       -844.18880935, -104.52124131, -162.1508101 ,  -49.50940392,
       -225.51173793, -451.27728057, -120.93988109, -326.30013436,
       -247.18961975]), 'max_error': array([-34.66870517, -37.47101232, -15.16748113, -29.67575151,
       -21.18568349, -14.88340963, -27.98163973, -35.35841485,
       -20.14824683, -21.22659653, -22.92989217, -30.63482526,
       -61.2911862 , -31.3620298 , -17.25636898, -19.17002655,
       -38.11201445, -11.07669545, -24.33332071, -44.93273871,
       -33.51567688, -48.39031593, -22.15334633, -49.11444184,
       -31.6281871 , -50.92865917, -32.32248356, -54.54190277,
       -32.05845118, -31.36515352, -36.09370102, -35.53334305,
       -51.82071032, -27.51788342, -28.17495393, -42.91310651,
       -39.48000256, -24.26759618, -21.66836601, -31.51876616,
       -20.86715161, -48.80655476, -50.94252337, -47.95693501,
       -73.52807695, -25.02894401, -33.47433627, -14.30371066,
       -51.52213921, -45.14999348, -31.27481558, -40.74517253,
       -51.9120317 ]), 'explained_variance': array([-2.22044605e-16,  1.11022302e-16,  1.11022302e-16,  1.11022302e-16,
        0.00000000e+00,  0.00000000e+00,  0.00000000e+00,  0.00000000e+00,
        0.00000000e+00,  0.00000000e+00,  1.11022302e-16, -2.22044605e-16,
        0.00000000e+00,  0.00000000e+00,  2.22044605e-16,  0.00000000e+00,
        0.00000000e+00,  0.00000000e+00,  0.00000000e+00,  0.00000000e+00,
        2.22044605e-16, -2.22044605e-16, -2.22044605e-16, -2.22044605e-16,
        0.00000000e+00,  0.00000000e+00,  0.00000000e+00,  1.11022302e-16,
        1.11022302e-16,  0.00000000e+00,  0.00000000e+00, -2.22044605e-16,
        1.11022302e-16,  0.00000000e+00,  0.00000000e+00,  3.33066907e-16,
       -4.44089210e-16,  0.00000000e+00, -2.22044605e-16,  2.22044605e-16,
        0.00000000e+00,  1.11022302e-16,  0.00000000e+00,  0.00000000e+00,
        0.00000000e+00, -2.22044605e-16,  0.00000000e+00,  0.00000000e+00,
        0.00000000e+00,  0.00000000e+00,  0.00000000e+00, -2.22044605e-16,
       -2.22044605e-16])}
     accs  y_pred (s)  y_true (s)
54    [8]   13.247367      19.499
4    [26]   19.547092      26.335
3    [26]   19.547092      27.642
11   [26]   19.547092      18.893
27   [21]   15.361461      65.978
29   [21]   15.361461      45.143
64    [8]   13.247367      30.560
77   [12]   17.824625      12.834
124  [22]   15.105521      45.263
71    [8]   13.247367       9.629
25   [21]   15.361461      19.467
91    [4]   17.648733      14.879
83   [12]   17.824625      24.338
89   [12]   17.824625      11.455
69    [8]   13.247367       9.069
{'mse': 325.14983351762555, 'mae': 12.387592478766658, 'r2-score': -0.32990585162102626, 'max-error': 66.334038830913, 'explained variance score': 0.01684387765933204, 'layers': ['avgpool']}
