environment: line 5: __conda_exe: command not found
Using device: cuda
Using model: resnet18
Number of videos: 64
Execution type : naive
Using 2 features
Job ID : 18
Plotting ?  yes
Calculate accumulators ?  no
The directory contains : 65 videos
Number of videos in the directory : 65
Number of videos in the dataframe : 64
['conv1', 'layer1', 'layer2', 'layer3', 'layer4', 'avgpool', 'fc']
{'conv1': {'T_max': 571.0571938157082, 'T_min': 326.0943303704262, 'tau': 100, 'alpha': 50}, 'layer1': {'T_max': 92.58804017305374, 'T_min': 60.81114938855171, 'tau': 100, 'alpha': 50}, 'layer2': {'T_max': 40.81974321231246, 'T_min': 25.665204532444477, 'tau': 100, 'alpha': 50}, 'layer3': {'T_max': 17.509853899478912, 'T_min': 10.225740537047386, 'tau': 100, 'alpha': 50}, 'layer4': {'T_max': 96.32052391767502, 'T_min': 56.401943013072014, 'tau': 100, 'alpha': 50}, 'avgpool': {'T_max': 6.396838169544935, 'T_min': 3.6541042742319405, 'tau': 100, 'alpha': 50}, 'fc': {'T_max': 21.314019925892353, 'T_min': 11.872331587597728, 'tau': 100, 'alpha': 50}}
Iterating over following combinations of layers :  [['conv1'], ['layer1'], ['layer2'], ['layer3'], ['layer4'], ['avgpool'], ['fc'], ['conv1', 'layer1'], ['conv1', 'layer2'], ['conv1', 'layer3'], ['conv1', 'layer4'], ['conv1', 'avgpool'], ['conv1', 'fc'], ['layer1', 'layer2'], ['layer1', 'layer3'], ['layer1', 'layer4'], ['layer1', 'avgpool'], ['layer1', 'fc'], ['layer2', 'layer3'], ['layer2', 'layer4'], ['layer2', 'avgpool'], ['layer2', 'fc'], ['layer3', 'layer4'], ['layer3', 'avgpool'], ['layer3', 'fc'], ['layer4', 'avgpool'], ['layer4', 'fc'], ['avgpool', 'fc']]
[['layer2', 'layer3']]
Generating the training set for videos : 
TRAINING SET : contains 962 samples, 37 patients based on 56 videos
TEST SET : contains 127 samples, 37 patients based on 8 videos
Dataset constituted.
--------------------NAIVE IMPLEMENTATION-------------------
Number of folds : 53
Grid search.
The best parameters are : {'C': 1}
Metrics obtained during CV : 
{'r2': array([-2.85499902e-01, -2.80408770e-01, -2.37835372e-02, -1.17240401e-01,
       -9.97783990e-03, -5.52016136e-02, -5.65296689e-02, -4.09880413e-02,
       -2.02212633e-01, -2.97850000e-02, -8.43703811e-02, -4.21312161e-01,
       -4.74886171e-01, -1.59207166e-01, -2.22208969e-01, -1.40676889e-01,
       -6.31700589e-04, -9.12119695e-01, -1.27058353e-03, -1.76164218e-01,
       -5.85966411e-02, -7.87166448e-01, -1.06624046e-02, -2.03397828e-01,
       -6.40524454e-03, -7.55169412e-02, -4.61318699e-03, -5.12768865e-01,
       -1.89751826e-01, -2.99940232e-03, -2.58132935e-01, -5.78391962e-01,
       -4.98848760e-01, -5.88826714e-03, -3.02900738e-01, -3.43780366e-01,
       -3.08689619e-02, -9.27334453e-02, -7.40660860e-02, -4.12423369e-02,
       -1.47079388e-03, -4.04793262e-01, -6.27216948e-01, -1.11641075e-01,
       -3.61400866e-01, -7.54916818e-02, -1.46640598e-01, -1.17093983e-01,
       -1.94827164e-01, -6.69644961e-01, -1.01856730e-03, -2.36436654e-01,
       -6.31667201e-02]), 'neg_mean_absolute_error': array([ -9.89031126, -11.99236498,  -8.73490274, -10.88351255,
        -9.28327757,  -5.89897171,  -8.00699586,  -6.06928044,
        -7.70095828,  -7.726465  ,  -7.74252865, -13.2028555 ,
       -15.3351118 , -13.53696701,  -7.84435392,  -7.6901881 ,
       -13.42518935,  -6.38479578,  -8.81977869,  -9.78942557,
        -9.17311111, -14.47257101,  -8.39396125, -10.79665888,
        -7.64756582,  -9.53937705,  -8.89519762, -17.26619154,
       -10.48122222, -10.25894444, -12.22781105, -12.89726142,
       -12.75982044,  -8.45798514, -11.85275971, -11.47498188,
        -9.44361111,  -6.6575    ,  -6.50898601,  -7.30786415,
        -7.23330904, -13.06798962, -14.31907853,  -8.79685133,
       -21.28230994,  -7.96673428,  -9.64300535,  -5.68399636,
        -8.89755287, -17.60746962,  -8.13563138, -14.36495645,
       -10.08312321]), 'neg_mean_squared_error': array([-143.3683994 , -244.38196084,  -97.25588772, -196.66374128,
       -129.24759553,  -48.69707533, -134.67136747,  -96.67900603,
        -78.44550809,  -80.05282377, -101.02242714, -293.13132067,
       -445.32226564, -295.52073269,  -89.08506955,  -93.22748674,
       -250.42851877,  -53.86130771,  -95.85734538, -217.24366523,
       -153.07290834, -387.56470642, -109.57998036, -235.33342841,
       -114.54027245, -260.07235005, -139.64413353, -589.5147036 ,
       -224.13461132, -146.71742287, -246.78321881, -292.33016931,
       -325.60961818, -116.77729872, -185.0442066 , -255.14111746,
       -169.30818476,  -81.14716559,  -68.60597433, -111.83430244,
        -80.67361001, -319.20071151, -398.56531073, -172.58119551,
       -801.27031235, -110.22473039, -150.60951701,  -48.69629567,
       -211.09237708, -519.11512851, -118.99614055, -374.78677577,
       -248.13743487]), 'max_error': array([-33.47073907, -38.23438692, -16.13856958, -34.92926147,
       -25.78514524, -14.29905971, -31.06869287, -34.43032844,
       -15.1068008 , -17.39872165, -24.80101479, -32.64060779,
       -63.27016061, -38.10307466, -19.35493413, -16.38811478,
       -31.67640232, -11.23555634, -22.83699179, -47.22491506,
       -33.50918632, -48.40262783, -22.12392439, -47.13992992,
       -32.40280253, -47.35010653, -29.36522143, -63.75418097,
       -35.47576087, -27.78432545, -35.05839971, -41.07567056,
       -48.17647099, -25.31742674, -26.34591869, -46.83433423,
       -37.48746972, -25.91592721, -17.44603147, -34.37627738,
       -20.31717966, -51.81713552, -50.99614136, -42.34158097,
       -72.12426314, -26.38448268, -32.31309101, -14.47701236,
       -50.40048553, -47.73166483, -33.05973345, -44.39615157,
       -52.03750716]), 'explained_variance': array([ 0.00000000e+00,  0.00000000e+00,  1.11022302e-16,  1.11022302e-16,
        0.00000000e+00,  0.00000000e+00,  0.00000000e+00, -2.22044605e-16,
        0.00000000e+00,  3.33066907e-16,  3.33066907e-16,  0.00000000e+00,
        0.00000000e+00,  0.00000000e+00,  2.22044605e-16,  0.00000000e+00,
        0.00000000e+00,  0.00000000e+00,  0.00000000e+00,  0.00000000e+00,
        0.00000000e+00, -2.22044605e-16, -2.22044605e-16, -2.22044605e-16,
        0.00000000e+00,  0.00000000e+00,  0.00000000e+00,  1.11022302e-16,
        0.00000000e+00, -2.22044605e-16, -2.22044605e-16,  0.00000000e+00,
        0.00000000e+00,  0.00000000e+00,  0.00000000e+00,  4.44089210e-16,
        0.00000000e+00,  0.00000000e+00,  0.00000000e+00,  2.22044605e-16,
        0.00000000e+00,  1.11022302e-16,  0.00000000e+00,  0.00000000e+00,
        0.00000000e+00,  0.00000000e+00,  0.00000000e+00,  0.00000000e+00,
        0.00000000e+00,  0.00000000e+00,  2.22044605e-16, -2.22044605e-16,
        0.00000000e+00])}
         accs  y_pred (s)  y_true (s)
54    [11, 9]   17.108350      19.499
4    [42, 42]   24.413205      26.335
3    [42, 42]   24.413205      27.642
11   [42, 42]   24.413205      18.893
27   [29, 28]   21.345702      65.978
29   [29, 28]   21.345702      45.143
64    [11, 9]   17.108350      30.560
77   [15, 15]   17.933044      12.834
124  [26, 25]   19.589117      45.263
71    [11, 9]   17.108350       9.629
25   [29, 28]   21.345702      19.467
91     [3, 5]   15.648843      14.879
83   [15, 15]   17.933044      24.338
89   [15, 15]   17.933044      11.455
69    [11, 9]   17.108350       9.069
{'mse': 265.77583486907935, 'mae': 11.258035210597521, 'r2-score': -0.08705833919085237, 'max-error': 63.64928314682415, 'explained variance score': 0.07774348722179969, 'layers': ['layer2', 'layer3']}
