environment: line 5: __conda_exe: command not found
Using device: cuda
Using model: resnet18
Number of videos: 64
Execution type : naive
Using 2 features
Job ID : 4
Plotting ?  yes
Calculate accumulators ?  no
The directory contains : 65 videos
Number of videos in the directory : 65
Number of videos in the dataframe : 64
['conv1', 'layer1', 'layer2', 'layer3', 'layer4', 'avgpool', 'fc']
{'conv1': {'T_max': 571.0571938157082, 'T_min': 326.0943303704262, 'tau': 100, 'alpha': 50}, 'layer1': {'T_max': 92.58804017305374, 'T_min': 60.81114938855171, 'tau': 100, 'alpha': 50}, 'layer2': {'T_max': 40.81974321231246, 'T_min': 25.665204532444477, 'tau': 100, 'alpha': 50}, 'layer3': {'T_max': 17.509853899478912, 'T_min': 10.225740537047386, 'tau': 100, 'alpha': 50}, 'layer4': {'T_max': 96.32052391767502, 'T_min': 56.401943013072014, 'tau': 100, 'alpha': 50}, 'avgpool': {'T_max': 6.396838169544935, 'T_min': 3.6541042742319405, 'tau': 100, 'alpha': 50}, 'fc': {'T_max': 21.314019925892353, 'T_min': 11.872331587597728, 'tau': 100, 'alpha': 50}}
Iterating over following combinations of layers :  [['conv1'], ['layer1'], ['layer2'], ['layer3'], ['layer4'], ['avgpool'], ['fc'], ['conv1', 'layer1'], ['conv1', 'layer2'], ['conv1', 'layer3'], ['conv1', 'layer4'], ['conv1', 'avgpool'], ['conv1', 'fc'], ['layer1', 'layer2'], ['layer1', 'layer3'], ['layer1', 'layer4'], ['layer1', 'avgpool'], ['layer1', 'fc'], ['layer2', 'layer3'], ['layer2', 'layer4'], ['layer2', 'avgpool'], ['layer2', 'fc'], ['layer3', 'layer4'], ['layer3', 'avgpool'], ['layer3', 'fc'], ['layer4', 'avgpool'], ['layer4', 'fc'], ['avgpool', 'fc']]
[['layer4']]
Generating the training set for videos : 
TRAINING SET : contains 962 samples, 37 patients based on 56 videos
TEST SET : contains 127 samples, 37 patients based on 8 videos
Dataset constituted.
--------------------NAIVE IMPLEMENTATION-------------------
Number of folds : 53
Grid search.
The best parameters are : {'C': 1}
Metrics obtained during CV : 
{'r2': array([-0.10772878, -0.16217944, -0.05970475, -0.02869581, -0.10504449,
       -0.053975  , -0.05463573, -0.04896364, -0.06014264, -0.00878322,
       -0.12294386, -0.44137853, -0.36970831, -0.11043904, -0.32759396,
       -0.00874999, -0.00318268, -1.0833816 , -0.0323198 , -0.08161183,
       -0.08122967, -0.87087732, -0.0351376 , -0.29482077, -0.08447423,
       -0.07435218, -0.00118258, -0.33624971, -0.20403584, -0.04720772,
       -0.12607556, -0.43759212, -0.49786764, -0.02874322, -0.43112041,
       -0.03915582, -0.02625652, -0.04263832, -0.0193775 , -0.06256616,
       -0.00109167, -0.29194963, -0.79797279, -0.18072528, -0.37897081,
       -0.00331629, -0.15629975, -0.1283244 , -0.28089393, -0.72040363,
       -0.00972462, -0.17435733, -0.03190346]), 'neg_mean_absolute_error': array([ -8.17197147, -11.61757576,  -9.05426358, -11.45659011,
       -10.79520102,  -5.89052465,  -8.0141564 ,  -6.07882732,
        -7.12146559,  -7.61667468,  -7.83422482, -13.28368806,
       -14.81603167, -13.31168764,  -8.40931542,  -7.5521095 ,
       -13.39914344,  -6.66381842,  -8.66308396,  -9.52688889,
        -9.17311111, -14.85230893,  -8.24343533, -10.97959127,
        -8.7253075 ,  -9.54305298,  -8.76117326, -16.21022495,
       -10.48122222, -10.25894444, -11.78234727, -12.26152779,
       -12.75526839,  -9.01349891, -12.23575993, -10.49816667,
        -9.44361111,  -6.73926146,  -6.06914183,  -7.36204308,
        -7.2121255 , -12.58607684, -15.20005086,  -9.14493826,
       -21.39908131,  -7.83740782,  -9.65137225,  -5.71513253,
        -9.38247975, -17.89169705,  -8.17840859, -14.21547521,
       -10.36084282]), 'neg_mean_squared_error': array([-123.54205696, -221.81642149, -100.66827877, -181.07756154,
       -141.4133436 ,  -48.64046785, -134.42995557,  -97.41971889,
        -69.17530737,  -78.42019989, -104.61602044, -297.26980629,
       -413.56521047, -283.08810469,  -96.7664317 ,  -82.44510531,
       -251.06695259,  -58.68547755,  -98.82986417, -199.77934694,
       -156.34564046, -405.71823701, -112.23367753, -253.21186723,
       -123.42540443, -259.7906963 , -139.16726934, -520.72651136,
       -226.82554466, -153.18415745, -220.88011915, -266.25297051,
       -325.39648077, -119.43061486, -203.25457904, -197.30261311,
       -168.55064561,  -77.42706574,  -65.11274054, -114.12458058,
        -80.6430697 , -293.56009303, -440.38970016, -183.30645121,
       -811.61133438, -102.82763662, -151.87823173,  -49.18585123,
       -226.29795644, -534.89668182, -120.03107336, -355.96938617,
       -240.84075656]), 'max_error': array([-35.6473028 , -36.48231313, -15.26014171, -28.13892927,
       -20.9887401 , -14.31689241, -31.02334282, -34.61171916,
       -16.57263075, -18.09406035, -25.3817572 , -32.86001046,
       -61.86122883, -37.03835505, -18.49292362, -16.46702686,
       -32.17127465, -11.69096538, -24.24724439, -45.40320855,
       -34.02554754, -49.07979673, -23.00058207, -48.42616072,
       -30.15594649, -47.31702319, -30.57144064, -61.06534151,
       -35.69671498, -29.74977305, -32.91562545, -39.72818753,
       -48.16622888, -24.31750196, -27.61194644, -41.48178439,
       -37.3124477 , -25.07114684, -18.50857452, -34.86388776,
       -20.36484263, -50.37139717, -52.58189154, -43.47531479,
       -72.47457726, -24.18593293, -32.45532817, -14.37114938,
       -51.5781651 , -48.26853887, -33.78694611, -43.20030168,
       -50.92662871]), 'explained_variance': array([-2.22044605e-16,  0.00000000e+00,  1.11022302e-16,  1.11022302e-16,
        0.00000000e+00,  0.00000000e+00,  0.00000000e+00, -2.22044605e-16,
        0.00000000e+00,  3.33066907e-16,  1.11022302e-16,  0.00000000e+00,
        0.00000000e+00,  0.00000000e+00,  2.22044605e-16,  0.00000000e+00,
        2.22044605e-16,  0.00000000e+00,  0.00000000e+00,  0.00000000e+00,
        2.22044605e-16, -2.22044605e-16, -2.22044605e-16,  0.00000000e+00,
        0.00000000e+00,  0.00000000e+00,  0.00000000e+00,  0.00000000e+00,
        1.11022302e-16,  0.00000000e+00, -2.22044605e-16,  0.00000000e+00,
        1.11022302e-16,  0.00000000e+00,  0.00000000e+00,  1.11022302e-16,
        0.00000000e+00,  0.00000000e+00,  0.00000000e+00,  2.22044605e-16,
        0.00000000e+00,  0.00000000e+00,  0.00000000e+00,  0.00000000e+00,
        0.00000000e+00, -2.22044605e-16,  0.00000000e+00,  0.00000000e+00,
        0.00000000e+00,  0.00000000e+00,  0.00000000e+00,  0.00000000e+00,
        0.00000000e+00])}
     accs  y_pred (s)  y_true (s)
54    [9]   16.593613      19.499
4    [33]   24.012556      26.335
3    [33]   24.012556      27.642
11   [33]   24.012556      18.893
27   [22]   18.049147      65.978
29   [22]   18.049147      45.143
64    [9]   16.593613      30.560
77   [10]   16.916452      12.834
124  [22]   18.049147      45.263
71    [9]   16.593613       9.629
25   [22]   18.049147      19.467
91    [5]   15.028761      14.879
83   [10]   16.916452      24.338
89   [10]   16.916452      11.455
69    [9]   16.593613       9.069
{'mse': 286.9453918102324, 'mae': 11.555287331062342, 'r2-score': -0.17364462880289322, 'max-error': 64.6832841457007, 'explained variance score': 0.060567447785500605, 'layers': ['layer4']}
