environment: line 5: __conda_exe: command not found
Using device: cuda
Using model: resnet18
Number of videos: 64
Execution type : naive
Using 2 features
Job ID : 17
Plotting ?  yes
Calculate accumulators ?  no
The directory contains : 65 videos
Number of videos in the directory : 65
Number of videos in the dataframe : 64
['conv1', 'layer1', 'layer2', 'layer3', 'layer4', 'avgpool', 'fc']
{'conv1': {'T_max': 571.0571938157082, 'T_min': 326.0943303704262, 'tau': 100, 'alpha': 50}, 'layer1': {'T_max': 92.58804017305374, 'T_min': 60.81114938855171, 'tau': 100, 'alpha': 50}, 'layer2': {'T_max': 40.81974321231246, 'T_min': 25.665204532444477, 'tau': 100, 'alpha': 50}, 'layer3': {'T_max': 17.509853899478912, 'T_min': 10.225740537047386, 'tau': 100, 'alpha': 50}, 'layer4': {'T_max': 96.32052391767502, 'T_min': 56.401943013072014, 'tau': 100, 'alpha': 50}, 'avgpool': {'T_max': 6.396838169544935, 'T_min': 3.6541042742319405, 'tau': 100, 'alpha': 50}, 'fc': {'T_max': 21.314019925892353, 'T_min': 11.872331587597728, 'tau': 100, 'alpha': 50}}
Iterating over following combinations of layers :  [['conv1'], ['layer1'], ['layer2'], ['layer3'], ['layer4'], ['avgpool'], ['fc'], ['conv1', 'layer1'], ['conv1', 'layer2'], ['conv1', 'layer3'], ['conv1', 'layer4'], ['conv1', 'avgpool'], ['conv1', 'fc'], ['layer1', 'layer2'], ['layer1', 'layer3'], ['layer1', 'layer4'], ['layer1', 'avgpool'], ['layer1', 'fc'], ['layer2', 'layer3'], ['layer2', 'layer4'], ['layer2', 'avgpool'], ['layer2', 'fc'], ['layer3', 'layer4'], ['layer3', 'avgpool'], ['layer3', 'fc'], ['layer4', 'avgpool'], ['layer4', 'fc'], ['avgpool', 'fc']]
[['layer1', 'fc']]
Generating the training set for videos : 
TRAINING SET : contains 962 samples, 37 patients based on 56 videos
TEST SET : contains 127 samples, 37 patients based on 8 videos
Dataset constituted.
--------------------NAIVE IMPLEMENTATION-------------------
Number of folds : 53
Grid search.
The best parameters are : {'C': 1}
Metrics obtained during CV : 
{'r2': array([-1.55923883e-01, -8.61059671e-02, -1.65235240e-01, -1.56004858e-05,
       -1.21855946e-01, -3.82831563e-02, -9.27851236e-02, -5.80104366e-02,
       -1.85982050e-01, -1.57010686e-02, -1.60056968e-01, -3.93252625e-01,
       -3.31796639e-01, -2.11119733e-01, -1.68220459e-01, -5.25191594e-02,
       -4.70859919e-03, -8.09898772e-01, -1.87290878e-02, -1.46087705e-01,
       -3.92587736e-02, -7.47018320e-01, -2.35297124e-02, -2.97126510e-01,
       -1.68961636e-01, -2.83016516e-02, -6.63813247e-05, -3.97527591e-01,
       -1.47160608e-01, -2.10876354e-02, -1.33287375e-01, -3.42178954e-01,
       -6.53155547e-01, -1.78448372e-02, -3.46261833e-01, -3.60057526e-01,
       -3.23839013e-02, -3.24751381e-02, -1.27418025e-01, -4.56037627e-02,
       -6.47339685e-05, -4.42959672e-01, -7.07099220e-01, -1.42401604e-01,
       -3.81791765e-01, -2.91454636e-02, -1.75133277e-01, -9.80357439e-02,
       -2.29063770e-01, -6.53320528e-01, -2.89785793e-04, -2.26526047e-01,
       -6.07131593e-02]), 'neg_mean_absolute_error': array([ -8.72766757, -11.37920317,  -9.77663592, -11.12536748,
       -10.89928192,  -5.77254228,  -8.02479975,  -6.08875664,
        -7.63046112,  -7.66064548,  -7.90956835, -13.08652384,
       -14.61105534, -13.79104641,  -7.58941049,  -7.47495389,
       -13.38898203,  -6.2154722 ,  -8.70974805,  -9.67615522,
        -9.17311111, -14.28504317,  -8.28283725, -10.98617663,
        -9.43892317,  -9.78852818,  -8.79554908, -16.54336431,
       -10.48122222, -10.25894444, -11.79793093, -11.8470403 ,
       -13.42725821,  -8.79828258, -11.96500644, -11.55900522,
        -9.44361111,  -6.76442627,  -6.83630655,  -7.31991852,
        -7.11242163, -13.25020212, -14.7444373 ,  -8.94659087,
       -21.41757537,  -7.90477944,  -9.66697344,  -5.63658241,
        -9.10122729, -17.51378453,  -8.12608043, -14.34254069,
       -10.10195052]), 'neg_mean_squared_error': array([-128.91712922, -207.29685099, -110.69330923, -176.02908834,
       -143.56471781,  -47.9162962 , -139.2926969 ,  -98.25991589,
        -77.38644721,  -78.95797535, -108.07356284, -287.34432389,
       -402.11828433, -308.75498466,  -85.14992401,  -86.02235822,
       -251.44884591,  -50.98191024,  -97.5287476 , -211.68837648,
       -150.27665573, -378.8581881 , -110.97510431, -253.66277193,
       -133.041024  , -248.6551507 , -139.01211442, -544.60604198,
       -216.11094972, -149.36334563, -222.2947182 , -248.58172759,
       -359.1311951 , -118.16538127, -191.20255715, -258.23163211,
       -169.55699585,  -76.67234069,  -72.0138296 , -112.30274   ,
        -80.56034467, -327.87298052, -418.13141888, -177.35673776,
       -813.27164358, -105.47481043, -154.35198755,  -47.86551005,
       -217.14102306, -514.03964232, -118.9095066 , -371.78268785,
       -247.56478688]), 'max_error': array([-34.94342108, -34.97262011, -16.26723138, -30.33401784,
       -20.70623479, -14.56596631, -31.8233984 , -34.80037617,
       -15.07002653, -17.81557863, -25.85893287, -32.32485042,
       -61.30486449, -39.06857634, -19.87780008, -15.240876  ,
       -32.36434146, -10.94308834, -23.82726757, -46.71519851,
       -32.98093958, -48.06507771, -22.64596474, -48.45579483,
       -28.87143829, -45.69287317, -30.26205829, -62.0647596 ,
       -34.76217602, -28.87826769, -33.05587835, -38.68645425,
       -49.67820597, -24.70489136, -26.799686  , -47.02338674,
       -37.54205914, -24.8446636 , -16.76824821, -34.4847667 ,
       -20.58917633, -52.25907978, -51.76178714, -42.88027261,
       -72.53005945, -25.33125052, -32.72054856, -14.66903302,
       -50.89512342, -47.55470411, -32.89736725, -44.21682555,
       -51.96219793]), 'explained_variance': array([-2.22044605e-16,  0.00000000e+00,  1.11022302e-16,  1.11022302e-16,
        2.22044605e-16,  0.00000000e+00,  0.00000000e+00,  0.00000000e+00,
        0.00000000e+00,  3.33066907e-16,  0.00000000e+00,  0.00000000e+00,
       -2.22044605e-16,  1.11022302e-16,  2.22044605e-16,  0.00000000e+00,
        0.00000000e+00,  0.00000000e+00,  0.00000000e+00,  0.00000000e+00,
        0.00000000e+00, -2.22044605e-16, -2.22044605e-16,  1.11022302e-16,
        0.00000000e+00, -2.22044605e-16,  0.00000000e+00,  1.11022302e-16,
        0.00000000e+00, -2.22044605e-16,  0.00000000e+00, -2.22044605e-16,
        1.11022302e-16,  0.00000000e+00,  0.00000000e+00,  4.44089210e-16,
       -2.22044605e-16,  0.00000000e+00,  0.00000000e+00,  2.22044605e-16,
        0.00000000e+00,  0.00000000e+00,  0.00000000e+00,  0.00000000e+00,
        0.00000000e+00, -2.22044605e-16,  0.00000000e+00,  0.00000000e+00,
        1.11022302e-16,  0.00000000e+00,  0.00000000e+00, -2.22044605e-16,
        0.00000000e+00])}
         accs  y_pred (s)  y_true (s)
54    [10, 9]   16.908259      19.499
4    [43, 25]   21.979547      26.335
3    [43, 25]   21.979547      27.642
11   [43, 25]   21.979547      18.893
27   [31, 23]   19.866158      65.978
29   [31, 23]   19.866158      45.143
64    [10, 9]   16.908259      30.560
77   [16, 10]   18.449525      12.834
124  [26, 20]   18.476097      45.263
71    [10, 9]   16.908259       9.629
25   [31, 23]   19.866158      19.467
91     [4, 5]   14.627947      14.879
83   [16, 10]   18.449525      24.338
89   [16, 10]   18.449525      11.455
69    [10, 9]   16.908259       9.069
{'mse': 285.61113239622193, 'mae': 11.610794801907355, 'r2-score': -0.16818733121465113, 'max-error': 64.49864375997674, 'explained variance score': 0.04865143924427884, 'layers': ['layer1', 'fc']}
