environment: line 5: __conda_exe: command not found
Using device: cuda
Using model: resnet18
Number of videos: 64
Execution type : naive
Using 2 features
Job ID : 24
Plotting ?  yes
Calculate accumulators ?  no
The directory contains : 65 videos
Number of videos in the directory : 65
Number of videos in the dataframe : 64
['conv1', 'layer1', 'layer2', 'layer3', 'layer4', 'avgpool', 'fc']
{'conv1': {'T_max': 571.0571938157082, 'T_min': 326.0943303704262, 'tau': 100, 'alpha': 50}, 'layer1': {'T_max': 92.58804017305374, 'T_min': 60.81114938855171, 'tau': 100, 'alpha': 50}, 'layer2': {'T_max': 40.81974321231246, 'T_min': 25.665204532444477, 'tau': 100, 'alpha': 50}, 'layer3': {'T_max': 17.509853899478912, 'T_min': 10.225740537047386, 'tau': 100, 'alpha': 50}, 'layer4': {'T_max': 96.32052391767502, 'T_min': 56.401943013072014, 'tau': 100, 'alpha': 50}, 'avgpool': {'T_max': 6.396838169544935, 'T_min': 3.6541042742319405, 'tau': 100, 'alpha': 50}, 'fc': {'T_max': 21.314019925892353, 'T_min': 11.872331587597728, 'tau': 100, 'alpha': 50}}
Iterating over following combinations of layers :  [['conv1'], ['layer1'], ['layer2'], ['layer3'], ['layer4'], ['avgpool'], ['fc'], ['conv1', 'layer1'], ['conv1', 'layer2'], ['conv1', 'layer3'], ['conv1', 'layer4'], ['conv1', 'avgpool'], ['conv1', 'fc'], ['layer1', 'layer2'], ['layer1', 'layer3'], ['layer1', 'layer4'], ['layer1', 'avgpool'], ['layer1', 'fc'], ['layer2', 'layer3'], ['layer2', 'layer4'], ['layer2', 'avgpool'], ['layer2', 'fc'], ['layer3', 'layer4'], ['layer3', 'avgpool'], ['layer3', 'fc'], ['layer4', 'avgpool'], ['layer4', 'fc'], ['avgpool', 'fc']]
[['layer3', 'fc']]
Generating the training set for videos : 
TRAINING SET : contains 962 samples, 37 patients based on 56 videos
TEST SET : contains 127 samples, 37 patients based on 8 videos
Dataset constituted.
--------------------NAIVE IMPLEMENTATION-------------------
Number of folds : 53
Grid search.
The best parameters are : {'C': 10.0}
Metrics obtained during CV : 
{'r2': array([-8.18585811e-02, -1.79814731e-01, -2.32121859e-01, -4.06256685e-02,
       -1.98685572e-02, -1.43990508e-02, -7.48885174e-02, -8.38513779e-02,
       -2.12014853e-01, -2.62203279e-02, -1.10967916e-01, -4.23342230e-01,
       -4.04073211e-01, -1.31152571e-01, -4.02336302e-01, -7.34867770e-03,
       -5.58938598e-03, -1.16993865e+00, -5.32936504e-02, -9.07270154e-02,
       -6.26938451e-02, -8.85877357e-01, -4.63607267e-02, -3.78047458e-01,
       -2.60238407e-01, -3.64957398e-02, -1.28028035e-02, -1.17102834e-01,
       -1.66439993e-01, -5.80287047e-02, -1.27432168e-01, -2.77518052e-01,
       -4.38743648e-01, -1.94587214e-02, -4.82476016e-01, -6.10536740e-01,
       -4.02458119e-02, -5.17833910e-02, -1.08070566e-01, -6.30105539e-02,
       -2.20072877e-03, -3.25291826e-01, -8.27836303e-01, -2.15476528e-01,
       -1.50766133e-01, -1.33387911e-02, -2.41540861e-01, -3.23745170e-02,
       -1.96890972e-01, -7.12088160e-01, -1.05379225e-03, -1.68957934e-01,
       -5.38844732e-02]), 'neg_mean_absolute_error': array([ -7.82087507, -11.66410549, -10.1242772 , -10.9818636 ,
       -10.03188176,  -5.56179563,  -7.99120967,  -6.11346673,
        -7.74216828,  -7.71162982,  -7.80753173, -13.21111945,
       -14.99292051, -13.38688099,  -8.77114321,  -7.56326774,
       -13.61709639,  -6.82426722,  -8.60755486,  -9.52688889,
        -9.17311111, -14.93087301,  -8.25191476, -11.22090007,
       -10.08648038,  -9.70971367,  -8.95444739, -15.06666667,
       -10.48122222, -10.25894444, -11.78531208, -11.58320151,
       -12.47214685,  -8.83365915, -12.38674298, -12.66943381,
        -9.44361111,  -6.71908782,  -6.7110258 ,  -7.36306419,
        -6.90124382, -12.73691621, -15.34405134,  -9.30723478,
       -19.8298275 ,  -7.87189152,  -9.81357037,  -5.48141304,
        -8.91031437, -17.84583635,  -8.1359823 , -14.201294  ,
       -10.15645256]), 'neg_mean_squared_error': array([-120.65682226, -225.18233566, -117.0473062 , -183.17753007,
       -130.51331778,  -46.81405558, -137.01149221, -100.65982484,
        -79.0851122 ,  -79.77571537, -103.50031435, -293.55000199,
       -423.94123408, -288.36867668, -102.21429412,  -82.33057615,
       -251.66928079,  -61.12364913, -100.83781037, -201.46296837,
       -153.66536339, -408.97114271, -113.4505324 , -269.48746732,
       -143.42935043, -250.63657533, -140.78251388, -435.3266131 ,
       -219.74294884, -154.76703628, -221.14621735, -236.60603797,
       -312.55239518, -118.35274307, -210.54834811, -305.78966181,
       -170.84822282,  -78.10618534,  -70.77801057, -114.17231087,
        -80.73241001, -301.13619211, -447.70437339, -188.70154854,
       -677.29848131, -103.85482002, -163.07452385,  -45.00320967,
       -211.45699404, -532.31129146, -119.00032791, -354.3327298 ,
       -245.97100802]), 'max_error': array([-36.09202491, -36.77700145, -17.00114075, -33.06059155,
       -23.06060666, -15.07998328, -31.47398369, -35.26986785,
       -15.19379971, -17.4926778 , -25.21270099, -32.6630385 ,
       -62.34135566, -37.51457957, -17.96409839, -16.53769569,
       -30.0960562 , -11.90740514, -24.74700623, -45.61429011,
       -33.60923356, -49.19764285, -23.29073287, -49.43136689,
       -27.81436276, -46.04753848, -28.83197352, -56.37363481,
       -35.09646456, -30.03542381, -32.94230868, -37.89493785,
       -47.5292054 , -24.64121353, -28.06489562, -49.52185106,
       -37.80680678, -25.25270962, -16.99375356, -34.87307772,
       -21.0824352 , -50.82391529, -52.84109241, -43.96220435,
       -66.95972376, -24.77215578, -33.55693926, -15.54832608,
       -50.43147776, -48.1819131 , -33.06569918, -43.08685202,
       -51.74418975]), 'explained_variance': array([-2.22044605e-16,  0.00000000e+00,  1.11022302e-16,  1.11022302e-16,
        0.00000000e+00,  0.00000000e+00,  0.00000000e+00,  0.00000000e+00,
        0.00000000e+00,  3.33066907e-16,  1.11022302e-16,  0.00000000e+00,
        0.00000000e+00,  0.00000000e+00,  2.22044605e-16,  0.00000000e+00,
        0.00000000e+00,  0.00000000e+00,  0.00000000e+00,  0.00000000e+00,
        0.00000000e+00, -2.22044605e-16, -2.22044605e-16, -2.22044605e-16,
        0.00000000e+00,  0.00000000e+00,  0.00000000e+00,  0.00000000e+00,
        1.11022302e-16,  0.00000000e+00,  0.00000000e+00,  0.00000000e+00,
        1.11022302e-16,  0.00000000e+00,  0.00000000e+00,  3.33066907e-16,
        0.00000000e+00,  0.00000000e+00, -2.22044605e-16,  2.22044605e-16,
        0.00000000e+00,  1.11022302e-16,  0.00000000e+00,  0.00000000e+00,
       -4.44089210e-16, -2.22044605e-16, -2.22044605e-16,  0.00000000e+00,
        0.00000000e+00,  0.00000000e+00,  2.22044605e-16,  0.00000000e+00,
       -2.22044605e-16])}
         accs  y_pred (s)  y_true (s)
54     [9, 9]   17.175023      19.499
4    [42, 25]   23.009985      26.335
3    [42, 25]   23.009985      27.642
11   [42, 25]   23.009985      18.893
27   [28, 23]   19.970688      65.978
29   [28, 23]   19.970688      45.143
64     [9, 9]   17.175023      30.560
77   [15, 10]   18.068406      12.834
124  [25, 20]   17.781052      45.263
71     [9, 9]   17.175023       9.629
25   [28, 23]   19.970688      19.467
91     [5, 5]   15.280564      14.879
83   [15, 10]   18.068406      24.338
89   [15, 10]   18.068406      11.455
69     [9, 9]   17.175023       9.069
{'mse': 281.64492131223096, 'mae': 11.518532160110963, 'r2-score': -0.1519650029658568, 'max-error': 64.06315902266725, 'explained variance score': 0.053428925185188936, 'layers': ['layer3', 'fc']}
