environment: line 5: __conda_exe: command not found
Using device: cuda
Using model: resnet18
Number of videos: 64
Execution type : naive
Using 2 features
Job ID : 6
Plotting ?  yes
Calculate accumulators ?  no
The directory contains : 65 videos
Number of videos in the directory : 65
Number of videos in the dataframe : 64
['conv1', 'layer1', 'layer2', 'layer3', 'layer4', 'avgpool', 'fc']
{'conv1': {'T_max': 571.0571938157082, 'T_min': 326.0943303704262, 'tau': 100, 'alpha': 50}, 'layer1': {'T_max': 92.58804017305374, 'T_min': 60.81114938855171, 'tau': 100, 'alpha': 50}, 'layer2': {'T_max': 40.81974321231246, 'T_min': 25.665204532444477, 'tau': 100, 'alpha': 50}, 'layer3': {'T_max': 17.509853899478912, 'T_min': 10.225740537047386, 'tau': 100, 'alpha': 50}, 'layer4': {'T_max': 96.32052391767502, 'T_min': 56.401943013072014, 'tau': 100, 'alpha': 50}, 'avgpool': {'T_max': 6.396838169544935, 'T_min': 3.6541042742319405, 'tau': 100, 'alpha': 50}, 'fc': {'T_max': 21.314019925892353, 'T_min': 11.872331587597728, 'tau': 100, 'alpha': 50}}
Iterating over following combinations of layers :  [['conv1'], ['layer1'], ['layer2'], ['layer3'], ['layer4'], ['avgpool'], ['fc'], ['conv1', 'layer1'], ['conv1', 'layer2'], ['conv1', 'layer3'], ['conv1', 'layer4'], ['conv1', 'avgpool'], ['conv1', 'fc'], ['layer1', 'layer2'], ['layer1', 'layer3'], ['layer1', 'layer4'], ['layer1', 'avgpool'], ['layer1', 'fc'], ['layer2', 'layer3'], ['layer2', 'layer4'], ['layer2', 'avgpool'], ['layer2', 'fc'], ['layer3', 'layer4'], ['layer3', 'avgpool'], ['layer3', 'fc'], ['layer4', 'avgpool'], ['layer4', 'fc'], ['avgpool', 'fc']]
[['fc']]
Generating the training set for videos : 
TRAINING SET : contains 962 samples, 37 patients based on 56 videos
TEST SET : contains 127 samples, 37 patients based on 8 videos
Dataset constituted.
--------------------NAIVE IMPLEMENTATION-------------------
Number of folds : 53
Grid search.
The best parameters are : {'C': 1}
Metrics obtained during CV : 
{'r2': array([-1.28187298e-01, -1.25871384e-01, -5.74982298e-02, -7.62616876e-03,
       -5.06010189e-02, -4.08020533e-02, -6.43541068e-02, -5.49725743e-02,
       -5.89191099e-02, -2.93654859e-04, -1.59606821e-01, -4.73029938e-01,
       -3.43232156e-01, -1.22468508e-01, -2.88305049e-01, -1.00841177e-02,
       -2.72779824e-03, -8.66514637e-01, -2.08725486e-02, -7.63517918e-02,
       -6.53065548e-02, -7.79092982e-01, -4.99011934e-02, -2.66815631e-01,
       -1.77519604e-01, -7.39245533e-02, -1.13545891e-03, -2.56876777e-01,
       -1.87121515e-01, -4.13160114e-02, -2.67197093e-01, -2.83995461e-01,
       -4.27812958e-01, -1.38143073e-02, -4.29221441e-01, -7.39697437e-03,
       -1.30260023e-02, -4.58658476e-02, -1.61636281e-02, -8.22891793e-02,
       -6.90821049e-05, -2.48203873e-01, -8.30314398e-01, -1.84894767e-01,
       -3.79338583e-01, -8.57419823e-04, -1.74732506e-01, -1.26303521e-01,
       -2.41152759e-01, -6.73384501e-01, -5.15248660e-03, -1.67332032e-01,
       -4.63110863e-02]), 'neg_mean_absolute_error': array([ -8.420524  , -11.51301973,  -9.03789761, -11.28466342,
       -10.38193301,  -5.79292562,  -7.9863449 ,  -6.08551492,
        -7.11613555,  -7.51006119,  -7.90871036, -13.4075403 ,
       -14.67406362, -13.35613701,  -8.20242469,  -7.54229109,
       -13.56080938,  -6.31049209,  -8.70146486,  -9.52688889,
        -9.17311111, -14.43525187,  -8.26125186, -10.89850339,
        -9.49985849,  -9.54440974,  -8.76207991, -15.72960441,
       -10.48122222, -10.25894444, -12.25533397, -11.6109297 ,
       -12.41775548,  -8.70220663, -12.23000912, -10.49816667,
        -9.44361111,  -6.73191493,  -6.03699508,  -7.4043366 ,
        -7.11348199, -12.37442417, -15.355883  ,  -9.16518956,
       -21.40149629,  -7.82055167,  -9.66665045,  -5.70963334,
        -9.16946034, -17.62876935,  -8.1611994 , -14.19697941,
       -10.22111427]), 'neg_mean_squared_error': array([-125.82374139, -214.88657604, -100.45866666, -177.36874884,
       -134.44617316,  -48.03254216, -135.66871546,  -97.97778248,
        -69.09547056,  -77.76024283, -108.03162613, -303.79759141,
       -405.57108682, -286.15481816,  -93.9027186 ,  -82.55414358,
       -250.95311002,  -52.57668726,  -97.73395333, -198.80778959,
       -154.04316081, -385.81389574, -113.83440368, -247.73525332,
       -134.01501732, -259.68729236, -139.16071929, -489.79547257,
       -223.63909317, -152.32232565, -248.56115672, -237.8057032 ,
       -310.17781406, -117.6974621 , -202.98487818, -191.2726189 ,
       -166.37768708,  -77.66674434,  -64.90745467, -116.24292552,
        -80.56069493, -283.6200707 , -448.31135017, -183.95375991,
       -811.82779091, -102.57563227, -154.29934693,  -49.09775735,
       -219.27680773, -520.27780183, -119.48756044, -353.83988887,
       -244.20341996]), 'max_error': array([-35.3324696 , -35.82012495, -15.30456364, -29.22779834,
       -22.11046753, -14.5229348 , -31.24844694, -34.7387835 ,
       -16.59288491, -18.76927914, -25.85349896, -33.19618083,
       -61.47588698, -37.31986771, -18.79530238, -16.40484357,
       -30.45254059, -11.10721361, -23.90181628, -45.27600609,
       -33.67133148, -48.33545337, -23.37476673, -48.05653055,
       -28.76175472, -47.3048123 , -30.56328084, -59.62347988,
       -35.43417716, -29.58032834, -35.18225288, -37.97812243,
       -47.40682483, -24.87782807, -27.59469402, -39.94026159,
       -36.69849143, -25.13726566, -18.60501476, -35.2445294 ,
       -20.58679051, -49.73643918, -52.8623894 , -43.53606867,
       -72.48182221, -23.89937841, -32.71505767, -14.38984665,
       -51.06083226, -47.77189766, -33.49438987, -43.05233527,
       -51.4855429 ]), 'explained_variance': array([-2.22044605e-16,  0.00000000e+00,  1.11022302e-16,  1.11022302e-16,
        0.00000000e+00,  0.00000000e+00,  0.00000000e+00,  0.00000000e+00,
        0.00000000e+00,  3.33066907e-16,  1.11022302e-16, -2.22044605e-16,
        0.00000000e+00,  0.00000000e+00,  2.22044605e-16,  0.00000000e+00,
        2.22044605e-16,  0.00000000e+00,  0.00000000e+00, -2.22044605e-16,
        2.22044605e-16, -2.22044605e-16, -2.22044605e-16,  0.00000000e+00,
        0.00000000e+00, -2.22044605e-16,  0.00000000e+00,  1.11022302e-16,
        0.00000000e+00,  0.00000000e+00,  0.00000000e+00,  0.00000000e+00,
        0.00000000e+00,  0.00000000e+00,  0.00000000e+00,  3.33066907e-16,
        0.00000000e+00,  0.00000000e+00,  0.00000000e+00,  0.00000000e+00,
        0.00000000e+00,  0.00000000e+00, -2.22044605e-16,  0.00000000e+00,
        0.00000000e+00, -2.22044605e-16,  0.00000000e+00,  0.00000000e+00,
       -2.22044605e-16, -4.44089210e-16,  0.00000000e+00,  0.00000000e+00,
       -2.22044605e-16])}
     accs  y_pred (s)  y_true (s)
54    [9]   16.408157      19.499
4    [25]   20.650539      26.335
3    [25]   20.650539      27.642
11   [25]   20.650539      18.893
27   [23]   19.145572      65.978
29   [23]   19.145572      45.143
64    [9]   16.408157      30.560
77   [10]   16.835473      12.834
124  [20]   17.816715      45.263
71    [9]   16.408157       9.629
25   [23]   19.145572      19.467
91    [5]   14.624790      14.879
83   [10]   16.835473      24.338
89   [10]   16.835473      11.455
69    [9]   16.408157       9.069
{'mse': 297.1693161617071, 'mae': 11.78800817445493, 'r2-score': -0.21546183250390571, 'max-error': 65.44066998392138, 'explained variance score': 0.053532764786054066, 'layers': ['fc']}
