environment: line 5: __conda_exe: command not found
Using device: cuda
Using model: resnet18
Number of videos: 64
Execution type : naive
Using 2 features
Job ID : 11
Plotting ?  yes
Calculate accumulators ?  no
The directory contains : 65 videos
Number of videos in the directory : 65
Number of videos in the dataframe : 64
['conv1', 'layer1', 'layer2', 'layer3', 'layer4', 'avgpool', 'fc']
{'conv1': {'T_max': 571.0571938157082, 'T_min': 326.0943303704262, 'tau': 100, 'alpha': 50}, 'layer1': {'T_max': 92.58804017305374, 'T_min': 60.81114938855171, 'tau': 100, 'alpha': 50}, 'layer2': {'T_max': 40.81974321231246, 'T_min': 25.665204532444477, 'tau': 100, 'alpha': 50}, 'layer3': {'T_max': 17.509853899478912, 'T_min': 10.225740537047386, 'tau': 100, 'alpha': 50}, 'layer4': {'T_max': 96.32052391767502, 'T_min': 56.401943013072014, 'tau': 100, 'alpha': 50}, 'avgpool': {'T_max': 6.396838169544935, 'T_min': 3.6541042742319405, 'tau': 100, 'alpha': 50}, 'fc': {'T_max': 21.314019925892353, 'T_min': 11.872331587597728, 'tau': 100, 'alpha': 50}}
Iterating over following combinations of layers :  [['conv1'], ['layer1'], ['layer2'], ['layer3'], ['layer4'], ['avgpool'], ['fc'], ['conv1', 'layer1'], ['conv1', 'layer2'], ['conv1', 'layer3'], ['conv1', 'layer4'], ['conv1', 'avgpool'], ['conv1', 'fc'], ['layer1', 'layer2'], ['layer1', 'layer3'], ['layer1', 'layer4'], ['layer1', 'avgpool'], ['layer1', 'fc'], ['layer2', 'layer3'], ['layer2', 'layer4'], ['layer2', 'avgpool'], ['layer2', 'fc'], ['layer3', 'layer4'], ['layer3', 'avgpool'], ['layer3', 'fc'], ['layer4', 'avgpool'], ['layer4', 'fc'], ['avgpool', 'fc']]
[['conv1', 'avgpool']]
Generating the training set for videos : 
TRAINING SET : contains 962 samples, 37 patients based on 56 videos
TEST SET : contains 127 samples, 37 patients based on 8 videos
Dataset constituted.
--------------------NAIVE IMPLEMENTATION-------------------
Number of folds : 53
Grid search.
The best parameters are : {'C': 1}
Metrics obtained during CV : 
{'r2': array([-1.47990200e-01, -3.68872599e-02, -1.95486351e-01, -8.94515157e-02,
       -2.43729093e-02, -2.84731545e-02, -5.03843485e-02, -8.05440669e-02,
       -5.48033607e-02, -1.45004899e-03, -4.86707496e-02, -6.12383328e-01,
       -3.66681208e-01, -2.09199930e-01, -2.05439952e-01, -2.40265662e-02,
       -4.40202723e-02, -8.31361016e-01, -4.71827234e-02, -1.26302950e-01,
       -8.94290751e-02, -7.30552950e-01, -2.13804549e-02, -3.48733385e-01,
       -1.11960211e-01, -7.08048245e-02, -5.01250394e-02, -4.18092593e-01,
       -2.22844188e-01, -3.54829109e-02, -1.84035839e-01, -3.94338111e-01,
       -5.59942920e-01, -7.11560568e-02, -3.28448037e-01, -2.06455318e-02,
       -3.75545664e-02, -2.27262760e-02, -2.36106581e-01, -1.35381342e-02,
       -9.69884712e-05, -5.41399431e-01, -6.83690549e-01, -5.88816190e-02,
       -3.35530191e-01, -5.50991537e-03, -2.13945383e-01, -8.38409085e-02,
       -2.86023210e-01, -7.41304726e-01, -2.65346084e-02, -2.17234473e-01,
       -6.41870165e-02]), 'neg_mean_absolute_error': array([ -8.64281797, -11.1580618 ,  -9.94121167, -11.75903987,
       -10.09507451,  -5.68591344,  -8.03069629,  -6.11054105,
        -7.09778742,  -7.53921697,  -7.63607456, -14.00484993,
       -14.80006325, -13.78224843,  -7.76374212,  -7.48328246,
       -13.27142253,  -6.25187214,  -8.62238194,  -9.59514616,
        -9.17311111, -14.20668106,  -8.29455104, -11.12739641,
        -8.98584982,  -9.55442921,  -8.661     , -16.65661829,
       -10.48122222, -10.25894444, -11.98170914, -12.05863729,
       -13.03495656,  -9.59540744, -11.91298152, -10.49816667,
        -9.44361111,  -6.79263049,  -7.49345885,  -7.20799498,
        -7.0410424 , -13.72081837, -14.62239766,  -8.66659439,
       -21.10507557,  -7.84731798,  -9.71606726,  -5.60913927,
        -9.40884418, -18.0058135 ,  -8.21963532, -14.32107524,
       -10.07540184]), 'neg_mean_squared_error': array([-128.03230651, -197.90284771, -113.5670599 , -191.77216536,
       -131.08974298,  -47.46356908, -133.88804947, -100.3526671 ,
        -68.82691404,  -77.85013792,  -97.69656775, -332.53782471,
       -412.65121623, -308.26556259,  -87.86279984,  -83.69365946,
       -261.28739496,  -51.58646682, -100.25277647, -208.03402899,
       -157.53127347, -375.28750995, -110.74207339, -263.7548816 ,
       -126.55361865, -258.93290609, -145.97041242, -552.62006939,
       -230.36880537, -151.46906744, -232.24904728, -258.24199924,
       -338.88170194, -124.35447842, -188.67255638, -193.78809824,
       -170.4062172 ,  -75.94838323,  -78.95631141, -108.85874135,
        -80.56294293, -350.24071386, -412.39777384, -164.39034131,
       -786.0437881 , -103.0524561 , -159.44989924,  -47.24672961,
       -227.20415517, -541.39511567, -122.02936141, -368.96624007,
       -248.37556662]), 'max_error': array([-35.05089724, -33.5720581 , -16.61466908, -26.41832036,
       -22.88908348, -14.74884941, -30.91859015, -35.21427994,
       -16.66260779, -18.58462587, -24.12680558, -34.55728624,
       -61.81788597, -39.03514403, -19.50976664, -15.91136679,
       -34.59797193, -11.00596097, -24.6135625 , -46.35065772,
       -34.19436312, -47.92402591, -22.57127033, -49.09128383,
       -29.68697033, -47.21463708, -32.80560702, -62.38264116,
       -35.97617159, -29.40018788, -33.95094115, -39.2716839 ,
       -48.79552725, -23.27006661, -26.61691685, -40.73504781,
       -37.71935882, -24.59082556, -15.73764506, -33.4774548 ,
       -20.74977961, -53.31796634, -51.54211578, -41.2018495 ,
       -71.59256003, -24.35440566, -33.22542869, -14.82454414,
       -51.64219302, -48.48409216, -34.48780049, -44.04510195,
       -52.06839265]), 'explained_variance': array([-2.22044605e-16,  0.00000000e+00,  1.11022302e-16,  1.11022302e-16,
        0.00000000e+00,  0.00000000e+00,  0.00000000e+00,  0.00000000e+00,
        0.00000000e+00,  3.33066907e-16,  0.00000000e+00,  0.00000000e+00,
        0.00000000e+00,  0.00000000e+00,  2.22044605e-16,  0.00000000e+00,
        2.22044605e-16,  0.00000000e+00,  0.00000000e+00,  0.00000000e+00,
        0.00000000e+00,  1.11022302e-16, -2.22044605e-16,  1.11022302e-16,
        0.00000000e+00,  0.00000000e+00,  0.00000000e+00,  0.00000000e+00,
        0.00000000e+00, -2.22044605e-16, -2.22044605e-16,  0.00000000e+00,
        2.22044605e-16,  0.00000000e+00,  0.00000000e+00,  3.33066907e-16,
       -2.22044605e-16,  0.00000000e+00, -2.22044605e-16,  2.22044605e-16,
        0.00000000e+00,  0.00000000e+00,  0.00000000e+00,  0.00000000e+00,
       -2.22044605e-16, -2.22044605e-16,  0.00000000e+00,  0.00000000e+00,
       -2.22044605e-16, -2.22044605e-16, -2.22044605e-16, -2.22044605e-16,
        0.00000000e+00])}
         accs  y_pred (s)  y_true (s)
54     [1, 8]   14.080275      19.499
4    [31, 26]   22.191505      26.335
3    [31, 26]   22.191505      27.642
11   [31, 26]   22.191505      18.893
27   [29, 21]   20.974219      65.978
29   [29, 21]   20.974219      45.143
64     [1, 8]   14.080275      30.560
77   [14, 12]   16.535825      12.834
124  [23, 22]   19.529763      45.263
71     [1, 8]   14.080275       9.629
25   [29, 21]   20.974219      19.467
91     [7, 4]   16.157404      14.879
83   [14, 12]   16.535825      24.338
89   [14, 12]   16.535825      11.455
69     [1, 8]   14.080275       9.069
{'mse': 274.8622831101959, 'mae': 11.386343531945029, 'r2-score': -0.12422311505919814, 'max-error': 64.12883640467781, 'explained variance score': 0.0971473497073233, 'layers': ['conv1', 'avgpool']}
