environment: line 5: __conda_exe: command not found
Using device: cuda
Using model: resnet18
Number of videos: 64
Execution type : naive
Using 2 features
Job ID : 19
Plotting ?  yes
Calculate accumulators ?  no
The directory contains : 65 videos
Number of videos in the directory : 65
Number of videos in the dataframe : 64
['conv1', 'layer1', 'layer2', 'layer3', 'layer4', 'avgpool', 'fc']
{'conv1': {'T_max': 571.0571938157082, 'T_min': 326.0943303704262, 'tau': 100, 'alpha': 50}, 'layer1': {'T_max': 92.58804017305374, 'T_min': 60.81114938855171, 'tau': 100, 'alpha': 50}, 'layer2': {'T_max': 40.81974321231246, 'T_min': 25.665204532444477, 'tau': 100, 'alpha': 50}, 'layer3': {'T_max': 17.509853899478912, 'T_min': 10.225740537047386, 'tau': 100, 'alpha': 50}, 'layer4': {'T_max': 96.32052391767502, 'T_min': 56.401943013072014, 'tau': 100, 'alpha': 50}, 'avgpool': {'T_max': 6.396838169544935, 'T_min': 3.6541042742319405, 'tau': 100, 'alpha': 50}, 'fc': {'T_max': 21.314019925892353, 'T_min': 11.872331587597728, 'tau': 100, 'alpha': 50}}
Iterating over following combinations of layers :  [['conv1'], ['layer1'], ['layer2'], ['layer3'], ['layer4'], ['avgpool'], ['fc'], ['conv1', 'layer1'], ['conv1', 'layer2'], ['conv1', 'layer3'], ['conv1', 'layer4'], ['conv1', 'avgpool'], ['conv1', 'fc'], ['layer1', 'layer2'], ['layer1', 'layer3'], ['layer1', 'layer4'], ['layer1', 'avgpool'], ['layer1', 'fc'], ['layer2', 'layer3'], ['layer2', 'layer4'], ['layer2', 'avgpool'], ['layer2', 'fc'], ['layer3', 'layer4'], ['layer3', 'avgpool'], ['layer3', 'fc'], ['layer4', 'avgpool'], ['layer4', 'fc'], ['avgpool', 'fc']]
[['layer2', 'layer4']]
Generating the training set for videos : 
TRAINING SET : contains 962 samples, 37 patients based on 56 videos
TEST SET : contains 127 samples, 37 patients based on 8 videos
Dataset constituted.
--------------------NAIVE IMPLEMENTATION-------------------
Number of folds : 53
Grid search.
The best parameters are : {'C': 1}
Metrics obtained during CV : 
{'r2': array([-1.96601557e-01, -1.48487994e-01, -7.55398595e-02, -1.75303325e-02,
       -8.12655426e-02, -5.07939414e-02, -6.08798980e-02, -4.26936007e-02,
       -1.19226951e-01, -1.45145683e-02, -1.11049428e-01, -4.67297315e-01,
       -4.47362590e-01, -1.76350807e-01, -2.30484489e-01, -3.26682059e-02,
       -8.20847060e-05, -9.84370590e-01, -1.67340888e-02, -1.34609513e-01,
       -6.93553683e-02, -8.24978607e-01, -4.80535607e-02, -2.50997685e-01,
       -1.51699029e-01, -5.41138253e-02, -1.14931435e-02, -3.90630752e-01,
       -2.01125413e-01, -3.17872642e-02, -2.56742369e-01, -4.39815491e-01,
       -5.84074577e-01, -1.42267564e-02, -4.37280637e-01, -4.57734238e-01,
       -1.24852059e-02, -6.17785140e-02, -7.86000857e-02, -5.28209970e-02,
       -9.88586149e-04, -3.72542377e-01, -7.39721697e-01, -1.46810200e-01,
       -3.07085297e-01, -1.87475072e-02, -1.46701372e-01, -1.27454198e-01,
       -2.51278679e-01, -7.41637901e-01, -2.39156837e-03, -2.24351736e-01,
       -4.31695078e-02]), 'neg_mean_absolute_error': array([ -9.13224409, -11.57967743,  -9.16884922, -11.03015444,
       -10.63251545,  -5.86815992,  -7.9909898 ,  -6.07139514,
        -7.33415121,  -7.65392495,  -7.80771816, -13.38542302,
       -15.20535903, -13.62492514,  -7.8873437 ,  -7.47103576,
       -13.43857268,  -6.49880809,  -8.71789519,  -9.62987906,
        -9.17311111, -14.64486154,  -8.25642208, -10.87434913,
        -9.31111865,  -9.61225551,  -8.94666157, -16.50721731,
       -10.48122222, -10.25894444, -12.22354616, -12.27167959,
       -13.1394688 ,  -8.71263225, -12.25432878, -12.02757778,
        -9.44361111,  -6.69898691,  -6.53813517,  -7.33866265,
        -7.20574847, -12.93799651, -14.91119145,  -8.9706668 ,
       -20.90212258,  -7.88465196,  -9.64305884,  -5.7127699 ,
        -9.22530767, -18.00761946,  -8.14652709, -14.33755765,
       -10.24948176]), 'neg_mean_squared_error': array([-133.45380241, -219.20323769, -102.17255895, -179.11214255,
       -138.37033447,  -48.49366325, -135.22587277,  -96.83740534,
        -73.03061407,  -78.86573988, -103.50790819, -302.61529552,
       -437.01188642, -299.89122078,  -89.68826041,  -84.39994041,
       -250.29096617,  -55.89649812,  -97.33775496, -209.56829454,
       -154.6286186 , -395.76464692, -113.6340761 , -244.6419358 ,
       -131.07634449, -254.89683076, -140.60046735, -541.91839552,
       -226.27725525, -150.92847314, -246.51045884, -266.66475522,
       -344.12405844, -117.74534486, -204.12948384, -276.77733047,
       -166.28886759,  -78.8484303 ,  -68.89558357, -113.07790476,
        -80.6347657 , -311.87258303, -426.12186395, -178.04116792,
       -769.30217278, -104.4091472 , -150.61749957,  -49.1479176 ,
       -221.06577306, -541.49870424, -119.15935613, -371.12361394,
       -243.47019233]), 'max_error': array([-34.43095748, -36.24229041, -14.98412613, -32.14306567,
       -21.43031521, -14.36410684, -31.17006457, -34.47050775,
       -15.76442542, -17.85814198, -25.21388167, -33.1361482 ,
       -62.9179745 , -38.43731552, -19.28067907, -15.67867948,
       -31.42211907, -11.43248669, -23.75394328, -46.50695578,
       -33.76515751, -48.71275078, -23.33129872, -47.83914215,
       -29.10148643, -46.6942004 , -28.90204584, -61.9563186 ,
       -35.65233803, -29.27828367, -35.0392077 , -39.75102907,
       -49.03067979, -24.85906196, -27.66765299, -48.077675  ,
       -36.66780723, -25.43361777, -17.38044588, -34.65346384,
       -20.37919093, -51.4271562 , -52.06194461, -42.9525004 ,
       -70.98370108, -24.98908329, -32.31400035, -14.37918233,
       -51.19646148, -48.48750342, -33.24496057, -44.17696119,
       -51.37207294]), 'explained_variance': array([-2.22044605e-16,  0.00000000e+00,  1.11022302e-16,  1.11022302e-16,
        0.00000000e+00,  0.00000000e+00,  0.00000000e+00,  0.00000000e+00,
        0.00000000e+00,  3.33066907e-16,  1.11022302e-16,  0.00000000e+00,
        0.00000000e+00,  0.00000000e+00,  2.22044605e-16,  0.00000000e+00,
        0.00000000e+00,  0.00000000e+00,  0.00000000e+00,  0.00000000e+00,
        2.22044605e-16, -2.22044605e-16, -2.22044605e-16, -2.22044605e-16,
        0.00000000e+00,  0.00000000e+00,  0.00000000e+00,  1.11022302e-16,
        1.11022302e-16, -2.22044605e-16, -2.22044605e-16,  0.00000000e+00,
        0.00000000e+00,  0.00000000e+00,  0.00000000e+00,  3.33066907e-16,
       -4.44089210e-16,  0.00000000e+00,  0.00000000e+00,  2.22044605e-16,
        0.00000000e+00,  0.00000000e+00, -2.22044605e-16,  0.00000000e+00,
       -4.44089210e-16, -2.22044605e-16,  0.00000000e+00,  0.00000000e+00,
        1.11022302e-16,  0.00000000e+00,  2.22044605e-16,  0.00000000e+00,
       -2.22044605e-16])}
         accs  y_pred (s)  y_true (s)
54    [11, 9]   17.052208      19.499
4    [42, 33]   24.590190      26.335
3    [42, 33]   24.590190      27.642
11   [42, 33]   24.590190      18.893
27   [29, 22]   19.098009      65.978
29   [29, 22]   19.098009      45.143
64    [11, 9]   17.052208      30.560
77   [15, 10]   17.537343      12.834
124  [26, 22]   18.710241      45.263
71    [11, 9]   17.052208       9.629
25   [29, 22]   19.098009      19.467
91     [3, 5]   14.943201      14.879
83   [15, 10]   17.537343      24.338
89   [15, 10]   17.537343      11.455
69    [11, 9]   17.052208       9.069
{'mse': 278.54700648772115, 'mae': 11.41011850944824, 'r2-score': -0.13929412133455576, 'max-error': 64.31109584065575, 'explained variance score': 0.06337032282251154, 'layers': ['layer2', 'layer4']}
