environment: line 5: __conda_exe: command not found
Using device: cuda
Using model: resnet18
Number of videos: 64
Execution type : naive
Using 2 features
Job ID : 2
Plotting ?  yes
Calculate accumulators ?  no
The directory contains : 65 videos
Number of videos in the directory : 65
Number of videos in the dataframe : 64
['conv1', 'layer1', 'layer2', 'layer3', 'layer4', 'avgpool', 'fc']
{'conv1': {'T_max': 571.0571938157082, 'T_min': 326.0943303704262, 'tau': 100, 'alpha': 50}, 'layer1': {'T_max': 92.58804017305374, 'T_min': 60.81114938855171, 'tau': 100, 'alpha': 50}, 'layer2': {'T_max': 40.81974321231246, 'T_min': 25.665204532444477, 'tau': 100, 'alpha': 50}, 'layer3': {'T_max': 17.509853899478912, 'T_min': 10.225740537047386, 'tau': 100, 'alpha': 50}, 'layer4': {'T_max': 96.32052391767502, 'T_min': 56.401943013072014, 'tau': 100, 'alpha': 50}, 'avgpool': {'T_max': 6.396838169544935, 'T_min': 3.6541042742319405, 'tau': 100, 'alpha': 50}, 'fc': {'T_max': 21.314019925892353, 'T_min': 11.872331587597728, 'tau': 100, 'alpha': 50}}
Iterating over following combinations of layers :  [['conv1'], ['layer1'], ['layer2'], ['layer3'], ['layer4'], ['avgpool'], ['fc'], ['conv1', 'layer1'], ['conv1', 'layer2'], ['conv1', 'layer3'], ['conv1', 'layer4'], ['conv1', 'avgpool'], ['conv1', 'fc'], ['layer1', 'layer2'], ['layer1', 'layer3'], ['layer1', 'layer4'], ['layer1', 'avgpool'], ['layer1', 'fc'], ['layer2', 'layer3'], ['layer2', 'layer4'], ['layer2', 'avgpool'], ['layer2', 'fc'], ['layer3', 'layer4'], ['layer3', 'avgpool'], ['layer3', 'fc'], ['layer4', 'avgpool'], ['layer4', 'fc'], ['avgpool', 'fc']]
[['layer2']]
Generating the training set for videos : 
TRAINING SET : contains 962 samples, 37 patients based on 56 videos
TEST SET : contains 127 samples, 37 patients based on 8 videos
Dataset constituted.
--------------------NAIVE IMPLEMENTATION-------------------
Number of folds : 53
Grid search.
The best parameters are : {'C': 1000.0}
Metrics obtained during CV : 
{'r2': array([-3.89790465e-01, -9.77950841e-02, -8.45283943e-03, -7.90840922e-02,
       -5.30428849e-03, -1.22058203e-01, -6.96698776e-02, -3.10793680e-02,
       -2.11998364e-01, -3.83659083e-02, -9.61144328e-02, -4.08073290e-01,
       -5.19847547e-01, -1.24139229e-01, -1.71014609e-01, -3.74244009e-01,
       -8.62417797e-03, -1.20463718e+00, -2.98973698e-05, -2.08791791e-01,
       -7.77506983e-02, -8.97286444e-01, -3.34528390e-02, -2.62373521e-01,
       -2.46427760e-02, -5.83752471e-02, -1.05097177e-02, -6.96765832e-01,
       -1.96018775e-01, -9.20462360e-03, -3.38775328e-01, -6.75407744e-01,
       -6.68408094e-01, -2.26690389e-02, -3.98910086e-01, -6.54915018e-01,
       -5.98276344e-02, -4.93993180e-02, -1.88406443e-01, -3.73520054e-02,
       -1.27501865e-02, -6.62326423e-01, -6.62924637e-01, -9.26767330e-02,
       -5.71274726e-02, -3.65820868e-02, -1.36757491e-01, -1.15485693e-01,
       -2.10390381e-01, -6.92347873e-01, -5.05975171e-04, -2.62807714e-03,
       -7.46023790e-02]), 'neg_mean_absolute_error': array([-10.64075757, -11.4212683 ,  -8.57516135, -10.92623731,
        -9.36382968,  -6.26715764,  -7.98544154,  -6.07609431,
        -7.74209977,  -7.75888634,  -7.77233444, -13.14846759,
       -15.53923133, -13.36213449,  -7.60312899,  -8.68904032,
       -13.36879311,  -6.89098371,  -8.85258642,  -9.90182971,
        -9.17311111, -14.99018477,  -8.24869847, -10.89179425,
        -7.99098473,  -9.59672956,  -8.67192565, -18.30714741,
       -10.48122222, -10.25894444, -12.54692861, -13.39559512,
       -13.48871611,  -8.89991078, -12.13643101, -12.84029483,
        -9.44361111,  -6.72416262,  -7.2171963 ,  -7.29656156,
        -7.53075202, -14.3642066 , -14.51237511,  -8.75211522,
       -19.58377778,  -7.91701355,  -9.634154  ,  -5.67941716,
        -8.99218818, -17.73588221,  -8.12958913, -15.17171187,
        -9.99984512]), 'neg_mean_squared_error': array([-154.99964967, -209.52786456,  -95.79952456, -189.94722573,
       -128.64951777,  -51.78247656, -136.34629428,  -95.75876425,
        -79.08403624,  -80.7198814 , -102.11652989, -290.40093676,
       -458.89775529, -286.58074096,  -85.35358567, -112.31692017,
       -252.42879946,  -62.10105039,  -95.73856742, -223.27014819,
       -155.842582  , -411.44531586, -112.05100861, -246.86656555,
       -116.61590931, -255.92729152, -140.46376833, -661.21694453,
       -225.31522751, -147.62511441, -262.60125272, -310.29822829,
       -362.44465549, -118.72544074, -198.67991427, -314.21568425,
       -174.06430843,  -77.92914237,  -75.90946499, -111.41646262,
        -81.58222295, -377.71805367, -407.31143784, -169.63699988,
       -622.18622129, -106.23697326, -149.31138586,  -48.62618719,
       -213.84196016, -526.17377005, -118.93520613, -303.91507969,
       -250.8064566 ]), 'max_error': array([-32.52017374, -35.23903256, -16.74558687, -34.11749107,
       -25.47904723, -13.52177831, -31.36438932, -34.17820811,
       -15.19365507, -17.19338651, -24.98978477, -32.49298345,
       -63.82419933, -37.35785178, -19.84883879, -18.52786289,
       -32.74793095, -11.9919127 , -22.54172218, -47.73073372,
       -33.95135269, -49.28661049, -22.95321375, -47.99614822,
       -31.58190936, -46.83393398, -31.37466915, -66.09633168,
       -35.57369121, -28.28230652, -36.09446437, -41.91005935,
       -49.81648626, -24.5219606 , -27.31395968, -49.90628837,
       -38.37047687, -25.20703646, -16.15203889, -34.27455401,
       -19.64793295, -54.49427188, -51.34407521, -41.97153701,
       -63.33832262, -25.53923042, -32.162618  , -14.49258166,
       -50.63031416, -47.97422195, -32.95701525, -35.03790252,
       -52.37061952]), 'explained_variance': array([-2.22044605e-16,  1.11022302e-16,  1.11022302e-16,  0.00000000e+00,
        0.00000000e+00,  0.00000000e+00,  0.00000000e+00,  0.00000000e+00,
        0.00000000e+00,  3.33066907e-16,  1.11022302e-16, -2.22044605e-16,
        0.00000000e+00,  0.00000000e+00,  2.22044605e-16,  0.00000000e+00,
        0.00000000e+00,  0.00000000e+00,  0.00000000e+00,  0.00000000e+00,
        0.00000000e+00, -2.22044605e-16, -2.22044605e-16,  0.00000000e+00,
        0.00000000e+00,  0.00000000e+00,  0.00000000e+00,  0.00000000e+00,
        1.11022302e-16, -2.22044605e-16,  0.00000000e+00,  0.00000000e+00,
        0.00000000e+00,  0.00000000e+00,  0.00000000e+00,  3.33066907e-16,
       -2.22044605e-16,  0.00000000e+00, -2.22044605e-16,  2.22044605e-16,
        0.00000000e+00,  1.11022302e-16, -2.22044605e-16,  0.00000000e+00,
       -2.22044605e-16, -2.22044605e-16, -2.22044605e-16,  0.00000000e+00,
        0.00000000e+00, -2.22044605e-16,  0.00000000e+00, -2.22044605e-16,
        0.00000000e+00])}
     accs  y_pred (s)  y_true (s)
54   [11]   17.871130      19.499
4    [42]   22.681865      26.335
3    [42]   22.681865      27.642
11   [42]   22.681865      18.893
27   [29]   23.664235      65.978
29   [29]   23.664235      45.143
64   [11]   17.871130      30.560
77   [15]   18.547846      12.834
124  [26]   19.861465      45.263
71   [11]   17.871130       9.629
25   [29]   23.664235      19.467
91    [3]   15.313112      14.879
83   [15]   18.547846      24.338
89   [15]   18.547846      11.455
69   [11]   17.871130       9.069
{'mse': 265.49773925166517, 'mae': 11.354564369823596, 'r2-score': -0.08592089131056846, 'max-error': 64.02519247493225, 'explained variance score': 0.0665411883593271, 'layers': ['layer2']}
