environment: line 5: __conda_exe: command not found
Using device: cuda
Using model: resnet18
Number of videos: 64
Execution type : naive
Using 2 features
Job ID : 12
Plotting ?  yes
Calculate accumulators ?  no
The directory contains : 65 videos
Number of videos in the directory : 65
Number of videos in the dataframe : 64
['conv1', 'layer1', 'layer2', 'layer3', 'layer4', 'avgpool', 'fc']
{'conv1': {'T_max': 571.0571938157082, 'T_min': 326.0943303704262, 'tau': 100, 'alpha': 50}, 'layer1': {'T_max': 92.58804017305374, 'T_min': 60.81114938855171, 'tau': 100, 'alpha': 50}, 'layer2': {'T_max': 40.81974321231246, 'T_min': 25.665204532444477, 'tau': 100, 'alpha': 50}, 'layer3': {'T_max': 17.509853899478912, 'T_min': 10.225740537047386, 'tau': 100, 'alpha': 50}, 'layer4': {'T_max': 96.32052391767502, 'T_min': 56.401943013072014, 'tau': 100, 'alpha': 50}, 'avgpool': {'T_max': 6.396838169544935, 'T_min': 3.6541042742319405, 'tau': 100, 'alpha': 50}, 'fc': {'T_max': 21.314019925892353, 'T_min': 11.872331587597728, 'tau': 100, 'alpha': 50}}
Iterating over following combinations of layers :  [['conv1'], ['layer1'], ['layer2'], ['layer3'], ['layer4'], ['avgpool'], ['fc'], ['conv1', 'layer1'], ['conv1', 'layer2'], ['conv1', 'layer3'], ['conv1', 'layer4'], ['conv1', 'avgpool'], ['conv1', 'fc'], ['layer1', 'layer2'], ['layer1', 'layer3'], ['layer1', 'layer4'], ['layer1', 'avgpool'], ['layer1', 'fc'], ['layer2', 'layer3'], ['layer2', 'layer4'], ['layer2', 'avgpool'], ['layer2', 'fc'], ['layer3', 'layer4'], ['layer3', 'avgpool'], ['layer3', 'fc'], ['layer4', 'avgpool'], ['layer4', 'fc'], ['avgpool', 'fc']]
[['conv1', 'fc']]
Generating the training set for videos : 
TRAINING SET : contains 962 samples, 37 patients based on 56 videos
TEST SET : contains 127 samples, 37 patients based on 8 videos
Dataset constituted.
--------------------NAIVE IMPLEMENTATION-------------------
Number of folds : 53
Grid search.
The best parameters are : {'C': 1}
Metrics obtained during CV : 
{'r2': array([-1.18015449e-01, -3.09930995e-02, -1.44066454e-01, -5.31563617e-02,
       -2.28729394e-02, -2.13093489e-02, -4.76344423e-02, -8.38683487e-02,
       -6.76193413e-02, -7.50647607e-03, -4.72519766e-02, -5.13965395e-01,
       -3.62642513e-01, -2.29476770e-01, -2.51787518e-01, -4.09265678e-02,
       -2.92731371e-02, -7.54220363e-01, -6.58939496e-02, -1.13268657e-01,
       -9.57374966e-02, -7.84897450e-01, -1.97396942e-02, -3.67737108e-01,
       -1.95324729e-01, -9.21058636e-02, -1.52696816e-02, -3.67475971e-01,
       -2.24231834e-01, -3.59710845e-02, -1.92840996e-01, -4.76508816e-01,
       -5.48538108e-01, -8.03671443e-02, -3.18898543e-01, -1.07421810e-02,
       -2.45376980e-02, -1.71384390e-02, -1.88287400e-01, -1.37988786e-02,
       -2.38582700e-04, -4.98957969e-01, -6.77254985e-01, -7.38581273e-02,
       -3.22767383e-01, -1.04257451e-03, -2.31747088e-01, -6.64713243e-02,
       -2.74009068e-01, -7.21912303e-01, -1.96877443e-02, -2.31597444e-01,
       -6.74027575e-02]), 'neg_mean_absolute_error': array([ -8.29964258, -11.14630777,  -9.65230265, -11.58470851,
       -10.07473501,  -5.62682162,  -8.04176904,  -6.11348159,
        -7.15292061,  -7.60681983,  -7.63113786, -13.56172858,
       -14.77865555, -13.87323115,  -7.99706255,  -7.46217   ,
       -13.30365869,  -6.11872782,  -8.57945824,  -9.56507208,
        -9.17311111, -14.46210211,  -8.30779261, -11.18154706,
        -9.62209764,  -9.48981306,  -8.661     , -16.38346568,
       -10.48122222, -10.25894444, -12.0132762 , -12.43565602,
       -12.98477988,  -9.69561236, -11.89075465, -10.49816667,
        -9.44361111,  -6.81162579,  -7.21646555,  -7.20927908,
        -7.01871257, -13.5236589 , -14.58848147,  -8.70689962,
       -21.01512254,  -7.82234248,  -9.77963683,  -5.57216656,
        -9.34671022, -17.89998915,  -8.20515267, -14.35407109,
       -10.05145915]), 'neg_mean_squared_error': array([-124.68930195, -196.77787379, -108.68234793, -185.38326216,
       -130.89779075,  -47.1329627 , -133.53753056, -100.66140096,
        -69.66316887,  -78.32094891,  -97.56439161, -312.24011717,
       -411.43178576, -313.43480817,  -91.24100786,  -85.07489607,
       -257.5966232 ,  -49.41353984, -102.0441089 , -205.6265271 ,
       -158.44347022, -387.07265191, -110.56417568, -267.47120136,
       -136.04144142, -264.08374202, -141.12541705, -532.8951506 ,
       -230.63022083, -151.54047683, -233.97618196, -273.46063754,
       -336.40412276, -125.42382773, -187.31629153, -191.90776715,
       -168.26834862,  -75.53342647,  -75.90186111, -108.88674652,
        -80.57434908, -340.59705664, -410.82146738, -166.71542965,
       -778.53206986, -102.59460836, -161.78812646,  -46.48955571,
       -225.08159401, -535.36574982, -121.21544005, -373.31992171,
       -249.12610338]), 'max_error': array([-35.48558607, -33.35084766, -16.00475005, -27.32751276,
       -22.94429068, -14.90348417, -30.84846275, -35.27015023,
       -16.4531017 , -18.15647442, -24.09553981, -33.61469186,
       -61.75977935, -39.38087837, -19.09544704, -15.48377002,
       -33.98548495, -10.77598442, -24.99987581, -46.0946487 ,
       -34.31903582, -48.3837838 , -22.51168327, -49.31330784,
       -28.54172425, -47.79618242, -31.62289046, -61.58506369,
       -35.99631346, -29.41580638, -34.09299289, -40.11997605,
       -48.68262972, -23.08969774, -26.51689594, -40.1833117 ,
       -37.24332686, -24.41986792, -16.15313501, -33.48901169,
       -20.80002171, -52.87435752, -51.48106665, -41.56459656,
       -71.32270094, -23.92982208, -33.44156522, -15.03405615,
       -51.49129625, -48.28420172, -34.24159533, -44.3090687 ,
       -52.1641634 ]), 'explained_variance': array([-2.22044605e-16,  1.11022302e-16,  1.11022302e-16,  1.11022302e-16,
        2.22044605e-16,  0.00000000e+00,  0.00000000e+00,  0.00000000e+00,
        0.00000000e+00,  3.33066907e-16,  0.00000000e+00, -2.22044605e-16,
        0.00000000e+00,  0.00000000e+00,  2.22044605e-16,  0.00000000e+00,
        0.00000000e+00,  0.00000000e+00,  0.00000000e+00,  0.00000000e+00,
        0.00000000e+00, -2.22044605e-16, -2.22044605e-16, -2.22044605e-16,
        0.00000000e+00,  0.00000000e+00, -2.22044605e-16,  0.00000000e+00,
        0.00000000e+00,  0.00000000e+00, -2.22044605e-16,  0.00000000e+00,
        1.11022302e-16,  0.00000000e+00,  0.00000000e+00,  3.33066907e-16,
        0.00000000e+00,  0.00000000e+00, -2.22044605e-16,  2.22044605e-16,
        0.00000000e+00,  0.00000000e+00,  0.00000000e+00,  0.00000000e+00,
       -4.44089210e-16, -2.22044605e-16,  0.00000000e+00,  0.00000000e+00,
        1.11022302e-16,  0.00000000e+00, -2.22044605e-16, -2.22044605e-16,
        0.00000000e+00])}
         accs  y_pred (s)  y_true (s)
54     [1, 9]   14.836058      19.499
4    [31, 25]   22.487345      26.335
3    [31, 25]   22.487345      27.642
11   [31, 25]   22.487345      18.893
27   [29, 23]   21.794563      65.978
29   [29, 23]   21.794563      45.143
64     [1, 9]   14.836058      30.560
77   [14, 10]   17.070253      12.834
124  [23, 20]   19.231990      45.263
71     [1, 9]   14.836058       9.629
25   [29, 23]   21.794563      19.467
91     [7, 5]   16.095599      14.879
83   [14, 10]   17.070253      24.338
89   [14, 10]   17.070253      11.455
69     [1, 9]   14.836058       9.069
{'mse': 271.4292071416449, 'mae': 11.360894149707187, 'r2-score': -0.11018137999126987, 'max-error': 63.959156432222684, 'explained variance score': 0.09214972350402639, 'layers': ['conv1', 'fc']}
