environment: line 5: __conda_exe: command not found
Using device: cuda
Using model: resnet18
Number of videos: 64
Execution type : naive
Using 2 features
Job ID : 23
Plotting ?  yes
Calculate accumulators ?  no
The directory contains : 65 videos
Number of videos in the directory : 65
Number of videos in the dataframe : 64
['conv1', 'layer1', 'layer2', 'layer3', 'layer4', 'avgpool', 'fc']
{'conv1': {'T_max': 571.0571938157082, 'T_min': 326.0943303704262, 'tau': 100, 'alpha': 50}, 'layer1': {'T_max': 92.58804017305374, 'T_min': 60.81114938855171, 'tau': 100, 'alpha': 50}, 'layer2': {'T_max': 40.81974321231246, 'T_min': 25.665204532444477, 'tau': 100, 'alpha': 50}, 'layer3': {'T_max': 17.509853899478912, 'T_min': 10.225740537047386, 'tau': 100, 'alpha': 50}, 'layer4': {'T_max': 96.32052391767502, 'T_min': 56.401943013072014, 'tau': 100, 'alpha': 50}, 'avgpool': {'T_max': 6.396838169544935, 'T_min': 3.6541042742319405, 'tau': 100, 'alpha': 50}, 'fc': {'T_max': 21.314019925892353, 'T_min': 11.872331587597728, 'tau': 100, 'alpha': 50}}
Iterating over following combinations of layers :  [['conv1'], ['layer1'], ['layer2'], ['layer3'], ['layer4'], ['avgpool'], ['fc'], ['conv1', 'layer1'], ['conv1', 'layer2'], ['conv1', 'layer3'], ['conv1', 'layer4'], ['conv1', 'avgpool'], ['conv1', 'fc'], ['layer1', 'layer2'], ['layer1', 'layer3'], ['layer1', 'layer4'], ['layer1', 'avgpool'], ['layer1', 'fc'], ['layer2', 'layer3'], ['layer2', 'layer4'], ['layer2', 'avgpool'], ['layer2', 'fc'], ['layer3', 'layer4'], ['layer3', 'avgpool'], ['layer3', 'fc'], ['layer4', 'avgpool'], ['layer4', 'fc'], ['avgpool', 'fc']]
[['layer3', 'avgpool']]
Generating the training set for videos : 
TRAINING SET : contains 962 samples, 37 patients based on 56 videos
TEST SET : contains 127 samples, 37 patients based on 8 videos
Dataset constituted.
--------------------NAIVE IMPLEMENTATION-------------------
Number of folds : 53
Grid search.
The best parameters are : {'C': 10.0}
Metrics obtained during CV : 
{'r2': array([-1.17389247e-01, -2.17050547e-01, -3.66389802e-01, -4.28708574e-02,
       -1.84112999e-02, -1.38043403e-02, -6.50790313e-02, -8.44598406e-02,
       -2.05504260e-01, -2.25226243e-02, -8.32390027e-02, -4.45526849e-01,
       -4.08564601e-01, -2.10447908e-01, -3.37503112e-01, -6.71930264e-03,
       -3.74113806e-03, -1.23683070e+00, -3.39496394e-02, -1.14366373e-01,
       -6.54504370e-02, -8.61725345e-01, -2.52420040e-01, -3.16512904e-01,
       -2.35455699e-01, -1.23779934e-02, -3.31635824e-02, -1.79050002e-01,
       -1.93417346e-01, -4.74690768e-02, -1.00424978e-01, -2.17133476e-01,
       -4.66820931e-01, -1.74854171e-02, -3.10663752e-01, -6.61451572e-01,
       -2.47284121e-02, -8.41919978e-02, -8.78463225e-02, -4.60316539e-02,
       -2.36160648e-03, -3.51925165e-01, -7.99005716e-01, -1.73019119e-01,
       -1.99638582e-01, -2.39852095e-02, -2.20486455e-01, -2.17629003e-02,
       -2.34158743e-01, -7.17907674e-01, -5.25530159e-05, -2.33341486e-01,
       -4.84006955e-02]), 'neg_mean_absolute_error': array([ -8.2920337 , -11.76096044, -10.69450574, -10.97802672,
       -10.00992771,  -5.55552817,  -7.98549826,  -6.11399866,
        -7.71490596,  -7.69513085,  -7.73955059, -13.30016782,
       -15.01547439, -13.78797217,  -8.45950462,  -7.56862504,
       -13.58313177,  -6.95202954,  -8.65821652,  -9.56752879,
        -9.17311111, -14.80855346,  -8.674878  , -11.04056478,
        -9.90940258, -10.05575456,  -9.04478359, -15.23116036,
       -10.48122222, -10.25894444, -11.72294551, -11.3072816 ,
       -12.6088315 ,  -8.79018879, -11.87131909, -12.86496603,
        -9.44361111,  -6.65914958,  -6.5950812 ,  -7.32106947,
        -6.89620441, -12.85192609, -15.20507612,  -9.10688453,
       -20.14533666,  -7.89534135,  -9.73972205,  -5.44365498,
        -9.13019882, -17.87795953,  -8.11051325, -14.35800714,
       -10.20277594]), 'neg_mean_squared_error': array([-124.61946333, -232.28925491, -129.8022954 , -183.57274246,
       -130.32683151,  -46.78660996, -135.76111852, -100.7163342 ,
        -78.66028982,  -79.48826546, -100.91702535, -298.12535613,
       -425.29734965, -308.58371391,  -97.4886953 ,  -82.27913735,
       -251.206719  ,  -63.00788961,  -98.98589784, -205.82928098,
       -154.06396615, -403.73354013, -135.79229102, -257.45392605,
       -140.60879862, -244.80462723, -143.61272092, -459.46696071,
       -224.82515028, -153.2223879 , -215.84874751, -225.42235626,
       -318.65189873, -118.12365485, -186.14674711, -315.45676766,
       -168.29967118,  -80.5128716 ,  -69.48618698, -112.34869752,
        -80.74536953, -307.18788742, -440.64270165, -182.11007721,
       -706.06300127, -104.94594756, -160.30905925,  -44.5406287 ,
       -218.04116159, -534.12065671, -118.88130554, -373.84857317,
       -244.69112359]), 'max_error': array([-35.49522398, -37.35504966, -18.20495657, -33.13349226,
       -23.12019621, -15.09699498, -31.26453314, -35.27997448,
       -15.13624591, -17.59717131, -24.78215372, -32.90474124,
       -62.40257335, -39.05689423, -18.41957017, -16.57162524,
       -30.31116547, -12.06923741, -24.2910513 , -46.11675909,
       -33.6747148 , -49.00739623, -26.28020102, -48.70054152,
       -28.07997946, -44.80690298, -28.01894767, -57.97144327,
       -35.53323291, -29.75703716, -32.3810096 , -37.06717813,
       -47.83674587, -24.71946017, -26.42943592, -49.96179858,
       -37.25111317, -25.79215375, -17.2523173 , -34.49512526,
       -21.09755344, -51.16894495, -52.59093702, -43.36115359,
       -68.37951497, -25.17080288, -33.30585497, -15.76228843,
       -50.96548286, -48.24259022, -32.6327252 , -44.34055713,
       -51.55889625]), 'explained_variance': array([-4.44089210e-16,  0.00000000e+00,  1.11022302e-16,  3.33066907e-16,
        0.00000000e+00,  0.00000000e+00,  0.00000000e+00, -2.22044605e-16,
        0.00000000e+00,  3.33066907e-16,  1.11022302e-16, -2.22044605e-16,
        0.00000000e+00,  0.00000000e+00,  2.22044605e-16,  0.00000000e+00,
        0.00000000e+00,  0.00000000e+00,  0.00000000e+00,  0.00000000e+00,
        2.22044605e-16, -2.22044605e-16, -2.22044605e-16, -2.22044605e-16,
        0.00000000e+00, -2.22044605e-16,  0.00000000e+00,  1.11022302e-16,
        0.00000000e+00, -2.22044605e-16,  0.00000000e+00,  0.00000000e+00,
        1.11022302e-16,  0.00000000e+00,  0.00000000e+00,  3.33066907e-16,
        0.00000000e+00,  0.00000000e+00, -2.22044605e-16,  2.22044605e-16,
        0.00000000e+00,  0.00000000e+00,  0.00000000e+00,  0.00000000e+00,
       -2.22044605e-16, -2.22044605e-16,  0.00000000e+00,  0.00000000e+00,
        0.00000000e+00, -2.22044605e-16,  0.00000000e+00,  0.00000000e+00,
        0.00000000e+00])}
         accs  y_pred (s)  y_true (s)
54     [9, 8]   17.078602      19.499
4    [42, 26]   23.294202      26.335
3    [42, 26]   23.294202      27.642
11   [42, 26]   23.294202      18.893
27   [28, 21]   18.042803      65.978
29   [28, 21]   18.042803      45.143
64     [9, 8]   17.078602      30.560
77   [15, 12]   17.472071      12.834
124  [25, 22]   18.978455      45.263
71     [9, 8]   17.078602       9.629
25   [28, 21]   18.042803      19.467
91     [5, 4]   15.595172      14.879
83   [15, 12]   17.472071      24.338
89   [15, 12]   17.472071      11.455
69     [9, 8]   17.078602       9.069
{'mse': 282.9839218080099, 'mae': 11.511880831346495, 'r2-score': -0.15744169220599868, 'max-error': 63.903087731273594, 'explained variance score': 0.05469007529283465, 'layers': ['layer3', 'avgpool']}
