environment: line 5: __conda_exe: command not found
Using device: cuda
Using model: resnet18
Number of videos: 64
Execution type : naive
Using 2 features
Job ID : 10
Plotting ?  yes
Calculate accumulators ?  no
The directory contains : 65 videos
Number of videos in the directory : 65
Number of videos in the dataframe : 64
['conv1', 'layer1', 'layer2', 'layer3', 'layer4', 'avgpool', 'fc']
{'conv1': {'T_max': 571.0571938157082, 'T_min': 326.0943303704262, 'tau': 100, 'alpha': 50}, 'layer1': {'T_max': 92.58804017305374, 'T_min': 60.81114938855171, 'tau': 100, 'alpha': 50}, 'layer2': {'T_max': 40.81974321231246, 'T_min': 25.665204532444477, 'tau': 100, 'alpha': 50}, 'layer3': {'T_max': 17.509853899478912, 'T_min': 10.225740537047386, 'tau': 100, 'alpha': 50}, 'layer4': {'T_max': 96.32052391767502, 'T_min': 56.401943013072014, 'tau': 100, 'alpha': 50}, 'avgpool': {'T_max': 6.396838169544935, 'T_min': 3.6541042742319405, 'tau': 100, 'alpha': 50}, 'fc': {'T_max': 21.314019925892353, 'T_min': 11.872331587597728, 'tau': 100, 'alpha': 50}}
Iterating over following combinations of layers :  [['conv1'], ['layer1'], ['layer2'], ['layer3'], ['layer4'], ['avgpool'], ['fc'], ['conv1', 'layer1'], ['conv1', 'layer2'], ['conv1', 'layer3'], ['conv1', 'layer4'], ['conv1', 'avgpool'], ['conv1', 'fc'], ['layer1', 'layer2'], ['layer1', 'layer3'], ['layer1', 'layer4'], ['layer1', 'avgpool'], ['layer1', 'fc'], ['layer2', 'layer3'], ['layer2', 'layer4'], ['layer2', 'avgpool'], ['layer2', 'fc'], ['layer3', 'layer4'], ['layer3', 'avgpool'], ['layer3', 'fc'], ['layer4', 'avgpool'], ['layer4', 'fc'], ['avgpool', 'fc']]
[['conv1', 'layer4']]
Generating the training set for videos : 
TRAINING SET : contains 962 samples, 37 patients based on 56 videos
TEST SET : contains 127 samples, 37 patients based on 8 videos
Dataset constituted.
--------------------NAIVE IMPLEMENTATION-------------------
Number of folds : 53
Grid search.
The best parameters are : {'C': 1}
Metrics obtained during CV : 
{'r2': array([-1.39329669e-01, -4.57193382e-02, -8.07175002e-02, -8.17096570e-02,
       -5.49267328e-02, -3.43383096e-02, -4.75971577e-02, -7.87673531e-02,
       -6.72864541e-02, -2.40800755e-03, -4.46852362e-02, -5.74427450e-01,
       -3.48158059e-01, -2.34703109e-01, -2.58891261e-01, -1.78157508e-02,
       -3.10762353e-02, -7.40839699e-01, -6.49036159e-02, -1.17619915e-01,
       -9.95159109e-02, -7.51616530e-01, -2.71548285e-02, -3.48046205e-01,
       -8.82812859e-02, -8.73277613e-02, -6.18068305e-02, -3.46711964e-01,
       -2.21198011e-01, -4.71330383e-02, -9.35905840e-02, -4.78044794e-01,
       -5.50516583e-01, -8.31394453e-02, -3.56478210e-01, -5.37202492e-02,
       -5.40512583e-02, -2.18330862e-02, -4.58888437e-01, -1.23577893e-02,
       -8.91481822e-07, -5.56243336e-01, -6.65148038e-01, -6.39340137e-02,
       -3.14556206e-01, -7.94107232e-07, -2.02057736e-01, -9.82953075e-02,
       -2.72141175e-01, -7.08155012e-01, -2.42610212e-02, -2.05399207e-01,
       -6.76511593e-02]), 'neg_mean_absolute_error': array([ -8.54755494, -11.20552879,  -9.21161526, -11.71012589,
       -10.42118399,  -5.73922146,  -8.04192134,  -6.10894453,
        -7.15155829,  -7.55451929,  -7.62201458, -13.80036607,
       -14.70088088, -13.89602282,  -8.03812343,  -7.49510566,
       -13.29933686,  -6.09495079,  -8.5815633 ,  -9.57474182,
        -9.17311111, -14.30677236,  -8.26965567, -11.12558743,
        -8.76369628,  -9.50359541,  -8.67535482, -16.26913162,
       -10.48122222, -10.25894444, -11.70586951, -12.44237986,
       -12.99352152,  -9.72463288, -11.99924038, -10.49816667,
        -9.44361111,  -6.79549545,  -8.51382123,  -7.20202105,
        -7.07656081, -13.79460427, -14.5242368 ,  -8.68071064,
       -20.95630664,  -7.82188455,  -9.68788528,  -5.63706503,
        -9.33692852, -17.82405134,  -8.21505929, -14.29305707,
       -10.04963369]), 'neg_mean_squared_error': array([-127.06642043, -199.58855985, -102.66441687, -190.40939429,
       -134.9997379 ,  -47.73424332, -133.53277805, -100.1876595 ,
        -69.64144766,  -77.92460715,  -97.3252682 , -324.70980714,
       -407.05839762, -314.76717701,  -91.75878955,  -83.18604971,
       -258.04788534,  -49.03662826, -101.94929861, -206.43022715,
       -158.98982834, -379.8553555 , -111.36815361, -263.62049832,
       -123.85868979, -262.928342  , -147.59421511, -524.80357223,
       -230.05868582, -153.17323264, -214.5081787 , -273.74511231,
       -336.83392612, -125.74567443, -192.65353597, -200.06793426,
       -173.11560613,  -75.88205432,  -93.18650309, -108.73196678,
        -80.55520183, -353.61358387, -407.85603053, -165.17472068,
       -773.69927408, -102.48783862, -157.88847468,  -47.87682493,
       -224.75158976, -531.08842253, -121.75908861, -365.37875262,
       -249.18407903]), 'max_error': array([-35.17156374, -33.87268237, -15.07441   , -26.59392161,
       -22.00392917, -14.63631025, -30.84749821, -35.18394599,
       -16.45827849, -18.48771119, -24.03775899, -34.20343948,
       -61.54867668, -39.46748671, -19.03543498, -16.1060025 ,
       -34.06759971, -10.734915  , -24.98093027, -46.1816764 ,
       -34.39174672, -48.10419025, -22.76459896, -49.08314344,
       -30.0868467 , -47.67214135, -33.0970967 , -61.24206153,
       -35.9521956 , -29.74769355, -32.22732559, -40.13510468,
       -48.70229842, -23.03746081, -26.90238781, -41.94887381,
       -38.2153111 , -24.56504094, -17.16489851, -33.42368942,
       -20.66986317, -53.46898768, -51.36542624, -41.32889574,
       -71.14625326, -23.61196261, -33.0760497 , -14.66629815,
       -51.46754068, -48.14076363, -34.41000801, -43.8209566 ,
       -52.17146523]), 'explained_variance': array([-4.44089210e-16,  0.00000000e+00,  1.11022302e-16,  0.00000000e+00,
        0.00000000e+00,  0.00000000e+00,  0.00000000e+00,  0.00000000e+00,
        0.00000000e+00,  3.33066907e-16,  0.00000000e+00, -2.22044605e-16,
        0.00000000e+00,  0.00000000e+00,  2.22044605e-16,  0.00000000e+00,
        2.22044605e-16,  0.00000000e+00,  0.00000000e+00,  0.00000000e+00,
        2.22044605e-16,  1.11022302e-16, -2.22044605e-16, -2.22044605e-16,
        0.00000000e+00,  0.00000000e+00,  0.00000000e+00,  0.00000000e+00,
        0.00000000e+00,  0.00000000e+00, -2.22044605e-16,  0.00000000e+00,
        1.11022302e-16,  0.00000000e+00,  0.00000000e+00,  3.33066907e-16,
        0.00000000e+00,  0.00000000e+00,  0.00000000e+00,  2.22044605e-16,
        0.00000000e+00,  0.00000000e+00,  0.00000000e+00,  0.00000000e+00,
       -2.22044605e-16, -2.22044605e-16,  0.00000000e+00,  0.00000000e+00,
        0.00000000e+00,  0.00000000e+00, -2.22044605e-16, -2.22044605e-16,
       -2.22044605e-16])}
         accs  y_pred (s)  y_true (s)
54     [1, 9]   14.432067      19.499
4    [31, 33]   21.971367      26.335
3    [31, 33]   21.971367      27.642
11   [31, 33]   21.971367      18.893
27   [29, 22]   20.380502      65.978
29   [29, 22]   20.380502      45.143
64     [1, 9]   14.432067      30.560
77   [14, 10]   17.215483      12.834
124  [23, 22]   18.945970      45.263
71     [1, 9]   14.432067       9.629
25   [29, 22]   20.380502      19.467
91     [7, 5]   16.142156      14.879
83   [14, 10]   17.215483      24.338
89   [14, 10]   17.215483      11.455
69     [1, 9]   14.432067       9.069
{'mse': 278.8950236310926, 'mae': 11.453999371349488, 'r2-score': -0.1407175575098938, 'max-error': 64.14246562705779, 'explained variance score': 0.08398800920346461, 'layers': ['conv1', 'layer4']}
