environment: line 5: __conda_exe: command not found
Using device: cuda
Using model: resnet18
Number of videos: 64
Execution type : naive
Using 2 features
Job ID : 8
Plotting ?  yes
Calculate accumulators ?  no
The directory contains : 65 videos
Number of videos in the directory : 65
Number of videos in the dataframe : 64
['conv1', 'layer1', 'layer2', 'layer3', 'layer4', 'avgpool', 'fc']
{'conv1': {'T_max': 571.0571938157082, 'T_min': 326.0943303704262, 'tau': 100, 'alpha': 50}, 'layer1': {'T_max': 92.58804017305374, 'T_min': 60.81114938855171, 'tau': 100, 'alpha': 50}, 'layer2': {'T_max': 40.81974321231246, 'T_min': 25.665204532444477, 'tau': 100, 'alpha': 50}, 'layer3': {'T_max': 17.509853899478912, 'T_min': 10.225740537047386, 'tau': 100, 'alpha': 50}, 'layer4': {'T_max': 96.32052391767502, 'T_min': 56.401943013072014, 'tau': 100, 'alpha': 50}, 'avgpool': {'T_max': 6.396838169544935, 'T_min': 3.6541042742319405, 'tau': 100, 'alpha': 50}, 'fc': {'T_max': 21.314019925892353, 'T_min': 11.872331587597728, 'tau': 100, 'alpha': 50}}
Iterating over following combinations of layers :  [['conv1'], ['layer1'], ['layer2'], ['layer3'], ['layer4'], ['avgpool'], ['fc'], ['conv1', 'layer1'], ['conv1', 'layer2'], ['conv1', 'layer3'], ['conv1', 'layer4'], ['conv1', 'avgpool'], ['conv1', 'fc'], ['layer1', 'layer2'], ['layer1', 'layer3'], ['layer1', 'layer4'], ['layer1', 'avgpool'], ['layer1', 'fc'], ['layer2', 'layer3'], ['layer2', 'layer4'], ['layer2', 'avgpool'], ['layer2', 'fc'], ['layer3', 'layer4'], ['layer3', 'avgpool'], ['layer3', 'fc'], ['layer4', 'avgpool'], ['layer4', 'fc'], ['avgpool', 'fc']]
[['conv1', 'layer2']]
Generating the training set for videos : 
TRAINING SET : contains 962 samples, 37 patients based on 56 videos
TEST SET : contains 127 samples, 37 patients based on 8 videos
Dataset constituted.
--------------------NAIVE IMPLEMENTATION-------------------
Number of folds : 53
Grid search.
The best parameters are : {'C': 1}
Metrics obtained during CV : 
{'r2': array([-2.39729518e-01, -3.29691922e-02, -2.04193589e-02, -9.47372657e-02,
       -2.51903664e-03, -3.36196721e-02, -6.95482431e-02, -6.67110061e-02,
       -1.13737660e-01, -1.69418989e-02, -9.50985592e-02, -5.46553266e-01,
       -2.39634958e-01, -2.12595706e-01, -3.80608793e-01, -7.07414486e-02,
       -9.01857627e-03, -6.32990223e-01, -9.72964977e-02, -5.48054025e-02,
       -3.98891177e-02, -7.83572961e-01, -1.57503041e-02, -1.50599380e-01,
       -1.09904833e-01, -4.29482674e-02, -1.06417139e-02, -5.04819556e-01,
       -1.70977847e-01, -7.33614938e-03, -3.32074886e-01, -4.59322066e-01,
       -5.82482325e-01, -5.66503713e-02, -2.64553128e-01, -3.41516977e-01,
       -5.94013165e-02, -4.68227611e-02, -1.99753990e-01, -4.08107114e-02,
       -9.44509238e-07, -4.97059205e-01, -7.35439335e-01, -1.01635603e-01,
       -3.64340158e-01, -7.39233983e-04, -1.81887293e-01, -1.13943145e-01,
       -3.61117817e-01, -6.95041600e-01, -1.44947780e-03, -1.91700353e-01,
       -7.50887450e-02]), 'neg_mean_absolute_error': array([ -9.51763064, -11.15032558,  -8.70586091, -10.9076801 ,
        -9.43122946,  -5.73294878,  -7.98530457,  -6.09759795,
        -7.31705514,  -7.6674073 ,  -7.76983089, -13.68013191,
       -14.05734614, -13.79778325,  -8.66970757,  -7.50981552,
       -13.36704481,  -5.91452552,  -9.34061892,  -9.52688889,
        -9.17311111, -14.45598407,  -8.34249647, -10.69888592,
        -8.9675622 ,  -9.65611449,  -8.67108494, -17.21730266,
       -10.48122222, -10.25894444, -12.51092109, -12.35966798,
       -13.1326402 ,  -9.42338644, -11.75737562, -11.46314196,
        -9.44361111,  -6.72978685,  -7.2858244 ,  -7.30663724,
        -7.07645042, -13.51464597, -14.88951423,  -8.77201625,
       -21.3020393 ,  -7.83860639,  -9.67236214,  -5.67499508,
        -9.77072191, -17.7509779 ,  -8.13958019, -14.25959904,
        -9.99645015]), 'neg_mean_squared_error': array([-138.26374979, -197.15503569,  -96.93630243, -192.70259661,
       -128.29308708,  -47.70107853, -136.33079004,  -99.06795823,
        -72.67243263,  -79.05443429, -102.02188878, -318.96103735,
       -374.29129038, -309.13125962, -100.63060698,  -87.51166535,
       -252.52750569,  -45.99868361, -105.05045399, -194.82805912,
       -150.36780339, -386.78542344, -110.13163037, -225.00829786,
       -126.31969346, -252.19687062, -140.48211617, -586.41691762,
       -220.59782469, -147.35179648, -261.28695856, -270.27752095,
       -343.77815788, -122.67045961, -179.59789522, -254.711372  ,
       -173.9942907 ,  -77.73780541,  -76.63428958, -111.78794384,
        -80.5552061 , -340.16561462, -425.07295576, -171.02785572,
       -803.00027146, -102.56351966, -155.23911735,  -48.55894456,
       -240.47126157, -527.01128594, -119.04736506, -361.22637694,
       -250.91997183]), 'max_error': array([-33.9428012 , -33.42718594, -16.24892855, -34.47007804,
       -25.22292805, -14.64955258, -31.36178682, -34.96836097,
       -15.82939048, -17.77275376, -24.97392899, -33.93607233,
       -59.80193953, -39.09417636, -18.11235048, -15.40183162,
       -32.78114858, -10.38933166, -19.43621488, -44.70230833,
       -32.99999113, -48.37277133, -22.3555159 , -46.25997328,
       -29.71988804, -46.29946958, -31.38223557, -63.64418099,
       -35.17228523, -28.15786056, -36.01344746, -39.94900295,
       -49.01531546, -23.5797044 , -25.91669029, -46.80769441,
       -38.35928852, -25.15641835, -16.04909674, -34.36523512,
       -20.67011156, -52.85407843, -52.02292561, -42.15064624,
       -72.18345124, -23.32769141, -32.81215635, -14.50761672,
       -52.52103892, -48.00273603, -33.1268632 , -43.55329234,
       -52.38419941]), 'explained_variance': array([ 0.00000000e+00,  0.00000000e+00,  1.11022302e-16,  0.00000000e+00,
        0.00000000e+00,  0.00000000e+00,  0.00000000e+00,  0.00000000e+00,
        0.00000000e+00,  3.33066907e-16,  1.11022302e-16,  0.00000000e+00,
        0.00000000e+00,  1.11022302e-16,  2.22044605e-16,  0.00000000e+00,
        0.00000000e+00,  0.00000000e+00,  0.00000000e+00,  0.00000000e+00,
        0.00000000e+00, -2.22044605e-16, -2.22044605e-16, -2.22044605e-16,
        0.00000000e+00,  0.00000000e+00,  0.00000000e+00,  0.00000000e+00,
        0.00000000e+00, -2.22044605e-16,  0.00000000e+00,  0.00000000e+00,
        1.11022302e-16,  0.00000000e+00,  0.00000000e+00,  3.33066907e-16,
       -2.22044605e-16,  0.00000000e+00, -2.22044605e-16,  0.00000000e+00,
        0.00000000e+00,  0.00000000e+00, -2.22044605e-16,  0.00000000e+00,
        0.00000000e+00, -2.22044605e-16, -2.22044605e-16,  0.00000000e+00,
        0.00000000e+00,  0.00000000e+00,  2.22044605e-16,  0.00000000e+00,
        0.00000000e+00])}
         accs  y_pred (s)  y_true (s)
54    [1, 11]   15.475004      19.499
4    [31, 42]   23.027897      26.335
3    [31, 42]   23.027897      27.642
11   [31, 42]   23.027897      18.893
27   [29, 29]   18.500056      65.978
29   [29, 29]   18.500056      45.143
64    [1, 11]   15.475004      30.560
77   [14, 15]   17.973189      12.834
124  [23, 26]   18.284029      45.263
71    [1, 11]   15.475004       9.629
25   [29, 29]   18.500056      19.467
91     [7, 3]   15.368659      14.879
83   [14, 15]   17.973189      24.338
89   [14, 15]   17.973189      11.455
69    [1, 11]   15.475004       9.069
{'mse': 285.99930290162916, 'mae': 11.568335047423393, 'r2-score': -0.1697749999548841, 'max-error': 64.35221436987123, 'explained variance score': 0.061153408175470325, 'layers': ['conv1', 'layer2']}
