environment: line 5: __conda_exe: command not found
Using device: cuda
Using model: resnet18
Number of videos: 64
Execution type : naive
Using 2 features
Job ID : 27
Plotting ?  yes
Calculate accumulators ?  no
The directory contains : 65 videos
Number of videos in the directory : 65
Number of videos in the dataframe : 64
['conv1', 'layer1', 'layer2', 'layer3', 'layer4', 'avgpool', 'fc']
{'conv1': {'T_max': 571.0571938157082, 'T_min': 326.0943303704262, 'tau': 100, 'alpha': 50}, 'layer1': {'T_max': 92.58804017305374, 'T_min': 60.81114938855171, 'tau': 100, 'alpha': 50}, 'layer2': {'T_max': 40.81974321231246, 'T_min': 25.665204532444477, 'tau': 100, 'alpha': 50}, 'layer3': {'T_max': 17.509853899478912, 'T_min': 10.225740537047386, 'tau': 100, 'alpha': 50}, 'layer4': {'T_max': 96.32052391767502, 'T_min': 56.401943013072014, 'tau': 100, 'alpha': 50}, 'avgpool': {'T_max': 6.396838169544935, 'T_min': 3.6541042742319405, 'tau': 100, 'alpha': 50}, 'fc': {'T_max': 21.314019925892353, 'T_min': 11.872331587597728, 'tau': 100, 'alpha': 50}}
Iterating over following combinations of layers :  [['conv1'], ['layer1'], ['layer2'], ['layer3'], ['layer4'], ['avgpool'], ['fc'], ['conv1', 'layer1'], ['conv1', 'layer2'], ['conv1', 'layer3'], ['conv1', 'layer4'], ['conv1', 'avgpool'], ['conv1', 'fc'], ['layer1', 'layer2'], ['layer1', 'layer3'], ['layer1', 'layer4'], ['layer1', 'avgpool'], ['layer1', 'fc'], ['layer2', 'layer3'], ['layer2', 'layer4'], ['layer2', 'avgpool'], ['layer2', 'fc'], ['layer3', 'layer4'], ['layer3', 'avgpool'], ['layer3', 'fc'], ['layer4', 'avgpool'], ['layer4', 'fc'], ['avgpool', 'fc']]
[['avgpool', 'fc']]
Generating the training set for videos : 
TRAINING SET : contains 962 samples, 37 patients based on 56 videos
TEST SET : contains 127 samples, 37 patients based on 8 videos
Dataset constituted.
--------------------NAIVE IMPLEMENTATION-------------------
Number of folds : 53
Grid search.
The best parameters are : {'C': 1}
Metrics obtained during CV : 
{'r2': array([-1.37920893e-01, -1.42159343e-01, -7.94841464e-02, -8.21849123e-03,
       -6.06009606e-02, -4.14331319e-02, -6.86969887e-02, -5.41194569e-02,
       -4.78845133e-02, -2.58058840e-04, -1.63630978e-01, -4.47282223e-01,
       -3.66482788e-01, -1.52899769e-01, -2.68329648e-01, -6.54158675e-03,
       -1.27670868e-03, -9.26812626e-01, -1.88474377e-02, -8.56239749e-02,
       -6.54155748e-02, -7.96251174e-01, -5.50422708e-02, -2.64001302e-01,
       -1.42663117e-01, -6.50757809e-02, -1.42836419e-03, -3.14304181e-01,
       -1.90496943e-01, -3.61558275e-02, -2.13654178e-01, -2.87147310e-01,
       -4.99425774e-01, -1.29922943e-02, -4.31749516e-01, -6.74759144e-03,
       -1.14020576e-02, -6.30982314e-02, -1.20479223e-02, -8.34210805e-02,
       -1.78128171e-04, -2.38676301e-01, -8.32798124e-01, -1.80246439e-01,
       -4.14750677e-01, -1.27679984e-03, -1.67633455e-01, -1.29898090e-01,
       -2.91127302e-01, -6.80177048e-01, -5.66367065e-03, -1.58265750e-01,
       -4.41505448e-02]), 'neg_mean_absolute_error': array([ -8.53178172, -11.5615696 ,  -9.20155556, -11.29163505,
       -10.47039696,  -5.79793306,  -7.98434259,  -6.08458854,
        -7.06531492,  -7.5085686 ,  -7.91633809, -13.30711817,
       -14.79901425, -13.50342142,  -8.09181714,  -7.57018277,
       -13.51960111,  -6.40833727,  -8.70927871,  -9.52688889,
        -9.17311111, -14.51433655,  -8.27423895, -10.89425931,
        -9.24131353,  -9.57342166,  -8.85573176, -16.08360823,
       -10.48122222, -10.25894444, -12.08514167, -11.62430759,
       -12.7624955 ,  -8.68095336, -12.2376623 , -10.49816667,
        -9.44361111,  -6.69645838,  -5.99071173,  -7.40660067,
        -7.13356622, -12.32590857, -15.36772384,  -9.14259763,
       -21.62878887,  -7.82439305,  -9.66086647,  -5.71938494,
        -9.43484554, -17.66730773,  -8.16342909, -14.17252643,
       -10.24051562]), 'neg_mean_squared_error': array([-126.9093034 , -217.99533598, -102.54725253, -177.47301319,
       -135.72587294,  -48.06166614, -136.22228425,  -97.89855146,
        -68.37545273,  -77.75747569, -108.40652579, -298.48738451,
       -412.59130574, -293.91276588,  -92.44674013,  -82.26461263,
       -250.58994522,  -54.27518373,  -97.54007791, -200.52041017,
       -154.05892509, -389.5348192 , -114.39181945, -247.18489016,
       -130.04795582, -257.54755754, -139.20143397, -512.17450174,
       -224.27498232, -151.56750078, -238.05869492, -238.38944957,
       -325.73496858, -117.60203157, -203.34392748, -191.14932175,
       -166.11097313,  -78.94643346,  -64.64456395, -116.364497  ,
        -80.56947915, -281.45519139, -448.91970588, -183.23211163,
       -832.6700429 , -102.61861358, -153.3668972 ,  -49.25445159,
       -228.10590471, -522.38969641, -119.54832748, -351.09173153,
       -243.69916111]), 'max_error': array([-35.19154316, -36.12760744, -15.05317285, -29.1836447 ,
       -21.87035111, -14.51236354, -31.34350927, -34.72118224,
       -16.78600332, -18.77873217, -25.90180788, -32.92360647,
       -61.81503869, -37.97560139, -18.95695957, -16.58149088,
       -30.71352633, -11.27621892, -23.83149164, -45.49749891,
       -33.67389537, -48.47780578, -23.49165055, -48.01833381,
       -29.22713565, -47.04370506, -29.72041415, -60.68549135,
       -35.48748829, -29.42168932, -34.41638751, -38.01825612,
       -48.18248987, -24.91608395, -27.61765357, -39.88704689,
       -36.6042831 , -25.45637455, -18.74386481, -35.26490606,
       -20.541601  , -49.59089236, -52.88370291, -43.46829289,
       -73.16369995, -23.9646819 , -32.61672995, -14.35669122,
       -51.70533917, -47.84469237, -33.53229452, -42.85671143,
       -51.40793752]), 'explained_variance': array([-4.44089210e-16,  0.00000000e+00,  1.11022302e-16,  1.11022302e-16,
        0.00000000e+00,  0.00000000e+00,  0.00000000e+00, -2.22044605e-16,
        0.00000000e+00,  3.33066907e-16,  0.00000000e+00,  0.00000000e+00,
       -2.22044605e-16,  0.00000000e+00,  2.22044605e-16,  0.00000000e+00,
        2.22044605e-16,  0.00000000e+00,  0.00000000e+00,  0.00000000e+00,
        0.00000000e+00, -2.22044605e-16, -2.22044605e-16, -2.22044605e-16,
        0.00000000e+00,  0.00000000e+00,  0.00000000e+00,  0.00000000e+00,
        0.00000000e+00, -2.22044605e-16, -2.22044605e-16, -2.22044605e-16,
        2.22044605e-16,  0.00000000e+00,  0.00000000e+00,  3.33066907e-16,
       -2.22044605e-16,  0.00000000e+00,  0.00000000e+00,  2.22044605e-16,
        0.00000000e+00,  0.00000000e+00,  0.00000000e+00,  0.00000000e+00,
       -2.22044605e-16, -2.22044605e-16,  0.00000000e+00,  0.00000000e+00,
        0.00000000e+00,  0.00000000e+00,  0.00000000e+00, -2.22044605e-16,
        0.00000000e+00])}
         accs  y_pred (s)  y_true (s)
54     [8, 9]   15.975432      19.499
4    [26, 25]   20.979771      26.335
3    [26, 25]   20.979771      27.642
11   [26, 25]   20.979771      18.893
27   [21, 23]   18.554331      65.978
29   [21, 23]   18.554331      45.143
64     [8, 9]   15.975432      30.560
77   [12, 10]   16.951132      12.834
124  [22, 20]   18.202411      45.263
71     [8, 9]   15.975432       9.629
25   [21, 23]   18.554331      19.467
91     [4, 5]   14.454157      14.879
83   [12, 10]   16.951132      24.338
89   [12, 10]   16.951132      11.455
69     [8, 9]   15.975432       9.069
{'mse': 297.82859772051506, 'mae': 11.788129249646802, 'r2-score': -0.21815838133322263, 'max-error': 65.60683962956874, 'explained variance score': 0.05600745031285714, 'layers': ['avgpool', 'fc']}
