environment: line 5: __conda_exe: command not found
Using device: cuda
Using model: resnet18
Number of videos: 64
Execution type : naive
Using 2 features
Job ID : 15
Plotting ?  yes
Calculate accumulators ?  no
The directory contains : 65 videos
Number of videos in the directory : 65
Number of videos in the dataframe : 64
['conv1', 'layer1', 'layer2', 'layer3', 'layer4', 'avgpool', 'fc']
{'conv1': {'T_max': 571.0571938157082, 'T_min': 326.0943303704262, 'tau': 100, 'alpha': 50}, 'layer1': {'T_max': 92.58804017305374, 'T_min': 60.81114938855171, 'tau': 100, 'alpha': 50}, 'layer2': {'T_max': 40.81974321231246, 'T_min': 25.665204532444477, 'tau': 100, 'alpha': 50}, 'layer3': {'T_max': 17.509853899478912, 'T_min': 10.225740537047386, 'tau': 100, 'alpha': 50}, 'layer4': {'T_max': 96.32052391767502, 'T_min': 56.401943013072014, 'tau': 100, 'alpha': 50}, 'avgpool': {'T_max': 6.396838169544935, 'T_min': 3.6541042742319405, 'tau': 100, 'alpha': 50}, 'fc': {'T_max': 21.314019925892353, 'T_min': 11.872331587597728, 'tau': 100, 'alpha': 50}}
Iterating over following combinations of layers :  [['conv1'], ['layer1'], ['layer2'], ['layer3'], ['layer4'], ['avgpool'], ['fc'], ['conv1', 'layer1'], ['conv1', 'layer2'], ['conv1', 'layer3'], ['conv1', 'layer4'], ['conv1', 'avgpool'], ['conv1', 'fc'], ['layer1', 'layer2'], ['layer1', 'layer3'], ['layer1', 'layer4'], ['layer1', 'avgpool'], ['layer1', 'fc'], ['layer2', 'layer3'], ['layer2', 'layer4'], ['layer2', 'avgpool'], ['layer2', 'fc'], ['layer3', 'layer4'], ['layer3', 'avgpool'], ['layer3', 'fc'], ['layer4', 'avgpool'], ['layer4', 'fc'], ['avgpool', 'fc']]
[['layer1', 'layer4']]
Generating the training set for videos : 
TRAINING SET : contains 962 samples, 37 patients based on 56 videos
TEST SET : contains 127 samples, 37 patients based on 8 videos
Dataset constituted.
--------------------NAIVE IMPLEMENTATION-------------------
Number of folds : 53
Grid search.
The best parameters are : {'C': 1}
Metrics obtained during CV : 
{'r2': array([-1.91448161e-01, -6.25888898e-02, -9.57414336e-02, -2.80649372e-04,
       -1.29054238e-01, -4.77877960e-02, -8.86330388e-02, -5.44388128e-02,
       -1.99140467e-01, -1.63493562e-02, -1.55423243e-01, -3.91240730e-01,
       -3.37122164e-01, -2.01202154e-01, -1.41990779e-01, -1.08169278e-02,
       -1.58350857e-03, -8.18299253e-01, -1.40555199e-02, -1.61964380e-01,
       -3.67344828e-02, -7.13922147e-01, -2.26466128e-02, -2.55998429e-01,
       -1.01311056e-01, -2.47825703e-02, -1.53565615e-03, -4.55418899e-01,
       -1.37372940e-01, -3.11683651e-02, -1.20991613e-01, -4.19997498e-01,
       -7.20826163e-01, -1.92751284e-02, -3.52196189e-01, -3.98680270e-01,
       -3.10569133e-02, -3.68210729e-02, -1.45422674e-01, -4.34425992e-02,
       -4.01114373e-04, -5.03176612e-01, -6.73527010e-01, -1.18127408e-01,
       -4.02628774e-01, -4.57834177e-02, -1.64490398e-01, -1.15247361e-01,
       -2.40807781e-01, -6.60508485e-01, -1.02253459e-04, -2.37314909e-01,
       -6.08559987e-02]), 'neg_mean_absolute_error': array([ -9.08347185, -11.2848364 ,  -9.3284802 , -11.13681745,
       -10.94163644,  -5.84637179,  -8.01251111,  -6.08493617,
        -7.68783773,  -7.66421033,  -7.9006778 , -13.07802564,
       -14.64053121, -13.74515475,  -7.45462069,  -7.53717407,
       -13.4129833 ,  -6.22977618,  -8.72964125,  -9.73726404,
        -9.17311111, -14.14263728,  -8.28619946, -10.88206557,
        -8.88918028,  -9.82587009,  -8.85755756, -16.90444232,
       -10.48122222, -10.25894444, -11.77109205, -12.18026439,
       -13.69475196,  -8.82971068, -11.98495232, -11.75107836,
        -9.44361111,  -6.75324311,  -6.9445857 ,  -7.31402105,
        -7.16021822, -13.5436225 , -14.56876086,  -8.82334756,
       -21.55211786,  -7.93053524,  -9.65826657,  -5.67873586,
        -9.16753723, -17.5551784 ,  -8.12164801, -14.36692002,
       -10.10084413]), 'neg_mean_squared_error': array([-132.87905781, -202.80832388, -104.09163848, -176.07574393,
       -144.48588849,  -48.35493101, -138.76344821,  -97.92821079,
        -78.24504632,  -79.00837155, -107.64187439, -286.92939082,
       -403.72625601, -306.22666147,  -83.23808004,  -82.61403613,
       -250.66672816,  -51.21853815,  -97.08132029, -214.62088106,
       -149.91164367, -371.68095602, -110.8793552 , -245.61986866,
       -125.34162462, -247.80419641, -139.21634786, -567.16585145,
       -214.26707343, -150.8379414 , -219.8829002 , -262.99431248,
       -373.83194678, -118.33142908, -192.04538285, -265.56486185,
       -169.33905358,  -76.99507291,  -73.16387659, -112.07062092,
        -80.58744184, -341.55562748, -409.90834903, -173.58819235,
       -825.53553778, -107.17999703, -152.95406143,  -48.61579785,
       -219.2158597 , -516.27447506, -118.88721368, -375.05299086,
       -247.59812484]), 'max_error': array([-34.49273566, -34.37496388, -15.32112486, -30.16415616,
       -20.59127252, -14.410104  , -31.74557036, -34.72778723,
       -15.07910187, -17.79300127, -25.80262605, -32.30178388,
       -61.38487042, -38.89418803, -20.16235632, -16.37243575,
       -31.90831736, -10.96779522, -23.64822874, -46.99018818,
       -32.90306769, -47.77993387, -22.61570485, -47.90859016,
       -29.86097549, -45.52483459, -29.70398199, -62.94024522,
       -34.58406613, -29.25718849, -32.81432848, -39.54534488,
       -50.28006692, -24.64832078, -26.85952364, -47.45555131,
       -37.49431407, -24.945312  , -16.57334575, -34.43168948,
       -20.481634  , -52.91927563, -51.44556956, -42.46081403,
       -72.93368692, -25.76909902, -32.57253175, -14.49489807,
       -51.05616185, -47.63289253, -32.82201617, -44.41186013,
       -51.96662348]), 'explained_variance': array([-2.22044605e-16,  1.11022302e-16,  1.11022302e-16,  1.11022302e-16,
        0.00000000e+00,  0.00000000e+00,  0.00000000e+00,  0.00000000e+00,
        0.00000000e+00,  3.33066907e-16,  0.00000000e+00,  0.00000000e+00,
        0.00000000e+00,  0.00000000e+00,  2.22044605e-16,  0.00000000e+00,
        2.22044605e-16,  0.00000000e+00,  0.00000000e+00,  0.00000000e+00,
        0.00000000e+00, -2.22044605e-16, -2.22044605e-16, -2.22044605e-16,
        0.00000000e+00,  0.00000000e+00,  0.00000000e+00,  0.00000000e+00,
        0.00000000e+00, -2.22044605e-16, -2.22044605e-16,  0.00000000e+00,
        0.00000000e+00,  0.00000000e+00,  0.00000000e+00,  3.33066907e-16,
        0.00000000e+00,  0.00000000e+00, -2.22044605e-16,  0.00000000e+00,
        0.00000000e+00,  0.00000000e+00, -2.22044605e-16,  0.00000000e+00,
        0.00000000e+00, -2.22044605e-16,  0.00000000e+00,  0.00000000e+00,
        0.00000000e+00,  0.00000000e+00,  0.00000000e+00, -2.22044605e-16,
        0.00000000e+00])}
         accs  y_pred (s)  y_true (s)
54    [10, 9]   16.929090      19.499
4    [43, 33]   22.741917      26.335
3    [43, 33]   22.741917      27.642
11   [43, 33]   22.741917      18.893
27   [31, 22]   17.901513      65.978
29   [31, 22]   17.901513      45.143
64    [10, 9]   16.929090      30.560
77   [16, 10]   18.817663      12.834
124  [26, 22]   18.173052      45.263
71    [10, 9]   16.929090       9.629
25   [31, 22]   17.901513      19.467
91     [4, 5]   14.626084      14.879
83   [16, 10]   18.817663      24.338
89   [16, 10]   18.817663      11.455
69    [10, 9]   16.929090       9.069
{'mse': 291.4764333345118, 'mae': 11.718587416820817, 'r2-score': -0.19217718830595798, 'max-error': 64.40961040139796, 'explained variance score': 0.03424383300599887, 'layers': ['layer1', 'layer4']}
