environment: line 5: __conda_exe: command not found
Using device: cuda
Using model: alexnet
Number of videos: 64
Execution type : naive
Using 2 features
Job ID : 26
Plotting ?  yes
Calculate accumulators ?  no
The directory contains : 65 videos
Number of videos in the directory : 65
Number of videos in the dataframe : 64
['conv1', 'pool1', 'conv2', 'pool2', 'conv3', 'conv4', 'conv5', 'pool5', 'fc6', 'fc7', 'output']
{'conv1': {'T_max': 231.03611281514168, 'T_min': 137.700119048357, 'tau': 100, 'alpha': 50}, 'pool1': {'T_max': 172.87935100495815, 'T_min': 96.51064738631248, 'tau': 100, 'alpha': 50}, 'conv2': {'T_max': 260.3908884525299, 'T_min': 138.66424806416035, 'tau': 100, 'alpha': 50}, 'pool2': {'T_max': 218.24047729372978, 'T_min': 114.92713752388954, 'tau': 100, 'alpha': 50}, 'conv3': {'T_max': 202.5564161837101, 'T_min': 107.47291566431522, 'tau': 100, 'alpha': 50}, 'conv4': {'T_max': 134.8227232247591, 'T_min': 73.26437871158123, 'tau': 100, 'alpha': 50}, 'conv5': {'T_max': 76.11463874578476, 'T_min': 41.856537722051144, 'tau': 100, 'alpha': 50}, 'pool5': {'T_max': 61.31686478853226, 'T_min': 33.92191906273365, 'tau': 100, 'alpha': 50}, 'fc6': {'T_max': 34.43132712692022, 'T_min': 18.570100070908666, 'tau': 100, 'alpha': 50}, 'fc7': {'T_max': 20.01874697394669, 'T_min': 10.533724257722497, 'tau': 100, 'alpha': 50}, 'output': {'T_max': 19.02098509296775, 'T_min': 9.621050400659442, 'tau': 100, 'alpha': 50}}
Iterating over following combinations of layers :  [['conv1'], ['pool1'], ['conv2'], ['pool2'], ['conv3'], ['conv4'], ['conv5'], ['pool5'], ['fc6'], ['fc7'], ['output'], ['conv1', 'pool1'], ['conv1', 'conv2'], ['conv1', 'pool2'], ['conv1', 'conv3'], ['conv1', 'conv4'], ['conv1', 'conv5'], ['conv1', 'pool5'], ['conv1', 'fc6'], ['conv1', 'fc7'], ['conv1', 'output'], ['pool1', 'conv2'], ['pool1', 'pool2'], ['pool1', 'conv3'], ['pool1', 'conv4'], ['pool1', 'conv5'], ['pool1', 'pool5'], ['pool1', 'fc6'], ['pool1', 'fc7'], ['pool1', 'output'], ['conv2', 'pool2'], ['conv2', 'conv3'], ['conv2', 'conv4'], ['conv2', 'conv5'], ['conv2', 'pool5'], ['conv2', 'fc6'], ['conv2', 'fc7'], ['conv2', 'output'], ['pool2', 'conv3'], ['pool2', 'conv4'], ['pool2', 'conv5'], ['pool2', 'pool5'], ['pool2', 'fc6'], ['pool2', 'fc7'], ['pool2', 'output'], ['conv3', 'conv4'], ['conv3', 'conv5'], ['conv3', 'pool5'], ['conv3', 'fc6'], ['conv3', 'fc7'], ['conv3', 'output'], ['conv4', 'conv5'], ['conv4', 'pool5'], ['conv4', 'fc6'], ['conv4', 'fc7'], ['conv4', 'output'], ['conv5', 'pool5'], ['conv5', 'fc6'], ['conv5', 'fc7'], ['conv5', 'output'], ['pool5', 'fc6'], ['pool5', 'fc7'], ['pool5', 'output'], ['fc6', 'fc7'], ['fc6', 'output'], ['fc7', 'output']]
[['pool1', 'pool5']]
Generating the training set for videos : 
TRAINING SET : contains 962 samples, 37 patients based on 56 videos
TEST SET : contains 127 samples, 37 patients based on 8 videos
Dataset constituted.
--------------------NAIVE IMPLEMENTATION-------------------
Number of folds : 53
Grid search.
The best parameters are : {'C': 10.0}
Metrics obtained during CV : 
{'r2': array([-2.59245355e-01, -1.04686362e-02, -6.40480258e-01, -1.43318878e-01,
       -1.55959836e-01, -4.00812174e-04, -5.88257751e-02, -1.64733778e-01,
       -3.77422115e-02, -6.99476979e-02, -4.01184652e-02, -1.54817028e-01,
       -2.21740683e-01, -4.62283846e-01, -1.97594971e-01, -1.52917328e-01,
       -4.76366130e-06, -8.63138051e-01, -5.98890701e-03, -7.59706006e-02,
       -2.91911689e-02, -4.74591730e-01, -6.32933817e-02, -6.01082381e-01,
       -9.04959980e-02, -4.35295582e-02, -1.67689462e-02, -2.18788532e-01,
       -5.35170762e-02, -2.37157535e-02, -6.00679091e-02, -5.84804455e-01,
       -3.14655134e-01, -3.74552428e-03, -2.73663277e-02, -2.98793682e-01,
       -1.27695627e-02, -8.84518612e-03, -4.21365382e-01, -1.77901399e-01,
       -3.02002161e-02, -2.29374352e-01, -4.56074658e-01, -1.57898687e-01,
       -4.54772252e-01, -2.51345201e-04, -3.51798688e-01, -1.13035557e-02,
       -1.07486993e-01, -3.51041705e-01, -3.51497058e-03, -2.10478816e-01,
       -4.76018722e-02]), 'neg_mean_absolute_error': array([ -9.68053933, -11.87562773, -11.59477928, -10.85825478,
       -11.09032571,  -5.24590456,  -7.99847382,  -6.180108  ,
        -7.01312431,  -7.93112707,  -7.60510892, -12.29292989,
       -13.93806937, -14.71726645,  -7.72840389,  -8.24383029,
       -13.44793362,  -6.30491377,  -8.94266423,  -9.52688889,
        -9.17311111, -13.38959269,  -9.36958389, -12.47387634,
        -7.30758648,  -9.65369945,  -8.661     , -15.47243818,
       -10.7648669 , -10.25894444, -11.61119598, -12.92904801,
       -11.80767099,  -8.36499753, -10.83332684, -11.23180767,
        -9.44361111,  -6.84692389,  -8.36310773,  -7.68745939,
        -6.63259702, -12.27871376, -13.30495243,  -9.02967058,
       -21.87427616,  -7.83185632, -10.28847733,  -5.39564643,
        -8.74260776, -16.04001528,  -8.13427309, -14.30517858,
       -10.20973873]), 'neg_mean_squared_error': array([-140.4402993 , -192.86052435, -155.83993879, -201.25424006,
       -147.92901724,  -46.16804322, -134.96404241, -108.17156339,
        -67.71365797,  -83.17496807,  -96.89981736, -238.16938311,
       -368.88835202, -372.78512949,  -87.29099034,  -94.22789743,
       -250.271615  ,  -52.48157431,  -96.30905741, -198.73738159,
       -148.82088167, -319.77978982, -115.28643724, -313.10361141,
       -124.11074901, -252.33743342, -141.33381916, -474.95276827,
       -198.46966005, -149.74778326, -207.9326942 , -293.51781154,
       -285.59543001, -116.52853975, -145.91148922, -246.59957826,
       -166.33556987,  -74.91756359,  -90.78971783, -126.51212557,
        -82.98791235, -279.34157896, -356.64626595, -179.76264479,
       -856.22526512, -102.51351704, -177.55672341,  -44.08468556,
       -195.66182381, -420.05708073, -119.29290063, -366.91847585,
       -244.50468251]), 'max_error': array([-33.73645018, -29.50515331, -20.10553404, -35.40915913,
       -20.18768735, -16.03116267, -31.12266583, -36.39068401,
       -16.98432763, -16.58851225, -23.9306898 , -28.96966791,
       -59.47818829, -42.58821249, -19.58436957, -20.84792515,
       -31.24426117, -11.09757832, -21.73102196, -45.26661997,
       -32.65284993, -45.48216712, -18.42908168, -51.67498118,
       -36.46588917, -46.32120495, -31.69273899, -58.85198121,
       -32.67209895, -28.98449887, -31.37526378, -41.13288641,
       -46.03413472, -25.48480445, -21.75847077, -46.28719225,
       -36.68402238, -24.10218495, -16.93882826, -36.64281726,
       -22.22112679, -49.44596191, -49.17071437, -43.12951175,
       -73.90016182, -23.44244256, -34.72201638, -16.0343369 ,
       -48.89133199, -43.74965196, -32.06535746, -43.91792865,
       -51.53104508]), 'explained_variance': array([ 0.00000000e+00,  0.00000000e+00,  1.11022302e-16,  0.00000000e+00,
        0.00000000e+00,  0.00000000e+00,  0.00000000e+00,  0.00000000e+00,
        0.00000000e+00,  3.33066907e-16,  0.00000000e+00,  0.00000000e+00,
       -2.22044605e-16,  0.00000000e+00,  2.22044605e-16,  0.00000000e+00,
        0.00000000e+00,  0.00000000e+00,  0.00000000e+00,  0.00000000e+00,
        2.22044605e-16, -2.22044605e-16, -2.22044605e-16, -2.22044605e-16,
        0.00000000e+00,  0.00000000e+00,  0.00000000e+00,  1.11022302e-16,
        0.00000000e+00, -2.22044605e-16,  0.00000000e+00,  0.00000000e+00,
        1.11022302e-16,  0.00000000e+00,  0.00000000e+00,  3.33066907e-16,
       -2.22044605e-16,  0.00000000e+00,  0.00000000e+00,  0.00000000e+00,
        0.00000000e+00,  0.00000000e+00,  0.00000000e+00,  0.00000000e+00,
       -2.22044605e-16, -2.22044605e-16,  0.00000000e+00,  0.00000000e+00,
        0.00000000e+00,  0.00000000e+00, -2.22044605e-16, -2.22044605e-16,
        0.00000000e+00])}
         accs  y_pred (s)  y_true (s)
54     [2, 7]   18.633544      19.499
4    [22, 32]   20.606061      26.335
3    [22, 32]   20.606061      27.642
11   [22, 32]   20.606061      18.893
27   [27, 28]   21.061936      65.978
29   [27, 28]   21.061936      45.143
64     [2, 7]   18.633544      30.560
77   [14, 14]   18.608244      12.834
124  [21, 23]   19.718495      45.263
71     [2, 7]   18.633544       9.629
25   [27, 28]   21.061936      19.467
91     [9, 6]   14.009553      14.879
83   [14, 14]   18.608244      24.338
89   [14, 14]   18.608244      11.455
69     [2, 7]   18.633544       9.069
{'mse': 280.7948874409909, 'mae': 11.637419384509897, 'r2-score': -0.14848825193323822, 'max-error': 62.15836174128402, 'explained variance score': 0.031135202297610576, 'layers': ['pool1', 'pool5']}
