environment: line 5: __conda_exe: command not found
Using device: cuda
Using model: alexnet
Number of videos: 64
Execution type : naive
Using 2 features
Job ID : 14
Plotting ?  yes
Calculate accumulators ?  no
The directory contains : 65 videos
Number of videos in the directory : 65
Number of videos in the dataframe : 64
['conv1', 'pool1', 'conv2', 'pool2', 'conv3', 'conv4', 'conv5', 'pool5', 'fc6', 'fc7', 'output']
{'conv1': {'T_max': 231.03611281514168, 'T_min': 137.700119048357, 'tau': 100, 'alpha': 50}, 'pool1': {'T_max': 172.87935100495815, 'T_min': 96.51064738631248, 'tau': 100, 'alpha': 50}, 'conv2': {'T_max': 260.3908884525299, 'T_min': 138.66424806416035, 'tau': 100, 'alpha': 50}, 'pool2': {'T_max': 218.24047729372978, 'T_min': 114.92713752388954, 'tau': 100, 'alpha': 50}, 'conv3': {'T_max': 202.5564161837101, 'T_min': 107.47291566431522, 'tau': 100, 'alpha': 50}, 'conv4': {'T_max': 134.8227232247591, 'T_min': 73.26437871158123, 'tau': 100, 'alpha': 50}, 'conv5': {'T_max': 76.11463874578476, 'T_min': 41.856537722051144, 'tau': 100, 'alpha': 50}, 'pool5': {'T_max': 61.31686478853226, 'T_min': 33.92191906273365, 'tau': 100, 'alpha': 50}, 'fc6': {'T_max': 34.43132712692022, 'T_min': 18.570100070908666, 'tau': 100, 'alpha': 50}, 'fc7': {'T_max': 20.01874697394669, 'T_min': 10.533724257722497, 'tau': 100, 'alpha': 50}, 'output': {'T_max': 19.02098509296775, 'T_min': 9.621050400659442, 'tau': 100, 'alpha': 50}}
Iterating over following combinations of layers :  [['conv1'], ['pool1'], ['conv2'], ['pool2'], ['conv3'], ['conv4'], ['conv5'], ['pool5'], ['fc6'], ['fc7'], ['output'], ['conv1', 'pool1'], ['conv1', 'conv2'], ['conv1', 'pool2'], ['conv1', 'conv3'], ['conv1', 'conv4'], ['conv1', 'conv5'], ['conv1', 'pool5'], ['conv1', 'fc6'], ['conv1', 'fc7'], ['conv1', 'output'], ['pool1', 'conv2'], ['pool1', 'pool2'], ['pool1', 'conv3'], ['pool1', 'conv4'], ['pool1', 'conv5'], ['pool1', 'pool5'], ['pool1', 'fc6'], ['pool1', 'fc7'], ['pool1', 'output'], ['conv2', 'pool2'], ['conv2', 'conv3'], ['conv2', 'conv4'], ['conv2', 'conv5'], ['conv2', 'pool5'], ['conv2', 'fc6'], ['conv2', 'fc7'], ['conv2', 'output'], ['pool2', 'conv3'], ['pool2', 'conv4'], ['pool2', 'conv5'], ['pool2', 'pool5'], ['pool2', 'fc6'], ['pool2', 'fc7'], ['pool2', 'output'], ['conv3', 'conv4'], ['conv3', 'conv5'], ['conv3', 'pool5'], ['conv3', 'fc6'], ['conv3', 'fc7'], ['conv3', 'output'], ['conv4', 'conv5'], ['conv4', 'pool5'], ['conv4', 'fc6'], ['conv4', 'fc7'], ['conv4', 'output'], ['conv5', 'pool5'], ['conv5', 'fc6'], ['conv5', 'fc7'], ['conv5', 'output'], ['pool5', 'fc6'], ['pool5', 'fc7'], ['pool5', 'output'], ['fc6', 'fc7'], ['fc6', 'output'], ['fc7', 'output']]
[['conv1', 'conv3']]
Generating the training set for videos : 
TRAINING SET : contains 962 samples, 37 patients based on 56 videos
TEST SET : contains 127 samples, 37 patients based on 8 videos
Dataset constituted.
--------------------NAIVE IMPLEMENTATION-------------------
Number of folds : 53
Grid search.
The best parameters are : {'C': 1}
Metrics obtained during CV : 
{'r2': array([-4.46286353e-01, -9.69112676e-02, -6.46536444e-02, -1.33604022e-01,
       -2.60289376e-02, -2.90090671e-02, -2.67594894e-02, -7.87849899e-02,
       -8.91397581e-02, -3.24914943e-03, -6.09489500e-02, -5.39477296e-01,
       -4.14676502e-01, -1.57993703e-01, -4.04264188e-01, -1.85763162e-01,
       -1.54727091e-06, -7.20901762e-01, -1.44591189e-02, -1.43198384e-01,
       -2.70973184e-02, -6.03388522e-01, -3.15235617e-03, -3.31701657e-01,
       -4.81408317e-02, -8.56953627e-02, -1.63871071e-02, -3.69608033e-01,
       -1.51032156e-01, -6.12130650e-03, -1.04782101e-01, -6.51153295e-01,
       -4.48895219e-01, -5.21836630e-02, -1.36133851e-01, -4.53903826e-01,
       -5.26179824e-02, -2.08820202e-02, -1.26943045e-01, -4.08454791e-02,
       -7.34461045e-05, -3.78357093e-01, -6.78122397e-01, -1.33406699e-01,
       -3.47259224e-01, -9.70266323e-03, -2.05063243e-01, -7.54290535e-02,
       -2.74383235e-01, -6.50093244e-01, -1.01508217e-02, -1.21287043e-01,
       -3.95128080e-02]), 'neg_mean_absolute_error': array([-11.00522222, -11.41817881,  -9.08990374, -10.86737162,
       -10.11681593,  -5.69099959,  -8.13922593,  -6.10896046,
        -7.23481601,  -7.56555875,  -7.67610105, -13.65472903,
       -15.0459676 , -13.53056561,  -8.7800098 ,  -7.91500009,
       -13.44508064,  -6.0591197 ,  -8.72780384,  -9.66468295,
        -9.17311111, -13.71463026,  -8.50297755, -11.0820222 ,
        -8.30311602,  -9.50839009,  -8.661     , -16.39502058,
       -10.48122222, -10.25894444, -11.73352989, -13.26049085,
       -12.52205763,  -9.36606547, -11.37235286, -12.01020522,
        -9.44361111,  -6.79861125,  -6.83334971,  -7.3067363 ,
        -7.04614115, -12.96183783, -14.5930622 ,  -8.89628382,
       -21.18624548,  -7.8617729 ,  -9.69013075,  -5.59176779,
        -9.34866563, -17.49512525,  -8.17977967, -14.06466226,
       -10.28383437]), 'neg_mean_squared_error': array([-161.30048651, -209.35917717, -101.13840625, -199.54416957,
       -131.30166612,  -47.4883012 , -130.87668862, -100.18929748,
        -71.06739636,  -77.98999534,  -98.84043301, -317.50168988,
       -427.14275694, -295.21138015, -102.35481494,  -96.9123864 ,
       -250.27081003,  -48.47500894,  -97.11995911, -211.15470389,
       -148.51811121, -347.71064692, -108.76571146, -260.42420009,
       -119.29025318, -262.53360926, -141.28074243, -533.72599917,
       -216.84030183, -147.17409087, -216.70339874, -305.80612035,
       -314.75772054, -122.15190288, -161.35917413, -276.05005715,
       -172.88020731,  -75.81142748,  -71.98349026, -111.79167806,
        -80.56104648, -313.19381764, -411.03392839, -175.96028756,
       -792.94706404, -103.48216143, -158.28324352,  -46.88004052,
       -225.14769871, -513.03623619, -120.08173781, -339.88280269,
       -242.6167381 ]), 'max_error': array([-32.05851852, -35.21946582, -15.16340413, -35.23593931,
       -22.83007105, -14.73811197, -30.23123575, -35.18424877,
       -16.14189916, -18.41779457, -24.38030664, -33.86712164,
       -62.48534064, -38.07874932, -17.95113952, -16.89377796,
       -31.29846779, -10.67302493, -23.66476544, -46.66357328,
       -32.57779487, -46.77622411, -21.63335101, -48.88709989,
       -30.91589117, -47.6289892 , -31.67525651, -61.61972842,
       -34.83098682, -28.068209  , -32.47626897, -41.70740294,
       -47.64150467, -23.68288215, -24.18408789, -48.03858674,
       -38.17554232, -24.53699879, -16.77357053, -34.36612674,
       -20.73830742, -51.49868017, -51.48931197, -42.72935146,
       -71.83606978, -24.60013935, -33.11422272, -14.92298253,
       -51.4960451 , -47.51945881, -33.81025436, -41.99379809,
       -51.23466251]), 'explained_variance': array([-2.22044605e-16,  0.00000000e+00,  1.11022302e-16,  0.00000000e+00,
        0.00000000e+00,  0.00000000e+00,  0.00000000e+00,  0.00000000e+00,
        0.00000000e+00,  3.33066907e-16,  0.00000000e+00,  0.00000000e+00,
        0.00000000e+00,  0.00000000e+00,  2.22044605e-16,  0.00000000e+00,
        0.00000000e+00,  0.00000000e+00,  0.00000000e+00, -2.22044605e-16,
        0.00000000e+00, -2.22044605e-16, -2.22044605e-16, -2.22044605e-16,
        0.00000000e+00, -2.22044605e-16,  0.00000000e+00,  0.00000000e+00,
        0.00000000e+00, -2.22044605e-16, -2.22044605e-16,  0.00000000e+00,
        0.00000000e+00,  0.00000000e+00,  0.00000000e+00,  4.44089210e-16,
        0.00000000e+00,  0.00000000e+00, -2.22044605e-16,  2.22044605e-16,
        0.00000000e+00,  2.22044605e-16,  0.00000000e+00,  0.00000000e+00,
       -4.44089210e-16, -2.22044605e-16,  0.00000000e+00,  0.00000000e+00,
        0.00000000e+00,  0.00000000e+00,  2.22044605e-16,  0.00000000e+00,
       -2.22044605e-16])}
         accs  y_pred (s)  y_true (s)
54     [1, 5]   15.845463      19.499
4    [30, 30]   22.276426      26.335
3    [30, 30]   22.276426      27.642
11   [30, 30]   22.276426      18.893
27   [27, 28]   22.528714      65.978
29   [27, 28]   22.528714      45.143
64     [1, 5]   15.845463      30.560
77   [15, 14]   17.090631      12.834
124  [22, 22]   20.201723      45.263
71     [1, 5]   15.845463       9.629
25   [27, 28]   22.528714      19.467
91     [9, 7]   15.986673      14.879
83   [15, 14]   17.090631      24.338
89   [15, 14]   17.090631      11.455
69     [1, 5]   15.845463       9.069
{'mse': 267.81366260868026, 'mae': 11.329697612401972, 'r2-score': -0.09539332434576253, 'max-error': 64.3708254891432, 'explained variance score': 0.0904338716991081, 'layers': ['conv1', 'conv3']}
