environment: line 5: __conda_exe: command not found
Using device: cuda
Using model: alexnet
Number of videos: 64
Execution type : naive
Using 2 features
Job ID : 0
Plotting ?  yes
Calculate accumulators ?  no
The directory contains : 65 videos
Number of videos in the directory : 65
Number of videos in the dataframe : 64
['conv1', 'pool1', 'conv2', 'pool2', 'conv3', 'conv4', 'conv5', 'pool5', 'fc6', 'fc7', 'output']
{'conv1': {'T_max': 231.03611281514168, 'T_min': 137.700119048357, 'tau': 100, 'alpha': 50}, 'pool1': {'T_max': 172.87935100495815, 'T_min': 96.51064738631248, 'tau': 100, 'alpha': 50}, 'conv2': {'T_max': 260.3908884525299, 'T_min': 138.66424806416035, 'tau': 100, 'alpha': 50}, 'pool2': {'T_max': 218.24047729372978, 'T_min': 114.92713752388954, 'tau': 100, 'alpha': 50}, 'conv3': {'T_max': 202.5564161837101, 'T_min': 107.47291566431522, 'tau': 100, 'alpha': 50}, 'conv4': {'T_max': 134.8227232247591, 'T_min': 73.26437871158123, 'tau': 100, 'alpha': 50}, 'conv5': {'T_max': 76.11463874578476, 'T_min': 41.856537722051144, 'tau': 100, 'alpha': 50}, 'pool5': {'T_max': 61.31686478853226, 'T_min': 33.92191906273365, 'tau': 100, 'alpha': 50}, 'fc6': {'T_max': 34.43132712692022, 'T_min': 18.570100070908666, 'tau': 100, 'alpha': 50}, 'fc7': {'T_max': 20.01874697394669, 'T_min': 10.533724257722497, 'tau': 100, 'alpha': 50}, 'output': {'T_max': 19.02098509296775, 'T_min': 9.621050400659442, 'tau': 100, 'alpha': 50}}
Iterating over following combinations of layers :  [['conv1'], ['pool1'], ['conv2'], ['pool2'], ['conv3'], ['conv4'], ['conv5'], ['pool5'], ['fc6'], ['fc7'], ['output'], ['conv1', 'pool1'], ['conv1', 'conv2'], ['conv1', 'pool2'], ['conv1', 'conv3'], ['conv1', 'conv4'], ['conv1', 'conv5'], ['conv1', 'pool5'], ['conv1', 'fc6'], ['conv1', 'fc7'], ['conv1', 'output'], ['pool1', 'conv2'], ['pool1', 'pool2'], ['pool1', 'conv3'], ['pool1', 'conv4'], ['pool1', 'conv5'], ['pool1', 'pool5'], ['pool1', 'fc6'], ['pool1', 'fc7'], ['pool1', 'output'], ['conv2', 'pool2'], ['conv2', 'conv3'], ['conv2', 'conv4'], ['conv2', 'conv5'], ['conv2', 'pool5'], ['conv2', 'fc6'], ['conv2', 'fc7'], ['conv2', 'output'], ['pool2', 'conv3'], ['pool2', 'conv4'], ['pool2', 'conv5'], ['pool2', 'pool5'], ['pool2', 'fc6'], ['pool2', 'fc7'], ['pool2', 'output'], ['conv3', 'conv4'], ['conv3', 'conv5'], ['conv3', 'pool5'], ['conv3', 'fc6'], ['conv3', 'fc7'], ['conv3', 'output'], ['conv4', 'conv5'], ['conv4', 'pool5'], ['conv4', 'fc6'], ['conv4', 'fc7'], ['conv4', 'output'], ['conv5', 'pool5'], ['conv5', 'fc6'], ['conv5', 'fc7'], ['conv5', 'output'], ['pool5', 'fc6'], ['pool5', 'fc7'], ['pool5', 'output'], ['fc6', 'fc7'], ['fc6', 'output'], ['fc7', 'output']]
[['conv1']]
Generating the training set for videos : 
TRAINING SET : contains 962 samples, 37 patients based on 56 videos
TEST SET : contains 127 samples, 37 patients based on 8 videos
Dataset constituted.
--------------------NAIVE IMPLEMENTATION-------------------
Number of folds : 53
Grid search.
The best parameters are : {'C': 1}
Metrics obtained during CV : 
{'r2': array([-1.66364679e-01, -1.08050915e-01, -1.29097443e-01, -7.11780862e-02,
       -6.65180925e-02, -4.77889631e-02, -5.74122423e-02, -5.44553981e-02,
       -2.98352692e-02, -4.27514131e-03, -4.63216612e-02, -4.84636238e-01,
       -1.56510445e-01, -2.31821159e-01, -2.52044587e-01, -2.23819232e-02,
       -6.52625885e-02, -4.80298524e-01, -4.16869728e-02, -9.47094383e-02,
       -4.77687848e-02, -6.59521187e-01, -1.93329401e-04, -2.57572506e-01,
       -1.14314807e-01, -8.48450862e-02, -9.83197404e-02, -6.29177991e-01,
       -1.29231503e-01, -1.76118110e-02, -1.17690936e-01, -7.10358721e-01,
       -7.25377437e-01, -4.13140329e-02, -2.49477922e-01, -3.64122637e-01,
       -4.99074850e-02, -5.40938711e-06, -3.49178781e-01, -2.15256137e-02,
       -4.74813607e-04, -4.81876397e-01, -6.89300763e-01, -1.33818180e-01,
       -5.44113630e-01, -5.13620916e-03, -1.64476422e-01, -1.22654076e-01,
       -3.29351467e-01, -5.52410809e-01, -1.06849141e-03, -3.92174578e-01,
       -7.28905122e-02]), 'neg_mean_absolute_error': array([ -8.83610557, -11.45614596,  -9.55876802, -10.93631134,
       -10.51931943,  -5.84638038,  -8.00370006,  -6.0849542 ,
        -6.967326  ,  -7.57722941,  -7.62786045, -13.45191246,
       -13.60338539, -13.88348661,  -7.99855848,  -7.48585146,
       -13.2334086 ,  -5.70150678,  -8.63656068,  -9.52688889,
        -9.17311111, -13.92776593,  -8.60072151, -10.88447884,
        -9.00659461,  -9.51090561,  -8.89350681, -17.94288806,
       -10.48122222, -10.25894444, -11.76365775, -13.58608502,
       -13.71228233,  -9.21534626, -11.71799615, -11.57969135,
        -9.44361111,  -6.99046008,  -8.05294112,  -7.24295794,
        -7.16724835, -13.441949  , -14.65183414,  -8.89862152,
       -22.38594687,  -7.84579262,  -9.65825496,  -5.69958984,
        -9.6227334 , -16.90664664,  -8.13612701, -14.71329625,
       -10.01188334]), 'neg_mean_squared_error': array([-130.08156352, -211.48531758, -107.26034378, -188.5555604 ,
       -136.4830926 ,  -48.35498487, -134.78386536,  -97.9297511 ,
        -67.19772253,  -78.0697533 ,  -97.4777213 , -306.19127395,
       -349.19294931, -314.0324714 ,  -91.25974524,  -83.55924284,
       -266.6037184 ,  -41.69760634,  -99.72663691, -202.19854265,
       -151.50720202, -359.8835702 , -108.44488218, -245.92769118,
       -126.82159823, -262.32800265, -152.66961501, -634.87846893,
       -212.73332681, -148.85490663, -219.23547126, -316.77141439,
       -374.82066473, -120.89000722, -177.45684231, -259.00346727,
       -172.43503977,  -74.26111546,  -86.17879854, -109.71663406,
        -80.59337869, -336.71573814, -413.77192177, -176.02416944,
       -908.80830339, -103.01415579, -152.95222573,  -48.93867094,
       -234.85904039, -482.6654501 , -119.00207528, -421.99381539,
       -250.40691603]), 'max_error': array([-34.80606627, -35.45992444, -15.80728804, -33.92608462,
       -21.73756154, -14.41008586, -31.08956632, -34.72812972,
       -17.15836119, -18.3438804 , -24.07478284, -33.31661953,
       -58.17010745, -39.41984911, -19.09326069, -15.96017769,
       -35.32023669,  -9.84494697, -24.48595387, -45.70316917,
       -33.22651879, -47.29647334, -21.1935032 , -47.93030959,
       -29.6496297 , -47.60634947, -33.86285377, -65.27674813,
       -34.43101756, -28.72700904, -32.74741978, -42.1957942 ,
       -50.31951025, -23.95417673, -25.73948268, -47.06993054,
       -38.09882502, -23.27167964, -16.47357834, -33.79212146,
       -20.46581621, -52.69051025, -51.59510146, -42.73636456,
       -75.43517396, -24.32847447, -32.57233428, -14.42399454,
       -52.16163826, -46.4078881 , -33.06815912, -46.833435  ,
       -52.32246665]), 'explained_variance': array([-2.22044605e-16,  0.00000000e+00,  1.11022302e-16,  1.11022302e-16,
        0.00000000e+00,  0.00000000e+00,  0.00000000e+00,  0.00000000e+00,
       -2.22044605e-16,  3.33066907e-16,  0.00000000e+00,  0.00000000e+00,
       -2.22044605e-16,  1.11022302e-16,  2.22044605e-16,  0.00000000e+00,
        0.00000000e+00,  0.00000000e+00,  0.00000000e+00,  0.00000000e+00,
        0.00000000e+00,  1.11022302e-16, -2.22044605e-16, -2.22044605e-16,
        0.00000000e+00,  0.00000000e+00, -2.22044605e-16,  0.00000000e+00,
        0.00000000e+00, -2.22044605e-16, -2.22044605e-16,  0.00000000e+00,
        0.00000000e+00,  0.00000000e+00,  0.00000000e+00,  3.33066907e-16,
        0.00000000e+00,  0.00000000e+00, -2.22044605e-16,  2.22044605e-16,
        0.00000000e+00,  2.22044605e-16,  0.00000000e+00,  0.00000000e+00,
       -2.22044605e-16, -2.22044605e-16,  0.00000000e+00,  0.00000000e+00,
        1.11022302e-16,  0.00000000e+00,  2.22044605e-16, -2.22044605e-16,
        0.00000000e+00])}
     accs  y_pred (s)  y_true (s)
54    [1]   14.246539      19.499
4    [30]   21.307938      26.335
3    [30]   21.307938      27.642
11   [30]   21.307938      18.893
27   [27]   20.884937      65.978
29   [27]   20.884937      45.143
64    [1]   14.246539      30.560
77   [15]   17.896421      12.834
124  [22]   19.357958      45.263
71    [1]   14.246539       9.629
25   [27]   20.884937      19.467
91    [9]   16.072994      14.879
83   [15]   17.896421      24.338
89   [15]   17.896421      11.455
69    [1]   14.246539       9.069
{'mse': 280.6432483554955, 'mae': 11.517801084002317, 'r2-score': -0.14786802800461696, 'max-error': 65.14112895187579, 'explained variance score': 0.07854301714228107, 'layers': ['conv1']}
