environment: line 5: __conda_exe: command not found
Using device: cuda
Using model: alexnet
Number of videos: 64
Execution type : naive
Using 2 features
Job ID : 24
Plotting ?  yes
Calculate accumulators ?  no
The directory contains : 65 videos
Number of videos in the directory : 65
Number of videos in the dataframe : 64
['conv1', 'pool1', 'conv2', 'pool2', 'conv3', 'conv4', 'conv5', 'pool5', 'fc6', 'fc7', 'output']
{'conv1': {'T_max': 231.03611281514168, 'T_min': 137.700119048357, 'tau': 100, 'alpha': 50}, 'pool1': {'T_max': 172.87935100495815, 'T_min': 96.51064738631248, 'tau': 100, 'alpha': 50}, 'conv2': {'T_max': 260.3908884525299, 'T_min': 138.66424806416035, 'tau': 100, 'alpha': 50}, 'pool2': {'T_max': 218.24047729372978, 'T_min': 114.92713752388954, 'tau': 100, 'alpha': 50}, 'conv3': {'T_max': 202.5564161837101, 'T_min': 107.47291566431522, 'tau': 100, 'alpha': 50}, 'conv4': {'T_max': 134.8227232247591, 'T_min': 73.26437871158123, 'tau': 100, 'alpha': 50}, 'conv5': {'T_max': 76.11463874578476, 'T_min': 41.856537722051144, 'tau': 100, 'alpha': 50}, 'pool5': {'T_max': 61.31686478853226, 'T_min': 33.92191906273365, 'tau': 100, 'alpha': 50}, 'fc6': {'T_max': 34.43132712692022, 'T_min': 18.570100070908666, 'tau': 100, 'alpha': 50}, 'fc7': {'T_max': 20.01874697394669, 'T_min': 10.533724257722497, 'tau': 100, 'alpha': 50}, 'output': {'T_max': 19.02098509296775, 'T_min': 9.621050400659442, 'tau': 100, 'alpha': 50}}
Iterating over following combinations of layers :  [['conv1'], ['pool1'], ['conv2'], ['pool2'], ['conv3'], ['conv4'], ['conv5'], ['pool5'], ['fc6'], ['fc7'], ['output'], ['conv1', 'pool1'], ['conv1', 'conv2'], ['conv1', 'pool2'], ['conv1', 'conv3'], ['conv1', 'conv4'], ['conv1', 'conv5'], ['conv1', 'pool5'], ['conv1', 'fc6'], ['conv1', 'fc7'], ['conv1', 'output'], ['pool1', 'conv2'], ['pool1', 'pool2'], ['pool1', 'conv3'], ['pool1', 'conv4'], ['pool1', 'conv5'], ['pool1', 'pool5'], ['pool1', 'fc6'], ['pool1', 'fc7'], ['pool1', 'output'], ['conv2', 'pool2'], ['conv2', 'conv3'], ['conv2', 'conv4'], ['conv2', 'conv5'], ['conv2', 'pool5'], ['conv2', 'fc6'], ['conv2', 'fc7'], ['conv2', 'output'], ['pool2', 'conv3'], ['pool2', 'conv4'], ['pool2', 'conv5'], ['pool2', 'pool5'], ['pool2', 'fc6'], ['pool2', 'fc7'], ['pool2', 'output'], ['conv3', 'conv4'], ['conv3', 'conv5'], ['conv3', 'pool5'], ['conv3', 'fc6'], ['conv3', 'fc7'], ['conv3', 'output'], ['conv4', 'conv5'], ['conv4', 'pool5'], ['conv4', 'fc6'], ['conv4', 'fc7'], ['conv4', 'output'], ['conv5', 'pool5'], ['conv5', 'fc6'], ['conv5', 'fc7'], ['conv5', 'output'], ['pool5', 'fc6'], ['pool5', 'fc7'], ['pool5', 'output'], ['fc6', 'fc7'], ['fc6', 'output'], ['fc7', 'output']]
[['pool1', 'conv4']]
Generating the training set for videos : 
TRAINING SET : contains 962 samples, 37 patients based on 56 videos
TEST SET : contains 127 samples, 37 patients based on 8 videos
Dataset constituted.
--------------------NAIVE IMPLEMENTATION-------------------
Number of folds : 53
Grid search.
The best parameters are : {'C': 1}
Metrics obtained during CV : 
{'r2': array([-3.98540552e-01, -2.95308484e-02, -1.52611936e-01, -1.02201188e-01,
       -1.39989399e-01, -1.01431295e-02, -5.05423040e-03, -1.08482379e-01,
       -7.46802978e-02, -1.31920592e-02, -4.75323581e-02, -4.38988029e-01,
       -3.20099968e-01, -1.85016426e-01, -3.92557086e-01, -8.91644953e-03,
       -4.45807063e-03, -5.17269940e-01, -7.19492506e-03, -1.72119471e-01,
       -5.49034614e-02, -5.72450581e-01, -4.29640058e-07, -2.48306761e-01,
       -3.08487826e-02, -6.33694847e-02, -5.63465505e-02, -4.62247435e-01,
       -1.26222032e-01, -2.07932923e-02, -9.86909910e-02, -6.07781458e-01,
       -4.03485367e-01, -6.24247831e-02, -1.81697523e-01, -3.81153250e-01,
       -5.74930000e-02, -2.22073015e-02, -1.91294862e-01, -7.01351832e-02,
       -5.47693370e-03, -3.72367088e-01, -6.50005189e-01, -1.89735627e-01,
       -5.15223659e-01, -1.86457942e-02, -2.74960069e-01, -5.23710505e-02,
       -3.24007355e-01, -5.08621914e-01, -4.46505919e-04, -2.27955167e-01,
       -4.60842483e-02]), 'neg_mean_absolute_error': array([-10.69885784, -11.14325157,  -9.70352583, -10.89937395,
       -11.00377888,  -5.51353407,  -8.35410134,  -6.13365154,
        -7.18106489,  -7.6461015 ,  -7.63211928, -13.27415632,
       -14.54547438, -13.66775743,  -8.72583652,  -7.5508454 ,
       -13.39052276,  -5.75269614,  -8.76631458,  -9.77478884,
        -9.17311111, -13.61559077,  -8.63441177, -10.87016505,
        -8.07945067,  -9.57923848,  -8.661     , -16.94866568,
       -10.48122222, -10.25894444, -11.71866955, -13.04153715,
       -12.29414954,  -9.49423676, -11.52409258, -11.66512495,
        -9.44361111,  -6.79428813,  -7.23485674,  -7.37896826,
        -6.82169687, -12.93727492, -14.44305361,  -9.18841737,
       -22.22542633,  -7.88443047,  -9.96399087,  -5.53840904,
        -9.5971463 , -16.66592364,  -8.12871484, -14.34580291,
       -10.22312968]), 'neg_mean_squared_error': array([-155.97552379, -196.49878496, -109.49413913, -194.01644362,
       -145.88526885,  -46.61764674, -128.11001107, -102.94736381,
        -70.12390294,  -78.76293145,  -97.59051259, -296.77679052,
       -398.58663032, -302.10037752, -101.50150099,  -82.4587101 ,
       -251.38614602,  -42.73903111,  -96.4245164 , -216.49657936,
       -152.53887513, -341.00144884, -108.42396723, -244.11570552,
       -117.32222288, -257.13495554, -146.83522043, -569.82688074,
       -212.16637955, -149.32028951, -215.50862534, -297.77332703,
       -304.89289292, -123.34083249, -167.83034514, -262.23703863,
       -173.68087201,  -75.90984382,  -76.09396273, -114.93752942,
        -80.99632512, -311.83275352, -404.14698963, -184.70529882,
       -891.80473215, -104.39872286, -167.46408643,  -45.8748974 ,
       -233.91488597, -469.05089239, -118.92813671, -372.21588043,
       -244.1504772 ]), 'max_error': array([-32.44658007, -33.29277987, -16.11288785, -34.62789501,
       -20.42260019, -15.21097896, -29.1870149 , -35.65337934,
       -16.34615341, -17.9076905 , -24.10175546, -32.83413857,
       -61.12685903, -38.60007824, -18.03031585, -16.45902084,
       -32.33506748,  -9.98388951, -23.31816874, -47.15904976,
       -33.41596211, -46.47910564, -21.04189703, -47.80148543,
       -31.38286099, -46.99135365, -32.9646306 , -63.03974778,
       -34.37322752, -28.86596716, -32.34252593, -41.33536687,
       -47.12871146, -23.45217383, -24.86691663, -47.26215613,
       -38.30870717, -24.57590681, -16.12554823, -35.01621437,
       -21.32561408, -51.42499143, -51.2192965 , -43.60575211,
       -74.95361231, -24.98531798, -33.93397783, -15.22534879,
       -52.09949815, -45.87774038, -32.94215224, -44.24292326,
       -51.4774813 ]), 'explained_variance': array([-2.22044605e-16,  1.11022302e-16,  1.11022302e-16,  1.11022302e-16,
        0.00000000e+00,  0.00000000e+00,  0.00000000e+00,  0.00000000e+00,
        0.00000000e+00,  3.33066907e-16,  0.00000000e+00,  0.00000000e+00,
        0.00000000e+00,  0.00000000e+00,  2.22044605e-16,  0.00000000e+00,
        0.00000000e+00,  0.00000000e+00,  0.00000000e+00,  0.00000000e+00,
        0.00000000e+00, -2.22044605e-16, -2.22044605e-16, -2.22044605e-16,
        0.00000000e+00,  0.00000000e+00,  0.00000000e+00,  0.00000000e+00,
        0.00000000e+00, -2.22044605e-16,  0.00000000e+00,  0.00000000e+00,
        0.00000000e+00,  0.00000000e+00,  0.00000000e+00,  3.33066907e-16,
        0.00000000e+00,  0.00000000e+00, -2.22044605e-16,  2.22044605e-16,
        0.00000000e+00,  0.00000000e+00,  0.00000000e+00,  0.00000000e+00,
        0.00000000e+00, -2.22044605e-16,  0.00000000e+00,  0.00000000e+00,
        0.00000000e+00,  0.00000000e+00,  2.22044605e-16,  0.00000000e+00,
        0.00000000e+00])}
         accs  y_pred (s)  y_true (s)
54     [2, 5]   14.706021      19.499
4    [22, 34]   21.691243      26.335
3    [22, 34]   21.691243      27.642
11   [22, 34]   21.691243      18.893
27   [27, 28]   22.270784      65.978
29   [27, 28]   22.270784      45.143
64     [2, 5]   14.706021      30.560
77   [14, 14]   18.043948      12.834
124  [21, 23]   19.841710      45.263
71     [2, 5]   14.706021       9.629
25   [27, 28]   22.270784      19.467
91     [9, 5]   15.423687      14.879
83   [14, 14]   18.043948      24.338
89   [14, 14]   18.043948      11.455
69     [2, 5]   14.706021       9.069
{'mse': 273.6906102791698, 'mae': 11.45242802344291, 'r2-score': -0.11943081811317335, 'max-error': 64.52259306989437, 'explained variance score': 0.08281874195577488, 'layers': ['pool1', 'conv4']}
