environment: line 5: __conda_exe: command not found
Using device: cuda
Using model: alexnet
Number of videos: 64
Execution type : naive
Using 2 features
Job ID : 64
Plotting ?  yes
Calculate accumulators ?  no
The directory contains : 65 videos
Number of videos in the directory : 65
Number of videos in the dataframe : 64
['conv1', 'pool1', 'conv2', 'pool2', 'conv3', 'conv4', 'conv5', 'pool5', 'fc6', 'fc7', 'output']
{'conv1': {'T_max': 231.03611281514168, 'T_min': 137.700119048357, 'tau': 100, 'alpha': 50}, 'pool1': {'T_max': 172.87935100495815, 'T_min': 96.51064738631248, 'tau': 100, 'alpha': 50}, 'conv2': {'T_max': 260.3908884525299, 'T_min': 138.66424806416035, 'tau': 100, 'alpha': 50}, 'pool2': {'T_max': 218.24047729372978, 'T_min': 114.92713752388954, 'tau': 100, 'alpha': 50}, 'conv3': {'T_max': 202.5564161837101, 'T_min': 107.47291566431522, 'tau': 100, 'alpha': 50}, 'conv4': {'T_max': 134.8227232247591, 'T_min': 73.26437871158123, 'tau': 100, 'alpha': 50}, 'conv5': {'T_max': 76.11463874578476, 'T_min': 41.856537722051144, 'tau': 100, 'alpha': 50}, 'pool5': {'T_max': 61.31686478853226, 'T_min': 33.92191906273365, 'tau': 100, 'alpha': 50}, 'fc6': {'T_max': 34.43132712692022, 'T_min': 18.570100070908666, 'tau': 100, 'alpha': 50}, 'fc7': {'T_max': 20.01874697394669, 'T_min': 10.533724257722497, 'tau': 100, 'alpha': 50}, 'output': {'T_max': 19.02098509296775, 'T_min': 9.621050400659442, 'tau': 100, 'alpha': 50}}
Iterating over following combinations of layers :  [['conv1'], ['pool1'], ['conv2'], ['pool2'], ['conv3'], ['conv4'], ['conv5'], ['pool5'], ['fc6'], ['fc7'], ['output'], ['conv1', 'pool1'], ['conv1', 'conv2'], ['conv1', 'pool2'], ['conv1', 'conv3'], ['conv1', 'conv4'], ['conv1', 'conv5'], ['conv1', 'pool5'], ['conv1', 'fc6'], ['conv1', 'fc7'], ['conv1', 'output'], ['pool1', 'conv2'], ['pool1', 'pool2'], ['pool1', 'conv3'], ['pool1', 'conv4'], ['pool1', 'conv5'], ['pool1', 'pool5'], ['pool1', 'fc6'], ['pool1', 'fc7'], ['pool1', 'output'], ['conv2', 'pool2'], ['conv2', 'conv3'], ['conv2', 'conv4'], ['conv2', 'conv5'], ['conv2', 'pool5'], ['conv2', 'fc6'], ['conv2', 'fc7'], ['conv2', 'output'], ['pool2', 'conv3'], ['pool2', 'conv4'], ['pool2', 'conv5'], ['pool2', 'pool5'], ['pool2', 'fc6'], ['pool2', 'fc7'], ['pool2', 'output'], ['conv3', 'conv4'], ['conv3', 'conv5'], ['conv3', 'pool5'], ['conv3', 'fc6'], ['conv3', 'fc7'], ['conv3', 'output'], ['conv4', 'conv5'], ['conv4', 'pool5'], ['conv4', 'fc6'], ['conv4', 'fc7'], ['conv4', 'output'], ['conv5', 'pool5'], ['conv5', 'fc6'], ['conv5', 'fc7'], ['conv5', 'output'], ['pool5', 'fc6'], ['pool5', 'fc7'], ['pool5', 'output'], ['fc6', 'fc7'], ['fc6', 'output'], ['fc7', 'output']]
[['fc6', 'output']]
Generating the training set for videos : 
TRAINING SET : contains 962 samples, 37 patients based on 56 videos
TEST SET : contains 127 samples, 37 patients based on 8 videos
Dataset constituted.
--------------------NAIVE IMPLEMENTATION-------------------
Number of folds : 53
Grid search.
The best parameters are : {'C': 1}
Metrics obtained during CV : 
{'r2': array([-5.22953585e-01, -7.90021320e-02, -1.15485828e-01, -5.14047799e-02,
       -6.96716316e-02, -5.07573593e-03, -5.11208315e-02, -1.26338036e-01,
       -1.45173753e-02, -5.63533653e-02, -1.02711534e-01, -3.13255049e-01,
       -2.75892649e-01, -2.91102663e-01, -4.14335206e-01, -5.86828732e-02,
       -4.64809702e-02, -3.55261032e-01, -2.75653321e-04, -1.38117444e-01,
       -2.35652185e-02, -7.07967621e-01, -2.85526399e-05, -2.06330995e-01,
       -1.58963371e-02, -5.09590084e-02, -3.61879804e-01, -4.77529106e-01,
       -1.07300086e-01, -1.09558755e-02, -6.73919000e-02, -5.38907783e-01,
       -4.08135427e-01, -3.82952931e-02, -1.63169533e-01, -7.15321038e-02,
       -1.33155760e-02, -1.72822658e-02, -1.03582613e-01, -8.64603127e-02,
       -1.15602334e-02, -3.56874312e-01, -5.48330722e-01, -1.85435562e-01,
       -4.14721659e-01, -3.90581908e-02, -2.78102433e-01, -3.13930547e-02,
       -1.94458734e-01, -5.83353504e-01, -8.93859144e-03, -4.03403053e-01,
       -8.87473989e-02]), 'neg_mean_absolute_error': array([-11.46468248, -11.35223062,  -9.46888195, -10.96428898,
       -10.54450431,  -5.43977895,  -8.02778242,  -6.14687659,
        -6.85627569,  -7.84313763,  -7.78828034, -12.72988094,
       -14.28608008, -14.12744509,  -8.82598783,  -7.48117511,
       -13.2666063 ,  -5.51184146,  -8.87658082,  -9.64422431,
        -9.17311111, -14.11952688,  -8.64525947, -10.80169355,
        -7.84447664,  -9.62414762, -10.23283161, -17.04646512,
       -10.48122222, -10.25894444, -11.63377877, -12.70062342,
       -12.31805824,  -9.17005248, -11.46498899, -10.49816667,
        -9.44361111,  -6.81110092,  -6.68549491,  -7.41260497,
        -6.75485675, -12.87281236, -13.87150391,  -9.16779941,
       -21.62860668,  -7.92080515,  -9.97809083,  -5.47821086,
        -8.89526759, -17.098316  ,  -8.18865559, -14.75204177,
        -9.90523818]), 'neg_mean_squared_error': array([-169.85097979, -205.94099559, -105.96728755, -185.07493763,
       -136.88665329,  -46.38378883, -133.98192584, -104.60566065,
        -66.1982155 ,  -82.1181798 , -102.7311309 , -270.84562942,
       -385.23881801, -329.14531239, -103.08887708,  -86.52611836,
       -261.90323486,  -38.17550315,  -95.76209504, -210.2162276 ,
       -148.00737012, -370.38965814, -108.42701643, -235.90703112,
       -115.62046587, -254.13395981, -189.30522478, -575.78203328,
       -208.60171766, -147.88128522, -209.3692976 , -285.01739965,
       -305.90307109, -120.53955053, -165.19891125, -203.44983848,
       -166.42524617,  -75.54410715,  -70.49134256, -116.69092477,
        -81.48636612, -308.31244531, -379.24317096, -184.03771783,
       -832.65296366, -106.49074361, -167.87683127,  -44.96042583,
       -211.02728586, -492.28595122, -119.93763388, -425.39737367,
       -254.10782871]), 'max_error': array([-31.47653553, -34.8017939 , -15.61752856, -33.39450938,
       -21.66920258, -15.41117142, -30.93704469, -35.90465516,
       -17.58035237, -16.82734072, -25.09077548, -31.3568197 ,
       -60.42278878, -40.34689135, -17.88394086, -15.18732707,
       -34.68948032, -10.17285889, -22.32577265, -46.57150938,
       -32.44428211, -47.72793549, -20.99308241, -47.18524195,
       -31.91155255, -46.58717143, -37.25841409, -63.25979653,
       -33.99288895, -28.38788715, -31.57850893, -40.71615269,
       -47.18250604, -24.03570554, -24.60095046, -42.44049834,
       -36.71465983, -24.42459176, -17.04888646, -35.31894477,
       -21.62639464, -51.23160374, -50.19050704, -43.54389824,
       -73.16315336, -25.60368763, -33.96822059, -15.56647182,
       -50.39493558, -46.76993023, -31.68095164, -46.98841709,
       -52.74904726]), 'explained_variance': array([-2.22044605e-16,  0.00000000e+00,  1.11022302e-16,  0.00000000e+00,
        0.00000000e+00,  0.00000000e+00,  0.00000000e+00,  0.00000000e+00,
        0.00000000e+00,  3.33066907e-16,  0.00000000e+00, -2.22044605e-16,
       -2.22044605e-16,  0.00000000e+00,  2.22044605e-16,  0.00000000e+00,
        0.00000000e+00,  0.00000000e+00,  0.00000000e+00, -2.22044605e-16,
        0.00000000e+00, -2.22044605e-16, -2.22044605e-16,  1.11022302e-16,
        0.00000000e+00,  0.00000000e+00, -2.22044605e-16,  1.11022302e-16,
        0.00000000e+00, -2.22044605e-16,  0.00000000e+00,  0.00000000e+00,
        1.11022302e-16,  0.00000000e+00,  0.00000000e+00,  3.33066907e-16,
       -2.22044605e-16,  0.00000000e+00, -2.22044605e-16,  2.22044605e-16,
        0.00000000e+00,  2.22044605e-16, -2.22044605e-16,  0.00000000e+00,
       -2.22044605e-16, -2.22044605e-16, -2.22044605e-16,  0.00000000e+00,
        1.11022302e-16,  0.00000000e+00,  0.00000000e+00, -2.22044605e-16,
       -2.22044605e-16])}
         accs  y_pred (s)  y_true (s)
54     [5, 4]   14.176672      19.499
4    [33, 29]   21.428390      26.335
3    [33, 29]   21.428390      27.642
11   [33, 29]   21.428390      18.893
27   [30, 23]   20.111605      65.978
29   [30, 23]   20.111605      45.143
64     [5, 4]   14.176672      30.560
77    [17, 7]   19.707547      12.834
124  [23, 20]   19.095771      45.263
71     [5, 4]   14.176672       9.629
25   [30, 23]   20.111605      19.467
91     [6, 4]   14.630359      14.879
83    [17, 7]   19.707547      24.338
89    [17, 7]   19.707547      11.455
69     [5, 4]   14.176672       9.069
{'mse': 285.7253652804727, 'mae': 11.680133017449338, 'r2-score': -0.16865455882959157, 'max-error': 64.13039538165748, 'explained variance score': 0.05435519422856294, 'layers': ['fc6', 'output']}
