environment: line 5: __conda_exe: command not found
Using device: cuda
Using model: alexnet
Number of videos: 64
Execution type : naive
Using 2 features
Job ID : 8
Plotting ?  yes
Calculate accumulators ?  no
The directory contains : 65 videos
Number of videos in the directory : 65
Number of videos in the dataframe : 64
['conv1', 'pool1', 'conv2', 'pool2', 'conv3', 'conv4', 'conv5', 'pool5', 'fc6', 'fc7', 'output']
{'conv1': {'T_max': 231.03611281514168, 'T_min': 137.700119048357, 'tau': 100, 'alpha': 50}, 'pool1': {'T_max': 172.87935100495815, 'T_min': 96.51064738631248, 'tau': 100, 'alpha': 50}, 'conv2': {'T_max': 260.3908884525299, 'T_min': 138.66424806416035, 'tau': 100, 'alpha': 50}, 'pool2': {'T_max': 218.24047729372978, 'T_min': 114.92713752388954, 'tau': 100, 'alpha': 50}, 'conv3': {'T_max': 202.5564161837101, 'T_min': 107.47291566431522, 'tau': 100, 'alpha': 50}, 'conv4': {'T_max': 134.8227232247591, 'T_min': 73.26437871158123, 'tau': 100, 'alpha': 50}, 'conv5': {'T_max': 76.11463874578476, 'T_min': 41.856537722051144, 'tau': 100, 'alpha': 50}, 'pool5': {'T_max': 61.31686478853226, 'T_min': 33.92191906273365, 'tau': 100, 'alpha': 50}, 'fc6': {'T_max': 34.43132712692022, 'T_min': 18.570100070908666, 'tau': 100, 'alpha': 50}, 'fc7': {'T_max': 20.01874697394669, 'T_min': 10.533724257722497, 'tau': 100, 'alpha': 50}, 'output': {'T_max': 19.02098509296775, 'T_min': 9.621050400659442, 'tau': 100, 'alpha': 50}}
Iterating over following combinations of layers :  [['conv1'], ['pool1'], ['conv2'], ['pool2'], ['conv3'], ['conv4'], ['conv5'], ['pool5'], ['fc6'], ['fc7'], ['output'], ['conv1', 'pool1'], ['conv1', 'conv2'], ['conv1', 'pool2'], ['conv1', 'conv3'], ['conv1', 'conv4'], ['conv1', 'conv5'], ['conv1', 'pool5'], ['conv1', 'fc6'], ['conv1', 'fc7'], ['conv1', 'output'], ['pool1', 'conv2'], ['pool1', 'pool2'], ['pool1', 'conv3'], ['pool1', 'conv4'], ['pool1', 'conv5'], ['pool1', 'pool5'], ['pool1', 'fc6'], ['pool1', 'fc7'], ['pool1', 'output'], ['conv2', 'pool2'], ['conv2', 'conv3'], ['conv2', 'conv4'], ['conv2', 'conv5'], ['conv2', 'pool5'], ['conv2', 'fc6'], ['conv2', 'fc7'], ['conv2', 'output'], ['pool2', 'conv3'], ['pool2', 'conv4'], ['pool2', 'conv5'], ['pool2', 'pool5'], ['pool2', 'fc6'], ['pool2', 'fc7'], ['pool2', 'output'], ['conv3', 'conv4'], ['conv3', 'conv5'], ['conv3', 'pool5'], ['conv3', 'fc6'], ['conv3', 'fc7'], ['conv3', 'output'], ['conv4', 'conv5'], ['conv4', 'pool5'], ['conv4', 'fc6'], ['conv4', 'fc7'], ['conv4', 'output'], ['conv5', 'pool5'], ['conv5', 'fc6'], ['conv5', 'fc7'], ['conv5', 'output'], ['pool5', 'fc6'], ['pool5', 'fc7'], ['pool5', 'output'], ['fc6', 'fc7'], ['fc6', 'output'], ['fc7', 'output']]
[['fc6']]
Generating the training set for videos : 
TRAINING SET : contains 962 samples, 37 patients based on 56 videos
TEST SET : contains 127 samples, 37 patients based on 8 videos
Dataset constituted.
--------------------NAIVE IMPLEMENTATION-------------------
Number of folds : 53
Grid search.
The best parameters are : {'C': 1}
Metrics obtained during CV : 
{'r2': array([-4.26761320e-01, -7.38483109e-02, -1.07278255e-01, -7.49520208e-02,
       -1.09373663e-02, -7.04608464e-03, -3.84217992e-02, -1.09061552e-01,
       -2.94047532e-02, -6.19944390e-02, -8.18495562e-02, -2.79955206e-01,
       -2.66221545e-01, -4.06102229e-01, -4.48599607e-01, -1.25843278e-01,
       -3.88046956e-02, -3.09597478e-01, -1.49059369e-03, -1.02410947e-01,
       -6.39284986e-03, -5.38095636e-01, -1.64145478e-03, -1.96764005e-01,
       -4.50858686e-04, -5.62598280e-02, -3.40856176e-01, -5.37675596e-01,
       -5.52016143e-02, -5.74594442e-05, -2.12829845e-01, -4.50254261e-01,
       -4.33720181e-01, -2.66809003e-02, -2.00504195e-01, -2.33813298e-01,
       -2.88607227e-02, -1.27157437e-02, -1.10720734e-01, -6.98264129e-02,
       -9.28818122e-03, -3.88405052e-01, -5.76525681e-01, -2.12987331e-01,
       -5.25113074e-01, -1.95510896e-02, -2.86790740e-01, -3.45113397e-02,
       -2.21849430e-01, -5.41194671e-01, -2.07898824e-02, -5.30392745e-01,
       -7.66580068e-02]), 'neg_mean_absolute_error': array([-10.88202148, -11.33189438,  -9.41210217, -10.93143626,
        -9.89197777,  -5.47155655,  -8.08141212,  -6.1340969 ,
        -6.96466724,  -7.88081231,  -7.7358654 , -12.58473719,
       -14.22661865, -14.53804901,  -8.97837355,  -7.641833  ,
       -13.28209767,  -5.43436461,  -8.90050426,  -9.54010007,
        -9.24546742, -13.53568879,  -8.7266436 , -10.78513654,
        -7.37215173,  -9.60436329, -10.09343064, -17.41696477,
       -10.75384794, -10.25894444, -12.08236376, -12.31900307,
       -12.44723512,  -8.97641389, -11.58107643, -10.93573109,
        -9.44361111,  -6.82900411,  -6.7288145 ,  -7.37829624,
        -6.77708209, -13.00260836, -14.03495829,  -9.29606661,
       -22.2808696 ,  -7.88638112, -10.01666632,  -5.48822101,
        -9.05964754, -16.83584928,  -8.30008927, -15.3483203 ,
        -9.98557057]), 'neg_mean_squared_error': array([-159.12291122, -204.95732464, -105.18759657, -189.21987231,
       -129.37038682,  -46.47471953, -132.36323391, -103.00115293,
        -67.16963095,  -82.55670229, -100.78758133, -263.97787218,
       -382.31875679, -358.46255357, -105.58636048,  -92.01513618,
       -259.98209036,  -36.88923497,  -95.87840821, -203.62105145,
       -145.52424831, -333.55123932, -108.60189361, -234.0361349 ,
       -113.86259615, -255.41575888, -186.38287988, -599.22067046,
       -198.78700631, -146.28707937, -237.8970017 , -268.59809469,
       -311.46109807, -119.19119259, -170.50135882, -234.26187163,
       -168.97835493,  -75.20499396,  -70.94729007, -114.90436605,
        -81.30334066, -315.47694046, -386.14915404, -188.31510325,
       -897.62527732, -104.49150456, -169.01802731,  -45.09635793,
       -215.86645198, -479.17820167, -121.34645678, -463.89029352,
       -251.28622914]), 'max_error': array([-32.21457279, -34.67299772, -15.49766014, -34.01871097,
       -23.47208449, -15.32491794, -30.59738993, -35.66184114,
       -17.16846448, -16.72508087, -24.75881419, -30.91760132,
       -60.26139348, -41.90718625, -17.66122327, -16.2043654 ,
       -34.39514433, -10.38315321, -22.11046167, -45.86990062,
       -31.55979321, -46.13959958, -20.6268538 , -47.03622888,
       -33.48313441, -46.76523036, -37.04931262, -64.09342074,
       -32.72168426, -27.21362373, -34.4038869 , -39.8575069 ,
       -47.47315401, -24.38425499, -25.12334394, -45.41802662,
       -37.41299584, -24.26346303, -16.96173389, -35.01016615,
       -21.52638059, -51.62099174, -50.48472492, -43.92869984,
       -75.11994212, -25.018479  , -34.06190393, -15.50974762,
       -50.79414402, -46.27415975, -31.13969649, -48.61002079,
       -52.42771772]), 'explained_variance': array([-2.22044605e-16,  0.00000000e+00,  1.11022302e-16,  0.00000000e+00,
        0.00000000e+00,  0.00000000e+00,  0.00000000e+00,  0.00000000e+00,
        0.00000000e+00,  3.33066907e-16,  1.11022302e-16,  0.00000000e+00,
        0.00000000e+00,  1.11022302e-16,  2.22044605e-16,  0.00000000e+00,
        0.00000000e+00,  0.00000000e+00,  0.00000000e+00,  0.00000000e+00,
        2.22044605e-16, -2.22044605e-16, -2.22044605e-16, -2.22044605e-16,
       -2.22044605e-16, -2.22044605e-16,  0.00000000e+00,  1.11022302e-16,
        1.11022302e-16, -2.22044605e-16, -2.22044605e-16,  0.00000000e+00,
        0.00000000e+00,  0.00000000e+00,  0.00000000e+00,  3.33066907e-16,
        0.00000000e+00,  0.00000000e+00, -2.22044605e-16,  2.22044605e-16,
        0.00000000e+00,  1.11022302e-16,  0.00000000e+00,  0.00000000e+00,
       -4.44089210e-16,  0.00000000e+00, -2.22044605e-16,  0.00000000e+00,
        0.00000000e+00,  0.00000000e+00,  0.00000000e+00,  0.00000000e+00,
       -2.22044605e-16])}
     accs  y_pred (s)  y_true (s)
54    [5]   14.513741      19.499
4    [33]   20.265782      26.335
3    [33]   20.265782      27.642
11   [33]   20.265782      18.893
27   [30]   19.689413      65.978
29   [30]   19.689413      45.143
64    [5]   14.513741      30.560
77   [17]   19.709251      12.834
124  [23]   19.916914      45.263
71    [5]   14.513741       9.629
25   [30]   19.689413      19.467
91    [6]   15.106817      14.879
83   [17]   19.709251      24.338
89   [17]   19.709251      11.455
69    [5]   14.513741       9.069
{'mse': 288.4444694873344, 'mae': 11.73193872436024, 'r2-score': -0.17977605490034598, 'max-error': 64.58901807177602, 'explained variance score': 0.0467138320650462, 'layers': ['fc6']}
