environment: line 5: __conda_exe: command not found
Using device: cuda
Using model: alexnet
Number of videos: 64
Execution type : naive
Using 2 features
Job ID : 47
Plotting ?  yes
Calculate accumulators ?  no
The directory contains : 65 videos
Number of videos in the directory : 65
Number of videos in the dataframe : 64
['conv1', 'pool1', 'conv2', 'pool2', 'conv3', 'conv4', 'conv5', 'pool5', 'fc6', 'fc7', 'output']
{'conv1': {'T_max': 231.03611281514168, 'T_min': 137.700119048357, 'tau': 100, 'alpha': 50}, 'pool1': {'T_max': 172.87935100495815, 'T_min': 96.51064738631248, 'tau': 100, 'alpha': 50}, 'conv2': {'T_max': 260.3908884525299, 'T_min': 138.66424806416035, 'tau': 100, 'alpha': 50}, 'pool2': {'T_max': 218.24047729372978, 'T_min': 114.92713752388954, 'tau': 100, 'alpha': 50}, 'conv3': {'T_max': 202.5564161837101, 'T_min': 107.47291566431522, 'tau': 100, 'alpha': 50}, 'conv4': {'T_max': 134.8227232247591, 'T_min': 73.26437871158123, 'tau': 100, 'alpha': 50}, 'conv5': {'T_max': 76.11463874578476, 'T_min': 41.856537722051144, 'tau': 100, 'alpha': 50}, 'pool5': {'T_max': 61.31686478853226, 'T_min': 33.92191906273365, 'tau': 100, 'alpha': 50}, 'fc6': {'T_max': 34.43132712692022, 'T_min': 18.570100070908666, 'tau': 100, 'alpha': 50}, 'fc7': {'T_max': 20.01874697394669, 'T_min': 10.533724257722497, 'tau': 100, 'alpha': 50}, 'output': {'T_max': 19.02098509296775, 'T_min': 9.621050400659442, 'tau': 100, 'alpha': 50}}
Iterating over following combinations of layers :  [['conv1'], ['pool1'], ['conv2'], ['pool2'], ['conv3'], ['conv4'], ['conv5'], ['pool5'], ['fc6'], ['fc7'], ['output'], ['conv1', 'pool1'], ['conv1', 'conv2'], ['conv1', 'pool2'], ['conv1', 'conv3'], ['conv1', 'conv4'], ['conv1', 'conv5'], ['conv1', 'pool5'], ['conv1', 'fc6'], ['conv1', 'fc7'], ['conv1', 'output'], ['pool1', 'conv2'], ['pool1', 'pool2'], ['pool1', 'conv3'], ['pool1', 'conv4'], ['pool1', 'conv5'], ['pool1', 'pool5'], ['pool1', 'fc6'], ['pool1', 'fc7'], ['pool1', 'output'], ['conv2', 'pool2'], ['conv2', 'conv3'], ['conv2', 'conv4'], ['conv2', 'conv5'], ['conv2', 'pool5'], ['conv2', 'fc6'], ['conv2', 'fc7'], ['conv2', 'output'], ['pool2', 'conv3'], ['pool2', 'conv4'], ['pool2', 'conv5'], ['pool2', 'pool5'], ['pool2', 'fc6'], ['pool2', 'fc7'], ['pool2', 'output'], ['conv3', 'conv4'], ['conv3', 'conv5'], ['conv3', 'pool5'], ['conv3', 'fc6'], ['conv3', 'fc7'], ['conv3', 'output'], ['conv4', 'conv5'], ['conv4', 'pool5'], ['conv4', 'fc6'], ['conv4', 'fc7'], ['conv4', 'output'], ['conv5', 'pool5'], ['conv5', 'fc6'], ['conv5', 'fc7'], ['conv5', 'output'], ['pool5', 'fc6'], ['pool5', 'fc7'], ['pool5', 'output'], ['fc6', 'fc7'], ['fc6', 'output'], ['fc7', 'output']]
[['conv3', 'pool5']]
Generating the training set for videos : 
TRAINING SET : contains 962 samples, 37 patients based on 56 videos
TEST SET : contains 127 samples, 37 patients based on 8 videos
Dataset constituted.
--------------------NAIVE IMPLEMENTATION-------------------
Number of folds : 53
Grid search.
The best parameters are : {'C': 10.0}
Metrics obtained during CV : 
{'r2': array([-1.02523590e-01, -1.81425531e-02, -6.67774509e-02, -1.27419992e-01,
       -3.16959972e-02, -6.36487845e-04, -6.02015021e-02, -1.55493711e-01,
       -3.24508179e-03, -1.01499442e-01, -5.04791220e-02, -1.58819312e-01,
       -2.67179541e-01, -6.40560983e-03, -2.28526911e-01, -1.59860660e-02,
       -5.46648813e-04, -4.88217234e-01, -5.71917642e-03, -3.77427369e-02,
       -1.39985055e-02, -7.58216425e-01, -1.58706749e-04, -6.11005240e-01,
       -2.19764433e-01, -4.75222863e-02, -3.42652356e-02, -1.04453303e-01,
       -1.08536692e-01, -1.88735983e-02, -8.45816222e-02, -5.57476770e-01,
       -2.88599950e-01, -5.32815735e-04, -9.41493417e-02, -2.48235701e-01,
       -3.12385633e-02, -1.40229237e-02, -7.58505292e-02, -1.50571829e-01,
       -1.61970968e-02, -1.72564404e-01, -4.91540048e-01, -1.19110106e-01,
       -1.40916038e-01, -5.93222546e-02, -3.21328286e-01, -1.97228124e-02,
       -1.91484667e-01, -5.38524130e-01, -1.28717913e-02, -2.05710538e-01,
       -7.31961835e-02]), 'neg_mean_absolute_error': array([ -8.10504272, -12.04042648,  -9.10477896, -10.8733486 ,
        -9.12393953,  -5.32679723,  -7.99344732,  -6.16660018,
        -6.73718826,  -8.14296847,  -7.64226374, -12.29674952,
       -14.23255644, -12.99974494,  -7.87724508,  -7.86611437,
       -13.42664906,  -5.71263216,  -8.94074779,  -9.52688889,
        -9.19421436, -14.33784483,  -8.66204568, -12.53329248,
        -7.70578404,  -9.63752942,  -8.661     , -15.06666667,
       -10.48122222, -10.25894444, -11.68237693, -12.79234147,
       -11.65224731,  -8.13682642, -11.20782483, -11.00320417,
        -9.44361111,  -6.82359012,  -6.52056188,  -7.60973744,
        -6.71546678, -12.06593153, -13.52898153,  -8.82729774,
       -19.76029043,  -8.24161729, -10.16451559,  -5.43540047,
        -8.87674038, -16.81888472,  -8.22503909, -14.29380429,
       -10.0097235 ]), 'neg_mean_squared_error': array([-122.96153597, -194.32518697, -101.3401605 , -198.45561734,
       -132.02688384,  -46.17891955, -135.13940051, -107.31341668,
        -65.46268772,  -85.62771908,  -97.86503986, -238.99481384,
       -382.60801111, -256.56649805,  -89.54557536,  -83.03650963,
       -250.40723283,  -41.92066354,  -96.28323456, -191.6764958 ,
       -146.62402492, -381.28660796, -108.44112825, -315.04410064,
       -138.82295553, -253.30292092, -143.76585391, -430.39718557,
       -208.83467892, -149.03947922, -212.74106768, -288.45651703,
       -279.93520678, -116.1555645 , -155.39633291, -237.00022702,
       -169.36888746,  -75.30206608,  -68.71995565, -123.57680184,
        -81.85988925, -266.4330774 , -365.33304516, -173.74075533,
       -671.50107894, -108.56756206, -173.55448194,  -44.45169731,
       -210.50185182, -478.34789437, -120.40519324, -365.4731228 ,
       -250.47825807]), 'max_error': array([-35.73207922, -29.0578424 , -15.12302854, -35.12237662,
       -26.66914888, -15.72377054, -31.15450033, -36.27940347,
       -18.09347438, -16.11139989, -24.16600367, -29.04224089,
       -60.27751033, -33.0101538 , -19.29812214, -18.45572431,
       -31.64866787,  -9.87514444, -21.74826993, -44.1609849 ,
       -32.02107073, -48.16012069, -20.91754445, -51.76410538,
       -38.25777819, -46.4667352 , -32.34842221, -55.99835453,
       -34.01872235, -28.78351146, -32.01589237, -40.88681465,
       -45.68443144, -25.89551244, -23.44371173, -45.62044584,
       -37.50090929, -24.31218894, -17.41998577, -36.2930685 ,
       -21.80364947, -48.48844186, -49.57396676, -42.47858982,
       -66.64680693, -21.13721515, -34.42096643, -15.809064  ,
       -50.34994093, -46.24211557, -31.47477847, -43.82693431,
       -52.33110598]), 'explained_variance': array([-2.22044605e-16,  0.00000000e+00,  1.11022302e-16,  0.00000000e+00,
        0.00000000e+00,  0.00000000e+00,  0.00000000e+00,  0.00000000e+00,
        0.00000000e+00,  3.33066907e-16,  0.00000000e+00,  0.00000000e+00,
        0.00000000e+00,  0.00000000e+00,  2.22044605e-16,  0.00000000e+00,
        0.00000000e+00,  0.00000000e+00,  0.00000000e+00,  0.00000000e+00,
        0.00000000e+00, -2.22044605e-16, -2.22044605e-16, -2.22044605e-16,
        0.00000000e+00,  0.00000000e+00,  0.00000000e+00,  1.11022302e-16,
        0.00000000e+00, -2.22044605e-16, -2.22044605e-16, -2.22044605e-16,
        1.11022302e-16,  0.00000000e+00,  0.00000000e+00,  3.33066907e-16,
       -2.22044605e-16,  0.00000000e+00, -2.22044605e-16,  5.55111512e-16,
        0.00000000e+00,  0.00000000e+00,  0.00000000e+00,  0.00000000e+00,
       -4.44089210e-16,  0.00000000e+00,  0.00000000e+00,  0.00000000e+00,
        0.00000000e+00,  0.00000000e+00,  0.00000000e+00, -2.22044605e-16,
        0.00000000e+00])}
         accs  y_pred (s)  y_true (s)
54     [5, 7]   17.437005      19.499
4    [30, 32]   23.146055      26.335
3    [30, 32]   23.146055      27.642
11   [30, 32]   23.146055      18.893
27   [28, 28]   22.350681      65.978
29   [28, 28]   22.350681      45.143
64     [5, 7]   17.437005      30.560
77   [14, 14]   19.140676      12.834
124  [22, 23]   17.319046      45.263
71     [5, 7]   17.437005       9.629
25   [28, 28]   22.350681      19.467
91     [7, 6]   14.482565      14.879
83   [14, 14]   19.140676      24.338
89   [14, 14]   19.140676      11.455
69     [5, 7]   17.437005       9.069
{'mse': 276.4759779708919, 'mae': 11.57364941419582, 'r2-score': -0.13082334060676581, 'max-error': 63.271431452531985, 'explained variance score': 0.046593067576282565, 'layers': ['conv3', 'pool5']}
