environment: line 5: __conda_exe: command not found
Using device: cuda
Using model: alexnet
Number of videos: 64
Execution type : naive
Using 2 features
Job ID : 49
Plotting ?  yes
Calculate accumulators ?  no
The directory contains : 65 videos
Number of videos in the directory : 65
Number of videos in the dataframe : 64
['conv1', 'pool1', 'conv2', 'pool2', 'conv3', 'conv4', 'conv5', 'pool5', 'fc6', 'fc7', 'output']
{'conv1': {'T_max': 231.03611281514168, 'T_min': 137.700119048357, 'tau': 100, 'alpha': 50}, 'pool1': {'T_max': 172.87935100495815, 'T_min': 96.51064738631248, 'tau': 100, 'alpha': 50}, 'conv2': {'T_max': 260.3908884525299, 'T_min': 138.66424806416035, 'tau': 100, 'alpha': 50}, 'pool2': {'T_max': 218.24047729372978, 'T_min': 114.92713752388954, 'tau': 100, 'alpha': 50}, 'conv3': {'T_max': 202.5564161837101, 'T_min': 107.47291566431522, 'tau': 100, 'alpha': 50}, 'conv4': {'T_max': 134.8227232247591, 'T_min': 73.26437871158123, 'tau': 100, 'alpha': 50}, 'conv5': {'T_max': 76.11463874578476, 'T_min': 41.856537722051144, 'tau': 100, 'alpha': 50}, 'pool5': {'T_max': 61.31686478853226, 'T_min': 33.92191906273365, 'tau': 100, 'alpha': 50}, 'fc6': {'T_max': 34.43132712692022, 'T_min': 18.570100070908666, 'tau': 100, 'alpha': 50}, 'fc7': {'T_max': 20.01874697394669, 'T_min': 10.533724257722497, 'tau': 100, 'alpha': 50}, 'output': {'T_max': 19.02098509296775, 'T_min': 9.621050400659442, 'tau': 100, 'alpha': 50}}
Iterating over following combinations of layers :  [['conv1'], ['pool1'], ['conv2'], ['pool2'], ['conv3'], ['conv4'], ['conv5'], ['pool5'], ['fc6'], ['fc7'], ['output'], ['conv1', 'pool1'], ['conv1', 'conv2'], ['conv1', 'pool2'], ['conv1', 'conv3'], ['conv1', 'conv4'], ['conv1', 'conv5'], ['conv1', 'pool5'], ['conv1', 'fc6'], ['conv1', 'fc7'], ['conv1', 'output'], ['pool1', 'conv2'], ['pool1', 'pool2'], ['pool1', 'conv3'], ['pool1', 'conv4'], ['pool1', 'conv5'], ['pool1', 'pool5'], ['pool1', 'fc6'], ['pool1', 'fc7'], ['pool1', 'output'], ['conv2', 'pool2'], ['conv2', 'conv3'], ['conv2', 'conv4'], ['conv2', 'conv5'], ['conv2', 'pool5'], ['conv2', 'fc6'], ['conv2', 'fc7'], ['conv2', 'output'], ['pool2', 'conv3'], ['pool2', 'conv4'], ['pool2', 'conv5'], ['pool2', 'pool5'], ['pool2', 'fc6'], ['pool2', 'fc7'], ['pool2', 'output'], ['conv3', 'conv4'], ['conv3', 'conv5'], ['conv3', 'pool5'], ['conv3', 'fc6'], ['conv3', 'fc7'], ['conv3', 'output'], ['conv4', 'conv5'], ['conv4', 'pool5'], ['conv4', 'fc6'], ['conv4', 'fc7'], ['conv4', 'output'], ['conv5', 'pool5'], ['conv5', 'fc6'], ['conv5', 'fc7'], ['conv5', 'output'], ['pool5', 'fc6'], ['pool5', 'fc7'], ['pool5', 'output'], ['fc6', 'fc7'], ['fc6', 'output'], ['fc7', 'output']]
[['conv3', 'fc7']]
Generating the training set for videos : 
TRAINING SET : contains 962 samples, 37 patients based on 56 videos
TEST SET : contains 127 samples, 37 patients based on 8 videos
Dataset constituted.
--------------------NAIVE IMPLEMENTATION-------------------
Number of folds : 53
Grid search.
The best parameters are : {'C': 1}
Metrics obtained during CV : 
{'r2': array([-0.45182048, -0.06533612, -0.05787617, -0.08130137, -0.0761032 ,
       -0.01899431, -0.06147433, -0.09083886, -0.01646002, -0.03279871,
       -0.11204239, -0.39047808, -0.37569542, -0.05355581, -0.40660744,
       -0.15612125, -0.01852056, -0.94584481, -0.0131318 , -0.14348254,
       -0.04156273, -0.6536957 , -0.00651135, -0.25959952, -0.01098555,
       -0.05084968, -0.19165672, -0.37147543, -0.15040761, -0.0118696 ,
       -0.06091439, -0.55020294, -0.38978111, -0.0565563 , -0.19445531,
       -0.32591931, -0.01245635, -0.0389937 , -0.09447645, -0.07947954,
       -0.00110149, -0.39186848, -0.53576561, -0.20243013, -0.37245895,
       -0.0325965 , -0.23719447, -0.05283067, -0.24499144, -0.65661702,
       -0.00103783, -0.11506181, -0.0801999 ]), 'neg_mean_absolute_error': array([-11.03964933, -11.29668467,  -9.04072285, -10.9235035 ,
       -10.59415969,  -5.60640523,  -7.98975624,  -6.11946392,
        -6.87287464,  -7.73832718,  -7.80998366, -13.0747985 ,
       -14.84742318, -13.12696225,  -8.79075829,  -7.76134734,
       -13.33280373,  -6.43855556,  -8.73394848,  -9.66581633,
        -9.17311111, -13.90423942,  -8.44617729, -10.88757568,
        -7.74363244,  -9.62456625,  -9.38171434, -16.40511379,
       -10.48122222, -10.25894444, -11.61387388, -12.75539267,
       -12.22287502,  -9.42220298, -11.56305179, -11.38045956,
        -9.44361111,  -6.74790024,  -6.63408807,  -7.39864841,
        -6.94793759, -13.01653906, -13.79730815,  -9.24795837,
       -21.35612517,  -7.91063006,  -9.79859753,  -5.53957652,
        -9.19076724, -17.53279641,  -8.11691053, -14.0574375 ,
        -9.96141707]), 'neg_mean_squared_error': array([-161.91769301, -203.33266669, -100.49457004, -190.33752571,
       -137.70970612,  -47.02612461, -135.30164312, -101.30876909,
        -66.3249752 ,  -80.28710166, -103.6004149 , -286.77210096,
       -415.372938  , -268.58666302, -102.52561109,  -94.48975406,
       -254.90557181,  -54.81128931,  -96.99288752, -211.20718949,
       -150.609807  , -358.62025487, -109.12990706, -246.32408796,
       -115.06156314, -254.1075224 , -165.64372533, -534.45371093,
       -216.72264586, -148.01494295, -208.09873116, -287.10934821,
       -301.91578281, -122.65953814, -169.64226672, -251.74987084,
       -166.2841288 ,  -77.15641357,  -69.90968627, -115.94115706,
        -80.64386044, -316.26390892, -376.16551386, -186.67610865,
       -807.77869374, -105.82849974, -162.50363168,  -45.89493319,
       -219.95499391, -515.06456534, -118.9984304 , -337.99582103,
       -252.11288758]), 'max_error': array([-32.01491085, -34.45000294, -15.29689511, -34.16943354,
       -21.53442369, -14.95890008, -31.18363143, -35.38381455,
       -17.51727637, -17.32359455, -25.22822987, -32.29302449,
       -61.94643435, -35.42728271, -17.93543019, -16.56939993,
       -33.43172909, -11.32841416, -23.60946365, -46.66867347,
       -33.04985608, -47.2435387 , -21.8889522 , -47.95818115,
       -32.138452  , -46.58340376, -35.32747635, -61.65000802,
       -34.81994673, -28.43961993, -31.39936489, -40.82030681,
       -46.96834379, -23.58183463, -25.04223306, -46.62165902,
       -36.66615163, -24.99339781, -17.16455185, -35.19333572,
       -20.95926541, -51.66278385, -50.05695468, -43.7843751 ,
       -72.34570885, -25.430711  , -33.50603159, -15.21873306,
       -51.11257757, -47.59061544, -32.36052105, -41.83614322,
       -52.52433173]), 'explained_variance': array([-2.22044605e-16,  0.00000000e+00,  1.11022302e-16,  3.33066907e-16,
        0.00000000e+00,  0.00000000e+00,  2.22044605e-16,  0.00000000e+00,
       -2.22044605e-16,  3.33066907e-16,  0.00000000e+00,  0.00000000e+00,
        0.00000000e+00,  0.00000000e+00,  2.22044605e-16,  0.00000000e+00,
        0.00000000e+00,  0.00000000e+00,  0.00000000e+00,  0.00000000e+00,
        0.00000000e+00, -2.22044605e-16, -2.22044605e-16,  0.00000000e+00,
        0.00000000e+00,  0.00000000e+00, -2.22044605e-16,  0.00000000e+00,
        1.11022302e-16, -2.22044605e-16,  0.00000000e+00,  0.00000000e+00,
        1.11022302e-16,  0.00000000e+00,  0.00000000e+00,  3.33066907e-16,
       -4.44089210e-16,  0.00000000e+00,  0.00000000e+00,  0.00000000e+00,
        0.00000000e+00,  1.11022302e-16, -2.22044605e-16,  0.00000000e+00,
       -2.22044605e-16, -2.22044605e-16,  0.00000000e+00,  0.00000000e+00,
        1.11022302e-16,  0.00000000e+00,  0.00000000e+00, -2.22044605e-16,
       -2.22044605e-16])}
         accs  y_pred (s)  y_true (s)
54     [5, 4]   14.353490      19.499
4    [30, 28]   24.094486      26.335
3    [30, 28]   24.094486      27.642
11   [30, 28]   24.094486      18.893
27   [28, 23]   22.613716      65.978
29   [28, 23]   22.613716      45.143
64     [5, 4]   14.353490      30.560
77   [14, 15]   18.205912      12.834
124  [22, 22]   19.848628      45.263
71     [5, 4]   14.353490       9.629
25   [28, 23]   22.613716      19.467
91     [7, 5]   15.070221      14.879
83   [14, 15]   18.205912      24.338
89   [14, 15]   18.205912      11.455
69     [5, 4]   14.353490       9.069
{'mse': 265.13422660838575, 'mae': 11.27712679563089, 'r2-score': -0.08443407648982726, 'max-error': 63.82055804276464, 'explained variance score': 0.09486200457927352, 'layers': ['conv3', 'fc7']}
