environment: line 5: __conda_exe: command not found
Using device: cuda
Using model: alexnet
Number of videos: 64
Execution type : naive
Using 2 features
Job ID : 27
Plotting ?  yes
Calculate accumulators ?  no
The directory contains : 65 videos
Number of videos in the directory : 65
Number of videos in the dataframe : 64
['conv1', 'pool1', 'conv2', 'pool2', 'conv3', 'conv4', 'conv5', 'pool5', 'fc6', 'fc7', 'output']
{'conv1': {'T_max': 231.03611281514168, 'T_min': 137.700119048357, 'tau': 100, 'alpha': 50}, 'pool1': {'T_max': 172.87935100495815, 'T_min': 96.51064738631248, 'tau': 100, 'alpha': 50}, 'conv2': {'T_max': 260.3908884525299, 'T_min': 138.66424806416035, 'tau': 100, 'alpha': 50}, 'pool2': {'T_max': 218.24047729372978, 'T_min': 114.92713752388954, 'tau': 100, 'alpha': 50}, 'conv3': {'T_max': 202.5564161837101, 'T_min': 107.47291566431522, 'tau': 100, 'alpha': 50}, 'conv4': {'T_max': 134.8227232247591, 'T_min': 73.26437871158123, 'tau': 100, 'alpha': 50}, 'conv5': {'T_max': 76.11463874578476, 'T_min': 41.856537722051144, 'tau': 100, 'alpha': 50}, 'pool5': {'T_max': 61.31686478853226, 'T_min': 33.92191906273365, 'tau': 100, 'alpha': 50}, 'fc6': {'T_max': 34.43132712692022, 'T_min': 18.570100070908666, 'tau': 100, 'alpha': 50}, 'fc7': {'T_max': 20.01874697394669, 'T_min': 10.533724257722497, 'tau': 100, 'alpha': 50}, 'output': {'T_max': 19.02098509296775, 'T_min': 9.621050400659442, 'tau': 100, 'alpha': 50}}
Iterating over following combinations of layers :  [['conv1'], ['pool1'], ['conv2'], ['pool2'], ['conv3'], ['conv4'], ['conv5'], ['pool5'], ['fc6'], ['fc7'], ['output'], ['conv1', 'pool1'], ['conv1', 'conv2'], ['conv1', 'pool2'], ['conv1', 'conv3'], ['conv1', 'conv4'], ['conv1', 'conv5'], ['conv1', 'pool5'], ['conv1', 'fc6'], ['conv1', 'fc7'], ['conv1', 'output'], ['pool1', 'conv2'], ['pool1', 'pool2'], ['pool1', 'conv3'], ['pool1', 'conv4'], ['pool1', 'conv5'], ['pool1', 'pool5'], ['pool1', 'fc6'], ['pool1', 'fc7'], ['pool1', 'output'], ['conv2', 'pool2'], ['conv2', 'conv3'], ['conv2', 'conv4'], ['conv2', 'conv5'], ['conv2', 'pool5'], ['conv2', 'fc6'], ['conv2', 'fc7'], ['conv2', 'output'], ['pool2', 'conv3'], ['pool2', 'conv4'], ['pool2', 'conv5'], ['pool2', 'pool5'], ['pool2', 'fc6'], ['pool2', 'fc7'], ['pool2', 'output'], ['conv3', 'conv4'], ['conv3', 'conv5'], ['conv3', 'pool5'], ['conv3', 'fc6'], ['conv3', 'fc7'], ['conv3', 'output'], ['conv4', 'conv5'], ['conv4', 'pool5'], ['conv4', 'fc6'], ['conv4', 'fc7'], ['conv4', 'output'], ['conv5', 'pool5'], ['conv5', 'fc6'], ['conv5', 'fc7'], ['conv5', 'output'], ['pool5', 'fc6'], ['pool5', 'fc7'], ['pool5', 'output'], ['fc6', 'fc7'], ['fc6', 'output'], ['fc7', 'output']]
[['pool1', 'fc6']]
Generating the training set for videos : 
TRAINING SET : contains 962 samples, 37 patients based on 56 videos
TEST SET : contains 127 samples, 37 patients based on 8 videos
Dataset constituted.
--------------------NAIVE IMPLEMENTATION-------------------
Number of folds : 53
Grid search.
The best parameters are : {'C': 1}
Metrics obtained during CV : 
{'r2': array([-3.44539846e-01, -4.37056984e-03, -2.57265245e-01, -1.15232767e-01,
       -1.59810778e-01, -1.01354626e-02, -3.33928153e-02, -1.08532973e-01,
       -3.26895445e-02, -3.01185900e-02, -8.25281386e-02, -3.73372998e-01,
       -2.60063474e-01, -2.60288195e-01, -3.63206810e-01, -2.93690643e-03,
       -4.83327697e-02, -3.43994520e-01, -4.99024227e-03, -1.42424146e-01,
       -3.75219287e-02, -4.99762828e-01, -4.30864053e-03, -2.70542538e-01,
       -1.82222392e-03, -8.03324316e-02, -3.12736583e-01, -3.99601592e-01,
       -6.45823095e-02, -7.26518676e-03, -6.19825641e-02, -5.36889522e-01,
       -4.90226540e-01, -2.71614508e-02, -1.09351984e-01, -3.03019803e-01,
       -3.92029100e-02, -1.52944629e-02, -1.58623143e-01, -6.12047315e-02,
       -6.00090704e-03, -3.66910160e-01, -6.02805372e-01, -1.96233878e-01,
       -4.95396918e-01, -2.08588438e-02, -2.74966966e-01, -3.53958013e-02,
       -2.31044975e-01, -5.54246661e-01, -2.14549341e-04, -3.64616451e-01,
       -7.26199130e-02]), 'neg_mean_absolute_error': array([-10.32930022, -11.19068145, -10.24165034, -10.88556855,
       -11.11052211,  -5.51343879,  -8.10508166,  -6.1336905 ,
        -6.98448839,  -7.7278067 ,  -7.73766906, -13.00157276,
       -14.18819231, -14.00410352,  -8.58635858,  -7.60827668,
       -13.26306539,  -5.49321219,  -8.78173192,  -9.66158916,
        -9.17311111, -13.44860492,  -8.78478191, -10.90862318,
        -7.51476314,  -9.52447244,  -9.93834488, -16.55417292,
       -10.69534628, -10.25894444, -11.61722672, -12.6923011 ,
       -12.71966164,  -8.98517983, -11.27097778, -11.25539844,
        -9.44361111,  -6.81856101,  -7.02654062,  -7.35889211,
        -6.81479747, -12.91472542, -14.18374662,  -9.21913683,
       -22.11264468,  -7.88912087,  -9.9640219 ,  -5.49097706,
        -9.11253092, -16.91816603,  -8.10576842, -14.6208601 ,
       -10.01379914]), 'neg_mean_squared_error': array([-149.95296801, -191.69663243, -119.43584077, -196.31034466,
       -148.42182506,  -46.61729292, -131.72221062, -102.95206259,
        -67.38396668,  -80.07875619, -100.85079962, -283.24435096,
       -380.45940914, -321.28967238,  -99.36220124,  -81.97000222,
       -262.3666855 ,  -37.85814382,  -96.21344954, -211.01169793,
       -150.02550824, -325.23839107, -108.89108034, -248.46407769,
       -114.01867299, -261.23679093, -182.47417523, -545.41426468,
       -200.55421392, -147.34141616, -208.30825445, -284.64360236,
       -323.73652881, -119.24698149, -157.55548507, -247.40198399,
       -170.67693838,  -75.39649149,  -74.0070566 , -113.97835709,
        -81.03853386, -310.59281632, -392.58601758, -185.71414588,
       -880.13544411, -104.62553336, -167.46499233,  -45.13491333,
       -217.49104635, -483.23624129, -118.90056286, -413.64043855,
       -250.34375963]), 'max_error': array([-32.91468638, -31.83201749, -17.2489285 , -34.89019751,
       -20.13286855, -15.21123758, -30.44748279, -35.65411942,
       -17.09314412, -17.3902242 , -24.77023737, -32.09426892,
       -60.15709341, -39.87819336, -18.23416822, -16.82275231,
       -34.75675766, -10.22342407, -23.17941276, -46.64965121,
       -32.92763903, -45.74772213, -20.3652314 , -48.10680431,
       -32.80121058, -47.48424807, -36.75927597, -62.09718543,
       -32.98494176, -28.15283818, -31.42954051, -40.69742748,
       -48.08611369, -24.36847631, -23.7279    , -46.34027148,
       -37.77327693, -24.35745095, -16.4380224 , -34.83552896,
       -21.35666139, -51.35734292, -50.75254392, -43.69791048,
       -74.61526738, -25.06505476, -33.9340532 , -15.49413   ,
       -50.9225751 , -46.42964695, -32.55206322, -46.44338083,
       -52.31480345]), 'explained_variance': array([-2.22044605e-16,  0.00000000e+00,  1.11022302e-16,  0.00000000e+00,
        0.00000000e+00,  0.00000000e+00,  0.00000000e+00,  0.00000000e+00,
        0.00000000e+00,  3.33066907e-16,  0.00000000e+00,  0.00000000e+00,
        0.00000000e+00,  0.00000000e+00,  2.22044605e-16,  0.00000000e+00,
        0.00000000e+00,  0.00000000e+00,  0.00000000e+00,  0.00000000e+00,
        0.00000000e+00,  1.11022302e-16, -2.22044605e-16,  1.11022302e-16,
        0.00000000e+00, -2.22044605e-16, -2.22044605e-16,  0.00000000e+00,
        0.00000000e+00, -2.22044605e-16,  0.00000000e+00,  0.00000000e+00,
        0.00000000e+00,  0.00000000e+00,  0.00000000e+00,  0.00000000e+00,
        0.00000000e+00,  0.00000000e+00, -2.22044605e-16,  0.00000000e+00,
        0.00000000e+00,  1.11022302e-16,  0.00000000e+00,  0.00000000e+00,
       -2.22044605e-16, -2.22044605e-16,  0.00000000e+00,  0.00000000e+00,
        0.00000000e+00,  0.00000000e+00,  0.00000000e+00, -2.22044605e-16,
       -2.22044605e-16])}
         accs  y_pred (s)  y_true (s)
54     [2, 5]   14.722877      19.499
4    [22, 33]   19.322908      26.335
3    [22, 33]   19.322908      27.642
11   [22, 33]   19.322908      18.893
27   [27, 30]   21.356015      65.978
29   [27, 30]   21.356015      45.143
64     [2, 5]   14.722877      30.560
77   [14, 17]   18.418662      12.834
124  [21, 23]   20.647315      45.263
71     [2, 5]   14.722877       9.629
25   [27, 30]   21.356015      19.467
91     [9, 6]   15.387036      14.879
83   [14, 17]   18.418662      24.338
89   [14, 17]   18.418662      11.455
69     [2, 5]   14.722877       9.069
{'mse': 283.25646982938156, 'mae': 11.640150788584199, 'r2-score': -0.1585564496842622, 'max-error': 64.55496484548165, 'explained variance score': 0.061883725287540714, 'layers': ['pool1', 'fc6']}
