environment: line 5: __conda_exe: command not found
Using device: cuda
Using model: alexnet
Number of videos: 64
Execution type : naive
Using 2 features
Job ID : 62
Plotting ?  yes
Calculate accumulators ?  no
The directory contains : 65 videos
Number of videos in the directory : 65
Number of videos in the dataframe : 64
['conv1', 'pool1', 'conv2', 'pool2', 'conv3', 'conv4', 'conv5', 'pool5', 'fc6', 'fc7', 'output']
{'conv1': {'T_max': 231.03611281514168, 'T_min': 137.700119048357, 'tau': 100, 'alpha': 50}, 'pool1': {'T_max': 172.87935100495815, 'T_min': 96.51064738631248, 'tau': 100, 'alpha': 50}, 'conv2': {'T_max': 260.3908884525299, 'T_min': 138.66424806416035, 'tau': 100, 'alpha': 50}, 'pool2': {'T_max': 218.24047729372978, 'T_min': 114.92713752388954, 'tau': 100, 'alpha': 50}, 'conv3': {'T_max': 202.5564161837101, 'T_min': 107.47291566431522, 'tau': 100, 'alpha': 50}, 'conv4': {'T_max': 134.8227232247591, 'T_min': 73.26437871158123, 'tau': 100, 'alpha': 50}, 'conv5': {'T_max': 76.11463874578476, 'T_min': 41.856537722051144, 'tau': 100, 'alpha': 50}, 'pool5': {'T_max': 61.31686478853226, 'T_min': 33.92191906273365, 'tau': 100, 'alpha': 50}, 'fc6': {'T_max': 34.43132712692022, 'T_min': 18.570100070908666, 'tau': 100, 'alpha': 50}, 'fc7': {'T_max': 20.01874697394669, 'T_min': 10.533724257722497, 'tau': 100, 'alpha': 50}, 'output': {'T_max': 19.02098509296775, 'T_min': 9.621050400659442, 'tau': 100, 'alpha': 50}}
Iterating over following combinations of layers :  [['conv1'], ['pool1'], ['conv2'], ['pool2'], ['conv3'], ['conv4'], ['conv5'], ['pool5'], ['fc6'], ['fc7'], ['output'], ['conv1', 'pool1'], ['conv1', 'conv2'], ['conv1', 'pool2'], ['conv1', 'conv3'], ['conv1', 'conv4'], ['conv1', 'conv5'], ['conv1', 'pool5'], ['conv1', 'fc6'], ['conv1', 'fc7'], ['conv1', 'output'], ['pool1', 'conv2'], ['pool1', 'pool2'], ['pool1', 'conv3'], ['pool1', 'conv4'], ['pool1', 'conv5'], ['pool1', 'pool5'], ['pool1', 'fc6'], ['pool1', 'fc7'], ['pool1', 'output'], ['conv2', 'pool2'], ['conv2', 'conv3'], ['conv2', 'conv4'], ['conv2', 'conv5'], ['conv2', 'pool5'], ['conv2', 'fc6'], ['conv2', 'fc7'], ['conv2', 'output'], ['pool2', 'conv3'], ['pool2', 'conv4'], ['pool2', 'conv5'], ['pool2', 'pool5'], ['pool2', 'fc6'], ['pool2', 'fc7'], ['pool2', 'output'], ['conv3', 'conv4'], ['conv3', 'conv5'], ['conv3', 'pool5'], ['conv3', 'fc6'], ['conv3', 'fc7'], ['conv3', 'output'], ['conv4', 'conv5'], ['conv4', 'pool5'], ['conv4', 'fc6'], ['conv4', 'fc7'], ['conv4', 'output'], ['conv5', 'pool5'], ['conv5', 'fc6'], ['conv5', 'fc7'], ['conv5', 'output'], ['pool5', 'fc6'], ['pool5', 'fc7'], ['pool5', 'output'], ['fc6', 'fc7'], ['fc6', 'output'], ['fc7', 'output']]
[['pool5', 'output']]
Generating the training set for videos : 
TRAINING SET : contains 962 samples, 37 patients based on 56 videos
TEST SET : contains 127 samples, 37 patients based on 8 videos
Dataset constituted.
--------------------NAIVE IMPLEMENTATION-------------------
Number of folds : 53
Grid search.
The best parameters are : {'C': 1}
Metrics obtained during CV : 
{'r2': array([-4.82170999e-01, -1.95070979e-02, -1.09081259e-01, -3.53481213e-02,
       -5.27023708e-02, -3.52233276e-03, -7.34833672e-02, -1.25259140e-01,
       -1.82428428e-02, -4.26123188e-02, -6.67820223e-02, -3.20074464e-01,
       -2.68184934e-01, -3.47865847e-01, -4.00433178e-01, -1.45291166e-02,
       -3.88574803e-02, -4.18322582e-01, -1.60074220e-03, -6.52336662e-02,
       -2.93237223e-02, -6.09317414e-01, -1.09509024e-03, -2.60057374e-01,
       -6.55687342e-03, -4.45707388e-02, -2.94996619e-01, -5.00337418e-01,
       -1.06293210e-01, -1.74874411e-02, -9.34786811e-02, -5.24150038e-01,
       -3.49200397e-01, -3.63649860e-02, -1.66254701e-01, -3.90640576e-02,
       -1.19845236e-02, -1.44013296e-02, -1.23365300e-01, -1.11161375e-01,
       -1.10377750e-02, -3.20964321e-01, -5.28131666e-01, -1.46898473e-01,
       -3.94656723e-01, -1.81564341e-05, -2.78609951e-01, -3.88613727e-02,
       -2.25354409e-01, -5.06118815e-01, -1.13447200e-02, -3.87473788e-01,
       -8.53524686e-02]), 'neg_mean_absolute_error': array([-11.22481708, -11.11985456,  -9.42475653, -10.99132342,
       -10.40120155,  -5.41000812,  -7.98967689,  -6.14610515,
        -6.8872647 ,  -7.77358085,  -7.69369386, -12.76194026,
       -14.23877655, -14.33863423,  -8.76236963,  -7.51357514,
       -13.28198615,  -5.61105776,  -8.90202745,  -9.52688889,
        -9.17311111, -13.73331773,  -8.70946794, -10.88827352,
        -7.65091477,  -9.64941371,  -9.85401976, -17.18956736,
       -10.4822506 , -10.25894444, -11.70558482, -12.63940475,
       -12.00412959,  -9.1401481 , -11.47505507, -10.49816667,
        -9.44361111,  -6.82207046,  -6.81089741,  -7.48392965,
        -6.75975865, -12.71779007, -13.75180498,  -8.97114515,
       -21.50106398,  -7.81987775,  -9.9803606 ,  -5.50145762,
        -9.07993155, -16.65681137,  -8.21168168, -14.69691094,
        -9.92721287]), 'neg_mean_squared_error': array([-165.30260602, -194.58562733, -105.35887568, -182.24854274,
       -134.71508469,  -46.31209998, -136.83238366, -104.50546103,
        -66.44130577,  -81.04998637,  -99.38385538, -272.25206507,
       -382.91157592, -343.61614932, -102.07557809,  -82.9174332 ,
       -259.99530083,  -39.95184466,  -95.88895336, -196.75421382,
       -148.84004888, -348.99638578, -108.54265462, -246.41362558,
       -114.55752953, -252.58920285, -180.00826896, -584.67026204,
       -208.4120346 , -148.83671397, -214.4862289 , -282.28415337,
       -293.1000364 , -120.31545402, -165.6370816 , -197.28519   ,
       -166.20663636,  -75.33016677,  -71.75496175, -119.34393455,
        -81.44427941, -300.15288535, -374.29567884, -178.05487227,
       -820.84348291, -102.48961804, -167.94349297,  -45.28598431,
       -216.48568334, -468.27264516, -120.22366255, -420.56891932,
       -253.3154701 ]), 'max_error': array([-31.78036503, -32.84823664, -15.5243749 , -32.88085496,
       -22.05816722, -15.49197796, -31.44486086, -35.88999779,
       -17.46259414, -17.10032131, -24.49172779, -31.44383786,
       -60.29439349, -41.14941006, -17.9769213 , -16.22297588,
       -34.39726314,  -9.90355751, -22.09675296, -44.99183338,
       -32.6575093 , -46.83228651, -20.70414425, -47.96446166,
       -32.3927557 , -46.35977662, -36.56954447, -63.58177657,
       -33.97174459, -28.72133173, -32.22476335, -40.57841069,
       -46.47616658, -24.08953342, -24.64624782, -41.47858751,
       -36.6388009 , -24.32586584, -16.81398467, -35.72693341,
       -21.60433608, -50.76653689, -49.97504896, -42.95393546,
       -72.78052526, -23.64607831, -33.97373289, -15.43474017,
       -50.8434052 , -45.84675866, -31.55047049, -46.76789377,
       -52.6611485 ]), 'explained_variance': array([-2.22044605e-16,  0.00000000e+00,  1.11022302e-16,  3.33066907e-16,
        0.00000000e+00,  0.00000000e+00,  0.00000000e+00,  0.00000000e+00,
        0.00000000e+00,  3.33066907e-16,  0.00000000e+00,  0.00000000e+00,
        0.00000000e+00,  0.00000000e+00,  2.22044605e-16,  0.00000000e+00,
        0.00000000e+00,  0.00000000e+00,  0.00000000e+00,  0.00000000e+00,
        0.00000000e+00,  1.11022302e-16, -2.22044605e-16, -2.22044605e-16,
        0.00000000e+00, -2.22044605e-16, -2.22044605e-16,  0.00000000e+00,
        0.00000000e+00, -2.22044605e-16, -2.22044605e-16,  0.00000000e+00,
        1.11022302e-16,  0.00000000e+00,  0.00000000e+00,  3.33066907e-16,
       -2.22044605e-16,  0.00000000e+00,  0.00000000e+00,  0.00000000e+00,
        0.00000000e+00,  0.00000000e+00, -2.22044605e-16,  0.00000000e+00,
        0.00000000e+00, -2.22044605e-16,  0.00000000e+00,  0.00000000e+00,
        0.00000000e+00,  0.00000000e+00,  0.00000000e+00, -2.22044605e-16,
       -2.22044605e-16])}
         accs  y_pred (s)  y_true (s)
54     [7, 4]   15.324113      19.499
4    [32, 29]   21.325032      26.335
3    [32, 29]   21.325032      27.642
11   [32, 29]   21.325032      18.893
27   [28, 23]   19.527784      65.978
29   [28, 23]   19.527784      45.143
64     [7, 4]   15.324113      30.560
77    [14, 7]   19.318703      12.834
124  [23, 20]   18.442742      45.263
71     [7, 4]   15.324113       9.629
25   [28, 23]   19.527784      19.467
91     [6, 4]   14.803876      14.879
83    [14, 7]   19.318703      24.338
89    [14, 7]   19.318703      11.455
69     [7, 4]   15.324113       9.069
{'mse': 287.95694104307114, 'mae': 11.698911592760755, 'r2-score': -0.17778199904048875, 'max-error': 63.71619982904443, 'explained variance score': 0.0458355560721555, 'layers': ['pool5', 'output']}
