environment: line 5: __conda_exe: command not found
Using device: cuda
Using model: alexnet
Number of videos: 64
Execution type : naive
Using 2 features
Job ID : 22
Plotting ?  yes
Calculate accumulators ?  no
The directory contains : 65 videos
Number of videos in the directory : 65
Number of videos in the dataframe : 64
['conv1', 'pool1', 'conv2', 'pool2', 'conv3', 'conv4', 'conv5', 'pool5', 'fc6', 'fc7', 'output']
{'conv1': {'T_max': 231.03611281514168, 'T_min': 137.700119048357, 'tau': 100, 'alpha': 50}, 'pool1': {'T_max': 172.87935100495815, 'T_min': 96.51064738631248, 'tau': 100, 'alpha': 50}, 'conv2': {'T_max': 260.3908884525299, 'T_min': 138.66424806416035, 'tau': 100, 'alpha': 50}, 'pool2': {'T_max': 218.24047729372978, 'T_min': 114.92713752388954, 'tau': 100, 'alpha': 50}, 'conv3': {'T_max': 202.5564161837101, 'T_min': 107.47291566431522, 'tau': 100, 'alpha': 50}, 'conv4': {'T_max': 134.8227232247591, 'T_min': 73.26437871158123, 'tau': 100, 'alpha': 50}, 'conv5': {'T_max': 76.11463874578476, 'T_min': 41.856537722051144, 'tau': 100, 'alpha': 50}, 'pool5': {'T_max': 61.31686478853226, 'T_min': 33.92191906273365, 'tau': 100, 'alpha': 50}, 'fc6': {'T_max': 34.43132712692022, 'T_min': 18.570100070908666, 'tau': 100, 'alpha': 50}, 'fc7': {'T_max': 20.01874697394669, 'T_min': 10.533724257722497, 'tau': 100, 'alpha': 50}, 'output': {'T_max': 19.02098509296775, 'T_min': 9.621050400659442, 'tau': 100, 'alpha': 50}}
Iterating over following combinations of layers :  [['conv1'], ['pool1'], ['conv2'], ['pool2'], ['conv3'], ['conv4'], ['conv5'], ['pool5'], ['fc6'], ['fc7'], ['output'], ['conv1', 'pool1'], ['conv1', 'conv2'], ['conv1', 'pool2'], ['conv1', 'conv3'], ['conv1', 'conv4'], ['conv1', 'conv5'], ['conv1', 'pool5'], ['conv1', 'fc6'], ['conv1', 'fc7'], ['conv1', 'output'], ['pool1', 'conv2'], ['pool1', 'pool2'], ['pool1', 'conv3'], ['pool1', 'conv4'], ['pool1', 'conv5'], ['pool1', 'pool5'], ['pool1', 'fc6'], ['pool1', 'fc7'], ['pool1', 'output'], ['conv2', 'pool2'], ['conv2', 'conv3'], ['conv2', 'conv4'], ['conv2', 'conv5'], ['conv2', 'pool5'], ['conv2', 'fc6'], ['conv2', 'fc7'], ['conv2', 'output'], ['pool2', 'conv3'], ['pool2', 'conv4'], ['pool2', 'conv5'], ['pool2', 'pool5'], ['pool2', 'fc6'], ['pool2', 'fc7'], ['pool2', 'output'], ['conv3', 'conv4'], ['conv3', 'conv5'], ['conv3', 'pool5'], ['conv3', 'fc6'], ['conv3', 'fc7'], ['conv3', 'output'], ['conv4', 'conv5'], ['conv4', 'pool5'], ['conv4', 'fc6'], ['conv4', 'fc7'], ['conv4', 'output'], ['conv5', 'pool5'], ['conv5', 'fc6'], ['conv5', 'fc7'], ['conv5', 'output'], ['pool5', 'fc6'], ['pool5', 'fc7'], ['pool5', 'output'], ['fc6', 'fc7'], ['fc6', 'output'], ['fc7', 'output']]
[['pool1', 'pool2']]
Generating the training set for videos : 
TRAINING SET : contains 962 samples, 37 patients based on 56 videos
TEST SET : contains 127 samples, 37 patients based on 8 videos
Dataset constituted.
--------------------NAIVE IMPLEMENTATION-------------------
Number of folds : 53
Grid search.
The best parameters are : {'C': 1}
Metrics obtained during CV : 
{'r2': array([-4.51331321e-01, -2.52708600e-02, -1.63069738e-01, -1.31529694e-01,
       -9.29868337e-02, -1.79953659e-02, -1.61270076e-02, -9.08621670e-02,
       -6.99192534e-02, -4.71443017e-04, -5.78610700e-02, -5.92266130e-01,
       -2.64269822e-01, -9.62989986e-02, -1.73895316e-01, -1.81230152e-01,
       -6.79092842e-03, -5.70794232e-01, -4.28628629e-02, -1.43717174e-01,
       -6.01200646e-02, -5.85838228e-01, -5.52071316e-03, -2.82087439e-01,
       -3.43002200e-02, -1.20219014e-01, -3.09555346e-02, -3.25109883e-01,
       -1.68680506e-01, -1.42589084e-02, -4.75416149e-02, -5.57103891e-01,
       -5.73380643e-01, -3.47703599e-02, -1.24336881e-01, -4.00761571e-01,
       -6.20590930e-02, -8.23979051e-03, -6.95358859e-02, -1.92012460e-02,
       -1.28283637e-03, -4.35006630e-01, -6.86883762e-01, -1.41693612e-01,
       -3.65534387e-01, -5.41207054e-03, -2.37181995e-01, -5.85495369e-02,
       -3.08459027e-01, -5.29892846e-01, -2.31594754e-02, -1.39273175e-01,
       -8.49532787e-02]), 'neg_mean_absolute_error': array([-11.03661485, -11.13388821,  -9.76429776, -10.86936077,
       -10.71531289,  -5.59721233,  -8.20445486,  -6.11948353,
        -7.1622426 ,  -7.51643214,  -7.66644625, -13.89708865,
       -14.21448847, -13.25621727,  -7.61715563,  -7.89234162,
       -13.37750187,  -5.82366462,  -8.63345183,  -9.66675131,
        -9.17311111, -13.65876816,  -8.46096666, -10.94275083,
        -8.1248024 ,  -9.43438889,  -8.661     , -16.14648673,
       -10.48122222, -10.25894444, -11.59161111, -12.79045325,
       -13.09342594,  -9.11483996, -11.32905594, -11.76115858,
        -9.44361111,  -6.85006023,  -6.47895575,  -7.23357594,
        -6.93745431, -13.20999278, -14.63916702,  -8.94268988,
       -21.31003256,  -7.84692374,  -9.79855436,  -5.55369895,
        -9.52147771, -16.76776494,  -8.2127651 , -14.1189178 ,
        -9.92982525]), 'neg_mean_squared_error': array([-161.86313836, -195.68571311, -110.48759401, -199.17903325,
       -139.87031657,  -46.98002389, -129.52141115, -101.31093331,
        -69.8132403 ,  -77.77406363,  -98.55275904, -328.38885535,
       -381.72945994, -279.4833337 ,  -85.56355629,  -96.54190364,
       -251.96999133,  -44.24672351,  -99.83921158, -211.25052712,
       -153.29319514, -343.90469222, -109.02249801, -250.72176933,
       -117.7150354 , -270.8818248 , -143.30579591, -516.38540325,
       -220.16503383, -148.36444849, -205.47565718, -288.38745701,
       -341.80091023, -120.13032796, -159.68371196, -265.96003451,
       -174.43079943,  -74.87260648,  -68.31660779, -109.46698607,
        -80.65846907, -326.0658701 , -413.17990926, -177.24682263,
       -803.70315044, -103.0424282 , -162.50199325,  -46.14422961,
       -231.16793347, -475.66431182, -121.62814229, -345.33473141,
       -253.22230131]), 'max_error': array([-32.01875452, -33.114876  , -16.24118417, -35.19814538,
       -21.20557931, -14.98385226, -29.81811925, -35.38418708,
       -16.41767811, -18.72892976, -24.31915957, -34.37115312,
       -60.22846871, -36.68704268, -19.819227  , -16.84594343,
       -32.58246448, -10.17651824, -24.51393356, -46.67288092,
       -33.5467824 , -46.60863781, -21.82240004, -48.26037874,
       -31.28081961, -48.46852496, -32.24034536, -60.87412687,
       -35.13402759, -28.56616542, -30.99645838, -40.88341584,
       -48.92708337, -24.13508808, -23.98925175, -47.47823182,
       -38.42839987, -24.07395794, -17.51359957, -33.70768344,
       -20.98285281, -52.16860875, -51.57230063, -42.86856963,
       -72.20743101, -24.34770354, -33.50588482, -15.13870594,
       -51.91573157, -46.13800057, -34.3710067 , -42.4278424 ,
       -52.650699  ]), 'explained_variance': array([-2.22044605e-16,  0.00000000e+00,  1.11022302e-16,  0.00000000e+00,
        0.00000000e+00,  0.00000000e+00,  0.00000000e+00,  0.00000000e+00,
        0.00000000e+00,  3.33066907e-16,  0.00000000e+00, -2.22044605e-16,
        0.00000000e+00,  0.00000000e+00,  2.22044605e-16,  0.00000000e+00,
        0.00000000e+00,  0.00000000e+00,  0.00000000e+00,  0.00000000e+00,
        2.22044605e-16, -2.22044605e-16, -2.22044605e-16, -2.22044605e-16,
        0.00000000e+00, -2.22044605e-16, -2.22044605e-16,  1.11022302e-16,
        0.00000000e+00, -2.22044605e-16,  0.00000000e+00,  0.00000000e+00,
        2.22044605e-16,  0.00000000e+00,  0.00000000e+00,  3.33066907e-16,
        0.00000000e+00,  0.00000000e+00,  0.00000000e+00,  2.22044605e-16,
        0.00000000e+00,  0.00000000e+00,  0.00000000e+00,  0.00000000e+00,
       -4.44089210e-16, -2.22044605e-16,  0.00000000e+00,  0.00000000e+00,
        1.11022302e-16,  0.00000000e+00, -2.22044605e-16,  0.00000000e+00,
        0.00000000e+00])}
         accs  y_pred (s)  y_true (s)
54     [2, 3]   14.157117      19.499
4    [22, 28]   23.897894      26.335
3    [22, 28]   23.897894      27.642
11   [22, 28]   23.897894      18.893
27   [27, 25]   22.225285      65.978
29   [27, 25]   22.225285      45.143
64     [2, 3]   14.157117      30.560
77   [14, 14]   16.682521      12.834
124  [21, 20]   19.833490      45.263
71     [2, 3]   14.157117       9.629
25   [27, 25]   22.225285      19.467
91     [9, 7]   16.400720      14.879
83   [14, 14]   16.682521      24.338
89   [14, 14]   16.682521      11.455
69     [2, 3]   14.157117       9.069
{'mse': 265.476601396839, 'mae': 11.222607706399984, 'r2-score': -0.0858344346868023, 'max-error': 64.6409761631893, 'explained variance score': 0.10810747864491632, 'layers': ['pool1', 'pool2']}
