environment: line 5: __conda_exe: command not found
Using device: cuda
Using model: alexnet
Number of videos: 64
Execution type : naive
Using 2 features
Job ID : 45
Plotting ?  yes
Calculate accumulators ?  no
The directory contains : 65 videos
Number of videos in the directory : 65
Number of videos in the dataframe : 64
['conv1', 'pool1', 'conv2', 'pool2', 'conv3', 'conv4', 'conv5', 'pool5', 'fc6', 'fc7', 'output']
{'conv1': {'T_max': 231.03611281514168, 'T_min': 137.700119048357, 'tau': 100, 'alpha': 50}, 'pool1': {'T_max': 172.87935100495815, 'T_min': 96.51064738631248, 'tau': 100, 'alpha': 50}, 'conv2': {'T_max': 260.3908884525299, 'T_min': 138.66424806416035, 'tau': 100, 'alpha': 50}, 'pool2': {'T_max': 218.24047729372978, 'T_min': 114.92713752388954, 'tau': 100, 'alpha': 50}, 'conv3': {'T_max': 202.5564161837101, 'T_min': 107.47291566431522, 'tau': 100, 'alpha': 50}, 'conv4': {'T_max': 134.8227232247591, 'T_min': 73.26437871158123, 'tau': 100, 'alpha': 50}, 'conv5': {'T_max': 76.11463874578476, 'T_min': 41.856537722051144, 'tau': 100, 'alpha': 50}, 'pool5': {'T_max': 61.31686478853226, 'T_min': 33.92191906273365, 'tau': 100, 'alpha': 50}, 'fc6': {'T_max': 34.43132712692022, 'T_min': 18.570100070908666, 'tau': 100, 'alpha': 50}, 'fc7': {'T_max': 20.01874697394669, 'T_min': 10.533724257722497, 'tau': 100, 'alpha': 50}, 'output': {'T_max': 19.02098509296775, 'T_min': 9.621050400659442, 'tau': 100, 'alpha': 50}}
Iterating over following combinations of layers :  [['conv1'], ['pool1'], ['conv2'], ['pool2'], ['conv3'], ['conv4'], ['conv5'], ['pool5'], ['fc6'], ['fc7'], ['output'], ['conv1', 'pool1'], ['conv1', 'conv2'], ['conv1', 'pool2'], ['conv1', 'conv3'], ['conv1', 'conv4'], ['conv1', 'conv5'], ['conv1', 'pool5'], ['conv1', 'fc6'], ['conv1', 'fc7'], ['conv1', 'output'], ['pool1', 'conv2'], ['pool1', 'pool2'], ['pool1', 'conv3'], ['pool1', 'conv4'], ['pool1', 'conv5'], ['pool1', 'pool5'], ['pool1', 'fc6'], ['pool1', 'fc7'], ['pool1', 'output'], ['conv2', 'pool2'], ['conv2', 'conv3'], ['conv2', 'conv4'], ['conv2', 'conv5'], ['conv2', 'pool5'], ['conv2', 'fc6'], ['conv2', 'fc7'], ['conv2', 'output'], ['pool2', 'conv3'], ['pool2', 'conv4'], ['pool2', 'conv5'], ['pool2', 'pool5'], ['pool2', 'fc6'], ['pool2', 'fc7'], ['pool2', 'output'], ['conv3', 'conv4'], ['conv3', 'conv5'], ['conv3', 'pool5'], ['conv3', 'fc6'], ['conv3', 'fc7'], ['conv3', 'output'], ['conv4', 'conv5'], ['conv4', 'pool5'], ['conv4', 'fc6'], ['conv4', 'fc7'], ['conv4', 'output'], ['conv5', 'pool5'], ['conv5', 'fc6'], ['conv5', 'fc7'], ['conv5', 'output'], ['pool5', 'fc6'], ['pool5', 'fc7'], ['pool5', 'output'], ['fc6', 'fc7'], ['fc6', 'output'], ['fc7', 'output']]
[['conv3', 'conv4']]
Generating the training set for videos : 
TRAINING SET : contains 962 samples, 37 patients based on 56 videos
TEST SET : contains 127 samples, 37 patients based on 8 videos
Dataset constituted.
--------------------NAIVE IMPLEMENTATION-------------------
Number of folds : 53
Grid search.
The best parameters are : {'C': 10.0}
Metrics obtained during CV : 
{'r2': array([-0.14575148, -0.02273915, -0.06138992, -0.07560489, -0.0120518 ,
       -0.00297294, -0.00726347, -0.13951555, -0.06091376, -0.01948274,
       -0.05454136, -0.36689312, -0.44374839, -0.05155206, -0.41774608,
       -0.00768689, -0.00141138, -0.54965611, -0.00146307, -0.36958356,
       -0.02637646, -0.7162589 , -0.00971187, -0.16328724, -0.01491998,
       -0.0546026 , -0.04776836, -0.19459415, -0.11275969, -0.01747256,
       -0.03053144, -0.49976852, -0.36726415, -0.04849988, -0.26372971,
       -0.60311267, -0.11108889, -0.04405936, -0.15635109, -0.12307936,
       -0.01598054, -0.27723054, -0.57226091, -0.22263652, -0.23702088,
       -0.12187339, -0.30579323, -0.02875555, -0.25802496, -0.56562332,
       -0.00540468, -0.04991389, -0.03927422]), 'neg_mean_absolute_error': array([ -8.618466  , -12.12237686,  -9.0665599 , -10.93060546,
        -9.90745436,  -5.39793306,  -8.84146706,  -6.15604555,
        -7.12479695,  -7.6805206 ,  -7.65577459, -12.97339589,
       -15.18802761, -13.12328951,  -8.84143282,  -7.56048356,
       -13.41483592,  -5.79605249,  -8.90011494, -10.41951235,
        -9.17311111, -14.1516802 ,  -8.40486004, -10.72377279,
        -7.82582717,  -9.61044441,  -8.661     , -15.29727238,
       -10.48122222, -10.25894444, -11.59161111, -12.5363446 ,
       -12.10298884,  -9.31691765, -11.75525413, -12.64025105,
        -9.44361111,  -6.73599377,  -7.01128804,  -7.52404368,
        -6.71716936, -12.51675314, -14.01049491,  -9.3390044 ,
       -20.36119188,  -8.02702392, -10.0990494 ,  -5.46934859,
        -9.26189272, -16.98912952,  -8.14819731, -14.18729442,
       -10.28612992]), 'neg_mean_squared_error': array([-127.78262771, -195.20250428, -100.82836413, -189.3347953 ,
       -129.51300115,  -46.28674563, -128.39161312, -105.82948721,
        -69.2256233 ,  -79.25195253,  -98.24348749, -281.90794188,
       -435.92062812, -268.07584123, -103.33749055,  -82.35821802,
       -250.62364861,  -43.65129687,  -95.87577324, -252.96922562,
       -148.41387453, -372.18770309, -109.47692007, -227.489503  ,
       -115.50934576, -255.01502213, -145.64282732, -465.52439966,
       -209.63023898, -148.8345372 , -202.1391059 , -277.76851026,
       -297.02420236, -121.72423895, -179.48094952, -304.38006637,
       -182.48337097,  -77.53259357,  -73.86192908, -120.62398171,
        -81.84244484, -290.21558482, -385.10455421, -189.81312978,
       -728.06484444, -114.97828718, -171.5139753 ,  -44.84545198,
       -222.25765193, -486.77339848, -119.5175398 , -318.24828235,
       -242.56105382]), 'max_error': array([-35.08174306, -28.83540565, -15.22676599, -34.03449631,
       -23.41327343, -15.52475311, -27.42216085, -36.07886548,
       -16.55997157, -17.68970288, -24.25157238, -32.01778885,
       -62.87093209, -35.35750076, -17.86136741, -16.52006257,
       -31.8731175 , -10.10157105, -22.11396554, -49.78287038,
       -32.55128784, -47.80028044, -22.07487983, -46.48395513,
       -31.95351387, -46.71050034, -32.74280812, -58.3264838 ,
       -34.10585167, -28.72065109, -30.38991516, -40.34652534,
       -46.69859989, -23.77134823, -25.90714357, -49.45618986,
       -39.50725612, -25.10055605, -16.46090128, -35.90744655,
       -21.79598786, -50.16342608, -50.44069083, -44.05751319,
       -69.35086348, -27.13713556, -34.26197711, -15.61669135,
       -51.28531089, -46.5636891 , -31.91021527, -39.8201446 ,
       -51.22548034]), 'explained_variance': array([-2.22044605e-16,  0.00000000e+00,  1.11022302e-16,  1.11022302e-16,
        0.00000000e+00,  0.00000000e+00,  0.00000000e+00,  0.00000000e+00,
        0.00000000e+00,  3.33066907e-16,  0.00000000e+00, -2.22044605e-16,
        0.00000000e+00,  0.00000000e+00,  2.22044605e-16,  0.00000000e+00,
        2.22044605e-16,  0.00000000e+00,  0.00000000e+00,  0.00000000e+00,
        0.00000000e+00,  1.11022302e-16, -2.22044605e-16, -2.22044605e-16,
        0.00000000e+00,  0.00000000e+00,  0.00000000e+00,  0.00000000e+00,
        0.00000000e+00, -2.22044605e-16,  0.00000000e+00,  0.00000000e+00,
        1.11022302e-16,  0.00000000e+00,  0.00000000e+00,  3.33066907e-16,
       -4.44089210e-16,  0.00000000e+00, -2.22044605e-16,  2.22044605e-16,
        0.00000000e+00,  0.00000000e+00,  0.00000000e+00,  0.00000000e+00,
        0.00000000e+00,  0.00000000e+00,  0.00000000e+00,  0.00000000e+00,
       -2.22044605e-16,  0.00000000e+00,  0.00000000e+00,  0.00000000e+00,
        0.00000000e+00])}
         accs  y_pred (s)  y_true (s)
54     [5, 5]   14.796128      19.499
4    [30, 34]   21.982953      26.335
3    [30, 34]   21.982953      27.642
11   [30, 34]   21.982953      18.893
27   [28, 28]   23.071164      65.978
29   [28, 28]   23.071164      45.143
64     [5, 5]   14.796128      30.560
77   [14, 14]   18.773219      12.834
124  [22, 23]   17.277254      45.263
71     [5, 5]   14.796128       9.629
25   [28, 28]   23.071164      19.467
91     [7, 5]   14.124042      14.879
83   [14, 14]   18.773219      24.338
89   [14, 14]   18.773219      11.455
69     [5, 5]   14.796128       9.069
{'mse': 282.56416657671036, 'mae': 11.686032238917608, 'r2-score': -0.15572483775672974, 'max-error': 64.62549398568277, 'explained variance score': 0.06286099985804983, 'layers': ['conv3', 'conv4']}
