environment: line 5: __conda_exe: command not found
Using device: cuda
Using model: alexnet
Number of videos: 64
Execution type : naive
Using 2 features
Job ID : 32
Plotting ?  yes
Calculate accumulators ?  no
The directory contains : 65 videos
Number of videos in the directory : 65
Number of videos in the dataframe : 64
['conv1', 'pool1', 'conv2', 'pool2', 'conv3', 'conv4', 'conv5', 'pool5', 'fc6', 'fc7', 'output']
{'conv1': {'T_max': 231.03611281514168, 'T_min': 137.700119048357, 'tau': 100, 'alpha': 50}, 'pool1': {'T_max': 172.87935100495815, 'T_min': 96.51064738631248, 'tau': 100, 'alpha': 50}, 'conv2': {'T_max': 260.3908884525299, 'T_min': 138.66424806416035, 'tau': 100, 'alpha': 50}, 'pool2': {'T_max': 218.24047729372978, 'T_min': 114.92713752388954, 'tau': 100, 'alpha': 50}, 'conv3': {'T_max': 202.5564161837101, 'T_min': 107.47291566431522, 'tau': 100, 'alpha': 50}, 'conv4': {'T_max': 134.8227232247591, 'T_min': 73.26437871158123, 'tau': 100, 'alpha': 50}, 'conv5': {'T_max': 76.11463874578476, 'T_min': 41.856537722051144, 'tau': 100, 'alpha': 50}, 'pool5': {'T_max': 61.31686478853226, 'T_min': 33.92191906273365, 'tau': 100, 'alpha': 50}, 'fc6': {'T_max': 34.43132712692022, 'T_min': 18.570100070908666, 'tau': 100, 'alpha': 50}, 'fc7': {'T_max': 20.01874697394669, 'T_min': 10.533724257722497, 'tau': 100, 'alpha': 50}, 'output': {'T_max': 19.02098509296775, 'T_min': 9.621050400659442, 'tau': 100, 'alpha': 50}}
Iterating over following combinations of layers :  [['conv1'], ['pool1'], ['conv2'], ['pool2'], ['conv3'], ['conv4'], ['conv5'], ['pool5'], ['fc6'], ['fc7'], ['output'], ['conv1', 'pool1'], ['conv1', 'conv2'], ['conv1', 'pool2'], ['conv1', 'conv3'], ['conv1', 'conv4'], ['conv1', 'conv5'], ['conv1', 'pool5'], ['conv1', 'fc6'], ['conv1', 'fc7'], ['conv1', 'output'], ['pool1', 'conv2'], ['pool1', 'pool2'], ['pool1', 'conv3'], ['pool1', 'conv4'], ['pool1', 'conv5'], ['pool1', 'pool5'], ['pool1', 'fc6'], ['pool1', 'fc7'], ['pool1', 'output'], ['conv2', 'pool2'], ['conv2', 'conv3'], ['conv2', 'conv4'], ['conv2', 'conv5'], ['conv2', 'pool5'], ['conv2', 'fc6'], ['conv2', 'fc7'], ['conv2', 'output'], ['pool2', 'conv3'], ['pool2', 'conv4'], ['pool2', 'conv5'], ['pool2', 'pool5'], ['pool2', 'fc6'], ['pool2', 'fc7'], ['pool2', 'output'], ['conv3', 'conv4'], ['conv3', 'conv5'], ['conv3', 'pool5'], ['conv3', 'fc6'], ['conv3', 'fc7'], ['conv3', 'output'], ['conv4', 'conv5'], ['conv4', 'pool5'], ['conv4', 'fc6'], ['conv4', 'fc7'], ['conv4', 'output'], ['conv5', 'pool5'], ['conv5', 'fc6'], ['conv5', 'fc7'], ['conv5', 'output'], ['pool5', 'fc6'], ['pool5', 'fc7'], ['pool5', 'output'], ['fc6', 'fc7'], ['fc6', 'output'], ['fc7', 'output']]
[['conv2', 'conv4']]
Generating the training set for videos : 
TRAINING SET : contains 962 samples, 37 patients based on 56 videos
TEST SET : contains 127 samples, 37 patients based on 8 videos
Dataset constituted.
--------------------NAIVE IMPLEMENTATION-------------------
Number of folds : 53
Grid search.
The best parameters are : {'C': 100.0}
Metrics obtained during CV : 
{'r2': array([-2.92877996e-01, -4.49376564e-01, -3.75310578e-01, -2.79502726e-02,
       -1.28785261e-01, -2.51235318e-03, -7.12309558e-02, -1.55441313e-01,
       -7.66697956e-03, -3.68490503e-03, -1.28471498e-01, -5.50407743e-01,
       -3.80574543e-01, -1.09164588e-01, -2.08724455e-01, -5.20824398e-02,
       -1.95508708e-02, -7.04245833e-01, -5.91391897e-03, -2.50245206e-01,
       -1.15210521e-03, -6.40724244e-01, -3.36728730e-04, -5.90321710e-02,
       -2.45327080e-02, -9.40199390e-02, -1.71062713e-01, -4.23048931e-01,
       -9.60386620e-02, -9.26558760e-03, -3.51658684e-01, -4.69382584e-01,
       -2.63735063e-01, -2.23772147e-02, -3.47753304e-01, -4.33749318e-01,
       -1.23630576e-01, -4.70581759e-02, -3.89789472e-02, -9.31470790e-02,
       -1.61934327e-02, -2.44041825e-01, -7.41376369e-01, -2.75514796e-01,
       -1.24441781e-02, -3.80257854e-02, -3.22713178e-01, -1.97144313e-02,
       -3.08686330e-01, -5.60121259e-01, -1.03005797e-02, -9.92607060e-02,
       -4.49618487e-02]), 'neg_mean_absolute_error': array([ -9.94750659, -14.76686009, -10.72832188, -11.4519499 ,
        -9.2991799 ,  -5.38691752,  -9.79172026,  -6.16656648,
        -6.78628197,  -7.40169737,  -7.84610555, -13.69390041,
       -14.87282079, -13.30683952,  -7.77833666,  -7.47449958,
       -13.77961436,  -6.02880513,  -8.77492588, -10.03262516,
        -9.31911269, -13.85147411,  -8.59043407, -10.63555556,
        -7.98932062,  -9.48439253,  -9.28665246, -16.69014507,
       -10.52524063, -10.25894444, -12.61517565, -12.40431781,
       -11.49723453,  -8.89409094, -11.97003538, -11.91756339,
        -9.44361111,  -6.72926665,  -6.24357452,  -7.42545439,
        -6.7154955 , -12.35334714, -14.91955055,  -9.55934227,
       -19.78243325,  -7.91923931, -10.17027404,  -5.4353657 ,
        -9.52259748, -16.95489965,  -8.18025458, -14.0574375 ,
       -10.23317573]), 'neg_mean_squared_error': array([-144.19125875, -276.63156885, -130.64973827, -180.94632649,
       -144.45146727,  -46.26548988, -136.54527831, -107.30855037,
        -65.75122072,  -78.02386986, -105.13098816, -319.75598456,
       -416.84612389, -282.76320329,  -88.10220259,  -85.98666514,
       -255.16342751,  -48.00583847,  -96.30187838, -230.92681015,
       -144.76643745, -355.80726741, -108.46043009, -207.10164659,
       -116.60338233, -264.54658744, -162.78109822, -554.55151705,
       -206.48020385, -147.63403215, -265.12832751, -272.14080527,
       -274.53356359, -118.69156178, -191.41438294, -272.22335763,
       -184.54319624,  -77.75528749,  -66.36478324, -117.40911478,
        -81.85959409, -282.67435955, -426.52715383, -198.02243128,
       -595.88728299, -106.38493469, -173.73638552,  -44.45133196,
       -231.20809153, -485.06273299, -120.0995403 , -333.20621343,
       -243.88851511]), 'max_error': array([-33.39829165, -28.92147739, -18.2763462 , -28.1683173 ,
       -28.71480605, -15.55465245, -25.37114613, -36.27876313,
       -17.8463285 , -19.45558332, -25.45700179, -33.97344396,
       -62.01537073, -37.00765032, -19.47895595, -15.24950797,
       -29.06677575, -10.62066341, -23.24066704, -48.3193132 ,
       -31.0064929 , -47.12481674, -21.23979668, -44.2307841 ,
       -31.58565361, -47.84496726, -35.0422907 , -62.4580764 ,
       -33.75041716, -28.28614283, -36.24802022, -40.04946507,
       -45.3356527 , -24.53243631, -26.81477281, -47.83014263,
       -39.74192675, -25.16110012, -18.04320732, -35.43458952,
       -21.80352026, -49.67320809, -52.07699099, -44.71852681,
       -60.24610075, -25.57706819, -34.43495125, -15.80926103,
       -51.91845102, -46.49903268, -33.81832786, -41.41566789,
       -51.43729707]), 'explained_variance': array([-4.44089210e-16,  0.00000000e+00,  1.11022302e-16,  1.11022302e-16,
        0.00000000e+00,  0.00000000e+00,  0.00000000e+00,  0.00000000e+00,
        0.00000000e+00,  3.33066907e-16,  1.11022302e-16,  0.00000000e+00,
        0.00000000e+00,  0.00000000e+00,  2.22044605e-16,  0.00000000e+00,
        0.00000000e+00,  0.00000000e+00,  0.00000000e+00,  0.00000000e+00,
        0.00000000e+00, -2.22044605e-16, -2.22044605e-16,  1.11022302e-16,
        0.00000000e+00, -2.22044605e-16,  0.00000000e+00,  0.00000000e+00,
        0.00000000e+00, -2.22044605e-16,  0.00000000e+00,  0.00000000e+00,
        1.11022302e-16,  0.00000000e+00,  0.00000000e+00,  0.00000000e+00,
        0.00000000e+00,  0.00000000e+00,  0.00000000e+00,  0.00000000e+00,
        0.00000000e+00,  0.00000000e+00,  0.00000000e+00,  0.00000000e+00,
       -4.44089210e-16, -2.22044605e-16, -2.22044605e-16,  0.00000000e+00,
        0.00000000e+00,  0.00000000e+00,  0.00000000e+00, -2.22044605e-16,
       -2.22044605e-16])}
         accs  y_pred (s)  y_true (s)
54     [2, 5]   14.029056      19.499
4    [31, 34]   22.012286      26.335
3    [31, 34]   22.012286      27.642
11   [31, 34]   22.012286      18.893
27   [27, 28]   18.618580      65.978
29   [27, 28]   18.618580      45.143
64     [2, 5]   14.029056      30.560
77   [14, 14]   17.180784      12.834
124  [21, 23]   17.520680      45.263
71     [2, 5]   14.029056       9.629
25   [27, 28]   18.618580      19.467
91     [6, 5]   14.953805      14.879
83   [14, 14]   17.180784      24.338
89   [14, 14]   17.180784      11.455
69     [2, 5]   14.029056       9.069
{'mse': 296.61316061828586, 'mae': 11.740106715877815, 'r2-score': -0.2131870827259168, 'max-error': 65.82408880131896, 'explained variance score': 0.07046535437962087, 'layers': ['conv2', 'conv4']}
