environment: line 5: __conda_exe: command not found
Using device: cuda
Using model: alexnet
Number of videos: 64
Execution type : naive
Using 2 features
Job ID : 17
Plotting ?  yes
Calculate accumulators ?  no
The directory contains : 65 videos
Number of videos in the directory : 65
Number of videos in the dataframe : 64
['conv1', 'pool1', 'conv2', 'pool2', 'conv3', 'conv4', 'conv5', 'pool5', 'fc6', 'fc7', 'output']
{'conv1': {'T_max': 231.03611281514168, 'T_min': 137.700119048357, 'tau': 100, 'alpha': 50}, 'pool1': {'T_max': 172.87935100495815, 'T_min': 96.51064738631248, 'tau': 100, 'alpha': 50}, 'conv2': {'T_max': 260.3908884525299, 'T_min': 138.66424806416035, 'tau': 100, 'alpha': 50}, 'pool2': {'T_max': 218.24047729372978, 'T_min': 114.92713752388954, 'tau': 100, 'alpha': 50}, 'conv3': {'T_max': 202.5564161837101, 'T_min': 107.47291566431522, 'tau': 100, 'alpha': 50}, 'conv4': {'T_max': 134.8227232247591, 'T_min': 73.26437871158123, 'tau': 100, 'alpha': 50}, 'conv5': {'T_max': 76.11463874578476, 'T_min': 41.856537722051144, 'tau': 100, 'alpha': 50}, 'pool5': {'T_max': 61.31686478853226, 'T_min': 33.92191906273365, 'tau': 100, 'alpha': 50}, 'fc6': {'T_max': 34.43132712692022, 'T_min': 18.570100070908666, 'tau': 100, 'alpha': 50}, 'fc7': {'T_max': 20.01874697394669, 'T_min': 10.533724257722497, 'tau': 100, 'alpha': 50}, 'output': {'T_max': 19.02098509296775, 'T_min': 9.621050400659442, 'tau': 100, 'alpha': 50}}
Iterating over following combinations of layers :  [['conv1'], ['pool1'], ['conv2'], ['pool2'], ['conv3'], ['conv4'], ['conv5'], ['pool5'], ['fc6'], ['fc7'], ['output'], ['conv1', 'pool1'], ['conv1', 'conv2'], ['conv1', 'pool2'], ['conv1', 'conv3'], ['conv1', 'conv4'], ['conv1', 'conv5'], ['conv1', 'pool5'], ['conv1', 'fc6'], ['conv1', 'fc7'], ['conv1', 'output'], ['pool1', 'conv2'], ['pool1', 'pool2'], ['pool1', 'conv3'], ['pool1', 'conv4'], ['pool1', 'conv5'], ['pool1', 'pool5'], ['pool1', 'fc6'], ['pool1', 'fc7'], ['pool1', 'output'], ['conv2', 'pool2'], ['conv2', 'conv3'], ['conv2', 'conv4'], ['conv2', 'conv5'], ['conv2', 'pool5'], ['conv2', 'fc6'], ['conv2', 'fc7'], ['conv2', 'output'], ['pool2', 'conv3'], ['pool2', 'conv4'], ['pool2', 'conv5'], ['pool2', 'pool5'], ['pool2', 'fc6'], ['pool2', 'fc7'], ['pool2', 'output'], ['conv3', 'conv4'], ['conv3', 'conv5'], ['conv3', 'pool5'], ['conv3', 'fc6'], ['conv3', 'fc7'], ['conv3', 'output'], ['conv4', 'conv5'], ['conv4', 'pool5'], ['conv4', 'fc6'], ['conv4', 'fc7'], ['conv4', 'output'], ['conv5', 'pool5'], ['conv5', 'fc6'], ['conv5', 'fc7'], ['conv5', 'output'], ['pool5', 'fc6'], ['pool5', 'fc7'], ['pool5', 'output'], ['fc6', 'fc7'], ['fc6', 'output'], ['fc7', 'output']]
[['conv1', 'pool5']]
Generating the training set for videos : 
TRAINING SET : contains 962 samples, 37 patients based on 56 videos
TEST SET : contains 127 samples, 37 patients based on 8 videos
Dataset constituted.
--------------------NAIVE IMPLEMENTATION-------------------
Number of folds : 53
Grid search.
The best parameters are : {'C': 1}
Metrics obtained during CV : 
{'r2': array([-3.78578467e-01, -5.90999006e-02, -1.70272364e-01, -1.16395721e-01,
       -6.94376439e-02, -7.04910699e-03, -5.03151914e-02, -1.08524197e-01,
       -2.68339428e-02, -2.56436819e-02, -8.45362958e-02, -3.21195206e-01,
       -3.43687249e-01, -3.50952771e-01, -3.31800984e-01, -2.64566791e-02,
       -3.78792174e-02, -4.77665367e-01, -5.89381289e-03, -7.95258037e-02,
       -7.66010319e-03, -5.63819907e-01, -2.18136502e-03, -3.88939754e-01,
       -2.90131178e-03, -5.06266622e-02, -1.36960954e-01, -5.55430073e-01,
       -7.34765956e-02, -3.61335067e-03, -2.17259956e-01, -5.23905249e-01,
       -2.62264888e-01, -1.67780714e-02, -2.09352495e-01, -2.64364145e-01,
       -4.37156193e-02, -4.38781033e-02, -2.62100318e-01, -1.44974323e-01,
       -5.98559543e-03, -2.55731626e-01, -5.70079713e-01, -1.39609655e-01,
       -5.07435302e-01, -1.03793802e-05, -2.73921444e-01, -4.48102720e-02,
       -2.33266839e-01, -5.12447498e-01, -3.35493714e-03, -4.14113322e-01,
       -5.19897084e-02]), 'neg_mean_absolute_error': array([-10.5653486 , -11.26940761,  -9.80502632, -10.88437542,
       -10.54265547,  -5.4716016 ,  -8.030971  ,  -6.13368374,
        -6.94836825,  -7.70913723,  -7.7429637 , -12.76717629,
       -14.67654924, -14.34960556,  -8.43071515,  -7.47964247,
       -13.28406536,  -5.69778703,  -8.9419936 ,  -9.52688889,
        -9.23535748, -13.59239892,  -8.74096732, -11.26189568,
        -7.33347298,  -9.62542158,  -9.11563956, -17.52231965,
       -10.64369235, -10.25894444, -12.09723023, -12.63838208,
       -11.4878449 ,  -8.77401336, -11.60695997, -11.07637648,
        -9.44361111,  -6.73640762,  -7.63225294,  -7.59296928,
        -6.81499471, -12.41210145, -13.99794801,  -8.93115049,
       -22.18138668,  -7.82433377,  -9.9593128 ,  -5.51841203,
        -9.12515012, -16.68003578,  -8.13339741, -14.79490589,
       -10.17217964]), 'neg_mean_squared_error': array([-153.74920533, -202.14240685, -111.17181858, -196.51505529,
       -136.85670971,  -46.47485901, -133.8792343 , -102.95124752,
        -67.00188315,  -79.73088841, -101.03788414, -272.48320688,
       -405.70849585, -344.40310944,  -97.07307533,  -83.89227251,
       -259.75047054,  -41.62343458,  -96.29995351, -199.39404615,
       -145.70749294, -339.12980176, -108.66043279, -271.61753709,
       -114.14148537, -254.05359468, -158.04085523, -606.13945734,
       -202.22978802, -146.80723042, -238.76596959, -282.23881644,
       -274.21418302, -118.04153647, -171.75803688, -240.06250496,
       -171.41809816,  -77.51913303,  -80.61666146, -122.97560351,
        -81.03730043, -285.33054601, -384.5702993 , -176.92329031,
       -887.22079273, -102.48882099, -167.32766458,  -45.54530838,
       -217.8835872 , -470.24031801, -119.27387665, -428.64385394,
       -245.52878004]), 'max_error': array([-32.61569177, -34.27724821, -16.32716667, -34.91286702,
       -21.67422087, -15.32479565, -30.91685033, -35.65399106,
       -17.23040066, -17.5084642 , -24.80377008, -31.45804992,
       -61.48263365, -41.19110114, -18.46164709, -15.84220689,
       -34.35775809,  -9.83485052, -21.73705757, -45.3532677 ,
       -31.65078272, -46.39479514, -20.56239708, -49.5543537 ,
       -33.83124318, -46.57570578, -34.529252  , -64.33046922,
       -33.21738441, -27.84896311, -34.47078602, -40.57610969,
       -45.31452602, -24.74857595, -25.23981988, -45.83996279,
       -37.91534445, -25.09683144, -15.84254608, -36.21761176,
       -21.35577381, -49.84947101, -50.41810642, -42.83395148,
       -74.82149337, -23.57032585, -33.92261681, -15.33866514,
       -50.95322171, -45.92494404, -32.08024404, -47.13424904,
       -51.68128142]), 'explained_variance': array([-4.44089210e-16,  0.00000000e+00,  1.11022302e-16,  0.00000000e+00,
        0.00000000e+00,  0.00000000e+00,  0.00000000e+00,  0.00000000e+00,
       -2.22044605e-16,  3.33066907e-16,  1.11022302e-16,  0.00000000e+00,
        0.00000000e+00,  0.00000000e+00,  2.22044605e-16,  0.00000000e+00,
        2.22044605e-16,  0.00000000e+00,  0.00000000e+00,  0.00000000e+00,
        2.22044605e-16, -2.22044605e-16, -2.22044605e-16, -2.22044605e-16,
       -2.22044605e-16,  0.00000000e+00,  0.00000000e+00,  0.00000000e+00,
        1.11022302e-16, -2.22044605e-16,  0.00000000e+00,  0.00000000e+00,
        1.11022302e-16,  0.00000000e+00,  0.00000000e+00,  3.33066907e-16,
       -2.22044605e-16,  0.00000000e+00, -2.22044605e-16,  2.22044605e-16,
        0.00000000e+00,  1.11022302e-16, -2.22044605e-16,  0.00000000e+00,
       -4.44089210e-16, -2.22044605e-16,  0.00000000e+00,  0.00000000e+00,
        1.11022302e-16,  0.00000000e+00,  1.11022302e-16, -2.22044605e-16,
       -2.22044605e-16])}
         accs  y_pred (s)  y_true (s)
54     [1, 7]   16.835870      19.499
4    [30, 32]   20.971586      26.335
3    [30, 32]   20.971586      27.642
11   [30, 32]   20.971586      18.893
27   [27, 28]   20.216655      65.978
29   [27, 28]   20.216655      45.143
64     [1, 7]   16.835870      30.560
77   [15, 14]   18.626768      12.834
124  [22, 23]   19.445186      45.263
71     [1, 7]   16.835870       9.629
25   [27, 28]   20.216655      19.467
91     [9, 6]   14.600754      14.879
83   [15, 14]   18.626768      24.338
89   [15, 14]   18.626768      11.455
69     [1, 7]   16.835870       9.069
{'mse': 284.261885909721, 'mae': 11.63443761342657, 'r2-score': -0.1626687345164326, 'max-error': 64.09772308102325, 'explained variance score': 0.047492007087574506, 'layers': ['conv1', 'pool5']}
