environment: line 5: __conda_exe: command not found
Using device: cuda
Using model: alexnet
Number of videos: 64
Execution type : naive
Using 2 features
Job ID : 19
Plotting ?  yes
Calculate accumulators ?  no
The directory contains : 65 videos
Number of videos in the directory : 65
Number of videos in the dataframe : 64
['conv1', 'pool1', 'conv2', 'pool2', 'conv3', 'conv4', 'conv5', 'pool5', 'fc6', 'fc7', 'output']
{'conv1': {'T_max': 231.03611281514168, 'T_min': 137.700119048357, 'tau': 100, 'alpha': 50}, 'pool1': {'T_max': 172.87935100495815, 'T_min': 96.51064738631248, 'tau': 100, 'alpha': 50}, 'conv2': {'T_max': 260.3908884525299, 'T_min': 138.66424806416035, 'tau': 100, 'alpha': 50}, 'pool2': {'T_max': 218.24047729372978, 'T_min': 114.92713752388954, 'tau': 100, 'alpha': 50}, 'conv3': {'T_max': 202.5564161837101, 'T_min': 107.47291566431522, 'tau': 100, 'alpha': 50}, 'conv4': {'T_max': 134.8227232247591, 'T_min': 73.26437871158123, 'tau': 100, 'alpha': 50}, 'conv5': {'T_max': 76.11463874578476, 'T_min': 41.856537722051144, 'tau': 100, 'alpha': 50}, 'pool5': {'T_max': 61.31686478853226, 'T_min': 33.92191906273365, 'tau': 100, 'alpha': 50}, 'fc6': {'T_max': 34.43132712692022, 'T_min': 18.570100070908666, 'tau': 100, 'alpha': 50}, 'fc7': {'T_max': 20.01874697394669, 'T_min': 10.533724257722497, 'tau': 100, 'alpha': 50}, 'output': {'T_max': 19.02098509296775, 'T_min': 9.621050400659442, 'tau': 100, 'alpha': 50}}
Iterating over following combinations of layers :  [['conv1'], ['pool1'], ['conv2'], ['pool2'], ['conv3'], ['conv4'], ['conv5'], ['pool5'], ['fc6'], ['fc7'], ['output'], ['conv1', 'pool1'], ['conv1', 'conv2'], ['conv1', 'pool2'], ['conv1', 'conv3'], ['conv1', 'conv4'], ['conv1', 'conv5'], ['conv1', 'pool5'], ['conv1', 'fc6'], ['conv1', 'fc7'], ['conv1', 'output'], ['pool1', 'conv2'], ['pool1', 'pool2'], ['pool1', 'conv3'], ['pool1', 'conv4'], ['pool1', 'conv5'], ['pool1', 'pool5'], ['pool1', 'fc6'], ['pool1', 'fc7'], ['pool1', 'output'], ['conv2', 'pool2'], ['conv2', 'conv3'], ['conv2', 'conv4'], ['conv2', 'conv5'], ['conv2', 'pool5'], ['conv2', 'fc6'], ['conv2', 'fc7'], ['conv2', 'output'], ['pool2', 'conv3'], ['pool2', 'conv4'], ['pool2', 'conv5'], ['pool2', 'pool5'], ['pool2', 'fc6'], ['pool2', 'fc7'], ['pool2', 'output'], ['conv3', 'conv4'], ['conv3', 'conv5'], ['conv3', 'pool5'], ['conv3', 'fc6'], ['conv3', 'fc7'], ['conv3', 'output'], ['conv4', 'conv5'], ['conv4', 'pool5'], ['conv4', 'fc6'], ['conv4', 'fc7'], ['conv4', 'output'], ['conv5', 'pool5'], ['conv5', 'fc6'], ['conv5', 'fc7'], ['conv5', 'output'], ['pool5', 'fc6'], ['pool5', 'fc7'], ['pool5', 'output'], ['fc6', 'fc7'], ['fc6', 'output'], ['fc7', 'output']]
[['conv1', 'fc7']]
Generating the training set for videos : 
TRAINING SET : contains 962 samples, 37 patients based on 56 videos
TEST SET : contains 127 samples, 37 patients based on 8 videos
Dataset constituted.
--------------------NAIVE IMPLEMENTATION-------------------
Number of folds : 53
Grid search.
The best parameters are : {'C': 1}
Metrics obtained during CV : 
{'r2': array([-5.21389503e-01, -6.54758377e-03, -1.43026616e-01, -1.08538172e-01,
       -5.64426402e-02, -3.58012619e-02, -5.80782947e-02, -7.87644096e-02,
       -7.11861581e-05, -4.86289217e-03, -1.70734974e-01, -4.83213604e-01,
       -2.64710592e-01, -2.59834847e-01, -3.91876817e-01, -2.18726640e-01,
       -1.18337217e-02, -1.02862466e+00, -3.62810673e-02, -2.16343976e-01,
       -8.14702020e-02, -6.07289273e-01, -3.17827578e-02, -3.87563218e-01,
       -3.50439640e-02, -7.13212504e-02, -3.66676541e-01, -4.44153832e-01,
       -1.77358871e-01, -1.83447624e-02, -2.94381847e-02, -4.89348538e-01,
       -3.70021000e-01, -3.07121902e-02, -1.72703370e-01, -1.42130244e-01,
       -3.81844996e-02, -7.60499842e-02, -1.54043729e-01, -9.50431741e-02,
       -3.28934587e-06, -3.44259181e-01, -5.66700506e-01, -2.02112104e-01,
       -3.63004440e-01, -7.03865808e-02, -2.05079285e-01, -6.97972055e-02,
       -2.34399796e-01, -7.00315982e-01, -1.20709503e-03, -2.36041668e-01,
       -7.12564327e-02]), 'neg_mean_absolute_error': array([-11.45565947, -11.15838232,  -9.64596712, -10.89255717,
       -10.43457103,  -5.7517913 ,  -8.00122955,  -6.10894187,
        -6.67529301,  -7.58328504,  -7.92957811, -13.44650236,
       -14.21723182, -14.00223588,  -8.72266398,  -8.07207443,
       -13.35554061,  -6.56706112,  -8.65145261,  -9.9265662 ,
        -9.17311111, -13.72693544,  -8.25404825, -11.25674675,
        -8.13427174,  -9.55275561, -10.26406524, -16.83075586,
       -10.48122222, -10.25894444, -11.59161111, -12.49153399,
       -12.11786081,  -9.04768268, -11.49579806, -10.61160807,
        -9.44361111,  -6.67292504,  -6.9956846 ,  -7.42901334,
        -7.08756183, -12.81928221, -13.97846228,  -9.2464899 ,
       -21.29308349,  -7.96110506,  -9.69014269,  -5.57958994,
        -9.13156167, -17.78045114,  -8.1374453 , -14.36407216,
       -10.02350713]), 'neg_mean_squared_error': array([-169.67654188, -192.11214265, -108.58356688, -195.13191972,
       -135.19372967,  -47.8017579 , -134.86876424, -100.18738614,
        -65.25558804,  -78.11544353, -109.06835031, -305.89786991,
       -381.86254481, -321.17409889, -101.45191718,  -99.60649045,
       -253.23205332,  -57.14306352,  -99.20909873, -224.66507613,
       -156.38042165, -348.5565635 , -111.86993185, -271.34834525,
       -117.79968187, -259.05778382, -189.9719851 , -562.77593898,
       -221.799931  , -148.9621218 , -201.92466296, -275.83865138,
       -297.6231002 , -119.65919999, -166.55295252, -216.85417814,
       -170.50967636,  -79.90823986,  -73.71454648, -117.61276427,
        -80.55539499, -305.44600302, -383.74260711, -186.62673472,
       -802.21411719, -109.70152004, -158.28535064,  -46.63453733,
       -218.08374883, -528.65116236, -119.01855179, -374.66704819,
       -250.02553061]), 'max_error': array([-31.48796467, -32.03657862, -15.99137504, -34.75741379,
       -21.96759291, -14.60977391, -31.10521287, -35.18389545,
       -18.48547761, -18.30552806, -25.98566139, -33.30193497,
       -60.23591493, -39.87109633, -18.03495264, -17.22537935,
       -32.99972832, -11.54955087, -24.35192648, -47.8420479 ,
       -34.03061806, -46.81313964, -22.90506573, -49.5389069 ,
       -31.25951359, -47.22969952, -37.30526452, -62.77445069,
       -35.27722019, -28.76006762, -30.34570169, -40.24570147,
       -46.73206183, -24.25597117, -24.73959127, -43.94997265,
       -37.74010129, -25.66817464, -16.48430643, -35.46662002,
       -20.64511088, -51.0710133 , -50.38303211, -43.77996969,
       -72.1565838 , -26.28878607, -33.11442572, -14.99199033,
       -50.96879263, -48.05840771, -33.09057006, -44.3890773 ,
       -52.27597148]), 'explained_variance': array([-2.22044605e-16,  0.00000000e+00,  1.11022302e-16,  0.00000000e+00,
        0.00000000e+00,  0.00000000e+00,  0.00000000e+00,  0.00000000e+00,
       -2.22044605e-16,  3.33066907e-16,  1.11022302e-16, -2.22044605e-16,
        0.00000000e+00,  0.00000000e+00,  2.22044605e-16,  0.00000000e+00,
        0.00000000e+00,  0.00000000e+00,  0.00000000e+00,  0.00000000e+00,
        0.00000000e+00,  1.11022302e-16, -2.22044605e-16, -2.22044605e-16,
        0.00000000e+00,  0.00000000e+00, -2.22044605e-16,  0.00000000e+00,
        1.11022302e-16, -2.22044605e-16, -2.22044605e-16,  0.00000000e+00,
        0.00000000e+00,  0.00000000e+00,  0.00000000e+00,  0.00000000e+00,
        0.00000000e+00,  0.00000000e+00, -2.22044605e-16,  2.22044605e-16,
        0.00000000e+00,  1.11022302e-16,  0.00000000e+00,  0.00000000e+00,
       -4.44089210e-16,  0.00000000e+00,  0.00000000e+00,  0.00000000e+00,
        0.00000000e+00, -2.22044605e-16,  0.00000000e+00, -2.22044605e-16,
        0.00000000e+00])}
         accs  y_pred (s)  y_true (s)
54     [1, 4]   14.547961      19.499
4    [30, 28]   22.463856      26.335
3    [30, 28]   22.463856      27.642
11   [30, 28]   22.463856      18.893
27   [27, 23]   21.723378      65.978
29   [27, 23]   21.723378      45.143
64     [1, 4]   14.547961      30.560
77   [15, 15]   17.019110      12.834
124  [22, 22]   20.397962      45.263
71     [1, 4]   14.547961       9.629
25   [27, 23]   21.723378      19.467
91     [9, 5]   14.418465      14.879
83   [15, 15]   17.019110      24.338
89   [15, 15]   17.019110      11.455
69     [1, 4]   14.547961       9.069
{'mse': 273.5082491193183, 'mae': 11.404193258135559, 'r2-score': -0.11868493683446824, 'max-error': 64.33187384062, 'explained variance score': 0.0944183993706168, 'layers': ['conv1', 'fc7']}
