environment: line 5: __conda_exe: command not found
Using device: cuda
Using model: alexnet
Number of videos: 64
Execution type : naive
Using 2 features
Job ID : 3
Plotting ?  yes
Calculate accumulators ?  no
The directory contains : 65 videos
Number of videos in the directory : 65
Number of videos in the dataframe : 64
['conv1', 'pool1', 'conv2', 'pool2', 'conv3', 'conv4', 'conv5', 'pool5', 'fc6', 'fc7', 'output']
{'conv1': {'T_max': 231.03611281514168, 'T_min': 137.700119048357, 'tau': 100, 'alpha': 50}, 'pool1': {'T_max': 172.87935100495815, 'T_min': 96.51064738631248, 'tau': 100, 'alpha': 50}, 'conv2': {'T_max': 260.3908884525299, 'T_min': 138.66424806416035, 'tau': 100, 'alpha': 50}, 'pool2': {'T_max': 218.24047729372978, 'T_min': 114.92713752388954, 'tau': 100, 'alpha': 50}, 'conv3': {'T_max': 202.5564161837101, 'T_min': 107.47291566431522, 'tau': 100, 'alpha': 50}, 'conv4': {'T_max': 134.8227232247591, 'T_min': 73.26437871158123, 'tau': 100, 'alpha': 50}, 'conv5': {'T_max': 76.11463874578476, 'T_min': 41.856537722051144, 'tau': 100, 'alpha': 50}, 'pool5': {'T_max': 61.31686478853226, 'T_min': 33.92191906273365, 'tau': 100, 'alpha': 50}, 'fc6': {'T_max': 34.43132712692022, 'T_min': 18.570100070908666, 'tau': 100, 'alpha': 50}, 'fc7': {'T_max': 20.01874697394669, 'T_min': 10.533724257722497, 'tau': 100, 'alpha': 50}, 'output': {'T_max': 19.02098509296775, 'T_min': 9.621050400659442, 'tau': 100, 'alpha': 50}}
Iterating over following combinations of layers :  [['conv1'], ['pool1'], ['conv2'], ['pool2'], ['conv3'], ['conv4'], ['conv5'], ['pool5'], ['fc6'], ['fc7'], ['output'], ['conv1', 'pool1'], ['conv1', 'conv2'], ['conv1', 'pool2'], ['conv1', 'conv3'], ['conv1', 'conv4'], ['conv1', 'conv5'], ['conv1', 'pool5'], ['conv1', 'fc6'], ['conv1', 'fc7'], ['conv1', 'output'], ['pool1', 'conv2'], ['pool1', 'pool2'], ['pool1', 'conv3'], ['pool1', 'conv4'], ['pool1', 'conv5'], ['pool1', 'pool5'], ['pool1', 'fc6'], ['pool1', 'fc7'], ['pool1', 'output'], ['conv2', 'pool2'], ['conv2', 'conv3'], ['conv2', 'conv4'], ['conv2', 'conv5'], ['conv2', 'pool5'], ['conv2', 'fc6'], ['conv2', 'fc7'], ['conv2', 'output'], ['pool2', 'conv3'], ['pool2', 'conv4'], ['pool2', 'conv5'], ['pool2', 'pool5'], ['pool2', 'fc6'], ['pool2', 'fc7'], ['pool2', 'output'], ['conv3', 'conv4'], ['conv3', 'conv5'], ['conv3', 'pool5'], ['conv3', 'fc6'], ['conv3', 'fc7'], ['conv3', 'output'], ['conv4', 'conv5'], ['conv4', 'pool5'], ['conv4', 'fc6'], ['conv4', 'fc7'], ['conv4', 'output'], ['conv5', 'pool5'], ['conv5', 'fc6'], ['conv5', 'fc7'], ['conv5', 'output'], ['pool5', 'fc6'], ['pool5', 'fc7'], ['pool5', 'output'], ['fc6', 'fc7'], ['fc6', 'output'], ['fc7', 'output']]
[['pool2']]
Generating the training set for videos : 
TRAINING SET : contains 962 samples, 37 patients based on 56 videos
TEST SET : contains 127 samples, 37 patients based on 8 videos
Dataset constituted.
--------------------NAIVE IMPLEMENTATION-------------------
Number of folds : 53
Grid search.
The best parameters are : {'C': 1000.0}
Metrics obtained during CV : 
{'r2': array([-2.08257416e-01, -1.07453988e-01, -1.68228927e-01, -3.14986753e-02,
       -1.82042813e-02, -1.68636625e-04, -5.00385537e-03, -1.40387532e-01,
       -1.14405207e-02, -1.33271365e-02, -1.58404134e-01, -7.59868280e-01,
       -1.74944853e-01, -8.40596842e-03, -4.08042677e-02, -5.38234264e-04,
       -2.17308525e-03, -1.81431573e+00, -1.67801140e-03, -2.84319665e-01,
       -1.17531402e-04, -4.74198437e-01, -3.74793841e-03, -9.30187570e-02,
       -3.95119376e-02, -1.93570316e-01, -4.25722913e-01, -3.33818281e-01,
       -6.57538328e-02, -8.81184525e-04, -3.00596967e-01, -4.84841082e-01,
       -4.47013102e-01, -1.69501832e-02, -4.51630500e-01, -2.34812496e-01,
       -8.32254119e-02, -4.87497259e-03, -1.02334826e-02, -1.07422440e-03,
       -2.21153820e-02, -5.02093759e-01, -6.89677550e-01, -1.06696908e-01,
       -6.56717583e-02, -4.53309232e-03, -3.05745151e-01, -1.92326016e-02,
       -1.73562171e-01, -4.36432404e-01, -6.58913694e-02, -1.16341803e-01,
       -1.30725045e-01]), 'neg_mean_absolute_error': array([ -9.24025082, -13.02331381,  -9.79356034, -10.99867801,
        -9.17898275,  -5.30491069,  -8.3551566 ,  -6.15663668,
        -6.82751934,  -7.32549194,  -7.90641207, -14.74611086,
       -13.66552885, -13.00953418,  -6.89405736,  -7.65251788,
       -13.54679134,  -7.93600465,  -8.81399684, -10.13220277,
        -9.43878481, -13.38865838,  -8.77455474, -10.63555556,
        -8.18915753,  -9.65520086, -10.63298239, -16.19640431,
       -10.68834751, -10.25894444, -12.36585791, -12.47200217,
       -12.51284704,  -8.77798009, -12.29708295, -10.94047164,
        -9.44361111,  -6.87012196,  -5.57353203,  -7.11175362,
        -6.67269553, -13.5385062 , -14.65380682,  -8.78287233,
       -19.58377778,  -7.84320865, -10.09884426,  -5.43335418,
        -8.81200334, -16.39340951,  -8.27979329, -14.0574375 ,
        -9.67756143]), 'neg_mean_squared_error': array([-134.75374958, -211.37138669, -110.97769907, -181.57093883,
       -130.3003392 ,  -46.15732843, -128.10358998, -105.91047039,
        -65.99744784,  -78.773432  , -107.91958109, -362.95511096,
       -354.75897349, -257.07645646,  -75.86273946,  -81.77395882,
       -250.81428176,  -79.27470532,  -95.89635078, -237.22054039,
       -144.61683824, -319.69450026, -108.83028682, -213.74797718,
       -118.30818768, -288.61901195, -198.17960129, -519.77900067,
       -200.77491449, -146.40757278, -255.11255367, -275.00383639,
       -314.34884968, -118.06151757, -206.1675202 , -234.45158749,
       -177.90712005,  -74.6227327 ,  -64.52866661, -107.52005908,
        -82.33663749, -341.30957881, -413.86421078, -171.81361849,
       -627.21507251, -102.9523437 , -171.5076607 ,  -44.43032807,
       -207.3354505 , -446.60620043, -126.70789867, -338.38380941,
       -263.9051871 ]), 'max_error': array([-34.29414896, -26.39000538, -16.30296072, -32.74111776,
       -26.18146555, -15.8069394 , -29.18300493, -36.09009687,
       -17.68962651, -19.93821769, -25.83894312, -35.83764604,
       -58.56368269, -33.19614939, -21.65484432, -17.10294659,
       -30.54132153, -13.31560589, -22.88902842, -48.76741248,
       -30.46796838, -45.4779627 , -20.41125365, -45.09814479,
       -31.13602055, -49.9184359 , -37.85864025, -61.0238796 ,
       -33.01643622, -26.76292007, -35.62140707, -40.20175487,
       -47.62078084, -24.74143584, -27.79591553, -45.43224826,
       -38.93296759, -23.89340232, -20.42960584, -32.61128261,
       -21.99612013, -52.90776394, -51.59865228, -42.24835096,
       -63.75684892, -24.28454698, -34.26147891, -15.82065967,
       -50.07105673, -44.95119234, -35.51048591, -41.86890097,
       -53.72150853]), 'explained_variance': array([-2.22044605e-16,  0.00000000e+00,  1.11022302e-16,  1.11022302e-16,
        0.00000000e+00,  0.00000000e+00,  0.00000000e+00,  0.00000000e+00,
        0.00000000e+00,  0.00000000e+00,  0.00000000e+00,  0.00000000e+00,
        0.00000000e+00,  0.00000000e+00,  2.22044605e-16,  0.00000000e+00,
        0.00000000e+00,  0.00000000e+00,  0.00000000e+00,  0.00000000e+00,
        2.22044605e-16, -2.22044605e-16, -2.22044605e-16, -2.22044605e-16,
        0.00000000e+00,  0.00000000e+00,  0.00000000e+00,  0.00000000e+00,
        1.11022302e-16, -2.22044605e-16,  0.00000000e+00,  0.00000000e+00,
        1.11022302e-16,  0.00000000e+00,  0.00000000e+00,  3.33066907e-16,
        0.00000000e+00,  0.00000000e+00, -2.22044605e-16,  2.22044605e-16,
        0.00000000e+00,  0.00000000e+00,  0.00000000e+00,  0.00000000e+00,
       -4.44089210e-16, -2.22044605e-16,  0.00000000e+00,  0.00000000e+00,
        0.00000000e+00,  0.00000000e+00, -2.22044605e-16, -2.22044605e-16,
       -2.22044605e-16])}
     accs  y_pred (s)  y_true (s)
54    [3]   15.185786      19.499
4    [28]   27.828580      26.335
3    [28]   27.828580      27.642
11   [28]   27.828580      18.893
27   [25]   19.494737      65.978
29   [25]   19.494737      45.143
64    [3]   15.185786      30.560
77   [14]   15.669010      12.834
124  [20]   19.750168      45.263
71    [3]   15.185786       9.629
25   [25]   19.494737      19.467
91    [7]   17.127492      14.879
83   [14]   15.669010      24.338
89   [14]   15.669010      11.455
69    [3]   15.185786       9.069
{'mse': 262.9720722307222, 'mae': 11.069476542052659, 'r2-score': -0.07559057893101051, 'max-error': 64.22855472391579, 'explained variance score': 0.10240462753865653, 'layers': ['pool2']}
