environment: line 5: __conda_exe: command not found
Using device: cuda
Using model: alexnet
Number of videos: 64
Execution type : naive
Using 2 features
Job ID : 36
Plotting ?  yes
Calculate accumulators ?  no
The directory contains : 65 videos
Number of videos in the directory : 65
Number of videos in the dataframe : 64
['conv1', 'pool1', 'conv2', 'pool2', 'conv3', 'conv4', 'conv5', 'pool5', 'fc6', 'fc7', 'output']
{'conv1': {'T_max': 231.03611281514168, 'T_min': 137.700119048357, 'tau': 100, 'alpha': 50}, 'pool1': {'T_max': 172.87935100495815, 'T_min': 96.51064738631248, 'tau': 100, 'alpha': 50}, 'conv2': {'T_max': 260.3908884525299, 'T_min': 138.66424806416035, 'tau': 100, 'alpha': 50}, 'pool2': {'T_max': 218.24047729372978, 'T_min': 114.92713752388954, 'tau': 100, 'alpha': 50}, 'conv3': {'T_max': 202.5564161837101, 'T_min': 107.47291566431522, 'tau': 100, 'alpha': 50}, 'conv4': {'T_max': 134.8227232247591, 'T_min': 73.26437871158123, 'tau': 100, 'alpha': 50}, 'conv5': {'T_max': 76.11463874578476, 'T_min': 41.856537722051144, 'tau': 100, 'alpha': 50}, 'pool5': {'T_max': 61.31686478853226, 'T_min': 33.92191906273365, 'tau': 100, 'alpha': 50}, 'fc6': {'T_max': 34.43132712692022, 'T_min': 18.570100070908666, 'tau': 100, 'alpha': 50}, 'fc7': {'T_max': 20.01874697394669, 'T_min': 10.533724257722497, 'tau': 100, 'alpha': 50}, 'output': {'T_max': 19.02098509296775, 'T_min': 9.621050400659442, 'tau': 100, 'alpha': 50}}
Iterating over following combinations of layers :  [['conv1'], ['pool1'], ['conv2'], ['pool2'], ['conv3'], ['conv4'], ['conv5'], ['pool5'], ['fc6'], ['fc7'], ['output'], ['conv1', 'pool1'], ['conv1', 'conv2'], ['conv1', 'pool2'], ['conv1', 'conv3'], ['conv1', 'conv4'], ['conv1', 'conv5'], ['conv1', 'pool5'], ['conv1', 'fc6'], ['conv1', 'fc7'], ['conv1', 'output'], ['pool1', 'conv2'], ['pool1', 'pool2'], ['pool1', 'conv3'], ['pool1', 'conv4'], ['pool1', 'conv5'], ['pool1', 'pool5'], ['pool1', 'fc6'], ['pool1', 'fc7'], ['pool1', 'output'], ['conv2', 'pool2'], ['conv2', 'conv3'], ['conv2', 'conv4'], ['conv2', 'conv5'], ['conv2', 'pool5'], ['conv2', 'fc6'], ['conv2', 'fc7'], ['conv2', 'output'], ['pool2', 'conv3'], ['pool2', 'conv4'], ['pool2', 'conv5'], ['pool2', 'pool5'], ['pool2', 'fc6'], ['pool2', 'fc7'], ['pool2', 'output'], ['conv3', 'conv4'], ['conv3', 'conv5'], ['conv3', 'pool5'], ['conv3', 'fc6'], ['conv3', 'fc7'], ['conv3', 'output'], ['conv4', 'conv5'], ['conv4', 'pool5'], ['conv4', 'fc6'], ['conv4', 'fc7'], ['conv4', 'output'], ['conv5', 'pool5'], ['conv5', 'fc6'], ['conv5', 'fc7'], ['conv5', 'output'], ['pool5', 'fc6'], ['pool5', 'fc7'], ['pool5', 'output'], ['fc6', 'fc7'], ['fc6', 'output'], ['fc7', 'output']]
[['conv2', 'fc7']]
Generating the training set for videos : 
TRAINING SET : contains 962 samples, 37 patients based on 56 videos
TEST SET : contains 127 samples, 37 patients based on 8 videos
Dataset constituted.
--------------------NAIVE IMPLEMENTATION-------------------
Number of folds : 53
Grid search.
The best parameters are : {'C': 1}
Metrics obtained during CV : 
{'r2': array([-5.55300296e-01, -4.78470436e-02, -7.73153028e-02, -8.34466178e-02,
       -5.92205501e-02, -2.58545305e-02, -6.52796360e-02, -8.38383447e-02,
       -1.72966739e-02, -2.42292927e-02, -1.34877661e-01, -4.17395998e-01,
       -4.05533303e-01, -7.50961246e-02, -4.03021254e-01, -2.01661522e-01,
       -6.66592817e-03, -9.13405095e-01, -1.17671519e-02, -1.80268438e-01,
       -4.35210944e-02, -6.50349435e-01, -2.49361328e-03, -2.52658439e-01,
       -2.32944790e-02, -5.18027490e-02, -1.44193276e-01, -4.02033863e-01,
       -1.45728834e-01, -1.15341464e-02, -1.50494896e-01, -4.99560061e-01,
       -4.40080124e-01, -4.49302830e-02, -2.15412812e-01, -3.37016381e-01,
       -1.52251990e-02, -5.92308099e-02, -7.00000025e-02, -7.71384977e-02,
       -2.52512370e-04, -3.87566883e-01, -5.57827032e-01, -1.93212967e-01,
       -3.30689231e-01, -4.22855363e-02, -2.20501872e-01, -5.60968848e-02,
       -2.56173588e-01, -6.82106668e-01, -3.57424055e-03, -1.39042233e-01,
       -8.35700317e-02]), 'neg_mean_absolute_error': array([-11.64834978, -11.21625862,  -9.18367446, -10.92089377,
       -10.45864439,  -5.66390383,  -7.9852648 ,  -6.11345531,
        -6.87971993,  -7.70290207,  -7.8595591 , -13.18685726,
       -15.00026617, -13.16474337,  -8.77429582,  -7.99235978,
       -13.37813629,  -6.38686282,  -8.74059928,  -9.80410676,
        -9.17311111, -13.89067798,  -8.51734649, -10.87692023,
        -7.9703363 ,  -9.6209319 ,  -9.15354635, -16.56681297,
       -10.48122222, -10.25894444, -11.85392644, -12.53545275,
       -12.47875047,  -9.2674784 , -11.62437349, -11.43948192,
        -9.44361111,  -6.70394582,  -6.48207645,  -7.39383166,
        -7.0169394 , -12.99922773, -13.92701629,  -9.20492024,
       -21.07116102,  -7.92557101,  -9.73977739,  -5.54773078,
        -9.25190083, -17.67822054,  -8.13459233, -14.11824415,
        -9.9389253 ]), 'neg_mean_squared_error': array([-173.45852287, -199.99465894, -102.34121991, -190.71514515,
       -135.54922081,  -47.34272076, -135.78668876, -100.65861442,
        -66.37956736,  -79.62093744, -105.727801  , -292.32365146,
       -424.38208943, -274.07801096, -102.26421925,  -98.21175885,
       -251.93870746,  -53.89751533,  -96.86224176, -218.00173612,
       -150.89298665, -357.89458501, -108.69428797, -244.96670863,
       -116.4624579 , -254.33798598, -159.04616894, -546.36210248,
       -215.84122114, -147.96587391, -225.66997963, -277.72990299,
       -312.84273094, -121.3098311 , -172.61875212, -253.85685201,
       -166.73887944,  -78.65923598,  -68.34625323, -115.68971819,
        -80.57547118, -315.28648971, -381.56916681, -185.24515241,
       -783.19457765, -106.82150701, -160.31108425,  -46.03731375,
       -221.93056587, -522.98964139, -119.29994635, -345.2647287 ,
       -252.89945884]), 'max_error': array([-31.24389028, -33.94063792, -15.01542387, -34.21901846,
       -21.90225094, -14.80283247, -31.26896875, -35.26965097,
       -17.49126428, -17.54795355, -25.5422076 , -32.59718398,
       -62.36129388, -36.10770798, -17.95949073, -17.05709286,
       -32.57041042, -11.23912668, -23.5496065 , -47.29098041,
       -33.10694718, -47.21302544, -21.56869081, -47.86228203,
       -31.62836833, -46.61611288, -34.64297238, -62.13510558,
       -34.73649957, -28.42086694, -33.37591898, -40.34451869,
       -47.54406356, -23.86033887, -25.3181807 , -46.75445933,
       -36.81714958, -25.38898764, -17.50657798, -35.14998493,
       -20.80401135, -51.61084985, -50.29042933, -43.65526073,
       -71.4908164 , -25.6847072 , -33.30604311, -15.17252555,
       -51.26104486, -47.86530546, -32.05993033, -42.42245319,
       -52.61429879]), 'explained_variance': array([-2.22044605e-16,  0.00000000e+00,  1.11022302e-16,  0.00000000e+00,
        0.00000000e+00,  0.00000000e+00,  2.22044605e-16, -2.22044605e-16,
        0.00000000e+00,  3.33066907e-16,  1.11022302e-16, -2.22044605e-16,
        0.00000000e+00,  0.00000000e+00,  2.22044605e-16,  0.00000000e+00,
        0.00000000e+00,  0.00000000e+00,  0.00000000e+00,  0.00000000e+00,
        2.22044605e-16,  1.11022302e-16, -2.22044605e-16, -2.22044605e-16,
        0.00000000e+00,  0.00000000e+00,  0.00000000e+00,  0.00000000e+00,
        0.00000000e+00, -2.22044605e-16,  0.00000000e+00,  0.00000000e+00,
        0.00000000e+00,  0.00000000e+00,  0.00000000e+00,  0.00000000e+00,
       -2.22044605e-16,  0.00000000e+00,  0.00000000e+00,  2.22044605e-16,
        0.00000000e+00,  1.11022302e-16,  0.00000000e+00,  0.00000000e+00,
       -4.44089210e-16,  0.00000000e+00, -2.22044605e-16,  0.00000000e+00,
        0.00000000e+00, -2.22044605e-16,  0.00000000e+00, -2.22044605e-16,
        0.00000000e+00])}
         accs  y_pred (s)  y_true (s)
54     [2, 4]   14.170747      19.499
4    [31, 28]   24.079633      26.335
3    [31, 28]   24.079633      27.642
11   [31, 28]   24.079633      18.893
27   [27, 23]   21.335555      65.978
29   [27, 23]   21.335555      45.143
64     [2, 4]   14.170747      30.560
77   [14, 15]   18.110529      12.834
124  [21, 22]   19.498980      45.263
71     [2, 4]   14.170747       9.629
25   [27, 23]   21.335555      19.467
91     [6, 5]   14.812513      14.879
83   [14, 15]   18.110529      24.338
89   [14, 15]   18.110529      11.455
69     [2, 4]   14.170747       9.069
{'mse': 271.12270092948336, 'mae': 11.34055007886165, 'r2-score': -0.10892772901841852, 'max-error': 64.08764540688406, 'explained variance score': 0.09012969493362233, 'layers': ['conv2', 'fc7']}
