environment: line 5: __conda_exe: command not found
Using device: cuda
Using model: alexnet
Number of videos: 64
Execution type : naive
Using 2 features
Job ID : 37
Plotting ?  yes
Calculate accumulators ?  no
The directory contains : 65 videos
Number of videos in the directory : 65
Number of videos in the dataframe : 64
['conv1', 'pool1', 'conv2', 'pool2', 'conv3', 'conv4', 'conv5', 'pool5', 'fc6', 'fc7', 'output']
{'conv1': {'T_max': 231.03611281514168, 'T_min': 137.700119048357, 'tau': 100, 'alpha': 50}, 'pool1': {'T_max': 172.87935100495815, 'T_min': 96.51064738631248, 'tau': 100, 'alpha': 50}, 'conv2': {'T_max': 260.3908884525299, 'T_min': 138.66424806416035, 'tau': 100, 'alpha': 50}, 'pool2': {'T_max': 218.24047729372978, 'T_min': 114.92713752388954, 'tau': 100, 'alpha': 50}, 'conv3': {'T_max': 202.5564161837101, 'T_min': 107.47291566431522, 'tau': 100, 'alpha': 50}, 'conv4': {'T_max': 134.8227232247591, 'T_min': 73.26437871158123, 'tau': 100, 'alpha': 50}, 'conv5': {'T_max': 76.11463874578476, 'T_min': 41.856537722051144, 'tau': 100, 'alpha': 50}, 'pool5': {'T_max': 61.31686478853226, 'T_min': 33.92191906273365, 'tau': 100, 'alpha': 50}, 'fc6': {'T_max': 34.43132712692022, 'T_min': 18.570100070908666, 'tau': 100, 'alpha': 50}, 'fc7': {'T_max': 20.01874697394669, 'T_min': 10.533724257722497, 'tau': 100, 'alpha': 50}, 'output': {'T_max': 19.02098509296775, 'T_min': 9.621050400659442, 'tau': 100, 'alpha': 50}}
Iterating over following combinations of layers :  [['conv1'], ['pool1'], ['conv2'], ['pool2'], ['conv3'], ['conv4'], ['conv5'], ['pool5'], ['fc6'], ['fc7'], ['output'], ['conv1', 'pool1'], ['conv1', 'conv2'], ['conv1', 'pool2'], ['conv1', 'conv3'], ['conv1', 'conv4'], ['conv1', 'conv5'], ['conv1', 'pool5'], ['conv1', 'fc6'], ['conv1', 'fc7'], ['conv1', 'output'], ['pool1', 'conv2'], ['pool1', 'pool2'], ['pool1', 'conv3'], ['pool1', 'conv4'], ['pool1', 'conv5'], ['pool1', 'pool5'], ['pool1', 'fc6'], ['pool1', 'fc7'], ['pool1', 'output'], ['conv2', 'pool2'], ['conv2', 'conv3'], ['conv2', 'conv4'], ['conv2', 'conv5'], ['conv2', 'pool5'], ['conv2', 'fc6'], ['conv2', 'fc7'], ['conv2', 'output'], ['pool2', 'conv3'], ['pool2', 'conv4'], ['pool2', 'conv5'], ['pool2', 'pool5'], ['pool2', 'fc6'], ['pool2', 'fc7'], ['pool2', 'output'], ['conv3', 'conv4'], ['conv3', 'conv5'], ['conv3', 'pool5'], ['conv3', 'fc6'], ['conv3', 'fc7'], ['conv3', 'output'], ['conv4', 'conv5'], ['conv4', 'pool5'], ['conv4', 'fc6'], ['conv4', 'fc7'], ['conv4', 'output'], ['conv5', 'pool5'], ['conv5', 'fc6'], ['conv5', 'fc7'], ['conv5', 'output'], ['pool5', 'fc6'], ['pool5', 'fc7'], ['pool5', 'output'], ['fc6', 'fc7'], ['fc6', 'output'], ['fc7', 'output']]
[['conv2', 'output']]
Generating the training set for videos : 
TRAINING SET : contains 962 samples, 37 patients based on 56 videos
TEST SET : contains 127 samples, 37 patients based on 8 videos
Dataset constituted.
--------------------NAIVE IMPLEMENTATION-------------------
Number of folds : 53
Grid search.
The best parameters are : {'C': 10.0}
Metrics obtained during CV : 
{'r2': array([-5.51697979e-01, -2.67716480e-02, -5.39826403e-02, -1.41866637e-01,
       -6.95038329e-02, -5.69189265e-03, -4.87851197e-02, -1.75568028e-01,
       -1.54058290e-02, -3.51334191e-05, -1.96817980e-01, -5.54764467e-01,
       -3.58711338e-01, -2.51151248e-02, -2.51561079e-01, -5.15521828e-02,
       -6.69384796e-02, -9.38405771e-01, -1.13335292e-02, -2.86952174e-01,
       -1.04231876e-01, -5.03461779e-01, -1.14889011e-01, -1.40079056e-01,
       -4.09306806e-02, -1.20721725e-01, -4.59621378e-01, -3.76738602e-01,
       -1.56035001e-01, -2.35310801e-02, -3.14406593e-02, -7.35623446e-01,
       -5.05009094e-01, -4.94102074e-02, -3.73146092e-01, -4.64521342e-01,
       -1.62629285e-02, -3.79147207e-02, -4.81899538e-02, -1.37335470e-01,
       -3.85943699e-02, -2.87485355e-01, -5.95776988e-01, -4.58801197e-02,
       -2.01562489e-01, -1.26552272e-01, -2.19925325e-01, -4.00646177e-03,
       -1.06337686e-01, -6.29484110e-01, -3.04223316e-02, -4.76308980e-02,
       -1.11774030e-01]), 'neg_mean_absolute_error': array([-11.62816507, -12.18765612,  -9.01115921, -10.85959754,
       -10.54317877,  -5.15605063,  -8.03709784,  -6.20009362,
        -6.86399669,  -7.49445668,  -7.97597024, -13.71135536,
       -14.75770298, -13.06566401,  -7.99574423,  -7.47394539,
       -14.3440282 ,  -6.42678078,  -8.74279258, -10.13964087,
        -9.17311111, -13.45715051,  -9.67283952, -10.67744351,
        -8.20592906,  -9.43438889, -10.83324931, -16.43342522,
       -10.48122222, -10.25894444, -11.59161111, -13.72087973,
       -12.7883006 ,  -9.32923182, -12.05405608, -12.05818264,
       -10.30588385,  -6.7505345 ,  -6.3220444 ,  -7.56955456,
        -6.60998696, -12.56523955, -14.144277  ,  -8.62719495,
       -20.15691572,  -8.03888316,  -9.73770669,  -5.20804677,
        -8.74123363, -17.37486034,  -8.22702724, -14.19854392,
        -9.76613409]), 'neg_mean_squared_error': array([-173.05676595, -195.9721572 , -100.12469784, -200.9986074 ,
       -136.86517995,  -46.41222418, -133.68420254, -109.17776572,
        -66.25618795,  -77.74014605, -111.49830285, -320.65451499,
       -410.24481976, -261.33618008,  -91.22450306,  -85.94332725,
       -267.02314438,  -54.60174379,  -96.82072858, -237.70677852,
       -159.67175621, -326.04054514, -120.88063766, -222.95096986,
       -118.46965664, -271.003386  , -202.89158575, -536.50472853,
       -217.78277619, -149.72076948, -202.31744906, -321.45063333,
       -326.94788802, -121.82992214, -195.02078837, -278.06598555,
       -166.90931438,  -77.07628797,  -66.95313632, -122.15515489,
        -83.6641045 , -292.54570931, -390.86450758, -162.37187119,
       -707.19534221, -115.45781581, -160.23535569,  -43.76659107,
       -195.4587735 , -506.62857842, -122.49151474, -317.55626549,
       -259.48212146]), 'max_error': array([-31.26945757, -28.65821911, -15.37713928, -35.3836468 ,
       -21.67280047, -16.40767937, -30.878047  , -36.51725962,
       -17.55101257, -18.86810772, -26.27947822, -34.01552798,
       -61.7029081 , -34.2626162 , -19.09737382, -15.26003755,
       -27.18578061, -11.30807589, -23.52986679, -48.80088391,
       -34.48058951, -45.7861773 , -17.78068524, -46.0669916 ,
       -31.09828461, -48.47978621, -38.15904063, -61.73494232,
       -34.91861141, -28.97723289, -30.42608615, -42.39798626,
       -48.24055134, -23.74918273, -27.0668349 , -48.14653593,
       -33.60151512, -24.96968951, -17.8666501 , -36.1122455 ,
       -22.42461732, -50.30888531, -50.6814986 , -40.84725456,
       -68.43162075, -27.20433793, -33.29900275, -17.15420493,
       -48.86797173, -47.29229176, -34.61346301, -39.73014861,
       -53.30546364]), 'explained_variance': array([-2.22044605e-16,  0.00000000e+00,  1.11022302e-16,  0.00000000e+00,
        0.00000000e+00,  0.00000000e+00,  0.00000000e+00, -2.22044605e-16,
        0.00000000e+00,  3.33066907e-16,  0.00000000e+00, -2.22044605e-16,
       -2.22044605e-16,  0.00000000e+00,  2.22044605e-16,  0.00000000e+00,
        0.00000000e+00,  0.00000000e+00,  0.00000000e+00,  0.00000000e+00,
        0.00000000e+00,  1.11022302e-16, -2.22044605e-16, -2.22044605e-16,
        0.00000000e+00,  0.00000000e+00,  0.00000000e+00,  0.00000000e+00,
        1.11022302e-16, -2.22044605e-16, -2.22044605e-16,  0.00000000e+00,
        2.22044605e-16,  0.00000000e+00,  0.00000000e+00,  4.44089210e-16,
        0.00000000e+00,  0.00000000e+00,  0.00000000e+00,  1.11022302e-16,
        0.00000000e+00,  1.11022302e-16, -2.22044605e-16,  0.00000000e+00,
       -2.22044605e-16, -2.22044605e-16,  0.00000000e+00,  3.33066907e-16,
        0.00000000e+00,  0.00000000e+00,  0.00000000e+00,  0.00000000e+00,
       -2.22044605e-16])}
         accs  y_pred (s)  y_true (s)
54     [2, 4]   14.431020      19.499
4    [31, 29]   27.929494      26.335
3    [31, 29]   27.929494      27.642
11   [31, 29]   27.929494      18.893
27   [27, 23]   21.495644      65.978
29   [27, 23]   21.495644      45.143
64     [2, 4]   14.431020      30.560
77    [14, 7]   17.386047      12.834
124  [21, 20]   17.741633      45.263
71     [2, 4]   14.431020       9.629
25   [27, 23]   21.495644      19.467
91     [6, 4]   13.685945      14.879
83    [14, 7]   17.386047      24.338
89    [14, 7]   17.386047      11.455
69     [2, 4]   14.431020       9.069
{'mse': 271.0574995158826, 'mae': 11.320943838705995, 'r2-score': -0.10866104660759413, 'max-error': 64.28593772456003, 'explained variance score': 0.08682783664038152, 'layers': ['conv2', 'output']}
