environment: line 5: __conda_exe: command not found
Using device: cuda
Using model: alexnet
Number of videos: 64
Execution type : naive
Using 2 features
Job ID : 55
Plotting ?  yes
Calculate accumulators ?  no
The directory contains : 65 videos
Number of videos in the directory : 65
Number of videos in the dataframe : 64
['conv1', 'pool1', 'conv2', 'pool2', 'conv3', 'conv4', 'conv5', 'pool5', 'fc6', 'fc7', 'output']
{'conv1': {'T_max': 231.03611281514168, 'T_min': 137.700119048357, 'tau': 100, 'alpha': 50}, 'pool1': {'T_max': 172.87935100495815, 'T_min': 96.51064738631248, 'tau': 100, 'alpha': 50}, 'conv2': {'T_max': 260.3908884525299, 'T_min': 138.66424806416035, 'tau': 100, 'alpha': 50}, 'pool2': {'T_max': 218.24047729372978, 'T_min': 114.92713752388954, 'tau': 100, 'alpha': 50}, 'conv3': {'T_max': 202.5564161837101, 'T_min': 107.47291566431522, 'tau': 100, 'alpha': 50}, 'conv4': {'T_max': 134.8227232247591, 'T_min': 73.26437871158123, 'tau': 100, 'alpha': 50}, 'conv5': {'T_max': 76.11463874578476, 'T_min': 41.856537722051144, 'tau': 100, 'alpha': 50}, 'pool5': {'T_max': 61.31686478853226, 'T_min': 33.92191906273365, 'tau': 100, 'alpha': 50}, 'fc6': {'T_max': 34.43132712692022, 'T_min': 18.570100070908666, 'tau': 100, 'alpha': 50}, 'fc7': {'T_max': 20.01874697394669, 'T_min': 10.533724257722497, 'tau': 100, 'alpha': 50}, 'output': {'T_max': 19.02098509296775, 'T_min': 9.621050400659442, 'tau': 100, 'alpha': 50}}
Iterating over following combinations of layers :  [['conv1'], ['pool1'], ['conv2'], ['pool2'], ['conv3'], ['conv4'], ['conv5'], ['pool5'], ['fc6'], ['fc7'], ['output'], ['conv1', 'pool1'], ['conv1', 'conv2'], ['conv1', 'pool2'], ['conv1', 'conv3'], ['conv1', 'conv4'], ['conv1', 'conv5'], ['conv1', 'pool5'], ['conv1', 'fc6'], ['conv1', 'fc7'], ['conv1', 'output'], ['pool1', 'conv2'], ['pool1', 'pool2'], ['pool1', 'conv3'], ['pool1', 'conv4'], ['pool1', 'conv5'], ['pool1', 'pool5'], ['pool1', 'fc6'], ['pool1', 'fc7'], ['pool1', 'output'], ['conv2', 'pool2'], ['conv2', 'conv3'], ['conv2', 'conv4'], ['conv2', 'conv5'], ['conv2', 'pool5'], ['conv2', 'fc6'], ['conv2', 'fc7'], ['conv2', 'output'], ['pool2', 'conv3'], ['pool2', 'conv4'], ['pool2', 'conv5'], ['pool2', 'pool5'], ['pool2', 'fc6'], ['pool2', 'fc7'], ['pool2', 'output'], ['conv3', 'conv4'], ['conv3', 'conv5'], ['conv3', 'pool5'], ['conv3', 'fc6'], ['conv3', 'fc7'], ['conv3', 'output'], ['conv4', 'conv5'], ['conv4', 'pool5'], ['conv4', 'fc6'], ['conv4', 'fc7'], ['conv4', 'output'], ['conv5', 'pool5'], ['conv5', 'fc6'], ['conv5', 'fc7'], ['conv5', 'output'], ['pool5', 'fc6'], ['pool5', 'fc7'], ['pool5', 'output'], ['fc6', 'fc7'], ['fc6', 'output'], ['fc7', 'output']]
[['conv4', 'output']]
Generating the training set for videos : 
TRAINING SET : contains 962 samples, 37 patients based on 56 videos
TEST SET : contains 127 samples, 37 patients based on 8 videos
Dataset constituted.
--------------------NAIVE IMPLEMENTATION-------------------
Number of folds : 53
Grid search.
The best parameters are : {'C': 1}
Metrics obtained during CV : 
{'r2': array([-6.07510117e-01, -4.02720578e-02, -9.09647845e-02, -5.93479017e-02,
       -8.13350720e-02, -5.07438132e-03, -1.89527578e-02, -1.09087686e-01,
       -3.63788298e-02, -1.57973474e-02, -9.96307741e-02, -3.95254419e-01,
       -3.61882735e-01, -2.40047909e-01, -4.02190329e-01, -5.41303401e-02,
       -4.38029039e-03, -4.74896110e-01, -5.90105111e-05, -2.38041860e-01,
       -3.00003656e-02, -6.02691960e-01, -2.77451516e-03, -2.14043999e-01,
       -3.52488237e-02, -4.82714078e-02, -2.03127344e-01, -5.40085865e-01,
       -1.20367931e-01, -1.34119770e-02, -7.05966905e-02, -5.88667933e-01,
       -4.07000916e-01, -5.59505219e-02, -1.76283136e-01, -2.20527525e-01,
       -1.85431866e-02, -2.99929695e-02, -1.45714357e-01, -1.14333282e-01,
       -9.40521318e-03, -3.19491555e-01, -6.08388839e-01, -1.58490303e-01,
       -4.08788959e-01, -8.52771752e-02, -2.55014014e-01, -3.45210131e-02,
       -2.50491713e-01, -5.54314753e-01, -1.98580517e-03, -2.40776509e-01,
       -6.89217967e-02]), 'neg_mean_absolute_error': array([-11.93385932, -11.17686172,  -9.2923885 , -10.95249626,
       -10.6330236 ,  -5.43975516,  -8.18542182,  -6.13411697,
        -7.00559665,  -7.6611795 ,  -7.7808996 , -13.09495782,
       -14.77461494, -13.91907013,  -8.77047099,  -7.47661386,
       -13.39100987,  -5.69386395,  -8.85017947,  -9.995327  ,
        -9.17311111, -13.71242873,  -8.75477819, -10.81476438,
        -8.13686232,  -9.63457231,  -9.43245178, -17.43136827,
       -10.48122222, -10.25894444, -11.64327266, -12.9481151 ,
       -12.31223767,  -9.41455864, -11.50714583, -10.87170866,
        -9.44361111,  -6.77115154,  -6.94628293,  -7.4948076 ,
        -6.77587488, -12.71125156, -14.21493822,  -9.03275951,
       -21.5912231 ,  -7.97701575,  -9.87254727,  -5.48825134,
        -9.22100813, -16.91859292,  -8.1248293 , -14.37462418,
       -10.040348  ]), 'neg_mean_squared_error': array([-179.28134584, -198.54887855, -103.63787336, -186.4731363 ,
       -138.37923219,  -46.38372632, -129.88159757, -103.00358012,
        -67.62469602,  -78.96545981, -102.4441203 , -287.75717376,
       -411.20238092, -316.12974565, -102.20365433,  -86.15403997,
       -251.36667993,  -41.54542909,  -95.74135459, -228.67278843,
       -148.93789139, -347.55959068, -108.72474446, -237.4153666 ,
       -117.82299722, -253.4840671 , -167.23817449, -600.15993408,
       -211.06353885, -148.24056049, -209.99791838, -294.23335712,
       -305.65661023, -122.5892115 , -167.06136803, -231.73932636,
       -167.28382014,  -76.48801308,  -73.18250785, -119.68461215,
        -81.31276819, -299.81823971, -393.95361394, -179.8544926 ,
       -829.16119534, -111.22762366, -164.84420219,  -45.09677961,
       -220.92673831, -483.25741208, -119.111121  , -376.1022657 ,
       -249.48063902]), 'max_error': array([-30.88224486, -33.69112426, -15.24493128, -33.61857112,
       -21.42893595, -15.41123601, -29.93866179, -35.66222244,
       -17.01293273, -17.81219653, -25.04403081, -32.34774266,
       -61.74881197, -39.5550665 , -17.96508086, -15.20933664,
       -32.32581246,  -9.82420215, -22.5633848 , -48.15147152,
       -32.68113149, -46.76961951, -20.50024815, -47.3028794 ,
       -31.25368479, -46.49334923, -35.47968867, -64.1258286 ,
       -34.25880423, -28.52261793, -31.66395397, -41.16720719,
       -47.16940975, -23.59559444, -24.79065624, -45.22595931,
       -36.98096994, -24.78413615, -16.57029073, -35.77588419,
       -21.53181302, -50.74692136, -50.8086888 , -43.13877853,
       -73.05100263, -26.55926769, -33.71190052, -15.50957574,
       -51.18601975, -46.4304533 , -32.22590186, -44.47349343,
       -52.20860801]), 'explained_variance': array([-2.22044605e-16,  0.00000000e+00,  1.11022302e-16,  3.33066907e-16,
        0.00000000e+00,  0.00000000e+00,  0.00000000e+00, -2.22044605e-16,
        0.00000000e+00,  3.33066907e-16,  1.11022302e-16,  0.00000000e+00,
        0.00000000e+00,  0.00000000e+00,  2.22044605e-16,  0.00000000e+00,
        0.00000000e+00,  0.00000000e+00,  0.00000000e+00,  0.00000000e+00,
        2.22044605e-16, -2.22044605e-16, -2.22044605e-16, -2.22044605e-16,
        0.00000000e+00,  0.00000000e+00,  0.00000000e+00,  1.11022302e-16,
        0.00000000e+00, -2.22044605e-16, -2.22044605e-16,  0.00000000e+00,
        1.11022302e-16,  0.00000000e+00,  0.00000000e+00,  3.33066907e-16,
       -4.44089210e-16,  0.00000000e+00, -2.22044605e-16,  1.11022302e-16,
        0.00000000e+00,  0.00000000e+00,  0.00000000e+00,  0.00000000e+00,
        0.00000000e+00, -2.22044605e-16,  0.00000000e+00,  0.00000000e+00,
        0.00000000e+00,  0.00000000e+00, -2.22044605e-16, -2.22044605e-16,
       -2.22044605e-16])}
         accs  y_pred (s)  y_true (s)
54     [5, 4]   14.271709      19.499
4    [34, 29]   23.792492      26.335
3    [34, 29]   23.792492      27.642
11   [34, 29]   23.792492      18.893
27   [28, 23]   21.176685      65.978
29   [28, 23]   21.176685      45.143
64     [5, 4]   14.271709      30.560
77    [14, 7]   18.470470      12.834
124  [23, 20]   19.210206      45.263
71     [5, 4]   14.271709       9.629
25   [28, 23]   21.176685      19.467
91     [5, 4]   14.271709      14.879
83    [14, 7]   18.470470      24.338
89    [14, 7]   18.470470      11.455
69     [5, 4]   14.271709       9.069
{'mse': 274.70537520651465, 'mae': 11.424081764181123, 'r2-score': -0.12358134096688578, 'max-error': 64.07964442254108, 'explained variance score': 0.0819660975457217, 'layers': ['conv4', 'output']}
