environment: line 5: __conda_exe: command not found
Using device: cuda
Using model: alexnet
Number of videos: 64
Execution type : naive
Using 2 features
Job ID : 18
Plotting ?  yes
Calculate accumulators ?  no
The directory contains : 65 videos
Number of videos in the directory : 65
Number of videos in the dataframe : 64
['conv1', 'pool1', 'conv2', 'pool2', 'conv3', 'conv4', 'conv5', 'pool5', 'fc6', 'fc7', 'output']
{'conv1': {'T_max': 231.03611281514168, 'T_min': 137.700119048357, 'tau': 100, 'alpha': 50}, 'pool1': {'T_max': 172.87935100495815, 'T_min': 96.51064738631248, 'tau': 100, 'alpha': 50}, 'conv2': {'T_max': 260.3908884525299, 'T_min': 138.66424806416035, 'tau': 100, 'alpha': 50}, 'pool2': {'T_max': 218.24047729372978, 'T_min': 114.92713752388954, 'tau': 100, 'alpha': 50}, 'conv3': {'T_max': 202.5564161837101, 'T_min': 107.47291566431522, 'tau': 100, 'alpha': 50}, 'conv4': {'T_max': 134.8227232247591, 'T_min': 73.26437871158123, 'tau': 100, 'alpha': 50}, 'conv5': {'T_max': 76.11463874578476, 'T_min': 41.856537722051144, 'tau': 100, 'alpha': 50}, 'pool5': {'T_max': 61.31686478853226, 'T_min': 33.92191906273365, 'tau': 100, 'alpha': 50}, 'fc6': {'T_max': 34.43132712692022, 'T_min': 18.570100070908666, 'tau': 100, 'alpha': 50}, 'fc7': {'T_max': 20.01874697394669, 'T_min': 10.533724257722497, 'tau': 100, 'alpha': 50}, 'output': {'T_max': 19.02098509296775, 'T_min': 9.621050400659442, 'tau': 100, 'alpha': 50}}
Iterating over following combinations of layers :  [['conv1'], ['pool1'], ['conv2'], ['pool2'], ['conv3'], ['conv4'], ['conv5'], ['pool5'], ['fc6'], ['fc7'], ['output'], ['conv1', 'pool1'], ['conv1', 'conv2'], ['conv1', 'pool2'], ['conv1', 'conv3'], ['conv1', 'conv4'], ['conv1', 'conv5'], ['conv1', 'pool5'], ['conv1', 'fc6'], ['conv1', 'fc7'], ['conv1', 'output'], ['pool1', 'conv2'], ['pool1', 'pool2'], ['pool1', 'conv3'], ['pool1', 'conv4'], ['pool1', 'conv5'], ['pool1', 'pool5'], ['pool1', 'fc6'], ['pool1', 'fc7'], ['pool1', 'output'], ['conv2', 'pool2'], ['conv2', 'conv3'], ['conv2', 'conv4'], ['conv2', 'conv5'], ['conv2', 'pool5'], ['conv2', 'fc6'], ['conv2', 'fc7'], ['conv2', 'output'], ['pool2', 'conv3'], ['pool2', 'conv4'], ['pool2', 'conv5'], ['pool2', 'pool5'], ['pool2', 'fc6'], ['pool2', 'fc7'], ['pool2', 'output'], ['conv3', 'conv4'], ['conv3', 'conv5'], ['conv3', 'pool5'], ['conv3', 'fc6'], ['conv3', 'fc7'], ['conv3', 'output'], ['conv4', 'conv5'], ['conv4', 'pool5'], ['conv4', 'fc6'], ['conv4', 'fc7'], ['conv4', 'output'], ['conv5', 'pool5'], ['conv5', 'fc6'], ['conv5', 'fc7'], ['conv5', 'output'], ['pool5', 'fc6'], ['pool5', 'fc7'], ['pool5', 'output'], ['fc6', 'fc7'], ['fc6', 'output'], ['fc7', 'output']]
[['conv1', 'fc6']]
Generating the training set for videos : 
TRAINING SET : contains 962 samples, 37 patients based on 56 videos
TEST SET : contains 127 samples, 37 patients based on 8 videos
Dataset constituted.
--------------------NAIVE IMPLEMENTATION-------------------
Number of folds : 53
Grid search.
The best parameters are : {'C': 1}
Metrics obtained during CV : 
{'r2': array([-5.52614885e-01, -3.52872912e-02, -1.44867704e-01, -1.10730054e-01,
       -8.91440301e-02, -2.83095344e-02, -3.18327875e-02, -9.08407387e-02,
       -1.89448581e-02, -2.77499639e-02, -1.49849459e-01, -3.30577888e-01,
       -3.41936702e-01, -3.37310515e-01, -4.51946823e-01, -1.52343242e-01,
       -4.47696193e-02, -3.29713154e-01, -6.44746074e-04, -1.75087355e-01,
       -1.52307663e-02, -5.39095787e-01, -1.30291700e-03, -2.82502954e-01,
       -1.25979168e-03, -8.76362626e-02, -2.60627077e-01, -5.45024145e-01,
       -5.55558103e-02, -8.59541337e-04, -1.38114218e-01, -5.23885097e-01,
       -4.09325623e-01, -1.50938525e-02, -1.89068001e-01, -2.51027484e-01,
       -5.82299541e-02, -5.24369980e-02, -1.32211790e-01, -1.19635076e-01,
       -1.01115465e-04, -3.12779028e-01, -5.98693649e-01, -1.96316854e-01,
       -5.24177370e-01, -5.70632341e-02, -2.37197418e-01, -3.75004486e-02,
       -1.98451755e-01, -6.58794678e-01, -7.33300224e-03, -4.25378438e-01,
       -5.18982449e-02]), 'neg_mean_absolute_error': array([-11.63330897, -11.1548882 ,  -9.65716893, -10.89024588,
       -10.68877506,  -5.68435106,  -8.1127819 ,  -6.1194655 ,
        -6.89273689,  -7.71811201,  -7.88980611, -12.81065792,
       -14.6669791 , -14.30074651,  -8.99294276,  -7.74074894,
       -13.26994192,  -5.46915367,  -8.88613593,  -9.78554528,
        -9.18740327, -13.53791868,  -8.71641851, -10.94396598,
        -7.35524837,  -9.50269432,  -9.68309469, -17.46077884,
       -10.75155255, -10.25894444, -11.80812649, -12.63829789,
       -12.32415582,  -8.73406831, -11.54676104, -11.01603658,
        -9.44361111,  -6.71771705,  -6.86584556,  -7.51265834,
        -7.04021529, -12.68125786, -14.16068434,  -9.21952577,
       -22.27564622,  -7.94536844,  -9.79860773,  -5.49739998,
        -8.91992107, -17.54532949,  -8.17151   , -14.85166815,
       -10.17294601]), 'neg_mean_squared_error': array([-173.15902605, -197.59747376, -108.75846392, -195.51774866,
       -139.37855022,  -47.45601808, -131.52336046, -101.30894321,
        -66.48711293,  -79.89462532, -107.12260796, -274.41829052,
       -405.17994172, -340.92524154, -105.83033425,  -94.18097738,
       -261.47493434,  -37.45586091,  -95.79743039, -217.04476299,
       -146.80220963, -333.76813213, -108.56518801, -250.80302629,
       -113.95466186, -263.00294116, -175.23080339, -602.08434499,
       -198.85373249, -146.40440684, -223.24150526, -282.23508417,
       -306.16162909, -117.84600926, -168.8771358 , -237.53029761,
       -173.8019081 ,  -78.15472266,  -72.32003132, -120.25404964,
        -80.56327538, -298.29300231, -391.57890517, -185.72702778,
       -897.07455602, -108.33604011, -162.50401904,  -45.22665898,
       -211.73274051, -515.74162942, -119.74676937, -432.0585186 ,
       -245.50743294]), 'max_error': array([-31.26294197, -33.51387573, -16.0150233 , -34.80132835,
       -21.27761055, -14.75214777, -30.39871466, -35.38384452,
       -17.44179982, -17.45162391, -25.73377204, -31.57607149,
       -61.45665755, -41.00543672, -17.63992981, -16.52591444,
       -34.62610355, -10.28872574, -22.23977661, -47.20745377,
       -32.08237053, -46.14963404, -20.67286671, -48.26584691,
       -33.63526466, -47.68025108, -36.18496305, -64.19200239,
       -32.73201352, -27.47653233, -33.14763842, -40.57592024,
       -47.19622559, -24.82047704, -24.9689247 , -45.65894308,
       -38.32833875, -25.26504655, -16.715078  , -35.85621252,
       -20.75164059, -50.65694024, -50.7110318 , -43.6990773 ,
       -75.10427199, -26.0212635 , -33.50606629, -15.45773346,
       -50.45480832, -47.61428904, -31.77811002, -47.28561507,
       -51.67821596]), 'explained_variance': array([-2.22044605e-16,  0.00000000e+00,  1.11022302e-16,  3.33066907e-16,
        2.22044605e-16,  0.00000000e+00,  0.00000000e+00, -2.22044605e-16,
       -2.22044605e-16,  3.33066907e-16,  1.11022302e-16, -2.22044605e-16,
        0.00000000e+00,  1.11022302e-16,  2.22044605e-16,  0.00000000e+00,
        2.22044605e-16,  0.00000000e+00,  0.00000000e+00,  0.00000000e+00,
        2.22044605e-16,  1.11022302e-16, -2.22044605e-16, -2.22044605e-16,
       -2.22044605e-16,  0.00000000e+00,  0.00000000e+00,  1.11022302e-16,
        1.11022302e-16, -2.22044605e-16, -2.22044605e-16,  0.00000000e+00,
        0.00000000e+00,  0.00000000e+00,  0.00000000e+00,  3.33066907e-16,
       -2.22044605e-16,  0.00000000e+00,  0.00000000e+00,  5.55111512e-16,
        0.00000000e+00,  2.22044605e-16,  0.00000000e+00,  0.00000000e+00,
       -4.44089210e-16,  1.11022302e-16,  0.00000000e+00,  0.00000000e+00,
        0.00000000e+00,  0.00000000e+00,  0.00000000e+00, -2.22044605e-16,
       -2.22044605e-16])}
         accs  y_pred (s)  y_true (s)
54     [1, 5]   15.423134      19.499
4    [30, 33]   20.912345      26.335
3    [30, 33]   20.912345      27.642
11   [30, 33]   20.912345      18.893
27   [27, 30]   20.746470      65.978
29   [27, 30]   20.746470      45.143
64     [1, 5]   15.423134      30.560
77   [15, 17]   19.286880      12.834
124  [22, 23]   20.279872      45.263
71     [1, 5]   15.423134       9.629
25   [27, 30]   20.746470      19.467
91     [9, 6]   14.328245      14.879
83   [15, 17]   19.286880      24.338
89   [15, 17]   19.286880      11.455
69     [1, 5]   15.423134       9.069
{'mse': 283.81678304943114, 'mae': 11.664289520934632, 'r2-score': -0.16084820490991625, 'max-error': 65.09622060255191, 'explained variance score': 0.054301623359356066, 'layers': ['conv1', 'fc6']}
