environment: line 5: __conda_exe: command not found
Using device: cuda
Using model: alexnet
Number of videos: 64
Execution type : naive
Using 2 features
Job ID : 20
Plotting ?  yes
Calculate accumulators ?  no
The directory contains : 65 videos
Number of videos in the directory : 65
Number of videos in the dataframe : 64
['conv1', 'pool1', 'conv2', 'pool2', 'conv3', 'conv4', 'conv5', 'pool5', 'fc6', 'fc7', 'output']
{'conv1': {'T_max': 231.03611281514168, 'T_min': 137.700119048357, 'tau': 100, 'alpha': 50}, 'pool1': {'T_max': 172.87935100495815, 'T_min': 96.51064738631248, 'tau': 100, 'alpha': 50}, 'conv2': {'T_max': 260.3908884525299, 'T_min': 138.66424806416035, 'tau': 100, 'alpha': 50}, 'pool2': {'T_max': 218.24047729372978, 'T_min': 114.92713752388954, 'tau': 100, 'alpha': 50}, 'conv3': {'T_max': 202.5564161837101, 'T_min': 107.47291566431522, 'tau': 100, 'alpha': 50}, 'conv4': {'T_max': 134.8227232247591, 'T_min': 73.26437871158123, 'tau': 100, 'alpha': 50}, 'conv5': {'T_max': 76.11463874578476, 'T_min': 41.856537722051144, 'tau': 100, 'alpha': 50}, 'pool5': {'T_max': 61.31686478853226, 'T_min': 33.92191906273365, 'tau': 100, 'alpha': 50}, 'fc6': {'T_max': 34.43132712692022, 'T_min': 18.570100070908666, 'tau': 100, 'alpha': 50}, 'fc7': {'T_max': 20.01874697394669, 'T_min': 10.533724257722497, 'tau': 100, 'alpha': 50}, 'output': {'T_max': 19.02098509296775, 'T_min': 9.621050400659442, 'tau': 100, 'alpha': 50}}
Iterating over following combinations of layers :  [['conv1'], ['pool1'], ['conv2'], ['pool2'], ['conv3'], ['conv4'], ['conv5'], ['pool5'], ['fc6'], ['fc7'], ['output'], ['conv1', 'pool1'], ['conv1', 'conv2'], ['conv1', 'pool2'], ['conv1', 'conv3'], ['conv1', 'conv4'], ['conv1', 'conv5'], ['conv1', 'pool5'], ['conv1', 'fc6'], ['conv1', 'fc7'], ['conv1', 'output'], ['pool1', 'conv2'], ['pool1', 'pool2'], ['pool1', 'conv3'], ['pool1', 'conv4'], ['pool1', 'conv5'], ['pool1', 'pool5'], ['pool1', 'fc6'], ['pool1', 'fc7'], ['pool1', 'output'], ['conv2', 'pool2'], ['conv2', 'conv3'], ['conv2', 'conv4'], ['conv2', 'conv5'], ['conv2', 'pool5'], ['conv2', 'fc6'], ['conv2', 'fc7'], ['conv2', 'output'], ['pool2', 'conv3'], ['pool2', 'conv4'], ['pool2', 'conv5'], ['pool2', 'pool5'], ['pool2', 'fc6'], ['pool2', 'fc7'], ['pool2', 'output'], ['conv3', 'conv4'], ['conv3', 'conv5'], ['conv3', 'pool5'], ['conv3', 'fc6'], ['conv3', 'fc7'], ['conv3', 'output'], ['conv4', 'conv5'], ['conv4', 'pool5'], ['conv4', 'fc6'], ['conv4', 'fc7'], ['conv4', 'output'], ['conv5', 'pool5'], ['conv5', 'fc6'], ['conv5', 'fc7'], ['conv5', 'output'], ['pool5', 'fc6'], ['pool5', 'fc7'], ['pool5', 'output'], ['fc6', 'fc7'], ['fc6', 'output'], ['fc7', 'output']]
[['conv1', 'output']]
Generating the training set for videos : 
TRAINING SET : contains 962 samples, 37 patients based on 56 videos
TEST SET : contains 127 samples, 37 patients based on 8 videos
Dataset constituted.
--------------------NAIVE IMPLEMENTATION-------------------
Number of folds : 53
Grid search.
The best parameters are : {'C': 1}
Metrics obtained during CV : 
{'r2': array([-4.77983499e-01, -6.29826060e-03, -2.24113057e-01, -4.67508603e-02,
       -2.09481398e-02, -1.34647569e-02, -7.67169134e-02, -1.09066257e-01,
       -4.95174304e-04, -2.40345841e-03, -1.96503189e-01, -4.97068766e-01,
       -2.14698509e-01, -2.59735313e-01, -3.78356721e-01, -1.91682622e-02,
       -5.58728244e-03, -5.72682226e-01, -8.61908397e-02, -2.55170200e-01,
       -6.89799922e-02, -8.37723317e-01, -1.34232109e-02, -3.63056314e-01,
       -3.63926129e-02, -8.77781114e-02, -2.62923124e-01, -4.66557954e-01,
       -2.04554380e-01, -3.91126085e-02, -1.58231999e-02, -5.53934088e-01,
       -3.78525752e-01, -3.89248523e-02, -1.40335541e-01, -3.94776806e-02,
       -9.65170248e-03, -5.43779683e-02, -2.31121404e-01, -1.26658225e-01,
       -2.47230787e-03, -2.83013801e-01, -4.91960914e-01, -8.70969110e-02,
       -3.44793558e-01, -9.03176583e-02, -1.93095518e-01, -2.95971422e-02,
       -1.58697015e-01, -6.55224455e-01, -1.87279330e-03, -2.93024006e-01,
       -8.14957355e-02]), 'neg_mean_absolute_error': array([-11.199623  , -11.16177556, -10.08556768, -10.97162573,
       -10.047631  ,  -5.55188874,  -7.99318277,  -6.13410052,
        -6.63615005,  -7.41795525,  -7.97542934, -13.4988579 ,
       -13.88981392, -14.00182561,  -8.6590299 ,  -7.49115983,
       -13.38387894,  -5.82610578,  -8.53935869, -10.0474196 ,
        -9.17311111, -14.70203942,  -8.36480652, -11.16470318,
        -8.1511899 ,  -9.50228054,  -9.69485224, -16.97641369,
       -10.48122222, -10.25894444, -11.63944869, -12.77437605,
       -12.16339435,  -9.17964188, -11.38731755, -10.49816667,
        -9.44618084,  -6.71369597,  -7.46598107,  -7.53570637,
        -6.89283586, -12.54420546, -13.53159066,  -8.73923075,
       -21.1692972 ,  -7.98208137,  -9.6810884 ,  -5.47221898,
        -8.79774202, -17.5247709 ,  -8.12400414, -14.48480327,
        -9.95271394]), 'neg_mean_squared_error': array([-164.83558527, -192.06455622, -116.28649781, -184.25572518,
       -130.65147275,  -46.77093834, -137.24455012, -103.00158992,
        -65.28325367,  -77.92425351, -111.46897625, -308.75535756,
       -366.7620613 , -321.14872423, -100.46645665,  -83.29659043,
       -251.66875434,  -44.29990523, -103.98724599, -231.83648227,
       -154.57433928, -398.52846323, -109.8793178 , -266.55583728,
       -117.95317332, -263.03724183, -175.54996057, -571.50665782,
       -226.92323053, -152.0000148 , -199.25407888, -287.80038539,
       -299.47067093, -120.61263839, -161.95591833, -197.36372385,
       -165.82349775,  -78.2988605 ,  -78.63788323, -121.00836874,
        -80.7542871 , -291.52967149, -365.43613067, -168.77073795,
       -791.49586382, -111.74421147, -156.71130082,  -44.88213851,
       -204.7091952 , -514.63159881, -119.09768671, -391.93944683,
       -252.41532918]), 'max_error': array([-31.81227753, -32.01508809, -16.91942065, -33.25511116,
       -23.01785871, -15.10687342, -31.51147258, -35.6619098 ,
       -18.73338305, -19.35261678, -26.27605249, -33.44404288,
       -59.3472092 , -39.86953731, -18.1279563 , -16.06103671,
       -32.46130017, -10.18314427, -25.36077176, -48.38588821,
       -33.75657589, -48.81567096, -22.25512065, -49.2591643 ,
       -31.22144773, -47.68397513, -36.21141755, -63.10218081,
       -35.70458809, -29.51387683, -29.70446177, -40.8544769 ,
       -46.83451229, -24.01844461, -24.25142898, -41.49296778,
       -36.49487241, -25.30123628, -15.77886172, -35.95992867,
       -21.10765908, -50.24578304, -49.5786632 , -41.85557677,
       -71.78522494, -26.64538333, -32.96050282, -15.60042577,
       -49.82861439, -47.57545615, -32.23992955, -45.35492612,
       -52.55914425]), 'explained_variance': array([-2.22044605e-16,  0.00000000e+00,  1.11022302e-16,  0.00000000e+00,
        0.00000000e+00,  0.00000000e+00,  0.00000000e+00,  0.00000000e+00,
       -2.22044605e-16,  3.33066907e-16,  3.33066907e-16,  1.11022302e-16,
        0.00000000e+00,  1.11022302e-16,  2.22044605e-16,  0.00000000e+00,
        0.00000000e+00,  0.00000000e+00,  0.00000000e+00,  0.00000000e+00,
        2.22044605e-16, -2.22044605e-16, -2.22044605e-16, -2.22044605e-16,
        0.00000000e+00,  0.00000000e+00, -2.22044605e-16,  0.00000000e+00,
        0.00000000e+00,  0.00000000e+00,  0.00000000e+00,  0.00000000e+00,
        0.00000000e+00,  0.00000000e+00,  0.00000000e+00,  3.33066907e-16,
       -4.44089210e-16,  0.00000000e+00,  0.00000000e+00,  5.55111512e-16,
        0.00000000e+00,  0.00000000e+00, -2.22044605e-16,  0.00000000e+00,
       -2.22044605e-16, -2.22044605e-16,  0.00000000e+00,  0.00000000e+00,
        0.00000000e+00,  0.00000000e+00,  0.00000000e+00, -2.22044605e-16,
       -2.22044605e-16])}
         accs  y_pred (s)  y_true (s)
54     [1, 4]   14.403462      19.499
4    [30, 29]   22.888267      26.335
3    [30, 29]   22.888267      27.642
11   [30, 29]   22.888267      18.893
27   [27, 23]   21.711709      65.978
29   [27, 23]   21.711709      45.143
64     [1, 4]   14.403462      30.560
77    [15, 7]   15.796269      12.834
124  [22, 20]   19.459213      45.263
71     [1, 4]   14.403462       9.629
25   [27, 23]   21.711709      19.467
91     [9, 4]   14.026985      14.879
83    [15, 7]   15.796269      24.338
89    [15, 7]   15.796269      11.455
69     [1, 4]   14.403462       9.069
{'mse': 276.4183985986049, 'mae': 11.429494986791715, 'r2-score': -0.1305878333536672, 'max-error': 64.2921843806065, 'explained variance score': 0.10233767496677804, 'layers': ['conv1', 'output']}
