environment: line 5: __conda_exe: command not found
Using device: cuda
Using model: alexnet
Number of videos: 64
Execution type : naive
Using 2 features
Job ID : 33
Plotting ?  yes
Calculate accumulators ?  no
The directory contains : 65 videos
Number of videos in the directory : 65
Number of videos in the dataframe : 64
['conv1', 'pool1', 'conv2', 'pool2', 'conv3', 'conv4', 'conv5', 'pool5', 'fc6', 'fc7', 'output']
{'conv1': {'T_max': 231.03611281514168, 'T_min': 137.700119048357, 'tau': 100, 'alpha': 50}, 'pool1': {'T_max': 172.87935100495815, 'T_min': 96.51064738631248, 'tau': 100, 'alpha': 50}, 'conv2': {'T_max': 260.3908884525299, 'T_min': 138.66424806416035, 'tau': 100, 'alpha': 50}, 'pool2': {'T_max': 218.24047729372978, 'T_min': 114.92713752388954, 'tau': 100, 'alpha': 50}, 'conv3': {'T_max': 202.5564161837101, 'T_min': 107.47291566431522, 'tau': 100, 'alpha': 50}, 'conv4': {'T_max': 134.8227232247591, 'T_min': 73.26437871158123, 'tau': 100, 'alpha': 50}, 'conv5': {'T_max': 76.11463874578476, 'T_min': 41.856537722051144, 'tau': 100, 'alpha': 50}, 'pool5': {'T_max': 61.31686478853226, 'T_min': 33.92191906273365, 'tau': 100, 'alpha': 50}, 'fc6': {'T_max': 34.43132712692022, 'T_min': 18.570100070908666, 'tau': 100, 'alpha': 50}, 'fc7': {'T_max': 20.01874697394669, 'T_min': 10.533724257722497, 'tau': 100, 'alpha': 50}, 'output': {'T_max': 19.02098509296775, 'T_min': 9.621050400659442, 'tau': 100, 'alpha': 50}}
Iterating over following combinations of layers :  [['conv1'], ['pool1'], ['conv2'], ['pool2'], ['conv3'], ['conv4'], ['conv5'], ['pool5'], ['fc6'], ['fc7'], ['output'], ['conv1', 'pool1'], ['conv1', 'conv2'], ['conv1', 'pool2'], ['conv1', 'conv3'], ['conv1', 'conv4'], ['conv1', 'conv5'], ['conv1', 'pool5'], ['conv1', 'fc6'], ['conv1', 'fc7'], ['conv1', 'output'], ['pool1', 'conv2'], ['pool1', 'pool2'], ['pool1', 'conv3'], ['pool1', 'conv4'], ['pool1', 'conv5'], ['pool1', 'pool5'], ['pool1', 'fc6'], ['pool1', 'fc7'], ['pool1', 'output'], ['conv2', 'pool2'], ['conv2', 'conv3'], ['conv2', 'conv4'], ['conv2', 'conv5'], ['conv2', 'pool5'], ['conv2', 'fc6'], ['conv2', 'fc7'], ['conv2', 'output'], ['pool2', 'conv3'], ['pool2', 'conv4'], ['pool2', 'conv5'], ['pool2', 'pool5'], ['pool2', 'fc6'], ['pool2', 'fc7'], ['pool2', 'output'], ['conv3', 'conv4'], ['conv3', 'conv5'], ['conv3', 'pool5'], ['conv3', 'fc6'], ['conv3', 'fc7'], ['conv3', 'output'], ['conv4', 'conv5'], ['conv4', 'pool5'], ['conv4', 'fc6'], ['conv4', 'fc7'], ['conv4', 'output'], ['conv5', 'pool5'], ['conv5', 'fc6'], ['conv5', 'fc7'], ['conv5', 'output'], ['pool5', 'fc6'], ['pool5', 'fc7'], ['pool5', 'output'], ['fc6', 'fc7'], ['fc6', 'output'], ['fc7', 'output']]
[['conv2', 'conv5']]
Generating the training set for videos : 
TRAINING SET : contains 962 samples, 37 patients based on 56 videos
TEST SET : contains 127 samples, 37 patients based on 8 videos
Dataset constituted.
--------------------NAIVE IMPLEMENTATION-------------------
Number of folds : 53
Grid search.
The best parameters are : {'C': 10.0}
Metrics obtained during CV : 
{'r2': array([-2.47698644e-01, -1.06077575e-01, -2.39091357e-01, -1.74442155e-02,
       -3.28013368e-02, -4.08815122e-03, -1.85538157e-02, -1.25258941e-01,
       -8.08146303e-03, -2.93101274e-02, -4.90319805e-02, -4.04138882e-01,
       -3.79131488e-01, -1.13016880e-01, -2.00047107e-01, -4.79218630e-03,
       -3.29733408e-02, -6.64721751e-01, -9.19270736e-04, -2.36647922e-02,
       -1.22791379e-02, -8.39294049e-01, -4.53435201e-04, -1.05031282e-01,
       -2.94997273e-02, -5.81599607e-02, -1.83782638e-03, -3.18230097e-01,
       -9.54750710e-02, -2.35126687e-02, -3.84504652e-01, -3.32954623e-01,
       -6.39689647e-01, -3.07871391e-03, -1.73623265e-01, -3.43134302e-01,
       -6.12370929e-02, -2.92499674e-04, -1.28245362e-01, -2.00324238e-01,
       -1.10348848e-02, -2.95451219e-01, -6.14779894e-01, -1.78466356e-01,
       -3.87234169e-01, -2.80105088e-04, -3.03189077e-01, -2.91490002e-02,
       -1.37562608e-01, -5.20658241e-01, -9.84191648e-03, -3.12126709e-01,
       -1.41866946e-02]), 'neg_mean_absolute_error': array([ -9.5849257 , -13.01259344, -10.1574233 , -11.03038181,
        -9.1221071 ,  -5.42149454,  -8.18801846,  -6.146105  ,
        -6.79124699,  -7.72454203,  -7.63731995, -13.13213475,
       -14.86532621, -13.32140913,  -7.73952387,  -7.58681883,
       -13.94960101,  -5.96404649,  -8.89149306,  -9.52688889,
        -9.20424053, -14.70905616,  -8.68216791, -10.63555556,
        -7.25838889,  -9.59750005,  -8.75006293, -16.10657637,
       -10.52801819, -10.25894444, -12.78371455, -11.81102863,
       -13.37240018,  -8.33079074, -11.49872525, -11.47160627,
        -9.44361111,  -6.95325478,  -6.84144375,  -7.76220654,
        -6.75978609, -12.60230949, -14.25046619,  -9.133869  ,
       -21.45306351,  -7.83238184, -10.08791386,  -5.47069567,
        -8.77626122, -16.72150896,  -8.19762614, -14.52259687,
       -10.58818094]), 'neg_mean_squared_error': array([-139.15252521, -211.10868108, -117.70938433, -179.0969837 ,
       -132.16833496,  -46.33821224, -129.83074611, -104.50544257,
        -65.77826616,  -80.01590839,  -97.73022084, -289.58950489,
       -416.41041261, -283.74528172,  -87.46972307,  -82.12163419,
       -258.52267474,  -46.89250924,  -95.8237122 , -189.07622598,
       -146.37540463, -398.86909198, -108.47308387, -216.09711621,
       -117.16868517, -255.87523279, -139.2583504 , -513.70440203,
       -206.37403023, -149.71807627, -271.57107567, -246.87331151,
       -356.20586563, -116.45112726, -166.68360039, -255.01845058,
       -174.29579553,  -74.28243499,  -72.06667577, -128.92044348,
        -81.44404659, -294.35573332, -395.51901859, -182.95575546,
       -816.47484155, -102.51646457, -171.1719242 ,  -44.86260314,
       -200.97533961, -472.79314857, -120.04501669, -397.72982867,
       -236.7057585 ]), 'max_error': array([-33.85756078, -26.41910353, -17.07111585, -32.13874564,
       -26.70396507, -15.46080053, -29.9222164 , -35.88999508,
       -17.82746143, -17.41090046, -24.13469304, -32.44865146,
       -61.99502828, -37.09992449, -19.56089404, -16.68685257,
       -28.40611616, -10.49387592, -22.19156243, -43.61136285,
       -31.93083527, -48.82830109, -20.82699441, -45.36518032,
       -35.08893254, -46.82699953, -30.67143365, -60.75439578,
       -33.73791814, -28.97650693, -36.62723275, -38.57841923,
       -49.55477541, -25.54637666, -24.7527636 , -46.82673911,
       -38.40718591, -23.43910348, -16.75900124, -36.91011961,
       -21.60421262, -50.42009513, -50.87263915, -43.44210699,
       -72.63652387, -23.43350876, -34.23493366, -15.60905789,
       -49.46344081, -46.02566463, -31.63011856, -45.657275  ,
       -50.01751748]), 'explained_variance': array([-4.44089210e-16,  0.00000000e+00,  1.11022302e-16,  1.11022302e-16,
        0.00000000e+00,  0.00000000e+00,  0.00000000e+00,  0.00000000e+00,
        0.00000000e+00,  3.33066907e-16,  0.00000000e+00,  0.00000000e+00,
        0.00000000e+00,  0.00000000e+00,  2.22044605e-16,  0.00000000e+00,
        2.22044605e-16,  0.00000000e+00,  0.00000000e+00,  0.00000000e+00,
        0.00000000e+00, -2.22044605e-16, -2.22044605e-16, -2.22044605e-16,
        0.00000000e+00, -2.22044605e-16,  0.00000000e+00,  1.11022302e-16,
        1.11022302e-16, -2.22044605e-16,  0.00000000e+00,  0.00000000e+00,
        0.00000000e+00,  0.00000000e+00,  0.00000000e+00,  3.33066907e-16,
        0.00000000e+00,  0.00000000e+00, -2.22044605e-16,  5.55111512e-16,
        0.00000000e+00,  0.00000000e+00,  0.00000000e+00,  0.00000000e+00,
       -2.22044605e-16, -2.22044605e-16,  0.00000000e+00,  0.00000000e+00,
        0.00000000e+00,  0.00000000e+00,  0.00000000e+00,  0.00000000e+00,
       -2.22044605e-16])}
         accs  y_pred (s)  y_true (s)
54     [2, 7]   18.513415      19.499
4    [31, 35]   23.586013      26.335
3    [31, 35]   23.586013      27.642
11   [31, 35]   23.586013      18.893
27   [27, 30]   19.772635      65.978
29   [27, 30]   19.772635      45.143
64     [2, 7]   18.513415      30.560
77   [14, 16]   19.338209      12.834
124  [21, 25]   17.319027      45.263
71     [2, 7]   18.513415       9.629
25   [27, 30]   19.772635      19.467
91     [6, 5]   15.007950      14.879
83   [14, 16]   19.338209      24.338
89   [14, 16]   19.338209      11.455
69     [2, 7]   18.513415       9.069
{'mse': 284.4762309167943, 'mae': 11.61772364939083, 'r2-score': -0.1635454339632343, 'max-error': 64.49758007755082, 'explained variance score': 0.026528465792098443, 'layers': ['conv2', 'conv5']}
