environment: line 5: __conda_exe: command not found
Using device: cuda
Using model: alexnet
Number of videos: 64
Execution type : naive
Using 2 features
Job ID : 48
Plotting ?  yes
Calculate accumulators ?  no
The directory contains : 65 videos
Number of videos in the directory : 65
Number of videos in the dataframe : 64
['conv1', 'pool1', 'conv2', 'pool2', 'conv3', 'conv4', 'conv5', 'pool5', 'fc6', 'fc7', 'output']
{'conv1': {'T_max': 231.03611281514168, 'T_min': 137.700119048357, 'tau': 100, 'alpha': 50}, 'pool1': {'T_max': 172.87935100495815, 'T_min': 96.51064738631248, 'tau': 100, 'alpha': 50}, 'conv2': {'T_max': 260.3908884525299, 'T_min': 138.66424806416035, 'tau': 100, 'alpha': 50}, 'pool2': {'T_max': 218.24047729372978, 'T_min': 114.92713752388954, 'tau': 100, 'alpha': 50}, 'conv3': {'T_max': 202.5564161837101, 'T_min': 107.47291566431522, 'tau': 100, 'alpha': 50}, 'conv4': {'T_max': 134.8227232247591, 'T_min': 73.26437871158123, 'tau': 100, 'alpha': 50}, 'conv5': {'T_max': 76.11463874578476, 'T_min': 41.856537722051144, 'tau': 100, 'alpha': 50}, 'pool5': {'T_max': 61.31686478853226, 'T_min': 33.92191906273365, 'tau': 100, 'alpha': 50}, 'fc6': {'T_max': 34.43132712692022, 'T_min': 18.570100070908666, 'tau': 100, 'alpha': 50}, 'fc7': {'T_max': 20.01874697394669, 'T_min': 10.533724257722497, 'tau': 100, 'alpha': 50}, 'output': {'T_max': 19.02098509296775, 'T_min': 9.621050400659442, 'tau': 100, 'alpha': 50}}
Iterating over following combinations of layers :  [['conv1'], ['pool1'], ['conv2'], ['pool2'], ['conv3'], ['conv4'], ['conv5'], ['pool5'], ['fc6'], ['fc7'], ['output'], ['conv1', 'pool1'], ['conv1', 'conv2'], ['conv1', 'pool2'], ['conv1', 'conv3'], ['conv1', 'conv4'], ['conv1', 'conv5'], ['conv1', 'pool5'], ['conv1', 'fc6'], ['conv1', 'fc7'], ['conv1', 'output'], ['pool1', 'conv2'], ['pool1', 'pool2'], ['pool1', 'conv3'], ['pool1', 'conv4'], ['pool1', 'conv5'], ['pool1', 'pool5'], ['pool1', 'fc6'], ['pool1', 'fc7'], ['pool1', 'output'], ['conv2', 'pool2'], ['conv2', 'conv3'], ['conv2', 'conv4'], ['conv2', 'conv5'], ['conv2', 'pool5'], ['conv2', 'fc6'], ['conv2', 'fc7'], ['conv2', 'output'], ['pool2', 'conv3'], ['pool2', 'conv4'], ['pool2', 'conv5'], ['pool2', 'pool5'], ['pool2', 'fc6'], ['pool2', 'fc7'], ['pool2', 'output'], ['conv3', 'conv4'], ['conv3', 'conv5'], ['conv3', 'pool5'], ['conv3', 'fc6'], ['conv3', 'fc7'], ['conv3', 'output'], ['conv4', 'conv5'], ['conv4', 'pool5'], ['conv4', 'fc6'], ['conv4', 'fc7'], ['conv4', 'output'], ['conv5', 'pool5'], ['conv5', 'fc6'], ['conv5', 'fc7'], ['conv5', 'output'], ['pool5', 'fc6'], ['pool5', 'fc7'], ['pool5', 'output'], ['fc6', 'fc7'], ['fc6', 'output'], ['fc7', 'output']]
[['conv3', 'fc6']]
Generating the training set for videos : 
TRAINING SET : contains 962 samples, 37 patients based on 56 videos
TEST SET : contains 127 samples, 37 patients based on 8 videos
Dataset constituted.
--------------------NAIVE IMPLEMENTATION-------------------
Number of folds : 53
Grid search.
The best parameters are : {'C': 10.0}
Metrics obtained during CV : 
{'r2': array([-1.84323674e-01, -2.45049158e-05, -1.20884015e-01, -1.47139171e-01,
       -1.28954597e-01, -2.51269443e-03, -3.56155348e-03, -1.30614785e-01,
       -1.52022473e-02, -2.20541552e-01, -1.30206888e-01, -2.04967393e-01,
       -3.22187007e-01, -1.51585765e-02, -4.19544260e-01, -6.99056222e-05,
       -5.33731329e-02, -2.72279766e-01, -7.12006844e-04, -1.63172307e-01,
       -2.60804910e-03, -7.68963960e-01, -1.92804186e-04, -2.97449681e-01,
       -5.24485198e-02, -1.21662189e-01, -3.39881716e-01, -5.12551591e-02,
       -9.10586698e-02, -2.63208990e-04, -1.02585373e-02, -5.43695878e-01,
       -5.34728940e-01, -6.92415249e-03, -7.42934738e-02, -3.27234599e-01,
       -3.74808402e-02, -7.72706652e-03, -1.84805219e-02, -6.88879800e-02,
       -1.62017820e-02, -3.04341249e-01, -5.48344553e-01, -2.57500142e-01,
       -2.15943249e-01, -3.93079370e-02, -3.03179952e-01, -2.35811191e-05,
       -9.15512290e-02, -6.80255512e-01, -6.17858604e-03, -6.47971973e-02,
       -7.88078290e-02]), 'neg_mean_absolute_error': array([ -9.01495075, -11.38004917,  -9.50513194, -10.85475465,
        -9.29960118,  -5.38692604,  -8.38801422,  -6.14990264,
        -6.86224758,  -8.77372765,  -7.84978253, -12.38559687,
       -14.55726275, -13.03595149,  -8.84954992,  -7.67369957,
       -13.25375734,  -5.36668882,  -8.82952161,  -9.74178802,
        -9.28406254, -14.38815647,  -8.66502488, -10.98709758,
        -7.25838889,  -9.43438889, -10.08686646, -15.06666667,
       -10.5500738 , -10.25894444, -11.67758354, -12.7221313 ,
       -12.92332154,  -8.49675272, -11.1170688 , -11.3875072 ,
        -9.44361111,  -6.85280782,  -6.060457  ,  -7.37624461,
        -6.71543007, -12.64309483, -13.87158512,  -9.4868659 ,
       -20.24177201,  -7.92118083, -10.08787476,  -5.2661137 ,
        -8.72284383, -17.66775178,  -8.15798587, -14.11952752,
        -9.97084521]), 'neg_mean_squared_error': array([-132.08448273, -190.86713181, -106.48009655, -201.92671232,
       -144.47313725,  -46.26550563, -127.91974586, -105.00285238,
        -66.24290405,  -94.88174498, -105.29266106, -248.51239086,
       -399.21678375, -258.79792244, -103.46855761,  -81.73568234,
       -263.62813932,  -35.8380556 ,  -95.80386965, -214.84399158,
       -144.97696671, -383.61731718, -108.44482523, -253.72597041,
       -119.78051669, -271.23080099, -186.24742705, -409.66626698,
       -205.54203457, -146.31717614, -198.16256835, -285.90419113,
       -333.40422159, -116.89755849, -152.5763074 , -251.99960313,
       -170.39410852,  -74.83453123,  -65.05544627, -114.80357396,
        -81.86026667, -296.37574856, -379.24655888, -195.22567381,
       -715.65932696, -106.51633953, -171.17072565,  -43.59296957,
       -192.84642213, -522.41409196, -119.60953807, -322.75968771,
       -251.78798617]), 'max_error': array([-34.57952905, -30.85029511, -15.69405633, -35.47566167,
       -28.71747412, -15.55462932, -29.05814595, -35.96215019,
       -17.5576592 , -14.87720281, -25.48028938, -29.82078016,
       -61.15885604, -33.69807822, -17.84950396, -17.23709728,
       -34.93361047, -10.56684463, -22.7493055 , -47.0105461 ,
       -31.21243714, -48.25068165, -20.90413804, -48.45993912,
       -35.69981257, -48.50079081, -37.03946636, -54.08753369,
       -33.63866791, -26.92572553, -29.36124811, -40.76043634,
       -48.54434847, -25.2476451 , -23.03530959, -46.6375162 ,
       -37.71691982, -24.04922963, -18.53462899, -34.99170148,
       -21.80381467, -50.54245115, -50.19065321, -44.50109769,
       -68.81347407, -25.61007403, -34.2348387 , -16.76835573,
       -48.55534518, -47.84553113, -31.85474675, -40.36227986,
       -52.48661916]), 'explained_variance': array([-2.22044605e-16,  0.00000000e+00,  1.11022302e-16,  1.11022302e-16,
       -2.22044605e-16,  0.00000000e+00,  0.00000000e+00, -2.22044605e-16,
        0.00000000e+00,  0.00000000e+00,  1.11022302e-16,  0.00000000e+00,
        0.00000000e+00,  0.00000000e+00,  2.22044605e-16,  0.00000000e+00,
        0.00000000e+00,  0.00000000e+00,  0.00000000e+00,  0.00000000e+00,
        0.00000000e+00, -2.22044605e-16, -2.22044605e-16, -2.22044605e-16,
        0.00000000e+00,  0.00000000e+00,  0.00000000e+00,  0.00000000e+00,
        1.11022302e-16, -2.22044605e-16, -2.22044605e-16,  0.00000000e+00,
        1.11022302e-16,  0.00000000e+00,  0.00000000e+00,  3.33066907e-16,
        0.00000000e+00,  0.00000000e+00,  0.00000000e+00,  0.00000000e+00,
        0.00000000e+00,  1.11022302e-16,  0.00000000e+00,  0.00000000e+00,
       -4.44089210e-16,  0.00000000e+00,  0.00000000e+00,  0.00000000e+00,
        0.00000000e+00,  0.00000000e+00,  0.00000000e+00, -2.22044605e-16,
        0.00000000e+00])}
         accs  y_pred (s)  y_true (s)
54     [5, 5]   14.634015      19.499
4    [30, 33]   21.402658      26.335
3    [30, 33]   21.402658      27.642
11   [30, 33]   21.402658      18.893
27   [28, 30]   21.610953      65.978
29   [28, 30]   21.610953      45.143
64     [5, 5]   14.634015      30.560
77   [14, 17]   19.296435      12.834
124  [22, 23]   20.280132      45.263
71     [5, 5]   14.634015       9.629
25   [28, 30]   21.610953      19.467
91     [7, 6]   14.574297      14.879
83   [14, 17]   19.296435      24.338
89   [14, 17]   19.296435      11.455
69     [5, 5]   14.634015       9.069
{'mse': 277.79651987320955, 'mae': 11.57455270422565, 'r2-score': -0.13622453175671523, 'max-error': 64.43058326245792, 'explained variance score': 0.0665069844603432, 'layers': ['conv3', 'fc6']}
