environment: line 5: __conda_exe: command not found
Using device: cuda
Using model: alexnet
Number of videos: 64
Execution type : naive
Using 2 features
Job ID : 51
Plotting ?  yes
Calculate accumulators ?  no
The directory contains : 65 videos
Number of videos in the directory : 65
Number of videos in the dataframe : 64
['conv1', 'pool1', 'conv2', 'pool2', 'conv3', 'conv4', 'conv5', 'pool5', 'fc6', 'fc7', 'output']
{'conv1': {'T_max': 231.03611281514168, 'T_min': 137.700119048357, 'tau': 100, 'alpha': 50}, 'pool1': {'T_max': 172.87935100495815, 'T_min': 96.51064738631248, 'tau': 100, 'alpha': 50}, 'conv2': {'T_max': 260.3908884525299, 'T_min': 138.66424806416035, 'tau': 100, 'alpha': 50}, 'pool2': {'T_max': 218.24047729372978, 'T_min': 114.92713752388954, 'tau': 100, 'alpha': 50}, 'conv3': {'T_max': 202.5564161837101, 'T_min': 107.47291566431522, 'tau': 100, 'alpha': 50}, 'conv4': {'T_max': 134.8227232247591, 'T_min': 73.26437871158123, 'tau': 100, 'alpha': 50}, 'conv5': {'T_max': 76.11463874578476, 'T_min': 41.856537722051144, 'tau': 100, 'alpha': 50}, 'pool5': {'T_max': 61.31686478853226, 'T_min': 33.92191906273365, 'tau': 100, 'alpha': 50}, 'fc6': {'T_max': 34.43132712692022, 'T_min': 18.570100070908666, 'tau': 100, 'alpha': 50}, 'fc7': {'T_max': 20.01874697394669, 'T_min': 10.533724257722497, 'tau': 100, 'alpha': 50}, 'output': {'T_max': 19.02098509296775, 'T_min': 9.621050400659442, 'tau': 100, 'alpha': 50}}
Iterating over following combinations of layers :  [['conv1'], ['pool1'], ['conv2'], ['pool2'], ['conv3'], ['conv4'], ['conv5'], ['pool5'], ['fc6'], ['fc7'], ['output'], ['conv1', 'pool1'], ['conv1', 'conv2'], ['conv1', 'pool2'], ['conv1', 'conv3'], ['conv1', 'conv4'], ['conv1', 'conv5'], ['conv1', 'pool5'], ['conv1', 'fc6'], ['conv1', 'fc7'], ['conv1', 'output'], ['pool1', 'conv2'], ['pool1', 'pool2'], ['pool1', 'conv3'], ['pool1', 'conv4'], ['pool1', 'conv5'], ['pool1', 'pool5'], ['pool1', 'fc6'], ['pool1', 'fc7'], ['pool1', 'output'], ['conv2', 'pool2'], ['conv2', 'conv3'], ['conv2', 'conv4'], ['conv2', 'conv5'], ['conv2', 'pool5'], ['conv2', 'fc6'], ['conv2', 'fc7'], ['conv2', 'output'], ['pool2', 'conv3'], ['pool2', 'conv4'], ['pool2', 'conv5'], ['pool2', 'pool5'], ['pool2', 'fc6'], ['pool2', 'fc7'], ['pool2', 'output'], ['conv3', 'conv4'], ['conv3', 'conv5'], ['conv3', 'pool5'], ['conv3', 'fc6'], ['conv3', 'fc7'], ['conv3', 'output'], ['conv4', 'conv5'], ['conv4', 'pool5'], ['conv4', 'fc6'], ['conv4', 'fc7'], ['conv4', 'output'], ['conv5', 'pool5'], ['conv5', 'fc6'], ['conv5', 'fc7'], ['conv5', 'output'], ['pool5', 'fc6'], ['pool5', 'fc7'], ['pool5', 'output'], ['fc6', 'fc7'], ['fc6', 'output'], ['fc7', 'output']]
[['conv4', 'conv5']]
Generating the training set for videos : 
TRAINING SET : contains 962 samples, 37 patients based on 56 videos
TEST SET : contains 127 samples, 37 patients based on 8 videos
Dataset constituted.
--------------------NAIVE IMPLEMENTATION-------------------
Number of folds : 53
Grid search.
The best parameters are : {'C': 10.0}
Metrics obtained during CV : 
{'r2': array([-4.86997894e-01, -3.06000126e-02, -1.30916132e-01, -5.97825674e-02,
       -3.84525091e-02, -5.08357221e-03, -2.74212687e-02, -1.39510783e-01,
       -5.74610976e-02, -5.61503477e-02, -4.84226262e-02, -3.47289580e-01,
       -3.05642702e-01, -3.20153466e-01, -5.61697487e-01, -4.78687505e-03,
       -1.44837881e-02, -5.10525813e-01, -7.02549039e-07, -1.60563503e-02,
       -2.21981628e-05, -8.82366540e-01, -3.30158434e-02, -1.70714619e-01,
       -1.93394062e-03, -4.07275015e-02, -3.44475298e-03, -2.51658763e-01,
       -1.42083777e-01, -6.98176862e-03, -2.64468388e-01, -4.23177928e-01,
       -6.31465475e-01, -4.26956790e-02, -7.55896056e-03, -3.91730355e-01,
       -6.18395338e-02, -8.85127180e-03, -1.80452146e-01, -1.85224706e-01,
       -1.10242936e-02, -3.70831214e-01, -5.94951479e-01, -2.59513178e-01,
       -4.25987475e-01, -8.68191421e-04, -3.05771655e-01, -2.91606353e-02,
       -3.03850912e-01, -4.44832783e-01, -6.18351484e-03, -2.60098240e-01,
       -5.26788694e-02]), 'neg_mean_absolute_error': array([-11.25372274, -11.14549341,  -9.57041171, -10.95187444,
        -9.11318713,  -5.43991654,  -8.1356421 ,  -6.15604232,
        -7.10971126,  -7.84186466,  -7.63521645, -12.88660251,
       -14.46273644, -14.23787434,  -9.44387166,  -7.5868736 ,
       -13.730966  ,  -5.74349831,  -8.85761962,  -9.52688889,
        -9.42240494, -14.91254477,  -9.12704084, -10.73789387,
        -7.5193472 ,  -9.67248982,  -8.88310843, -15.6955577 ,
       -10.48122222, -10.25894444, -12.24709817, -12.19507795,
       -13.3386118 ,  -9.23552359, -10.72534748, -11.71722624,
        -9.44361111,  -6.84689292,  -7.1678498 ,  -7.70725116,
        -6.75988666, -12.93094507, -14.13962591,  -9.49508794,
       -21.69886695,  -7.8399619 , -10.09895735,  -5.47073536,
        -9.49868696, -16.42622481,  -8.15804618, -14.4166449 ,
       -10.16642676]), 'neg_mean_squared_error': array([-165.84093686, -196.70284826, -107.43311286, -186.54964891,
       -132.89151957,  -46.38415047, -130.96104283, -105.82904464,
        -69.00033388,  -82.10239774,  -97.673452  , -277.86490878,
       -394.22145089, -336.55133515, -113.8299037 ,  -82.1212001 ,
       -253.89528657,  -42.54905998,  -95.73577243, -187.67090709,
       -144.60305307, -408.2097873 , -112.00362783, -228.94198292,
       -114.03138761, -251.65986392, -139.48171783, -487.76205126,
       -215.15453723, -147.29995813, -248.02592013, -263.58335226,
       -354.41924811, -121.05040763, -143.09835203, -264.24529418,
       -174.3947394 ,  -74.91801552,  -75.40138421, -127.29868305,
        -81.44319342, -311.48376811, -390.66230993, -195.5381956 ,
       -839.28360758, -102.57673622, -171.51114197,  -44.86311033,
       -230.35380907, -449.21799156, -119.61012399, -381.95903916,
       -245.68962653]), 'max_error': array([-31.74375119, -33.33537482, -15.83186917, -33.6303857 ,
       -26.87344449, -15.41079796, -30.25393338, -36.07880401,
       -16.61729721, -16.83111428, -24.12137084, -31.78220682,
       -60.90228463, -40.76652249, -16.98087988, -16.68719948,
       -29.37488197,  -9.95892399, -22.49642338, -43.24278503,
       -30.54167779, -49.17015049, -19.15671081, -46.61104483,
       -32.7874584 , -46.21504583, -29.47402413, -59.52133975,
       -34.67055646, -28.13253034, -35.14519176, -39.5786754 ,
       -49.47875155, -23.91785754, -20.82312731, -47.37938404,
       -38.42274736, -24.10246371, -16.22605863, -36.73188024,
       -21.60376005, -51.40600189, -50.67312663, -44.52576381,
       -73.37393417, -23.30464771, -34.26175358, -15.60883294,
       -51.86038262, -45.06276436, -31.85440499, -44.80965921,
       -51.70429294]), 'explained_variance': array([-2.22044605e-16,  0.00000000e+00,  1.11022302e-16,  0.00000000e+00,
        0.00000000e+00,  0.00000000e+00,  0.00000000e+00,  0.00000000e+00,
        0.00000000e+00,  3.33066907e-16,  0.00000000e+00,  0.00000000e+00,
        0.00000000e+00,  0.00000000e+00,  2.22044605e-16,  0.00000000e+00,
        0.00000000e+00,  0.00000000e+00,  0.00000000e+00,  0.00000000e+00,
        2.22044605e-16, -2.22044605e-16, -2.22044605e-16, -2.22044605e-16,
        0.00000000e+00,  0.00000000e+00,  0.00000000e+00,  0.00000000e+00,
        1.11022302e-16, -2.22044605e-16, -2.22044605e-16,  0.00000000e+00,
        1.11022302e-16,  0.00000000e+00,  0.00000000e+00,  3.33066907e-16,
        0.00000000e+00,  0.00000000e+00, -2.22044605e-16,  1.11022302e-16,
        0.00000000e+00,  0.00000000e+00,  0.00000000e+00,  0.00000000e+00,
       -4.44089210e-16, -2.22044605e-16,  0.00000000e+00,  0.00000000e+00,
        0.00000000e+00,  0.00000000e+00,  0.00000000e+00,  0.00000000e+00,
       -2.22044605e-16])}
         accs  y_pred (s)  y_true (s)
54     [5, 7]   15.440916      19.499
4    [34, 35]   23.910004      26.335
3    [34, 35]   23.910004      27.642
11   [34, 35]   23.910004      18.893
27   [28, 30]   19.369983      65.978
29   [28, 30]   19.369983      45.143
64     [5, 7]   15.440916      30.560
77   [14, 16]   18.720054      12.834
124  [23, 25]   18.028514      45.263
71     [5, 7]   15.440916       9.629
25   [28, 30]   19.369983      19.467
91     [5, 5]   14.223822      14.879
83   [14, 16]   18.720054      24.338
89   [14, 16]   18.720054      11.455
69     [5, 7]   15.440916       9.069
{'mse': 284.51934249875575, 'mae': 11.569195567124174, 'r2-score': -0.16372176603913569, 'max-error': 64.51301861732485, 'explained variance score': 0.058556445320292694, 'layers': ['conv4', 'conv5']}
