environment: line 5: __conda_exe: command not found
Using device: cuda
Using model: alexnet
Number of videos: 64
Execution type : naive
Using 2 features
Job ID : 58
Plotting ?  yes
Calculate accumulators ?  no
The directory contains : 65 videos
Number of videos in the directory : 65
Number of videos in the dataframe : 64
['conv1', 'pool1', 'conv2', 'pool2', 'conv3', 'conv4', 'conv5', 'pool5', 'fc6', 'fc7', 'output']
{'conv1': {'T_max': 231.03611281514168, 'T_min': 137.700119048357, 'tau': 100, 'alpha': 50}, 'pool1': {'T_max': 172.87935100495815, 'T_min': 96.51064738631248, 'tau': 100, 'alpha': 50}, 'conv2': {'T_max': 260.3908884525299, 'T_min': 138.66424806416035, 'tau': 100, 'alpha': 50}, 'pool2': {'T_max': 218.24047729372978, 'T_min': 114.92713752388954, 'tau': 100, 'alpha': 50}, 'conv3': {'T_max': 202.5564161837101, 'T_min': 107.47291566431522, 'tau': 100, 'alpha': 50}, 'conv4': {'T_max': 134.8227232247591, 'T_min': 73.26437871158123, 'tau': 100, 'alpha': 50}, 'conv5': {'T_max': 76.11463874578476, 'T_min': 41.856537722051144, 'tau': 100, 'alpha': 50}, 'pool5': {'T_max': 61.31686478853226, 'T_min': 33.92191906273365, 'tau': 100, 'alpha': 50}, 'fc6': {'T_max': 34.43132712692022, 'T_min': 18.570100070908666, 'tau': 100, 'alpha': 50}, 'fc7': {'T_max': 20.01874697394669, 'T_min': 10.533724257722497, 'tau': 100, 'alpha': 50}, 'output': {'T_max': 19.02098509296775, 'T_min': 9.621050400659442, 'tau': 100, 'alpha': 50}}
Iterating over following combinations of layers :  [['conv1'], ['pool1'], ['conv2'], ['pool2'], ['conv3'], ['conv4'], ['conv5'], ['pool5'], ['fc6'], ['fc7'], ['output'], ['conv1', 'pool1'], ['conv1', 'conv2'], ['conv1', 'pool2'], ['conv1', 'conv3'], ['conv1', 'conv4'], ['conv1', 'conv5'], ['conv1', 'pool5'], ['conv1', 'fc6'], ['conv1', 'fc7'], ['conv1', 'output'], ['pool1', 'conv2'], ['pool1', 'pool2'], ['pool1', 'conv3'], ['pool1', 'conv4'], ['pool1', 'conv5'], ['pool1', 'pool5'], ['pool1', 'fc6'], ['pool1', 'fc7'], ['pool1', 'output'], ['conv2', 'pool2'], ['conv2', 'conv3'], ['conv2', 'conv4'], ['conv2', 'conv5'], ['conv2', 'pool5'], ['conv2', 'fc6'], ['conv2', 'fc7'], ['conv2', 'output'], ['pool2', 'conv3'], ['pool2', 'conv4'], ['pool2', 'conv5'], ['pool2', 'pool5'], ['pool2', 'fc6'], ['pool2', 'fc7'], ['pool2', 'output'], ['conv3', 'conv4'], ['conv3', 'conv5'], ['conv3', 'pool5'], ['conv3', 'fc6'], ['conv3', 'fc7'], ['conv3', 'output'], ['conv4', 'conv5'], ['conv4', 'pool5'], ['conv4', 'fc6'], ['conv4', 'fc7'], ['conv4', 'output'], ['conv5', 'pool5'], ['conv5', 'fc6'], ['conv5', 'fc7'], ['conv5', 'output'], ['pool5', 'fc6'], ['pool5', 'fc7'], ['pool5', 'output'], ['fc6', 'fc7'], ['fc6', 'output'], ['fc7', 'output']]
[['conv5', 'fc7']]
Generating the training set for videos : 
TRAINING SET : contains 962 samples, 37 patients based on 56 videos
TEST SET : contains 127 samples, 37 patients based on 8 videos
Dataset constituted.
--------------------NAIVE IMPLEMENTATION-------------------
Number of folds : 53
Grid search.
The best parameters are : {'C': 10.0}
Metrics obtained during CV : 
{'r2': array([-2.94518138e-01, -2.23159416e-03, -1.57662356e-01, -6.43575539e-02,
       -2.49206271e-01, -5.07753480e-03, -5.21288229e-02, -1.33650922e-01,
       -4.86939431e-02, -4.28787278e-02, -4.76066706e-02, -4.14799011e-01,
       -3.18341551e-01, -6.63710372e-01, -4.29870513e-01, -8.34903103e-03,
       -1.74101202e-01, -7.39673080e-01, -5.38480602e-03, -2.85417199e-02,
       -6.51004792e-02, -9.73063616e-01, -3.66247867e-03, -2.30912866e-01,
       -5.50846383e-04, -4.18474259e-02, -2.18228376e-01, -2.34240846e-01,
       -2.39876608e-01, -6.72486012e-02, -2.54707379e-02, -2.68560769e-01,
       -8.68304277e-01, -3.58608130e-02, -9.22133005e-02, -6.34098333e-03,
       -4.88198842e-02, -5.94629916e-03, -2.16487649e-01, -1.35140174e-01,
       -1.10243778e-02, -3.70254109e-01, -6.88023493e-01, -2.41407756e-01,
       -2.58380308e-01, -1.52084740e-04, -3.03162389e-01, -4.81292714e-02,
       -2.73462880e-01, -6.37905816e-01, -1.17167146e-02, -1.87103068e-02,
       -4.73447732e-02]), 'neg_mean_absolute_error': array([ -9.96012282, -11.23184493,  -9.73312617, -10.94546193,
       -11.52497068,  -5.43981055,  -8.02382814,  -6.15202092,
        -7.06922997,  -7.77447777,  -7.63237891, -13.17620667,
       -14.53551232, -15.54207013,  -8.89583014,  -7.55520469,
       -13.09869856,  -6.0928676 ,  -8.77875354,  -9.52688889,
        -9.17311111, -15.37490893,  -8.49285974, -10.84255413,
        -7.36950046,  -9.66296656,  -9.49711058, -15.57927436,
       -10.48122222, -10.25894444, -11.59161111, -11.54431881,
       -14.3486455 ,  -9.13220751, -11.19942645, -10.72096229,
        -9.44361111,  -6.86314062,  -7.38356278,  -7.56270572,
        -6.75988586, -12.92856325, -14.64514294,  -9.41994759,
       -20.53141243,  -7.82975918, -10.08779949,  -5.52738295,
        -9.34385342, -17.42423974,  -8.21501449, -14.37582301,
       -10.2119921 ]), 'neg_mean_squared_error': array([-144.37417947, -191.28838228, -109.97391153, -187.35496705,
       -159.86183103,  -46.38387185, -134.11041024, -105.28482558,
        -68.42826878,  -81.07069632,  -97.59743572, -291.78804909,
       -398.0556996 , -424.13549745, -104.22122349,  -82.412335  ,
       -293.84280427,  -49.00376651,  -96.25122337, -189.97701997,
       -154.01336231, -427.8783445 , -108.82102094, -240.71419961,
       -113.87397588, -251.93067449, -169.33726162, -480.97441963,
       -233.57750376, -156.1157105 , -201.14644687, -234.94708119,
       -405.87006407, -120.2569227 , -155.12136707, -191.07211981,
       -172.25641404,  -74.70229018,  -77.70315211, -121.91936978,
        -81.4432002 , -311.35263696, -413.45907125, -192.72734647,
       -740.63621376, -102.50334406, -171.16841879,  -45.68999001,
       -224.98509783, -509.24700049, -120.26788343, -308.78990039,
       -244.44467697]), 'max_error': array([-33.38231109, -31.57131545, -16.17537747, -33.75222331,
       -19.29606327, -15.41108566, -30.96208845, -36.00239746,
       -16.77112612, -17.09464077, -24.10339978, -32.56827525,
       -61.09981915, -44.74003022, -17.78186365, -16.4866297 ,
       -37.8797274 , -10.73131677, -23.20621818, -43.81670772,
       -33.6664792 , -49.86369673, -21.67888117, -47.55298721,
       -33.50699588, -46.25790049, -35.67366506, -59.17248973,
       -36.21922499, -30.25834943, -30.17791667, -37.77828976,
       -51.5006619 , -24.10382649, -23.40591902, -37.65791971,
       -38.06745755, -23.95623439, -15.90248916, -36.08142573,
       -21.60376365, -51.39885642, -51.58305729, -44.30034276,
       -69.87157062, -23.47809397, -34.23465592, -15.28782997,
       -51.48435831, -47.38556394, -31.53158458, -38.31191591,
       -51.52203162]), 'explained_variance': array([-4.44089210e-16,  0.00000000e+00,  1.11022302e-16,  0.00000000e+00,
        0.00000000e+00,  0.00000000e+00,  0.00000000e+00,  0.00000000e+00,
        0.00000000e+00,  3.33066907e-16,  0.00000000e+00,  0.00000000e+00,
       -2.22044605e-16,  0.00000000e+00,  2.22044605e-16,  0.00000000e+00,
        2.22044605e-16,  0.00000000e+00,  0.00000000e+00,  0.00000000e+00,
        0.00000000e+00, -2.22044605e-16, -2.22044605e-16, -2.22044605e-16,
       -2.22044605e-16,  0.00000000e+00,  0.00000000e+00,  1.11022302e-16,
        0.00000000e+00, -2.22044605e-16,  0.00000000e+00,  0.00000000e+00,
        0.00000000e+00,  0.00000000e+00,  0.00000000e+00,  3.33066907e-16,
        0.00000000e+00,  0.00000000e+00, -2.22044605e-16,  1.11022302e-16,
        0.00000000e+00,  0.00000000e+00,  0.00000000e+00,  0.00000000e+00,
        0.00000000e+00, -2.22044605e-16,  0.00000000e+00,  0.00000000e+00,
        0.00000000e+00,  0.00000000e+00,  0.00000000e+00, -2.22044605e-16,
       -2.22044605e-16])}
         accs  y_pred (s)  y_true (s)
54     [7, 4]   15.642247      19.499
4    [35, 28]   24.500882      26.335
3    [35, 28]   24.500882      27.642
11   [35, 28]   24.500882      18.893
27   [30, 23]   19.415542      65.978
29   [30, 23]   19.415542      45.143
64     [7, 4]   15.642247      30.560
77   [16, 15]   18.198671      12.834
124  [25, 22]   17.222986      45.263
71     [7, 4]   15.642247       9.629
25   [30, 23]   19.415542      19.467
91     [5, 5]   14.697232      14.879
83   [16, 15]   18.198671      24.338
89   [16, 15]   18.198671      11.455
69     [7, 4]   15.642247       9.069
{'mse': 283.49802788893055, 'mae': 11.54437716185204, 'r2-score': -0.15954445411724927, 'max-error': 64.24304409565363, 'explained variance score': 0.06091859239331765, 'layers': ['conv5', 'fc7']}
