environment: line 5: __conda_exe: command not found
Using device: cuda
Using model: alexnet
Number of videos: 64
Execution type : naive
Using 2 features
Job ID : 57
Plotting ?  yes
Calculate accumulators ?  no
The directory contains : 65 videos
Number of videos in the directory : 65
Number of videos in the dataframe : 64
['conv1', 'pool1', 'conv2', 'pool2', 'conv3', 'conv4', 'conv5', 'pool5', 'fc6', 'fc7', 'output']
{'conv1': {'T_max': 231.03611281514168, 'T_min': 137.700119048357, 'tau': 100, 'alpha': 50}, 'pool1': {'T_max': 172.87935100495815, 'T_min': 96.51064738631248, 'tau': 100, 'alpha': 50}, 'conv2': {'T_max': 260.3908884525299, 'T_min': 138.66424806416035, 'tau': 100, 'alpha': 50}, 'pool2': {'T_max': 218.24047729372978, 'T_min': 114.92713752388954, 'tau': 100, 'alpha': 50}, 'conv3': {'T_max': 202.5564161837101, 'T_min': 107.47291566431522, 'tau': 100, 'alpha': 50}, 'conv4': {'T_max': 134.8227232247591, 'T_min': 73.26437871158123, 'tau': 100, 'alpha': 50}, 'conv5': {'T_max': 76.11463874578476, 'T_min': 41.856537722051144, 'tau': 100, 'alpha': 50}, 'pool5': {'T_max': 61.31686478853226, 'T_min': 33.92191906273365, 'tau': 100, 'alpha': 50}, 'fc6': {'T_max': 34.43132712692022, 'T_min': 18.570100070908666, 'tau': 100, 'alpha': 50}, 'fc7': {'T_max': 20.01874697394669, 'T_min': 10.533724257722497, 'tau': 100, 'alpha': 50}, 'output': {'T_max': 19.02098509296775, 'T_min': 9.621050400659442, 'tau': 100, 'alpha': 50}}
Iterating over following combinations of layers :  [['conv1'], ['pool1'], ['conv2'], ['pool2'], ['conv3'], ['conv4'], ['conv5'], ['pool5'], ['fc6'], ['fc7'], ['output'], ['conv1', 'pool1'], ['conv1', 'conv2'], ['conv1', 'pool2'], ['conv1', 'conv3'], ['conv1', 'conv4'], ['conv1', 'conv5'], ['conv1', 'pool5'], ['conv1', 'fc6'], ['conv1', 'fc7'], ['conv1', 'output'], ['pool1', 'conv2'], ['pool1', 'pool2'], ['pool1', 'conv3'], ['pool1', 'conv4'], ['pool1', 'conv5'], ['pool1', 'pool5'], ['pool1', 'fc6'], ['pool1', 'fc7'], ['pool1', 'output'], ['conv2', 'pool2'], ['conv2', 'conv3'], ['conv2', 'conv4'], ['conv2', 'conv5'], ['conv2', 'pool5'], ['conv2', 'fc6'], ['conv2', 'fc7'], ['conv2', 'output'], ['pool2', 'conv3'], ['pool2', 'conv4'], ['pool2', 'conv5'], ['pool2', 'pool5'], ['pool2', 'fc6'], ['pool2', 'fc7'], ['pool2', 'output'], ['conv3', 'conv4'], ['conv3', 'conv5'], ['conv3', 'pool5'], ['conv3', 'fc6'], ['conv3', 'fc7'], ['conv3', 'output'], ['conv4', 'conv5'], ['conv4', 'pool5'], ['conv4', 'fc6'], ['conv4', 'fc7'], ['conv4', 'output'], ['conv5', 'pool5'], ['conv5', 'fc6'], ['conv5', 'fc7'], ['conv5', 'output'], ['pool5', 'fc6'], ['pool5', 'fc7'], ['pool5', 'output'], ['fc6', 'fc7'], ['fc6', 'output'], ['fc7', 'output']]
[['conv5', 'fc6']]
Generating the training set for videos : 
TRAINING SET : contains 962 samples, 37 patients based on 56 videos
TEST SET : contains 127 samples, 37 patients based on 8 videos
Dataset constituted.
--------------------NAIVE IMPLEMENTATION-------------------
Number of folds : 53
Grid search.
The best parameters are : {'C': 10.0}
Metrics obtained during CV : 
{'r2': array([-3.13909816e-01, -1.30991660e-01, -1.24502955e-01, -8.86277911e-02,
       -2.13344392e-04, -2.16797885e-04, -3.68261197e-02, -1.52591807e-01,
       -3.84958100e-02, -5.30610807e-02, -9.85470767e-02, -3.31981287e-01,
       -3.06997277e-01, -4.96788242e-01, -6.24654889e-01, -1.51062185e-02,
       -1.78884235e-02, -4.05756963e-01, -5.45386748e-04, -6.20641383e-02,
       -1.12559218e-02, -6.04764603e-01, -4.10422200e-05, -2.06842023e-01,
       -9.23737748e-04, -5.13745755e-02, -4.11611814e-01, -4.47957198e-01,
       -6.21794114e-02, -1.17126824e-02, -3.36993150e-01, -4.29659878e-01,
       -5.51226936e-01, -3.28665847e-02, -8.17988322e-02, -8.80407015e-02,
       -3.44573033e-02, -9.12483118e-03, -1.47619000e-01, -7.93393292e-02,
       -1.61982480e-02, -4.04389071e-01, -6.24303857e-01, -2.64923460e-01,
       -5.23032351e-01, -1.96159529e-02, -3.11389501e-01, -2.34788625e-03,
       -2.46816896e-01, -7.08686661e-01, -7.69742621e-02, -1.87135873e-02,
       -7.15088282e-02]), 'neg_mean_absolute_error': array([-10.10670438, -11.52860366,  -9.52898232, -10.91472584,
        -9.62412494,  -5.30801782,  -8.08874496,  -6.16472507,
        -7.01722686,  -7.82652622,  -7.77827626, -12.81710829,
       -14.47057052, -14.82196338,  -9.68270639,  -7.51019129,
       -13.76443517,  -5.59191862,  -8.88391993,  -9.52688889,
        -9.2105434 , -13.71897573,  -8.61807106, -10.80256704,
        -7.36129429,  -9.62256048, -10.54727222, -16.85573763,
       -10.70990286, -10.25894444, -12.53738638, -12.22509773,
       -12.99665629,  -9.08385267, -11.1526533 , -10.49816667,
        -9.44361111,  -6.84551146,  -6.95732405,  -7.39836194,
        -6.71545776, -13.06639318, -14.30306914,  -9.51702898,
       -22.26924805,  -7.88651913, -10.12282017,  -5.32822813,
        -9.20084103, -17.82699957,  -8.96380375, -14.37579692,
       -10.02170311]), 'neg_mean_squared_error': array([-146.53688189, -215.86384448, -106.82388333, -191.62716814,
       -127.99802597,  -46.15955105, -132.1598394 , -107.04391006,
        -67.76283098,  -81.86224611, -102.34316056, -274.70772755,
       -394.63044672, -381.58145558, -118.41877898,  -82.96459972,
       -254.74736611,  -39.59789156,  -95.78791816, -196.16878549,
       -146.22744774, -348.00906384, -108.4283706 , -236.00696653,
       -113.91641513, -254.2344487 , -196.21811785, -564.25808228,
       -200.10153747, -147.99198992, -262.25167776, -264.78385853,
       -336.98824308, -119.90931164, -153.64225437, -206.5842957 ,
       -169.89752791,  -74.93833023,  -73.30416695, -115.9260978 ,
        -81.85998199, -319.10887012, -397.85178748, -196.37813665,
       -896.40064034, -104.49815225, -172.2490375 ,  -43.69429054,
       -220.27750155, -531.25371929, -128.02537819, -308.79089479,
       -250.08443837]), 'max_error': array([-33.19664112, -35.91882318, -15.74440713, -34.33620913,
       -24.48992522, -15.79513228, -30.5509486 , -36.24377637,
       -16.96873792, -16.88940036, -25.02741631, -31.59357966,
       -60.92354856, -42.98606083, -16.86118626, -16.20154481,
       -29.16291062,  -9.95550659, -22.25972061, -44.90645609,
       -31.87410938, -46.78926051, -21.11543023, -47.19310338,
       -33.58085142, -46.60145565, -37.730075  , -62.83065967,
       -32.91943712, -28.43088128, -36.07299436, -39.64621989,
       -48.70935166, -24.19086519, -23.19543984, -42.84370269,
       -37.61474265, -24.11489686, -16.55041672, -35.19075747,
       -21.80369006, -51.8123462 , -50.96732445, -44.59158695,
       -75.08507747, -25.02082517, -34.31970612, -16.41637394,
       -51.13704251, -48.14633253, -29.68681514, -38.31212467,
       -52.28318755]), 'explained_variance': array([-4.44089210e-16,  0.00000000e+00,  1.11022302e-16,  1.11022302e-16,
        0.00000000e+00,  0.00000000e+00,  0.00000000e+00,  0.00000000e+00,
        0.00000000e+00,  3.33066907e-16,  3.33066907e-16, -2.22044605e-16,
        0.00000000e+00,  0.00000000e+00,  2.22044605e-16,  0.00000000e+00,
        2.22044605e-16,  0.00000000e+00,  0.00000000e+00,  0.00000000e+00,
        0.00000000e+00,  1.11022302e-16, -2.22044605e-16, -2.22044605e-16,
        0.00000000e+00,  0.00000000e+00,  0.00000000e+00,  0.00000000e+00,
        0.00000000e+00, -2.22044605e-16,  0.00000000e+00,  0.00000000e+00,
        1.11022302e-16,  0.00000000e+00,  0.00000000e+00,  3.33066907e-16,
       -2.22044605e-16,  0.00000000e+00, -2.22044605e-16,  0.00000000e+00,
        0.00000000e+00,  0.00000000e+00,  0.00000000e+00,  0.00000000e+00,
       -2.22044605e-16, -2.22044605e-16,  0.00000000e+00,  3.33066907e-16,
        0.00000000e+00, -2.22044605e-16, -2.22044605e-16, -2.22044605e-16,
       -2.22044605e-16])}
         accs  y_pred (s)  y_true (s)
54     [7, 5]   14.436810      19.499
4    [35, 33]   24.133964      26.335
3    [35, 33]   24.133964      27.642
11   [35, 33]   24.133964      18.893
27   [30, 30]   19.240315      65.978
29   [30, 30]   19.240315      45.143
64     [7, 5]   14.436810      30.560
77   [16, 17]   20.092696      12.834
124  [25, 23]   16.642361      45.263
71     [7, 5]   14.436810       9.629
25   [30, 30]   19.240315      19.467
91     [5, 6]   15.059510      14.879
83   [16, 17]   20.092696      24.338
89   [16, 17]   20.092696      11.455
69     [7, 5]   14.436810       9.069
{'mse': 288.40721863969446, 'mae': 11.740099126219365, 'r2-score': -0.17962369400346878, 'max-error': 64.51099449760467, 'explained variance score': 0.04279703196827345, 'layers': ['conv5', 'fc6']}
