environment: line 5: __conda_exe: command not found
Using device: cuda
Using model: alexnet
Number of videos: 64
Execution type : naive
Using 2 features
Job ID : 25
Plotting ?  yes
Calculate accumulators ?  no
The directory contains : 65 videos
Number of videos in the directory : 65
Number of videos in the dataframe : 64
['conv1', 'pool1', 'conv2', 'pool2', 'conv3', 'conv4', 'conv5', 'pool5', 'fc6', 'fc7', 'output']
{'conv1': {'T_max': 231.03611281514168, 'T_min': 137.700119048357, 'tau': 100, 'alpha': 50}, 'pool1': {'T_max': 172.87935100495815, 'T_min': 96.51064738631248, 'tau': 100, 'alpha': 50}, 'conv2': {'T_max': 260.3908884525299, 'T_min': 138.66424806416035, 'tau': 100, 'alpha': 50}, 'pool2': {'T_max': 218.24047729372978, 'T_min': 114.92713752388954, 'tau': 100, 'alpha': 50}, 'conv3': {'T_max': 202.5564161837101, 'T_min': 107.47291566431522, 'tau': 100, 'alpha': 50}, 'conv4': {'T_max': 134.8227232247591, 'T_min': 73.26437871158123, 'tau': 100, 'alpha': 50}, 'conv5': {'T_max': 76.11463874578476, 'T_min': 41.856537722051144, 'tau': 100, 'alpha': 50}, 'pool5': {'T_max': 61.31686478853226, 'T_min': 33.92191906273365, 'tau': 100, 'alpha': 50}, 'fc6': {'T_max': 34.43132712692022, 'T_min': 18.570100070908666, 'tau': 100, 'alpha': 50}, 'fc7': {'T_max': 20.01874697394669, 'T_min': 10.533724257722497, 'tau': 100, 'alpha': 50}, 'output': {'T_max': 19.02098509296775, 'T_min': 9.621050400659442, 'tau': 100, 'alpha': 50}}
Iterating over following combinations of layers :  [['conv1'], ['pool1'], ['conv2'], ['pool2'], ['conv3'], ['conv4'], ['conv5'], ['pool5'], ['fc6'], ['fc7'], ['output'], ['conv1', 'pool1'], ['conv1', 'conv2'], ['conv1', 'pool2'], ['conv1', 'conv3'], ['conv1', 'conv4'], ['conv1', 'conv5'], ['conv1', 'pool5'], ['conv1', 'fc6'], ['conv1', 'fc7'], ['conv1', 'output'], ['pool1', 'conv2'], ['pool1', 'pool2'], ['pool1', 'conv3'], ['pool1', 'conv4'], ['pool1', 'conv5'], ['pool1', 'pool5'], ['pool1', 'fc6'], ['pool1', 'fc7'], ['pool1', 'output'], ['conv2', 'pool2'], ['conv2', 'conv3'], ['conv2', 'conv4'], ['conv2', 'conv5'], ['conv2', 'pool5'], ['conv2', 'fc6'], ['conv2', 'fc7'], ['conv2', 'output'], ['pool2', 'conv3'], ['pool2', 'conv4'], ['pool2', 'conv5'], ['pool2', 'pool5'], ['pool2', 'fc6'], ['pool2', 'fc7'], ['pool2', 'output'], ['conv3', 'conv4'], ['conv3', 'conv5'], ['conv3', 'pool5'], ['conv3', 'fc6'], ['conv3', 'fc7'], ['conv3', 'output'], ['conv4', 'conv5'], ['conv4', 'pool5'], ['conv4', 'fc6'], ['conv4', 'fc7'], ['conv4', 'output'], ['conv5', 'pool5'], ['conv5', 'fc6'], ['conv5', 'fc7'], ['conv5', 'output'], ['pool5', 'fc6'], ['pool5', 'fc7'], ['pool5', 'output'], ['fc6', 'fc7'], ['fc6', 'output'], ['fc7', 'output']]
[['pool1', 'conv5']]
Generating the training set for videos : 
TRAINING SET : contains 962 samples, 37 patients based on 56 videos
TEST SET : contains 127 samples, 37 patients based on 8 videos
Dataset constituted.
--------------------NAIVE IMPLEMENTATION-------------------
Number of folds : 53
Grid search.
The best parameters are : {'C': 10.0}
Metrics obtained during CV : 
{'r2': array([-2.24410395e-01, -7.11721934e-04, -5.12620678e-01, -1.92202050e-01,
       -1.30908256e-01, -2.51370406e-03, -2.96213771e-02, -1.55444310e-01,
       -6.64979357e-02, -6.86898470e-02, -3.41859861e-02, -2.98464042e-01,
       -2.51472783e-01, -5.09965253e-01, -1.49417931e-01, -1.13023193e-01,
       -2.35123616e-03, -9.55956044e-01, -2.47289949e-03, -4.88378810e-02,
       -3.98671032e-02, -6.81677683e-01, -1.24667401e-02, -2.45545003e-01,
       -5.08529121e-03, -4.77880677e-02, -2.45293427e-02, -2.25813096e-01,
       -1.20757963e-01, -4.55964980e-02, -8.88095516e-02, -5.55407282e-01,
       -9.10020572e-01, -4.34502761e-03, -2.82056408e-02, -3.26553872e-01,
       -7.63857626e-02, -2.63177548e-03, -5.71955567e-01, -1.66745519e-01,
       -1.61990352e-02, -3.33588492e-01, -4.99129509e-01, -1.99470869e-01,
       -4.76399157e-01, -8.06703976e-03, -3.22737107e-01, -1.97394747e-02,
       -1.49145185e-01, -3.53805697e-01, -2.49167553e-03, -1.32702839e-01,
       -2.70639475e-02]), 'neg_mean_absolute_error': array([ -9.38504943, -11.49064071, -11.20546713, -10.84384226,
       -10.95235277,  -5.38695124,  -8.12402829,  -6.16656841,
        -7.14831784,  -7.9233675 ,  -7.58858076, -12.65912396,
       -14.13381815, -14.86098268,  -7.49396754,  -8.1655248 ,
       -13.40574257,  -6.45448603,  -8.91259356,  -9.52688889,
        -9.17311111, -14.01631039,  -8.89125579, -10.86584719,
        -7.31279153,  -9.63647762,  -8.661     , -15.52145806,
       -10.48122222, -10.25894444, -11.69355028, -12.78185378,
       -14.52978463,  -8.393228  , -10.83999434, -11.38386148,
        -9.44361111,  -6.88785496,  -8.99493119,  -7.65650961,
        -6.7154516 , -12.77323224, -13.57586171,  -9.23424937,
       -22.00244106,  -7.85660069, -10.17037343,  -5.43546957,
        -8.78822295, -16.05208831,  -8.1282633 , -14.09952881,
       -10.41471103]), 'neg_mean_squared_error': array([-136.55524852, -190.99829574, -143.69372182, -209.85896603,
       -144.72314848,  -46.26555222, -131.24148134, -107.30882874,
        -69.58999609,  -83.077186  ,  -96.34713402, -267.7951331 ,
       -377.8655643 , -384.94071703,  -83.77943458,  -90.96735098,
       -250.85886767,  -55.09610649,  -95.97244995, -193.72582678,
       -150.3646201 , -364.68842526, -109.77561349, -243.57562321,
       -114.39004687, -253.36718993, -142.41253668, -477.69018828,
       -211.13701611, -152.94846955, -213.57037752, -288.07323209,
       -414.93250413, -116.59813832, -146.03069249, -251.87035467,
       -176.78378756,  -74.45615128, -100.40866639, -125.31393181,
        -81.8600454 , -303.02138192, -367.19198337, -186.21668555,
       -868.95406315, -103.31453004, -173.73952854,  -44.45242365,
       -203.02165531, -420.91644328, -119.17125637, -343.34314147,
       -239.71124055]), 'max_error': array([-34.11073739, -30.55011808, -19.28365282, -36.20300285,
       -20.56218534, -15.55456092, -30.32748747, -36.27879977,
       -16.47059221, -16.60957394, -23.78203438, -31.16476503,
       -60.0095064 , -43.13433417, -20.07929075, -20.35199039,
       -32.04589108, -11.35593041, -22.00165797, -44.52409992,
       -32.99932831, -47.49569838, -19.88609896, -47.76262468,
       -34.0173762 , -46.47620146, -32.01252361, -58.99904083,
       -34.26651309, -29.70453912, -32.11645255, -40.8679368 ,
       -51.82671233, -25.43398961, -21.78847452, -46.62931334,
       -38.77779172, -23.73380539, -17.79519725, -36.50354323,
       -21.80371782, -50.9328634 , -49.65835107, -43.74324812,
       -74.28465652, -24.51221166, -34.43519262, -15.80867241,
       -49.66679017, -43.79070024, -32.16752388, -42.2727305 ,
       -50.71115589]), 'explained_variance': array([ 0.00000000e+00,  0.00000000e+00,  1.11022302e-16,  1.11022302e-16,
        0.00000000e+00,  0.00000000e+00,  0.00000000e+00,  0.00000000e+00,
        0.00000000e+00,  3.33066907e-16,  0.00000000e+00, -2.22044605e-16,
        0.00000000e+00,  0.00000000e+00,  2.22044605e-16,  0.00000000e+00,
        0.00000000e+00,  0.00000000e+00,  0.00000000e+00,  0.00000000e+00,
        0.00000000e+00, -2.22044605e-16, -2.22044605e-16, -2.22044605e-16,
        0.00000000e+00,  0.00000000e+00,  0.00000000e+00,  1.11022302e-16,
        1.11022302e-16, -2.22044605e-16, -2.22044605e-16,  0.00000000e+00,
        2.22044605e-16,  2.22044605e-16,  0.00000000e+00,  3.33066907e-16,
       -2.22044605e-16,  0.00000000e+00,  0.00000000e+00,  0.00000000e+00,
        0.00000000e+00,  0.00000000e+00, -2.22044605e-16,  0.00000000e+00,
       -2.22044605e-16, -2.22044605e-16,  0.00000000e+00,  0.00000000e+00,
        0.00000000e+00,  0.00000000e+00,  1.11022302e-16,  0.00000000e+00,
        0.00000000e+00])}
         accs  y_pred (s)  y_true (s)
54     [2, 7]   17.021796      19.499
4    [22, 35]   22.103180      26.335
3    [22, 35]   22.103180      27.642
11   [22, 35]   22.103180      18.893
27   [27, 30]   21.769931      65.978
29   [27, 30]   21.769931      45.143
64     [2, 7]   17.021796      30.560
77   [14, 16]   18.871675      12.834
124  [21, 25]   18.811374      45.263
71     [2, 7]   17.021796       9.629
25   [27, 30]   21.769931      19.467
91     [9, 5]   14.272495      14.879
83   [14, 16]   18.871675      24.338
89   [14, 16]   18.871675      11.455
69     [2, 7]   17.021796       9.069
{'mse': 277.5346464102626, 'mae': 11.56225328828939, 'r2-score': -0.1351534346351524, 'max-error': 63.65274635229529, 'explained variance score': 0.053373375277693924, 'layers': ['pool1', 'conv5']}
