environment: line 5: __conda_exe: command not found
Using device: cuda
Using model: alexnet
Number of videos: 64
Execution type : naive
Using 2 features
Job ID : 13
Plotting ?  yes
Calculate accumulators ?  no
The directory contains : 65 videos
Number of videos in the directory : 65
Number of videos in the dataframe : 64
['conv1', 'pool1', 'conv2', 'pool2', 'conv3', 'conv4', 'conv5', 'pool5', 'fc6', 'fc7', 'output']
{'conv1': {'T_max': 231.03611281514168, 'T_min': 137.700119048357, 'tau': 100, 'alpha': 50}, 'pool1': {'T_max': 172.87935100495815, 'T_min': 96.51064738631248, 'tau': 100, 'alpha': 50}, 'conv2': {'T_max': 260.3908884525299, 'T_min': 138.66424806416035, 'tau': 100, 'alpha': 50}, 'pool2': {'T_max': 218.24047729372978, 'T_min': 114.92713752388954, 'tau': 100, 'alpha': 50}, 'conv3': {'T_max': 202.5564161837101, 'T_min': 107.47291566431522, 'tau': 100, 'alpha': 50}, 'conv4': {'T_max': 134.8227232247591, 'T_min': 73.26437871158123, 'tau': 100, 'alpha': 50}, 'conv5': {'T_max': 76.11463874578476, 'T_min': 41.856537722051144, 'tau': 100, 'alpha': 50}, 'pool5': {'T_max': 61.31686478853226, 'T_min': 33.92191906273365, 'tau': 100, 'alpha': 50}, 'fc6': {'T_max': 34.43132712692022, 'T_min': 18.570100070908666, 'tau': 100, 'alpha': 50}, 'fc7': {'T_max': 20.01874697394669, 'T_min': 10.533724257722497, 'tau': 100, 'alpha': 50}, 'output': {'T_max': 19.02098509296775, 'T_min': 9.621050400659442, 'tau': 100, 'alpha': 50}}
Iterating over following combinations of layers :  [['conv1'], ['pool1'], ['conv2'], ['pool2'], ['conv3'], ['conv4'], ['conv5'], ['pool5'], ['fc6'], ['fc7'], ['output'], ['conv1', 'pool1'], ['conv1', 'conv2'], ['conv1', 'pool2'], ['conv1', 'conv3'], ['conv1', 'conv4'], ['conv1', 'conv5'], ['conv1', 'pool5'], ['conv1', 'fc6'], ['conv1', 'fc7'], ['conv1', 'output'], ['pool1', 'conv2'], ['pool1', 'pool2'], ['pool1', 'conv3'], ['pool1', 'conv4'], ['pool1', 'conv5'], ['pool1', 'pool5'], ['pool1', 'fc6'], ['pool1', 'fc7'], ['pool1', 'output'], ['conv2', 'pool2'], ['conv2', 'conv3'], ['conv2', 'conv4'], ['conv2', 'conv5'], ['conv2', 'pool5'], ['conv2', 'fc6'], ['conv2', 'fc7'], ['conv2', 'output'], ['pool2', 'conv3'], ['pool2', 'conv4'], ['pool2', 'conv5'], ['pool2', 'pool5'], ['pool2', 'fc6'], ['pool2', 'fc7'], ['pool2', 'output'], ['conv3', 'conv4'], ['conv3', 'conv5'], ['conv3', 'pool5'], ['conv3', 'fc6'], ['conv3', 'fc7'], ['conv3', 'output'], ['conv4', 'conv5'], ['conv4', 'pool5'], ['conv4', 'fc6'], ['conv4', 'fc7'], ['conv4', 'output'], ['conv5', 'pool5'], ['conv5', 'fc6'], ['conv5', 'fc7'], ['conv5', 'output'], ['pool5', 'fc6'], ['pool5', 'fc7'], ['pool5', 'output'], ['fc6', 'fc7'], ['fc6', 'output'], ['fc7', 'output']]
[['conv1', 'pool2']]
Generating the training set for videos : 
TRAINING SET : contains 962 samples, 37 patients based on 56 videos
TEST SET : contains 127 samples, 37 patients based on 8 videos
Dataset constituted.
--------------------NAIVE IMPLEMENTATION-------------------
Number of folds : 53
Grid search.
The best parameters are : {'C': 1}
Metrics obtained during CV : 
{'r2': array([-5.35881237e-01, -7.92103999e-02, -1.28085576e-01, -1.11490848e-01,
       -4.51782564e-02, -3.74339318e-02, -3.91256360e-02, -6.44479056e-02,
       -1.51829301e-01, -1.00515607e-04, -5.63386382e-02, -5.78998399e-01,
       -3.61272181e-01, -1.54818671e-01, -2.20632719e-01, -2.76446537e-01,
       -3.88770671e-05, -6.42127334e-01, -9.64871957e-03, -1.51632030e-01,
       -3.65973649e-02, -6.10782996e-01, -1.79656190e-02, -2.11059464e-01,
       -4.62727421e-03, -9.64399404e-02, -2.17226339e-02, -3.45667211e-01,
       -1.80478945e-01, -9.75303941e-03, -8.07810088e-02, -5.06170280e-01,
       -6.02975194e-01, -2.12408471e-02, -1.31919123e-01, -3.76337868e-01,
       -8.87213873e-02, -4.68083419e-02, -3.07061924e-02, -3.60576869e-02,
       -3.19740328e-05, -4.51743401e-01, -6.74459900e-01, -1.23033256e-01,
       -3.28051741e-01, -2.26067464e-02, -1.78651807e-01, -1.02227320e-01,
       -2.99018586e-01, -5.46593380e-01, -3.07388288e-02, -1.47643925e-01,
       -7.93240127e-02]), 'neg_mean_absolute_error': array([-11.53874986, -11.35303825,  -9.55225427, -10.88944899,
       -10.33027428,  -5.7655198 ,  -8.07822614,  -6.09535667,
        -7.47127219,  -7.47224775,  -7.66159126, -13.82501332,
       -14.77136484, -13.51369905,  -7.83607536,  -8.32087592,
       -13.44092478,  -5.92890991,  -8.75174118,  -9.69785602,
        -9.17311111, -13.73792311,  -8.32274553, -10.80973503,
        -7.60486194,  -9.47761762,  -8.661     , -16.26328955,
       -10.48122222, -10.25894444, -11.67209201, -12.56364367,
       -13.21982649,  -8.87105853, -11.35710787, -11.64116572,
        -9.44361111,  -6.72981875,  -6.16512462,  -7.29267168,
        -7.1028832 , -13.29419404, -14.57370087,  -8.84290763,
       -21.05257893,  -7.89265192,  -9.66979342,  -5.64429963,
        -9.47460089, -16.87001712,  -8.22760762, -14.14296883,
        -9.96733958]), 'neg_mean_squared_error': array([-171.2927666 , -205.9807461 , -107.16421989, -195.65166845,
       -133.75221832,  -47.87710488, -132.45294901,  -98.85777876,
        -75.15794816,  -77.74522869,  -98.4109258 , -325.65251927,
       -411.01803236, -294.40195815,  -88.97017896, -104.32393584,
       -250.28015258,  -46.25606119,  -96.65943214, -212.7124422 ,
       -149.89181645, -349.31421176, -110.3718235 , -236.83171859,
       -114.33791937, -265.13177157, -142.02239605, -524.39643977,
       -222.38771461, -147.70533595, -211.99557601, -278.95416564,
       -348.23002488, -118.55963665, -160.76057822, -261.32275082,
       -178.80976982,  -77.73673464,  -65.836361  , -111.27744676,
        -80.55770569, -329.86884181, -410.13684825, -174.34982055,
       -781.64224823, -104.80467197, -154.81414116,  -48.04822898,
       -229.50007282, -480.85673314, -122.52913836, -347.87206035,
       -251.90846069]), 'max_error': array([-31.38271684, -34.80690892, -15.79353679, -34.81646916,
       -22.25068411, -14.58079153, -30.61756776, -34.92577669,
       -15.40609205, -19.00876425, -24.28841134, -34.24665938,
       -61.73999029, -38.01465638, -19.36923348, -17.75062694,
       -31.37742912, -10.4196987 , -23.44932938, -46.81285211,
       -32.89876226, -46.84610266, -22.44439512, -47.25761527,
       -32.53091419, -47.90594146, -31.9036734 , -61.22453532,
       -35.32784194, -28.31637388, -31.92332813, -40.40794827,
       -49.21148461, -24.57389464, -24.11548542, -47.20824787,
       -39.05309039, -25.15613121, -18.22062615, -34.23954516,
       -20.61063781, -52.35806159, -51.45446157, -42.54883433,
       -71.43507012, -25.12508267, -32.76848816, -14.62530208,
       -51.80188787, -46.338699  , -34.62332953, -42.6202506 ,
       -52.50064166]), 'explained_variance': array([-2.22044605e-16,  1.11022302e-16,  1.11022302e-16,  0.00000000e+00,
        0.00000000e+00,  0.00000000e+00,  0.00000000e+00,  0.00000000e+00,
        0.00000000e+00,  3.33066907e-16,  0.00000000e+00,  0.00000000e+00,
        0.00000000e+00,  0.00000000e+00,  2.22044605e-16,  0.00000000e+00,
        0.00000000e+00,  0.00000000e+00,  0.00000000e+00,  0.00000000e+00,
        0.00000000e+00, -2.22044605e-16, -2.22044605e-16,  1.11022302e-16,
       -2.22044605e-16,  0.00000000e+00,  0.00000000e+00,  0.00000000e+00,
        0.00000000e+00, -2.22044605e-16, -2.22044605e-16,  0.00000000e+00,
        0.00000000e+00,  0.00000000e+00,  0.00000000e+00,  0.00000000e+00,
        0.00000000e+00,  0.00000000e+00,  0.00000000e+00,  2.22044605e-16,
        0.00000000e+00,  0.00000000e+00,  0.00000000e+00,  0.00000000e+00,
       -2.22044605e-16, -2.22044605e-16,  0.00000000e+00,  0.00000000e+00,
        0.00000000e+00,  0.00000000e+00,  0.00000000e+00, -2.22044605e-16,
        0.00000000e+00])}
         accs  y_pred (s)  y_true (s)
54     [1, 3]   14.817431      19.499
4    [30, 28]   22.423044      26.335
3    [30, 28]   22.423044      27.642
11   [30, 28]   22.423044      18.893
27   [27, 25]   22.029501      65.978
29   [27, 25]   22.029501      45.143
64     [1, 3]   14.817431      30.560
77   [15, 14]   16.615921      12.834
124  [22, 20]   19.583612      45.263
71     [1, 3]   14.817431       9.629
25   [27, 25]   22.029501      19.467
91     [9, 7]   15.618668      14.879
83   [15, 14]   16.615921      24.338
89   [15, 14]   16.615921      11.455
69     [1, 3]   14.817431       9.069
{'mse': 272.88380397393684, 'mae': 11.383173449510267, 'r2-score': -0.11613087354655294, 'max-error': 64.82524300490769, 'explained variance score': 0.0965868982397412, 'layers': ['conv1', 'pool2']}
