environment: line 5: __conda_exe: command not found
Using device: cuda
Using model: alexnet
Number of videos: 64
Execution type : naive
Using 2 features
Job ID : 56
Plotting ?  yes
Calculate accumulators ?  no
The directory contains : 65 videos
Number of videos in the directory : 65
Number of videos in the dataframe : 64
['conv1', 'pool1', 'conv2', 'pool2', 'conv3', 'conv4', 'conv5', 'pool5', 'fc6', 'fc7', 'output']
{'conv1': {'T_max': 231.03611281514168, 'T_min': 137.700119048357, 'tau': 100, 'alpha': 50}, 'pool1': {'T_max': 172.87935100495815, 'T_min': 96.51064738631248, 'tau': 100, 'alpha': 50}, 'conv2': {'T_max': 260.3908884525299, 'T_min': 138.66424806416035, 'tau': 100, 'alpha': 50}, 'pool2': {'T_max': 218.24047729372978, 'T_min': 114.92713752388954, 'tau': 100, 'alpha': 50}, 'conv3': {'T_max': 202.5564161837101, 'T_min': 107.47291566431522, 'tau': 100, 'alpha': 50}, 'conv4': {'T_max': 134.8227232247591, 'T_min': 73.26437871158123, 'tau': 100, 'alpha': 50}, 'conv5': {'T_max': 76.11463874578476, 'T_min': 41.856537722051144, 'tau': 100, 'alpha': 50}, 'pool5': {'T_max': 61.31686478853226, 'T_min': 33.92191906273365, 'tau': 100, 'alpha': 50}, 'fc6': {'T_max': 34.43132712692022, 'T_min': 18.570100070908666, 'tau': 100, 'alpha': 50}, 'fc7': {'T_max': 20.01874697394669, 'T_min': 10.533724257722497, 'tau': 100, 'alpha': 50}, 'output': {'T_max': 19.02098509296775, 'T_min': 9.621050400659442, 'tau': 100, 'alpha': 50}}
Iterating over following combinations of layers :  [['conv1'], ['pool1'], ['conv2'], ['pool2'], ['conv3'], ['conv4'], ['conv5'], ['pool5'], ['fc6'], ['fc7'], ['output'], ['conv1', 'pool1'], ['conv1', 'conv2'], ['conv1', 'pool2'], ['conv1', 'conv3'], ['conv1', 'conv4'], ['conv1', 'conv5'], ['conv1', 'pool5'], ['conv1', 'fc6'], ['conv1', 'fc7'], ['conv1', 'output'], ['pool1', 'conv2'], ['pool1', 'pool2'], ['pool1', 'conv3'], ['pool1', 'conv4'], ['pool1', 'conv5'], ['pool1', 'pool5'], ['pool1', 'fc6'], ['pool1', 'fc7'], ['pool1', 'output'], ['conv2', 'pool2'], ['conv2', 'conv3'], ['conv2', 'conv4'], ['conv2', 'conv5'], ['conv2', 'pool5'], ['conv2', 'fc6'], ['conv2', 'fc7'], ['conv2', 'output'], ['pool2', 'conv3'], ['pool2', 'conv4'], ['pool2', 'conv5'], ['pool2', 'pool5'], ['pool2', 'fc6'], ['pool2', 'fc7'], ['pool2', 'output'], ['conv3', 'conv4'], ['conv3', 'conv5'], ['conv3', 'pool5'], ['conv3', 'fc6'], ['conv3', 'fc7'], ['conv3', 'output'], ['conv4', 'conv5'], ['conv4', 'pool5'], ['conv4', 'fc6'], ['conv4', 'fc7'], ['conv4', 'output'], ['conv5', 'pool5'], ['conv5', 'fc6'], ['conv5', 'fc7'], ['conv5', 'output'], ['pool5', 'fc6'], ['pool5', 'fc7'], ['pool5', 'output'], ['fc6', 'fc7'], ['fc6', 'output'], ['fc7', 'output']]
[['conv5', 'pool5']]
Generating the training set for videos : 
TRAINING SET : contains 962 samples, 37 patients based on 56 videos
TEST SET : contains 127 samples, 37 patients based on 8 videos
Dataset constituted.
--------------------NAIVE IMPLEMENTATION-------------------
Number of folds : 53
Grid search.
The best parameters are : {'C': 10.0}
Metrics obtained during CV : 
{'r2': array([-2.66928380e-01, -9.59016955e-03, -2.30175885e-01, -7.74095842e-02,
       -6.42127983e-03, -2.51374831e-03, -9.45398851e-02, -1.40376871e-01,
       -2.21266851e-02, -2.67110056e-02, -8.07795009e-02, -2.73770273e-01,
       -2.45557920e-01, -3.65183634e-01, -3.97416235e-01, -5.19448329e-03,
       -2.13435471e-02, -3.90111779e-01, -4.07446527e-03, -8.74937660e-02,
       -3.14333080e-04, -6.94935364e-01, -1.80787599e-03, -5.63670742e-01,
       -1.02947469e-02, -3.57665200e-02, -1.03308408e-01, -4.76002162e-01,
       -7.85802854e-02, -3.50942489e-03, -3.60825841e-01, -4.76917778e-01,
       -3.24296389e-01, -3.08075778e-02, -1.16887408e-01, -1.28502835e-01,
       -1.94272593e-02, -2.76934193e-02, -9.31040603e-02, -9.48693750e-02,
       -1.62025383e-02, -3.45795552e-01, -6.28990399e-01, -1.65194652e-01,
       -5.29354185e-01, -6.56490636e-04, -3.15795331e-01, -2.10831059e-02,
       -3.10109010e-01, -4.17887548e-01, -2.99674441e-02, -1.24661041e-01,
       -9.25346217e-02]), 'neg_mean_absolute_error': array([ -9.7429836 , -11.13091536, -10.1149338 , -10.9283274 ,
        -9.34209096,  -5.38695235,  -8.02991038,  -6.15662946,
        -6.91635403,  -7.7137293 ,  -7.73300595, -12.56252546,
       -14.09583874, -14.399571  ,  -8.74841843,  -7.58275469,
       -13.80184562,  -5.56766977,  -8.92792612,  -9.52688889,
        -9.45719169, -14.06860522,  -8.7312813 , -12.24532869,
        -7.2770508 ,  -9.71634223,  -8.92438259, -17.03676407,
       -10.61546038, -10.25894444, -12.66297841, -12.43744733,
       -11.86354169,  -9.04931049, -11.3006492 , -10.58324004,
        -9.44361111,  -6.77763512,  -6.62612915,  -7.4286886 ,
        -6.71542415, -12.8258534 , -14.32880664,  -9.06736913,
       -22.30448657,  -7.83767336, -10.1413845 ,  -5.44094918,
        -9.52959674, -16.31982869,  -8.4017434 , -14.07513197,
        -9.88121461]), 'neg_mean_squared_error': array([-141.29716673, -192.69285804, -116.86244545, -189.6524682 ,
       -128.79245996,  -46.26555427, -139.51636892, -105.90948024,
        -66.69473015,  -79.81385939, -100.68789253, -262.70229194,
       -376.07965002, -348.03103329, -101.85567745,  -82.15451391,
       -255.61208134,  -39.15719212,  -96.12577698, -200.86577034,
       -144.64529574, -367.56348442, -108.61993765, -305.78748613,
       -114.9829417 , -250.46024162, -153.36305427, -575.1869948 ,
       -203.19126043, -146.7920283 , -266.92646853, -273.53638036,
       -287.68989437, -119.67027389, -158.62570203, -214.26676693,
       -167.42901875,  -76.31724684,  -69.822025  , -117.59409744,
        -81.8603276 , -305.79510127, -398.99969413, -180.89533621,
       -900.12143864, -102.55503948, -172.82773665,  -44.51099514,
       -231.45943915, -440.8403547 , -122.43743996, -340.90552376,
       -254.99174629]), 'max_error': array([-33.6573541 , -32.27160819, -16.9814158 , -34.07777933,
       -25.56165435, -15.55455792, -31.85576572, -36.08995976,
       -17.35205467, -17.47938108, -24.74070435, -30.83319675,
       -59.90641944, -41.38096979, -17.99731153, -16.66111307,
       -28.96758664, -10.02132492, -21.86366493, -45.54068593,
       -30.38513738, -47.61336174, -20.60598415, -51.3321597 ,
       -34.3390428 , -46.01770997, -33.95548111, -63.23796915,
       -33.34442827, -27.83843172, -36.35557643, -40.1240065 ,
       -46.15984381, -24.25304113, -23.86142141, -43.69466037,
       -37.0220865 , -24.72578396, -17.18245941, -35.46369743,
       -21.80384133, -51.09072687, -51.01365194, -43.24260738,
       -75.19079304, -23.34355295, -34.36479093, -15.77762132,
       -51.93544922, -44.70101754, -30.82433745, -42.07755575,
       -52.84514157]), 'explained_variance': array([-2.22044605e-16,  1.11022302e-16,  1.11022302e-16,  1.11022302e-16,
        0.00000000e+00,  0.00000000e+00,  0.00000000e+00, -2.22044605e-16,
        0.00000000e+00,  3.33066907e-16,  1.11022302e-16,  0.00000000e+00,
        0.00000000e+00,  0.00000000e+00,  2.22044605e-16,  0.00000000e+00,
        0.00000000e+00,  0.00000000e+00,  0.00000000e+00, -2.22044605e-16,
        2.22044605e-16,  1.11022302e-16, -2.22044605e-16,  1.11022302e-16,
       -2.22044605e-16,  0.00000000e+00, -2.22044605e-16,  1.11022302e-16,
        0.00000000e+00, -2.22044605e-16,  0.00000000e+00,  0.00000000e+00,
        1.11022302e-16,  0.00000000e+00,  0.00000000e+00,  3.33066907e-16,
       -2.22044605e-16,  0.00000000e+00, -2.22044605e-16,  2.22044605e-16,
        0.00000000e+00,  0.00000000e+00, -2.22044605e-16,  0.00000000e+00,
       -4.44089210e-16, -2.22044605e-16, -2.22044605e-16,  0.00000000e+00,
        0.00000000e+00,  0.00000000e+00,  0.00000000e+00, -2.22044605e-16,
        0.00000000e+00])}
         accs  y_pred (s)  y_true (s)
54     [7, 7]   15.309413      19.499
4    [35, 32]   24.611592      26.335
3    [35, 32]   24.611592      27.642
11   [35, 32]   24.611592      18.893
27   [30, 28]   19.729939      65.978
29   [30, 28]   19.729939      45.143
64     [7, 7]   15.309413      30.560
77   [16, 14]   18.430088      12.834
124  [25, 23]   17.682897      45.263
71     [7, 7]   15.309413       9.629
25   [30, 28]   19.729939      19.467
91     [5, 6]   15.186640      14.879
83   [16, 14]   18.430088      24.338
89   [16, 14]   18.430088      11.455
69     [7, 7]   15.309413       9.069
{'mse': 279.12982380413774, 'mae': 11.45425527954163, 'r2-score': -0.14167792129269574, 'max-error': 64.10163079893347, 'explained variance score': 0.0667238521584016, 'layers': ['conv5', 'pool5']}
