environment: line 5: __conda_exe: command not found
Using device: cuda
Using model: alexnet
Number of videos: 64
Execution type : naive
Using 2 features
Job ID : 43
Plotting ?  yes
Calculate accumulators ?  no
The directory contains : 65 videos
Number of videos in the directory : 65
Number of videos in the dataframe : 64
['conv1', 'pool1', 'conv2', 'pool2', 'conv3', 'conv4', 'conv5', 'pool5', 'fc6', 'fc7', 'output']
{'conv1': {'T_max': 231.03611281514168, 'T_min': 137.700119048357, 'tau': 100, 'alpha': 50}, 'pool1': {'T_max': 172.87935100495815, 'T_min': 96.51064738631248, 'tau': 100, 'alpha': 50}, 'conv2': {'T_max': 260.3908884525299, 'T_min': 138.66424806416035, 'tau': 100, 'alpha': 50}, 'pool2': {'T_max': 218.24047729372978, 'T_min': 114.92713752388954, 'tau': 100, 'alpha': 50}, 'conv3': {'T_max': 202.5564161837101, 'T_min': 107.47291566431522, 'tau': 100, 'alpha': 50}, 'conv4': {'T_max': 134.8227232247591, 'T_min': 73.26437871158123, 'tau': 100, 'alpha': 50}, 'conv5': {'T_max': 76.11463874578476, 'T_min': 41.856537722051144, 'tau': 100, 'alpha': 50}, 'pool5': {'T_max': 61.31686478853226, 'T_min': 33.92191906273365, 'tau': 100, 'alpha': 50}, 'fc6': {'T_max': 34.43132712692022, 'T_min': 18.570100070908666, 'tau': 100, 'alpha': 50}, 'fc7': {'T_max': 20.01874697394669, 'T_min': 10.533724257722497, 'tau': 100, 'alpha': 50}, 'output': {'T_max': 19.02098509296775, 'T_min': 9.621050400659442, 'tau': 100, 'alpha': 50}}
Iterating over following combinations of layers :  [['conv1'], ['pool1'], ['conv2'], ['pool2'], ['conv3'], ['conv4'], ['conv5'], ['pool5'], ['fc6'], ['fc7'], ['output'], ['conv1', 'pool1'], ['conv1', 'conv2'], ['conv1', 'pool2'], ['conv1', 'conv3'], ['conv1', 'conv4'], ['conv1', 'conv5'], ['conv1', 'pool5'], ['conv1', 'fc6'], ['conv1', 'fc7'], ['conv1', 'output'], ['pool1', 'conv2'], ['pool1', 'pool2'], ['pool1', 'conv3'], ['pool1', 'conv4'], ['pool1', 'conv5'], ['pool1', 'pool5'], ['pool1', 'fc6'], ['pool1', 'fc7'], ['pool1', 'output'], ['conv2', 'pool2'], ['conv2', 'conv3'], ['conv2', 'conv4'], ['conv2', 'conv5'], ['conv2', 'pool5'], ['conv2', 'fc6'], ['conv2', 'fc7'], ['conv2', 'output'], ['pool2', 'conv3'], ['pool2', 'conv4'], ['pool2', 'conv5'], ['pool2', 'pool5'], ['pool2', 'fc6'], ['pool2', 'fc7'], ['pool2', 'output'], ['conv3', 'conv4'], ['conv3', 'conv5'], ['conv3', 'pool5'], ['conv3', 'fc6'], ['conv3', 'fc7'], ['conv3', 'output'], ['conv4', 'conv5'], ['conv4', 'pool5'], ['conv4', 'fc6'], ['conv4', 'fc7'], ['conv4', 'output'], ['conv5', 'pool5'], ['conv5', 'fc6'], ['conv5', 'fc7'], ['conv5', 'output'], ['pool5', 'fc6'], ['pool5', 'fc7'], ['pool5', 'output'], ['fc6', 'fc7'], ['fc6', 'output'], ['fc7', 'output']]
[['pool2', 'fc7']]
Generating the training set for videos : 
TRAINING SET : contains 962 samples, 37 patients based on 56 videos
TEST SET : contains 127 samples, 37 patients based on 8 videos
Dataset constituted.
--------------------NAIVE IMPLEMENTATION-------------------
Number of folds : 53
Grid search.
The best parameters are : {'C': 1}
Metrics obtained during CV : 
{'r2': array([-5.14101269e-01, -1.84969594e-04, -9.13596626e-02, -8.38264096e-02,
       -7.88325956e-02, -2.50680434e-02, -7.10024512e-02, -8.38827816e-02,
       -3.10476985e-02, -1.19911279e-02, -1.10868036e-01, -4.95418247e-01,
       -3.23010841e-01, -6.10759661e-02, -3.50232482e-01, -1.98933376e-01,
       -1.33047655e-02, -9.68167831e-01, -1.25097294e-02, -1.62333286e-01,
       -3.56301621e-02, -6.21816436e-01, -1.07582929e-02, -2.17329076e-01,
       -4.24522139e-03, -6.30456756e-02, -1.75143942e-01, -3.64573538e-01,
       -1.50816544e-01, -9.78740936e-03, -8.13791591e-02, -4.74425211e-01,
       -5.03070503e-01, -3.85132415e-02, -1.62033822e-01, -3.45739533e-01,
       -3.07965050e-02, -5.25799782e-02, -4.44863703e-02, -8.14584643e-02,
       -3.12474140e-04, -3.96538982e-01, -6.31258291e-01, -1.97427900e-01,
       -3.54942016e-01, -4.87045872e-02, -2.20520739e-01, -5.58022919e-02,
       -2.62647558e-01, -6.07051956e-01, -8.95167452e-04, -1.32263474e-01,
       -8.17791423e-02]), 'neg_mean_absolute_error': array([-11.4134349 , -11.3086376 ,  -9.29540754, -10.92043525,
       -10.6145955 ,  -5.65773557,  -7.98693441,  -6.11349423,
        -6.97471227,  -7.63864982,  -7.80730321, -13.49265958,
       -14.56190556, -13.1401677 ,  -8.52290899,  -7.97930763,
       -13.35007576,  -6.47361404,  -8.73693511,  -9.73864747,
        -9.17311111, -13.77359468,  -8.39288927, -10.82025981,
        -7.59466059,  -9.58035117,  -9.30592799, -16.36768165,
       -10.48122222, -10.25894444, -11.67372648, -12.42651758,
       -12.77935702,  -9.17338111, -11.46125953, -11.48519897,
        -9.44361111,  -6.71741833,  -6.29148165,  -7.40266505,
        -7.00981385, -13.03522779, -14.34122699,  -9.22472577,
       -21.23867249,  -7.93453738,  -9.7398451 ,  -5.54700523,
        -9.28668552, -17.24169727,  -8.13435146, -14.09821531,
        -9.95081976]), 'neg_mean_squared_error': array([-168.86370451, -190.89775849, -103.67538542, -190.78199851,
       -138.05898847,  -47.30642474, -136.5161518 , -100.66274138,
        -67.27683468,  -78.66957415, -103.49100931, -308.41495474,
       -399.46552968, -270.50380298,  -98.41652092,  -97.9887876 ,
       -253.60021208,  -55.44009271,  -96.93333294, -214.6890201 ,
       -149.75195908, -351.70692224, -109.59037694, -238.057788  ,
       -114.29443744, -257.05665477, -163.34840091, -531.76409396,
       -216.7996832 , -147.71036354, -212.1129034 , -273.07473804,
       -326.52674888, -120.56485296, -165.03761207, -255.51310101,
       -169.29628456,  -78.16534047,  -66.71656991, -116.15370283,
        -80.58030141, -317.32515286, -399.55518447, -185.89951659,
       -797.46887212, -107.47938115, -160.31356233,  -46.02447187,
       -223.07433456, -499.65411952, -118.98147138, -343.2099617 ,
       -252.48147482]), 'max_error': array([-31.54144912, -31.10657713, -15.25130481, -34.22773024,
       -21.47895508, -14.81957488, -31.39275372, -35.27039036,
       -17.13029339, -17.95488446, -25.21125366, -33.42721887,
       -61.17145796, -35.6781863 , -18.32690224, -17.02953833,
       -33.1035605 , -11.38896971, -23.58258403, -46.99641362,
       -32.86816061, -46.94958802, -22.12874828, -47.3523383 ,
       -32.56151824, -46.98133951, -35.10011732, -61.53771162,
       -34.82717801, -28.31847663, -31.93803832, -40.09941455,
       -48.2204283 , -24.029714  , -24.5841679 , -46.85732268,
       -37.4848256 , -25.26773505, -17.93541629, -35.22948543,
       -20.82004384, -51.71885004, -51.03600858, -43.7146773 ,
       -71.9933508 , -25.83713542, -33.30627334, -15.17663702,
       -51.34552198, -47.04076151, -33.03797489, -42.26222245,
       -52.56672097]), 'explained_variance': array([-2.22044605e-16,  0.00000000e+00,  1.11022302e-16,  1.11022302e-16,
        0.00000000e+00,  0.00000000e+00,  0.00000000e+00,  0.00000000e+00,
        0.00000000e+00,  3.33066907e-16,  1.11022302e-16,  0.00000000e+00,
        0.00000000e+00,  0.00000000e+00,  2.22044605e-16,  0.00000000e+00,
        0.00000000e+00,  0.00000000e+00,  0.00000000e+00,  0.00000000e+00,
        0.00000000e+00,  1.11022302e-16, -2.22044605e-16, -2.22044605e-16,
        0.00000000e+00,  0.00000000e+00,  0.00000000e+00,  0.00000000e+00,
        0.00000000e+00, -2.22044605e-16, -2.22044605e-16,  0.00000000e+00,
        0.00000000e+00,  0.00000000e+00,  0.00000000e+00,  3.33066907e-16,
        0.00000000e+00,  0.00000000e+00,  0.00000000e+00,  2.22044605e-16,
        0.00000000e+00,  1.11022302e-16, -2.22044605e-16,  0.00000000e+00,
       -2.22044605e-16,  0.00000000e+00,  0.00000000e+00,  0.00000000e+00,
        0.00000000e+00,  0.00000000e+00,  0.00000000e+00, -2.22044605e-16,
        0.00000000e+00])}
         accs  y_pred (s)  y_true (s)
54     [3, 4]   14.136200      19.499
4    [28, 28]   23.524629      26.335
3    [28, 28]   23.524629      27.642
11   [28, 28]   23.524629      18.893
27   [25, 23]   21.613531      65.978
29   [25, 23]   21.613531      45.143
64     [3, 4]   14.136200      30.560
77   [14, 15]   17.688251      12.834
124  [20, 22]   19.547846      45.263
71     [3, 4]   14.136200       9.629
25   [25, 23]   21.613531      19.467
91     [7, 5]   14.764439      14.879
83   [14, 15]   17.688251      24.338
89   [14, 15]   17.688251      11.455
69     [3, 4]   14.136200       9.069
{'mse': 272.5913310030643, 'mae': 11.366836925580238, 'r2-score': -0.11493462038782765, 'max-error': 64.47058124710901, 'explained variance score': 0.09314200808178608, 'layers': ['pool2', 'fc7']}
