environment: line 5: __conda_exe: command not found
Using device: cuda
Using model: alexnet
Number of videos: 64
Execution type : naive
Using 2 features
Job ID : 61
Plotting ?  yes
Calculate accumulators ?  no
The directory contains : 65 videos
Number of videos in the directory : 65
Number of videos in the dataframe : 64
['conv1', 'pool1', 'conv2', 'pool2', 'conv3', 'conv4', 'conv5', 'pool5', 'fc6', 'fc7', 'output']
{'conv1': {'T_max': 231.03611281514168, 'T_min': 137.700119048357, 'tau': 100, 'alpha': 50}, 'pool1': {'T_max': 172.87935100495815, 'T_min': 96.51064738631248, 'tau': 100, 'alpha': 50}, 'conv2': {'T_max': 260.3908884525299, 'T_min': 138.66424806416035, 'tau': 100, 'alpha': 50}, 'pool2': {'T_max': 218.24047729372978, 'T_min': 114.92713752388954, 'tau': 100, 'alpha': 50}, 'conv3': {'T_max': 202.5564161837101, 'T_min': 107.47291566431522, 'tau': 100, 'alpha': 50}, 'conv4': {'T_max': 134.8227232247591, 'T_min': 73.26437871158123, 'tau': 100, 'alpha': 50}, 'conv5': {'T_max': 76.11463874578476, 'T_min': 41.856537722051144, 'tau': 100, 'alpha': 50}, 'pool5': {'T_max': 61.31686478853226, 'T_min': 33.92191906273365, 'tau': 100, 'alpha': 50}, 'fc6': {'T_max': 34.43132712692022, 'T_min': 18.570100070908666, 'tau': 100, 'alpha': 50}, 'fc7': {'T_max': 20.01874697394669, 'T_min': 10.533724257722497, 'tau': 100, 'alpha': 50}, 'output': {'T_max': 19.02098509296775, 'T_min': 9.621050400659442, 'tau': 100, 'alpha': 50}}
Iterating over following combinations of layers :  [['conv1'], ['pool1'], ['conv2'], ['pool2'], ['conv3'], ['conv4'], ['conv5'], ['pool5'], ['fc6'], ['fc7'], ['output'], ['conv1', 'pool1'], ['conv1', 'conv2'], ['conv1', 'pool2'], ['conv1', 'conv3'], ['conv1', 'conv4'], ['conv1', 'conv5'], ['conv1', 'pool5'], ['conv1', 'fc6'], ['conv1', 'fc7'], ['conv1', 'output'], ['pool1', 'conv2'], ['pool1', 'pool2'], ['pool1', 'conv3'], ['pool1', 'conv4'], ['pool1', 'conv5'], ['pool1', 'pool5'], ['pool1', 'fc6'], ['pool1', 'fc7'], ['pool1', 'output'], ['conv2', 'pool2'], ['conv2', 'conv3'], ['conv2', 'conv4'], ['conv2', 'conv5'], ['conv2', 'pool5'], ['conv2', 'fc6'], ['conv2', 'fc7'], ['conv2', 'output'], ['pool2', 'conv3'], ['pool2', 'conv4'], ['pool2', 'conv5'], ['pool2', 'pool5'], ['pool2', 'fc6'], ['pool2', 'fc7'], ['pool2', 'output'], ['conv3', 'conv4'], ['conv3', 'conv5'], ['conv3', 'pool5'], ['conv3', 'fc6'], ['conv3', 'fc7'], ['conv3', 'output'], ['conv4', 'conv5'], ['conv4', 'pool5'], ['conv4', 'fc6'], ['conv4', 'fc7'], ['conv4', 'output'], ['conv5', 'pool5'], ['conv5', 'fc6'], ['conv5', 'fc7'], ['conv5', 'output'], ['pool5', 'fc6'], ['pool5', 'fc7'], ['pool5', 'output'], ['fc6', 'fc7'], ['fc6', 'output'], ['fc7', 'output']]
[['pool5', 'fc7']]
Generating the training set for videos : 
TRAINING SET : contains 962 samples, 37 patients based on 56 videos
TEST SET : contains 127 samples, 37 patients based on 8 videos
Dataset constituted.
--------------------NAIVE IMPLEMENTATION-------------------
Number of folds : 53
Grid search.
The best parameters are : {'C': 10.0}
Metrics obtained during CV : 
{'r2': array([-2.75714375e-01, -1.25260554e-04, -1.36650191e-01, -7.32960651e-02,
       -5.70475876e-02, -2.50457944e-03, -9.49597117e-02, -1.40371315e-01,
       -4.86710849e-02, -2.70868500e-02, -2.11293134e-02, -3.54398744e-01,
       -2.35889214e-01, -4.73322833e-01, -3.60746853e-01, -5.31817478e-05,
       -1.04474071e-01, -4.75848493e-01, -1.20754217e-03, -2.40256234e-02,
       -5.87446141e-02, -8.71411773e-01, -9.57245839e-04, -4.09590227e-01,
       -2.45017107e-02, -4.59365501e-02, -2.73276238e-01, -2.40798475e-01,
       -1.70082265e-01, -5.06563755e-02, -1.14052878e-02, -2.64912826e-01,
       -3.75308071e-01, -2.97210894e-02, -1.22765429e-01, -2.73245960e-03,
       -4.71893025e-02, -2.45836362e-03, -1.59244576e-01, -1.31437204e-01,
       -1.61979181e-02, -3.41349406e-01, -7.13248296e-01, -1.83907336e-01,
       -2.03912645e-01, -4.55930034e-02, -3.11952772e-01, -4.63371071e-02,
       -3.30334497e-01, -6.36951961e-01, -2.09675852e-02, -8.72132022e-02,
       -7.00405264e-02]), 'neg_mean_absolute_error': array([ -9.8133008 , -11.41181868,  -9.6066026 , -10.93355991,
       -10.43986309,  -5.38672329,  -8.03112605,  -6.1566257 ,
        -7.06911986,  -7.71532443,  -7.56849671, -12.91835427,
       -14.03275705, -14.75117466,  -8.57441658,  -7.67522462,
       -13.17699049,  -5.69521444,  -8.82075229,  -9.52688889,
        -9.17311111, -14.85511974,  -8.56130351, -11.33994824,
        -7.25838889,  -9.64386691,  -9.74724153, -15.62354513,
       -10.48122222, -10.25894444, -11.66900743, -11.52829789,
       -12.14622799,  -9.03061749, -11.32313597, -10.66084622,
        -9.44361111,  -6.89105724,  -7.03069332,  -7.55102598,
        -6.71546035, -12.80679654, -14.77615875,  -9.16041439,
       -20.17098544,  -8.11656101, -10.12520085,  -5.52257877,
        -9.62741739, -17.41866338,  -8.30206114, -14.0574375 ,
       -10.03224304]), 'neg_mean_squared_error': array([-142.27704549, -190.88636228, -107.97782866, -188.92838048,
       -135.27114523,  -46.26513113, -139.56988245, -105.90896427,
        -68.42677726,  -79.84307656,  -95.1307445 , -279.33110219,
       -373.16031279, -375.59933685,  -99.18289847,  -81.7343155 ,
       -276.41719284,  -41.57225617,  -95.85131007, -189.14287339,
       -153.0943052 , -405.8341378 , -108.52770899, -275.65589123,
       -116.59985448, -252.91947169, -176.98907325, -483.52987838,
       -220.42910795, -153.68862173, -198.38750386, -234.27145437,
       -298.7716625 , -119.54413942, -159.4605267 , -190.38697602,
       -171.98861005,  -74.44327359,  -74.04675064, -121.52165352,
        -81.85995541, -304.78483649, -419.63755378, -183.80046233,
       -708.57855749, -107.16048189, -172.32302237,  -45.61186609,
       -235.03271412, -508.95043395, -121.36758121, -329.55439264,
       -249.74174457]), 'max_error': array([-33.56828566, -30.76406359, -15.90827215, -33.97836179,
       -21.95322875, -15.55517965, -31.86346496, -36.08988831,
       -16.77154455, -17.46927859, -23.40043752, -31.86839016,
       -59.7351977 , -42.71706372, -18.25162192, -17.2467559 ,
       -36.39218072,  -9.82786775, -22.82822943, -43.6272416 ,
       -33.51285936, -49.08401294, -21.37088421, -49.78288353,
       -34.92651265, -46.40969778, -36.32929344, -59.30530207,
       -35.15740184, -29.84406631, -29.43843316, -37.73022702,
       -46.79588797, -24.28668852, -23.96261187, -38.03488401,
       -38.0197679 , -23.71899244, -16.43179335, -36.02886691,
       -21.80367843, -51.0335563 , -51.81888575, -43.52174318,
       -68.49493449, -21.44129258, -34.32548778, -15.31505365,
       -52.17301367, -47.37503084, -31.13299211, -41.07202594,
       -52.24102783]), 'explained_variance': array([ 0.00000000e+00,  0.00000000e+00,  1.11022302e-16,  3.33066907e-16,
        0.00000000e+00,  0.00000000e+00,  0.00000000e+00,  0.00000000e+00,
        0.00000000e+00,  3.33066907e-16,  0.00000000e+00,  0.00000000e+00,
        0.00000000e+00,  0.00000000e+00,  2.22044605e-16,  0.00000000e+00,
        0.00000000e+00,  0.00000000e+00,  0.00000000e+00, -2.22044605e-16,
        0.00000000e+00, -2.22044605e-16, -2.22044605e-16, -2.22044605e-16,
        0.00000000e+00, -2.22044605e-16,  0.00000000e+00,  1.11022302e-16,
        0.00000000e+00, -2.22044605e-16, -2.22044605e-16,  0.00000000e+00,
        1.11022302e-16,  0.00000000e+00,  0.00000000e+00,  3.33066907e-16,
        0.00000000e+00,  0.00000000e+00, -2.22044605e-16,  1.11022302e-16,
        0.00000000e+00,  1.11022302e-16,  0.00000000e+00,  0.00000000e+00,
       -2.22044605e-16, -2.22044605e-16, -2.22044605e-16,  0.00000000e+00,
        1.11022302e-16,  0.00000000e+00,  0.00000000e+00, -2.22044605e-16,
       -2.22044605e-16])}
         accs  y_pred (s)  y_true (s)
54     [7, 4]   16.383570      19.499
4    [32, 28]   22.604377      26.335
3    [32, 28]   22.604377      27.642
11   [32, 28]   22.604377      18.893
27   [28, 23]   17.231874      65.978
29   [28, 23]   17.231874      45.143
64     [7, 4]   16.383570      30.560
77   [14, 15]   18.674579      12.834
124  [23, 22]   17.329809      45.263
71     [7, 4]   16.383570       9.629
25   [28, 23]   17.231874      19.467
91     [6, 5]   15.273640      14.879
83   [14, 15]   18.674579      24.338
89   [14, 15]   18.674579      11.455
69     [7, 4]   16.383570       9.069
{'mse': 295.6787742661291, 'mae': 11.81079867596588, 'r2-score': -0.20936531888256926, 'max-error': 64.27909942712108, 'explained variance score': 0.03118695755918177, 'layers': ['pool5', 'fc7']}
