environment: line 5: __conda_exe: command not found
Using device: cuda
Using model: alexnet
Number of videos: 64
Execution type : naive
Using 2 features
Job ID : 44
Plotting ?  yes
Calculate accumulators ?  no
The directory contains : 65 videos
Number of videos in the directory : 65
Number of videos in the dataframe : 64
['conv1', 'pool1', 'conv2', 'pool2', 'conv3', 'conv4', 'conv5', 'pool5', 'fc6', 'fc7', 'output']
{'conv1': {'T_max': 231.03611281514168, 'T_min': 137.700119048357, 'tau': 100, 'alpha': 50}, 'pool1': {'T_max': 172.87935100495815, 'T_min': 96.51064738631248, 'tau': 100, 'alpha': 50}, 'conv2': {'T_max': 260.3908884525299, 'T_min': 138.66424806416035, 'tau': 100, 'alpha': 50}, 'pool2': {'T_max': 218.24047729372978, 'T_min': 114.92713752388954, 'tau': 100, 'alpha': 50}, 'conv3': {'T_max': 202.5564161837101, 'T_min': 107.47291566431522, 'tau': 100, 'alpha': 50}, 'conv4': {'T_max': 134.8227232247591, 'T_min': 73.26437871158123, 'tau': 100, 'alpha': 50}, 'conv5': {'T_max': 76.11463874578476, 'T_min': 41.856537722051144, 'tau': 100, 'alpha': 50}, 'pool5': {'T_max': 61.31686478853226, 'T_min': 33.92191906273365, 'tau': 100, 'alpha': 50}, 'fc6': {'T_max': 34.43132712692022, 'T_min': 18.570100070908666, 'tau': 100, 'alpha': 50}, 'fc7': {'T_max': 20.01874697394669, 'T_min': 10.533724257722497, 'tau': 100, 'alpha': 50}, 'output': {'T_max': 19.02098509296775, 'T_min': 9.621050400659442, 'tau': 100, 'alpha': 50}}
Iterating over following combinations of layers :  [['conv1'], ['pool1'], ['conv2'], ['pool2'], ['conv3'], ['conv4'], ['conv5'], ['pool5'], ['fc6'], ['fc7'], ['output'], ['conv1', 'pool1'], ['conv1', 'conv2'], ['conv1', 'pool2'], ['conv1', 'conv3'], ['conv1', 'conv4'], ['conv1', 'conv5'], ['conv1', 'pool5'], ['conv1', 'fc6'], ['conv1', 'fc7'], ['conv1', 'output'], ['pool1', 'conv2'], ['pool1', 'pool2'], ['pool1', 'conv3'], ['pool1', 'conv4'], ['pool1', 'conv5'], ['pool1', 'pool5'], ['pool1', 'fc6'], ['pool1', 'fc7'], ['pool1', 'output'], ['conv2', 'pool2'], ['conv2', 'conv3'], ['conv2', 'conv4'], ['conv2', 'conv5'], ['conv2', 'pool5'], ['conv2', 'fc6'], ['conv2', 'fc7'], ['conv2', 'output'], ['pool2', 'conv3'], ['pool2', 'conv4'], ['pool2', 'conv5'], ['pool2', 'pool5'], ['pool2', 'fc6'], ['pool2', 'fc7'], ['pool2', 'output'], ['conv3', 'conv4'], ['conv3', 'conv5'], ['conv3', 'pool5'], ['conv3', 'fc6'], ['conv3', 'fc7'], ['conv3', 'output'], ['conv4', 'conv5'], ['conv4', 'pool5'], ['conv4', 'fc6'], ['conv4', 'fc7'], ['conv4', 'output'], ['conv5', 'pool5'], ['conv5', 'fc6'], ['conv5', 'fc7'], ['conv5', 'output'], ['pool5', 'fc6'], ['pool5', 'fc7'], ['pool5', 'output'], ['fc6', 'fc7'], ['fc6', 'output'], ['fc7', 'output']]
[['pool2', 'output']]
Generating the training set for videos : 
TRAINING SET : contains 962 samples, 37 patients based on 56 videos
TEST SET : contains 127 samples, 37 patients based on 8 videos
Dataset constituted.
--------------------NAIVE IMPLEMENTATION-------------------
Number of folds : 53
Grid search.
The best parameters are : {'C': 1}
Metrics obtained during CV : 
{'r2': array([-4.71074481e-01, -1.37509655e-03, -9.25331905e-02, -9.97366978e-02,
       -4.66243543e-02, -1.01538734e-02, -7.73654899e-02, -1.10368757e-01,
       -3.45370314e-02, -4.98057091e-04, -1.12185065e-01, -5.11753447e-01,
       -2.77562239e-01, -6.33935215e-02, -2.78181849e-01, -1.17911493e-01,
       -1.76128688e-04, -4.88220743e-01, -1.20416963e-02, -1.93032098e-01,
       -5.26835033e-02, -6.57414696e-01, -7.34418684e-03, -2.19370301e-01,
       -3.39411960e-02, -8.53227700e-02, -1.17380080e-01, -3.42996524e-01,
       -1.69970654e-01, -2.29229371e-02, -4.04844465e-02, -5.84351545e-01,
       -5.15161829e-01, -3.37545615e-02, -1.83242449e-01, -3.65665463e-01,
       -1.98818672e-02, -3.90073682e-02, -4.39840171e-02, -9.73001021e-02,
       -9.63399079e-03, -3.51112358e-01, -6.09992910e-01, -9.98316302e-02,
       -3.16155087e-01, -6.82386865e-02, -2.20993819e-01, -2.45213549e-02,
       -2.36015253e-01, -5.78035868e-01, -1.31242860e-02, -1.54482727e-01,
       -9.40684685e-02]), 'neg_mean_absolute_error': array([-11.15781242, -11.54359637,  -9.30434144, -10.90208193,
       -10.3443402 ,  -5.51366753,  -7.99387701,  -6.13509776,
        -6.9951998 ,  -7.51727363,  -7.81030836, -13.55355755,
       -14.29623921, -13.14407127,  -8.14686693,  -7.62031346,
       -13.43506624,  -5.71263707,  -8.73923145,  -9.84872593,
        -9.17311111, -13.91927081,  -8.43459543, -10.82365357,
        -8.12019457,  -9.50949085,  -9.00766486, -16.24831531,
       -10.48122222, -10.25894444, -11.59161111, -12.92680868,
       -12.83486179,  -9.09841471, -11.52888167, -11.58751209,
        -9.44361111,  -6.7478671 ,  -6.28723956,  -7.43446274,
        -6.7735365 , -12.8484819 , -14.22387275,  -8.76808175,
       -20.96781893,  -7.95867579,  -9.7415421 ,  -5.45422322,
        -9.14067702, -17.06574515,  -8.18863673, -14.16211643,
        -9.87162509]), 'neg_mean_squared_error': array([-164.06504074, -191.12490904, -103.7868665 , -193.58262834,
       -133.93727652,  -46.61814257, -137.32722142, -103.12255617,
        -67.50451694,  -77.77613253, -103.61370676, -311.78392525,
       -385.7429287 , -271.09462546,  -93.16485297,  -91.36687165,
       -250.3145026 ,  -41.92076237,  -96.88852546, -220.35925075,
       -152.21786954, -359.42675685, -109.22020618, -238.45696472,
       -117.67417442, -262.44351208, -155.3190572 , -523.35569303,
       -220.40808184, -149.63181113, -204.09139109, -293.43392924,
       -329.15346617, -120.01240016, -168.04976301, -259.29640084,
       -167.50368279,  -77.15742876,  -66.68448209, -117.85516891,
        -81.3311974 , -307.00319942, -394.34650991, -170.74779071,
       -774.64031681, -109.48138717, -160.3757008 ,  -44.66087509,
       -218.36915471, -490.63262648, -120.43520856, -349.94502734,
       -255.34973793]), 'max_error': array([-31.86523761, -30.40638127, -15.27016526, -34.57644326,
       -22.21250516, -15.2106167 , -31.52466327, -35.68085743,
       -17.05244076, -18.72360036, -25.23028626, -33.59251335,
       -60.45036358, -35.75235419, -18.87650218, -16.1016519 ,
       -31.48874138,  -9.87515777, -23.56191691, -47.49176667,
       -33.35841056, -47.27735932, -21.94107055, -47.38288209,
       -31.29118722, -47.61908232, -34.20532791, -61.17961258,
       -35.15554427, -28.95310169, -30.76070704, -41.12885563,
       -48.34531404, -24.16465353, -24.88846751, -47.08752719,
       -37.04286527, -24.99369608, -17.94496099, -35.50433234,
       -21.54233575, -51.15861237, -50.82477095, -42.11523578,
       -71.18079013, -26.24748838, -33.31204314, -15.70240173,
       -50.99092991, -46.7084075 , -33.96082446, -42.77343146,
       -52.88349963]), 'explained_variance': array([-2.22044605e-16,  0.00000000e+00,  1.11022302e-16,  0.00000000e+00,
        0.00000000e+00,  0.00000000e+00,  0.00000000e+00, -2.22044605e-16,
        0.00000000e+00,  3.33066907e-16,  1.11022302e-16,  0.00000000e+00,
        0.00000000e+00,  0.00000000e+00,  2.22044605e-16,  0.00000000e+00,
        0.00000000e+00,  0.00000000e+00,  0.00000000e+00, -2.22044605e-16,
        0.00000000e+00, -2.22044605e-16, -2.22044605e-16, -2.22044605e-16,
        0.00000000e+00,  0.00000000e+00,  0.00000000e+00,  0.00000000e+00,
        0.00000000e+00, -2.22044605e-16, -2.22044605e-16,  0.00000000e+00,
       -2.22044605e-16,  0.00000000e+00,  0.00000000e+00,  4.44089210e-16,
       -2.22044605e-16,  0.00000000e+00,  0.00000000e+00,  2.22044605e-16,
        0.00000000e+00,  0.00000000e+00,  0.00000000e+00,  0.00000000e+00,
       -2.22044605e-16, -2.22044605e-16,  0.00000000e+00,  0.00000000e+00,
        0.00000000e+00,  0.00000000e+00,  0.00000000e+00, -2.22044605e-16,
       -2.22044605e-16])}
         accs  y_pred (s)  y_true (s)
54     [3, 4]   13.925048      19.499
4    [28, 29]   24.238643      26.335
3    [28, 29]   24.238643      27.642
11   [28, 29]   24.238643      18.893
27   [25, 23]   21.468258      65.978
29   [25, 23]   21.468258      45.143
64     [3, 4]   13.925048      30.560
77    [14, 7]   17.169103      12.834
124  [20, 20]   18.590851      45.263
71     [3, 4]   13.925048       9.629
25   [25, 23]   21.468258      19.467
91     [7, 4]   14.265999      14.879
83    [14, 7]   17.169103      24.338
89    [14, 7]   17.169103      11.455
69     [3, 4]   13.925048       9.069
{'mse': 275.35441455600056, 'mae': 11.388115055945624, 'r2-score': -0.12623599780455197, 'max-error': 64.39067372365216, 'explained variance score': 0.09509821756665582, 'layers': ['pool2', 'output']}
