environment: line 5: __conda_exe: command not found
Using device: cuda
Using model: alexnet
Number of videos: 64
Execution type : naive
Using 2 features
Job ID : 1
Plotting ?  yes
Calculate accumulators ?  no
The directory contains : 65 videos
Number of videos in the directory : 65
Number of videos in the dataframe : 64
['conv1', 'pool1', 'conv2', 'pool2', 'conv3', 'conv4', 'conv5', 'pool5', 'fc6', 'fc7', 'output']
{'conv1': {'T_max': 231.03611281514168, 'T_min': 137.700119048357, 'tau': 100, 'alpha': 50}, 'pool1': {'T_max': 172.87935100495815, 'T_min': 96.51064738631248, 'tau': 100, 'alpha': 50}, 'conv2': {'T_max': 260.3908884525299, 'T_min': 138.66424806416035, 'tau': 100, 'alpha': 50}, 'pool2': {'T_max': 218.24047729372978, 'T_min': 114.92713752388954, 'tau': 100, 'alpha': 50}, 'conv3': {'T_max': 202.5564161837101, 'T_min': 107.47291566431522, 'tau': 100, 'alpha': 50}, 'conv4': {'T_max': 134.8227232247591, 'T_min': 73.26437871158123, 'tau': 100, 'alpha': 50}, 'conv5': {'T_max': 76.11463874578476, 'T_min': 41.856537722051144, 'tau': 100, 'alpha': 50}, 'pool5': {'T_max': 61.31686478853226, 'T_min': 33.92191906273365, 'tau': 100, 'alpha': 50}, 'fc6': {'T_max': 34.43132712692022, 'T_min': 18.570100070908666, 'tau': 100, 'alpha': 50}, 'fc7': {'T_max': 20.01874697394669, 'T_min': 10.533724257722497, 'tau': 100, 'alpha': 50}, 'output': {'T_max': 19.02098509296775, 'T_min': 9.621050400659442, 'tau': 100, 'alpha': 50}}
Iterating over following combinations of layers :  [['conv1'], ['pool1'], ['conv2'], ['pool2'], ['conv3'], ['conv4'], ['conv5'], ['pool5'], ['fc6'], ['fc7'], ['output'], ['conv1', 'pool1'], ['conv1', 'conv2'], ['conv1', 'pool2'], ['conv1', 'conv3'], ['conv1', 'conv4'], ['conv1', 'conv5'], ['conv1', 'pool5'], ['conv1', 'fc6'], ['conv1', 'fc7'], ['conv1', 'output'], ['pool1', 'conv2'], ['pool1', 'pool2'], ['pool1', 'conv3'], ['pool1', 'conv4'], ['pool1', 'conv5'], ['pool1', 'pool5'], ['pool1', 'fc6'], ['pool1', 'fc7'], ['pool1', 'output'], ['conv2', 'pool2'], ['conv2', 'conv3'], ['conv2', 'conv4'], ['conv2', 'conv5'], ['conv2', 'pool5'], ['conv2', 'fc6'], ['conv2', 'fc7'], ['conv2', 'output'], ['pool2', 'conv3'], ['pool2', 'conv4'], ['pool2', 'conv5'], ['pool2', 'pool5'], ['pool2', 'fc6'], ['pool2', 'fc7'], ['pool2', 'output'], ['conv3', 'conv4'], ['conv3', 'conv5'], ['conv3', 'pool5'], ['conv3', 'fc6'], ['conv3', 'fc7'], ['conv3', 'output'], ['conv4', 'conv5'], ['conv4', 'pool5'], ['conv4', 'fc6'], ['conv4', 'fc7'], ['conv4', 'output'], ['conv5', 'pool5'], ['conv5', 'fc6'], ['conv5', 'fc7'], ['conv5', 'output'], ['pool5', 'fc6'], ['pool5', 'fc7'], ['pool5', 'output'], ['fc6', 'fc7'], ['fc6', 'output'], ['fc7', 'output']]
[['pool1']]
Generating the training set for videos : 
TRAINING SET : contains 962 samples, 37 patients based on 56 videos
TEST SET : contains 127 samples, 37 patients based on 8 videos
Dataset constituted.
--------------------NAIVE IMPLEMENTATION-------------------
Number of folds : 53
Grid search.
The best parameters are : {'C': 10.0}
Metrics obtained during CV : 
{'r2': array([-2.26157826e-01, -2.74038109e-03, -4.62078441e-01, -1.74239492e-01,
       -1.94604215e-01, -1.83200235e-04, -2.98395050e-03, -1.63571662e-01,
       -1.08126360e-01, -3.54328050e-03, -2.44269177e-02, -5.12220584e-01,
       -1.17032342e-01, -9.64423936e-02, -2.07328220e-01, -5.81748415e-03,
       -1.97005754e-02, -7.50714530e-01, -6.03658713e-02, -1.19055347e-01,
       -1.09785215e-01, -5.11639499e-01, -3.71844607e-03, -3.46638672e-01,
       -5.18679315e-02, -1.21076601e-01, -2.07433401e-01, -2.75666449e-01,
       -1.31888167e-01, -3.37672785e-02, -5.21340722e-04, -7.85681425e-01,
       -4.63649677e-01, -3.81811188e-02, -5.36770324e-02, -4.67086799e-01,
       -4.77432247e-02, -8.01378247e-04, -2.10347345e-01, -4.33158470e-03,
       -2.21129121e-02, -3.62953829e-01, -6.52361246e-01, -1.33278570e-01,
       -4.36704263e-01, -2.27531120e-03, -3.22711550e-01, -1.82219705e-02,
       -2.76556339e-01, -4.89657367e-01, -1.75232329e-02, -1.09723013e-01,
       -9.22545501e-02]), 'neg_mean_absolute_error': array([ -9.40039679, -11.22070057, -11.03828375, -10.83112957,
       -11.28296733,  -5.2574982 ,  -8.40302766,  -6.17792574,
        -7.29914704,  -7.56907272,  -7.57405014, -13.55528464,
       -13.45656245, -13.25679952,  -7.77214668,  -7.57675991,
       -13.32924969,  -6.11251859,  -8.59142083,  -9.5778924 ,
        -9.17311111, -13.47593257,  -8.77399629, -11.12187657,
        -8.35251666,  -9.43438889,  -9.4511273 , -15.84942574,
       -10.48122222, -10.25894444, -11.79966609, -13.98128341,
       -12.59360316,  -9.16830496, -11.0087918 , -12.06969268,
        -9.44361111,  -6.93179537,  -7.34815242,  -7.14979896,
        -6.67271209, -12.89827175, -14.45574645,  -8.89555516,
       -21.7648459 ,  -7.83152002, -10.17026728,  -5.42905148,
        -9.35999608, -16.5963152 ,  -8.20006182, -14.0574375 ,
        -9.88297416]), 'neg_mean_squared_error': array([-136.75013485, -191.3854906 , -138.89238453, -206.69708269,
       -152.87436648,  -46.15800053, -127.84612125, -108.06363495,
        -72.30629005,  -78.01286033,  -95.43795687, -311.88026741,
       -337.27306091, -279.51988989,  -88.00043297,  -82.20543175,
       -255.20089414,  -49.31478623, -101.51487443, -206.69535895,
       -160.47476812, -327.81396473, -108.82708915, -263.34524471,
       -119.71443919, -271.08919897, -167.83672889, -497.11766687,
       -213.2338096 , -151.21810701, -196.25261381, -330.7217509 ,
       -317.9629762 , -120.52629561, -149.64826159, -278.55308423,
       -172.0795853 ,  -74.32022468,  -77.31094012, -107.86991483,
        -82.33643852, -309.6938487 , -404.7240745 , -175.9403956 ,
       -845.59111303, -102.72094877, -173.73617168,  -44.38627269,
       -225.53162513, -463.15455885, -120.95813363, -336.37753177,
       -254.92637906]), 'max_error': array([-34.09129739, -31.64189639, -18.93071015, -35.9245381 ,
       -19.66480296, -15.98710684, -29.0010949 , -36.37686302,
       -15.89744127, -18.39553943, -23.50595265, -33.59720117,
       -57.24022883, -36.69073029, -19.49202367, -16.6231461 ,
       -33.49925594, -10.76525939, -24.8922125 , -46.2100316 ,
       -34.58266827, -45.87069657, -20.41376671, -49.06644457,
       -30.82697002, -48.48772168, -35.53571523, -59.98294388,
       -34.48147598, -29.34442791, -28.26250522, -42.78859178,
       -47.80248212, -24.03885108, -22.54806309, -48.17243354,
       -38.03605956, -23.53567082, -15.9556047 , -32.95369064,
       -21.99604559, -51.30798192, -51.24214361, -42.72716547,
       -73.57187103, -24.08584028, -34.43493483, -15.84504159,
       -51.52356191, -45.64107168, -34.155051  , -41.69750528,
       -52.83810337]), 'explained_variance': array([-2.22044605e-16,  0.00000000e+00,  1.11022302e-16,  0.00000000e+00,
        0.00000000e+00,  0.00000000e+00,  0.00000000e+00, -2.22044605e-16,
        0.00000000e+00,  3.33066907e-16,  0.00000000e+00,  0.00000000e+00,
        0.00000000e+00,  0.00000000e+00,  2.22044605e-16,  0.00000000e+00,
        0.00000000e+00,  0.00000000e+00,  0.00000000e+00,  0.00000000e+00,
        2.22044605e-16, -2.22044605e-16, -2.22044605e-16,  0.00000000e+00,
        0.00000000e+00,  0.00000000e+00, -2.22044605e-16,  0.00000000e+00,
        0.00000000e+00, -2.22044605e-16, -2.22044605e-16,  0.00000000e+00,
        1.11022302e-16,  0.00000000e+00,  0.00000000e+00,  0.00000000e+00,
        0.00000000e+00,  0.00000000e+00,  0.00000000e+00,  2.22044605e-16,
        0.00000000e+00,  1.11022302e-16,  0.00000000e+00,  0.00000000e+00,
       -4.44089210e-16, -2.22044605e-16,  0.00000000e+00,  0.00000000e+00,
        0.00000000e+00,  0.00000000e+00,  1.11022302e-16,  0.00000000e+00,
        0.00000000e+00])}
     accs  y_pred (s)  y_true (s)
54    [2]   13.612430      19.499
4    [22]   23.021472      26.335
3    [22]   23.021472      27.642
11   [22]   23.021472      18.893
27   [27]   24.586164      65.978
29   [27]   24.586164      45.143
64    [2]   13.612430      30.560
77   [14]   16.777533      12.834
124  [21]   21.884409      45.263
71    [2]   13.612430       9.629
25   [27]   24.586164      19.467
91    [9]   16.832826      14.879
83   [14]   16.777533      24.338
89   [14]   16.777533      11.455
69    [2]   13.612430       9.069
{'mse': 255.4492857771831, 'mae': 11.104324826207439, 'r2-score': -0.04482138671946134, 'max-error': 64.03412187997245, 'explained variance score': 0.11683873372596554, 'layers': ['pool1']}
