environment: line 5: __conda_exe: command not found
Using device: cuda
Using model: alexnet
Number of videos: 64
Execution type : naive
Using 2 features
Job ID : 63
Plotting ?  yes
Calculate accumulators ?  no
The directory contains : 65 videos
Number of videos in the directory : 65
Number of videos in the dataframe : 64
['conv1', 'pool1', 'conv2', 'pool2', 'conv3', 'conv4', 'conv5', 'pool5', 'fc6', 'fc7', 'output']
{'conv1': {'T_max': 231.03611281514168, 'T_min': 137.700119048357, 'tau': 100, 'alpha': 50}, 'pool1': {'T_max': 172.87935100495815, 'T_min': 96.51064738631248, 'tau': 100, 'alpha': 50}, 'conv2': {'T_max': 260.3908884525299, 'T_min': 138.66424806416035, 'tau': 100, 'alpha': 50}, 'pool2': {'T_max': 218.24047729372978, 'T_min': 114.92713752388954, 'tau': 100, 'alpha': 50}, 'conv3': {'T_max': 202.5564161837101, 'T_min': 107.47291566431522, 'tau': 100, 'alpha': 50}, 'conv4': {'T_max': 134.8227232247591, 'T_min': 73.26437871158123, 'tau': 100, 'alpha': 50}, 'conv5': {'T_max': 76.11463874578476, 'T_min': 41.856537722051144, 'tau': 100, 'alpha': 50}, 'pool5': {'T_max': 61.31686478853226, 'T_min': 33.92191906273365, 'tau': 100, 'alpha': 50}, 'fc6': {'T_max': 34.43132712692022, 'T_min': 18.570100070908666, 'tau': 100, 'alpha': 50}, 'fc7': {'T_max': 20.01874697394669, 'T_min': 10.533724257722497, 'tau': 100, 'alpha': 50}, 'output': {'T_max': 19.02098509296775, 'T_min': 9.621050400659442, 'tau': 100, 'alpha': 50}}
Iterating over following combinations of layers :  [['conv1'], ['pool1'], ['conv2'], ['pool2'], ['conv3'], ['conv4'], ['conv5'], ['pool5'], ['fc6'], ['fc7'], ['output'], ['conv1', 'pool1'], ['conv1', 'conv2'], ['conv1', 'pool2'], ['conv1', 'conv3'], ['conv1', 'conv4'], ['conv1', 'conv5'], ['conv1', 'pool5'], ['conv1', 'fc6'], ['conv1', 'fc7'], ['conv1', 'output'], ['pool1', 'conv2'], ['pool1', 'pool2'], ['pool1', 'conv3'], ['pool1', 'conv4'], ['pool1', 'conv5'], ['pool1', 'pool5'], ['pool1', 'fc6'], ['pool1', 'fc7'], ['pool1', 'output'], ['conv2', 'pool2'], ['conv2', 'conv3'], ['conv2', 'conv4'], ['conv2', 'conv5'], ['conv2', 'pool5'], ['conv2', 'fc6'], ['conv2', 'fc7'], ['conv2', 'output'], ['pool2', 'conv3'], ['pool2', 'conv4'], ['pool2', 'conv5'], ['pool2', 'pool5'], ['pool2', 'fc6'], ['pool2', 'fc7'], ['pool2', 'output'], ['conv3', 'conv4'], ['conv3', 'conv5'], ['conv3', 'pool5'], ['conv3', 'fc6'], ['conv3', 'fc7'], ['conv3', 'output'], ['conv4', 'conv5'], ['conv4', 'pool5'], ['conv4', 'fc6'], ['conv4', 'fc7'], ['conv4', 'output'], ['conv5', 'pool5'], ['conv5', 'fc6'], ['conv5', 'fc7'], ['conv5', 'output'], ['pool5', 'fc6'], ['pool5', 'fc7'], ['pool5', 'output'], ['fc6', 'fc7'], ['fc6', 'output'], ['fc7', 'output']]
[['fc6', 'fc7']]
Generating the training set for videos : 
TRAINING SET : contains 962 samples, 37 patients based on 56 videos
TEST SET : contains 127 samples, 37 patients based on 8 videos
Dataset constituted.
--------------------NAIVE IMPLEMENTATION-------------------
Number of folds : 53
Grid search.
The best parameters are : {'C': 1}
Metrics obtained during CV : 
{'r2': array([-4.73732288e-01, -8.70464833e-02, -1.32485081e-01, -6.36490080e-02,
       -1.58559580e-01, -1.01464737e-02, -3.84870327e-02, -1.08508416e-01,
       -2.81222788e-02, -5.70603113e-02, -8.62031784e-02, -3.51280639e-01,
       -3.10242417e-01, -3.20527242e-01, -4.25680396e-01, -1.45870325e-01,
       -6.57149714e-02, -5.39995338e-01, -1.40841628e-03, -1.03304417e-01,
       -2.70328947e-02, -6.87307309e-01, -1.31702619e-03, -2.19134190e-01,
       -2.15849663e-05, -4.42807857e-02, -3.01465902e-01, -4.41352397e-01,
       -1.34289716e-01, -7.53188248e-03, -6.90275614e-02, -4.40401085e-01,
       -4.53732629e-01, -4.21049461e-02, -1.82560581e-01, -1.35612403e-01,
       -2.03360565e-02, -1.10502184e-02, -1.04384060e-01, -7.27210911e-02,
       -5.99281152e-03, -3.70277409e-01, -6.02629410e-01, -2.03488974e-01,
       -4.32354830e-01, -2.07156912e-02, -2.74973360e-01, -4.43220880e-02,
       -2.12007721e-01, -6.20733756e-01, -7.11393541e-03, -3.96078492e-01,
       -7.38054074e-02]), 'neg_mean_absolute_error': array([-11.17393244, -11.38268949,  -9.5803917 , -10.94643978,
       -11.10398712,  -5.51357562,  -8.08111561,  -6.13367159,
        -6.95662949,  -7.84795933,  -7.74731096, -12.90446741,
       -14.48926853, -14.23926175,  -8.87711862,  -7.70726115,
       -13.23267265,  -5.78325625,  -8.81773088,  -9.54220351,
        -9.17311111, -14.03857798,  -8.5489206 , -10.82326182,
        -7.39181385,  -9.65060215,  -9.88505716, -16.81228663,
       -10.48122222, -10.25894444, -11.63865181, -12.27434911,
       -12.54564243,  -9.22693719, -11.52677046, -10.59821806,
        -9.44361111,  -6.83632329,  -6.68990906,  -7.38453929,
        -6.81490172, -12.92865945, -14.18276128,  -9.25283914,
       -21.7381669 ,  -7.88882523,  -9.96405068,  -5.51706485,
        -9.0018189 , -17.32320279,  -8.16903027, -14.72682943,
       -10.00543222]), 'neg_mean_squared_error': array([-164.36145894, -207.47636022, -107.58215764, -187.23024431,
       -148.26170838,  -46.61780108, -132.37154895, -102.94978196,
        -67.08594829,  -82.17313596, -101.19317474, -278.68802444,
       -395.61027361, -336.64662316, -103.91581186,  -93.65194605,
       -266.71693649,  -43.37916867,  -95.8705409 , -203.78608006,
       -148.50879555, -365.90926542, -108.56671779, -238.41079162,
       -113.81373996, -252.51908885, -180.90751796, -561.68424078,
       -213.68623203, -147.38042806, -209.69013316, -266.77321167,
       -315.80859843, -120.98182727, -167.95292074, -215.61664763,
       -167.57827807,  -75.08131087,  -70.54253502, -115.21526804,
        -81.03788173, -311.35793126, -392.54291797, -186.84049243,
       -843.03119777, -104.61086196, -167.46583222,  -45.52402749,
       -214.12769854, -503.90797543, -119.72072778, -423.17716392,
       -250.62044767]), 'max_error': array([-31.8448189 , -34.99470009, -15.85293803, -33.73364409,
       -20.15060639, -15.21086618, -30.5992678 , -35.65376023,
       -17.19900794, -16.81425326, -24.83130274, -31.83069727,
       -60.97430031, -40.77179465, -17.80921125, -16.4501374 ,
       -35.33421962, -10.06683839, -22.85542207, -45.88883157,
       -32.57544039, -47.54580046, -21.42660731, -47.37935635,
       -33.30617534, -46.34908067, -36.63937862, -62.73289492,
       -34.52665339, -28.17158904, -31.6223663 , -39.7570355 ,
       -47.69457047, -23.93331306, -24.87896706, -43.82946255,
       -37.063389  , -24.19759037, -17.03895462, -35.06635362,
       -21.35619225, -51.39914502, -50.7507703 , -43.79901743,
       -73.49183403, -25.06002893, -33.93412307, -15.3462992 ,
       -50.65370305, -47.19471639, -31.79216181, -46.88756773,
       -52.34827112]), 'explained_variance': array([-2.22044605e-16,  0.00000000e+00,  1.11022302e-16,  0.00000000e+00,
        0.00000000e+00,  0.00000000e+00,  0.00000000e+00,  0.00000000e+00,
        0.00000000e+00,  3.33066907e-16,  1.11022302e-16, -2.22044605e-16,
        0.00000000e+00,  0.00000000e+00,  2.22044605e-16,  0.00000000e+00,
        0.00000000e+00,  0.00000000e+00,  0.00000000e+00,  0.00000000e+00,
        0.00000000e+00, -2.22044605e-16, -2.22044605e-16, -2.22044605e-16,
        0.00000000e+00,  0.00000000e+00,  0.00000000e+00,  0.00000000e+00,
        0.00000000e+00, -2.22044605e-16, -2.22044605e-16,  0.00000000e+00,
        0.00000000e+00,  0.00000000e+00,  0.00000000e+00,  0.00000000e+00,
       -4.44089210e-16,  0.00000000e+00, -2.22044605e-16,  2.22044605e-16,
        0.00000000e+00,  0.00000000e+00,  0.00000000e+00,  0.00000000e+00,
       -2.22044605e-16, -2.22044605e-16,  0.00000000e+00,  0.00000000e+00,
        0.00000000e+00,  0.00000000e+00,  0.00000000e+00, -2.22044605e-16,
        0.00000000e+00])}
         accs  y_pred (s)  y_true (s)
54     [5, 4]   14.577257      19.499
4    [33, 28]   20.687033      26.335
3    [33, 28]   20.687033      27.642
11   [33, 28]   20.687033      18.893
27   [30, 23]   19.401206      65.978
29   [30, 23]   19.401206      45.143
64     [5, 4]   14.577257      30.560
77   [17, 15]   18.685038      12.834
124  [23, 22]   19.787605      45.263
71     [5, 4]   14.577257       9.629
25   [30, 23]   19.401206      19.467
91     [6, 5]   15.164487      14.879
83   [17, 15]   18.685038      24.338
89   [17, 15]   18.685038      11.455
69     [5, 4]   14.577257       9.069
{'mse': 286.7822344383062, 'mae': 11.649011958402786, 'r2-score': -0.17297729355836178, 'max-error': 64.19166336630049, 'explained variance score': 0.058691909782203844, 'layers': ['fc6', 'fc7']}
