environment: line 5: __conda_exe: command not found
Using device: cuda
Using model: alexnet
Number of videos: 64
Execution type : naive
Using 2 features
Job ID : 16
Plotting ?  yes
Calculate accumulators ?  no
The directory contains : 65 videos
Number of videos in the directory : 65
Number of videos in the dataframe : 64
['conv1', 'pool1', 'conv2', 'pool2', 'conv3', 'conv4', 'conv5', 'pool5', 'fc6', 'fc7', 'output']
{'conv1': {'T_max': 231.03611281514168, 'T_min': 137.700119048357, 'tau': 100, 'alpha': 50}, 'pool1': {'T_max': 172.87935100495815, 'T_min': 96.51064738631248, 'tau': 100, 'alpha': 50}, 'conv2': {'T_max': 260.3908884525299, 'T_min': 138.66424806416035, 'tau': 100, 'alpha': 50}, 'pool2': {'T_max': 218.24047729372978, 'T_min': 114.92713752388954, 'tau': 100, 'alpha': 50}, 'conv3': {'T_max': 202.5564161837101, 'T_min': 107.47291566431522, 'tau': 100, 'alpha': 50}, 'conv4': {'T_max': 134.8227232247591, 'T_min': 73.26437871158123, 'tau': 100, 'alpha': 50}, 'conv5': {'T_max': 76.11463874578476, 'T_min': 41.856537722051144, 'tau': 100, 'alpha': 50}, 'pool5': {'T_max': 61.31686478853226, 'T_min': 33.92191906273365, 'tau': 100, 'alpha': 50}, 'fc6': {'T_max': 34.43132712692022, 'T_min': 18.570100070908666, 'tau': 100, 'alpha': 50}, 'fc7': {'T_max': 20.01874697394669, 'T_min': 10.533724257722497, 'tau': 100, 'alpha': 50}, 'output': {'T_max': 19.02098509296775, 'T_min': 9.621050400659442, 'tau': 100, 'alpha': 50}}
Iterating over following combinations of layers :  [['conv1'], ['pool1'], ['conv2'], ['pool2'], ['conv3'], ['conv4'], ['conv5'], ['pool5'], ['fc6'], ['fc7'], ['output'], ['conv1', 'pool1'], ['conv1', 'conv2'], ['conv1', 'pool2'], ['conv1', 'conv3'], ['conv1', 'conv4'], ['conv1', 'conv5'], ['conv1', 'pool5'], ['conv1', 'fc6'], ['conv1', 'fc7'], ['conv1', 'output'], ['pool1', 'conv2'], ['pool1', 'pool2'], ['pool1', 'conv3'], ['pool1', 'conv4'], ['pool1', 'conv5'], ['pool1', 'pool5'], ['pool1', 'fc6'], ['pool1', 'fc7'], ['pool1', 'output'], ['conv2', 'pool2'], ['conv2', 'conv3'], ['conv2', 'conv4'], ['conv2', 'conv5'], ['conv2', 'pool5'], ['conv2', 'fc6'], ['conv2', 'fc7'], ['conv2', 'output'], ['pool2', 'conv3'], ['pool2', 'conv4'], ['pool2', 'conv5'], ['pool2', 'pool5'], ['pool2', 'fc6'], ['pool2', 'fc7'], ['pool2', 'output'], ['conv3', 'conv4'], ['conv3', 'conv5'], ['conv3', 'pool5'], ['conv3', 'fc6'], ['conv3', 'fc7'], ['conv3', 'output'], ['conv4', 'conv5'], ['conv4', 'pool5'], ['conv4', 'fc6'], ['conv4', 'fc7'], ['conv4', 'output'], ['conv5', 'pool5'], ['conv5', 'fc6'], ['conv5', 'fc7'], ['conv5', 'output'], ['pool5', 'fc6'], ['pool5', 'fc7'], ['pool5', 'output'], ['fc6', 'fc7'], ['fc6', 'output'], ['fc7', 'output']]
[['conv1', 'conv5']]
Generating the training set for videos : 
TRAINING SET : contains 962 samples, 37 patients based on 56 videos
TEST SET : contains 127 samples, 37 patients based on 8 videos
Dataset constituted.
--------------------NAIVE IMPLEMENTATION-------------------
Number of folds : 53
Grid search.
The best parameters are : {'C': 1}
Metrics obtained during CV : 
{'r2': array([-2.95976066e-01, -6.78064249e-02, -1.24130573e-01, -1.18046718e-01,
       -5.43702131e-02, -2.31439001e-02, -3.66265835e-02, -8.05355419e-02,
       -3.87887311e-02, -4.08260013e-02, -6.05398965e-02, -3.47203560e-01,
       -3.65402180e-01, -3.96626014e-01, -2.54291815e-01, -2.52928081e-02,
       -3.70439352e-02, -5.69238393e-01, -1.45783812e-02, -4.25300775e-02,
       -8.51823931e-03, -6.17130463e-01, -4.25895186e-04, -2.10681044e-01,
       -2.42290365e-03, -3.98383510e-02, -9.51629420e-02, -5.50335658e-01,
       -9.28026389e-02, -6.65236521e-03, -2.81089821e-01, -5.12915506e-01,
       -5.22792605e-01, -7.21694568e-03, -2.24426446e-01, -3.02248085e-01,
       -8.04498720e-02, -2.74063277e-02, -3.57913801e-01, -1.88547359e-01,
       -5.02927061e-04, -3.00031564e-01, -5.71811119e-01, -1.57947522e-01,
       -5.27522133e-01, -9.28683758e-04, -2.20501770e-01, -7.54328069e-02,
       -2.24954848e-01, -5.10580953e-01, -7.39529221e-03, -3.63625223e-01,
       -2.10315624e-02]), 'neg_mean_absolute_error': array([ -9.97130798, -11.30712764,  -9.52654431, -10.88269177,
       -10.41622307,  -5.64222386,  -8.089673  ,  -6.11053343,
        -7.01881066,  -7.76749293,  -7.67483635, -12.88621634,
       -14.79329639, -14.50662418,  -8.01160315,  -7.48136395,
       -13.28586203,  -5.82164989,  -8.98979592,  -9.52688889,
        -9.22898118, -13.75780563,  -8.68064814, -10.80909481,
        -7.33897403,  -9.68014432,  -8.87356264, -17.49226391,
       -10.54130182, -10.25894444, -12.29662783, -12.59222125,
       -12.86955582,  -8.50717493, -11.64982598, -11.25110294,
        -9.44361111,  -6.77846319,  -8.09207863,  -7.71610171,
        -6.9908697 , -12.6233985 , -14.00790954,  -9.02992578,
       -22.29429629,  -7.82126186,  -9.73977702,  -5.59177575,
        -9.07762722, -16.67303969,  -8.1722083 , -14.61907264,
       -10.48914417]), 'neg_mean_squared_error': array([-144.53677831, -203.80415545, -106.78850833, -196.80567418,
       -134.92851967,  -47.2176264 , -132.13440536, -100.35187536,
        -67.78194436,  -80.91112266,  -98.80232465, -277.8471679 ,
       -412.26503066, -356.04674899,  -91.42354248,  -83.79714937,
       -259.54142413,  -44.20289805,  -97.13137678, -192.56074258,
       -145.83157929, -350.69072268, -108.47009787, -236.75771566,
       -114.08703712, -251.44485712, -152.23081091, -604.15420166,
       -205.8705769 , -147.25177344, -251.28622014, -280.20343279,
       -330.81117459, -116.93154993, -173.89891156, -247.25545938,
       -177.45127005,  -76.29592721,  -86.73674796, -127.65555154,
        -80.59564337, -295.39649089, -384.99438424, -179.77022644,
       -899.04316023, -102.58293595, -160.31107088,  -46.88020413,
       -216.41509206, -469.65998406, -119.75417409, -413.33997903,
       -238.30331408]), 'max_error': array([-33.36814323, -34.51614174, -15.7392602 , -34.9448563 ,
       -22.01739454, -14.8616781 , -30.545071  , -35.21413519,
       -16.96271949, -17.13887809, -24.37229691, -31.78115863,
       -61.79951876, -41.78777187, -19.0741954 , -15.87491496,
       -34.32362138, -10.1710497 , -21.30683676, -44.323438  ,
       -31.70816939, -46.90575021, -20.83383335, -47.25185326,
       -33.78173374, -46.18060054, -33.80302127, -64.26284379,
       -33.67814179, -28.10840233, -35.36807524, -40.47224782,
       -48.4233756 , -25.22888513, -25.4327169 , -46.33060662,
       -38.87079574, -24.7183313 , -16.53228461, -36.77170769,
       -20.86266818, -50.48336216, -50.43603718, -43.13027734,
       -75.16022219, -23.91145166, -33.30604187, -14.92293742,
       -50.83780895, -45.90193494, -31.77415296, -46.42908113,
       -50.41342332]), 'explained_variance': array([-4.44089210e-16,  1.11022302e-16,  1.11022302e-16,  1.11022302e-16,
        0.00000000e+00,  0.00000000e+00,  0.00000000e+00,  0.00000000e+00,
        0.00000000e+00,  3.33066907e-16,  0.00000000e+00, -2.22044605e-16,
        0.00000000e+00,  1.11022302e-16,  2.22044605e-16,  0.00000000e+00,
        0.00000000e+00,  0.00000000e+00,  0.00000000e+00, -2.22044605e-16,
        2.22044605e-16, -2.22044605e-16, -2.22044605e-16, -2.22044605e-16,
        0.00000000e+00, -2.22044605e-16,  0.00000000e+00,  0.00000000e+00,
        0.00000000e+00, -2.22044605e-16,  1.11022302e-16,  0.00000000e+00,
        1.11022302e-16,  2.22044605e-16,  0.00000000e+00,  3.33066907e-16,
       -2.22044605e-16,  0.00000000e+00, -2.22044605e-16,  2.22044605e-16,
        0.00000000e+00,  1.11022302e-16, -2.22044605e-16,  0.00000000e+00,
       -2.22044605e-16, -2.22044605e-16,  0.00000000e+00,  0.00000000e+00,
        0.00000000e+00,  0.00000000e+00,  0.00000000e+00, -2.22044605e-16,
       -2.22044605e-16])}
         accs  y_pred (s)  y_true (s)
54     [1, 7]   17.366673      19.499
4    [30, 35]   21.435761      26.335
3    [30, 35]   21.435761      27.642
11   [30, 35]   21.435761      18.893
27   [27, 30]   20.344751      65.978
29   [27, 30]   20.344751      45.143
64     [1, 7]   17.366673      30.560
77   [15, 16]   19.471772      12.834
124  [22, 25]   19.006709      45.263
71     [1, 7]   17.366673       9.629
25   [27, 30]   20.344751      19.467
91     [9, 5]   14.203842      14.879
83   [15, 16]   19.471772      24.338
89   [15, 16]   19.471772      11.455
69     [1, 7]   17.366673       9.069
{'mse': 285.5711858728414, 'mae': 11.695088317617005, 'r2-score': -0.16802394464723114, 'max-error': 64.41304110033509, 'explained variance score': 0.03481384492775497, 'layers': ['conv1', 'conv5']}
