environment: line 5: __conda_exe: command not found
Using device: cuda
Using model: alexnet
Number of videos: 64
Execution type : naive
Using 2 features
Job ID : 4
Plotting ?  yes
Calculate accumulators ?  no
The directory contains : 65 videos
Number of videos in the directory : 65
Number of videos in the dataframe : 64
['conv1', 'pool1', 'conv2', 'pool2', 'conv3', 'conv4', 'conv5', 'pool5', 'fc6', 'fc7', 'output']
{'conv1': {'T_max': 231.03611281514168, 'T_min': 137.700119048357, 'tau': 100, 'alpha': 50}, 'pool1': {'T_max': 172.87935100495815, 'T_min': 96.51064738631248, 'tau': 100, 'alpha': 50}, 'conv2': {'T_max': 260.3908884525299, 'T_min': 138.66424806416035, 'tau': 100, 'alpha': 50}, 'pool2': {'T_max': 218.24047729372978, 'T_min': 114.92713752388954, 'tau': 100, 'alpha': 50}, 'conv3': {'T_max': 202.5564161837101, 'T_min': 107.47291566431522, 'tau': 100, 'alpha': 50}, 'conv4': {'T_max': 134.8227232247591, 'T_min': 73.26437871158123, 'tau': 100, 'alpha': 50}, 'conv5': {'T_max': 76.11463874578476, 'T_min': 41.856537722051144, 'tau': 100, 'alpha': 50}, 'pool5': {'T_max': 61.31686478853226, 'T_min': 33.92191906273365, 'tau': 100, 'alpha': 50}, 'fc6': {'T_max': 34.43132712692022, 'T_min': 18.570100070908666, 'tau': 100, 'alpha': 50}, 'fc7': {'T_max': 20.01874697394669, 'T_min': 10.533724257722497, 'tau': 100, 'alpha': 50}, 'output': {'T_max': 19.02098509296775, 'T_min': 9.621050400659442, 'tau': 100, 'alpha': 50}}
Iterating over following combinations of layers :  [['conv1'], ['pool1'], ['conv2'], ['pool2'], ['conv3'], ['conv4'], ['conv5'], ['pool5'], ['fc6'], ['fc7'], ['output'], ['conv1', 'pool1'], ['conv1', 'conv2'], ['conv1', 'pool2'], ['conv1', 'conv3'], ['conv1', 'conv4'], ['conv1', 'conv5'], ['conv1', 'pool5'], ['conv1', 'fc6'], ['conv1', 'fc7'], ['conv1', 'output'], ['pool1', 'conv2'], ['pool1', 'pool2'], ['pool1', 'conv3'], ['pool1', 'conv4'], ['pool1', 'conv5'], ['pool1', 'pool5'], ['pool1', 'fc6'], ['pool1', 'fc7'], ['pool1', 'output'], ['conv2', 'pool2'], ['conv2', 'conv3'], ['conv2', 'conv4'], ['conv2', 'conv5'], ['conv2', 'pool5'], ['conv2', 'fc6'], ['conv2', 'fc7'], ['conv2', 'output'], ['pool2', 'conv3'], ['pool2', 'conv4'], ['pool2', 'conv5'], ['pool2', 'pool5'], ['pool2', 'fc6'], ['pool2', 'fc7'], ['pool2', 'output'], ['conv3', 'conv4'], ['conv3', 'conv5'], ['conv3', 'pool5'], ['conv3', 'fc6'], ['conv3', 'fc7'], ['conv3', 'output'], ['conv4', 'conv5'], ['conv4', 'pool5'], ['conv4', 'fc6'], ['conv4', 'fc7'], ['conv4', 'output'], ['conv5', 'pool5'], ['conv5', 'fc6'], ['conv5', 'fc7'], ['conv5', 'output'], ['pool5', 'fc6'], ['pool5', 'fc7'], ['pool5', 'output'], ['fc6', 'fc7'], ['fc6', 'output'], ['fc7', 'output']]
[['conv3']]
Generating the training set for videos : 
TRAINING SET : contains 962 samples, 37 patients based on 56 videos
TEST SET : contains 127 samples, 37 patients based on 8 videos
Dataset constituted.
--------------------NAIVE IMPLEMENTATION-------------------
Number of folds : 53
Grid search.
The best parameters are : {'C': 100.0}
Metrics obtained during CV : 
{'r2': array([-1.59200749e-01, -1.09131571e-01, -8.79940329e-02, -7.68179140e-02,
       -2.37315844e-02, -2.51050693e-03, -1.65494632e-02, -1.55433818e-01,
       -7.67760497e-02, -1.19331140e-03, -5.50015510e-02, -6.25620888e-01,
       -3.86879660e-01, -1.61595645e-01, -3.51286047e-01, -7.68790612e-05,
       -2.97131180e-02, -1.10246758e+00, -3.12930392e-03, -1.61360081e-01,
       -2.62462061e-02, -7.96569489e-01, -3.51905939e-05, -2.56220912e-01,
       -3.87958820e-02, -6.73546263e-02, -1.07349962e-04, -1.46475581e-01,
       -9.44675089e-02, -2.43005031e-02, -3.84780052e-02, -4.90461879e-01,
       -5.32191537e-01, -3.90256382e-02, -4.44991758e-01, -3.37259971e-01,
       -6.56514953e-02, -7.33416704e-03, -1.15150761e-01, -2.03204628e-02,
       -1.62074829e-02, -4.38469799e-01, -6.76164264e-01, -1.69665153e-01,
       -1.62214976e-01, -4.68334245e-03, -3.22731681e-01, -1.97384140e-02,
       -2.39083078e-01, -5.42654964e-01, -4.39952571e-04, -4.86383404e-02,
       -3.51159435e-02]), 'neg_mean_absolute_error': array([ -8.7620817 , -11.45972272,  -9.26946228, -10.92907131,
       -10.08645704,  -5.38687142,  -8.20150893,  -6.16656166,
        -7.1891596 ,  -7.53429552,  -7.65727295, -14.07479604,
       -14.90540131, -13.54949612,  -8.52810472,  -7.67311844,
       -13.91125558,  -6.69696695,  -8.7977148 ,  -9.73499447,
        -9.17311111, -14.51579562,  -8.61916845, -10.88240712,
        -8.18057839,  -9.56577066,  -8.79264939, -15.14249922,
       -10.53300429, -10.25894444, -11.59161111, -12.49634448,
       -12.91194276,  -9.18116982, -12.27738914, -11.44076653,
        -9.44361111,  -6.85497557,  -6.75808126,  -7.23816046,
        -6.71538541, -13.22754682, -14.5827173 ,  -9.09005798,
       -19.90785438,  -7.8438677 , -10.1703509 ,  -5.43546518,
        -9.15790201, -16.84510806,  -8.10970152, -14.19354722,
       -10.32732034]), 'neg_mean_squared_error': array([-129.28258944, -211.69157435, -103.35566226, -189.54831867,
       -131.00767217,  -46.26540468, -129.57525977, -107.30785425,
        -70.26065272,  -77.83017981,  -98.2863597 , -335.26793819,
       -418.74987021, -296.12963593,  -98.49331379,  -81.73625228,
       -257.70673741,  -59.22309875,  -96.03529129, -214.50926404,
       -148.39504051, -389.60384893, -108.42773615, -245.66337697,
       -118.22669247, -258.09860854, -139.01780918, -446.77295252,
       -206.18421792, -149.83331966, -203.69782693, -276.0448507 ,
       -332.85299663, -120.624339  , -205.22465424, -253.90310206,
       -175.02080955,  -74.80535424,  -71.2302581 , -109.58719521,
        -81.86072591, -326.85278022, -410.55430974, -181.58937722,
       -684.03684791, -102.9677425 , -173.73881581,  -44.45237741,
       -218.9111532 , -479.63222645, -118.92735769, -317.8616399 ,
       -241.59053342]), 'max_error': array([-34.89982985, -35.48257724, -15.19653148, -34.06364506,
       -22.91247375, -15.55477759, -29.83677679, -36.27867153,
       -16.31539351, -18.61579504, -24.26106201, -34.67810225,
       -62.10380356, -38.15068527, -18.31930848, -17.23341679,
       -28.55182878, -11.73941323, -23.03556683, -46.9799751 ,
       -32.54645994, -48.48043211, -21.11049197, -47.91166408,
       -31.15532362, -47.11256403, -30.28815545, -57.17349299,
       -33.71548069, -29.00732117, -30.68998892, -40.25652508,
       -48.5187462 , -24.01569432, -27.73683409, -46.75734969,
       -38.51950372, -24.02971984, -16.90905373, -33.74894413,
       -21.80401564, -52.20810535, -51.47069114, -43.31067395,
       -67.31084471, -24.29575086, -34.43513789, -15.80869733,
       -51.03276203, -46.29164856, -32.48307411, -39.77012224,
       -51.06071864]), 'explained_variance': array([ 0.00000000e+00,  0.00000000e+00,  1.11022302e-16,  3.33066907e-16,
        0.00000000e+00,  0.00000000e+00,  0.00000000e+00,  0.00000000e+00,
        0.00000000e+00,  3.33066907e-16,  0.00000000e+00,  0.00000000e+00,
        0.00000000e+00,  0.00000000e+00,  2.22044605e-16,  0.00000000e+00,
        0.00000000e+00,  0.00000000e+00,  0.00000000e+00,  0.00000000e+00,
        0.00000000e+00, -2.22044605e-16, -2.22044605e-16, -2.22044605e-16,
        0.00000000e+00,  0.00000000e+00,  0.00000000e+00,  1.11022302e-16,
        0.00000000e+00, -2.22044605e-16, -2.22044605e-16, -2.22044605e-16,
        0.00000000e+00,  0.00000000e+00,  0.00000000e+00,  1.11022302e-16,
        0.00000000e+00,  0.00000000e+00, -2.22044605e-16,  0.00000000e+00,
        0.00000000e+00,  0.00000000e+00,  0.00000000e+00,  0.00000000e+00,
       -4.44089210e-16, -2.22044605e-16, -2.22044605e-16,  0.00000000e+00,
        1.11022302e-16,  0.00000000e+00,  0.00000000e+00, -2.22044605e-16,
       -2.22044605e-16])}
     accs  y_pred (s)  y_true (s)
54    [5]   15.940204      19.499
4    [30]   28.366365      26.335
3    [30]   28.366365      27.642
11   [30]   28.366365      18.893
27   [28]   26.646317      65.978
29   [28]   26.646317      45.143
64    [5]   15.940204      30.560
77   [14]   17.924406      12.834
124  [22]   17.620260      45.263
71    [5]   15.940204       9.629
25   [28]   26.646317      19.467
91    [7]   16.499652      14.879
83   [14]   17.924406      24.338
89   [14]   17.924406      11.455
69    [5]   15.940204       9.069
{'mse': 251.67024113957785, 'mae': 11.115031680502566, 'r2-score': -0.029364594007261546, 'max-error': 64.42838573936123, 'explained variance score': 0.09096413673984949, 'layers': ['conv3']}
