environment: line 5: __conda_exe: command not found
Using device: cuda
Using model: alexnet
Number of videos: 64
Execution type : naive
Using 2 features
Job ID : 7
Plotting ?  yes
Calculate accumulators ?  no
The directory contains : 65 videos
Number of videos in the directory : 65
Number of videos in the dataframe : 64
['conv1', 'pool1', 'conv2', 'pool2', 'conv3', 'conv4', 'conv5', 'pool5', 'fc6', 'fc7', 'output']
{'conv1': {'T_max': 231.03611281514168, 'T_min': 137.700119048357, 'tau': 100, 'alpha': 50}, 'pool1': {'T_max': 172.87935100495815, 'T_min': 96.51064738631248, 'tau': 100, 'alpha': 50}, 'conv2': {'T_max': 260.3908884525299, 'T_min': 138.66424806416035, 'tau': 100, 'alpha': 50}, 'pool2': {'T_max': 218.24047729372978, 'T_min': 114.92713752388954, 'tau': 100, 'alpha': 50}, 'conv3': {'T_max': 202.5564161837101, 'T_min': 107.47291566431522, 'tau': 100, 'alpha': 50}, 'conv4': {'T_max': 134.8227232247591, 'T_min': 73.26437871158123, 'tau': 100, 'alpha': 50}, 'conv5': {'T_max': 76.11463874578476, 'T_min': 41.856537722051144, 'tau': 100, 'alpha': 50}, 'pool5': {'T_max': 61.31686478853226, 'T_min': 33.92191906273365, 'tau': 100, 'alpha': 50}, 'fc6': {'T_max': 34.43132712692022, 'T_min': 18.570100070908666, 'tau': 100, 'alpha': 50}, 'fc7': {'T_max': 20.01874697394669, 'T_min': 10.533724257722497, 'tau': 100, 'alpha': 50}, 'output': {'T_max': 19.02098509296775, 'T_min': 9.621050400659442, 'tau': 100, 'alpha': 50}}
Iterating over following combinations of layers :  [['conv1'], ['pool1'], ['conv2'], ['pool2'], ['conv3'], ['conv4'], ['conv5'], ['pool5'], ['fc6'], ['fc7'], ['output'], ['conv1', 'pool1'], ['conv1', 'conv2'], ['conv1', 'pool2'], ['conv1', 'conv3'], ['conv1', 'conv4'], ['conv1', 'conv5'], ['conv1', 'pool5'], ['conv1', 'fc6'], ['conv1', 'fc7'], ['conv1', 'output'], ['pool1', 'conv2'], ['pool1', 'pool2'], ['pool1', 'conv3'], ['pool1', 'conv4'], ['pool1', 'conv5'], ['pool1', 'pool5'], ['pool1', 'fc6'], ['pool1', 'fc7'], ['pool1', 'output'], ['conv2', 'pool2'], ['conv2', 'conv3'], ['conv2', 'conv4'], ['conv2', 'conv5'], ['conv2', 'pool5'], ['conv2', 'fc6'], ['conv2', 'fc7'], ['conv2', 'output'], ['pool2', 'conv3'], ['pool2', 'conv4'], ['pool2', 'conv5'], ['pool2', 'pool5'], ['pool2', 'fc6'], ['pool2', 'fc7'], ['pool2', 'output'], ['conv3', 'conv4'], ['conv3', 'conv5'], ['conv3', 'pool5'], ['conv3', 'fc6'], ['conv3', 'fc7'], ['conv3', 'output'], ['conv4', 'conv5'], ['conv4', 'pool5'], ['conv4', 'fc6'], ['conv4', 'fc7'], ['conv4', 'output'], ['conv5', 'pool5'], ['conv5', 'fc6'], ['conv5', 'fc7'], ['conv5', 'output'], ['pool5', 'fc6'], ['pool5', 'fc7'], ['pool5', 'output'], ['fc6', 'fc7'], ['fc6', 'output'], ['fc7', 'output']]
[['pool5']]
Generating the training set for videos : 
TRAINING SET : contains 962 samples, 37 patients based on 56 videos
TEST SET : contains 127 samples, 37 patients based on 8 videos
Dataset constituted.
--------------------NAIVE IMPLEMENTATION-------------------
Number of folds : 53
Grid search.
The best parameters are : {'C': 10.0}
Metrics obtained during CV : 
{'r2': array([-2.66943904e-01, -5.96619429e-03, -2.32265456e-01, -8.48646389e-02,
       -6.71996720e-03, -2.17881790e-04, -6.94055310e-02, -1.63574802e-01,
       -4.04733473e-02, -4.14919500e-02, -5.06183744e-02, -3.10168421e-01,
       -2.65398539e-01, -1.98723553e-01, -3.68669432e-01, -4.78111007e-03,
       -4.81064261e-03, -4.71086432e-01, -1.43491049e-02, -5.66910227e-02,
       -4.25805557e-04, -4.81986752e-01, -1.79087273e-02, -3.02752951e-01,
       -7.01979717e-03, -3.74198548e-02, -2.45745348e-01, -4.82355853e-01,
       -3.14900093e-02, -6.20643210e-04, -4.02469859e-01, -4.68855134e-01,
       -3.51567385e-01, -3.32256026e-02, -1.43840421e-01, -1.81446188e-01,
       -2.61051711e-02, -8.27464773e-03, -1.27987349e-01, -1.17481302e-01,
       -2.21114595e-02, -3.38881980e-01, -5.86247796e-01, -1.77877054e-01,
       -4.94196486e-01, -1.53953977e-03, -3.22719249e-01, -1.82260652e-02,
       -2.69758876e-01, -4.10517342e-01, -2.43840892e-02, -1.16128994e-01,
       -7.73183312e-02]), 'neg_mean_absolute_error': array([ -9.74310886, -11.16640101, -10.12496511, -10.91918709,
        -9.33660587,  -5.30808354,  -7.98514371,  -6.17793165,
        -7.02780538,  -7.76977782,  -7.6427357 , -12.71525547,
       -14.22150901, -13.7335099 ,  -8.61273342,  -7.58693309,
       -13.60359932,  -5.68844821,  -8.98875961,  -9.52688889,
        -9.46495612, -13.40708892,  -8.96085747, -11.00213969,
        -7.29800654,  -9.70140795,  -9.60942119, -17.0770291 ,
       -10.9707134 , -10.25894444, -12.87285549, -12.40198887,
       -12.01722689,  -9.08976365, -11.39962994, -10.68657242,
        -9.44361111,  -6.84987658,  -6.83984345,  -7.50545543,
        -6.67272183, -12.79616721, -14.09038977,  -9.13096977,
       -22.10574436,  -7.84578113, -10.17029926,  -5.42906916,
        -9.32440416, -16.29013334,  -8.33846484, -14.0574375 ,
        -9.98102591]), 'neg_mean_squared_error': array([-141.29889811, -192.00117723, -117.06094744, -190.96475422,
       -128.8306832 ,  -46.15960107, -136.31259914, -108.06392662,
        -67.89186715,  -80.9628918 ,  -97.87801294, -270.20904352,
       -382.070261  , -305.5947831 ,  -99.76036392,  -82.12072893,
       -251.47438436,  -41.43811666,  -97.10942685, -195.176343  ,
       -144.66141464, -321.38347333, -110.36565507, -254.76306441,
       -114.61021547, -250.86003696, -173.16220011, -577.6629806 ,
       -194.32003156, -146.36946114, -275.09495733, -272.04311749,
       -293.61424034, -119.95099136, -162.45369815, -224.31902445,
       -168.52578777,  -74.875195  ,  -72.05019515, -120.02272423,
        -82.33632151, -304.22418172, -388.53045774, -182.86426679,
       -879.42891451, -102.64554121, -173.73718285,  -44.38645119,
       -224.33070457, -438.54885834, -121.77371833, -338.31930298,
       -251.44034534]), 'max_error': array([-33.65719544, -31.98579362, -17.00259301, -34.25144524,
       -25.58249768, -15.79488255, -31.35873044, -36.37690043,
       -16.92853956, -17.12440714, -24.16899275, -31.31712199,
       -60.24752447, -38.8499376 , -18.19562038, -16.68757624,
       -30.18153765,  -9.80950228, -21.31616349, -44.75657883,
       -30.35019745, -45.56090016, -19.65526091, -48.52762861,
       -34.15044114, -46.08491424, -36.0105969 , -63.32856548,
       -31.93252648, -26.82063586, -36.82779986, -40.04422497,
       -46.50563551, -24.18022543, -24.30683472, -44.62465178,
       -37.30645387, -24.07561076, -16.7618818 , -35.82379943,
       -21.99600175, -51.0016683 , -50.58450159, -43.4334093 ,
       -74.59456642, -23.20572086, -34.43501248, -15.84494145,
       -51.43712439, -44.60005335, -31.00921954, -41.86346725,
       -52.44589638]), 'explained_variance': array([-2.22044605e-16,  0.00000000e+00,  1.11022302e-16,  0.00000000e+00,
        0.00000000e+00,  0.00000000e+00,  0.00000000e+00, -2.22044605e-16,
        0.00000000e+00,  3.33066907e-16,  0.00000000e+00,  0.00000000e+00,
        0.00000000e+00,  0.00000000e+00,  2.22044605e-16,  0.00000000e+00,
        0.00000000e+00,  0.00000000e+00,  0.00000000e+00,  0.00000000e+00,
        2.22044605e-16,  1.11022302e-16, -2.22044605e-16, -2.22044605e-16,
        0.00000000e+00,  0.00000000e+00, -2.22044605e-16,  1.11022302e-16,
        0.00000000e+00, -2.22044605e-16,  1.11022302e-16,  0.00000000e+00,
        0.00000000e+00,  0.00000000e+00,  0.00000000e+00,  3.33066907e-16,
        0.00000000e+00,  0.00000000e+00,  0.00000000e+00,  0.00000000e+00,
        0.00000000e+00,  0.00000000e+00,  0.00000000e+00,  0.00000000e+00,
        0.00000000e+00, -2.22044605e-16,  0.00000000e+00,  0.00000000e+00,
        0.00000000e+00,  0.00000000e+00,  0.00000000e+00, -2.22044605e-16,
       -2.22044605e-16])}
     accs  y_pred (s)  y_true (s)
54    [7]   15.866458      19.499
4    [32]   22.542196      26.335
3    [32]   22.542196      27.642
11   [32]   22.542196      18.893
27   [28]   17.915887      65.978
29   [28]   17.915887      45.143
64    [7]   15.866458      30.560
77   [14]   19.351699      12.834
124  [23]   18.518004      45.263
71    [7]   15.866458       9.629
25   [28]   17.915887      19.467
91    [6]   15.213209      14.879
83   [14]   19.351699      24.338
89   [14]   19.351699      11.455
69    [7]   15.866458       9.069
{'mse': 288.8324063877287, 'mae': 11.696951930778726, 'r2-score': -0.18136276816515884, 'max-error': 63.88774275369596, 'explained variance score': 0.038707215473999135, 'layers': ['pool5']}
