environment: line 5: __conda_exe: command not found
Using device: cuda
Using model: alexnet
Number of videos: 64
Execution type : naive
Using 2 features
Job ID : 6
Plotting ?  yes
Calculate accumulators ?  no
The directory contains : 65 videos
Number of videos in the directory : 65
Number of videos in the dataframe : 64
['conv1', 'pool1', 'conv2', 'pool2', 'conv3', 'conv4', 'conv5', 'pool5', 'fc6', 'fc7', 'output']
{'conv1': {'T_max': 231.03611281514168, 'T_min': 137.700119048357, 'tau': 100, 'alpha': 50}, 'pool1': {'T_max': 172.87935100495815, 'T_min': 96.51064738631248, 'tau': 100, 'alpha': 50}, 'conv2': {'T_max': 260.3908884525299, 'T_min': 138.66424806416035, 'tau': 100, 'alpha': 50}, 'pool2': {'T_max': 218.24047729372978, 'T_min': 114.92713752388954, 'tau': 100, 'alpha': 50}, 'conv3': {'T_max': 202.5564161837101, 'T_min': 107.47291566431522, 'tau': 100, 'alpha': 50}, 'conv4': {'T_max': 134.8227232247591, 'T_min': 73.26437871158123, 'tau': 100, 'alpha': 50}, 'conv5': {'T_max': 76.11463874578476, 'T_min': 41.856537722051144, 'tau': 100, 'alpha': 50}, 'pool5': {'T_max': 61.31686478853226, 'T_min': 33.92191906273365, 'tau': 100, 'alpha': 50}, 'fc6': {'T_max': 34.43132712692022, 'T_min': 18.570100070908666, 'tau': 100, 'alpha': 50}, 'fc7': {'T_max': 20.01874697394669, 'T_min': 10.533724257722497, 'tau': 100, 'alpha': 50}, 'output': {'T_max': 19.02098509296775, 'T_min': 9.621050400659442, 'tau': 100, 'alpha': 50}}
Iterating over following combinations of layers :  [['conv1'], ['pool1'], ['conv2'], ['pool2'], ['conv3'], ['conv4'], ['conv5'], ['pool5'], ['fc6'], ['fc7'], ['output'], ['conv1', 'pool1'], ['conv1', 'conv2'], ['conv1', 'pool2'], ['conv1', 'conv3'], ['conv1', 'conv4'], ['conv1', 'conv5'], ['conv1', 'pool5'], ['conv1', 'fc6'], ['conv1', 'fc7'], ['conv1', 'output'], ['pool1', 'conv2'], ['pool1', 'pool2'], ['pool1', 'conv3'], ['pool1', 'conv4'], ['pool1', 'conv5'], ['pool1', 'pool5'], ['pool1', 'fc6'], ['pool1', 'fc7'], ['pool1', 'output'], ['conv2', 'pool2'], ['conv2', 'conv3'], ['conv2', 'conv4'], ['conv2', 'conv5'], ['conv2', 'pool5'], ['conv2', 'fc6'], ['conv2', 'fc7'], ['conv2', 'output'], ['pool2', 'conv3'], ['pool2', 'conv4'], ['pool2', 'conv5'], ['pool2', 'pool5'], ['pool2', 'fc6'], ['pool2', 'fc7'], ['pool2', 'output'], ['conv3', 'conv4'], ['conv3', 'conv5'], ['conv3', 'pool5'], ['conv3', 'fc6'], ['conv3', 'fc7'], ['conv3', 'output'], ['conv4', 'conv5'], ['conv4', 'pool5'], ['conv4', 'fc6'], ['conv4', 'fc7'], ['conv4', 'output'], ['conv5', 'pool5'], ['conv5', 'fc6'], ['conv5', 'fc7'], ['conv5', 'output'], ['pool5', 'fc6'], ['pool5', 'fc7'], ['pool5', 'output'], ['fc6', 'fc7'], ['fc6', 'output'], ['fc7', 'output']]
[['conv5']]
Generating the training set for videos : 
TRAINING SET : contains 962 samples, 37 patients based on 56 videos
TEST SET : contains 127 samples, 37 patients based on 8 videos
Dataset constituted.
--------------------NAIVE IMPLEMENTATION-------------------
Number of folds : 53
Grid search.
The best parameters are : {'C': 10.0}
Metrics obtained during CV : 
{'r2': array([-2.56055147e-01, -1.45730785e-02, -1.74049503e-01, -9.84936321e-02,
       -8.36838495e-03, -5.07805771e-03, -5.27075969e-02, -1.25264384e-01,
       -3.47898934e-02, -5.02503479e-02, -4.84510599e-02, -3.16976260e-01,
       -2.70592130e-01, -4.57607811e-01, -3.13857215e-01, -5.19664447e-03,
       -2.21103519e-02, -5.68203298e-01, -1.87716784e-02, -3.50279482e-02,
       -8.08464379e-05, -6.69794948e-01, -1.01814141e-02, -1.64941427e-01,
       -2.56766547e-03, -2.69947885e-02, -1.37436333e-03, -5.00405311e-01,
       -6.75934236e-02, -6.03045328e-03, -3.43870027e-01, -4.27531918e-01,
       -6.15237864e-01, -1.63905237e-02, -1.58057760e-01, -2.28999768e-01,
       -6.60677733e-02, -1.24595361e-02, -2.15990747e-01, -1.30924370e-01,
       -1.10289466e-02, -3.85404028e-01, -6.03215750e-01, -1.95810735e-01,
       -5.52305103e-01, -6.18971961e-04, -3.03219088e-01, -3.44639507e-02,
       -2.65889030e-01, -4.27570749e-01, -3.57381947e-02, -1.92166546e-01,
       -4.58530085e-02]), 'neg_mean_absolute_error': array([ -9.65433916, -11.11434457,  -9.82604061, -10.90346051,
        -9.30831451,  -5.43981973,  -8.02157492,  -6.1461089 ,
        -6.99664334,  -7.81217787,  -7.6353149 , -12.74741781,
       -14.25362207, -14.7027812 ,  -8.33846677,  -7.5827333 ,
       -13.81267475,  -5.82030797,  -9.00748275,  -9.52688889,
        -9.38578769, -13.96900517,  -8.86637743, -10.72694512,
        -7.33725628,  -9.8021089 ,  -8.75765758, -17.1899884 ,
       -10.67748229, -10.25894444, -12.57406931, -12.21526766,
       -13.2712902 ,  -8.76500624, -11.44809884, -10.91275075,
        -9.44361111,  -6.83009739,  -7.38071604,  -7.54939552,
        -6.75984247, -12.99048724, -14.18604407,  -9.21715211,
       -22.43068081,  -7.8179299 , -10.08804246,  -5.48807235,
        -9.3039409 , -16.35844812,  -8.47328036, -14.26075696,
       -10.2251893 ]), 'neg_mean_squared_error': array([-140.08450386, -193.64390828, -111.53063363, -193.36381604,
       -129.04163241,  -46.38389598, -134.18418411, -104.50594802,
        -67.52101643,  -81.64374701,  -97.67610095, -271.61309183,
       -383.63839696, -371.59305141,  -95.7651796 ,  -82.15469054,
       -255.80398993,  -44.1737411 ,  -97.53282504, -191.17506016,
       -144.6115336 , -362.11153677, -109.52782948, -227.81299218,
       -114.10351265, -248.33913617, -139.19392769, -584.6967192 ,
       -201.12147077, -147.16080099, -263.60057966, -264.38974426,
       -350.89396482, -117.99654462, -164.47291276, -233.34793557,
       -175.08917835,  -75.1859678 ,  -77.67141245, -121.46657269,
        -81.44356825, -314.79504019, -392.68653415, -185.64845332,
       -913.62950206, -102.55119428, -171.17586604,  -45.09429215,
       -223.64701145, -443.85099235, -123.12343827, -361.36768879,
       -244.09650705]), 'max_error': array([-33.76963706, -32.58645324, -16.37153019, -34.55025028,
       -25.69000488, -15.41106074, -30.97635885, -35.89006918,
       -17.04695532, -16.9439241 , -24.12199434, -31.40441977,
       -60.33468848, -42.53316858, -18.59647164, -16.66097754,
       -28.92643594, -10.16740735, -21.14765523, -44.06425561,
       -30.7064554 , -47.38926163, -19.99805156, -46.51250609,
       -33.79719348, -45.63175993, -30.60308177, -63.58272391,
       -33.06532968, -28.06116045, -36.15553094, -39.62410224,
       -49.32727795, -24.76478876, -24.52494476, -45.34908558,
       -38.52989769, -24.25362349, -15.90675927, -36.02152982,
       -21.6039589 , -51.58462838, -50.75667933, -43.69195634,
       -75.56937575, -23.8548083 , -34.23524597, -15.51059002,
       -51.38742791, -44.83232359, -30.65060484, -43.56255567,
       -51.46924281]), 'explained_variance': array([ 0.00000000e+00,  1.11022302e-16,  1.11022302e-16,  3.33066907e-16,
        0.00000000e+00,  0.00000000e+00,  0.00000000e+00, -2.22044605e-16,
        0.00000000e+00,  3.33066907e-16,  0.00000000e+00, -2.22044605e-16,
        0.00000000e+00,  0.00000000e+00,  2.22044605e-16,  0.00000000e+00,
        0.00000000e+00,  0.00000000e+00,  0.00000000e+00, -2.22044605e-16,
        2.22044605e-16, -2.22044605e-16, -2.22044605e-16, -2.22044605e-16,
       -2.22044605e-16,  0.00000000e+00,  0.00000000e+00,  0.00000000e+00,
        0.00000000e+00, -2.22044605e-16,  0.00000000e+00,  0.00000000e+00,
        1.11022302e-16,  0.00000000e+00,  0.00000000e+00,  3.33066907e-16,
        0.00000000e+00,  0.00000000e+00, -2.22044605e-16,  1.11022302e-16,
        0.00000000e+00,  0.00000000e+00,  0.00000000e+00,  0.00000000e+00,
       -2.22044605e-16, -2.22044605e-16,  0.00000000e+00,  0.00000000e+00,
        0.00000000e+00,  0.00000000e+00,  0.00000000e+00, -2.22044605e-16,
       -2.22044605e-16])}
     accs  y_pred (s)  y_true (s)
54    [7]   15.727974      19.499
4    [35]   24.994851      26.335
3    [35]   24.994851      27.642
11   [35]   24.994851      18.893
27   [30]   20.444719      65.978
29   [30]   20.444719      45.143
64    [7]   15.727974      30.560
77   [16]   20.338097      12.834
124  [25]   17.650475      45.263
71    [7]   15.727974       9.629
25   [30]   20.444719      19.467
91    [5]   14.685415      14.879
83   [16]   20.338097      24.338
89   [16]   20.338097      11.455
69    [7]   15.727974       9.069
{'mse': 278.98163244840805, 'mae': 11.570375999514908, 'r2-score': -0.14107179903511224, 'max-error': 64.61955715577719, 'explained variance score': 0.046780037985512335, 'layers': ['conv5']}
