environment: line 5: __conda_exe: command not found
Using device: cuda
Using model: alexnet
Number of videos: 64
Execution type : naive
Using 2 features
Job ID : 50
Plotting ?  yes
Calculate accumulators ?  no
The directory contains : 65 videos
Number of videos in the directory : 65
Number of videos in the dataframe : 64
['conv1', 'pool1', 'conv2', 'pool2', 'conv3', 'conv4', 'conv5', 'pool5', 'fc6', 'fc7', 'output']
{'conv1': {'T_max': 231.03611281514168, 'T_min': 137.700119048357, 'tau': 100, 'alpha': 50}, 'pool1': {'T_max': 172.87935100495815, 'T_min': 96.51064738631248, 'tau': 100, 'alpha': 50}, 'conv2': {'T_max': 260.3908884525299, 'T_min': 138.66424806416035, 'tau': 100, 'alpha': 50}, 'pool2': {'T_max': 218.24047729372978, 'T_min': 114.92713752388954, 'tau': 100, 'alpha': 50}, 'conv3': {'T_max': 202.5564161837101, 'T_min': 107.47291566431522, 'tau': 100, 'alpha': 50}, 'conv4': {'T_max': 134.8227232247591, 'T_min': 73.26437871158123, 'tau': 100, 'alpha': 50}, 'conv5': {'T_max': 76.11463874578476, 'T_min': 41.856537722051144, 'tau': 100, 'alpha': 50}, 'pool5': {'T_max': 61.31686478853226, 'T_min': 33.92191906273365, 'tau': 100, 'alpha': 50}, 'fc6': {'T_max': 34.43132712692022, 'T_min': 18.570100070908666, 'tau': 100, 'alpha': 50}, 'fc7': {'T_max': 20.01874697394669, 'T_min': 10.533724257722497, 'tau': 100, 'alpha': 50}, 'output': {'T_max': 19.02098509296775, 'T_min': 9.621050400659442, 'tau': 100, 'alpha': 50}}
Iterating over following combinations of layers :  [['conv1'], ['pool1'], ['conv2'], ['pool2'], ['conv3'], ['conv4'], ['conv5'], ['pool5'], ['fc6'], ['fc7'], ['output'], ['conv1', 'pool1'], ['conv1', 'conv2'], ['conv1', 'pool2'], ['conv1', 'conv3'], ['conv1', 'conv4'], ['conv1', 'conv5'], ['conv1', 'pool5'], ['conv1', 'fc6'], ['conv1', 'fc7'], ['conv1', 'output'], ['pool1', 'conv2'], ['pool1', 'pool2'], ['pool1', 'conv3'], ['pool1', 'conv4'], ['pool1', 'conv5'], ['pool1', 'pool5'], ['pool1', 'fc6'], ['pool1', 'fc7'], ['pool1', 'output'], ['conv2', 'pool2'], ['conv2', 'conv3'], ['conv2', 'conv4'], ['conv2', 'conv5'], ['conv2', 'pool5'], ['conv2', 'fc6'], ['conv2', 'fc7'], ['conv2', 'output'], ['pool2', 'conv3'], ['pool2', 'conv4'], ['pool2', 'conv5'], ['pool2', 'pool5'], ['pool2', 'fc6'], ['pool2', 'fc7'], ['pool2', 'output'], ['conv3', 'conv4'], ['conv3', 'conv5'], ['conv3', 'pool5'], ['conv3', 'fc6'], ['conv3', 'fc7'], ['conv3', 'output'], ['conv4', 'conv5'], ['conv4', 'pool5'], ['conv4', 'fc6'], ['conv4', 'fc7'], ['conv4', 'output'], ['conv5', 'pool5'], ['conv5', 'fc6'], ['conv5', 'fc7'], ['conv5', 'output'], ['pool5', 'fc6'], ['pool5', 'fc7'], ['pool5', 'output'], ['fc6', 'fc7'], ['fc6', 'output'], ['fc7', 'output']]
[['conv3', 'output']]
Generating the training set for videos : 
TRAINING SET : contains 962 samples, 37 patients based on 56 videos
TEST SET : contains 127 samples, 37 patients based on 8 videos
Dataset constituted.
--------------------NAIVE IMPLEMENTATION-------------------
Number of folds : 53
Grid search.
The best parameters are : {'C': 1}
Metrics obtained during CV : 
{'r2': array([-4.42871488e-01, -2.39154283e-02, -4.04185831e-02, -9.48215611e-02,
       -4.48159636e-02, -5.08436280e-03, -6.75251624e-02, -1.14474821e-01,
       -1.77231262e-02, -8.30789768e-03, -1.12168240e-01, -4.07053915e-01,
       -3.48167244e-01, -5.09691108e-02, -3.89536179e-01, -7.36649186e-02,
       -2.04218790e-04, -5.07769427e-01, -9.66749243e-03, -1.71483467e-01,
       -4.27713685e-02, -6.63743677e-01, -1.57804345e-03, -2.58951032e-01,
       -5.87435589e-02, -6.68708097e-02, -1.34508721e-01, -3.38718076e-01,
       -1.52002621e-01, -1.79970692e-02, -3.41713879e-02, -7.11721311e-01,
       -4.27820171e-01, -6.02509664e-02, -1.76048672e-01, -3.85153126e-01,
       -7.46349093e-03, -2.41806188e-02, -1.02622162e-01, -9.04080624e-02,
       -1.10307484e-02, -3.49757485e-01, -5.32922985e-01, -1.10196232e-01,
       -3.35820933e-01, -4.56415835e-02, -2.44683021e-01, -2.84481187e-02,
       -2.02947658e-01, -6.25332056e-01, -1.62462403e-03, -1.44961741e-01,
       -9.17345339e-02]), 'neg_mean_absolute_error': array([-10.9838722 , -11.13074561,  -8.89877283, -10.9075845 ,
       -10.32671519,  -5.43993042,  -7.98300854,  -6.13820359,
        -6.88314537,  -7.61309524,  -7.81027008, -13.14424346,
       -14.70093071, -13.12220765,  -8.71172696,  -7.51758105,
       -13.43421766,  -5.7397216 ,  -8.75163734,  -9.77247174,
        -9.17311111, -13.94475376,  -8.54097517, -10.88658626,
        -8.43919836,  -9.56738407,  -9.10256036, -16.22420449,
       -10.48122222, -10.25894444, -11.59161111, -13.59341541,
       -12.4177916 ,  -9.46796571, -11.50640613, -11.68491174,
        -9.47572491,  -6.78808352,  -6.68018246,  -7.42024871,
        -6.75982536, -12.84273188, -13.7804024 ,  -8.79084523,
       -21.10710462,  -7.93033771,  -9.82431103,  -5.46828957,
        -8.9473844 , -17.35039384,  -8.14101336, -14.13533832,
        -9.88624826]), 'neg_mean_squared_error': array([-160.91963564, -195.42701209,  -98.83615942, -192.71743482,
       -133.70585545,  -46.38418696, -136.07291651, -103.50389601,
        -66.40739378,  -78.38324935, -103.61213931, -290.19070107,
       -407.06117101, -267.92722705, -101.28131136,  -87.75060047,
       -250.32153272,  -42.47141706,  -96.66122938, -216.37910613,
       -150.7845764 , -360.79925889, -108.5950183 , -246.19727224,
       -120.49696317, -257.98161613, -157.69998776, -521.68841387,
       -217.02312541, -148.91126169, -202.85308243, -317.02377648,
       -310.179381  , -123.08846604, -167.02806828, -262.99648779,
       -165.46410956,  -76.05638377,  -70.42999378, -117.11493157,
        -81.44371339, -306.69534172, -375.46924938, -172.35688512,
       -786.21490826, -107.16546076, -163.48724176,  -44.83205035,
       -212.52704016, -505.33764899, -119.06818557, -347.05904076,
       -254.80501006]), 'max_error': array([-32.08556188, -33.05516668, -15.68218802, -34.47189441,
       -22.26034448, -15.41076029, -31.31816235, -35.73986827,
       -17.4782476 , -18.11673014, -25.23004383, -32.48151797,
       -61.54881192, -35.33694532, -18.05093752, -15.45101331,
       -31.50486451,  -9.94867291, -23.45026391, -47.14862284,
       -33.08524571, -47.33469596, -21.46236175, -47.94927633,
       -30.67094295, -47.09804334, -34.4900144 , -61.10728014,
       -34.84809663, -28.74446946, -30.53168529, -42.20678977,
       -47.4069061 , -23.49946172, -24.7873276 , -47.30667641,
       -36.34298788, -24.63174835, -17.06083946, -35.38773839,
       -21.60403589, -51.1413623 , -50.02652432, -42.31455352,
       -71.5986472 , -25.7657411 , -33.59345751, -15.62269242,
       -50.52150498, -47.24607726, -33.15122719, -42.5592066 ,
       -52.82500698]), 'explained_variance': array([-2.22044605e-16,  1.11022302e-16,  1.11022302e-16,  0.00000000e+00,
        0.00000000e+00,  0.00000000e+00,  0.00000000e+00,  0.00000000e+00,
       -2.22044605e-16,  3.33066907e-16,  1.11022302e-16,  0.00000000e+00,
        0.00000000e+00,  0.00000000e+00,  2.22044605e-16,  0.00000000e+00,
        0.00000000e+00,  0.00000000e+00,  0.00000000e+00,  0.00000000e+00,
        0.00000000e+00, -2.22044605e-16, -2.22044605e-16,  0.00000000e+00,
        0.00000000e+00,  0.00000000e+00,  0.00000000e+00,  0.00000000e+00,
        1.11022302e-16, -2.22044605e-16, -2.22044605e-16,  0.00000000e+00,
        0.00000000e+00,  0.00000000e+00,  0.00000000e+00,  3.33066907e-16,
        0.00000000e+00,  0.00000000e+00,  0.00000000e+00,  0.00000000e+00,
        0.00000000e+00,  0.00000000e+00, -2.22044605e-16,  0.00000000e+00,
       -2.22044605e-16,  0.00000000e+00,  0.00000000e+00,  0.00000000e+00,
        0.00000000e+00,  0.00000000e+00,  0.00000000e+00,  0.00000000e+00,
        0.00000000e+00])}
         accs  y_pred (s)  y_true (s)
54     [5, 4]   14.195031      19.499
4    [30, 29]   24.960830      26.335
3    [30, 29]   24.960830      27.642
11   [30, 29]   24.960830      18.893
27   [28, 23]   22.955727      65.978
29   [28, 23]   22.955727      45.143
64     [5, 4]   14.195031      30.560
77    [14, 7]   17.665328      12.834
124  [22, 20]   19.328119      45.263
71     [5, 4]   14.195031       9.629
25   [28, 23]   22.955727      19.467
91     [7, 4]   14.703885      14.879
83    [14, 7]   17.665328      24.338
89    [14, 7]   17.665328      11.455
69     [5, 4]   14.195031       9.069
{'mse': 264.6876319935517, 'mae': 11.245070855017644, 'r2-score': -0.08260744540979603, 'max-error': 63.909876368870584, 'explained variance score': 0.10033730816089326, 'layers': ['conv3', 'output']}
