environment: line 5: __conda_exe: command not found
Using device: cuda
Using model: alexnet
Number of videos: 64
Execution type : naive
Using 2 features
Job ID : 9
Plotting ?  yes
Calculate accumulators ?  no
The directory contains : 65 videos
Number of videos in the directory : 65
Number of videos in the dataframe : 64
['conv1', 'pool1', 'conv2', 'pool2', 'conv3', 'conv4', 'conv5', 'pool5', 'fc6', 'fc7', 'output']
{'conv1': {'T_max': 231.03611281514168, 'T_min': 137.700119048357, 'tau': 100, 'alpha': 50}, 'pool1': {'T_max': 172.87935100495815, 'T_min': 96.51064738631248, 'tau': 100, 'alpha': 50}, 'conv2': {'T_max': 260.3908884525299, 'T_min': 138.66424806416035, 'tau': 100, 'alpha': 50}, 'pool2': {'T_max': 218.24047729372978, 'T_min': 114.92713752388954, 'tau': 100, 'alpha': 50}, 'conv3': {'T_max': 202.5564161837101, 'T_min': 107.47291566431522, 'tau': 100, 'alpha': 50}, 'conv4': {'T_max': 134.8227232247591, 'T_min': 73.26437871158123, 'tau': 100, 'alpha': 50}, 'conv5': {'T_max': 76.11463874578476, 'T_min': 41.856537722051144, 'tau': 100, 'alpha': 50}, 'pool5': {'T_max': 61.31686478853226, 'T_min': 33.92191906273365, 'tau': 100, 'alpha': 50}, 'fc6': {'T_max': 34.43132712692022, 'T_min': 18.570100070908666, 'tau': 100, 'alpha': 50}, 'fc7': {'T_max': 20.01874697394669, 'T_min': 10.533724257722497, 'tau': 100, 'alpha': 50}, 'output': {'T_max': 19.02098509296775, 'T_min': 9.621050400659442, 'tau': 100, 'alpha': 50}}
Iterating over following combinations of layers :  [['conv1'], ['pool1'], ['conv2'], ['pool2'], ['conv3'], ['conv4'], ['conv5'], ['pool5'], ['fc6'], ['fc7'], ['output'], ['conv1', 'pool1'], ['conv1', 'conv2'], ['conv1', 'pool2'], ['conv1', 'conv3'], ['conv1', 'conv4'], ['conv1', 'conv5'], ['conv1', 'pool5'], ['conv1', 'fc6'], ['conv1', 'fc7'], ['conv1', 'output'], ['pool1', 'conv2'], ['pool1', 'pool2'], ['pool1', 'conv3'], ['pool1', 'conv4'], ['pool1', 'conv5'], ['pool1', 'pool5'], ['pool1', 'fc6'], ['pool1', 'fc7'], ['pool1', 'output'], ['conv2', 'pool2'], ['conv2', 'conv3'], ['conv2', 'conv4'], ['conv2', 'conv5'], ['conv2', 'pool5'], ['conv2', 'fc6'], ['conv2', 'fc7'], ['conv2', 'output'], ['pool2', 'conv3'], ['pool2', 'conv4'], ['pool2', 'conv5'], ['pool2', 'pool5'], ['pool2', 'fc6'], ['pool2', 'fc7'], ['pool2', 'output'], ['conv3', 'conv4'], ['conv3', 'conv5'], ['conv3', 'pool5'], ['conv3', 'fc6'], ['conv3', 'fc7'], ['conv3', 'output'], ['conv4', 'conv5'], ['conv4', 'pool5'], ['conv4', 'fc6'], ['conv4', 'fc7'], ['conv4', 'output'], ['conv5', 'pool5'], ['conv5', 'fc6'], ['conv5', 'fc7'], ['conv5', 'output'], ['pool5', 'fc6'], ['pool5', 'fc7'], ['pool5', 'output'], ['fc6', 'fc7'], ['fc6', 'output'], ['fc7', 'output']]
[['fc7']]
Generating the training set for videos : 
TRAINING SET : contains 962 samples, 37 patients based on 56 videos
TEST SET : contains 127 samples, 37 patients based on 8 videos
Dataset constituted.
--------------------NAIVE IMPLEMENTATION-------------------
Number of folds : 53
Grid search.
The best parameters are : {'C': 1}
Metrics obtained during CV : 
{'r2': array([-4.85616090e-01, -1.72008813e-01, -6.22734354e-02, -9.15458768e-02,
       -1.08315794e-01, -2.10875252e-02, -5.67368497e-02, -9.14504529e-02,
       -8.01249542e-04, -3.85119744e-02, -1.48144219e-01, -3.83187005e-01,
       -3.87692144e-01, -1.65225245e-01, -3.90516393e-01, -2.19590395e-01,
       -7.52868565e-02, -1.12889426e+00, -9.87063610e-03, -1.61090693e-01,
       -4.49223722e-02, -6.50025753e-01, -1.46455413e-02, -2.57761493e-01,
       -3.27120789e-03, -5.79046406e-02, -4.05634369e-01, -4.07658468e-01,
       -1.52962430e-01, -1.53343695e-02, -2.62096681e-02, -4.82153176e-01,
       -3.66658068e-01, -6.19834301e-02, -1.92822718e-01, -1.33413968e-01,
       -1.45216127e-02, -5.31820379e-02, -6.72144663e-02, -8.71397007e-02,
       -5.43082103e-04, -3.50640978e-01, -4.78856960e-01, -2.08239701e-01,
       -3.82213635e-01, -5.77815549e-02, -2.32800298e-01, -4.95490634e-02,
       -2.03569453e-01, -6.48194284e-01, -5.72495868e-04, -2.05344380e-01,
       -8.73383863e-02]), 'neg_mean_absolute_error': array([-11.24546256, -11.64380525,  -9.07293927, -10.91133125,
       -10.8160729 ,  -5.62491504,  -8.00621989,  -6.11997768,
        -6.70063499,  -7.75940492,  -7.88643978, -13.04378609,
       -14.9095803 , -13.56835976,  -8.71631117,  -8.07602501,
       -13.21765604,  -6.74405861,  -8.7505201 ,  -9.73398135,
        -9.17311111, -13.88936434,  -8.35286623, -10.88476809,
        -7.56635103,  -9.59841567, -10.51052303, -16.59589732,
       -10.48122222, -10.25894444, -11.59161111, -12.46031163,
       -12.09971184,  -9.48894038, -11.55813908, -10.59362937,
        -9.44361111,  -6.7161649 ,  -6.46318788,  -7.41393267,
        -6.98736701, -12.84648264, -13.44982276,  -9.27458317,
       -21.42033525,  -7.946261  ,  -9.78331997,  -5.53112575,
        -8.95115861, -17.48412434,  -8.13050819, -14.29292543,
        -9.9143065 ]), 'neg_mean_squared_error': array([-165.68682786, -223.69247904, -100.91229464, -192.14082809,
       -141.83197475,  -47.12272563, -134.69777592, -101.36556879,
        -65.30322536,  -80.7312362 , -106.96374392, -285.26839116,
       -418.99518896, -297.05494242, -101.35275782,  -99.67708514,
       -269.11249621,  -59.96749527,  -96.68067748, -214.45950663,
       -151.0956112 , -357.82439153, -110.01184766, -245.96464905,
       -114.18358372, -255.81349347, -195.38723563, -548.55396882,
       -217.20394171, -148.52176551, -201.29138828, -274.50601575,
       -296.89253761, -123.28959418, -169.41039865, -215.1992347 ,
       -166.62332361,  -78.21004985,  -68.16832711, -116.76389422,
        -80.59887806, -306.89609117, -362.22649023, -187.57803822,
       -813.51994047, -108.4096592 , -161.92646398,  -45.7518815 ,
       -212.6368939 , -512.44582397, -118.94311378, -365.36213346,
       -253.77897268]), 'max_error': array([-31.7542141 , -36.64843327, -15.20945056, -34.40070627,
       -20.93208784, -14.90865918, -31.07360739, -35.39357585,
       -18.32497837, -17.19010216, -25.71245196, -32.20884797,
       -62.11514654, -38.22236708, -18.04423753, -17.23371947,
       -35.61953519, -11.80580757, -23.46031908, -46.97541608,
       -33.14701299, -47.21006976, -22.30885198, -47.93291281,
       -32.6464469 , -46.81875894, -37.67495122, -62.22235863,
       -34.86496495, -28.61963975, -30.21010742, -40.17545117,
       -46.69122663, -23.46170731, -25.02012588, -43.78816436,
       -36.78017955, -25.27901588, -17.54907727, -35.33089401,
       -20.87054923, -51.15261459, -49.43148097, -43.86424951,
       -72.53833909, -26.03643701, -33.45408791, -15.26662073,
       -50.53067092, -47.49867931, -32.97263916, -43.81990342,
       -52.712774  ]), 'explained_variance': array([-2.22044605e-16,  0.00000000e+00,  1.11022302e-16,  1.11022302e-16,
        2.22044605e-16,  0.00000000e+00,  0.00000000e+00,  0.00000000e+00,
       -2.22044605e-16,  3.33066907e-16,  0.00000000e+00,  0.00000000e+00,
        0.00000000e+00,  0.00000000e+00,  2.22044605e-16,  0.00000000e+00,
        0.00000000e+00,  0.00000000e+00,  0.00000000e+00,  0.00000000e+00,
        2.22044605e-16, -2.22044605e-16, -2.22044605e-16, -2.22044605e-16,
        0.00000000e+00,  0.00000000e+00, -2.22044605e-16,  0.00000000e+00,
        1.11022302e-16, -2.22044605e-16, -2.22044605e-16,  0.00000000e+00,
        1.11022302e-16,  0.00000000e+00,  0.00000000e+00,  3.33066907e-16,
       -2.22044605e-16,  0.00000000e+00,  0.00000000e+00,  2.22044605e-16,
        0.00000000e+00,  0.00000000e+00, -2.22044605e-16,  0.00000000e+00,
       -4.44089210e-16,  1.11022302e-16,  0.00000000e+00,  0.00000000e+00,
        0.00000000e+00, -4.44089210e-16,  0.00000000e+00,  0.00000000e+00,
        0.00000000e+00])}
     accs  y_pred (s)  y_true (s)
54    [4]   14.167080      19.499
4    [28]   23.056360      26.335
3    [28]   23.056360      27.642
11   [28]   23.056360      18.893
27   [23]   20.474918      65.978
29   [23]   20.474918      45.143
64    [4]   14.167080      30.560
77   [15]   18.133269      12.834
124  [22]   19.871972      45.263
71    [4]   14.167080       9.629
25   [23]   20.474918      19.467
91    [5]   14.684845      14.879
83   [15]   18.133269      24.338
89   [15]   18.133269      11.455
69    [4]   14.167080       9.069
{'mse': 275.10506233767865, 'mae': 11.404794188719455, 'r2-score': -0.12521611423065182, 'max-error': 63.56515145642182, 'explained variance score': 0.08343860135400716, 'layers': ['fc7']}
