environment: line 5: __conda_exe: command not found
Using device: cuda
Using model: alexnet
Number of videos: 64
Execution type : naive
Using 2 features
Job ID : 42
Plotting ?  yes
Calculate accumulators ?  no
The directory contains : 65 videos
Number of videos in the directory : 65
Number of videos in the dataframe : 64
['conv1', 'pool1', 'conv2', 'pool2', 'conv3', 'conv4', 'conv5', 'pool5', 'fc6', 'fc7', 'output']
{'conv1': {'T_max': 231.03611281514168, 'T_min': 137.700119048357, 'tau': 100, 'alpha': 50}, 'pool1': {'T_max': 172.87935100495815, 'T_min': 96.51064738631248, 'tau': 100, 'alpha': 50}, 'conv2': {'T_max': 260.3908884525299, 'T_min': 138.66424806416035, 'tau': 100, 'alpha': 50}, 'pool2': {'T_max': 218.24047729372978, 'T_min': 114.92713752388954, 'tau': 100, 'alpha': 50}, 'conv3': {'T_max': 202.5564161837101, 'T_min': 107.47291566431522, 'tau': 100, 'alpha': 50}, 'conv4': {'T_max': 134.8227232247591, 'T_min': 73.26437871158123, 'tau': 100, 'alpha': 50}, 'conv5': {'T_max': 76.11463874578476, 'T_min': 41.856537722051144, 'tau': 100, 'alpha': 50}, 'pool5': {'T_max': 61.31686478853226, 'T_min': 33.92191906273365, 'tau': 100, 'alpha': 50}, 'fc6': {'T_max': 34.43132712692022, 'T_min': 18.570100070908666, 'tau': 100, 'alpha': 50}, 'fc7': {'T_max': 20.01874697394669, 'T_min': 10.533724257722497, 'tau': 100, 'alpha': 50}, 'output': {'T_max': 19.02098509296775, 'T_min': 9.621050400659442, 'tau': 100, 'alpha': 50}}
Iterating over following combinations of layers :  [['conv1'], ['pool1'], ['conv2'], ['pool2'], ['conv3'], ['conv4'], ['conv5'], ['pool5'], ['fc6'], ['fc7'], ['output'], ['conv1', 'pool1'], ['conv1', 'conv2'], ['conv1', 'pool2'], ['conv1', 'conv3'], ['conv1', 'conv4'], ['conv1', 'conv5'], ['conv1', 'pool5'], ['conv1', 'fc6'], ['conv1', 'fc7'], ['conv1', 'output'], ['pool1', 'conv2'], ['pool1', 'pool2'], ['pool1', 'conv3'], ['pool1', 'conv4'], ['pool1', 'conv5'], ['pool1', 'pool5'], ['pool1', 'fc6'], ['pool1', 'fc7'], ['pool1', 'output'], ['conv2', 'pool2'], ['conv2', 'conv3'], ['conv2', 'conv4'], ['conv2', 'conv5'], ['conv2', 'pool5'], ['conv2', 'fc6'], ['conv2', 'fc7'], ['conv2', 'output'], ['pool2', 'conv3'], ['pool2', 'conv4'], ['pool2', 'conv5'], ['pool2', 'pool5'], ['pool2', 'fc6'], ['pool2', 'fc7'], ['pool2', 'output'], ['conv3', 'conv4'], ['conv3', 'conv5'], ['conv3', 'pool5'], ['conv3', 'fc6'], ['conv3', 'fc7'], ['conv3', 'output'], ['conv4', 'conv5'], ['conv4', 'pool5'], ['conv4', 'fc6'], ['conv4', 'fc7'], ['conv4', 'output'], ['conv5', 'pool5'], ['conv5', 'fc6'], ['conv5', 'fc7'], ['conv5', 'output'], ['pool5', 'fc6'], ['pool5', 'fc7'], ['pool5', 'output'], ['fc6', 'fc7'], ['fc6', 'output'], ['fc7', 'output']]
[['pool2', 'fc6']]
Generating the training set for videos : 
TRAINING SET : contains 962 samples, 37 patients based on 56 videos
TEST SET : contains 127 samples, 37 patients based on 8 videos
Dataset constituted.
--------------------NAIVE IMPLEMENTATION-------------------
Number of folds : 53
Grid search.
The best parameters are : {'C': 10.0}
Metrics obtained during CV : 
{'r2': array([-2.26251552e-01, -5.01025555e-01, -4.05715529e-01, -6.91649733e-02,
       -1.86481413e-01, -2.17479787e-04, -4.72196757e-04, -1.48137257e-01,
       -4.59068625e-04, -2.15542105e-02, -2.39215620e-01, -4.62555791e-01,
       -3.06898448e-01, -4.01176444e-02, -2.75881483e-01, -8.33460505e-03,
       -4.00077118e-02, -3.97055463e-01, -1.61298209e-05, -2.17902373e-01,
       -2.67464472e-05, -8.53050558e-01, -2.90147460e-03, -1.58220537e-01,
       -2.69654724e-02, -1.12901825e-01, -3.97625685e-01, -1.32408811e-01,
       -9.37393349e-02, -1.18650820e-03, -3.57594565e-02, -3.30417607e-01,
       -3.00935164e-01, -1.32614569e-02, -5.42268874e-02, -2.94916517e-01,
       -5.01242678e-02, -3.02172915e-02, -1.53512973e-02, -1.10029411e-01,
       -2.21060217e-02, -2.18185549e-01, -5.90785814e-01, -2.34316296e-01,
       -2.13635972e-01, -5.14810927e-02, -3.14104787e-01, -8.67778768e-06,
       -9.09398594e-02, -4.98624240e-01, -1.21470933e-06, -2.02264201e-02,
       -2.79918436e-02]), 'neg_mean_absolute_error': array([ -9.40121829, -14.95760737, -10.84065858, -10.93896474,
        -9.42951375,  -5.30805919,  -8.50076244,  -6.16181166,
        -6.63720436,  -7.69058986,  -8.07802577, -13.36702683,
       -14.46999954, -13.10080437,  -8.13410188,  -7.55531742,
       -13.27957463,  -5.57849086,  -8.85416461,  -9.93161656,
        -9.4236347 , -14.77023054,  -8.75753563, -10.7139548 ,
        -7.25838889,  -9.43438889, -10.46085876, -15.10117316,
       -10.53662436, -10.25894444, -11.59161111, -11.80103695,
       -11.72666699,  -8.68798476, -11.01192642, -11.21001763,
        -9.44361111,  -6.77053258,  -6.02837443,  -7.48001011,
        -6.6727583 , -12.23909597, -14.11610629,  -9.38975166,
       -20.22835213,  -7.93823148, -10.13427666,  -5.26833937,
        -8.7220526 , -16.62939257,  -8.11445577, -14.36399708,
       -10.40403072]), 'neg_mean_squared_error': array([-136.76058783, -286.48942212, -133.53810317, -188.20119951,
       -151.83488558,  -46.15958252, -127.52595863, -106.63020554,
        -65.28089774,  -79.41298347, -115.44816408, -301.63740395,
       -394.60060683, -265.16082482,  -92.99718263,  -82.41115596,
       -260.28316974,  -39.35278444,  -95.73724937, -224.95292018,
       -144.60371075, -401.85232695, -108.7385099 , -226.49867206,
       -116.88025837, -269.11244436, -194.27400551, -441.29123783,
       -206.04703891, -146.45223512, -203.16458265, -246.40343686,
       -282.61490635, -117.63327966, -149.72635464, -245.863428  ,
       -172.47064382,  -76.50467139,  -64.85556704, -119.22235633,
        -82.33588346, -276.79923056, -389.64198551, -191.62640422,
       -714.30134852, -107.76393897, -172.6056863 ,  -43.5923199 ,
       -192.7384103 , -465.94248076, -118.8752027 , -309.24946233,
       -239.92780654]), 'max_error': array([-34.09025683, -29.43921999, -18.51350144, -33.87566986,
       -29.54025374, -15.79497509, -28.62970273, -36.18842145,
       -18.72670573, -17.62593086, -26.71821281, -33.08621567,
       -60.92199876, -34.93028305, -18.89515879, -16.48734367,
       -34.44308196,  -9.99195339, -22.52751853, -47.86477454,
       -30.53614385, -48.93841497, -20.48783966, -46.39559322,
       -35.00846014, -48.30186521, -37.60045481, -56.80155842,
       -33.69919038, -26.7053381 , -30.59116139, -38.54844419,
       -45.85187573, -24.90342743, -22.5621689 , -46.23816467,
       -38.10503626, -24.78970675, -18.63087671, -35.7092955 ,
       -21.99583763, -49.26768188, -50.63079133, -44.20975499,
       -68.75308459, -25.89993524, -34.34752903, -16.75574358,
       -48.54189425, -45.75353475, -32.69974811, -38.40652339,
       -50.75387711]), 'explained_variance': array([ 0.00000000e+00,  0.00000000e+00,  1.11022302e-16,  0.00000000e+00,
        0.00000000e+00,  0.00000000e+00,  0.00000000e+00,  0.00000000e+00,
        0.00000000e+00,  3.33066907e-16,  0.00000000e+00,  0.00000000e+00,
        0.00000000e+00,  0.00000000e+00,  2.22044605e-16,  0.00000000e+00,
        0.00000000e+00,  0.00000000e+00,  0.00000000e+00,  0.00000000e+00,
        2.22044605e-16, -2.22044605e-16, -2.22044605e-16, -2.22044605e-16,
        0.00000000e+00,  0.00000000e+00,  0.00000000e+00,  0.00000000e+00,
        0.00000000e+00, -2.22044605e-16,  0.00000000e+00, -2.22044605e-16,
        2.22044605e-16,  0.00000000e+00,  0.00000000e+00,  1.11022302e-16,
       -2.22044605e-16,  0.00000000e+00,  0.00000000e+00,  0.00000000e+00,
        0.00000000e+00,  0.00000000e+00,  0.00000000e+00,  0.00000000e+00,
       -4.44089210e-16,  1.11022302e-16, -2.22044605e-16,  3.33066907e-16,
        1.11022302e-16,  0.00000000e+00,  0.00000000e+00,  0.00000000e+00,
       -2.22044605e-16])}
         accs  y_pred (s)  y_true (s)
54     [3, 5]   15.760555      19.499
4    [28, 33]   19.684187      26.335
3    [28, 33]   19.684187      27.642
11   [28, 33]   19.684187      18.893
27   [25, 30]   18.031345      65.978
29   [25, 30]   18.031345      45.143
64     [3, 5]   15.760555      30.560
77   [14, 17]   18.432458      12.834
124  [20, 23]   19.288914      45.263
71     [3, 5]   15.760555       9.629
25   [25, 30]   18.031345      19.467
91     [7, 6]   14.539180      14.879
83   [14, 17]   18.432458      24.338
89   [14, 17]   18.432458      11.455
69     [3, 5]   15.760555       9.069
{'mse': 300.2199194186636, 'mae': 11.893126618140869, 'r2-score': -0.2279392035623804, 'max-error': 65.13989781682774, 'explained variance score': 0.035757394344943516, 'layers': ['pool2', 'fc6']}
