environment: line 5: __conda_exe: command not found
Using device: cuda
Using model: alexnet
Number of videos: 64
Execution type : naive
Using 2 features
Job ID : 21
Plotting ?  yes
Calculate accumulators ?  no
The directory contains : 65 videos
Number of videos in the directory : 65
Number of videos in the dataframe : 64
['conv1', 'pool1', 'conv2', 'pool2', 'conv3', 'conv4', 'conv5', 'pool5', 'fc6', 'fc7', 'output']
{'conv1': {'T_max': 231.03611281514168, 'T_min': 137.700119048357, 'tau': 100, 'alpha': 50}, 'pool1': {'T_max': 172.87935100495815, 'T_min': 96.51064738631248, 'tau': 100, 'alpha': 50}, 'conv2': {'T_max': 260.3908884525299, 'T_min': 138.66424806416035, 'tau': 100, 'alpha': 50}, 'pool2': {'T_max': 218.24047729372978, 'T_min': 114.92713752388954, 'tau': 100, 'alpha': 50}, 'conv3': {'T_max': 202.5564161837101, 'T_min': 107.47291566431522, 'tau': 100, 'alpha': 50}, 'conv4': {'T_max': 134.8227232247591, 'T_min': 73.26437871158123, 'tau': 100, 'alpha': 50}, 'conv5': {'T_max': 76.11463874578476, 'T_min': 41.856537722051144, 'tau': 100, 'alpha': 50}, 'pool5': {'T_max': 61.31686478853226, 'T_min': 33.92191906273365, 'tau': 100, 'alpha': 50}, 'fc6': {'T_max': 34.43132712692022, 'T_min': 18.570100070908666, 'tau': 100, 'alpha': 50}, 'fc7': {'T_max': 20.01874697394669, 'T_min': 10.533724257722497, 'tau': 100, 'alpha': 50}, 'output': {'T_max': 19.02098509296775, 'T_min': 9.621050400659442, 'tau': 100, 'alpha': 50}}
Iterating over following combinations of layers :  [['conv1'], ['pool1'], ['conv2'], ['pool2'], ['conv3'], ['conv4'], ['conv5'], ['pool5'], ['fc6'], ['fc7'], ['output'], ['conv1', 'pool1'], ['conv1', 'conv2'], ['conv1', 'pool2'], ['conv1', 'conv3'], ['conv1', 'conv4'], ['conv1', 'conv5'], ['conv1', 'pool5'], ['conv1', 'fc6'], ['conv1', 'fc7'], ['conv1', 'output'], ['pool1', 'conv2'], ['pool1', 'pool2'], ['pool1', 'conv3'], ['pool1', 'conv4'], ['pool1', 'conv5'], ['pool1', 'pool5'], ['pool1', 'fc6'], ['pool1', 'fc7'], ['pool1', 'output'], ['conv2', 'pool2'], ['conv2', 'conv3'], ['conv2', 'conv4'], ['conv2', 'conv5'], ['conv2', 'pool5'], ['conv2', 'fc6'], ['conv2', 'fc7'], ['conv2', 'output'], ['pool2', 'conv3'], ['pool2', 'conv4'], ['pool2', 'conv5'], ['pool2', 'pool5'], ['pool2', 'fc6'], ['pool2', 'fc7'], ['pool2', 'output'], ['conv3', 'conv4'], ['conv3', 'conv5'], ['conv3', 'pool5'], ['conv3', 'fc6'], ['conv3', 'fc7'], ['conv3', 'output'], ['conv4', 'conv5'], ['conv4', 'pool5'], ['conv4', 'fc6'], ['conv4', 'fc7'], ['conv4', 'output'], ['conv5', 'pool5'], ['conv5', 'fc6'], ['conv5', 'fc7'], ['conv5', 'output'], ['pool5', 'fc6'], ['pool5', 'fc7'], ['pool5', 'output'], ['fc6', 'fc7'], ['fc6', 'output'], ['fc7', 'output']]
[['pool1', 'conv2']]
Generating the training set for videos : 
TRAINING SET : contains 962 samples, 37 patients based on 56 videos
TEST SET : contains 127 samples, 37 patients based on 8 videos
Dataset constituted.
--------------------NAIVE IMPLEMENTATION-------------------
Number of folds : 53
Grid search.
The best parameters are : {'C': 1}
Metrics obtained during CV : 
{'r2': array([-3.97218810e-01, -7.76801679e-03, -1.88497379e-01, -1.45194920e-01,
       -4.87809268e-02, -2.10770478e-02, -2.35384490e-02, -9.08600560e-02,
       -5.15416224e-02, -1.61303049e-03, -5.91482568e-02, -5.56005064e-01,
       -2.88456941e-01, -7.93042742e-02, -2.31236006e-01, -9.33430655e-02,
       -3.24968814e-03, -5.96334489e-01, -5.53287428e-02, -1.09506719e-01,
       -9.83610745e-02, -5.65683198e-01, -6.55790636e-07, -3.26512583e-01,
       -3.39995755e-02, -1.11833495e-01, -5.61929916e-02, -3.62674631e-01,
       -1.46841912e-01, -2.19411314e-02, -1.10803362e-01, -6.24627107e-01,
       -4.92292444e-01, -4.47390971e-02, -1.60796562e-01, -4.18812081e-01,
       -5.65858972e-02, -1.03035033e-02, -1.68138655e-01, -1.99891681e-02,
       -5.87332401e-04, -4.22057963e-01, -6.88112941e-01, -1.48159162e-01,
       -4.01809719e-01, -1.80987753e-03, -2.37154966e-01, -6.17785404e-02,
       -3.26384892e-01, -5.86048844e-01, -1.03538202e-02, -1.38015044e-01,
       -7.55741652e-02]), 'neg_mean_absolute_error': array([-10.69012271, -11.1426346 ,  -9.90439007, -10.85653021,
       -10.3649176 ,  -5.62482474,  -8.15733906,  -6.11948175,
        -7.08275128,  -7.54211685,  -7.67050143, -13.71701748,
       -14.36179443, -13.18383633,  -7.89120917,  -7.56626844,
       -13.39865151,  -5.85635366,  -8.60280782,  -9.55656118,
        -9.17311111, -13.59645587,  -8.63102122, -11.06796757,
        -8.12094548,  -9.43637938,  -8.661     , -16.35732099,
       -10.48122222, -10.25894444, -11.74780097, -13.12266359,
       -12.72931574,  -9.264776  , -11.4571817 , -11.84750621,
        -9.44361111,  -6.83978354,  -7.08926289,  -7.23681687,
        -6.98365397, -13.14373164, -14.64561173,  -8.97796122,
       -21.54689599,  -7.82844865,  -9.79846082,  -5.56136876,
        -9.60855557, -17.11476844,  -8.18042258, -14.11524106,
        -9.99307272]), 'neg_mean_squared_error': array([-155.82811341, -192.3450775 , -112.90313182, -201.58447289,
       -134.21325466,  -47.12224211, -130.46611622, -101.31073725,
        -68.61408254,  -77.86280768,  -98.67267631, -320.91037557,
       -389.03243887, -275.15080924,  -89.74303741,  -89.3588948 ,
       -251.08372362,  -44.9661511 , -101.03264138, -204.9316776 ,
       -158.82283917, -339.53387491, -108.42399175, -259.40943791,
       -117.68081867, -268.85410983, -146.81387529, -531.02410405,
       -216.0509113 , -149.48819389, -217.88447109, -300.8932689 ,
       -324.1853253 , -121.28763562, -164.86189056, -269.38725182,
       -173.53189096,  -75.02585926,  -74.61485998, -109.5516126 ,
        -80.60244265, -323.12364085, -413.48098023, -178.25059298,
       -825.05347251, -102.67324752, -162.49844313,  -46.28498815,
       -234.33492992, -493.12396871, -120.10586928, -344.9533688 ,
       -251.03326631]), 'max_error': array([-32.45764456, -32.13631418, -16.53693459, -35.44192604,
       -22.15665224, -14.90890428, -30.11651926, -35.38415334,
       -16.71974514, -18.56625993, -24.34484241, -34.02748135,
       -60.62829917, -36.2286301 , -19.27400233, -15.75936681,
       -32.1806214 , -10.26524565, -24.7897296 , -46.01805059,
       -34.36967208, -46.4130514 , -21.0571545 , -48.82385407,
       -31.28949766, -48.27708559, -32.9608145 , -61.50662963,
       -34.75647159, -28.91345766, -32.60470876, -41.48139445,
       -48.10783542, -23.86520321, -24.56581767, -47.67251397,
       -38.28436947, -24.16644818, -16.34393899, -33.73685179,
       -20.87890357, -52.01952119, -51.58390111, -42.97438365,
       -72.91802129, -24.03362701, -33.50556678, -15.09524368,
       -52.12720639, -46.80100705, -33.82118392, -42.39842852,
       -52.39770911]), 'explained_variance': array([-2.22044605e-16,  0.00000000e+00,  1.11022302e-16,  3.33066907e-16,
        0.00000000e+00,  0.00000000e+00,  0.00000000e+00,  0.00000000e+00,
        0.00000000e+00,  3.33066907e-16,  0.00000000e+00, -2.22044605e-16,
        0.00000000e+00,  0.00000000e+00,  2.22044605e-16,  0.00000000e+00,
        0.00000000e+00,  0.00000000e+00,  0.00000000e+00,  0.00000000e+00,
        2.22044605e-16, -2.22044605e-16, -2.22044605e-16,  0.00000000e+00,
        0.00000000e+00,  0.00000000e+00, -2.22044605e-16,  0.00000000e+00,
        0.00000000e+00, -2.22044605e-16,  0.00000000e+00,  0.00000000e+00,
       -2.22044605e-16,  0.00000000e+00,  0.00000000e+00,  1.11022302e-16,
        0.00000000e+00,  0.00000000e+00, -2.22044605e-16,  0.00000000e+00,
        0.00000000e+00,  0.00000000e+00, -2.22044605e-16,  0.00000000e+00,
        0.00000000e+00, -2.22044605e-16,  0.00000000e+00,  0.00000000e+00,
        0.00000000e+00,  0.00000000e+00,  2.22044605e-16,  0.00000000e+00,
        0.00000000e+00])}
         accs  y_pred (s)  y_true (s)
54     [2, 2]   13.940255      19.499
4    [22, 31]   23.720899      26.335
3    [22, 31]   23.720899      27.642
11   [22, 31]   23.720899      18.893
27   [27, 27]   22.901439      65.978
29   [27, 27]   22.901439      45.143
64     [2, 2]   13.940255      30.560
77   [14, 14]   16.976131      12.834
124  [21, 21]   19.955857      45.263
71     [2, 2]   13.940255       9.629
25   [27, 27]   22.901439      19.467
91     [9, 6]   16.498503      14.879
83   [14, 14]   16.976131      24.338
89   [14, 14]   16.976131      11.455
69     [2, 2]   13.940255       9.069
{'mse': 264.147946231384, 'mae': 11.214366392536292, 'r2-score': -0.08040005921685678, 'max-error': 64.83868976984347, 'explained variance score': 0.10828319452744906, 'layers': ['pool1', 'conv2']}
