environment: line 5: __conda_exe: command not found
Using device: cuda
Using model: alexnet
Number of videos: 64
Execution type : naive
Using 2 features
Job ID : 34
Plotting ?  yes
Calculate accumulators ?  no
The directory contains : 65 videos
Number of videos in the directory : 65
Number of videos in the dataframe : 64
['conv1', 'pool1', 'conv2', 'pool2', 'conv3', 'conv4', 'conv5', 'pool5', 'fc6', 'fc7', 'output']
{'conv1': {'T_max': 231.03611281514168, 'T_min': 137.700119048357, 'tau': 100, 'alpha': 50}, 'pool1': {'T_max': 172.87935100495815, 'T_min': 96.51064738631248, 'tau': 100, 'alpha': 50}, 'conv2': {'T_max': 260.3908884525299, 'T_min': 138.66424806416035, 'tau': 100, 'alpha': 50}, 'pool2': {'T_max': 218.24047729372978, 'T_min': 114.92713752388954, 'tau': 100, 'alpha': 50}, 'conv3': {'T_max': 202.5564161837101, 'T_min': 107.47291566431522, 'tau': 100, 'alpha': 50}, 'conv4': {'T_max': 134.8227232247591, 'T_min': 73.26437871158123, 'tau': 100, 'alpha': 50}, 'conv5': {'T_max': 76.11463874578476, 'T_min': 41.856537722051144, 'tau': 100, 'alpha': 50}, 'pool5': {'T_max': 61.31686478853226, 'T_min': 33.92191906273365, 'tau': 100, 'alpha': 50}, 'fc6': {'T_max': 34.43132712692022, 'T_min': 18.570100070908666, 'tau': 100, 'alpha': 50}, 'fc7': {'T_max': 20.01874697394669, 'T_min': 10.533724257722497, 'tau': 100, 'alpha': 50}, 'output': {'T_max': 19.02098509296775, 'T_min': 9.621050400659442, 'tau': 100, 'alpha': 50}}
Iterating over following combinations of layers :  [['conv1'], ['pool1'], ['conv2'], ['pool2'], ['conv3'], ['conv4'], ['conv5'], ['pool5'], ['fc6'], ['fc7'], ['output'], ['conv1', 'pool1'], ['conv1', 'conv2'], ['conv1', 'pool2'], ['conv1', 'conv3'], ['conv1', 'conv4'], ['conv1', 'conv5'], ['conv1', 'pool5'], ['conv1', 'fc6'], ['conv1', 'fc7'], ['conv1', 'output'], ['pool1', 'conv2'], ['pool1', 'pool2'], ['pool1', 'conv3'], ['pool1', 'conv4'], ['pool1', 'conv5'], ['pool1', 'pool5'], ['pool1', 'fc6'], ['pool1', 'fc7'], ['pool1', 'output'], ['conv2', 'pool2'], ['conv2', 'conv3'], ['conv2', 'conv4'], ['conv2', 'conv5'], ['conv2', 'pool5'], ['conv2', 'fc6'], ['conv2', 'fc7'], ['conv2', 'output'], ['pool2', 'conv3'], ['pool2', 'conv4'], ['pool2', 'conv5'], ['pool2', 'pool5'], ['pool2', 'fc6'], ['pool2', 'fc7'], ['pool2', 'output'], ['conv3', 'conv4'], ['conv3', 'conv5'], ['conv3', 'pool5'], ['conv3', 'fc6'], ['conv3', 'fc7'], ['conv3', 'output'], ['conv4', 'conv5'], ['conv4', 'pool5'], ['conv4', 'fc6'], ['conv4', 'fc7'], ['conv4', 'output'], ['conv5', 'pool5'], ['conv5', 'fc6'], ['conv5', 'fc7'], ['conv5', 'output'], ['pool5', 'fc6'], ['pool5', 'fc7'], ['pool5', 'output'], ['fc6', 'fc7'], ['fc6', 'output'], ['fc7', 'output']]
[['conv2', 'pool5']]
Generating the training set for videos : 
TRAINING SET : contains 962 samples, 37 patients based on 56 videos
TEST SET : contains 127 samples, 37 patients based on 8 videos
Dataset constituted.
--------------------NAIVE IMPLEMENTATION-------------------
Number of folds : 53
Grid search.
The best parameters are : {'C': 10.0}
Metrics obtained during CV : 
{'r2': array([-2.47708526e-01, -1.17203286e-01, -1.66948495e-01, -3.33017895e-02,
       -5.88029218e-02, -2.18081375e-04, -3.86179986e-02, -1.55493118e-01,
       -1.36448559e-02, -8.77377328e-03, -1.24614521e-01, -2.91152622e-01,
       -3.81274427e-01, -4.29515796e-02, -1.58031920e-01, -4.79565763e-03,
       -8.36324784e-03, -5.33786401e-01, -2.73866935e-05, -6.50590096e-02,
       -5.67891542e-03, -6.63213313e-01, -4.74220088e-03, -2.12926176e-01,
       -1.83166320e-01, -8.44241323e-02, -3.36172926e-02, -3.47088706e-01,
       -7.81304826e-02, -1.42131919e-02, -3.95697111e-01, -4.25231003e-01,
       -2.04949337e-01, -1.98739213e-04, -2.15648615e-01, -2.73559761e-01,
       -2.64410546e-02, -2.17554301e-02, -2.97543850e-02, -2.29774391e-01,
       -1.62788486e-02, -2.04649212e-01, -6.33401619e-01, -1.37128769e-01,
       -3.48096472e-01, -1.48011366e-03, -3.21310852e-01, -1.97302486e-02,
       -1.85784054e-01, -5.24405916e-01, -1.04698123e-02, -2.11209821e-01,
       -5.65420931e-02]), 'neg_mean_absolute_error': array([ -9.58500847, -13.09736041,  -9.78634017, -10.9951802 ,
        -9.11180741,  -5.30809562,  -8.08052109,  -6.1665998 ,
        -6.53409423,  -7.61660448,  -7.8378433 , -12.62433466,
       -14.87645056, -13.10664794,  -7.53839622,  -7.58678304,
       -13.65878259,  -5.77497165,  -8.86422024,  -9.52688889,
        -9.25160913, -13.94262298,  -8.79224064, -10.81288483,
        -7.6090325 ,  -9.51215566,  -8.661     , -16.27123614,
       -10.61791098, -10.25894444, -12.83948836, -12.20461106,
       -11.16460138,  -8.08304095, -11.62504605, -11.1170982 ,
        -9.44361111,  -6.79574728,  -6.15783247,  -7.87196395,
        -6.714827  , -12.18978203, -14.35294466,  -8.91730034,
       -21.19198679,  -7.84532573, -10.16444302,  -5.43543131,
        -8.84438489, -16.74033007,  -8.20362086, -14.30691089,
       -10.13485235]), 'neg_mean_squared_error': array([-139.15362736, -213.23216168, -110.85606254, -181.88833445,
       -135.49577661,  -46.15961028, -132.38824262, -107.3133616 ,
        -66.14128279,  -78.41946532, -104.77166339, -266.28722647,
       -417.05744443, -265.88328982,  -84.40729593,  -82.1219179 ,
       -252.36349637,  -43.20427298,  -95.73832706, -196.72195383,
       -145.4210135 , -360.68424428, -108.93808866, -237.19676798,
       -134.65767731, -262.22621115, -143.67578796, -524.95038607,
       -203.10652309, -148.35776114, -273.76648046, -263.96359731,
       -261.76296375, -116.11678032, -172.652242  , -241.80845979,
       -168.58095271,  -75.87628753,  -65.7755643 , -132.08352777,
        -81.86647478, -273.72346938, -400.08016433, -176.53813529,
       -793.4398371 , -102.63945076, -173.55219205,  -44.45202146,
       -209.49471368, -473.95835122, -120.11965785, -367.14005683,
       -246.59128231]), 'max_error': array([-33.85745593, -26.18902176, -16.28771813, -32.80757619,
       -27.3983408 , -15.79483663, -30.60303309, -36.27939622,
       -19.49720972, -18.09450496, -25.40467421, -31.06807169,
       -62.02522295, -35.04131079, -19.98549687, -16.68662595,
       -29.83204362, -10.04435162, -22.43701788, -44.98718342,
       -31.5045178 , -47.32990172, -20.33166713, -47.28596343,
       -37.82239625, -47.59509903, -32.32768932, -61.24837508,
       -33.33340058, -28.56384835, -36.7527238 , -39.60012488,
       -44.43895622, -25.9923263 , -25.32120724, -45.96212795,
       -37.31973217, -24.56277445, -18.2425026 , -37.23939185,
       -21.80652852, -49.04576915, -51.0571004 , -42.79240103,
       -71.8532937 , -23.21346264, -34.42079019, -15.80888922,
       -50.26270863, -46.07137302, -31.59614849, -43.93178713,
       -51.83059059]), 'explained_variance': array([-2.22044605e-16,  0.00000000e+00,  1.11022302e-16,  1.11022302e-16,
        0.00000000e+00,  0.00000000e+00,  0.00000000e+00, -2.22044605e-16,
        0.00000000e+00,  3.33066907e-16,  1.11022302e-16,  0.00000000e+00,
        0.00000000e+00,  0.00000000e+00,  2.22044605e-16,  0.00000000e+00,
        0.00000000e+00,  0.00000000e+00,  0.00000000e+00,  0.00000000e+00,
        0.00000000e+00, -2.22044605e-16, -2.22044605e-16, -2.22044605e-16,
        0.00000000e+00,  0.00000000e+00,  0.00000000e+00,  0.00000000e+00,
        0.00000000e+00, -2.22044605e-16,  0.00000000e+00,  0.00000000e+00,
        1.11022302e-16,  2.22044605e-16,  0.00000000e+00,  3.33066907e-16,
        0.00000000e+00,  0.00000000e+00,  0.00000000e+00,  0.00000000e+00,
        0.00000000e+00,  0.00000000e+00, -2.22044605e-16,  0.00000000e+00,
        0.00000000e+00, -2.22044605e-16,  0.00000000e+00,  0.00000000e+00,
        1.11022302e-16,  0.00000000e+00,  0.00000000e+00, -2.22044605e-16,
       -2.22044605e-16])}
         accs  y_pred (s)  y_true (s)
54     [2, 7]   19.261291      19.499
4    [31, 32]   24.039376      26.335
3    [31, 32]   24.039376      27.642
11   [31, 32]   24.039376      18.893
27   [27, 28]   19.849586      65.978
29   [27, 28]   19.849586      45.143
64     [2, 7]   19.261291      30.560
77   [14, 14]   18.010347      12.834
124  [21, 23]   17.547029      45.263
71     [2, 7]   19.261291       9.629
25   [27, 28]   19.849586      19.467
91     [6, 6]   14.611403      14.879
83   [14, 14]   18.010347      24.338
89   [14, 14]   18.010347      11.455
69     [2, 7]   19.261291       9.069
{'mse': 283.3912237154356, 'mae': 11.53240533083383, 'r2-score': -0.15910761091246628, 'max-error': 64.62722166464215, 'explained variance score': 0.034221811003914526, 'layers': ['conv2', 'pool5']}
