environment: line 5: __conda_exe: command not found
Using device: cuda
Using model: alexnet
Number of videos: 64
Execution type : naive
Using 2 features
Job ID : 54
Plotting ?  yes
Calculate accumulators ?  no
The directory contains : 65 videos
Number of videos in the directory : 65
Number of videos in the dataframe : 64
['conv1', 'pool1', 'conv2', 'pool2', 'conv3', 'conv4', 'conv5', 'pool5', 'fc6', 'fc7', 'output']
{'conv1': {'T_max': 231.03611281514168, 'T_min': 137.700119048357, 'tau': 100, 'alpha': 50}, 'pool1': {'T_max': 172.87935100495815, 'T_min': 96.51064738631248, 'tau': 100, 'alpha': 50}, 'conv2': {'T_max': 260.3908884525299, 'T_min': 138.66424806416035, 'tau': 100, 'alpha': 50}, 'pool2': {'T_max': 218.24047729372978, 'T_min': 114.92713752388954, 'tau': 100, 'alpha': 50}, 'conv3': {'T_max': 202.5564161837101, 'T_min': 107.47291566431522, 'tau': 100, 'alpha': 50}, 'conv4': {'T_max': 134.8227232247591, 'T_min': 73.26437871158123, 'tau': 100, 'alpha': 50}, 'conv5': {'T_max': 76.11463874578476, 'T_min': 41.856537722051144, 'tau': 100, 'alpha': 50}, 'pool5': {'T_max': 61.31686478853226, 'T_min': 33.92191906273365, 'tau': 100, 'alpha': 50}, 'fc6': {'T_max': 34.43132712692022, 'T_min': 18.570100070908666, 'tau': 100, 'alpha': 50}, 'fc7': {'T_max': 20.01874697394669, 'T_min': 10.533724257722497, 'tau': 100, 'alpha': 50}, 'output': {'T_max': 19.02098509296775, 'T_min': 9.621050400659442, 'tau': 100, 'alpha': 50}}
Iterating over following combinations of layers :  [['conv1'], ['pool1'], ['conv2'], ['pool2'], ['conv3'], ['conv4'], ['conv5'], ['pool5'], ['fc6'], ['fc7'], ['output'], ['conv1', 'pool1'], ['conv1', 'conv2'], ['conv1', 'pool2'], ['conv1', 'conv3'], ['conv1', 'conv4'], ['conv1', 'conv5'], ['conv1', 'pool5'], ['conv1', 'fc6'], ['conv1', 'fc7'], ['conv1', 'output'], ['pool1', 'conv2'], ['pool1', 'pool2'], ['pool1', 'conv3'], ['pool1', 'conv4'], ['pool1', 'conv5'], ['pool1', 'pool5'], ['pool1', 'fc6'], ['pool1', 'fc7'], ['pool1', 'output'], ['conv2', 'pool2'], ['conv2', 'conv3'], ['conv2', 'conv4'], ['conv2', 'conv5'], ['conv2', 'pool5'], ['conv2', 'fc6'], ['conv2', 'fc7'], ['conv2', 'output'], ['pool2', 'conv3'], ['pool2', 'conv4'], ['pool2', 'conv5'], ['pool2', 'pool5'], ['pool2', 'fc6'], ['pool2', 'fc7'], ['pool2', 'output'], ['conv3', 'conv4'], ['conv3', 'conv5'], ['conv3', 'pool5'], ['conv3', 'fc6'], ['conv3', 'fc7'], ['conv3', 'output'], ['conv4', 'conv5'], ['conv4', 'pool5'], ['conv4', 'fc6'], ['conv4', 'fc7'], ['conv4', 'output'], ['conv5', 'pool5'], ['conv5', 'fc6'], ['conv5', 'fc7'], ['conv5', 'output'], ['pool5', 'fc6'], ['pool5', 'fc7'], ['pool5', 'output'], ['fc6', 'fc7'], ['fc6', 'output'], ['fc7', 'output']]
[['conv4', 'fc7']]
Generating the training set for videos : 
TRAINING SET : contains 962 samples, 37 patients based on 56 videos
TEST SET : contains 127 samples, 37 patients based on 8 videos
Dataset constituted.
--------------------NAIVE IMPLEMENTATION-------------------
Number of folds : 53
Grid search.
The best parameters are : {'C': 1}
Metrics obtained during CV : 
{'r2': array([-5.75962906e-01, -6.17901356e-02, -7.99868458e-02, -6.60129390e-02,
       -1.49119454e-01, -1.33927727e-02, -1.33264443e-02, -9.57942963e-02,
       -4.64435351e-02, -3.85692943e-02, -9.29070889e-02, -3.93604027e-01,
       -3.72870728e-01, -2.20850298e-01, -4.42203448e-01, -1.70907433e-01,
       -1.61104630e-02, -7.31801107e-01, -1.13640400e-03, -2.11791155e-01,
       -2.52364780e-02, -6.21834865e-01, -5.82248690e-04, -2.05649177e-01,
       -1.06329194e-02, -3.92362103e-02, -2.19671220e-01, -5.21349793e-01,
       -1.18827807e-01, -6.62917572e-03, -8.57547703e-02, -4.60584473e-01,
       -4.01477354e-01, -5.57899082e-02, -2.05995753e-01, -2.48565598e-01,
       -2.70411460e-02, -3.23726454e-02, -1.37390788e-01, -9.85513703e-02,
       -4.08094647e-03, -3.27089069e-01, -6.08618152e-01, -1.93713294e-01,
       -4.33738915e-01, -6.32190021e-02, -2.56966851e-01, -5.81735587e-02,
       -2.75529536e-01, -6.30613686e-01, -4.95346539e-03, -2.03363512e-01,
       -5.98046374e-02]), 'neg_mean_absolute_error': array([-11.76288388, -11.28134295,  -9.20566513, -10.94319813,
       -11.05382629,  -5.55111139,  -8.22504784,  -6.12357826,
        -7.05826239,  -7.75960816,  -7.76438423, -13.08800592,
       -14.83264421, -13.83503637,  -8.95038144,  -7.83966121,
       -13.34043333,  -6.07876777,  -8.82188197,  -9.91170656,
        -9.17311111, -13.77367116,  -8.57706035, -10.80052645,
        -7.73559126,  -9.68537664,  -9.50316968, -17.3185415 ,
       -10.48122222, -10.25894444, -11.68550473, -12.36529735,
       -12.28378259,  -9.41252491, -11.59720626, -11.00472428,
        -9.44361111,  -6.76469877,  -6.89716267,  -7.43906715,
        -6.85047274, -12.74482201, -14.2162162 ,  -9.20728245,
       -21.74667124,  -7.9528449 ,  -9.88165451,  -5.55279229,
        -9.35464795, -17.38150254,  -8.14216412, -14.28815726,
       -10.1090183 ]), 'neg_mean_squared_error': array([-175.76296895, -202.6558717 , -102.59500724, -187.64635844,
       -147.05364863,  -46.7676163 , -129.16443519, -101.76899174,
        -68.28142754,  -80.7356921 , -101.81772639, -287.416797  ,
       -414.52005954, -311.23563149, -105.12015354,  -95.69822818,
       -254.30239517,  -48.7820258 ,  -95.84449961, -223.82414641,
       -148.24903399, -351.71091884, -108.48705033, -235.77369657,
       -115.02142955, -251.29925259, -169.53782106, -592.85862709,
       -210.77339853, -147.24838131, -212.97118108, -270.51132833,
       -304.45667252, -122.57056526, -171.28129627, -237.06286394,
       -168.6795107 ,  -76.66472951,  -72.65083986, -117.98956097,
        -80.88387119, -301.54456637, -394.00978121, -185.32282775,
       -843.8458187 , -108.96693097, -165.10070438,  -46.12783999,
       -225.35021799, -506.97977905, -119.46390178, -364.76169579,
       -247.35274273]), 'max_error': array([-31.09881375, -34.35283869, -15.0618486 , -33.79523554,
       -20.28675721, -15.10898337, -29.68769704, -35.46198699,
       -16.81280291, -17.188815  , -24.93943347, -32.32887322,
       -61.90631999, -39.23573821, -17.70213482, -16.73472923,
       -33.28676666, -10.70696252, -22.81806224, -47.77517951,
       -32.50861885, -46.9497601 , -21.29997844, -47.17473801,
       -32.15654466, -46.15705513, -35.69184236, -63.87196838,
       -34.22824149, -28.10668148, -32.04404255, -39.96166903,
       -47.10538582, -23.59925517, -25.19592818, -45.62500619,
       -37.343247  , -24.8422111 , -16.65870719, -35.52505215,
       -21.23474844, -50.84763271, -50.81098916, -43.66234736,
       -73.51734705, -26.14836329, -33.7340181 , -15.14384369,
       -51.5105736 , -47.30483814, -31.94440333, -43.78175808,
       -51.93392679]), 'explained_variance': array([-2.22044605e-16,  0.00000000e+00,  1.11022302e-16,  1.11022302e-16,
        0.00000000e+00,  0.00000000e+00,  0.00000000e+00,  0.00000000e+00,
        0.00000000e+00,  3.33066907e-16,  1.11022302e-16,  0.00000000e+00,
        0.00000000e+00,  0.00000000e+00,  2.22044605e-16,  0.00000000e+00,
        0.00000000e+00,  0.00000000e+00,  0.00000000e+00,  0.00000000e+00,
        2.22044605e-16, -2.22044605e-16, -2.22044605e-16, -2.22044605e-16,
        0.00000000e+00, -2.22044605e-16, -2.22044605e-16,  0.00000000e+00,
        0.00000000e+00, -2.22044605e-16,  0.00000000e+00,  0.00000000e+00,
        0.00000000e+00,  0.00000000e+00,  0.00000000e+00,  0.00000000e+00,
        0.00000000e+00,  0.00000000e+00, -2.22044605e-16,  2.22044605e-16,
        0.00000000e+00,  0.00000000e+00,  0.00000000e+00,  0.00000000e+00,
       -4.44089210e-16,  0.00000000e+00,  0.00000000e+00,  0.00000000e+00,
       -2.22044605e-16,  0.00000000e+00,  0.00000000e+00,  0.00000000e+00,
       -2.22044605e-16])}
         accs  y_pred (s)  y_true (s)
54     [5, 4]   14.522736      19.499
4    [34, 28]   23.582497      26.335
3    [34, 28]   23.582497      27.642
11   [34, 28]   23.582497      18.893
27   [28, 23]   21.082102      65.978
29   [28, 23]   21.082102      45.143
64     [5, 4]   14.522736      30.560
77   [14, 15]   18.694850      12.834
124  [23, 22]   19.995654      45.263
71     [5, 4]   14.522736       9.629
25   [28, 23]   21.082102      19.467
91     [5, 5]   14.691024      14.879
83   [14, 15]   18.694850      24.338
89   [14, 15]   18.694850      11.455
69     [5, 4]   14.522736       9.069
{'mse': 271.99712586283874, 'mae': 11.387256216436693, 'r2-score': -0.1125042427231675, 'max-error': 64.05466324185689, 'explained variance score': 0.08164641299186759, 'layers': ['conv4', 'fc7']}
