environment: line 5: __conda_exe: command not found
Using device: cuda
Using model: alexnet
Number of videos: 64
Execution type : naive
Using 2 features
Job ID : 39
Plotting ?  yes
Calculate accumulators ?  no
The directory contains : 65 videos
Number of videos in the directory : 65
Number of videos in the dataframe : 64
['conv1', 'pool1', 'conv2', 'pool2', 'conv3', 'conv4', 'conv5', 'pool5', 'fc6', 'fc7', 'output']
{'conv1': {'T_max': 231.03611281514168, 'T_min': 137.700119048357, 'tau': 100, 'alpha': 50}, 'pool1': {'T_max': 172.87935100495815, 'T_min': 96.51064738631248, 'tau': 100, 'alpha': 50}, 'conv2': {'T_max': 260.3908884525299, 'T_min': 138.66424806416035, 'tau': 100, 'alpha': 50}, 'pool2': {'T_max': 218.24047729372978, 'T_min': 114.92713752388954, 'tau': 100, 'alpha': 50}, 'conv3': {'T_max': 202.5564161837101, 'T_min': 107.47291566431522, 'tau': 100, 'alpha': 50}, 'conv4': {'T_max': 134.8227232247591, 'T_min': 73.26437871158123, 'tau': 100, 'alpha': 50}, 'conv5': {'T_max': 76.11463874578476, 'T_min': 41.856537722051144, 'tau': 100, 'alpha': 50}, 'pool5': {'T_max': 61.31686478853226, 'T_min': 33.92191906273365, 'tau': 100, 'alpha': 50}, 'fc6': {'T_max': 34.43132712692022, 'T_min': 18.570100070908666, 'tau': 100, 'alpha': 50}, 'fc7': {'T_max': 20.01874697394669, 'T_min': 10.533724257722497, 'tau': 100, 'alpha': 50}, 'output': {'T_max': 19.02098509296775, 'T_min': 9.621050400659442, 'tau': 100, 'alpha': 50}}
Iterating over following combinations of layers :  [['conv1'], ['pool1'], ['conv2'], ['pool2'], ['conv3'], ['conv4'], ['conv5'], ['pool5'], ['fc6'], ['fc7'], ['output'], ['conv1', 'pool1'], ['conv1', 'conv2'], ['conv1', 'pool2'], ['conv1', 'conv3'], ['conv1', 'conv4'], ['conv1', 'conv5'], ['conv1', 'pool5'], ['conv1', 'fc6'], ['conv1', 'fc7'], ['conv1', 'output'], ['pool1', 'conv2'], ['pool1', 'pool2'], ['pool1', 'conv3'], ['pool1', 'conv4'], ['pool1', 'conv5'], ['pool1', 'pool5'], ['pool1', 'fc6'], ['pool1', 'fc7'], ['pool1', 'output'], ['conv2', 'pool2'], ['conv2', 'conv3'], ['conv2', 'conv4'], ['conv2', 'conv5'], ['conv2', 'pool5'], ['conv2', 'fc6'], ['conv2', 'fc7'], ['conv2', 'output'], ['pool2', 'conv3'], ['pool2', 'conv4'], ['pool2', 'conv5'], ['pool2', 'pool5'], ['pool2', 'fc6'], ['pool2', 'fc7'], ['pool2', 'output'], ['conv3', 'conv4'], ['conv3', 'conv5'], ['conv3', 'pool5'], ['conv3', 'fc6'], ['conv3', 'fc7'], ['conv3', 'output'], ['conv4', 'conv5'], ['conv4', 'pool5'], ['conv4', 'fc6'], ['conv4', 'fc7'], ['conv4', 'output'], ['conv5', 'pool5'], ['conv5', 'fc6'], ['conv5', 'fc7'], ['conv5', 'output'], ['pool5', 'fc6'], ['pool5', 'fc7'], ['pool5', 'output'], ['fc6', 'fc7'], ['fc6', 'output'], ['fc7', 'output']]
[['pool2', 'conv4']]
Generating the training set for videos : 
TRAINING SET : contains 962 samples, 37 patients based on 56 videos
TEST SET : contains 127 samples, 37 patients based on 8 videos
Dataset constituted.
--------------------NAIVE IMPLEMENTATION-------------------
Number of folds : 53
Grid search.
The best parameters are : {'C': 100.0}
Metrics obtained during CV : 
{'r2': array([-6.85184813e-02, -1.66420822e+00, -5.71840036e-01, -1.31262310e-02,
       -4.06474239e-03, -2.17941648e-04, -1.45695217e-02, -1.55443700e-01,
       -4.88288072e-05, -5.11000504e-02, -2.08933270e-01, -6.92721309e-01,
       -8.64271418e-02, -3.03944492e-01, -7.07750824e-02, -3.12065914e-02,
       -3.65275457e-03, -6.06587969e-01, -2.13138855e-04, -8.64546754e-02,
       -1.36231786e-02, -6.46158663e-01, -4.84099911e-02, -4.14162446e-02,
       -9.72895124e-04, -1.59076328e-01, -4.48504381e-01, -2.56994691e-01,
       -9.41451648e-02, -1.04845907e-02, -7.16659376e-02, -2.54763440e-01,
       -2.26872174e-02, -5.72072188e-04, -3.01752881e-01, -1.62546753e-01,
       -1.63274397e-01, -7.64729087e-02, -3.91618691e-04, -9.26979273e-03,
       -2.21003786e-02, -2.01026733e-01, -7.80414737e-01, -2.60366808e-01,
       -1.18154079e-01, -4.81296934e-03, -3.22682318e-01, -1.82158368e-02,
       -3.06302068e-01, -3.79874613e-01, -1.93828376e-02, -1.14656702e-02,
       -1.01038744e-01]), 'neg_mean_absolute_error': array([ -7.63483339, -19.36860224, -11.39118198, -11.04260661,
        -9.39084615,  -5.30808717,  -9.00992241,  -6.16656802,
        -6.67344435,  -7.24955511,  -7.99646888, -14.41848248,
       -13.32455276, -14.17690933,  -7.09547289,  -7.47298165,
       -13.39579394,  -5.87236718,  -8.84265908,  -9.52688889,
        -9.196348  , -13.87364467,  -8.25736094, -10.63555556,
        -7.47388157,  -9.51916319, -10.76841151, -15.73036976,
       -10.53460508, -10.25894444, -11.64639208, -11.48313444,
       -10.75783333,  -8.14182604, -11.84999538, -10.65167393,
        -9.44361111,  -6.67219185,  -5.78834424,  -7.18487981,
        -6.67279616, -12.17631045, -15.1141266 ,  -9.49856487,
       -19.60887892,  -7.84442784, -10.17014586,  -5.42902501,
        -9.5108312 , -16.16371395,  -8.2044531 , -14.48251373,
        -9.8290012 ]), 'neg_mean_squared_error': array([-119.16903626, -508.49732109, -149.31935559, -178.33690467,
       -128.49089216,  -46.15960383, -129.32288501, -107.30877209,
        -65.2541292 ,  -81.70980068, -112.62699105, -349.10672439,
       -328.03222778, -332.41912466,  -78.04726943,  -84.2804827 ,
       -251.18459923,  -45.25497497,  -95.75611017, -200.67384489,
       -146.56975271, -356.98577485, -113.67272168, -203.65672068,
       -113.92200979, -280.27796963, -201.34629117, -489.84142259,
       -206.12349226, -147.8123463 , -210.20765158, -232.39171112,
       -222.16837568, -116.16012193, -184.88118251, -220.73062333,
       -191.05423079,  -79.93964654,  -63.90001752, -108.40030149,
        -82.33542888, -272.90036057, -436.08908689, -195.67072084,
       -658.10423007, -102.98102767, -173.732332  ,  -44.38600531,
       -230.78685948, -429.02162075, -121.17919424, -306.5939173 ,
       -256.97656295]), 'max_error': array([-36.34916658, -37.48262951, -19.67571751, -31.90647448,
       -25.37638465, -15.79486877, -27.02160824, -36.27879231,
       -18.4971858 , -20.91345292, -26.40930294, -35.27174247,
       -56.40416751, -40.53485545, -21.10814501, -15.71565142,
       -32.23491521, -10.30033072, -22.63106829, -45.51674342,
       -32.00186797, -47.1747005 , -23.33974842, -43.67903026,
       -32.92385528, -49.27896872, -38.06178393, -59.62577594,
       -33.70827716, -28.36035957, -31.69202868, -37.59473665,
       -39.98642645, -25.88651312, -26.33347923, -44.31056534,
       -40.41424162, -25.67477337, -19.46295092, -33.26941828,
       -21.9956673 , -48.98514701, -52.42722789, -44.53619461,
       -65.87891029, -24.30527332, -34.43463994, -15.8451916 ,
       -51.88987577, -44.17022743, -34.22970276, -37.79469507,
       -53.05399518]), 'explained_variance': array([-4.44089210e-16,  0.00000000e+00,  1.11022302e-16,  1.11022302e-16,
        0.00000000e+00,  0.00000000e+00,  0.00000000e+00,  0.00000000e+00,
        0.00000000e+00,  3.33066907e-16,  0.00000000e+00,  1.11022302e-16,
        0.00000000e+00,  0.00000000e+00,  2.22044605e-16,  0.00000000e+00,
        0.00000000e+00,  0.00000000e+00,  0.00000000e+00, -2.22044605e-16,
        0.00000000e+00,  1.11022302e-16, -2.22044605e-16, -2.22044605e-16,
        0.00000000e+00,  0.00000000e+00,  0.00000000e+00,  0.00000000e+00,
        0.00000000e+00, -2.22044605e-16,  0.00000000e+00,  0.00000000e+00,
        1.11022302e-16,  0.00000000e+00,  0.00000000e+00,  0.00000000e+00,
        0.00000000e+00,  0.00000000e+00,  0.00000000e+00,  2.22044605e-16,
        0.00000000e+00,  0.00000000e+00,  0.00000000e+00,  0.00000000e+00,
       -2.22044605e-16, -2.22044605e-16,  0.00000000e+00,  0.00000000e+00,
        0.00000000e+00,  0.00000000e+00, -2.22044605e-16,  0.00000000e+00,
       -2.22044605e-16])}
         accs  y_pred (s)  y_true (s)
54     [3, 5]   14.549178      19.499
4    [28, 34]   14.095110      26.335
3    [28, 34]   14.095110      27.642
11   [28, 34]   14.095110      18.893
27   [25, 28]   12.317743      65.978
29   [25, 28]   12.317743      45.143
64     [3, 5]   14.549178      30.560
77   [14, 14]   16.479718      12.834
124  [20, 23]   13.655008      45.263
71     [3, 5]   14.549178       9.629
25   [25, 28]   12.317743      19.467
91     [7, 5]   16.166141      14.879
83   [14, 14]   16.479718      24.338
89   [14, 14]   16.479718      11.455
69     [3, 5]   14.549178       9.069
{'mse': 374.8547269214827, 'mae': 13.526491111812664, 'r2-score': -0.5332054439254637, 'max-error': 65.95317604686134, 'explained variance score': -0.05463256109753267, 'layers': ['pool2', 'conv4']}
