environment: line 5: __conda_exe: command not found
Using device: cuda
Using model: alexnet
Number of videos: 64
Execution type : naive
Using 2 features
Job ID : 60
Plotting ?  yes
Calculate accumulators ?  no
The directory contains : 65 videos
Number of videos in the directory : 65
Number of videos in the dataframe : 64
['conv1', 'pool1', 'conv2', 'pool2', 'conv3', 'conv4', 'conv5', 'pool5', 'fc6', 'fc7', 'output']
{'conv1': {'T_max': 231.03611281514168, 'T_min': 137.700119048357, 'tau': 100, 'alpha': 50}, 'pool1': {'T_max': 172.87935100495815, 'T_min': 96.51064738631248, 'tau': 100, 'alpha': 50}, 'conv2': {'T_max': 260.3908884525299, 'T_min': 138.66424806416035, 'tau': 100, 'alpha': 50}, 'pool2': {'T_max': 218.24047729372978, 'T_min': 114.92713752388954, 'tau': 100, 'alpha': 50}, 'conv3': {'T_max': 202.5564161837101, 'T_min': 107.47291566431522, 'tau': 100, 'alpha': 50}, 'conv4': {'T_max': 134.8227232247591, 'T_min': 73.26437871158123, 'tau': 100, 'alpha': 50}, 'conv5': {'T_max': 76.11463874578476, 'T_min': 41.856537722051144, 'tau': 100, 'alpha': 50}, 'pool5': {'T_max': 61.31686478853226, 'T_min': 33.92191906273365, 'tau': 100, 'alpha': 50}, 'fc6': {'T_max': 34.43132712692022, 'T_min': 18.570100070908666, 'tau': 100, 'alpha': 50}, 'fc7': {'T_max': 20.01874697394669, 'T_min': 10.533724257722497, 'tau': 100, 'alpha': 50}, 'output': {'T_max': 19.02098509296775, 'T_min': 9.621050400659442, 'tau': 100, 'alpha': 50}}
Iterating over following combinations of layers :  [['conv1'], ['pool1'], ['conv2'], ['pool2'], ['conv3'], ['conv4'], ['conv5'], ['pool5'], ['fc6'], ['fc7'], ['output'], ['conv1', 'pool1'], ['conv1', 'conv2'], ['conv1', 'pool2'], ['conv1', 'conv3'], ['conv1', 'conv4'], ['conv1', 'conv5'], ['conv1', 'pool5'], ['conv1', 'fc6'], ['conv1', 'fc7'], ['conv1', 'output'], ['pool1', 'conv2'], ['pool1', 'pool2'], ['pool1', 'conv3'], ['pool1', 'conv4'], ['pool1', 'conv5'], ['pool1', 'pool5'], ['pool1', 'fc6'], ['pool1', 'fc7'], ['pool1', 'output'], ['conv2', 'pool2'], ['conv2', 'conv3'], ['conv2', 'conv4'], ['conv2', 'conv5'], ['conv2', 'pool5'], ['conv2', 'fc6'], ['conv2', 'fc7'], ['conv2', 'output'], ['pool2', 'conv3'], ['pool2', 'conv4'], ['pool2', 'conv5'], ['pool2', 'pool5'], ['pool2', 'fc6'], ['pool2', 'fc7'], ['pool2', 'output'], ['conv3', 'conv4'], ['conv3', 'conv5'], ['conv3', 'pool5'], ['conv3', 'fc6'], ['conv3', 'fc7'], ['conv3', 'output'], ['conv4', 'conv5'], ['conv4', 'pool5'], ['conv4', 'fc6'], ['conv4', 'fc7'], ['conv4', 'output'], ['conv5', 'pool5'], ['conv5', 'fc6'], ['conv5', 'fc7'], ['conv5', 'output'], ['pool5', 'fc6'], ['pool5', 'fc7'], ['pool5', 'output'], ['fc6', 'fc7'], ['fc6', 'output'], ['fc7', 'output']]
[['pool5', 'fc6']]
Generating the training set for videos : 
TRAINING SET : contains 962 samples, 37 patients based on 56 videos
TEST SET : contains 127 samples, 37 patients based on 8 videos
Dataset constituted.
--------------------NAIVE IMPLEMENTATION-------------------
Number of folds : 53
Grid search.
The best parameters are : {'C': 10.0}
Metrics obtained during CV : 
{'r2': array([-2.99067842e-01, -3.51797505e-02, -1.38055377e-01, -9.64021414e-02,
       -1.13208452e-03, -2.13783637e-04, -6.19432296e-02, -1.63582693e-01,
       -4.37358408e-02, -3.54906970e-02, -2.97488049e-02, -3.41320152e-01,
       -2.91291213e-01, -3.06862078e-01, -3.74270743e-01, -1.72135438e-02,
       -5.18166970e-02, -5.10258843e-01, -3.18669154e-03, -4.00790334e-02,
       -4.00203076e-03, -3.86515858e-01, -5.66158551e-03, -3.50860111e-01,
       -7.13848257e-03, -3.77965794e-02, -3.21851899e-01, -4.91610969e-01,
       -8.22041453e-03, -7.10570716e-06, -3.64403279e-01, -5.05214868e-01,
       -3.61376194e-01, -3.75955997e-02, -1.09012224e-01, -1.20429374e-01,
       -2.51703169e-02, -5.01171842e-03, -1.26417149e-01, -1.16463877e-01,
       -2.64976255e-02, -3.15168987e-01, -5.85025257e-01, -2.30420768e-01,
       -5.09626495e-01, -4.81640762e-02, -3.31391308e-01, -2.60072637e-02,
       -2.71626619e-01, -5.47540831e-01, -4.33878609e-02, -7.81405652e-02,
       -7.70263633e-02]), 'neg_mean_absolute_error': array([ -9.99493713, -11.1546799 ,  -9.61535504, -10.90579979,
        -9.48047878,  -5.25555639,  -7.98919543,  -6.17794649,
        -7.0447077 ,  -7.74846976,  -7.58227333, -12.85968926,
       -14.37864485, -14.18800077,  -8.63957576,  -7.49835346,
       -14.16281219,  -5.74313297,  -8.91990204,  -9.52688889,
        -9.26777199, -13.16967483,  -8.8070032 , -11.13298367,
        -7.29717049,  -9.6980515 ,  -9.98115153, -17.1352097 ,
       -11.36778005, -10.25894444, -12.68146824, -12.55958051,
       -12.07103791,  -9.15930183, -11.26961622, -10.5657196 ,
        -9.44361111,  -6.86919081,  -6.83006944,  -7.50202988,
        -6.6446359 , -12.69197352, -14.08344476,  -9.37296962,
       -22.19381085,  -8.14116168, -10.20608029,  -5.45966989,
        -9.33422802, -16.87599599,  -8.56468819, -14.06515646,
        -9.98303296]), 'neg_mean_squared_error': array([-144.88159582, -197.57694828, -108.11131646, -192.99565858,
       -128.11559781,  -46.15941194, -135.36141115, -108.06465946,
        -68.10474793,  -80.4963699 ,  -95.93375606, -276.63377422,
       -389.88820976, -333.16291505, -100.1686355 ,  -83.13683135,
       -263.23860945,  -42.54153988,  -96.04078533, -192.10802194,
       -145.17853624, -300.67966643, -109.03777194, -264.17077875,
       -114.62372321, -250.95113329, -183.74123047, -581.2696301 ,
       -189.93632609, -146.27971369, -267.62818428, -278.77721607,
       -295.74510422, -120.45832052, -157.50723074, -212.73387358,
       -168.37224887,  -74.63288754,  -71.94989863, -119.91344811,
        -82.68964969, -298.83605499, -388.23101301, -191.02162728,
       -888.51044787, -107.42398538, -174.87624478,  -44.72564874,
       -224.66068228, -481.15130818, -124.03279279, -326.80430886,
       -251.37220159]), 'max_error': array([-33.33821296, -33.50991819, -15.92674953, -34.50580406,
       -25.03578064, -15.99448572, -31.19428683, -36.37699444,
       -16.86431075, -17.25935818, -23.66219334, -31.70915657,
       -60.67403601, -40.57700292, -18.15638928, -16.1265719 ,
       -27.67765262,  -9.95793234, -21.9358816 , -44.24147656,
       -31.35905209, -44.49253672, -20.26523559, -49.1164265 ,
       -34.15796557, -46.10001825, -36.85467276, -63.45947183,
       -30.74132651, -27.15418438, -36.39717854, -40.39880615,
       -46.62671029, -24.0550567 , -23.72177299, -43.53697644,
       -37.26904029, -23.9017827 , -16.77947501, -35.80838447,
       -22.12238843, -50.68908722, -50.57200057, -44.15940887,
       -74.85876588, -21.38117878, -34.52190928, -15.67153728,
       -51.46098234, -46.34999243, -30.44070009, -40.79724835,
       -52.43786814]), 'explained_variance': array([-2.22044605e-16,  0.00000000e+00,  1.11022302e-16,  1.11022302e-16,
        0.00000000e+00,  0.00000000e+00,  0.00000000e+00, -2.22044605e-16,
        0.00000000e+00,  3.33066907e-16,  0.00000000e+00,  0.00000000e+00,
       -2.22044605e-16,  0.00000000e+00,  2.22044605e-16,  0.00000000e+00,
        0.00000000e+00,  0.00000000e+00,  0.00000000e+00, -2.22044605e-16,
        0.00000000e+00,  0.00000000e+00, -2.22044605e-16, -2.22044605e-16,
        0.00000000e+00,  0.00000000e+00,  0.00000000e+00,  1.11022302e-16,
        1.11022302e-16, -2.22044605e-16,  1.11022302e-16,  0.00000000e+00,
        0.00000000e+00,  0.00000000e+00,  0.00000000e+00,  3.33066907e-16,
        0.00000000e+00,  0.00000000e+00, -2.22044605e-16,  2.22044605e-16,
        0.00000000e+00,  1.11022302e-16,  0.00000000e+00,  0.00000000e+00,
       -2.22044605e-16,  0.00000000e+00, -2.22044605e-16,  0.00000000e+00,
       -2.22044605e-16,  0.00000000e+00,  0.00000000e+00, -2.22044605e-16,
        0.00000000e+00])}
         accs  y_pred (s)  y_true (s)
54     [7, 5]   16.062095      19.499
4    [32, 33]   22.540517      26.335
3    [32, 33]   22.540517      27.642
11   [32, 33]   22.540517      18.893
27   [28, 30]   18.059528      65.978
29   [28, 30]   18.059528      45.143
64     [7, 5]   16.062095      30.560
77   [14, 17]   20.108259      12.834
124  [23, 23]   18.396507      45.263
71     [7, 5]   16.062095       9.629
25   [28, 30]   18.059528      19.467
91     [6, 6]   15.286642      14.879
83   [14, 17]   20.108259      24.338
89   [14, 17]   20.108259      11.455
69     [7, 5]   16.062095       9.069
{'mse': 288.23440110434274, 'mae': 11.734898571329866, 'r2-score': -0.1789168474120355, 'max-error': 63.532207411321515, 'explained variance score': 0.029144109104081384, 'layers': ['pool5', 'fc6']}
