environment: line 5: __conda_exe: command not found
Using device: cuda
Using model: alexnet
Number of videos: 64
Execution type : naive
Using 2 features
Job ID : 15
Plotting ?  yes
Calculate accumulators ?  no
The directory contains : 65 videos
Number of videos in the directory : 65
Number of videos in the dataframe : 64
['conv1', 'pool1', 'conv2', 'pool2', 'conv3', 'conv4', 'conv5', 'pool5', 'fc6', 'fc7', 'output']
{'conv1': {'T_max': 231.03611281514168, 'T_min': 137.700119048357, 'tau': 100, 'alpha': 50}, 'pool1': {'T_max': 172.87935100495815, 'T_min': 96.51064738631248, 'tau': 100, 'alpha': 50}, 'conv2': {'T_max': 260.3908884525299, 'T_min': 138.66424806416035, 'tau': 100, 'alpha': 50}, 'pool2': {'T_max': 218.24047729372978, 'T_min': 114.92713752388954, 'tau': 100, 'alpha': 50}, 'conv3': {'T_max': 202.5564161837101, 'T_min': 107.47291566431522, 'tau': 100, 'alpha': 50}, 'conv4': {'T_max': 134.8227232247591, 'T_min': 73.26437871158123, 'tau': 100, 'alpha': 50}, 'conv5': {'T_max': 76.11463874578476, 'T_min': 41.856537722051144, 'tau': 100, 'alpha': 50}, 'pool5': {'T_max': 61.31686478853226, 'T_min': 33.92191906273365, 'tau': 100, 'alpha': 50}, 'fc6': {'T_max': 34.43132712692022, 'T_min': 18.570100070908666, 'tau': 100, 'alpha': 50}, 'fc7': {'T_max': 20.01874697394669, 'T_min': 10.533724257722497, 'tau': 100, 'alpha': 50}, 'output': {'T_max': 19.02098509296775, 'T_min': 9.621050400659442, 'tau': 100, 'alpha': 50}}
Iterating over following combinations of layers :  [['conv1'], ['pool1'], ['conv2'], ['pool2'], ['conv3'], ['conv4'], ['conv5'], ['pool5'], ['fc6'], ['fc7'], ['output'], ['conv1', 'pool1'], ['conv1', 'conv2'], ['conv1', 'pool2'], ['conv1', 'conv3'], ['conv1', 'conv4'], ['conv1', 'conv5'], ['conv1', 'pool5'], ['conv1', 'fc6'], ['conv1', 'fc7'], ['conv1', 'output'], ['pool1', 'conv2'], ['pool1', 'pool2'], ['pool1', 'conv3'], ['pool1', 'conv4'], ['pool1', 'conv5'], ['pool1', 'pool5'], ['pool1', 'fc6'], ['pool1', 'fc7'], ['pool1', 'output'], ['conv2', 'pool2'], ['conv2', 'conv3'], ['conv2', 'conv4'], ['conv2', 'conv5'], ['conv2', 'pool5'], ['conv2', 'fc6'], ['conv2', 'fc7'], ['conv2', 'output'], ['pool2', 'conv3'], ['pool2', 'conv4'], ['pool2', 'conv5'], ['pool2', 'pool5'], ['pool2', 'fc6'], ['pool2', 'fc7'], ['pool2', 'output'], ['conv3', 'conv4'], ['conv3', 'conv5'], ['conv3', 'pool5'], ['conv3', 'fc6'], ['conv3', 'fc7'], ['conv3', 'output'], ['conv4', 'conv5'], ['conv4', 'pool5'], ['conv4', 'fc6'], ['conv4', 'fc7'], ['conv4', 'output'], ['conv5', 'pool5'], ['conv5', 'fc6'], ['conv5', 'fc7'], ['conv5', 'output'], ['pool5', 'fc6'], ['pool5', 'fc7'], ['pool5', 'output'], ['fc6', 'fc7'], ['fc6', 'output'], ['fc7', 'output']]
[['conv1', 'conv4']]
Generating the training set for videos : 
TRAINING SET : contains 962 samples, 37 patients based on 56 videos
TEST SET : contains 127 samples, 37 patients based on 8 videos
Dataset constituted.
--------------------NAIVE IMPLEMENTATION-------------------
Number of folds : 53
Grid search.
The best parameters are : {'C': 1}
Metrics obtained during CV : 
{'r2': array([-6.34611093e-01, -7.67756801e-02, -7.54533280e-02, -1.01722345e-01,
       -5.10206395e-02, -1.56754932e-02, -1.56016417e-03, -9.27073727e-02,
       -7.13433960e-02, -5.55033339e-03, -9.12550379e-02, -4.57342440e-01,
       -4.18369946e-01, -2.16495176e-01, -4.00116962e-01, -1.66592954e-01,
       -5.37272558e-03, -5.50880070e-01, -4.85429357e-04, -2.37718810e-01,
       -8.80257431e-03, -5.48741787e-01, -7.89945950e-04, -2.34306804e-01,
       -4.13179917e-02, -6.95911521e-02, -2.73062606e-02, -5.45032172e-01,
       -1.08759631e-01, -2.02244221e-03, -2.15558270e-01, -5.52733557e-01,
       -3.52181826e-01, -4.55085897e-02, -1.92051626e-01, -4.91849365e-01,
       -9.24481631e-02, -3.94963076e-02, -1.51300144e-01, -1.08602089e-01,
       -1.82446463e-03, -2.35213855e-01, -6.41250581e-01, -1.80117767e-01,
       -4.95893828e-01, -6.90716217e-02, -2.56943880e-01, -5.85114127e-02,
       -2.58763301e-01, -5.70908205e-01, -8.34925370e-04, -2.29626782e-01,
       -3.66353992e-02]), 'neg_mean_absolute_error': array([-12.07722399, -11.34352931,  -9.16812224, -10.89989752,
       -10.38581228,  -5.57482468,  -8.44796998,  -6.12102816,
        -7.16793821,  -7.58992014,  -7.76023564, -13.34669087,
       -15.06428591, -13.81547009,  -8.76090983,  -7.8171725 ,
       -13.38508562,  -5.79766565,  -8.88248373,  -9.9943268 ,
        -9.22693997, -13.55931955,  -8.6979303 , -10.84802124,
        -8.21045691,  -9.55838661,  -8.661     , -17.46082654,
       -10.48122222, -10.25894444, -12.09153784, -12.76827497,
       -12.02061958,  -9.27561794, -11.55581152, -12.17920566,
        -9.44361111,  -6.7466856 ,  -6.97846342,  -7.47503902,
        -6.91380371, -12.30803808, -14.39568697,  -9.14196814,
       -22.11549857,  -7.95962232,  -9.88154758,  -5.55360715,
        -9.26586753, -17.02185186,  -8.13369454, -14.34960571,
       -10.31200002]), 'neg_mean_squared_error': array([-182.30384591, -205.5160495 , -102.16433875, -193.93215452,
       -134.49987231,  -46.87296282, -127.66463723, -101.48230189,
        -69.90616695,  -78.16888343, -101.66381753, -300.56220298,
       -428.25794307, -310.1253651 , -102.05252958,  -95.34560592,
       -251.6150571 ,  -43.6857739 ,  -95.78217809, -228.61311941,
       -145.87269409, -335.85996247, -108.50956968, -241.37790943,
       -118.51373701, -258.63942616, -142.79853628, -602.08747298,
       -208.87667801, -146.57451444, -238.43218327, -287.57803789,
       -293.74772143, -121.37696887, -169.30088445, -283.25470723,
       -179.42184921,  -77.19373775,  -73.5393    , -119.06905522,
        -80.7021    , -280.66844572, -402.00266387, -183.21213539,
       -880.42790696, -109.56675283, -165.09768709,  -46.14256771,
       -222.38809539, -488.41654007, -118.9743101 , -372.72257768,
       -241.94516626]), 'max_error': array([-30.70064961, -34.74668562, -14.98259139, -34.61794705,
       -22.0999381 , -15.04461872, -28.83031408, -35.41353506,
       -16.3960348 , -18.26350575, -24.91315908, -33.03101808,
       -62.53506176, -39.16138636, -17.97905486, -16.68725305,
       -32.43837315, -10.10594962, -22.27264643, -48.14697061,
       -31.72654026, -46.24593799, -20.75606365, -47.60219115,
       -31.08809695, -47.17902054, -32.11424256, -64.19210971,
       -34.023364  , -27.66585635, -34.44517027, -40.84349495,
       -46.51326905, -23.84568771, -25.00965184, -48.41883772,
       -39.13243837, -25.00432959, -16.51236585, -35.68692557,
       -21.04475553, -49.5372809 , -51.13403654, -43.46640441,
       -74.62382905, -26.26357937, -33.73375841, -15.13922615,
       -51.294964  , -46.62549795, -33.02680725, -44.27334567,
       -51.12199992]), 'explained_variance': array([-2.22044605e-16,  0.00000000e+00,  1.11022302e-16,  1.11022302e-16,
        0.00000000e+00,  0.00000000e+00,  0.00000000e+00, -2.22044605e-16,
        0.00000000e+00,  3.33066907e-16,  1.11022302e-16,  0.00000000e+00,
       -2.22044605e-16,  1.11022302e-16,  2.22044605e-16,  0.00000000e+00,
        0.00000000e+00,  0.00000000e+00,  0.00000000e+00,  0.00000000e+00,
        2.22044605e-16,  1.11022302e-16, -2.22044605e-16, -2.22044605e-16,
        0.00000000e+00,  0.00000000e+00,  0.00000000e+00,  1.11022302e-16,
        0.00000000e+00, -2.22044605e-16,  0.00000000e+00,  0.00000000e+00,
        0.00000000e+00,  0.00000000e+00,  0.00000000e+00,  3.33066907e-16,
        0.00000000e+00,  0.00000000e+00, -2.22044605e-16,  2.22044605e-16,
        0.00000000e+00,  2.22044605e-16,  0.00000000e+00,  0.00000000e+00,
        0.00000000e+00,  0.00000000e+00,  0.00000000e+00,  0.00000000e+00,
        1.11022302e-16,  0.00000000e+00,  0.00000000e+00, -2.22044605e-16,
       -2.22044605e-16])}
         accs  y_pred (s)  y_true (s)
54     [1, 5]   15.169632      19.499
4    [30, 34]   22.626003      26.335
3    [30, 34]   22.626003      27.642
11   [30, 34]   22.626003      18.893
27   [27, 28]   21.549930      65.978
29   [27, 28]   21.549930      45.143
64     [1, 5]   15.169632      30.560
77   [15, 14]   17.914995      12.834
124  [22, 23]   20.294554      45.263
71     [1, 5]   15.169632       9.629
25   [27, 28]   21.549930      19.467
91     [9, 5]   14.580321      14.879
83   [15, 14]   17.914995      24.338
89   [15, 14]   17.914995      11.455
69     [1, 5]   15.169632       9.069
{'mse': 274.1960768054257, 'mae': 11.42532086153449, 'r2-score': -0.12149824310242785, 'max-error': 64.95482708884275, 'explained variance score': 0.08318317134013642, 'layers': ['conv1', 'conv4']}
