environment: line 5: __conda_exe: command not found
Using device: cuda
Using model: alexnet
Number of videos: 64
Execution type : naive
Using 2 features
Job ID : 28
Plotting ?  yes
Calculate accumulators ?  no
The directory contains : 65 videos
Number of videos in the directory : 65
Number of videos in the dataframe : 64
['conv1', 'pool1', 'conv2', 'pool2', 'conv3', 'conv4', 'conv5', 'pool5', 'fc6', 'fc7', 'output']
{'conv1': {'T_max': 231.03611281514168, 'T_min': 137.700119048357, 'tau': 100, 'alpha': 50}, 'pool1': {'T_max': 172.87935100495815, 'T_min': 96.51064738631248, 'tau': 100, 'alpha': 50}, 'conv2': {'T_max': 260.3908884525299, 'T_min': 138.66424806416035, 'tau': 100, 'alpha': 50}, 'pool2': {'T_max': 218.24047729372978, 'T_min': 114.92713752388954, 'tau': 100, 'alpha': 50}, 'conv3': {'T_max': 202.5564161837101, 'T_min': 107.47291566431522, 'tau': 100, 'alpha': 50}, 'conv4': {'T_max': 134.8227232247591, 'T_min': 73.26437871158123, 'tau': 100, 'alpha': 50}, 'conv5': {'T_max': 76.11463874578476, 'T_min': 41.856537722051144, 'tau': 100, 'alpha': 50}, 'pool5': {'T_max': 61.31686478853226, 'T_min': 33.92191906273365, 'tau': 100, 'alpha': 50}, 'fc6': {'T_max': 34.43132712692022, 'T_min': 18.570100070908666, 'tau': 100, 'alpha': 50}, 'fc7': {'T_max': 20.01874697394669, 'T_min': 10.533724257722497, 'tau': 100, 'alpha': 50}, 'output': {'T_max': 19.02098509296775, 'T_min': 9.621050400659442, 'tau': 100, 'alpha': 50}}
Iterating over following combinations of layers :  [['conv1'], ['pool1'], ['conv2'], ['pool2'], ['conv3'], ['conv4'], ['conv5'], ['pool5'], ['fc6'], ['fc7'], ['output'], ['conv1', 'pool1'], ['conv1', 'conv2'], ['conv1', 'pool2'], ['conv1', 'conv3'], ['conv1', 'conv4'], ['conv1', 'conv5'], ['conv1', 'pool5'], ['conv1', 'fc6'], ['conv1', 'fc7'], ['conv1', 'output'], ['pool1', 'conv2'], ['pool1', 'pool2'], ['pool1', 'conv3'], ['pool1', 'conv4'], ['pool1', 'conv5'], ['pool1', 'pool5'], ['pool1', 'fc6'], ['pool1', 'fc7'], ['pool1', 'output'], ['conv2', 'pool2'], ['conv2', 'conv3'], ['conv2', 'conv4'], ['conv2', 'conv5'], ['conv2', 'pool5'], ['conv2', 'fc6'], ['conv2', 'fc7'], ['conv2', 'output'], ['pool2', 'conv3'], ['pool2', 'conv4'], ['pool2', 'conv5'], ['pool2', 'pool5'], ['pool2', 'fc6'], ['pool2', 'fc7'], ['pool2', 'output'], ['conv3', 'conv4'], ['conv3', 'conv5'], ['conv3', 'pool5'], ['conv3', 'fc6'], ['conv3', 'fc7'], ['conv3', 'output'], ['conv4', 'conv5'], ['conv4', 'pool5'], ['conv4', 'fc6'], ['conv4', 'fc7'], ['conv4', 'output'], ['conv5', 'pool5'], ['conv5', 'fc6'], ['conv5', 'fc7'], ['conv5', 'output'], ['pool5', 'fc6'], ['pool5', 'fc7'], ['pool5', 'output'], ['fc6', 'fc7'], ['fc6', 'output'], ['fc7', 'output']]
[['pool1', 'fc7']]
Generating the training set for videos : 
TRAINING SET : contains 962 samples, 37 patients based on 56 videos
TEST SET : contains 127 samples, 37 patients based on 8 videos
Dataset constituted.
--------------------NAIVE IMPLEMENTATION-------------------
Number of folds : 53
Grid search.
The best parameters are : {'C': 1}
Metrics obtained during CV : 
{'r2': array([-0.40872778, -0.00100914, -0.2433186 , -0.10875703, -0.14189338,
       -0.0133717 , -0.05327535, -0.09578119, -0.01437887, -0.01616162,
       -0.10394218, -0.47917694, -0.31080518, -0.11157799, -0.33433114,
       -0.12084902, -0.06547386, -0.99223846, -0.02814761, -0.14816354,
       -0.06454589, -0.56082656, -0.00492034, -0.32348074, -0.01563825,
       -0.07126126, -0.38897014, -0.34007644, -0.1396135 , -0.01471383,
       -0.01589833, -0.59087381, -0.46804143, -0.04985737, -0.12244493,
       -0.26931068, -0.02569885, -0.03574427, -0.11045479, -0.06360381,
       -0.00516168, -0.39461583, -0.6154512 , -0.20449007, -0.41509911,
       -0.01551584, -0.25699519, -0.05215268, -0.26116645, -0.62726232,
       -0.00147494, -0.17066578, -0.09138005]), 'neg_mean_absolute_error': array([-10.76570287, -11.26559675, -10.17729253, -10.89232534,
       -11.01434745,  -5.55088339,  -8.01937658,  -6.12356752,
        -6.85505097,  -7.66318538,  -7.79119767, -13.43110793,
       -14.49250111, -13.31599667,  -8.44351992,  -7.62638155,
       -13.23306457,  -6.51096723,  -8.67613492,  -9.68432759,
        -9.17311111, -13.58586744,  -8.47058426, -11.05970408,
        -7.8396039 ,  -9.55294973, -10.40661734, -16.23187587,
       -10.48122222, -10.25894444, -11.63898455, -12.95897353,
       -12.61467852,  -9.33523918, -11.32192396, -11.09836809,
        -9.44361111,  -6.75594959,  -6.72703909,  -7.36442174,
        -6.82665079, -13.02754584, -14.25418724,  -9.25744209,
       -21.63097601,  -7.87729212,  -9.88178642,  -5.53785256,
        -9.27876568, -17.36177822,  -8.13979368, -14.20580375,
        -9.88848547]), 'neg_mean_squared_error': array([-157.11167842, -191.05506139, -118.11095782, -195.1704453 ,
       -146.12892318,  -46.76664363, -134.2565536 , -101.76777464,
        -66.18917799,  -78.99377748, -102.84578064, -305.06534887,
       -395.78019164, -283.37846161,  -97.25749458,  -91.60695544,
       -266.65659417,  -56.11812335,  -98.43043603, -212.07179333,
       -153.93316915, -338.48066498, -108.9574028 , -258.81653747,
       -115.59109252, -259.04327632, -193.07085909, -522.21775956,
       -214.68916652, -148.43099384, -199.26881476, -294.64190236,
       -318.91703902, -121.88183538, -159.41500852, -241.00169404,
       -168.45905483,  -76.91510893,  -70.9303029 , -114.23602927,
        -80.9709298 , -316.88817041, -395.68344556, -186.99591175,
       -832.87511612, -104.07794088, -165.10442663,  -45.86537823,
       -222.81266443, -505.93779317, -119.05039134, -354.8504097 ,
       -254.72227509]), 'max_error': array([-32.3619097 , -31.35755395, -17.11306201, -34.76181853,
       -20.39391406, -15.10960223, -30.99028168, -35.46178295,
       -17.58500631, -17.7994926 , -25.10925192, -33.2601501 ,
       -60.98307444, -37.06564558, -18.44293242, -16.14008312,
       -35.32677309, -11.45348884, -24.12978576, -46.75197414,
       -33.65338258, -46.36540349, -21.77912085, -48.78666834,
       -31.92251622, -47.22795247, -37.51909267, -61.13029426,
       -34.62538432, -28.58902303, -29.70863901, -41.18675235,
       -47.84990168, -23.73836948, -23.95715783, -45.90593761,
       -37.29027644, -24.92095369, -16.96492964, -34.88529566,
       -21.30621428, -51.69580418, -50.87933703, -43.81282626,
       -73.17026137, -24.86396602, -33.73433844, -15.22850215,
       -51.32628809, -47.26758108, -33.13049259, -43.12293002,
       -52.81605812]), 'explained_variance': array([-2.22044605e-16,  0.00000000e+00,  1.11022302e-16,  3.33066907e-16,
        0.00000000e+00,  0.00000000e+00,  0.00000000e+00,  0.00000000e+00,
        0.00000000e+00,  3.33066907e-16,  1.11022302e-16,  1.11022302e-16,
        0.00000000e+00,  0.00000000e+00,  2.22044605e-16,  0.00000000e+00,
        0.00000000e+00,  0.00000000e+00,  0.00000000e+00,  0.00000000e+00,
        0.00000000e+00, -2.22044605e-16, -2.22044605e-16,  0.00000000e+00,
        0.00000000e+00,  0.00000000e+00,  0.00000000e+00,  0.00000000e+00,
        0.00000000e+00, -2.22044605e-16, -2.22044605e-16,  0.00000000e+00,
        1.11022302e-16,  0.00000000e+00,  0.00000000e+00,  3.33066907e-16,
        0.00000000e+00,  0.00000000e+00, -2.22044605e-16,  2.22044605e-16,
        0.00000000e+00,  1.11022302e-16, -2.22044605e-16,  0.00000000e+00,
       -2.22044605e-16, -2.22044605e-16, -2.22044605e-16,  0.00000000e+00,
        1.11022302e-16,  0.00000000e+00,  0.00000000e+00, -2.22044605e-16,
       -2.22044605e-16])}
         accs  y_pred (s)  y_true (s)
54     [2, 4]   13.912269      19.499
4    [22, 28]   22.928013      26.335
3    [22, 28]   22.928013      27.642
11   [22, 28]   22.928013      18.893
27   [27, 23]   23.784266      65.978
29   [27, 23]   23.784266      45.143
64     [2, 4]   13.912269      30.560
77   [14, 15]   17.545010      12.834
124  [21, 22]   21.150367      45.263
71     [2, 4]   13.912269       9.629
25   [27, 23]   23.784266      19.467
91     [9, 5]   15.445870      14.879
83   [14, 15]   17.545010      24.338
89   [14, 15]   17.545010      11.455
69     [2, 4]   13.912269       9.069
{'mse': 262.05436006215274, 'mae': 11.233492805207572, 'r2-score': -0.07183701470530979, 'max-error': 64.0869693649838, 'explained variance score': 0.10473636593736424, 'layers': ['pool1', 'fc7']}
