environment: line 5: __conda_exe: command not found
Using device: cuda
Using model: alexnet
Number of videos: 64
Execution type : naive
Using 2 features
Job ID : 41
Plotting ?  yes
Calculate accumulators ?  no
The directory contains : 65 videos
Number of videos in the directory : 65
Number of videos in the dataframe : 64
['conv1', 'pool1', 'conv2', 'pool2', 'conv3', 'conv4', 'conv5', 'pool5', 'fc6', 'fc7', 'output']
{'conv1': {'T_max': 231.03611281514168, 'T_min': 137.700119048357, 'tau': 100, 'alpha': 50}, 'pool1': {'T_max': 172.87935100495815, 'T_min': 96.51064738631248, 'tau': 100, 'alpha': 50}, 'conv2': {'T_max': 260.3908884525299, 'T_min': 138.66424806416035, 'tau': 100, 'alpha': 50}, 'pool2': {'T_max': 218.24047729372978, 'T_min': 114.92713752388954, 'tau': 100, 'alpha': 50}, 'conv3': {'T_max': 202.5564161837101, 'T_min': 107.47291566431522, 'tau': 100, 'alpha': 50}, 'conv4': {'T_max': 134.8227232247591, 'T_min': 73.26437871158123, 'tau': 100, 'alpha': 50}, 'conv5': {'T_max': 76.11463874578476, 'T_min': 41.856537722051144, 'tau': 100, 'alpha': 50}, 'pool5': {'T_max': 61.31686478853226, 'T_min': 33.92191906273365, 'tau': 100, 'alpha': 50}, 'fc6': {'T_max': 34.43132712692022, 'T_min': 18.570100070908666, 'tau': 100, 'alpha': 50}, 'fc7': {'T_max': 20.01874697394669, 'T_min': 10.533724257722497, 'tau': 100, 'alpha': 50}, 'output': {'T_max': 19.02098509296775, 'T_min': 9.621050400659442, 'tau': 100, 'alpha': 50}}
Iterating over following combinations of layers :  [['conv1'], ['pool1'], ['conv2'], ['pool2'], ['conv3'], ['conv4'], ['conv5'], ['pool5'], ['fc6'], ['fc7'], ['output'], ['conv1', 'pool1'], ['conv1', 'conv2'], ['conv1', 'pool2'], ['conv1', 'conv3'], ['conv1', 'conv4'], ['conv1', 'conv5'], ['conv1', 'pool5'], ['conv1', 'fc6'], ['conv1', 'fc7'], ['conv1', 'output'], ['pool1', 'conv2'], ['pool1', 'pool2'], ['pool1', 'conv3'], ['pool1', 'conv4'], ['pool1', 'conv5'], ['pool1', 'pool5'], ['pool1', 'fc6'], ['pool1', 'fc7'], ['pool1', 'output'], ['conv2', 'pool2'], ['conv2', 'conv3'], ['conv2', 'conv4'], ['conv2', 'conv5'], ['conv2', 'pool5'], ['conv2', 'fc6'], ['conv2', 'fc7'], ['conv2', 'output'], ['pool2', 'conv3'], ['pool2', 'conv4'], ['pool2', 'conv5'], ['pool2', 'pool5'], ['pool2', 'fc6'], ['pool2', 'fc7'], ['pool2', 'output'], ['conv3', 'conv4'], ['conv3', 'conv5'], ['conv3', 'pool5'], ['conv3', 'fc6'], ['conv3', 'fc7'], ['conv3', 'output'], ['conv4', 'conv5'], ['conv4', 'pool5'], ['conv4', 'fc6'], ['conv4', 'fc7'], ['conv4', 'output'], ['conv5', 'pool5'], ['conv5', 'fc6'], ['conv5', 'fc7'], ['conv5', 'output'], ['pool5', 'fc6'], ['pool5', 'fc7'], ['pool5', 'output'], ['fc6', 'fc7'], ['fc6', 'output'], ['fc7', 'output']]
[['pool2', 'pool5']]
Generating the training set for videos : 
TRAINING SET : contains 962 samples, 37 patients based on 56 videos
TEST SET : contains 127 samples, 37 patients based on 8 videos
Dataset constituted.
--------------------NAIVE IMPLEMENTATION-------------------
Number of folds : 53
Grid search.
The best parameters are : {'C': 10.0}
Metrics obtained during CV : 
{'r2': array([-1.52217508e-01, -3.20329540e-01, -2.63476654e-01, -4.03963309e-02,
       -1.26652141e-01, -2.13801550e-04, -4.17873257e-02, -1.63577047e-01,
       -2.97117908e-02, -7.67890458e-03, -2.33472631e-01, -4.33440471e-01,
       -1.74027552e-01, -2.32755451e-02, -1.46824338e-01, -1.88004806e-03,
       -2.36773156e-04, -7.43172378e-01, -1.27585738e-04, -1.43791791e-01,
       -7.40187483e-03, -8.25986757e-01, -2.08735426e-04, -1.93385978e-01,
       -8.39401854e-02, -7.27961568e-02, -1.44034769e-01, -2.41277966e-01,
       -1.15293613e-01, -1.53479839e-02, -1.71342168e-01, -2.32190184e-01,
       -9.06783992e-02, -1.54578969e-03, -9.63844617e-02, -2.58901748e-01,
       -5.36948906e-02, -4.88009427e-02, -2.75595255e-02, -1.91148198e-01,
       -3.02011136e-02, -1.67557371e-01, -6.12153026e-01, -1.40522011e-01,
       -2.32296053e-01, -3.48921897e-03, -3.31402128e-01, -1.13049814e-02,
       -1.72191911e-01, -4.17506802e-01, -2.57531441e-05, -1.12918309e-01,
       -2.81785487e-02]), 'neg_mean_absolute_error': array([ -8.6883039 , -14.23558737, -10.26975086, -10.98226143,
        -9.29384919,  -5.25555529,  -8.06642955,  -6.17793587,
        -6.51047307,  -7.60819726,  -8.06173715, -13.25193576,
       -13.66251635, -13.06069396,  -7.48034098,  -7.74752753,
       -13.46878507,  -6.09911125,  -8.87081078,  -9.6670485 ,
        -9.23734542, -14.64940052,  -8.66632597, -10.77919456,
        -7.28126865,  -9.5480089 ,  -9.15272589, -15.62675841,
       -10.48122222, -10.25894444, -11.93484094, -11.37934329,
       -10.89991552,  -8.23400044, -11.21741391, -11.05185099,
        -9.44361111,  -6.72545545,  -6.14055876,  -7.72637958,
        -6.63259445, -12.04559517, -14.23588586,  -8.93621296,
       -20.33489965,  -7.85759161, -10.20612464,  -5.39565424,
        -8.81071497, -16.31830107,  -8.11190793, -14.0574375 ,
       -10.4019032 ]), 'neg_mean_squared_error': array([-128.50376698, -252.00133699, -120.02590302, -183.13716062,
       -144.17849028,  -46.15941277, -132.79222334, -108.0641351 ,
        -67.18966544,  -78.33435306, -114.91313412, -295.6326624 ,
       -354.48200672, -260.86720959,  -83.59039124,  -81.88362522,
       -250.32968012,  -49.10233604,  -95.74791968, -211.26430925,
       -145.67015316, -395.98327415, -108.44655256, -233.37553642,
       -123.36462357, -259.41443311, -159.02413604, -483.71673269,
       -210.10759975, -148.52375702, -229.75917936, -228.21097269,
       -236.93876702, -116.27316441, -155.71377536, -239.0253697 ,
       -173.05707689,  -77.88470659,  -65.63536765, -127.93489386,
        -82.98798465, -265.29536659, -394.87560199, -177.06493279,
       -725.28398388, -102.84535946, -174.87766593,  -44.08474771,
       -207.09336413, -440.72197551, -118.8781197 , -337.34608507,
       -239.97138252]), 'max_error': array([-34.99328173, -27.47945144, -17.30825182, -33.05303283,
       -28.6810449 , -15.99448989, -30.69227952, -36.37692718,
       -19.94601169, -18.14775067, -26.66120115, -32.77382562,
       -58.54460352, -34.16818517, -20.10805793, -17.70467435,
       -31.03536121, -10.74210125, -22.37770295, -46.67421824,
       -31.63289118, -48.72092094, -20.89828315, -46.98275106,
       -36.34745893, -47.27241993, -34.64051101, -59.31494189,
       -34.15735009, -28.62030446, -33.74003425, -37.28336322,
       -42.20473972, -25.72059921, -23.48686258, -45.7663863 ,
       -38.20547279, -25.19540099, -18.29432372, -36.80263875,
       -22.22114997, -48.39692825, -50.84639454, -42.84913889,
       -69.2325484 , -23.00494266, -34.52201698, -16.03429263,
       -50.04915448, -44.69582363, -32.65643473, -41.78087544,
       -50.76238719]), 'explained_variance': array([-2.22044605e-16,  0.00000000e+00,  1.11022302e-16,  1.11022302e-16,
        0.00000000e+00,  0.00000000e+00,  0.00000000e+00, -2.22044605e-16,
        0.00000000e+00,  3.33066907e-16,  0.00000000e+00,  0.00000000e+00,
        0.00000000e+00,  0.00000000e+00,  2.22044605e-16,  0.00000000e+00,
        2.22044605e-16,  0.00000000e+00,  0.00000000e+00,  0.00000000e+00,
        0.00000000e+00, -2.22044605e-16, -2.22044605e-16, -2.22044605e-16,
        0.00000000e+00,  0.00000000e+00, -2.22044605e-16,  0.00000000e+00,
        1.11022302e-16, -2.22044605e-16,  0.00000000e+00,  0.00000000e+00,
        0.00000000e+00,  0.00000000e+00,  0.00000000e+00,  0.00000000e+00,
        0.00000000e+00,  0.00000000e+00,  0.00000000e+00,  5.55111512e-16,
        0.00000000e+00,  1.11022302e-16,  0.00000000e+00,  0.00000000e+00,
       -4.44089210e-16, -2.22044605e-16, -2.22044605e-16,  0.00000000e+00,
        0.00000000e+00,  0.00000000e+00,  0.00000000e+00, -2.22044605e-16,
       -2.22044605e-16])}
         accs  y_pred (s)  y_true (s)
54     [3, 7]   18.286786      19.499
4    [28, 32]   21.486716      26.335
3    [28, 32]   21.486716      27.642
11   [28, 32]   21.486716      18.893
27   [25, 28]   18.337413      65.978
29   [25, 28]   18.337413      45.143
64     [3, 7]   18.286786      30.560
77   [14, 14]   18.108254      12.834
124  [20, 23]   16.235944      45.263
71     [3, 7]   18.286786       9.629
25   [25, 28]   18.337413      19.467
91     [7, 6]   14.002647      14.879
83   [14, 14]   18.108254      24.338
89   [14, 14]   18.108254      11.455
69     [3, 7]   18.286786       9.069
{'mse': 302.7889711349966, 'mae': 11.991273776733621, 'r2-score': -0.23844696508790797, 'max-error': 64.51492502209263, 'explained variance score': 0.013192054817339538, 'layers': ['pool2', 'pool5']}
