environment: line 5: __conda_exe: command not found
Using device: cuda
Using model: alexnet
Number of videos: 64
Execution type : naive
Using 2 features
Job ID : 38
Plotting ?  yes
Calculate accumulators ?  no
The directory contains : 65 videos
Number of videos in the directory : 65
Number of videos in the dataframe : 64
['conv1', 'pool1', 'conv2', 'pool2', 'conv3', 'conv4', 'conv5', 'pool5', 'fc6', 'fc7', 'output']
{'conv1': {'T_max': 231.03611281514168, 'T_min': 137.700119048357, 'tau': 100, 'alpha': 50}, 'pool1': {'T_max': 172.87935100495815, 'T_min': 96.51064738631248, 'tau': 100, 'alpha': 50}, 'conv2': {'T_max': 260.3908884525299, 'T_min': 138.66424806416035, 'tau': 100, 'alpha': 50}, 'pool2': {'T_max': 218.24047729372978, 'T_min': 114.92713752388954, 'tau': 100, 'alpha': 50}, 'conv3': {'T_max': 202.5564161837101, 'T_min': 107.47291566431522, 'tau': 100, 'alpha': 50}, 'conv4': {'T_max': 134.8227232247591, 'T_min': 73.26437871158123, 'tau': 100, 'alpha': 50}, 'conv5': {'T_max': 76.11463874578476, 'T_min': 41.856537722051144, 'tau': 100, 'alpha': 50}, 'pool5': {'T_max': 61.31686478853226, 'T_min': 33.92191906273365, 'tau': 100, 'alpha': 50}, 'fc6': {'T_max': 34.43132712692022, 'T_min': 18.570100070908666, 'tau': 100, 'alpha': 50}, 'fc7': {'T_max': 20.01874697394669, 'T_min': 10.533724257722497, 'tau': 100, 'alpha': 50}, 'output': {'T_max': 19.02098509296775, 'T_min': 9.621050400659442, 'tau': 100, 'alpha': 50}}
Iterating over following combinations of layers :  [['conv1'], ['pool1'], ['conv2'], ['pool2'], ['conv3'], ['conv4'], ['conv5'], ['pool5'], ['fc6'], ['fc7'], ['output'], ['conv1', 'pool1'], ['conv1', 'conv2'], ['conv1', 'pool2'], ['conv1', 'conv3'], ['conv1', 'conv4'], ['conv1', 'conv5'], ['conv1', 'pool5'], ['conv1', 'fc6'], ['conv1', 'fc7'], ['conv1', 'output'], ['pool1', 'conv2'], ['pool1', 'pool2'], ['pool1', 'conv3'], ['pool1', 'conv4'], ['pool1', 'conv5'], ['pool1', 'pool5'], ['pool1', 'fc6'], ['pool1', 'fc7'], ['pool1', 'output'], ['conv2', 'pool2'], ['conv2', 'conv3'], ['conv2', 'conv4'], ['conv2', 'conv5'], ['conv2', 'pool5'], ['conv2', 'fc6'], ['conv2', 'fc7'], ['conv2', 'output'], ['pool2', 'conv3'], ['pool2', 'conv4'], ['pool2', 'conv5'], ['pool2', 'pool5'], ['pool2', 'fc6'], ['pool2', 'fc7'], ['pool2', 'output'], ['conv3', 'conv4'], ['conv3', 'conv5'], ['conv3', 'pool5'], ['conv3', 'fc6'], ['conv3', 'fc7'], ['conv3', 'output'], ['conv4', 'conv5'], ['conv4', 'pool5'], ['conv4', 'fc6'], ['conv4', 'fc7'], ['conv4', 'output'], ['conv5', 'pool5'], ['conv5', 'fc6'], ['conv5', 'fc7'], ['conv5', 'output'], ['pool5', 'fc6'], ['pool5', 'fc7'], ['pool5', 'output'], ['fc6', 'fc7'], ['fc6', 'output'], ['fc7', 'output']]
[['pool2', 'conv3']]
Generating the training set for videos : 
TRAINING SET : contains 962 samples, 37 patients based on 56 videos
TEST SET : contains 127 samples, 37 patients based on 8 videos
Dataset constituted.
--------------------NAIVE IMPLEMENTATION-------------------
Number of folds : 53
Grid search.
The best parameters are : {'C': 10.0}
Metrics obtained during CV : 
{'r2': array([-0.24775719, -0.00543799, -0.20518274, -0.02709859, -0.00994185,
       -0.00184072, -0.01399475, -0.14037665, -0.07759904, -0.00217602,
       -0.08678668, -0.64807496, -0.13080202, -0.02488098, -0.15346284,
       -0.01476973, -0.02748239, -1.19026288, -0.00126787, -0.16127764,
       -0.07146519, -0.86751219, -0.04145994, -0.03495306, -0.02025959,
       -0.09768842, -0.07559518, -0.30551106, -0.20612862, -0.044658  ,
       -0.07683829, -0.40224851, -0.94832664, -0.02361178, -0.36056347,
       -0.24871321, -0.09604091, -0.02024159, -0.00998233, -0.03126115,
       -0.01620958, -0.39382155, -0.68864719, -0.1326761 , -0.1945045 ,
       -0.01386038, -0.31521196, -0.01971478, -0.227651  , -0.46515632,
       -0.0371861 , -0.04862341, -0.00798882]), 'neg_mean_absolute_error': array([ -9.58541603, -11.17403232,  -9.99122395, -11.00765953,
        -9.877471  ,  -5.36884779,  -8.21995096,  -6.15662931,
        -7.19230808,  -7.42126466,  -7.74882279, -14.1917701 ,
       -13.51024354, -13.06504176,  -7.51498529,  -7.5121563 ,
       -13.88379212,  -6.8634637 ,  -8.81982005,  -9.73468453,
        -9.17311111, -14.83459105,  -8.24094444, -10.63555556,
        -7.92155117,  -9.47415566,  -8.74435479, -16.03163885,
       -10.48122222, -10.25894444, -11.66116348, -12.09654428,
       -14.69249284,  -8.91846028, -12.01279213, -11.00540412,
        -9.44361111,  -6.8007495 ,  -5.96446698,  -7.27760942,
        -6.71536895, -13.02436763, -14.64841106,  -8.89212425,
       -20.11416109,  -7.87322332, -10.13893389,  -5.43536713,
        -9.09313691, -16.50435775,  -8.23883901, -14.19362087,
       -10.75849019]), 'neg_mean_squared_error': array([-139.1590544 , -191.9003629 , -114.48818307, -180.79640754,
       -129.24299011,  -46.2344943 , -129.24962071, -105.90945961,
        -70.31435338,  -77.90657328, -101.24753487, -339.89886435,
       -341.43063185, -261.27648875,  -84.07426218,  -82.93709813,
       -257.14845115,  -61.69614963,  -95.85708588, -214.49403738,
       -154.93369885, -404.98847538, -112.91916987, -202.39279649,
       -116.11705348, -265.43366878, -149.51083536, -508.74788891,
       -227.21979741, -152.81118722, -211.22221058, -259.70706591,
       -423.25410804, -118.8348873 , -193.23374437, -237.09089015,
       -180.01191659,  -75.76386901,  -64.51262438, -110.76227574,
        -81.86089521, -316.70769066, -413.61183757, -175.846863  ,
       -703.04126751, -103.90827631, -172.75111166,  -44.45134701,
       -216.89142552, -455.53685311, -123.29555791, -317.85711545,
       -235.25920764]), 'max_error': array([-33.8569397 , -31.93746199, -16.72025055, -32.57046897,
       -23.52721021, -15.60369885, -29.71997727, -36.0899569 ,
       -16.3034293 , -19.33165714, -24.84087768, -34.88014835,
       -57.58020911, -34.25079352, -20.03491995, -16.21398991,
       -28.65618993, -11.95705402, -22.83661956, -46.97858037,
       -33.81296482, -49.05321991, -23.1689225 , -43.44755782,
       -31.73813486, -47.93709902, -33.40759654, -60.52958321,
       -35.72842933, -29.67782256, -31.8249713 , -39.35697463,
       -52.11958711, -24.48857149, -26.94304305, -45.62704568,
       -39.20743228, -24.51775454, -18.82259906, -34.10398482,
       -21.80408972, -51.68626954, -51.58893991, -42.71687275,
       -68.23922489, -24.79479649, -34.35883944, -15.80925291,
       -50.87547536, -45.32841633, -34.81426313, -39.76953303,
       -49.56335949]), 'explained_variance': array([-2.22044605e-16,  0.00000000e+00,  1.11022302e-16,  1.11022302e-16,
        0.00000000e+00,  0.00000000e+00,  0.00000000e+00, -2.22044605e-16,
        0.00000000e+00,  3.33066907e-16,  1.11022302e-16, -2.22044605e-16,
       -2.22044605e-16,  0.00000000e+00,  2.22044605e-16,  0.00000000e+00,
        2.22044605e-16,  0.00000000e+00,  0.00000000e+00, -2.22044605e-16,
        0.00000000e+00, -2.22044605e-16, -2.22044605e-16,  1.11022302e-16,
        0.00000000e+00,  0.00000000e+00, -2.22044605e-16,  1.11022302e-16,
        0.00000000e+00, -2.22044605e-16, -2.22044605e-16,  0.00000000e+00,
        0.00000000e+00,  0.00000000e+00,  0.00000000e+00,  0.00000000e+00,
       -2.22044605e-16,  0.00000000e+00,  0.00000000e+00,  2.22044605e-16,
        0.00000000e+00,  0.00000000e+00,  0.00000000e+00,  0.00000000e+00,
       -2.22044605e-16, -2.22044605e-16,  0.00000000e+00,  0.00000000e+00,
       -2.22044605e-16,  0.00000000e+00,  1.11022302e-16,  0.00000000e+00,
       -2.22044605e-16])}
         accs  y_pred (s)  y_true (s)
54     [3, 5]   16.295054      19.499
4    [28, 30]   27.727485      26.335
3    [28, 30]   27.727485      27.642
11   [28, 30]   27.727485      18.893
27   [25, 28]   24.074996      65.978
29   [25, 28]   24.074996      45.143
64     [3, 5]   16.295054      30.560
77   [14, 14]   16.887277      12.834
124  [20, 22]   17.280745      45.263
71     [3, 5]   16.295054       9.629
25   [25, 28]   24.074996      19.467
91     [7, 7]   16.136874      14.879
83   [14, 14]   16.887277      24.338
89   [14, 14]   16.887277      11.455
69     [3, 5]   16.295054       9.069
{'mse': 260.363016819123, 'mae': 11.175087184007397, 'r2-score': -0.06491919699748361, 'max-error': 64.90448755132026, 'explained variance score': 0.09065264912957005, 'layers': ['pool2', 'conv3']}
