environment: line 5: __conda_exe: command not found
Using device: cuda
Using model: alexnet
Number of videos: 64
Execution type : naive
Using 2 features
Job ID : 23
Plotting ?  yes
Calculate accumulators ?  no
The directory contains : 65 videos
Number of videos in the directory : 65
Number of videos in the dataframe : 64
['conv1', 'pool1', 'conv2', 'pool2', 'conv3', 'conv4', 'conv5', 'pool5', 'fc6', 'fc7', 'output']
{'conv1': {'T_max': 231.03611281514168, 'T_min': 137.700119048357, 'tau': 100, 'alpha': 50}, 'pool1': {'T_max': 172.87935100495815, 'T_min': 96.51064738631248, 'tau': 100, 'alpha': 50}, 'conv2': {'T_max': 260.3908884525299, 'T_min': 138.66424806416035, 'tau': 100, 'alpha': 50}, 'pool2': {'T_max': 218.24047729372978, 'T_min': 114.92713752388954, 'tau': 100, 'alpha': 50}, 'conv3': {'T_max': 202.5564161837101, 'T_min': 107.47291566431522, 'tau': 100, 'alpha': 50}, 'conv4': {'T_max': 134.8227232247591, 'T_min': 73.26437871158123, 'tau': 100, 'alpha': 50}, 'conv5': {'T_max': 76.11463874578476, 'T_min': 41.856537722051144, 'tau': 100, 'alpha': 50}, 'pool5': {'T_max': 61.31686478853226, 'T_min': 33.92191906273365, 'tau': 100, 'alpha': 50}, 'fc6': {'T_max': 34.43132712692022, 'T_min': 18.570100070908666, 'tau': 100, 'alpha': 50}, 'fc7': {'T_max': 20.01874697394669, 'T_min': 10.533724257722497, 'tau': 100, 'alpha': 50}, 'output': {'T_max': 19.02098509296775, 'T_min': 9.621050400659442, 'tau': 100, 'alpha': 50}}
Iterating over following combinations of layers :  [['conv1'], ['pool1'], ['conv2'], ['pool2'], ['conv3'], ['conv4'], ['conv5'], ['pool5'], ['fc6'], ['fc7'], ['output'], ['conv1', 'pool1'], ['conv1', 'conv2'], ['conv1', 'pool2'], ['conv1', 'conv3'], ['conv1', 'conv4'], ['conv1', 'conv5'], ['conv1', 'pool5'], ['conv1', 'fc6'], ['conv1', 'fc7'], ['conv1', 'output'], ['pool1', 'conv2'], ['pool1', 'pool2'], ['pool1', 'conv3'], ['pool1', 'conv4'], ['pool1', 'conv5'], ['pool1', 'pool5'], ['pool1', 'fc6'], ['pool1', 'fc7'], ['pool1', 'output'], ['conv2', 'pool2'], ['conv2', 'conv3'], ['conv2', 'conv4'], ['conv2', 'conv5'], ['conv2', 'pool5'], ['conv2', 'fc6'], ['conv2', 'fc7'], ['conv2', 'output'], ['pool2', 'conv3'], ['pool2', 'conv4'], ['pool2', 'conv5'], ['pool2', 'pool5'], ['pool2', 'fc6'], ['pool2', 'fc7'], ['pool2', 'output'], ['conv3', 'conv4'], ['conv3', 'conv5'], ['conv3', 'pool5'], ['conv3', 'fc6'], ['conv3', 'fc7'], ['conv3', 'output'], ['conv4', 'conv5'], ['conv4', 'pool5'], ['conv4', 'fc6'], ['conv4', 'fc7'], ['conv4', 'output'], ['conv5', 'pool5'], ['conv5', 'fc6'], ['conv5', 'fc7'], ['conv5', 'output'], ['pool5', 'fc6'], ['pool5', 'fc7'], ['pool5', 'output'], ['fc6', 'fc7'], ['fc6', 'output'], ['fc7', 'output']]
[['pool1', 'conv3']]
Generating the training set for videos : 
TRAINING SET : contains 962 samples, 37 patients based on 56 videos
TEST SET : contains 127 samples, 37 patients based on 8 videos
Dataset constituted.
--------------------NAIVE IMPLEMENTATION-------------------
Number of folds : 53
Grid search.
The best parameters are : {'C': 1}
Metrics obtained during CV : 
{'r2': array([-0.31093348, -0.05330641, -0.11463656, -0.13560797, -0.09809594,
       -0.01899158, -0.02962046, -0.09083507, -0.06592533, -0.00735532,
       -0.04863694, -0.51871207, -0.31665131, -0.10265417, -0.3144143 ,
       -0.03438803, -0.00497301, -0.57336928, -0.03813844, -0.09111733,
       -0.07977452, -0.59654254, -0.00291606, -0.30342646, -0.04144767,
       -0.09181213, -0.01825766, -0.33230089, -0.14529646, -0.02309379,
       -0.05086698, -0.66133088, -0.45323279, -0.05255291, -0.14753708,
       -0.392262  , -0.05079788, -0.00826599, -0.15897475, -0.03007967,
       -0.00110298, -0.44762652, -0.67621357, -0.16673478, -0.3772401 ,
       -0.00073044, -0.23720086, -0.05855968, -0.32183622, -0.5828972 ,
       -0.00563033, -0.12681817, -0.06502939]), 'neg_mean_absolute_error': array([-10.0845065 , -11.24274504,  -9.46310242, -10.86546456,
       -10.7497604 ,  -5.60638048,  -8.12403304,  -6.11946073,
        -7.14595262,  -7.60559927,  -7.63595776, -13.57920386,
       -14.52591051, -13.28161958,  -8.34136979,  -7.46880104,
       -13.38739978,  -5.82699314,  -8.6462182 ,  -9.52688889,
        -9.17311111, -13.69293759,  -8.50794169, -11.00404057,
        -8.21196818,  -9.49064986,  -8.661     , -16.18775368,
       -10.48122222, -10.25894444, -11.59161111, -13.31748417,
       -12.54321131,  -9.37089479, -11.41245457, -11.71982635,
        -9.44361111,  -6.84992216,  -7.02889123,  -7.27372502,
        -6.94784792, -13.27362907, -14.58297798,  -9.0752199 ,
       -21.38770075,  -7.81920874,  -9.79861965,  -5.55372338,
        -9.58669088, -17.09552696,  -8.16328682, -14.08175154,
       -10.06907309]), 'neg_mean_squared_error': array([-146.20493863, -201.03664744, -105.8866103 , -199.89691739,
       -140.52413271,  -47.02599881, -131.24136465, -101.30841696,
        -69.5526328 ,  -78.30919852,  -97.69341784, -313.21907102,
       -397.54535227, -281.10347939,  -95.80578458,  -84.54050184,
       -251.51501916,  -44.31925834,  -99.38691536, -201.53506195,
       -156.13522693, -346.22602716, -108.74009089, -254.89477489,
       -118.52849604, -264.01271406, -141.54075489, -519.18768289,
       -215.75976653, -149.65680277, -206.12792866, -307.69108573,
       -315.70001346, -122.19477018, -162.97871559, -264.34623608,
       -172.58127685,  -74.87455203,  -74.02951563, -110.63537967,
        -80.64398069, -328.93339445, -410.56638713, -181.13443898,
       -810.59270227, -102.56261822, -162.5044715 ,  -46.14467187,
       -233.53130786, -492.14408064, -119.54436431, -341.5593888 ,
       -248.57217177]), 'max_error': array([-33.22475844, -34.10838525, -15.60532733, -35.27217331,
       -21.11207893, -14.95896727, -30.32745744, -35.38375393,
       -16.47958005, -18.16420465, -24.12606582, -33.66212476,
       -61.07375709, -36.847924  , -18.59222876, -15.63621981,
       -32.39440427, -10.1855528 , -24.39903623, -45.62308626,
       -33.99471136, -46.7111461 , -21.6110124 , -48.53618258,
       -31.08469659, -47.78865122, -31.75906863, -60.99792769,
       -34.72872083, -28.95991302, -31.10145235, -41.79289293,
       -47.68910044, -23.67418938, -24.36454556, -47.38523429,
       -38.12425132, -24.07520054, -16.43449649, -34.06902518,
       -20.95946719, -52.31179041, -51.47116037, -43.26615969,
       -72.44043559, -23.87654853, -33.50610682, -15.13856753,
       -52.07410643, -46.76466204, -33.52987595, -42.13051232,
       -52.09370765]), 'explained_variance': array([-4.44089210e-16,  0.00000000e+00,  1.11022302e-16,  0.00000000e+00,
        0.00000000e+00,  0.00000000e+00,  0.00000000e+00,  0.00000000e+00,
        0.00000000e+00,  3.33066907e-16,  0.00000000e+00,  0.00000000e+00,
        0.00000000e+00,  0.00000000e+00,  2.22044605e-16,  0.00000000e+00,
        0.00000000e+00,  0.00000000e+00,  0.00000000e+00,  0.00000000e+00,
        0.00000000e+00, -2.22044605e-16, -2.22044605e-16, -2.22044605e-16,
        0.00000000e+00,  0.00000000e+00,  0.00000000e+00,  1.11022302e-16,
        1.11022302e-16, -2.22044605e-16, -2.22044605e-16,  0.00000000e+00,
        1.11022302e-16,  0.00000000e+00,  0.00000000e+00,  3.33066907e-16,
        0.00000000e+00,  0.00000000e+00, -2.22044605e-16,  2.22044605e-16,
        0.00000000e+00,  2.22044605e-16, -2.22044605e-16,  0.00000000e+00,
       -2.22044605e-16, -2.22044605e-16,  0.00000000e+00,  0.00000000e+00,
        0.00000000e+00,  0.00000000e+00,  0.00000000e+00, -2.22044605e-16,
       -2.22044605e-16])}
         accs  y_pred (s)  y_true (s)
54     [2, 5]   14.435382      19.499
4    [22, 30]   23.808037      26.335
3    [22, 30]   23.808037      27.642
11   [22, 30]   23.808037      18.893
27   [27, 28]   23.137978      65.978
29   [27, 28]   23.137978      45.143
64     [2, 5]   14.435382      30.560
77   [14, 14]   17.412988      12.834
124  [21, 22]   19.982264      45.263
71     [2, 5]   14.435382       9.629
25   [27, 28]   23.137978      19.467
91     [9, 7]   16.315423      14.879
83   [14, 14]   17.412988      24.338
89   [14, 14]   17.412988      11.455
69     [2, 5]   14.435382       9.069
{'mse': 262.91283130558384, 'mae': 11.21677883719526, 'r2-score': -0.07534827570684888, 'max-error': 64.72076525942614, 'explained variance score': 0.10363706754403246, 'layers': ['pool1', 'conv3']}
