environment: line 5: __conda_exe: command not found
Using device: cuda
Using model: alexnet
Number of videos: 64
Execution type : naive
Using 2 features
Job ID : 2
Plotting ?  yes
Calculate accumulators ?  no
The directory contains : 65 videos
Number of videos in the directory : 65
Number of videos in the dataframe : 64
['conv1', 'pool1', 'conv2', 'pool2', 'conv3', 'conv4', 'conv5', 'pool5', 'fc6', 'fc7', 'output']
{'conv1': {'T_max': 231.03611281514168, 'T_min': 137.700119048357, 'tau': 100, 'alpha': 50}, 'pool1': {'T_max': 172.87935100495815, 'T_min': 96.51064738631248, 'tau': 100, 'alpha': 50}, 'conv2': {'T_max': 260.3908884525299, 'T_min': 138.66424806416035, 'tau': 100, 'alpha': 50}, 'pool2': {'T_max': 218.24047729372978, 'T_min': 114.92713752388954, 'tau': 100, 'alpha': 50}, 'conv3': {'T_max': 202.5564161837101, 'T_min': 107.47291566431522, 'tau': 100, 'alpha': 50}, 'conv4': {'T_max': 134.8227232247591, 'T_min': 73.26437871158123, 'tau': 100, 'alpha': 50}, 'conv5': {'T_max': 76.11463874578476, 'T_min': 41.856537722051144, 'tau': 100, 'alpha': 50}, 'pool5': {'T_max': 61.31686478853226, 'T_min': 33.92191906273365, 'tau': 100, 'alpha': 50}, 'fc6': {'T_max': 34.43132712692022, 'T_min': 18.570100070908666, 'tau': 100, 'alpha': 50}, 'fc7': {'T_max': 20.01874697394669, 'T_min': 10.533724257722497, 'tau': 100, 'alpha': 50}, 'output': {'T_max': 19.02098509296775, 'T_min': 9.621050400659442, 'tau': 100, 'alpha': 50}}
Iterating over following combinations of layers :  [['conv1'], ['pool1'], ['conv2'], ['pool2'], ['conv3'], ['conv4'], ['conv5'], ['pool5'], ['fc6'], ['fc7'], ['output'], ['conv1', 'pool1'], ['conv1', 'conv2'], ['conv1', 'pool2'], ['conv1', 'conv3'], ['conv1', 'conv4'], ['conv1', 'conv5'], ['conv1', 'pool5'], ['conv1', 'fc6'], ['conv1', 'fc7'], ['conv1', 'output'], ['pool1', 'conv2'], ['pool1', 'pool2'], ['pool1', 'conv3'], ['pool1', 'conv4'], ['pool1', 'conv5'], ['pool1', 'pool5'], ['pool1', 'fc6'], ['pool1', 'fc7'], ['pool1', 'output'], ['conv2', 'pool2'], ['conv2', 'conv3'], ['conv2', 'conv4'], ['conv2', 'conv5'], ['conv2', 'pool5'], ['conv2', 'fc6'], ['conv2', 'fc7'], ['conv2', 'output'], ['pool2', 'conv3'], ['pool2', 'conv4'], ['pool2', 'conv5'], ['pool2', 'pool5'], ['pool2', 'fc6'], ['pool2', 'fc7'], ['pool2', 'output'], ['conv3', 'conv4'], ['conv3', 'conv5'], ['conv3', 'pool5'], ['conv3', 'fc6'], ['conv3', 'fc7'], ['conv3', 'output'], ['conv4', 'conv5'], ['conv4', 'pool5'], ['conv4', 'fc6'], ['conv4', 'fc7'], ['conv4', 'output'], ['conv5', 'pool5'], ['conv5', 'fc6'], ['conv5', 'fc7'], ['conv5', 'output'], ['pool5', 'fc6'], ['pool5', 'fc7'], ['pool5', 'output'], ['fc6', 'fc7'], ['fc6', 'output'], ['fc7', 'output']]
[['conv2']]
Generating the training set for videos : 
TRAINING SET : contains 962 samples, 37 patients based on 56 videos
TEST SET : contains 127 samples, 37 patients based on 8 videos
Dataset constituted.
--------------------NAIVE IMPLEMENTATION-------------------
Number of folds : 53
Grid search.
The best parameters are : {'C': 10.0}
Metrics obtained during CV : 
{'r2': array([-2.66981644e-01, -8.68495631e-04, -9.02059183e-02, -4.32628778e-02,
       -3.83658236e-03, -2.50333140e-03, -1.66321836e-02, -1.40391534e-01,
       -4.77148508e-02, -5.46659711e-04, -6.32971050e-02, -6.23843412e-01,
       -3.09175120e-01, -2.34589650e-02, -1.77721590e-01, -1.55743535e-02,
       -1.82156703e-02, -1.13915014e+00, -5.92247208e-03, -1.61042105e-01,
       -2.17882554e-02, -5.97136464e-01, -9.01061213e-05, -1.55189226e-01,
       -1.97535113e-02, -7.62643616e-02, -4.64499592e-01, -4.25406613e-01,
       -8.28509224e-02, -6.75431995e-03, -2.94508600e-01, -5.69522665e-01,
       -5.10156036e-01, -2.25486089e-02, -3.17694682e-01, -3.59807080e-01,
       -6.66404414e-02, -8.12263624e-03, -3.17078428e-02, -6.81039368e-03,
       -1.62075447e-02, -3.38503803e-01, -6.77602136e-01, -9.54203113e-02,
       -2.20863962e-01, -8.38436347e-03, -3.21307622e-01, -1.97304500e-02,
       -2.41181718e-01, -5.12716841e-01, -2.06211257e-02, -3.09930937e-02,
       -4.14927973e-02]), 'neg_mean_absolute_error': array([ -9.74341336, -11.50485224,  -9.28656814, -10.97736718,
        -9.39624985,  -5.38669207,  -8.20093651,  -6.15663939,
        -7.06449011,  -7.45365572,  -7.68328027, -14.06544731,
       -14.48312977, -13.06119812,  -7.63560796,  -7.50749357,
       -13.76747716,  -6.76423538,  -8.77486545,  -9.73379853,
        -9.17311111, -13.69482447,  -8.65485986, -10.7080056 ,
        -7.91306871,  -9.53703316, -10.86145285, -16.70602448,
       -10.59253399, -10.25894444, -12.33980431, -12.85300467,
       -12.81196276,  -8.89751362, -11.88792912, -11.55772696,
        -9.44361111,  -6.85068032,  -6.17479235,  -7.16904114,
        -6.71538493, -12.79453466, -14.5903151 ,  -8.75830813,
       -20.27015506,  -7.85764251, -10.16442957,  -5.43543215,
        -9.16962171, -16.6814015 ,  -8.20726115, -14.2903756 ,
       -10.26504518]), 'neg_mean_squared_error': array([-141.3031072 , -191.02821795, -103.56578371, -183.64174838,
       -128.46169436,  -46.26507353, -129.58580379, -105.91084199,
        -68.36438209,  -77.77991078,  -99.0591925 , -334.90135168,
       -395.28801748, -260.91396947,  -85.8424479 ,  -83.00286038,
       -254.8292663 ,  -60.25638673,  -96.30269721, -214.45053207,
       -147.75042154, -346.35482645, -108.4336903 , -225.90587654,
       -116.05945583, -260.25308489, -203.56967163, -555.4702879 ,
       -203.9957959 , -147.26668724, -253.91831843, -290.68750813,
       -328.0660086 , -118.71145957, -187.14531338, -258.18408042,
       -175.1832324 ,  -74.86390652,  -65.90034143, -108.13615052,
        -81.86073089, -304.13825127, -410.90649731, -170.06293775,
       -718.55547713, -103.34705184, -173.55176775,  -44.45203025,
       -219.28192392, -470.3240604 , -121.32639581, -312.51303985,
       -243.07885703]), 'max_error': array([-33.65680975, -30.51154393, -15.23264385, -33.14602358,
       -25.35585057, -15.55526437, -29.8404021 , -36.09014833,
       -16.7891376 , -19.12651379, -24.42577506, -34.66195445,
       -60.95763794, -34.17776431, -19.78027208, -16.18445931,
       -29.14364463, -11.83136482, -23.24121096, -46.97459338,
       -32.37332018, -46.71680673, -20.94988064, -46.34205036,
       -31.75722041, -47.37120158, -38.20134594, -62.49380508,
       -33.44759703, -28.11593286, -35.54324627, -40.99600841,
       -48.29379121, -24.52627549, -26.50418104, -47.02051067,
       -38.54414318, -24.06837708, -18.19796721, -33.12687024,
       -21.80401782, -50.99677065, -51.48436718, -42.02727321,
       -68.94119779, -24.52992263, -34.42075753, -15.80888449,
       -51.06122416, -45.9282608 , -34.27743949, -38.99549523,
       -51.3098193 ]), 'explained_variance': array([-2.22044605e-16,  0.00000000e+00,  1.11022302e-16,  0.00000000e+00,
        0.00000000e+00,  0.00000000e+00,  0.00000000e+00, -4.44089210e-16,
        0.00000000e+00,  3.33066907e-16,  3.33066907e-16,  0.00000000e+00,
        0.00000000e+00,  0.00000000e+00,  2.22044605e-16,  0.00000000e+00,
        0.00000000e+00,  0.00000000e+00,  0.00000000e+00,  0.00000000e+00,
        0.00000000e+00, -2.22044605e-16, -2.22044605e-16, -2.22044605e-16,
        0.00000000e+00,  0.00000000e+00, -2.22044605e-16,  0.00000000e+00,
        0.00000000e+00, -2.22044605e-16, -2.22044605e-16,  0.00000000e+00,
        1.11022302e-16,  0.00000000e+00,  0.00000000e+00,  3.33066907e-16,
        0.00000000e+00,  0.00000000e+00,  0.00000000e+00,  2.22044605e-16,
        0.00000000e+00,  0.00000000e+00, -2.22044605e-16,  0.00000000e+00,
        0.00000000e+00, -2.22044605e-16,  0.00000000e+00,  0.00000000e+00,
        1.11022302e-16,  0.00000000e+00, -2.22044605e-16, -2.22044605e-16,
       -2.22044605e-16])}
     accs  y_pred (s)  y_true (s)
54    [2]   13.992885      19.499
4    [31]   25.497090      26.335
3    [31]   25.497090      27.642
11   [31]   25.497090      18.893
27   [27]   20.840818      65.978
29   [27]   20.840818      45.143
64    [2]   13.992885      30.560
77   [14]   17.614866      12.834
124  [21]   18.721761      45.263
71    [2]   13.992885       9.629
25   [27]   20.840818      19.467
91    [6]   16.574021      14.879
83   [14]   17.614866      24.338
89   [14]   17.614866      11.455
69    [2]   13.992885       9.069
{'mse': 268.4770954200231, 'mae': 11.215673568319534, 'r2-score': -0.09810685234735206, 'max-error': 64.65059117489162, 'explained variance score': 0.09575352089505951, 'layers': ['conv2']}
