environment: line 5: __conda_exe: command not found
Using device: cuda
Using model: alexnet
Number of videos: 64
Execution type : naive
Using 2 features
Job ID : 46
Plotting ?  yes
Calculate accumulators ?  no
The directory contains : 65 videos
Number of videos in the directory : 65
Number of videos in the dataframe : 64
['conv1', 'pool1', 'conv2', 'pool2', 'conv3', 'conv4', 'conv5', 'pool5', 'fc6', 'fc7', 'output']
{'conv1': {'T_max': 231.03611281514168, 'T_min': 137.700119048357, 'tau': 100, 'alpha': 50}, 'pool1': {'T_max': 172.87935100495815, 'T_min': 96.51064738631248, 'tau': 100, 'alpha': 50}, 'conv2': {'T_max': 260.3908884525299, 'T_min': 138.66424806416035, 'tau': 100, 'alpha': 50}, 'pool2': {'T_max': 218.24047729372978, 'T_min': 114.92713752388954, 'tau': 100, 'alpha': 50}, 'conv3': {'T_max': 202.5564161837101, 'T_min': 107.47291566431522, 'tau': 100, 'alpha': 50}, 'conv4': {'T_max': 134.8227232247591, 'T_min': 73.26437871158123, 'tau': 100, 'alpha': 50}, 'conv5': {'T_max': 76.11463874578476, 'T_min': 41.856537722051144, 'tau': 100, 'alpha': 50}, 'pool5': {'T_max': 61.31686478853226, 'T_min': 33.92191906273365, 'tau': 100, 'alpha': 50}, 'fc6': {'T_max': 34.43132712692022, 'T_min': 18.570100070908666, 'tau': 100, 'alpha': 50}, 'fc7': {'T_max': 20.01874697394669, 'T_min': 10.533724257722497, 'tau': 100, 'alpha': 50}, 'output': {'T_max': 19.02098509296775, 'T_min': 9.621050400659442, 'tau': 100, 'alpha': 50}}
Iterating over following combinations of layers :  [['conv1'], ['pool1'], ['conv2'], ['pool2'], ['conv3'], ['conv4'], ['conv5'], ['pool5'], ['fc6'], ['fc7'], ['output'], ['conv1', 'pool1'], ['conv1', 'conv2'], ['conv1', 'pool2'], ['conv1', 'conv3'], ['conv1', 'conv4'], ['conv1', 'conv5'], ['conv1', 'pool5'], ['conv1', 'fc6'], ['conv1', 'fc7'], ['conv1', 'output'], ['pool1', 'conv2'], ['pool1', 'pool2'], ['pool1', 'conv3'], ['pool1', 'conv4'], ['pool1', 'conv5'], ['pool1', 'pool5'], ['pool1', 'fc6'], ['pool1', 'fc7'], ['pool1', 'output'], ['conv2', 'pool2'], ['conv2', 'conv3'], ['conv2', 'conv4'], ['conv2', 'conv5'], ['conv2', 'pool5'], ['conv2', 'fc6'], ['conv2', 'fc7'], ['conv2', 'output'], ['pool2', 'conv3'], ['pool2', 'conv4'], ['pool2', 'conv5'], ['pool2', 'pool5'], ['pool2', 'fc6'], ['pool2', 'fc7'], ['pool2', 'output'], ['conv3', 'conv4'], ['conv3', 'conv5'], ['conv3', 'pool5'], ['conv3', 'fc6'], ['conv3', 'fc7'], ['conv3', 'output'], ['conv4', 'conv5'], ['conv4', 'pool5'], ['conv4', 'fc6'], ['conv4', 'fc7'], ['conv4', 'output'], ['conv5', 'pool5'], ['conv5', 'fc6'], ['conv5', 'fc7'], ['conv5', 'output'], ['pool5', 'fc6'], ['pool5', 'fc7'], ['pool5', 'output'], ['fc6', 'fc7'], ['fc6', 'output'], ['fc7', 'output']]
[['conv3', 'conv5']]
Generating the training set for videos : 
TRAINING SET : contains 962 samples, 37 patients based on 56 videos
TEST SET : contains 127 samples, 37 patients based on 8 videos
Dataset constituted.
--------------------NAIVE IMPLEMENTATION-------------------
Number of folds : 53
Grid search.
The best parameters are : {'C': 10.0}
Metrics obtained during CV : 
{'r2': array([-1.12955075e-01, -3.91852570e-02, -9.84155284e-02, -1.47683574e-01,
       -8.45809989e-03, -5.08260139e-03, -3.41325265e-02, -1.25254838e-01,
       -2.45874569e-02, -9.62471544e-02, -3.96098987e-02, -2.90658096e-01,
       -3.22219466e-01, -5.67385606e-02, -2.53672853e-01, -4.99128603e-03,
       -4.63121929e-03, -6.54979531e-01, -9.19023368e-04, -2.19446583e-02,
       -1.35513122e-02, -1.04056812e+00, -1.66436362e-03, -2.22066621e-01,
       -3.21731998e-02, -5.06041026e-02, -1.22204265e-02, -8.68915131e-02,
       -1.93695754e-01, -4.56922532e-02, -8.05425222e-02, -5.30703587e-01,
       -8.66804613e-01, -7.24670953e-03, -7.09360440e-02, -3.08307270e-01,
       -1.05208707e-01, -8.27071013e-03, -1.61067912e-01, -1.85892750e-01,
       -9.93352253e-03, -3.00480931e-01, -5.04663491e-01, -1.80624975e-01,
       -2.09974265e-01, -1.86234331e-03, -3.03159059e-01, -3.99116771e-02,
       -1.92129199e-01, -5.56815377e-01, -5.60646307e-03, -3.54897112e-01,
       -2.79644107e-02]), 'neg_mean_absolute_error': array([ -8.23756371, -12.36240187,  -9.34829266, -10.85425959,
        -9.30685862,  -5.4398995 ,  -8.1014934 ,  -6.14610206,
        -6.9334736 ,  -8.10808488,  -7.60316796, -12.6226021 ,
       -14.55744579, -13.13265754,  -8.00801598,  -7.78648171,
       -13.60033775,  -5.94897078,  -8.89148863,  -9.52688889,
        -9.19675988, -15.70519259,  -8.53849459, -10.82811237,
        -7.25838889,  -9.62550821,  -8.9510369 , -15.06666667,
       -10.48122222, -10.25894444, -11.67143865, -12.66669543,
       -14.34205357,  -8.50822246, -11.10056959, -11.28468332,
        -9.44361111,  -6.84989731,  -7.04283114,  -7.70903697,
        -6.7705165 , -12.62545879, -13.60982086,  -9.14444822,
       -20.20690479,  -7.84811427, -10.08778522,  -5.50454078,
        -8.88076769, -16.93425194,  -8.15081363, -14.60322702,
       -10.40434392]), 'neg_mean_squared_error': array([-124.12493184, -198.34144909, -104.34566821, -202.02254163,
       -129.0531133 ,  -46.38410567, -131.81649847, -104.50506153,
        -66.85529783,  -85.21941983,  -96.85243814, -266.18523534,
       -399.22658435, -269.39805305,  -91.3784272 ,  -82.1379066 ,
       -251.42948001,  -46.61808672,  -95.82368852, -188.75850828,
       -146.55936084, -442.5173624 , -108.60437747, -238.98425034,
       -117.47295651, -254.04813951, -140.70156179, -423.5534874 ,
       -224.87759895, -152.9624765 , -211.94879678, -283.49792035,
       -405.54427741, -116.93500533, -152.09946914, -248.40590581,
       -181.51761953,  -74.87490259,  -74.16321621, -127.37043408,
        -81.35532621, -295.49859718, -368.54745924, -183.29087895,
       -712.14620295, -102.67862462, -171.1679814 ,  -45.33176912,
       -210.61572244, -484.03488977, -119.54152692, -410.69432743,
       -239.92140385]), 'max_error': array([-35.56421929, -28.1839092 , -15.36295117, -35.48506787,
       -25.69553723, -15.41084421, -30.47020848, -35.88993922,
       -17.28700032, -16.18504304, -23.91839707, -31.06148799,
       -61.15935286, -35.5354933 , -19.07943819, -17.95138418,
       -30.20219428, -10.46204942, -22.19160235, -43.53394579,
       -31.99816104, -50.35912222, -21.47352433, -47.42301137,
       -35.170161  , -46.57492614, -28.8626679 , -55.43735149,
       -35.53757576, -29.7072495 , -31.91744789, -40.63981472,
       -51.48879642, -25.22699958, -22.96106316, -46.40616248,
       -39.39267121, -24.07542423, -16.41358662, -36.73991635,
       -21.55592575, -50.48954305, -49.71947755, -43.47384465,
       -68.65657156, -23.16605745, -34.23462126, -15.41726891,
       -50.35972154, -46.46003145, -31.89538941, -46.30231614,
       -50.75262433]), 'explained_variance': array([-2.22044605e-16,  0.00000000e+00,  1.11022302e-16,  0.00000000e+00,
        0.00000000e+00,  0.00000000e+00,  0.00000000e+00,  0.00000000e+00,
       -2.22044605e-16,  3.33066907e-16,  0.00000000e+00,  0.00000000e+00,
        0.00000000e+00,  0.00000000e+00,  2.22044605e-16,  0.00000000e+00,
        0.00000000e+00,  0.00000000e+00,  0.00000000e+00,  0.00000000e+00,
        0.00000000e+00, -2.22044605e-16, -2.22044605e-16, -2.22044605e-16,
        0.00000000e+00,  0.00000000e+00,  0.00000000e+00,  1.11022302e-16,
        0.00000000e+00,  0.00000000e+00,  0.00000000e+00,  0.00000000e+00,
        0.00000000e+00,  2.22044605e-16,  0.00000000e+00,  0.00000000e+00,
       -2.22044605e-16,  0.00000000e+00, -2.22044605e-16,  1.11022302e-16,
        0.00000000e+00,  0.00000000e+00,  0.00000000e+00,  0.00000000e+00,
       -4.44089210e-16, -2.22044605e-16,  0.00000000e+00,  0.00000000e+00,
        0.00000000e+00,  0.00000000e+00,  0.00000000e+00, -2.22044605e-16,
        0.00000000e+00])}
         accs  y_pred (s)  y_true (s)
54     [5, 7]   17.216827      19.499
4    [30, 35]   22.166624      26.335
3    [30, 35]   22.166624      27.642
11   [30, 35]   22.166624      18.893
27   [28, 30]   20.884376      65.978
29   [28, 30]   20.884376      45.143
64     [5, 7]   17.216827      30.560
77   [14, 16]   19.349418      12.834
124  [22, 25]   15.593644      45.263
71     [5, 7]   17.216827       9.629
25   [28, 30]   20.884376      19.467
91     [7, 5]   14.175776      14.879
83   [14, 16]   19.349418      24.338
89   [14, 16]   19.349418      11.455
69     [5, 7]   17.216827       9.069
{'mse': 293.50527688310444, 'mae': 11.932351638345564, 'r2-score': -0.20047542693061549, 'max-error': 64.41510941793453, 'explained variance score': 0.022616006012372902, 'layers': ['conv3', 'conv5']}
