environment: line 5: __conda_exe: command not found
Using device: cuda
Using model: alexnet
Number of videos: 64
Execution type : naive
Using 2 features
Job ID : 10
Plotting ?  yes
Calculate accumulators ?  no
The directory contains : 65 videos
Number of videos in the directory : 65
Number of videos in the dataframe : 64
['conv1', 'pool1', 'conv2', 'pool2', 'conv3', 'conv4', 'conv5', 'pool5', 'fc6', 'fc7', 'output']
{'conv1': {'T_max': 231.03611281514168, 'T_min': 137.700119048357, 'tau': 100, 'alpha': 50}, 'pool1': {'T_max': 172.87935100495815, 'T_min': 96.51064738631248, 'tau': 100, 'alpha': 50}, 'conv2': {'T_max': 260.3908884525299, 'T_min': 138.66424806416035, 'tau': 100, 'alpha': 50}, 'pool2': {'T_max': 218.24047729372978, 'T_min': 114.92713752388954, 'tau': 100, 'alpha': 50}, 'conv3': {'T_max': 202.5564161837101, 'T_min': 107.47291566431522, 'tau': 100, 'alpha': 50}, 'conv4': {'T_max': 134.8227232247591, 'T_min': 73.26437871158123, 'tau': 100, 'alpha': 50}, 'conv5': {'T_max': 76.11463874578476, 'T_min': 41.856537722051144, 'tau': 100, 'alpha': 50}, 'pool5': {'T_max': 61.31686478853226, 'T_min': 33.92191906273365, 'tau': 100, 'alpha': 50}, 'fc6': {'T_max': 34.43132712692022, 'T_min': 18.570100070908666, 'tau': 100, 'alpha': 50}, 'fc7': {'T_max': 20.01874697394669, 'T_min': 10.533724257722497, 'tau': 100, 'alpha': 50}, 'output': {'T_max': 19.02098509296775, 'T_min': 9.621050400659442, 'tau': 100, 'alpha': 50}}
Iterating over following combinations of layers :  [['conv1'], ['pool1'], ['conv2'], ['pool2'], ['conv3'], ['conv4'], ['conv5'], ['pool5'], ['fc6'], ['fc7'], ['output'], ['conv1', 'pool1'], ['conv1', 'conv2'], ['conv1', 'pool2'], ['conv1', 'conv3'], ['conv1', 'conv4'], ['conv1', 'conv5'], ['conv1', 'pool5'], ['conv1', 'fc6'], ['conv1', 'fc7'], ['conv1', 'output'], ['pool1', 'conv2'], ['pool1', 'pool2'], ['pool1', 'conv3'], ['pool1', 'conv4'], ['pool1', 'conv5'], ['pool1', 'pool5'], ['pool1', 'fc6'], ['pool1', 'fc7'], ['pool1', 'output'], ['conv2', 'pool2'], ['conv2', 'conv3'], ['conv2', 'conv4'], ['conv2', 'conv5'], ['conv2', 'pool5'], ['conv2', 'fc6'], ['conv2', 'fc7'], ['conv2', 'output'], ['pool2', 'conv3'], ['pool2', 'conv4'], ['pool2', 'conv5'], ['pool2', 'pool5'], ['pool2', 'fc6'], ['pool2', 'fc7'], ['pool2', 'output'], ['conv3', 'conv4'], ['conv3', 'conv5'], ['conv3', 'pool5'], ['conv3', 'fc6'], ['conv3', 'fc7'], ['conv3', 'output'], ['conv4', 'conv5'], ['conv4', 'pool5'], ['conv4', 'fc6'], ['conv4', 'fc7'], ['conv4', 'output'], ['conv5', 'pool5'], ['conv5', 'fc6'], ['conv5', 'fc7'], ['conv5', 'output'], ['pool5', 'fc6'], ['pool5', 'fc7'], ['pool5', 'output'], ['fc6', 'fc7'], ['fc6', 'output'], ['fc7', 'output']]
[['output']]
Generating the training set for videos : 
TRAINING SET : contains 962 samples, 37 patients based on 56 videos
TEST SET : contains 127 samples, 37 patients based on 8 videos
Dataset constituted.
--------------------NAIVE IMPLEMENTATION-------------------
Number of folds : 53
Grid search.
The best parameters are : {'C': 10.0}
Metrics obtained during CV : 
{'r2': array([-6.38027023e-01, -1.07715652e-01, -8.43330939e-02, -5.93389869e-02,
       -1.73679875e-02, -4.66504430e-03, -5.28506432e-02, -1.71004103e-01,
       -1.60136598e-03, -3.32841821e-02, -1.43479811e-01, -3.26352449e-01,
       -3.16238338e-01, -1.67952554e-01, -4.51340101e-01, -3.06059105e-03,
       -5.91965609e-03, -8.02632202e-01, -2.87024946e-03, -2.33065308e-01,
       -5.15452078e-02, -7.03199431e-01, -4.74088499e-03, -1.92171961e-01,
       -1.23166241e-01, -4.76325639e-02, -3.62533892e-01, -3.18736597e-01,
       -1.28845980e-01, -3.03920736e-02, -1.85364880e-04, -8.78456543e-01,
       -3.93124589e-01, -1.12352742e-01, -9.08846051e-02, -2.20425805e-02,
       -8.65806547e-03, -9.64586797e-03, -1.52522897e-01, -1.03140346e-01,
       -4.11126236e-02, -2.92524074e-01, -4.46162619e-01, -7.29626015e-02,
       -2.77403890e-01, -9.89631076e-02, -2.49016983e-01, -3.88098923e-05,
       -1.17294888e-01, -6.23767968e-01, -2.44332495e-04, -2.69640040e-01,
       -1.13301143e-01]), 'neg_mean_absolute_error': array([-12.09507531, -11.45503268,  -9.24067054, -10.95250903,
        -9.99367112,  -5.16371299,  -8.02101993,  -6.19175207,
        -6.71557135,  -7.74018623,  -7.87713146, -12.79115363,
       -14.52356066, -13.58239807,  -8.99030593,  -7.60666456,
       -13.3820545 ,  -6.20303904,  -8.80028645,  -9.97984287,
        -9.17311111, -14.10095068,  -8.47357159, -10.77704643,
        -9.08272881,  -9.63709265, -10.2371028 , -16.10952925,
       -10.48122222, -10.25894444, -11.87560203, -14.44284419,
       -12.2403782 , -10.00508275, -11.19361156, -10.97759077,
        -9.45676579,  -6.84293637,  -6.9854282 ,  -7.45570832,
        -6.60369633, -12.5887465 , -13.24079474,  -8.70461168,
       -20.68004914,  -7.99045126,  -9.84435942,  -5.27903012,
        -8.75404756, -17.3411562 ,  -8.12518769, -14.43682013,
        -9.75744088]), 'neg_mean_squared_error': array([-182.68481556, -211.42132847, -103.00788575, -186.47156707,
       -130.19331807,  -46.3648356 , -134.20241762, -108.7539033 ,
        -65.35543371,  -80.32484114, -106.52919693, -273.54683632,
       -397.42066242, -297.75022497, -105.78611113,  -81.98011096,
       -251.75193763,  -50.77722278,  -96.01049053, -227.75359337,
       -152.05327219, -369.35562916, -108.93794598, -233.13812636,
       -127.82899136, -253.32958732, -189.39614488, -513.90178125,
       -212.66069913, -150.7243865 , -196.18671203, -347.9044068 ,
       -302.6421194 , -129.13715434, -154.93265937, -194.05335331,
       -165.66030447,  -74.9770228 ,  -73.61740334, -118.48243842,
        -83.86696276, -293.69061999, -354.21844287, -166.57640015,
       -751.83279237, -112.63026418, -164.05650109,  -43.59363342,
       -197.39460306, -504.85135276, -118.90410334, -384.8513348 ,
       -259.83854146]), 'max_error': array([-30.67803795, -35.45287363, -15.13574891, -33.61832836,
       -23.16432124, -16.35915108, -30.97987375, -36.46442978,
       -18.23038146, -17.31182054, -25.65349923, -31.52313127,
       -61.06737894, -38.27571266, -17.64378364, -16.81254222,
       -32.49596441, -10.92161288, -23.01242195, -48.08179294,
       -33.32843021, -47.68613903, -21.76567783, -46.96341791,
       -29.51258814, -46.47066613, -37.26482086, -60.76325443,
       -34.42365233, -29.23043021, -27.75204085, -43.48093296,
       -47.00772594, -22.53265104, -23.37975203, -36.70939434,
       -36.42830393, -24.13807265, -16.49982925, -35.59993743,
       -22.48123304, -50.37940615, -49.05523054, -41.54400516,
       -70.31748076, -26.78767145, -33.6434443 , -16.69516264,
       -49.08580856, -47.22862838, -32.88219076, -44.97106103,
       -53.34023649]), 'explained_variance': array([-2.22044605e-16,  0.00000000e+00,  1.11022302e-16,  1.11022302e-16,
        0.00000000e+00,  0.00000000e+00,  0.00000000e+00, -2.22044605e-16,
        0.00000000e+00,  3.33066907e-16,  1.11022302e-16, -2.22044605e-16,
        0.00000000e+00,  0.00000000e+00,  2.22044605e-16,  0.00000000e+00,
        2.22044605e-16,  0.00000000e+00,  0.00000000e+00,  0.00000000e+00,
        0.00000000e+00, -2.22044605e-16, -2.22044605e-16, -2.22044605e-16,
        0.00000000e+00,  0.00000000e+00,  0.00000000e+00,  1.11022302e-16,
        0.00000000e+00, -2.22044605e-16,  0.00000000e+00,  0.00000000e+00,
        0.00000000e+00,  0.00000000e+00,  0.00000000e+00,  3.33066907e-16,
       -2.22044605e-16,  0.00000000e+00, -2.22044605e-16,  2.22044605e-16,
        0.00000000e+00,  1.11022302e-16, -2.22044605e-16,  0.00000000e+00,
        0.00000000e+00, -2.22044605e-16,  0.00000000e+00,  0.00000000e+00,
        0.00000000e+00,  0.00000000e+00,  0.00000000e+00, -2.22044605e-16,
       -2.22044605e-16])}
     accs  y_pred (s)  y_true (s)
54    [4]   13.995044      19.499
4    [29]   26.979712      26.335
3    [29]   26.979712      27.642
11   [29]   26.979712      18.893
27   [23]   21.034176      65.978
29   [23]   21.034176      45.143
64    [4]   13.995044      30.560
77    [7]   16.406786      12.834
124  [20]   18.329317      45.263
71    [4]   13.995044       9.629
25   [23]   21.034176      19.467
91    [4]   13.995044      14.879
83    [7]   16.406786      24.338
89    [7]   16.406786      11.455
69    [4]   13.995044       9.069
{'mse': 269.06399864627224, 'mae': 11.244798524402473, 'r2-score': -0.10050736421746387, 'max-error': 62.69289267238926, 'explained variance score': 0.09905191807484826, 'layers': ['output']}
