environment: line 5: __conda_exe: command not found
Using device: cuda
Using model: alexnet
Number of videos: 64
Execution type : naive
Using 2 features
Job ID : 29
Plotting ?  yes
Calculate accumulators ?  no
The directory contains : 65 videos
Number of videos in the directory : 65
Number of videos in the dataframe : 64
['conv1', 'pool1', 'conv2', 'pool2', 'conv3', 'conv4', 'conv5', 'pool5', 'fc6', 'fc7', 'output']
{'conv1': {'T_max': 231.03611281514168, 'T_min': 137.700119048357, 'tau': 100, 'alpha': 50}, 'pool1': {'T_max': 172.87935100495815, 'T_min': 96.51064738631248, 'tau': 100, 'alpha': 50}, 'conv2': {'T_max': 260.3908884525299, 'T_min': 138.66424806416035, 'tau': 100, 'alpha': 50}, 'pool2': {'T_max': 218.24047729372978, 'T_min': 114.92713752388954, 'tau': 100, 'alpha': 50}, 'conv3': {'T_max': 202.5564161837101, 'T_min': 107.47291566431522, 'tau': 100, 'alpha': 50}, 'conv4': {'T_max': 134.8227232247591, 'T_min': 73.26437871158123, 'tau': 100, 'alpha': 50}, 'conv5': {'T_max': 76.11463874578476, 'T_min': 41.856537722051144, 'tau': 100, 'alpha': 50}, 'pool5': {'T_max': 61.31686478853226, 'T_min': 33.92191906273365, 'tau': 100, 'alpha': 50}, 'fc6': {'T_max': 34.43132712692022, 'T_min': 18.570100070908666, 'tau': 100, 'alpha': 50}, 'fc7': {'T_max': 20.01874697394669, 'T_min': 10.533724257722497, 'tau': 100, 'alpha': 50}, 'output': {'T_max': 19.02098509296775, 'T_min': 9.621050400659442, 'tau': 100, 'alpha': 50}}
Iterating over following combinations of layers :  [['conv1'], ['pool1'], ['conv2'], ['pool2'], ['conv3'], ['conv4'], ['conv5'], ['pool5'], ['fc6'], ['fc7'], ['output'], ['conv1', 'pool1'], ['conv1', 'conv2'], ['conv1', 'pool2'], ['conv1', 'conv3'], ['conv1', 'conv4'], ['conv1', 'conv5'], ['conv1', 'pool5'], ['conv1', 'fc6'], ['conv1', 'fc7'], ['conv1', 'output'], ['pool1', 'conv2'], ['pool1', 'pool2'], ['pool1', 'conv3'], ['pool1', 'conv4'], ['pool1', 'conv5'], ['pool1', 'pool5'], ['pool1', 'fc6'], ['pool1', 'fc7'], ['pool1', 'output'], ['conv2', 'pool2'], ['conv2', 'conv3'], ['conv2', 'conv4'], ['conv2', 'conv5'], ['conv2', 'pool5'], ['conv2', 'fc6'], ['conv2', 'fc7'], ['conv2', 'output'], ['pool2', 'conv3'], ['pool2', 'conv4'], ['pool2', 'conv5'], ['pool2', 'pool5'], ['pool2', 'fc6'], ['pool2', 'fc7'], ['pool2', 'output'], ['conv3', 'conv4'], ['conv3', 'conv5'], ['conv3', 'pool5'], ['conv3', 'fc6'], ['conv3', 'fc7'], ['conv3', 'output'], ['conv4', 'conv5'], ['conv4', 'pool5'], ['conv4', 'fc6'], ['conv4', 'fc7'], ['conv4', 'output'], ['conv5', 'pool5'], ['conv5', 'fc6'], ['conv5', 'fc7'], ['conv5', 'output'], ['pool5', 'fc6'], ['pool5', 'fc7'], ['pool5', 'output'], ['fc6', 'fc7'], ['fc6', 'output'], ['fc7', 'output']]
[['pool1', 'output']]
Generating the training set for videos : 
TRAINING SET : contains 962 samples, 37 patients based on 56 videos
TEST SET : contains 127 samples, 37 patients based on 8 videos
Dataset constituted.
--------------------NAIVE IMPLEMENTATION-------------------
Number of folds : 53
Grid search.
The best parameters are : {'C': 1}
Metrics obtained during CV : 
{'r2': array([-0.4121247 , -0.00090193, -0.2332801 , -0.08687064, -0.05822376,
       -0.00188852, -0.0637327 , -0.1266753 , -0.00829122, -0.0031272 ,
       -0.11284748, -0.47555025, -0.23248155, -0.0968144 , -0.27807305,
       -0.01024378, -0.00634858, -0.47826989, -0.03938822, -0.17353909,
       -0.07287775, -0.60523526, -0.00257968, -0.31710722, -0.0451803 ,
       -0.08169878, -0.35389682, -0.32452375, -0.15634731, -0.03283934,
       -0.0067765 , -0.71816704, -0.49972361, -0.04438351, -0.10757394,
       -0.1711765 , -0.01555656, -0.02553866, -0.15518531, -0.07135939,
       -0.01484302, -0.34939046, -0.55561004, -0.11232932, -0.3751658 ,
       -0.01639865, -0.25392772, -0.02032477, -0.21058045, -0.55584185,
       -0.00188351, -0.18267277, -0.10591592]), 'neg_mean_absolute_error': array([-10.78780669, -11.26938094, -10.1298198 , -10.91679692,
       -10.4500725 ,  -5.37023323,  -7.98707444,  -6.14711706,
        -6.79371111,  -7.56405537,  -7.81181317, -13.41722161,
       -14.01021713, -13.25830804,  -8.14626439,  -7.54116077,
       -13.37977423,  -5.69864192,  -8.64276753,  -9.77994542,
        -9.17311111, -13.72046084,  -8.5153694 , -11.04220542,
        -8.26249611,  -9.52032531, -10.18038844, -16.14310309,
       -10.48122222, -10.25894444, -11.7070959 , -13.62799701,
       -12.76387568,  -9.25973431, -11.26382878, -10.66784764,
        -9.44361111,  -6.78395957,  -7.00341899,  -7.38161825,
        -6.72630865, -12.84117232, -13.914099  ,  -8.79969862,
       -21.37402643,  -7.87937319,  -9.86746613,  -5.43787877,
        -8.99332187, -16.92815984,  -8.14299692, -14.23689244,
        -9.80004569]), 'neg_mean_squared_error': array([-157.49052826, -191.03459936, -117.15733534, -191.31786393,
       -135.42166087,  -46.23670049, -135.589508  , -104.63698295,
        -65.79195307,  -77.98051553, -103.67541899, -304.31738069,
       -372.13141355, -279.61472738,  -93.15692285,  -82.56719274,
       -251.85928359,  -41.64046294,  -99.50656431, -216.75879113,
       -155.13795501, -348.11112949, -108.70361935, -257.57014904,
       -118.95331175, -261.56719013, -188.19556686, -516.15699287,
       -217.84161066, -151.08236893, -197.47956499, -318.21757416,
       -325.79967056, -121.24635366, -157.30295845, -222.369138  ,
       -166.7933023 ,  -76.15723285,  -73.78746486, -115.06901527,
        -81.7508114 , -306.61194543, -381.0261432 , -172.68804434,
       -809.37184678, -104.16841814, -164.70151875,  -44.47793798,
       -213.87553934, -483.73220622, -119.09896042, -358.48994859,
       -258.11486925]), 'max_error': array([-32.33391152, -31.33358735, -17.01284181, -34.29685858,
       -21.92551749, -15.59993838, -31.23458566, -35.90922419,
       -17.81809777, -18.42731602, -25.23981672, -33.22245864,
       -59.67401792, -36.70028427, -18.87738282, -16.39768487,
       -32.53928969,  -9.83717092, -24.43009223, -47.1822544 ,
       -33.84457913, -46.79371587, -21.57758771, -48.70792439,
       -30.989007  , -47.52157223, -37.17974933, -60.86397595,
       -34.92403451, -29.3136777 , -29.09563694, -42.25866218,
       -48.18559527, -23.87427823, -23.69572949, -44.45612879,
       -36.83426505, -24.66886386, -16.47270485, -35.04006427,
       -21.75486106, -51.13668364, -50.2671782 , -42.35439381,
       -72.39941263, -24.89934424, -33.69956061, -15.79502032,
       -50.63306741, -46.44852415, -33.18494767, -43.37163953,
       -53.16981723]), 'explained_variance': array([-2.22044605e-16,  0.00000000e+00,  1.11022302e-16,  0.00000000e+00,
        0.00000000e+00,  0.00000000e+00,  0.00000000e+00,  0.00000000e+00,
       -2.22044605e-16,  3.33066907e-16,  0.00000000e+00,  1.11022302e-16,
        0.00000000e+00,  0.00000000e+00,  2.22044605e-16,  0.00000000e+00,
        0.00000000e+00,  0.00000000e+00,  0.00000000e+00,  0.00000000e+00,
        0.00000000e+00, -2.22044605e-16, -2.22044605e-16, -2.22044605e-16,
        0.00000000e+00,  0.00000000e+00, -2.22044605e-16,  1.11022302e-16,
        0.00000000e+00,  0.00000000e+00, -2.22044605e-16,  0.00000000e+00,
        1.11022302e-16,  0.00000000e+00,  0.00000000e+00,  0.00000000e+00,
        0.00000000e+00,  0.00000000e+00, -2.22044605e-16,  2.22044605e-16,
        0.00000000e+00,  1.11022302e-16, -2.22044605e-16,  0.00000000e+00,
        0.00000000e+00, -2.22044605e-16,  0.00000000e+00,  0.00000000e+00,
        1.11022302e-16,  0.00000000e+00,  0.00000000e+00, -2.22044605e-16,
       -2.22044605e-16])}
         accs  y_pred (s)  y_true (s)
54     [2, 4]   13.719334      19.499
4    [22, 29]   23.081050      26.335
3    [22, 29]   23.081050      27.642
11   [22, 29]   23.081050      18.893
27   [27, 23]   23.616609      65.978
29   [27, 23]   23.616609      45.143
64     [2, 4]   13.719334      30.560
77    [14, 7]   17.168835      12.834
124  [21, 20]   20.063620      45.263
71     [2, 4]   13.719334       9.629
25   [27, 23]   23.616609      19.467
91     [9, 4]   15.166327      14.879
83    [14, 7]   17.168835      24.338
89    [14, 7]   17.168835      11.455
69     [2, 4]   13.719334       9.069
{'mse': 265.6309565112963, 'mae': 11.279787981526548, 'r2-score': -0.08646576753333535, 'max-error': 64.0328591416869, 'explained variance score': 0.10510912242342563, 'layers': ['pool1', 'output']}
