environment: line 5: __conda_exe: command not found
Using device: cuda
Using model: alexnet
Number of videos: 64
Execution type : naive
Using 2 features
Job ID : 30
Plotting ?  yes
Calculate accumulators ?  no
The directory contains : 65 videos
Number of videos in the directory : 65
Number of videos in the dataframe : 64
['conv1', 'pool1', 'conv2', 'pool2', 'conv3', 'conv4', 'conv5', 'pool5', 'fc6', 'fc7', 'output']
{'conv1': {'T_max': 231.03611281514168, 'T_min': 137.700119048357, 'tau': 100, 'alpha': 50}, 'pool1': {'T_max': 172.87935100495815, 'T_min': 96.51064738631248, 'tau': 100, 'alpha': 50}, 'conv2': {'T_max': 260.3908884525299, 'T_min': 138.66424806416035, 'tau': 100, 'alpha': 50}, 'pool2': {'T_max': 218.24047729372978, 'T_min': 114.92713752388954, 'tau': 100, 'alpha': 50}, 'conv3': {'T_max': 202.5564161837101, 'T_min': 107.47291566431522, 'tau': 100, 'alpha': 50}, 'conv4': {'T_max': 134.8227232247591, 'T_min': 73.26437871158123, 'tau': 100, 'alpha': 50}, 'conv5': {'T_max': 76.11463874578476, 'T_min': 41.856537722051144, 'tau': 100, 'alpha': 50}, 'pool5': {'T_max': 61.31686478853226, 'T_min': 33.92191906273365, 'tau': 100, 'alpha': 50}, 'fc6': {'T_max': 34.43132712692022, 'T_min': 18.570100070908666, 'tau': 100, 'alpha': 50}, 'fc7': {'T_max': 20.01874697394669, 'T_min': 10.533724257722497, 'tau': 100, 'alpha': 50}, 'output': {'T_max': 19.02098509296775, 'T_min': 9.621050400659442, 'tau': 100, 'alpha': 50}}
Iterating over following combinations of layers :  [['conv1'], ['pool1'], ['conv2'], ['pool2'], ['conv3'], ['conv4'], ['conv5'], ['pool5'], ['fc6'], ['fc7'], ['output'], ['conv1', 'pool1'], ['conv1', 'conv2'], ['conv1', 'pool2'], ['conv1', 'conv3'], ['conv1', 'conv4'], ['conv1', 'conv5'], ['conv1', 'pool5'], ['conv1', 'fc6'], ['conv1', 'fc7'], ['conv1', 'output'], ['pool1', 'conv2'], ['pool1', 'pool2'], ['pool1', 'conv3'], ['pool1', 'conv4'], ['pool1', 'conv5'], ['pool1', 'pool5'], ['pool1', 'fc6'], ['pool1', 'fc7'], ['pool1', 'output'], ['conv2', 'pool2'], ['conv2', 'conv3'], ['conv2', 'conv4'], ['conv2', 'conv5'], ['conv2', 'pool5'], ['conv2', 'fc6'], ['conv2', 'fc7'], ['conv2', 'output'], ['pool2', 'conv3'], ['pool2', 'conv4'], ['pool2', 'conv5'], ['pool2', 'pool5'], ['pool2', 'fc6'], ['pool2', 'fc7'], ['pool2', 'output'], ['conv3', 'conv4'], ['conv3', 'conv5'], ['conv3', 'pool5'], ['conv3', 'fc6'], ['conv3', 'fc7'], ['conv3', 'output'], ['conv4', 'conv5'], ['conv4', 'pool5'], ['conv4', 'fc6'], ['conv4', 'fc7'], ['conv4', 'output'], ['conv5', 'pool5'], ['conv5', 'fc6'], ['conv5', 'fc7'], ['conv5', 'output'], ['pool5', 'fc6'], ['pool5', 'fc7'], ['pool5', 'output'], ['fc6', 'fc7'], ['fc6', 'output'], ['fc7', 'output']]
[['conv2', 'pool2']]
Generating the training set for videos : 
TRAINING SET : contains 962 samples, 37 patients based on 56 videos
TEST SET : contains 127 samples, 37 patients based on 8 videos
Dataset constituted.
--------------------NAIVE IMPLEMENTATION-------------------
Number of folds : 53
Grid search.
The best parameters are : {'C': 10.0}
Metrics obtained during CV : 
{'r2': array([-2.75732864e-01, -2.04513643e-02, -7.33166762e-02, -1.04942667e-01,
       -3.51663493e-02, -5.03905867e-04, -1.50391107e-02, -1.55487069e-01,
       -4.51853903e-02, -7.79434882e-03, -4.02509595e-02, -6.81684264e-01,
       -1.39696129e-01, -2.56206497e-02, -8.33074120e-02, -1.45994724e-02,
       -2.19592338e-02, -1.27343656e+00, -1.12266522e-03, -1.48417069e-01,
       -4.38109819e-04, -6.08399137e-01, -4.77418941e-02, -1.82527058e-01,
       -7.46655628e-03, -1.17631381e-01, -2.17128919e-01, -4.10509730e-01,
       -1.07046634e-01, -7.14548545e-03, -2.20878310e-01, -6.24027086e-01,
       -5.38649518e-01, -1.13124016e-02, -2.32480098e-01, -2.25434190e-01,
       -6.46452657e-02, -5.29094063e-03, -1.02620070e-03, -3.43718428e-03,
       -1.62068986e-02, -4.27053025e-01, -6.61145705e-01, -9.45366221e-02,
       -2.74330830e-01, -9.01234834e-03, -3.22761301e-01, -1.97242777e-02,
       -2.08783008e-01, -3.86596167e-01, -1.51760310e-02, -5.41245744e-02,
       -5.12359615e-02]), 'neg_mean_absolute_error': array([ -9.81344758, -12.08274332,  -9.15003738, -10.89639969,
       -10.22597744,  -5.32182581,  -8.2122238 ,  -6.16659591,
        -7.0520147 ,  -7.36329912,  -7.60561256, -14.36313354,
       -13.54342456, -13.06699764,  -7.16654093,  -7.51315905,
       -13.81055564,  -7.02048462,  -8.82210418,  -9.68532179,
        -9.46574714, -13.73042935,  -8.25559828, -10.75973344,
        -7.67024104,  -9.43438889,  -9.49248004, -16.61056432,
       -10.48122222, -10.25894444, -12.10926052, -13.11979289,
       -12.94085011,  -8.63531678, -11.6721386 , -10.89557215,
        -9.44361111,  -6.86732814,  -5.81009188,  -7.14152272,
        -6.71538999, -13.16941127, -14.50287031,  -8.75632327,
       -20.65639169,  -7.85964771, -10.17047392,  -5.43540655,
        -8.98258006, -16.19186871,  -8.19417145, -14.16720137,
       -10.1785155 ]), 'neg_mean_squared_error': array([-142.27910755, -194.76585234, -101.96136424, -194.49901612,
       -132.47098732,  -46.17280095, -129.38274153, -107.31279984,
        -68.1993324 ,  -78.34332739,  -96.91216083, -346.83044489,
       -344.11609008, -261.46505529,  -78.96073307,  -82.92318338,
       -255.76616951,  -64.03901716,  -95.84318432, -212.11862223,
       -144.66319383, -348.79724847, -113.60028398, -231.25199365,
       -114.6610617 , -270.25610539, -169.18443393, -549.66508439,
       -208.55397048, -147.32390641, -239.47571105, -300.78214054,
       -334.25592719, -117.4070066 , -175.04272979, -232.67094585,
       -174.85554808,  -74.65362278,  -63.94055145, -107.77385203,
        -81.86067884, -324.2586317 , -406.87571197, -169.92574586,
       -750.02410231, -103.4114126 , -173.74270641,  -44.45176118,
       -213.55798253, -431.11144244, -120.67910987, -319.52461869,
       -245.35285953]), 'max_error': array([-33.56809973, -28.94298241, -15.00258775, -34.68440592,
       -22.53377552, -15.7426619 , -29.76891594, -36.27932231,
       -16.83654412, -19.69877225, -23.93387956, -35.17613975,
       -57.79035554, -34.28795518, -20.91524604, -16.22034066,
       -28.93448857, -12.15594719, -22.81606235, -46.75644806,
       -30.34663786, -46.82362138, -23.32388449, -46.80760094,
       -32.33477688, -48.41018304, -35.65977345, -62.26635963,
       -33.98757585, -28.1443104 , -34.52492234, -41.4762272 ,
       -48.58378776, -24.99822979, -25.5331237 , -45.29754979,
       -38.49424241, -23.91854678, -19.36508656, -32.87920447,
       -21.80399504, -52.07730036, -51.32696655, -42.00940946,
       -70.24650841, -24.56401108, -34.43543666, -15.80902956,
       -50.60698015, -44.26595363, -34.05491457, -39.98088904,
       -51.65593801]), 'explained_variance': array([-2.22044605e-16,  0.00000000e+00,  1.11022302e-16,  1.11022302e-16,
        0.00000000e+00,  0.00000000e+00,  0.00000000e+00,  0.00000000e+00,
        0.00000000e+00,  3.33066907e-16,  0.00000000e+00,  0.00000000e+00,
       -2.22044605e-16,  0.00000000e+00,  0.00000000e+00,  0.00000000e+00,
        0.00000000e+00,  0.00000000e+00,  0.00000000e+00,  0.00000000e+00,
        2.22044605e-16, -2.22044605e-16, -2.22044605e-16, -2.22044605e-16,
       -2.22044605e-16,  0.00000000e+00,  0.00000000e+00,  0.00000000e+00,
        0.00000000e+00, -2.22044605e-16,  0.00000000e+00, -2.22044605e-16,
        0.00000000e+00,  0.00000000e+00,  0.00000000e+00,  0.00000000e+00,
        0.00000000e+00,  0.00000000e+00,  0.00000000e+00,  2.22044605e-16,
        0.00000000e+00,  0.00000000e+00, -2.22044605e-16,  0.00000000e+00,
       -2.22044605e-16, -2.22044605e-16,  0.00000000e+00,  0.00000000e+00,
        0.00000000e+00,  0.00000000e+00, -2.22044605e-16,  0.00000000e+00,
       -2.22044605e-16])}
         accs  y_pred (s)  y_true (s)
54     [2, 3]   14.588010      19.499
4    [31, 28]   24.941926      26.335
3    [31, 28]   24.941926      27.642
11   [31, 28]   24.941926      18.893
27   [27, 25]   20.332584      65.978
29   [27, 25]   20.332584      45.143
64     [2, 3]   14.588010      30.560
77   [14, 14]   16.666304      12.834
124  [21, 20]   19.039204      45.263
71     [2, 3]   14.588010       9.629
25   [27, 25]   20.332584      19.467
91     [6, 7]   16.830246      14.879
83   [14, 14]   16.666304      24.338
89   [14, 14]   16.666304      11.455
69     [2, 3]   14.588010       9.069
{'mse': 269.8119454867813, 'mae': 11.225708273242967, 'r2-score': -0.10356656578350298, 'max-error': 64.7440059105569, 'explained variance score': 0.0984583886466891, 'layers': ['conv2', 'pool2']}
