environment: line 5: __conda_exe: command not found
Using device: cuda
Using model: alexnet
Number of videos: 64
Execution type : naive
Using 2 features
Job ID : 31
Plotting ?  yes
Calculate accumulators ?  no
The directory contains : 65 videos
Number of videos in the directory : 65
Number of videos in the dataframe : 64
['conv1', 'pool1', 'conv2', 'pool2', 'conv3', 'conv4', 'conv5', 'pool5', 'fc6', 'fc7', 'output']
{'conv1': {'T_max': 231.03611281514168, 'T_min': 137.700119048357, 'tau': 100, 'alpha': 50}, 'pool1': {'T_max': 172.87935100495815, 'T_min': 96.51064738631248, 'tau': 100, 'alpha': 50}, 'conv2': {'T_max': 260.3908884525299, 'T_min': 138.66424806416035, 'tau': 100, 'alpha': 50}, 'pool2': {'T_max': 218.24047729372978, 'T_min': 114.92713752388954, 'tau': 100, 'alpha': 50}, 'conv3': {'T_max': 202.5564161837101, 'T_min': 107.47291566431522, 'tau': 100, 'alpha': 50}, 'conv4': {'T_max': 134.8227232247591, 'T_min': 73.26437871158123, 'tau': 100, 'alpha': 50}, 'conv5': {'T_max': 76.11463874578476, 'T_min': 41.856537722051144, 'tau': 100, 'alpha': 50}, 'pool5': {'T_max': 61.31686478853226, 'T_min': 33.92191906273365, 'tau': 100, 'alpha': 50}, 'fc6': {'T_max': 34.43132712692022, 'T_min': 18.570100070908666, 'tau': 100, 'alpha': 50}, 'fc7': {'T_max': 20.01874697394669, 'T_min': 10.533724257722497, 'tau': 100, 'alpha': 50}, 'output': {'T_max': 19.02098509296775, 'T_min': 9.621050400659442, 'tau': 100, 'alpha': 50}}
Iterating over following combinations of layers :  [['conv1'], ['pool1'], ['conv2'], ['pool2'], ['conv3'], ['conv4'], ['conv5'], ['pool5'], ['fc6'], ['fc7'], ['output'], ['conv1', 'pool1'], ['conv1', 'conv2'], ['conv1', 'pool2'], ['conv1', 'conv3'], ['conv1', 'conv4'], ['conv1', 'conv5'], ['conv1', 'pool5'], ['conv1', 'fc6'], ['conv1', 'fc7'], ['conv1', 'output'], ['pool1', 'conv2'], ['pool1', 'pool2'], ['pool1', 'conv3'], ['pool1', 'conv4'], ['pool1', 'conv5'], ['pool1', 'pool5'], ['pool1', 'fc6'], ['pool1', 'fc7'], ['pool1', 'output'], ['conv2', 'pool2'], ['conv2', 'conv3'], ['conv2', 'conv4'], ['conv2', 'conv5'], ['conv2', 'pool5'], ['conv2', 'fc6'], ['conv2', 'fc7'], ['conv2', 'output'], ['pool2', 'conv3'], ['pool2', 'conv4'], ['pool2', 'conv5'], ['pool2', 'pool5'], ['pool2', 'fc6'], ['pool2', 'fc7'], ['pool2', 'output'], ['conv3', 'conv4'], ['conv3', 'conv5'], ['conv3', 'pool5'], ['conv3', 'fc6'], ['conv3', 'fc7'], ['conv3', 'output'], ['conv4', 'conv5'], ['conv4', 'pool5'], ['conv4', 'fc6'], ['conv4', 'fc7'], ['conv4', 'output'], ['conv5', 'pool5'], ['conv5', 'fc6'], ['conv5', 'fc7'], ['conv5', 'output'], ['pool5', 'fc6'], ['pool5', 'fc7'], ['pool5', 'output'], ['fc6', 'fc7'], ['fc6', 'output'], ['fc7', 'output']]
[['conv2', 'conv3']]
Generating the training set for videos : 
TRAINING SET : contains 962 samples, 37 patients based on 56 videos
TEST SET : contains 127 samples, 37 patients based on 8 videos
Dataset constituted.
--------------------NAIVE IMPLEMENTATION-------------------
Number of folds : 53
Grid search.
The best parameters are : {'C': 10.0}
Metrics obtained during CV : 
{'r2': array([-2.37712961e-01, -4.01195199e-02, -1.30992675e-01, -1.88349922e-02,
       -1.95640458e-02, -2.50483854e-03, -1.25484212e-02, -1.40407089e-01,
       -3.89326316e-02, -2.73528837e-04, -6.48742421e-02, -5.73354005e-01,
       -3.34470987e-01, -5.67788374e-02, -3.00698047e-01, -1.34325127e-02,
       -3.36261181e-02, -9.07539072e-01, -3.19435994e-03, -1.46537133e-01,
       -3.12712537e-02, -7.23177528e-01, -3.90630264e-06, -1.10658670e-01,
       -6.93744003e-02, -6.33554353e-02, -2.95359303e-01, -3.00682324e-01,
       -1.19070133e-01, -1.78363271e-02, -1.99520327e-01, -7.01441596e-01,
       -6.22736431e-01, -3.80746284e-02, -3.68238476e-01, -3.43456904e-01,
       -4.86075069e-02, -6.83242089e-03, -8.35989331e-02, -3.93022162e-02,
       -1.59688556e-02, -3.66156219e-01, -6.55521027e-01, -1.30913410e-01,
       -2.01867592e-01, -1.34610250e-02, -3.05794626e-01, -2.87376820e-02,
       -2.30365755e-01, -6.14807466e-01, -5.10426802e-03, -1.92328077e-02,
       -3.18291354e-02]), 'neg_mean_absolute_error': array([ -9.50042525, -11.1760319 ,  -9.57089998, -11.02677579,
       -10.02736253,  -5.38672976,  -8.23250539,  -6.15664991,
        -7.01958653,  -7.50922917,  -7.68802766, -13.79554647,
       -14.62588673, -13.13272858,  -8.26912781,  -7.52019571,
       -13.95704732,  -6.37741784,  -8.79708589,  -9.67792948,
        -9.17311111, -14.17836828,  -8.62832173, -10.63555556,
        -8.5637767 ,  -9.5792867 ,  -9.85576875, -16.00278151,
       -10.48122222, -10.25894444, -12.03674401, -13.53793866,
       -13.3025076 ,  -9.16667269, -12.03804587, -11.47329222,
        -9.44361111,  -6.85783015,  -6.56931439,  -7.30229747,
        -6.71726159, -12.91159678, -14.47273329,  -8.88204118,
       -20.1587469 ,  -7.87220593, -10.09905537,  -5.46928718,
        -9.10866116, -17.28800999,  -8.16098348, -14.37169508,
       -10.36163791]), 'neg_mean_squared_error': array([-138.03884848, -198.5197648 , -107.44038422, -179.34179702,
       -130.47434924,  -46.26514308, -129.06526388, -105.91228669,
        -67.791334  ,  -77.75867829,  -99.20612221, -324.48841987,
       -402.92576826, -269.40832093,  -94.80602659,  -82.8278078 ,
       -258.68604559,  -53.73227898,  -96.04151947, -211.77138817,
       -149.1216616 , -373.68807681, -108.42434418, -217.19759384,
       -121.70687288, -257.13155822, -180.0586831 , -506.86616622,
       -210.81904981, -148.88774855, -235.28633507, -315.11989531,
       -352.52295212, -120.51393274, -194.32378523, -255.07970235,
       -172.22153355,  -74.76809421,  -69.21488497, -111.6259244 ,
        -81.84150325, -310.42150391, -405.49802128, -175.5732068 ,
       -707.37491465, -103.86734749, -171.51415913,  -44.84467297,
       -217.3710473 , -502.06541194, -119.48182846, -308.94828005,
       -240.82340996]), 'max_error': array([-33.96459468, -33.68586871, -15.83289996, -32.20726008,
       -23.07287312, -15.55516207, -29.64907952, -36.09034837,
       -16.95977119, -18.77454858, -24.45584187, -34.19326478,
       -61.34512112, -35.53684295, -18.69781321, -16.26490616,
       -28.37782019, -11.22281263, -23.04122702, -46.72318267,
       -32.7247901 , -47.86032862, -21.06930223, -45.48500631,
       -30.44670194, -46.99091969, -36.57347968, -60.44301121,
       -34.23306337, -28.73720736, -34.19859805, -42.12357466,
       -49.39751709, -24.04178916, -27.01880427, -46.83053251,
       -38.06129174, -24.00402865, -17.31029262, -34.32617726,
       -21.79557284, -51.347957  , -51.27271992, -42.68662353,
       -68.43986107, -24.77750078, -34.26199162, -15.6170393 ,
       -50.9131771 , -47.12824109, -33.49071923, -38.34493932,
       -50.92344838]), 'explained_variance': array([-2.22044605e-16,  0.00000000e+00,  1.11022302e-16,  0.00000000e+00,
        0.00000000e+00,  0.00000000e+00,  0.00000000e+00,  0.00000000e+00,
        0.00000000e+00,  3.33066907e-16,  0.00000000e+00, -2.22044605e-16,
        0.00000000e+00,  0.00000000e+00,  2.22044605e-16,  0.00000000e+00,
        0.00000000e+00,  0.00000000e+00,  0.00000000e+00, -2.22044605e-16,
        0.00000000e+00,  0.00000000e+00, -2.22044605e-16,  1.11022302e-16,
        0.00000000e+00,  0.00000000e+00,  0.00000000e+00,  1.11022302e-16,
        1.11022302e-16, -2.22044605e-16, -2.22044605e-16,  0.00000000e+00,
        0.00000000e+00,  0.00000000e+00,  0.00000000e+00,  3.33066907e-16,
        0.00000000e+00,  0.00000000e+00,  0.00000000e+00,  2.22044605e-16,
        0.00000000e+00,  2.22044605e-16,  0.00000000e+00,  0.00000000e+00,
        0.00000000e+00, -2.22044605e-16,  0.00000000e+00,  0.00000000e+00,
       -2.22044605e-16,  0.00000000e+00,  0.00000000e+00, -2.22044605e-16,
       -2.22044605e-16])}
         accs  y_pred (s)  y_true (s)
54     [2, 5]   16.586190      19.499
4    [31, 30]   27.809268      26.335
3    [31, 30]   27.809268      27.642
11   [31, 30]   27.809268      18.893
27   [27, 28]   24.577042      65.978
29   [27, 28]   24.577042      45.143
64     [2, 5]   16.586190      30.560
77   [14, 14]   17.867254      12.834
124  [21, 22]   18.279484      45.263
71     [2, 5]   16.586190       9.629
25   [27, 28]   24.577042      19.467
91     [6, 7]   16.572329      14.879
83   [14, 14]   17.867254      24.338
89   [14, 14]   17.867254      11.455
69     [2, 5]   16.586190       9.069
{'mse': 254.6459533197705, 'mae': 11.083460904874476, 'r2-score': -0.041535650650178946, 'max-error': 64.90333427570081, 'explained variance score': 0.09085543103155447, 'layers': ['conv2', 'conv3']}
