environment: line 5: __conda_exe: command not found
Using device: cuda
Using model: alexnet
Number of videos: 64
Execution type : naive
Using 2 features
Job ID : 52
Plotting ?  yes
Calculate accumulators ?  no
The directory contains : 65 videos
Number of videos in the directory : 65
Number of videos in the dataframe : 64
['conv1', 'pool1', 'conv2', 'pool2', 'conv3', 'conv4', 'conv5', 'pool5', 'fc6', 'fc7', 'output']
{'conv1': {'T_max': 231.03611281514168, 'T_min': 137.700119048357, 'tau': 100, 'alpha': 50}, 'pool1': {'T_max': 172.87935100495815, 'T_min': 96.51064738631248, 'tau': 100, 'alpha': 50}, 'conv2': {'T_max': 260.3908884525299, 'T_min': 138.66424806416035, 'tau': 100, 'alpha': 50}, 'pool2': {'T_max': 218.24047729372978, 'T_min': 114.92713752388954, 'tau': 100, 'alpha': 50}, 'conv3': {'T_max': 202.5564161837101, 'T_min': 107.47291566431522, 'tau': 100, 'alpha': 50}, 'conv4': {'T_max': 134.8227232247591, 'T_min': 73.26437871158123, 'tau': 100, 'alpha': 50}, 'conv5': {'T_max': 76.11463874578476, 'T_min': 41.856537722051144, 'tau': 100, 'alpha': 50}, 'pool5': {'T_max': 61.31686478853226, 'T_min': 33.92191906273365, 'tau': 100, 'alpha': 50}, 'fc6': {'T_max': 34.43132712692022, 'T_min': 18.570100070908666, 'tau': 100, 'alpha': 50}, 'fc7': {'T_max': 20.01874697394669, 'T_min': 10.533724257722497, 'tau': 100, 'alpha': 50}, 'output': {'T_max': 19.02098509296775, 'T_min': 9.621050400659442, 'tau': 100, 'alpha': 50}}
Iterating over following combinations of layers :  [['conv1'], ['pool1'], ['conv2'], ['pool2'], ['conv3'], ['conv4'], ['conv5'], ['pool5'], ['fc6'], ['fc7'], ['output'], ['conv1', 'pool1'], ['conv1', 'conv2'], ['conv1', 'pool2'], ['conv1', 'conv3'], ['conv1', 'conv4'], ['conv1', 'conv5'], ['conv1', 'pool5'], ['conv1', 'fc6'], ['conv1', 'fc7'], ['conv1', 'output'], ['pool1', 'conv2'], ['pool1', 'pool2'], ['pool1', 'conv3'], ['pool1', 'conv4'], ['pool1', 'conv5'], ['pool1', 'pool5'], ['pool1', 'fc6'], ['pool1', 'fc7'], ['pool1', 'output'], ['conv2', 'pool2'], ['conv2', 'conv3'], ['conv2', 'conv4'], ['conv2', 'conv5'], ['conv2', 'pool5'], ['conv2', 'fc6'], ['conv2', 'fc7'], ['conv2', 'output'], ['pool2', 'conv3'], ['pool2', 'conv4'], ['pool2', 'conv5'], ['pool2', 'pool5'], ['pool2', 'fc6'], ['pool2', 'fc7'], ['pool2', 'output'], ['conv3', 'conv4'], ['conv3', 'conv5'], ['conv3', 'pool5'], ['conv3', 'fc6'], ['conv3', 'fc7'], ['conv3', 'output'], ['conv4', 'conv5'], ['conv4', 'pool5'], ['conv4', 'fc6'], ['conv4', 'fc7'], ['conv4', 'output'], ['conv5', 'pool5'], ['conv5', 'fc6'], ['conv5', 'fc7'], ['conv5', 'output'], ['pool5', 'fc6'], ['pool5', 'fc7'], ['pool5', 'output'], ['fc6', 'fc7'], ['fc6', 'output'], ['fc7', 'output']]
[['conv4', 'pool5']]
Generating the training set for videos : 
TRAINING SET : contains 962 samples, 37 patients based on 56 videos
TEST SET : contains 127 samples, 37 patients based on 8 videos
Dataset constituted.
--------------------NAIVE IMPLEMENTATION-------------------
Number of folds : 53
Grid search.
The best parameters are : {'C': 10.0}
Metrics obtained during CV : 
{'r2': array([-4.88611354e-01, -3.74341078e-02, -1.27897664e-01, -9.57706994e-02,
       -1.75742588e-01, -2.96902534e-03, -1.11432400e-01, -1.40360111e-01,
       -2.23391300e-02, -6.10612847e-02, -4.66674035e-02, -2.95789937e-01,
       -2.37170980e-01, -6.23421752e-02, -3.48124763e-01, -4.92017502e-05,
       -7.88483458e-03, -4.27193472e-01, -1.00296102e-04, -1.14706382e-02,
       -2.74486297e-04, -5.49057693e-01, -8.93593264e-02, -3.65931892e-01,
       -1.12260538e-02, -4.62477233e-02, -3.88100318e-02, -3.11504434e-01,
       -8.56942624e-02, -1.67513559e-03, -3.56911416e-01, -5.03819912e-01,
       -3.38623886e-01, -2.17634291e-02, -5.99240780e-02, -2.88974478e-01,
       -1.19308804e-02, -6.45034747e-03, -1.07440238e-01, -1.30981000e-01,
       -1.59775722e-02, -3.54557289e-01, -5.73270747e-01, -2.22857700e-01,
       -4.00043758e-01, -6.53821394e-02, -3.21291424e-01, -2.87437333e-02,
       -2.76730476e-01, -4.61866788e-01, -4.30428087e-03, -2.17204044e-01,
       -8.40792177e-02]), 'neg_mean_absolute_error': array([-11.2633529 , -11.16115584,  -9.55104178, -10.90651101,
        -9.40697531,  -5.39784325,  -8.07686793,  -6.15661812,
        -6.91786839,  -7.87470218,  -7.62908228, -12.64614592,
       -14.04119308, -13.14230944,  -8.51249113,  -7.67562171,
       -13.65215269,  -5.62439674,  -8.86941857,  -9.52688889,
        -9.36554255, -13.56001724,  -9.53392564, -11.17460033,
        -7.27172849,  -9.64261477,  -8.661     , -16.06714087,
       -10.57759626, -10.25894444, -12.64264156, -12.55364115,
       -11.94505664,  -8.88172507, -11.0435136 , -11.18385442,
        -9.44361111,  -6.86007491,  -6.70676285,  -7.54957572,
        -6.71719281, -12.86305227, -14.01629571,  -9.33997762,
       -21.53561897,  -8.29221396, -10.16436214,  -5.46930798,
        -9.36090209, -16.49182878,  -8.13832633, -14.3210042 ,
        -9.93556679]), 'neg_mean_squared_error': array([-166.02088173, -198.00722044, -107.14636888, -192.88450815,
       -150.46063043,  -46.28656509, -141.66958636, -105.90792368,
        -66.70859237,  -82.48416128,  -97.50993145, -267.24362605,
       -373.54732511, -270.82660208,  -98.26289231,  -81.73399021,
       -252.24376368,  -40.20172323,  -95.74530709, -186.82390214,
       -144.6395339 , -335.92846987, -118.11260916, -267.11817803,
       -115.08893493, -252.99471697, -144.39759369, -511.08346142,
       -204.53144619, -146.52371089, -266.15865281, -278.51885968,
       -290.80239711, -118.62030513, -150.53549695, -244.73522394,
       -166.1978261 ,  -74.73972116,  -70.73774837, -121.472655  ,
        -81.84220543, -307.78596532, -385.35190087, -189.84746844,
       -824.0140931 , -109.18862606, -173.54964017,  -44.84493676,
       -225.5623903 , -454.51409339, -119.38672994, -368.95701654,
       -253.01830013]), 'max_error': array([-31.73155299, -33.59165366, -15.7909771 , -34.49229074,
       -29.3975103 , -15.52499689, -32.15316354, -36.0897442 ,
       -17.3463001 , -16.7416655 , -24.08252109, -31.12953892,
       -59.75809551, -35.71887933, -18.34212835, -17.24927082,
       -29.87403295,  -9.86735171, -22.39023284, -42.97623758,
       -30.79755852, -46.24907757, -17.9360564 , -49.29246766,
       -34.38694362, -46.42096711, -32.48865074, -60.63608929,
       -33.51481685, -27.61695618, -36.3098185 , -40.3854426 ,
       -46.34325243, -24.55469488, -22.70431122, -46.16239658,
       -36.63565751, -23.98382583, -17.00142688, -36.02234073,
       -21.79588235, -51.20232347, -50.45113228, -44.06043285,
       -72.88419025, -21.01433753, -34.42059378, -15.61692146,
       -51.52576223, -45.28581784, -31.99645244, -44.0445336 ,
       -52.62773283]), 'explained_variance': array([-2.22044605e-16,  1.11022302e-16,  1.11022302e-16,  1.11022302e-16,
        0.00000000e+00,  0.00000000e+00,  0.00000000e+00,  0.00000000e+00,
        0.00000000e+00,  3.33066907e-16,  0.00000000e+00,  0.00000000e+00,
        0.00000000e+00,  0.00000000e+00,  2.22044605e-16,  0.00000000e+00,
        0.00000000e+00,  0.00000000e+00,  0.00000000e+00,  0.00000000e+00,
        2.22044605e-16,  1.11022302e-16, -2.22044605e-16, -2.22044605e-16,
       -2.22044605e-16,  0.00000000e+00, -2.22044605e-16,  1.11022302e-16,
        0.00000000e+00, -2.22044605e-16,  0.00000000e+00,  0.00000000e+00,
        0.00000000e+00,  0.00000000e+00,  0.00000000e+00,  3.33066907e-16,
       -2.22044605e-16,  0.00000000e+00, -2.22044605e-16,  1.11022302e-16,
        0.00000000e+00,  1.11022302e-16,  0.00000000e+00,  0.00000000e+00,
       -2.22044605e-16,  0.00000000e+00,  0.00000000e+00,  0.00000000e+00,
        0.00000000e+00,  0.00000000e+00,  2.22044605e-16, -2.22044605e-16,
        0.00000000e+00])}
         accs  y_pred (s)  y_true (s)
54     [5, 7]   16.069958      19.499
4    [34, 32]   25.263983      26.335
3    [34, 32]   25.263983      27.642
11   [34, 32]   25.263983      18.893
27   [28, 28]   21.430710      65.978
29   [28, 28]   21.430710      45.143
64     [5, 7]   16.069958      30.560
77   [14, 14]   18.855655      12.834
124  [23, 23]   19.852699      45.263
71     [5, 7]   16.069958       9.629
25   [28, 28]   21.430710      19.467
91     [5, 6]   15.204565      14.879
83   [14, 14]   18.855655      24.338
89   [14, 14]   18.855655      11.455
69     [5, 7]   16.069958       9.069
{'mse': 264.03463587393014, 'mae': 11.251585370842148, 'r2-score': -0.0799366048586092, 'max-error': 63.635110567396545, 'explained variance score': 0.07969100889669711, 'layers': ['conv4', 'pool5']}
