environment: line 5: __conda_exe: command not found
Using device: cuda
Using model: alexnet
Number of videos: 64
Execution type : naive
Using 2 features
Job ID : 11
Plotting ?  yes
Calculate accumulators ?  no
The directory contains : 65 videos
Number of videos in the directory : 65
Number of videos in the dataframe : 64
['conv1', 'pool1', 'conv2', 'pool2', 'conv3', 'conv4', 'conv5', 'pool5', 'fc6', 'fc7', 'output']
{'conv1': {'T_max': 231.03611281514168, 'T_min': 137.700119048357, 'tau': 100, 'alpha': 50}, 'pool1': {'T_max': 172.87935100495815, 'T_min': 96.51064738631248, 'tau': 100, 'alpha': 50}, 'conv2': {'T_max': 260.3908884525299, 'T_min': 138.66424806416035, 'tau': 100, 'alpha': 50}, 'pool2': {'T_max': 218.24047729372978, 'T_min': 114.92713752388954, 'tau': 100, 'alpha': 50}, 'conv3': {'T_max': 202.5564161837101, 'T_min': 107.47291566431522, 'tau': 100, 'alpha': 50}, 'conv4': {'T_max': 134.8227232247591, 'T_min': 73.26437871158123, 'tau': 100, 'alpha': 50}, 'conv5': {'T_max': 76.11463874578476, 'T_min': 41.856537722051144, 'tau': 100, 'alpha': 50}, 'pool5': {'T_max': 61.31686478853226, 'T_min': 33.92191906273365, 'tau': 100, 'alpha': 50}, 'fc6': {'T_max': 34.43132712692022, 'T_min': 18.570100070908666, 'tau': 100, 'alpha': 50}, 'fc7': {'T_max': 20.01874697394669, 'T_min': 10.533724257722497, 'tau': 100, 'alpha': 50}, 'output': {'T_max': 19.02098509296775, 'T_min': 9.621050400659442, 'tau': 100, 'alpha': 50}}
Iterating over following combinations of layers :  [['conv1'], ['pool1'], ['conv2'], ['pool2'], ['conv3'], ['conv4'], ['conv5'], ['pool5'], ['fc6'], ['fc7'], ['output'], ['conv1', 'pool1'], ['conv1', 'conv2'], ['conv1', 'pool2'], ['conv1', 'conv3'], ['conv1', 'conv4'], ['conv1', 'conv5'], ['conv1', 'pool5'], ['conv1', 'fc6'], ['conv1', 'fc7'], ['conv1', 'output'], ['pool1', 'conv2'], ['pool1', 'pool2'], ['pool1', 'conv3'], ['pool1', 'conv4'], ['pool1', 'conv5'], ['pool1', 'pool5'], ['pool1', 'fc6'], ['pool1', 'fc7'], ['pool1', 'output'], ['conv2', 'pool2'], ['conv2', 'conv3'], ['conv2', 'conv4'], ['conv2', 'conv5'], ['conv2', 'pool5'], ['conv2', 'fc6'], ['conv2', 'fc7'], ['conv2', 'output'], ['pool2', 'conv3'], ['pool2', 'conv4'], ['pool2', 'conv5'], ['pool2', 'pool5'], ['pool2', 'fc6'], ['pool2', 'fc7'], ['pool2', 'output'], ['conv3', 'conv4'], ['conv3', 'conv5'], ['conv3', 'pool5'], ['conv3', 'fc6'], ['conv3', 'fc7'], ['conv3', 'output'], ['conv4', 'conv5'], ['conv4', 'pool5'], ['conv4', 'fc6'], ['conv4', 'fc7'], ['conv4', 'output'], ['conv5', 'pool5'], ['conv5', 'fc6'], ['conv5', 'fc7'], ['conv5', 'output'], ['pool5', 'fc6'], ['pool5', 'fc7'], ['pool5', 'output'], ['fc6', 'fc7'], ['fc6', 'output'], ['fc7', 'output']]
[['conv1', 'pool1']]
Generating the training set for videos : 
TRAINING SET : contains 962 samples, 37 patients based on 56 videos
TEST SET : contains 127 samples, 37 patients based on 8 videos
Dataset constituted.
--------------------NAIVE IMPLEMENTATION-------------------
Number of folds : 53
Grid search.
The best parameters are : {'C': 1}
Metrics obtained during CV : 
{'r2': array([-2.42793210e-01, -5.68416109e-02, -2.44128910e-01, -2.24709470e-01,
       -5.40786660e-02, -2.11239876e-02, -1.10495702e-02, -8.38633291e-02,
       -7.95831723e-02, -2.36446889e-03, -5.35043546e-02, -5.37294852e-01,
       -2.35102905e-01, -1.91705194e-01, -3.83125828e-01, -2.31718247e-02,
       -2.60278129e-03, -5.58911733e-01, -3.63009755e-02, -1.09740120e-01,
       -1.12013544e-01, -4.55167750e-01, -3.50984334e-04, -3.27669031e-01,
       -1.14335167e-02, -1.03132247e-01, -6.71662527e-02, -3.46117423e-01,
       -1.07743102e-01, -2.01432202e-02, -3.89417908e-02, -5.75634142e-01,
       -4.25406190e-01, -5.98141878e-02, -8.04648444e-02, -3.79554115e-01,
       -6.60817269e-02, -2.79598178e-02, -2.14955158e-01, -1.70401056e-02,
       -5.87943282e-04, -3.81587113e-01, -6.75155768e-01, -1.41540563e-01,
       -4.16284851e-01, -4.14153333e-04, -2.20519951e-01, -6.47792516e-02,
       -3.19152944e-01, -4.45926083e-01, -9.33227549e-03, -1.97424413e-01,
       -7.77066020e-02]), 'neg_mean_absolute_error': array([ -9.54363234, -11.25917719, -10.18108145, -10.90731799,
       -10.41361402,  -5.62522912,  -8.25301411,  -6.1134772 ,
        -7.19983077,  -7.55389888,  -7.65237476, -13.64686043,
       -14.02757055, -13.70013676,  -8.68160417,  -7.48460623,
       -13.40363776,  -5.80820704,  -8.65139581,  -9.55709343,
        -9.17311111, -13.3429763 ,  -8.67624554, -11.07110943,
        -7.75366361,  -9.4593127 ,  -8.7030081 , -16.26580814,
       -10.48122222, -10.25894444, -11.59161111, -12.8835368 ,
       -12.40568633,  -9.46263027, -11.14645176, -11.65718523,
        -9.44361111,  -6.77687056,  -7.37477263,  -7.22432836,
        -6.98360371, -12.97500235, -14.57738353,  -8.94184531,
       -21.63841219,  -7.81523321,  -9.73984227,  -5.56831854,
        -9.57372031, -16.43047282,  -8.17711961, -14.27372028,
        -9.9783627 ]), 'neg_mean_squared_error': array([-138.60543524, -201.71138413, -118.18793439, -215.58112831,
       -134.89121018,  -47.12440836, -128.87421168, -100.66093477,
        -70.44382012,  -77.92122256,  -98.14687746, -317.0515827 ,
       -372.92289734, -303.80556852, -100.81407007,  -83.62380146,
       -250.92182197,  -43.9120128 ,  -99.21100466, -204.97478799,
       -160.7969841 , -315.56750777, -108.46197574, -259.63558983,
       -115.11254656, -266.75004807, -148.33919028, -524.57188426,
       -208.68517643, -149.22519782, -203.78879864, -291.81940005,
       -309.65496827, -123.0377588 , -153.45279502, -261.93341379,
       -175.09147006,  -76.33702978,  -77.60526424, -109.23486948,
        -80.60249186, -313.92775109, -410.30729199, -177.223062  ,
       -833.57300061, -102.53020288, -160.31345886,  -46.41579498,
       -233.05724809, -449.55791307, -119.98443309, -362.96144525,
       -251.53096566]), 'max_error': array([-33.90986571, -34.21245551, -17.12106083, -36.67568063,
       -22.02447622, -14.90780667, -29.5711464 , -35.27006671,
       -16.27484308, -18.49164042, -24.23004018, -33.84576402,
       -59.72112007, -38.72311968, -18.09496313, -15.93651834,
       -32.08588251, -10.13456196, -24.35243774, -46.02284087,
       -34.6229005 , -45.27239333, -20.85364506, -48.83799243,
       -32.11588187, -48.07068574, -33.22153646, -61.23209109,
       -34.00216084, -28.83848851, -30.70649609, -41.05096624,
       -47.37966925, -23.50906552, -23.16753292, -47.24429176,
       -38.53024553, -24.73266498, -15.91567438, -33.6244552 ,
       -20.87901666, -51.53817371, -51.46109035, -42.86603593,
       -73.19256991, -23.80896459, -33.30626373, -15.05586163,
       -52.04260647, -45.07720757, -33.76503333, -43.66626223,
       -52.4565492 ]), 'explained_variance': array([-2.22044605e-16,  0.00000000e+00,  1.11022302e-16,  1.11022302e-16,
        0.00000000e+00,  0.00000000e+00,  0.00000000e+00,  0.00000000e+00,
        0.00000000e+00,  3.33066907e-16,  0.00000000e+00,  0.00000000e+00,
       -2.22044605e-16,  0.00000000e+00,  2.22044605e-16,  0.00000000e+00,
        2.22044605e-16,  0.00000000e+00,  0.00000000e+00,  0.00000000e+00,
        2.22044605e-16,  1.11022302e-16, -2.22044605e-16,  1.11022302e-16,
       -2.22044605e-16,  0.00000000e+00, -2.22044605e-16,  0.00000000e+00,
        1.11022302e-16, -2.22044605e-16, -2.22044605e-16,  0.00000000e+00,
        0.00000000e+00,  0.00000000e+00,  0.00000000e+00,  0.00000000e+00,
       -2.22044605e-16,  0.00000000e+00,  0.00000000e+00,  0.00000000e+00,
        0.00000000e+00,  0.00000000e+00,  0.00000000e+00,  0.00000000e+00,
        0.00000000e+00, -2.22044605e-16,  0.00000000e+00,  0.00000000e+00,
        0.00000000e+00,  0.00000000e+00,  0.00000000e+00, -2.22044605e-16,
       -2.22044605e-16])}
         accs  y_pred (s)  y_true (s)
54     [1, 2]   14.040878      19.499
4    [30, 22]   20.082842      26.335
3    [30, 22]   20.082842      27.642
11   [30, 22]   20.082842      18.893
27   [27, 27]   23.022061      65.978
29   [27, 27]   23.022061      45.143
64     [1, 2]   14.040878      30.560
77   [15, 14]   16.928002      12.834
124  [22, 21]   21.065348      45.263
71     [1, 2]   14.040878       9.629
25   [27, 27]   23.022061      19.467
91     [9, 9]   16.483460      14.879
83   [15, 14]   16.928002      24.338
89   [15, 14]   16.928002      11.455
69     [1, 2]   14.040878       9.069
{'mse': 272.4514816782089, 'mae': 11.42864912859904, 'r2-score': -0.11436261814056103, 'max-error': 64.53129716675133, 'explained variance score': 0.09102385450743833, 'layers': ['conv1', 'pool1']}
