environment: line 5: __conda_exe: command not found
Using device: cuda
Using model: alexnet
Number of videos: 64
Execution type : naive
Using 2 features
Job ID : 65
Plotting ?  yes
Calculate accumulators ?  no
The directory contains : 65 videos
Number of videos in the directory : 65
Number of videos in the dataframe : 64
['conv1', 'pool1', 'conv2', 'pool2', 'conv3', 'conv4', 'conv5', 'pool5', 'fc6', 'fc7', 'output']
{'conv1': {'T_max': 231.03611281514168, 'T_min': 137.700119048357, 'tau': 100, 'alpha': 50}, 'pool1': {'T_max': 172.87935100495815, 'T_min': 96.51064738631248, 'tau': 100, 'alpha': 50}, 'conv2': {'T_max': 260.3908884525299, 'T_min': 138.66424806416035, 'tau': 100, 'alpha': 50}, 'pool2': {'T_max': 218.24047729372978, 'T_min': 114.92713752388954, 'tau': 100, 'alpha': 50}, 'conv3': {'T_max': 202.5564161837101, 'T_min': 107.47291566431522, 'tau': 100, 'alpha': 50}, 'conv4': {'T_max': 134.8227232247591, 'T_min': 73.26437871158123, 'tau': 100, 'alpha': 50}, 'conv5': {'T_max': 76.11463874578476, 'T_min': 41.856537722051144, 'tau': 100, 'alpha': 50}, 'pool5': {'T_max': 61.31686478853226, 'T_min': 33.92191906273365, 'tau': 100, 'alpha': 50}, 'fc6': {'T_max': 34.43132712692022, 'T_min': 18.570100070908666, 'tau': 100, 'alpha': 50}, 'fc7': {'T_max': 20.01874697394669, 'T_min': 10.533724257722497, 'tau': 100, 'alpha': 50}, 'output': {'T_max': 19.02098509296775, 'T_min': 9.621050400659442, 'tau': 100, 'alpha': 50}}
Iterating over following combinations of layers :  [['conv1'], ['pool1'], ['conv2'], ['pool2'], ['conv3'], ['conv4'], ['conv5'], ['pool5'], ['fc6'], ['fc7'], ['output'], ['conv1', 'pool1'], ['conv1', 'conv2'], ['conv1', 'pool2'], ['conv1', 'conv3'], ['conv1', 'conv4'], ['conv1', 'conv5'], ['conv1', 'pool5'], ['conv1', 'fc6'], ['conv1', 'fc7'], ['conv1', 'output'], ['pool1', 'conv2'], ['pool1', 'pool2'], ['pool1', 'conv3'], ['pool1', 'conv4'], ['pool1', 'conv5'], ['pool1', 'pool5'], ['pool1', 'fc6'], ['pool1', 'fc7'], ['pool1', 'output'], ['conv2', 'pool2'], ['conv2', 'conv3'], ['conv2', 'conv4'], ['conv2', 'conv5'], ['conv2', 'pool5'], ['conv2', 'fc6'], ['conv2', 'fc7'], ['conv2', 'output'], ['pool2', 'conv3'], ['pool2', 'conv4'], ['pool2', 'conv5'], ['pool2', 'pool5'], ['pool2', 'fc6'], ['pool2', 'fc7'], ['pool2', 'output'], ['conv3', 'conv4'], ['conv3', 'conv5'], ['conv3', 'pool5'], ['conv3', 'fc6'], ['conv3', 'fc7'], ['conv3', 'output'], ['conv4', 'conv5'], ['conv4', 'pool5'], ['conv4', 'fc6'], ['conv4', 'fc7'], ['conv4', 'output'], ['conv5', 'pool5'], ['conv5', 'fc6'], ['conv5', 'fc7'], ['conv5', 'output'], ['pool5', 'fc6'], ['pool5', 'fc7'], ['pool5', 'output'], ['fc6', 'fc7'], ['fc6', 'output'], ['fc7', 'output']]
[['fc7', 'output']]
Generating the training set for videos : 
TRAINING SET : contains 962 samples, 37 patients based on 56 videos
TEST SET : contains 127 samples, 37 patients based on 8 videos
Dataset constituted.
--------------------NAIVE IMPLEMENTATION-------------------
Number of folds : 53
Grid search.
The best parameters are : {'C': 1}
Metrics obtained during CV : 
{'r2': array([-4.68394029e-01, -1.58436249e-01, -8.27674087e-02, -9.43607317e-02,
       -5.58522915e-02, -7.18098043e-03, -6.66513174e-02, -1.07079168e-01,
       -1.18157196e-04, -3.39120788e-02, -1.59646037e-01, -3.67341965e-01,
       -3.72837148e-01, -1.87667286e-01, -4.04145346e-01, -1.23939311e-01,
       -2.09969528e-02, -9.42256526e-01, -6.27152575e-03, -2.08943012e-01,
       -5.35618353e-02, -6.95462457e-01, -8.95827816e-03, -2.56571910e-01,
       -5.17933014e-02, -5.10502332e-02, -4.13790381e-01, -4.07822242e-01,
       -1.40631891e-01, -1.80247275e-02, -1.02445300e-02, -5.48212445e-01,
       -3.82085618e-01, -7.45687930e-02, -1.94524863e-01, -7.87767558e-02,
       -2.02442554e-02, -4.44930624e-02, -8.28833765e-02, -9.82889157e-02,
       -9.46772023e-03, -3.37618160e-01, -4.81172741e-01, -1.49984816e-01,
       -3.33116459e-01, -8.19671269e-02, -2.27929614e-01, -3.45175425e-02,
       -1.88697991e-01, -6.40140121e-01, -2.13764234e-03, -2.43465846e-01,
       -9.59951340e-02]), 'neg_mean_absolute_error': array([-11.14150892, -11.60737881,  -9.22816656, -10.90810765,
       -10.42937927,  -5.47355806,  -7.98367803,  -6.13256758,
        -6.67839594,  -7.74257068,  -7.90878516, -12.97535561,
       -14.83246818, -13.68065875,  -8.77946385,  -7.63542425,
       -13.3254658 ,  -6.4328817 ,  -8.77243524,  -9.90232937,
        -9.17311111, -14.07067398,  -8.41388589, -10.88294565,
        -8.35154523,  -9.62379866, -10.56059958, -16.59674117,
       -10.48122222, -10.25894444, -11.67769118, -12.74523908,
       -12.18230148,  -9.63325017, -11.56326064, -10.49816667,
        -9.44361111,  -6.73500701,  -6.56490956,  -7.4381038 ,
        -6.77523319, -12.79070786, -13.46435374,  -8.98778063,
       -21.08819637,  -7.97360733,  -9.76621622,  -5.48824046,
        -8.85924952, -17.43728545,  -8.14481531, -14.38057144,
        -9.8596898 ]), 'neg_mean_squared_error': array([-163.76609701, -221.10198618, -102.85915108, -192.6363167 ,
       -135.11818231,  -46.48094491, -135.96153118, -102.81704434,
        -65.25865294,  -80.3736522 , -108.03527959, -282.0005113 ,
       -414.50992046, -302.77617034, -102.34615278,  -91.859525  ,
       -255.52533906,  -54.71021332,  -96.33611411, -223.29807957,
       -152.3448762 , -367.67778985, -109.39521229, -245.73201719,
       -119.70594545, -254.15601901, -196.52094487, -548.61779034,
       -214.88101967, -148.91530752, -198.15982083, -286.74069367,
       -300.24401545, -124.75067563, -169.65214547, -204.82536729,
       -167.56320082,  -77.56480033,  -69.16917879, -117.96137212,
        -81.31780345, -303.93701318, -362.79371007, -178.534024  ,
       -784.62315447, -110.88838423, -161.28670693,  -45.09662831,
       -210.00952442, -509.94167603, -119.12917065, -376.91745347,
       -255.79941137]), 'max_error': array([-31.8858887 , -36.41773244, -15.10935162, -34.46195469,
       -21.98168484, -15.31948526, -31.29911738, -35.63278405,
       -18.46582572, -17.29671903, -25.85397266, -32.02310808,
       -61.9058422 , -38.64910324, -17.95193745, -16.18001214,
       -33.57114989, -11.31861385, -23.26308282, -47.73298219,
       -33.38132327, -47.61801646, -22.03426352, -47.91651088,
       -30.82871859, -46.59031206, -37.75006604, -62.22489017,
       -34.64405496, -28.74571575, -29.36027934, -40.80203035,
       -46.87705333, -23.20194969, -25.04317287, -42.6226204 ,
       -37.05925936, -25.10943688, -17.32020348, -35.52071711,
       -21.53470065, -50.98529024, -49.45763673, -43.0038419 ,
       -71.54192245, -26.50132469, -33.39593514, -15.5096374 ,
       -50.30746312, -47.41020584, -33.21586029, -44.5210715 ,
       -52.93124078]), 'explained_variance': array([-2.22044605e-16,  0.00000000e+00,  1.11022302e-16,  1.11022302e-16,
        0.00000000e+00,  0.00000000e+00,  0.00000000e+00,  0.00000000e+00,
        0.00000000e+00,  3.33066907e-16,  3.33066907e-16,  0.00000000e+00,
        0.00000000e+00,  0.00000000e+00,  2.22044605e-16,  0.00000000e+00,
        0.00000000e+00,  0.00000000e+00,  0.00000000e+00,  0.00000000e+00,
        0.00000000e+00, -2.22044605e-16, -2.22044605e-16, -2.22044605e-16,
        0.00000000e+00,  0.00000000e+00,  0.00000000e+00,  0.00000000e+00,
        0.00000000e+00, -2.22044605e-16, -2.22044605e-16,  0.00000000e+00,
        0.00000000e+00,  0.00000000e+00,  0.00000000e+00,  3.33066907e-16,
       -2.22044605e-16,  0.00000000e+00,  0.00000000e+00,  2.22044605e-16,
        0.00000000e+00,  0.00000000e+00, -2.22044605e-16,  0.00000000e+00,
       -2.22044605e-16,  0.00000000e+00, -2.22044605e-16,  0.00000000e+00,
        1.11022302e-16,  0.00000000e+00,  0.00000000e+00, -2.22044605e-16,
       -2.22044605e-16])}
         accs  y_pred (s)  y_true (s)
54     [4, 4]   14.060189      19.499
4    [28, 29]   23.525240      26.335
3    [28, 29]   23.525240      27.642
11   [28, 29]   23.525240      18.893
27   [23, 23]   20.269210      65.978
29   [23, 23]   20.269210      45.143
64     [4, 4]   14.060189      30.560
77    [15, 7]   18.294245      12.834
124  [22, 20]   19.339080      45.263
71     [4, 4]   14.060189       9.629
25   [23, 23]   20.269210      19.467
91     [5, 4]   14.285015      14.879
83    [15, 7]   18.294245      24.338
89    [15, 7]   18.294245      11.455
69     [4, 4]   14.060189       9.069
{'mse': 277.2348131594034, 'mae': 11.43743121015151, 'r2-score': -0.13392707695717254, 'max-error': 63.61156162939952, 'explained variance score': 0.08024381588674889, 'layers': ['fc7', 'output']}
