environment: line 5: __conda_exe: command not found
Using device: cuda
Using model: alexnet
Number of videos: 64
Execution type : naive
Using 2 features
Job ID : 40
Plotting ?  yes
Calculate accumulators ?  no
The directory contains : 65 videos
Number of videos in the directory : 65
Number of videos in the dataframe : 64
['conv1', 'pool1', 'conv2', 'pool2', 'conv3', 'conv4', 'conv5', 'pool5', 'fc6', 'fc7', 'output']
{'conv1': {'T_max': 231.03611281514168, 'T_min': 137.700119048357, 'tau': 100, 'alpha': 50}, 'pool1': {'T_max': 172.87935100495815, 'T_min': 96.51064738631248, 'tau': 100, 'alpha': 50}, 'conv2': {'T_max': 260.3908884525299, 'T_min': 138.66424806416035, 'tau': 100, 'alpha': 50}, 'pool2': {'T_max': 218.24047729372978, 'T_min': 114.92713752388954, 'tau': 100, 'alpha': 50}, 'conv3': {'T_max': 202.5564161837101, 'T_min': 107.47291566431522, 'tau': 100, 'alpha': 50}, 'conv4': {'T_max': 134.8227232247591, 'T_min': 73.26437871158123, 'tau': 100, 'alpha': 50}, 'conv5': {'T_max': 76.11463874578476, 'T_min': 41.856537722051144, 'tau': 100, 'alpha': 50}, 'pool5': {'T_max': 61.31686478853226, 'T_min': 33.92191906273365, 'tau': 100, 'alpha': 50}, 'fc6': {'T_max': 34.43132712692022, 'T_min': 18.570100070908666, 'tau': 100, 'alpha': 50}, 'fc7': {'T_max': 20.01874697394669, 'T_min': 10.533724257722497, 'tau': 100, 'alpha': 50}, 'output': {'T_max': 19.02098509296775, 'T_min': 9.621050400659442, 'tau': 100, 'alpha': 50}}
Iterating over following combinations of layers :  [['conv1'], ['pool1'], ['conv2'], ['pool2'], ['conv3'], ['conv4'], ['conv5'], ['pool5'], ['fc6'], ['fc7'], ['output'], ['conv1', 'pool1'], ['conv1', 'conv2'], ['conv1', 'pool2'], ['conv1', 'conv3'], ['conv1', 'conv4'], ['conv1', 'conv5'], ['conv1', 'pool5'], ['conv1', 'fc6'], ['conv1', 'fc7'], ['conv1', 'output'], ['pool1', 'conv2'], ['pool1', 'pool2'], ['pool1', 'conv3'], ['pool1', 'conv4'], ['pool1', 'conv5'], ['pool1', 'pool5'], ['pool1', 'fc6'], ['pool1', 'fc7'], ['pool1', 'output'], ['conv2', 'pool2'], ['conv2', 'conv3'], ['conv2', 'conv4'], ['conv2', 'conv5'], ['conv2', 'pool5'], ['conv2', 'fc6'], ['conv2', 'fc7'], ['conv2', 'output'], ['pool2', 'conv3'], ['pool2', 'conv4'], ['pool2', 'conv5'], ['pool2', 'pool5'], ['pool2', 'fc6'], ['pool2', 'fc7'], ['pool2', 'output'], ['conv3', 'conv4'], ['conv3', 'conv5'], ['conv3', 'pool5'], ['conv3', 'fc6'], ['conv3', 'fc7'], ['conv3', 'output'], ['conv4', 'conv5'], ['conv4', 'pool5'], ['conv4', 'fc6'], ['conv4', 'fc7'], ['conv4', 'output'], ['conv5', 'pool5'], ['conv5', 'fc6'], ['conv5', 'fc7'], ['conv5', 'output'], ['pool5', 'fc6'], ['pool5', 'fc7'], ['pool5', 'output'], ['fc6', 'fc7'], ['fc6', 'output'], ['fc7', 'output']]
[['pool2', 'conv5']]
Generating the training set for videos : 
TRAINING SET : contains 962 samples, 37 patients based on 56 videos
TEST SET : contains 127 samples, 37 patients based on 8 videos
Dataset constituted.
--------------------NAIVE IMPLEMENTATION-------------------
Number of folds : 53
Grid search.
The best parameters are : {'C': 10.0}
Metrics obtained during CV : 
{'r2': array([-1.51848324e-01, -3.65715218e-01, -2.80667419e-01, -5.02659375e-02,
       -4.08677796e-02, -2.50635692e-03, -1.49578635e-02, -1.40342550e-01,
       -2.27903044e-04, -1.33493524e-02, -1.88109593e-01, -5.37482895e-01,
       -1.94564057e-01, -5.77658644e-02, -1.58161725e-01, -2.41000605e-05,
       -2.31446026e-02, -1.11690883e+00, -1.43914192e-05, -9.35803060e-02,
       -4.71057395e-03, -9.91624533e-01, -1.69803679e-03, -8.80353600e-02,
       -3.21323579e-02, -7.73542966e-02, -2.30353377e-03, -2.17081966e-01,
       -2.09420770e-01, -4.11493245e-02, -1.74444256e-01, -2.11704893e-01,
       -5.15273987e-01, -1.90822982e-03, -5.56734983e-02, -2.50819781e-01,
       -1.11893059e-01, -2.01934123e-02, -8.40686587e-02, -2.06528902e-01,
       -1.59707216e-02, -2.86307248e-01, -6.35132748e-01, -1.59439410e-01,
       -3.48662570e-01, -4.19344223e-04, -3.05801027e-01, -2.87549898e-02,
       -1.32654606e-01, -4.18143702e-01, -2.04089627e-03, -2.84583788e-01,
       -5.88918635e-04]), 'neg_mean_absolute_error': array([ -8.68435685, -14.432907  , -10.34583958, -10.96605255,
        -9.10957627,  -5.38676772,  -8.21281512,  -6.15660623,
        -6.64527718,  -7.64705192,  -7.96084339, -13.64753903,
       -13.75304877, -13.13446154,  -7.53905633,  -7.67862678,
       -13.82698764,  -6.72185823,  -8.8544066 ,  -9.52688889,
        -9.2605944 , -15.46683545,  -8.53754443, -10.63555556,
        -7.25838889,  -9.53363564,  -8.86909559, -15.46041083,
       -10.48122222, -10.25894444, -11.94645066, -11.28069018,
       -12.83537358,  -8.26013956, -11.02009819, -11.01508434,
        -9.44361111,  -6.80091172,  -6.57219569,  -7.78596878,
        -6.71724687, -12.55971373, -14.36239436,  -9.03770294,
       -21.19586482,  -7.81530892, -10.09908268,  -5.46934665,
        -8.77104104, -16.32085603,  -8.14413653, -14.46771295,
       -11.1315182 ]), 'neg_mean_squared_error': array([-128.4625929 , -260.66375906, -121.65896619, -184.87447136,
       -133.20060349,  -46.26521316, -129.37238529, -105.90629278,
        -65.26581396,  -78.77515901, -110.68700965, -317.09036479,
       -360.68273122, -269.65994717,  -84.41675725,  -81.73193865,
       -256.06283228,  -59.62988531,  -95.73708295, -201.98998602,
       -145.28099148, -431.90346296, -108.60802845, -212.7734367 ,
       -117.46830823, -260.51664367, -139.32308507, -474.28773227,
       -227.83999851, -152.29794291, -230.36765489, -224.41694139,
       -329.1778313 , -116.31524143, -149.93180925, -237.49086151,
       -182.61544617,  -75.76029097,  -69.24488869, -129.58685343,
        -81.84165357, -292.27801692, -400.50418151, -180.0018405 ,
       -793.77302177, -102.53073488, -171.5149999 ,  -44.84542745,
       -200.1082336 , -440.91999642, -119.11766996, -389.38106078,
       -233.5321102 ]), 'max_error': array([-34.99828132, -28.01503328, -17.46888356, -33.36100155,
       -26.94205084, -15.55505904, -29.76517094, -36.08951834,
       -18.67557783, -17.90167114, -26.18367479, -33.84760594,
       -58.96038533, -35.56976933, -19.98410329, -17.26830294,
       -28.87204697, -11.7757928 , -22.52534058, -45.67816238,
       -31.4236504 , -50.00158652, -21.47780008, -44.98232451,
       -35.16894604, -47.40177928, -29.60013973, -58.81589916,
       -35.77799527, -29.57536423, -33.79227795, -36.98740386,
       -48.34646556, -25.67354879, -22.59894186, -45.65608636,
       -39.52268857, -24.51629448, -17.3038097 , -36.98140634,
       -21.7956391 , -50.29230785, -51.07410985, -43.15360881,
       -71.86492779, -23.81025169, -34.26205795, -15.6167023 ,
       -49.37469766, -44.70451051, -33.20432096, -45.21820364,
       -48.56861812]), 'explained_variance': array([-2.22044605e-16,  0.00000000e+00,  1.11022302e-16,  3.33066907e-16,
        0.00000000e+00,  0.00000000e+00,  0.00000000e+00, -2.22044605e-16,
        0.00000000e+00,  3.33066907e-16,  0.00000000e+00,  1.11022302e-16,
        0.00000000e+00,  0.00000000e+00,  2.22044605e-16,  0.00000000e+00,
        0.00000000e+00,  0.00000000e+00,  0.00000000e+00,  0.00000000e+00,
        0.00000000e+00, -2.22044605e-16, -2.22044605e-16,  1.11022302e-16,
        0.00000000e+00,  0.00000000e+00,  0.00000000e+00,  1.11022302e-16,
        0.00000000e+00, -2.22044605e-16,  0.00000000e+00,  0.00000000e+00,
        1.11022302e-16,  0.00000000e+00,  0.00000000e+00,  0.00000000e+00,
        0.00000000e+00,  0.00000000e+00,  0.00000000e+00,  2.22044605e-16,
        0.00000000e+00,  0.00000000e+00,  0.00000000e+00,  0.00000000e+00,
       -2.22044605e-16, -2.22044605e-16,  0.00000000e+00,  0.00000000e+00,
        0.00000000e+00,  0.00000000e+00,  0.00000000e+00, -2.22044605e-16,
        0.00000000e+00])}
         accs  y_pred (s)  y_true (s)
54     [3, 7]   18.556392      19.499
4    [28, 35]   21.378188      26.335
3    [28, 35]   21.378188      27.642
11   [28, 35]   21.378188      18.893
27   [25, 30]   17.738883      65.978
29   [25, 30]   17.738883      45.143
64     [3, 7]   18.556392      30.560
77   [14, 16]   17.926134      12.834
124  [20, 25]   15.086979      45.263
71     [3, 7]   18.556392       9.629
25   [25, 30]   17.738883      19.467
91     [7, 5]   14.266933      14.879
83   [14, 16]   17.926134      24.338
89   [14, 16]   17.926134      11.455
69     [3, 7]   18.556392       9.069
{'mse': 310.2340173647122, 'mae': 12.153991825743962, 'r2-score': -0.2688981894953508, 'max-error': 64.84985134305032, 'explained variance score': -2.298478595919029e-05, 'layers': ['pool2', 'conv5']}
