environment: line 5: __conda_exe: command not found
Using device: cuda
Using model: alexnet
Number of videos: 64
Execution type : naive
Using 2 features
Job ID : 59
Plotting ?  yes
Calculate accumulators ?  no
The directory contains : 65 videos
Number of videos in the directory : 65
Number of videos in the dataframe : 64
['conv1', 'pool1', 'conv2', 'pool2', 'conv3', 'conv4', 'conv5', 'pool5', 'fc6', 'fc7', 'output']
{'conv1': {'T_max': 231.03611281514168, 'T_min': 137.700119048357, 'tau': 100, 'alpha': 50}, 'pool1': {'T_max': 172.87935100495815, 'T_min': 96.51064738631248, 'tau': 100, 'alpha': 50}, 'conv2': {'T_max': 260.3908884525299, 'T_min': 138.66424806416035, 'tau': 100, 'alpha': 50}, 'pool2': {'T_max': 218.24047729372978, 'T_min': 114.92713752388954, 'tau': 100, 'alpha': 50}, 'conv3': {'T_max': 202.5564161837101, 'T_min': 107.47291566431522, 'tau': 100, 'alpha': 50}, 'conv4': {'T_max': 134.8227232247591, 'T_min': 73.26437871158123, 'tau': 100, 'alpha': 50}, 'conv5': {'T_max': 76.11463874578476, 'T_min': 41.856537722051144, 'tau': 100, 'alpha': 50}, 'pool5': {'T_max': 61.31686478853226, 'T_min': 33.92191906273365, 'tau': 100, 'alpha': 50}, 'fc6': {'T_max': 34.43132712692022, 'T_min': 18.570100070908666, 'tau': 100, 'alpha': 50}, 'fc7': {'T_max': 20.01874697394669, 'T_min': 10.533724257722497, 'tau': 100, 'alpha': 50}, 'output': {'T_max': 19.02098509296775, 'T_min': 9.621050400659442, 'tau': 100, 'alpha': 50}}
Iterating over following combinations of layers :  [['conv1'], ['pool1'], ['conv2'], ['pool2'], ['conv3'], ['conv4'], ['conv5'], ['pool5'], ['fc6'], ['fc7'], ['output'], ['conv1', 'pool1'], ['conv1', 'conv2'], ['conv1', 'pool2'], ['conv1', 'conv3'], ['conv1', 'conv4'], ['conv1', 'conv5'], ['conv1', 'pool5'], ['conv1', 'fc6'], ['conv1', 'fc7'], ['conv1', 'output'], ['pool1', 'conv2'], ['pool1', 'pool2'], ['pool1', 'conv3'], ['pool1', 'conv4'], ['pool1', 'conv5'], ['pool1', 'pool5'], ['pool1', 'fc6'], ['pool1', 'fc7'], ['pool1', 'output'], ['conv2', 'pool2'], ['conv2', 'conv3'], ['conv2', 'conv4'], ['conv2', 'conv5'], ['conv2', 'pool5'], ['conv2', 'fc6'], ['conv2', 'fc7'], ['conv2', 'output'], ['pool2', 'conv3'], ['pool2', 'conv4'], ['pool2', 'conv5'], ['pool2', 'pool5'], ['pool2', 'fc6'], ['pool2', 'fc7'], ['pool2', 'output'], ['conv3', 'conv4'], ['conv3', 'conv5'], ['conv3', 'pool5'], ['conv3', 'fc6'], ['conv3', 'fc7'], ['conv3', 'output'], ['conv4', 'conv5'], ['conv4', 'pool5'], ['conv4', 'fc6'], ['conv4', 'fc7'], ['conv4', 'output'], ['conv5', 'pool5'], ['conv5', 'fc6'], ['conv5', 'fc7'], ['conv5', 'output'], ['pool5', 'fc6'], ['pool5', 'fc7'], ['pool5', 'output'], ['fc6', 'fc7'], ['fc6', 'output'], ['fc7', 'output']]
[['conv5', 'output']]
Generating the training set for videos : 
TRAINING SET : contains 962 samples, 37 patients based on 56 videos
TEST SET : contains 127 samples, 37 patients based on 8 videos
Dataset constituted.
--------------------NAIVE IMPLEMENTATION-------------------
Number of folds : 53
Grid search.
The best parameters are : {'C': 1}
Metrics obtained during CV : 
{'r2': array([-4.51101676e-01, -3.72590208e-02, -1.12430681e-01, -2.93351627e-02,
       -6.59814027e-02, -5.31299905e-03, -6.67726673e-02, -1.08137582e-01,
       -1.57504793e-02, -3.05282750e-02, -8.57130892e-02, -3.54323215e-01,
       -3.15362430e-01, -4.58563749e-01, -4.01640184e-01, -1.67878317e-02,
       -3.32442981e-02, -4.54775113e-01, -2.75213250e-04, -7.54906356e-02,
       -2.65768919e-02, -6.38911083e-01, -3.96610340e-04, -2.01905156e-01,
       -1.51942255e-02, -4.01872957e-02, -2.72862755e-01, -4.98484588e-01,
       -1.20288629e-01, -1.74422186e-02, -1.27407314e-01, -4.98517734e-01,
       -5.28656624e-01, -2.83662587e-02, -1.66364005e-01, -4.16855995e-02,
       -9.46965932e-03, -1.58155577e-02, -1.49097666e-01, -1.14826761e-01,
       -8.39492892e-03, -3.48584569e-01, -5.20324585e-01, -1.52055468e-01,
       -4.32966739e-01, -1.57759174e-02, -2.51957327e-01, -3.79659793e-02,
       -2.31311752e-01, -5.50820012e-01, -1.61605334e-02, -3.53199599e-01,
       -7.22428249e-02]), 'neg_mean_absolute_error': array([-11.0351897 , -11.16016768,  -9.44798986, -11.00300989,
       -10.51497431,  -5.44389889,  -7.98353844,  -6.13338585,
        -6.86693168,  -7.72944434,  -7.74603719, -12.91801862,
       -14.51857154, -14.70574847,  -8.76793646,  -7.5006838 ,
       -13.29430307,  -5.66500898,  -8.8765664 ,  -9.52688889,
        -9.17311111, -13.84405613,  -8.67897714, -10.79408283,
        -7.83112562,  -9.67713025,  -9.74516843, -17.17806584,
       -10.48122222, -10.25894444, -11.7852579 , -12.5309905 ,
       -12.8960454 ,  -9.00682222, -11.47540998, -10.49816667,
        -9.4475064 ,  -6.81656066,  -6.96584677,  -7.49648634,
        -6.78655869, -12.83774507, -13.70492839,  -8.99884574,
       -21.74192837,  -7.87791122,  -9.85822184,  -5.49879613,
        -9.11404929, -16.8966494 ,  -8.25134126, -14.60012268,
       -10.01647482]), 'neg_mean_squared_error': array([-161.83752673, -197.97380291, -105.67705913, -181.19010363,
       -136.41441201,  -46.39473842, -135.97699914, -102.91534167,
        -66.2786767 ,  -80.11060404, -101.14751691, -279.31552515,
       -397.15619363, -371.83675202, -102.16355509,  -83.10203791,
       -258.59048735,  -40.97865327,  -95.76205291, -198.64872956,
       -148.44285762, -355.41406542, -108.46692269, -235.04152528,
       -115.54055765, -251.52923596, -176.93159802, -583.94822807,
       -211.04859945, -148.83009888, -221.1413423 , -277.53685609,
       -332.08507285, -119.3868521 , -165.65260551, -197.78293737,
       -165.79359928,  -75.43518836,  -73.39861669, -119.73761415,
        -81.23138461, -306.42882881, -372.38343752, -178.85549072,
       -843.39134446, -104.10459562, -164.44271095,  -45.24695237,
       -217.53817828, -482.17084992, -120.79614265, -410.17977992,
       -250.25574928]), 'max_error': array([-32.02055971, -33.58539533, -15.57342304, -32.65881217,
       -21.74935544, -15.39998874, -31.30176956, -35.64833106,
       -17.5398596 , -17.37985254, -24.82323556, -31.8674791 ,
       -61.05383702, -42.54444418, -17.96878518, -16.14133074,
       -34.16324168,  -9.75711848, -22.32590237, -45.25476818,
       -32.55869412, -47.10812629, -20.84135287, -47.11674544,
       -31.94159236, -46.19416388, -36.32462897, -63.55589815,
       -34.25723534, -28.71926239, -32.94182111, -40.33447863,
       -48.48297715, -24.32952   , -24.64784492, -41.56848649,
       -36.48294236, -24.37545402, -16.53507582, -35.78343853,
       -21.48373589, -51.12640188, -49.8906711 , -43.03703721,
       -73.50311845, -24.87449078, -33.67711017, -15.44982191,
       -50.92626257, -46.38900443, -31.32573283, -46.27748147,
       -52.30410071]), 'explained_variance': array([-2.22044605e-16,  1.11022302e-16,  1.11022302e-16,  3.33066907e-16,
        0.00000000e+00,  0.00000000e+00,  0.00000000e+00, -2.22044605e-16,
        0.00000000e+00,  3.33066907e-16,  1.11022302e-16, -2.22044605e-16,
        0.00000000e+00,  0.00000000e+00,  2.22044605e-16,  0.00000000e+00,
        0.00000000e+00,  0.00000000e+00,  0.00000000e+00,  0.00000000e+00,
        0.00000000e+00, -2.22044605e-16, -2.22044605e-16, -2.22044605e-16,
        0.00000000e+00, -2.22044605e-16,  0.00000000e+00,  0.00000000e+00,
        1.11022302e-16, -2.22044605e-16,  0.00000000e+00,  0.00000000e+00,
        0.00000000e+00,  0.00000000e+00,  0.00000000e+00,  3.33066907e-16,
       -2.22044605e-16,  0.00000000e+00,  0.00000000e+00,  0.00000000e+00,
        0.00000000e+00,  0.00000000e+00,  0.00000000e+00,  0.00000000e+00,
       -4.44089210e-16, -2.22044605e-16,  0.00000000e+00,  0.00000000e+00,
       -2.22044605e-16,  0.00000000e+00,  0.00000000e+00,  0.00000000e+00,
        0.00000000e+00])}
         accs  y_pred (s)  y_true (s)
54     [7, 4]   15.087816      19.499
4    [35, 29]   21.820472      26.335
3    [35, 29]   21.820472      27.642
11   [35, 29]   21.820472      18.893
27   [30, 23]   19.877416      65.978
29   [30, 23]   19.877416      45.143
64     [7, 4]   15.087816      30.560
77    [16, 7]   19.094734      12.834
124  [25, 20]   18.520442      45.263
71     [7, 4]   15.087816       9.629
25   [30, 23]   19.877416      19.467
91     [5, 4]   14.361735      14.879
83    [16, 7]   19.094734      24.338
89    [16, 7]   19.094734      11.455
69     [7, 4]   15.087816       9.069
{'mse': 286.5671691404234, 'mae': 11.660606939387208, 'r2-score': -0.17209764802682148, 'max-error': 64.0357194426489, 'explained variance score': 0.05387864912152596, 'layers': ['conv5', 'output']}
