environment: line 5: __conda_exe: command not found
Using device: cuda
Using model: alexnet
Number of videos: 64
Execution type : naive
Using 2 features
Job ID : 35
Plotting ?  yes
Calculate accumulators ?  no
The directory contains : 65 videos
Number of videos in the directory : 65
Number of videos in the dataframe : 64
['conv1', 'pool1', 'conv2', 'pool2', 'conv3', 'conv4', 'conv5', 'pool5', 'fc6', 'fc7', 'output']
{'conv1': {'T_max': 231.03611281514168, 'T_min': 137.700119048357, 'tau': 100, 'alpha': 50}, 'pool1': {'T_max': 172.87935100495815, 'T_min': 96.51064738631248, 'tau': 100, 'alpha': 50}, 'conv2': {'T_max': 260.3908884525299, 'T_min': 138.66424806416035, 'tau': 100, 'alpha': 50}, 'pool2': {'T_max': 218.24047729372978, 'T_min': 114.92713752388954, 'tau': 100, 'alpha': 50}, 'conv3': {'T_max': 202.5564161837101, 'T_min': 107.47291566431522, 'tau': 100, 'alpha': 50}, 'conv4': {'T_max': 134.8227232247591, 'T_min': 73.26437871158123, 'tau': 100, 'alpha': 50}, 'conv5': {'T_max': 76.11463874578476, 'T_min': 41.856537722051144, 'tau': 100, 'alpha': 50}, 'pool5': {'T_max': 61.31686478853226, 'T_min': 33.92191906273365, 'tau': 100, 'alpha': 50}, 'fc6': {'T_max': 34.43132712692022, 'T_min': 18.570100070908666, 'tau': 100, 'alpha': 50}, 'fc7': {'T_max': 20.01874697394669, 'T_min': 10.533724257722497, 'tau': 100, 'alpha': 50}, 'output': {'T_max': 19.02098509296775, 'T_min': 9.621050400659442, 'tau': 100, 'alpha': 50}}
Iterating over following combinations of layers :  [['conv1'], ['pool1'], ['conv2'], ['pool2'], ['conv3'], ['conv4'], ['conv5'], ['pool5'], ['fc6'], ['fc7'], ['output'], ['conv1', 'pool1'], ['conv1', 'conv2'], ['conv1', 'pool2'], ['conv1', 'conv3'], ['conv1', 'conv4'], ['conv1', 'conv5'], ['conv1', 'pool5'], ['conv1', 'fc6'], ['conv1', 'fc7'], ['conv1', 'output'], ['pool1', 'conv2'], ['pool1', 'pool2'], ['pool1', 'conv3'], ['pool1', 'conv4'], ['pool1', 'conv5'], ['pool1', 'pool5'], ['pool1', 'fc6'], ['pool1', 'fc7'], ['pool1', 'output'], ['conv2', 'pool2'], ['conv2', 'conv3'], ['conv2', 'conv4'], ['conv2', 'conv5'], ['conv2', 'pool5'], ['conv2', 'fc6'], ['conv2', 'fc7'], ['conv2', 'output'], ['pool2', 'conv3'], ['pool2', 'conv4'], ['pool2', 'conv5'], ['pool2', 'pool5'], ['pool2', 'fc6'], ['pool2', 'fc7'], ['pool2', 'output'], ['conv3', 'conv4'], ['conv3', 'conv5'], ['conv3', 'pool5'], ['conv3', 'fc6'], ['conv3', 'fc7'], ['conv3', 'output'], ['conv4', 'conv5'], ['conv4', 'pool5'], ['conv4', 'fc6'], ['conv4', 'fc7'], ['conv4', 'output'], ['conv5', 'pool5'], ['conv5', 'fc6'], ['conv5', 'fc7'], ['conv5', 'output'], ['pool5', 'fc6'], ['pool5', 'fc7'], ['pool5', 'output'], ['fc6', 'fc7'], ['fc6', 'output'], ['fc7', 'output']]
[['conv2', 'fc6']]
Generating the training set for videos : 
TRAINING SET : contains 962 samples, 37 patients based on 56 videos
TEST SET : contains 127 samples, 37 patients based on 8 videos
Dataset constituted.
--------------------NAIVE IMPLEMENTATION-------------------
Number of folds : 53
Grid search.
The best parameters are : {'C': 10.0}
Metrics obtained during CV : 
{'r2': array([-3.23076884e-01, -1.89700649e-01, -3.22342864e-01, -7.67205644e-02,
       -4.30951947e-01, -2.50834033e-03, -1.91776595e-04, -1.39542624e-01,
       -7.89033479e-04, -4.57560594e-02, -1.21670333e-01, -2.91303632e-01,
       -3.87225873e-01, -5.20177476e-02, -3.35112235e-01, -6.02920668e-02,
       -2.15100321e-02, -4.03310759e-01, -2.29815613e-03, -1.34261396e-01,
       -1.99966163e-02, -6.65067968e-01, -3.47343839e-02, -2.69168862e-01,
       -7.98952846e-02, -1.25720673e-01, -4.36636364e-01, -3.21427929e-01,
       -6.41846828e-02, -2.64534922e-04, -2.59090035e-01, -4.00340634e-01,
       -3.73341224e-01, -1.31142393e-02, -1.85091492e-01, -2.71723327e-01,
       -1.34377724e-02, -9.80083333e-04, -2.83890013e-02, -1.02056323e-01,
       -1.62069515e-02, -2.76913651e-01, -5.71997328e-01, -2.35271636e-01,
       -2.09106359e-01, -4.20893139e-02, -3.03202120e-01, -9.34076154e-04,
       -7.30290565e-02, -7.08639726e-01, -1.42255298e-02, -6.56047427e-02,
       -5.36205875e-02]), 'neg_mean_absolute_error': array([-10.17442016, -13.57171744, -10.52114907, -10.92919398,
       -10.06321338,  -5.38681729,  -8.52417968,  -6.15606393,
        -6.70035872,  -7.78837406,  -7.83144997, -12.62486342,
       -14.90718258, -13.12414936,  -8.44746316,  -7.48274479,
       -13.32400059,  -5.58815842,  -8.80641329,  -9.62844534,
        -9.17311111, -13.95007048,  -9.14324646, -10.90451439,
        -7.26451528,  -9.44266851, -10.69830031, -16.12518044,
       -10.69773614, -10.25894444, -12.23073982, -12.087436  ,
       -12.13569858,  -8.6841479 , -11.53458702, -11.10902112,
        -9.44361111,  -6.92605488,  -6.14716494,  -7.45181124,
        -6.71538958, -12.51524066, -14.00897999,  -9.39384594,
       -20.20179394,  -7.92528656, -10.08796975,  -5.23616207,
        -8.6975617 , -17.82673934,  -8.23623115, -14.11608617,
       -10.15862613]), 'neg_mean_squared_error': array([-147.55926075, -227.06918628, -125.61798895, -189.53118256,
       -183.11995691,  -46.26530469, -127.49021466, -105.83200179,
        -65.30242825,  -81.29437263, -104.49737608, -266.31837071,
       -418.8544044 , -268.19455968,  -97.31442772,  -86.6576377 ,
       -255.65374763,  -39.52898597,  -95.95572077, -209.50399544,
       -147.4913508 , -361.08644442, -112.18995872, -248.19544511,
       -122.90426822, -272.21218894, -199.69660252, -514.95057313,
       -200.47930593, -146.31737009, -246.97095428, -259.35371221,
       -298.34438512, -117.61618862, -168.31237291, -241.45977951,
       -166.4453155 ,  -74.33349544,  -65.68835041, -118.3660093 ,
        -81.8606831 , -290.14357982, -385.03999377, -191.77471979,
       -711.63538578, -106.80139662, -171.17363732,  -43.63265981,
       -189.57407486, -531.23912668, -120.56611899, -323.00446965,
       -245.9094185 ]), 'max_error': array([-33.1108678 , -25.67751876, -17.83898138, -34.06131429,
       -32.08141084, -15.55492449, -28.54071723, -36.07921475,
       -18.32672812, -17.03437856, -25.36418312, -31.07008099,
       -62.10863844, -35.37383783, -18.43716922, -15.21715109,
       -33.59898878,  -9.96571285, -22.95728043, -46.50050401,
       -32.29877668, -47.34665858, -19.10809395, -48.08831478,
       -36.27206877, -48.59051656, -37.95661713, -60.81020798,
       -32.97418739, -27.31865697, -35.07157919, -39.336481  ,
       -46.7721968 , -24.91033379, -24.91414157, -45.93789669,
       -36.72142989, -23.56150304, -18.27450518, -35.58240059,
       -21.80399691, -50.15888864, -50.43796398, -44.22203783,
       -68.63357275, -25.67987146, -34.23506939, -16.93808161,
       -48.12554894, -48.14584098, -31.41135681, -40.38981062,
       -51.73549549]), 'explained_variance': array([-2.22044605e-16,  0.00000000e+00,  1.11022302e-16,  1.11022302e-16,
        0.00000000e+00,  0.00000000e+00,  0.00000000e+00,  0.00000000e+00,
        0.00000000e+00,  3.33066907e-16,  3.33066907e-16,  0.00000000e+00,
        0.00000000e+00,  0.00000000e+00,  2.22044605e-16,  0.00000000e+00,
        2.22044605e-16,  0.00000000e+00,  0.00000000e+00,  0.00000000e+00,
        0.00000000e+00, -2.22044605e-16, -2.22044605e-16, -2.22044605e-16,
        0.00000000e+00,  0.00000000e+00,  0.00000000e+00,  1.11022302e-16,
        0.00000000e+00, -2.22044605e-16,  0.00000000e+00,  0.00000000e+00,
        0.00000000e+00,  0.00000000e+00,  0.00000000e+00,  3.33066907e-16,
       -2.22044605e-16,  0.00000000e+00,  0.00000000e+00,  2.22044605e-16,
        0.00000000e+00,  0.00000000e+00,  0.00000000e+00,  0.00000000e+00,
       -4.44089210e-16, -2.22044605e-16, -2.22044605e-16,  3.33066907e-16,
        0.00000000e+00,  0.00000000e+00,  0.00000000e+00, -2.22044605e-16,
       -2.22044605e-16])}
         accs  y_pred (s)  y_true (s)
54     [2, 5]   16.659390      19.499
4    [31, 33]   22.458220      26.335
3    [31, 33]   22.458220      27.642
11   [31, 33]   22.458220      18.893
27   [27, 30]   19.397053      65.978
29   [27, 30]   19.397053      45.143
64     [2, 5]   16.659390      30.560
77   [14, 17]   19.039094      12.834
124  [21, 23]   19.210692      45.263
71     [2, 5]   16.659390       9.629
25   [27, 30]   19.397053      19.467
91     [6, 6]   15.374321      14.879
83   [14, 17]   19.039094      24.338
89   [14, 17]   19.039094      11.455
69     [2, 5]   16.659390       9.069
{'mse': 282.1850447291315, 'mae': 11.559371796341877, 'r2-score': -0.1541741792245761, 'max-error': 64.72810392019709, 'explained variance score': 0.049194533204857005, 'layers': ['conv2', 'fc6']}
