environment: line 5: __conda_exe: command not found
Using device: cuda
Using model: alexnet
Number of videos: 64
Execution type : naive
Using 2 features
Job ID : 5
Plotting ?  yes
Calculate accumulators ?  no
The directory contains : 65 videos
Number of videos in the directory : 65
Number of videos in the dataframe : 64
['conv1', 'pool1', 'conv2', 'pool2', 'conv3', 'conv4', 'conv5', 'pool5', 'fc6', 'fc7', 'output']
{'conv1': {'T_max': 231.03611281514168, 'T_min': 137.700119048357, 'tau': 100, 'alpha': 50}, 'pool1': {'T_max': 172.87935100495815, 'T_min': 96.51064738631248, 'tau': 100, 'alpha': 50}, 'conv2': {'T_max': 260.3908884525299, 'T_min': 138.66424806416035, 'tau': 100, 'alpha': 50}, 'pool2': {'T_max': 218.24047729372978, 'T_min': 114.92713752388954, 'tau': 100, 'alpha': 50}, 'conv3': {'T_max': 202.5564161837101, 'T_min': 107.47291566431522, 'tau': 100, 'alpha': 50}, 'conv4': {'T_max': 134.8227232247591, 'T_min': 73.26437871158123, 'tau': 100, 'alpha': 50}, 'conv5': {'T_max': 76.11463874578476, 'T_min': 41.856537722051144, 'tau': 100, 'alpha': 50}, 'pool5': {'T_max': 61.31686478853226, 'T_min': 33.92191906273365, 'tau': 100, 'alpha': 50}, 'fc6': {'T_max': 34.43132712692022, 'T_min': 18.570100070908666, 'tau': 100, 'alpha': 50}, 'fc7': {'T_max': 20.01874697394669, 'T_min': 10.533724257722497, 'tau': 100, 'alpha': 50}, 'output': {'T_max': 19.02098509296775, 'T_min': 9.621050400659442, 'tau': 100, 'alpha': 50}}
Iterating over following combinations of layers :  [['conv1'], ['pool1'], ['conv2'], ['pool2'], ['conv3'], ['conv4'], ['conv5'], ['pool5'], ['fc6'], ['fc7'], ['output'], ['conv1', 'pool1'], ['conv1', 'conv2'], ['conv1', 'pool2'], ['conv1', 'conv3'], ['conv1', 'conv4'], ['conv1', 'conv5'], ['conv1', 'pool5'], ['conv1', 'fc6'], ['conv1', 'fc7'], ['conv1', 'output'], ['pool1', 'conv2'], ['pool1', 'pool2'], ['pool1', 'conv3'], ['pool1', 'conv4'], ['pool1', 'conv5'], ['pool1', 'pool5'], ['pool1', 'fc6'], ['pool1', 'fc7'], ['pool1', 'output'], ['conv2', 'pool2'], ['conv2', 'conv3'], ['conv2', 'conv4'], ['conv2', 'conv5'], ['conv2', 'pool5'], ['conv2', 'fc6'], ['conv2', 'fc7'], ['conv2', 'output'], ['pool2', 'conv3'], ['pool2', 'conv4'], ['pool2', 'conv5'], ['pool2', 'pool5'], ['pool2', 'fc6'], ['pool2', 'fc7'], ['pool2', 'output'], ['conv3', 'conv4'], ['conv3', 'conv5'], ['conv3', 'pool5'], ['conv3', 'fc6'], ['conv3', 'fc7'], ['conv3', 'output'], ['conv4', 'conv5'], ['conv4', 'pool5'], ['conv4', 'fc6'], ['conv4', 'fc7'], ['conv4', 'output'], ['conv5', 'pool5'], ['conv5', 'fc6'], ['conv5', 'fc7'], ['conv5', 'output'], ['pool5', 'fc6'], ['pool5', 'fc7'], ['pool5', 'output'], ['fc6', 'fc7'], ['fc6', 'output'], ['fc7', 'output']]
[['conv4']]
Generating the training set for videos : 
TRAINING SET : contains 962 samples, 37 patients based on 56 videos
TEST SET : contains 127 samples, 37 patients based on 8 videos
Dataset constituted.
--------------------NAIVE IMPLEMENTATION-------------------
Number of folds : 53
Grid search.
The best parameters are : {'C': 1}
Metrics obtained during CV : 
{'r2': array([-4.29011076e-01, -4.21791083e-02, -8.44720839e-02, -6.35117950e-02,
       -7.06391477e-03, -1.01558204e-02, -5.16728857e-03, -1.03840459e-01,
       -6.80164738e-02, -2.48789033e-02, -4.59921220e-02, -3.67821858e-01,
       -3.36826067e-01, -2.15813990e-01, -4.33066078e-01, -8.51267866e-02,
       -5.33212654e-03, -4.98251956e-01, -6.39563949e-05, -2.15198101e-01,
       -1.45875543e-02, -5.82588153e-01, -1.66141725e-06, -1.70858188e-01,
       -1.85584229e-02, -4.06139135e-02, -5.69558417e-02, -6.23105470e-01,
       -9.50361616e-02, -5.78606465e-03, -2.32016046e-01, -4.66552742e-01,
       -3.76084549e-01, -5.21481334e-02, -2.51636006e-01, -3.61930421e-01,
       -6.18686616e-02, -2.87409491e-02, -1.69372606e-01, -9.80989637e-02,
       -5.48505616e-03, -2.97194345e-01, -5.99190822e-01, -1.92603469e-01,
       -5.55459301e-01, -6.27685064e-02, -2.73969784e-01, -5.24151938e-02,
       -2.75120140e-01, -5.12676074e-01, -5.19870139e-03, -2.31541684e-01,
       -5.22349063e-02]), 'neg_mean_absolute_error': array([-10.89635887, -11.18710658,  -9.24177491, -10.94662978,
        -9.83084677,  -5.51369171,  -8.35175199,  -6.13003828,
        -7.15454146,  -7.70578779,  -7.62669163, -12.97744957,
       -14.6388985 , -13.81239199,  -8.91003914,  -7.54663253,
       -13.38531665,  -5.72660162,  -8.8672252 ,  -9.9228411 ,
        -9.19092264, -13.64833186,  -8.6299125 , -10.73816377,
        -7.89259573,  -9.67346298,  -8.661     , -17.90922275,
       -10.53018696, -10.25894444, -12.14568542, -12.39180739,
       -12.15037722,  -9.36559988, -11.72370509, -11.56855025,
        -9.44361111,  -6.77464949,  -7.09726517,  -7.43740578,
        -6.82158746, -12.6103544 , -14.16347714,  -9.20203847,
       -22.44781746,  -7.95231046,  -9.95953073,  -5.53852139,
        -9.35251283, -16.68119481,  -8.14547573, -14.353945  ,
       -10.17012847]), 'neg_mean_squared_error': array([-159.37382055, -198.91286289, -103.02108931, -187.20609121,
       -128.87469842,  -46.61823242, -128.12442212, -102.51625777,
        -69.68908213,  -79.67143649,  -97.44702067, -282.09948433,
       -403.63685344, -309.95170803, -104.45414368,  -88.68737858,
       -251.60489636,  -42.20332536,  -95.74182808, -224.45342702,
       -146.70920129, -343.19988153, -108.42410078, -228.97005888,
       -115.92344127, -251.63239703, -146.91991367, -632.51205274,
       -206.29134511, -147.12505214, -241.66038186, -271.61669702,
       -298.94034436, -122.14777812, -177.76334372, -258.5872353 ,
       -174.3995233 ,  -76.39503715,  -74.69367856, -117.94097038,
        -80.99697943, -294.75181084, -391.70068118, -185.15052841,
       -915.48594673, -108.92076068, -167.33401397,  -45.87682169,
       -225.27788921, -470.31138519, -119.49305423, -373.3030198 ,
       -245.58600791]), 'max_error': array([-32.1964121 , -33.75600833, -15.13808038, -33.73003421,
       -23.70438227, -15.21055107, -29.19594246, -35.58472729,
       -16.44694246, -17.52967736, -24.06738032, -32.02879168,
       -61.38043879, -39.14968956, -17.76109665, -15.635006  ,
       -32.43398364,  -9.91306154, -22.40997319, -47.82528494,
       -32.05069626, -46.57732892, -21.06214375, -46.6134739 ,
       -31.80328461, -46.21066657, -32.9797211 , -65.20100119,
       -33.72815868, -28.04193242, -34.68883438, -40.02131664,
       -46.80522374, -23.68372021, -25.76517292, -47.04486307,
       -38.42349783, -24.75265459, -16.33193558, -35.517576  ,
       -21.32610643, -50.44422985, -50.71605884, -43.6466154 ,
       -75.62078571, -26.1392778 , -33.92314605, -15.22471214,
       -51.50538829, -45.92775883, -31.92563753, -44.30806   ,
       -51.68948611]), 'explained_variance': array([ 0.00000000e+00,  0.00000000e+00,  1.11022302e-16,  1.11022302e-16,
        0.00000000e+00,  0.00000000e+00,  0.00000000e+00,  0.00000000e+00,
        0.00000000e+00,  3.33066907e-16,  0.00000000e+00, -2.22044605e-16,
        0.00000000e+00,  1.11022302e-16,  2.22044605e-16,  0.00000000e+00,
        0.00000000e+00,  0.00000000e+00,  0.00000000e+00,  0.00000000e+00,
        0.00000000e+00,  1.11022302e-16, -2.22044605e-16, -2.22044605e-16,
        0.00000000e+00, -2.22044605e-16,  0.00000000e+00,  1.11022302e-16,
        1.11022302e-16, -2.22044605e-16,  0.00000000e+00,  0.00000000e+00,
        1.11022302e-16,  0.00000000e+00,  0.00000000e+00,  3.33066907e-16,
        0.00000000e+00,  0.00000000e+00, -2.22044605e-16,  0.00000000e+00,
        0.00000000e+00,  1.11022302e-16, -2.22044605e-16,  0.00000000e+00,
       -2.22044605e-16,  1.11022302e-16,  0.00000000e+00,  0.00000000e+00,
        0.00000000e+00,  0.00000000e+00,  0.00000000e+00,  0.00000000e+00,
       -2.22044605e-16])}
     accs  y_pred (s)  y_true (s)
54    [5]   14.635509      19.499
4    [34]   22.706440      26.335
3    [34]   22.706440      27.642
11   [34]   22.706440      18.893
27   [28]   20.706438      65.978
29   [28]   20.706438      45.143
64    [5]   14.635509      30.560
77   [14]   18.943090      12.834
124  [23]   19.299843      45.263
71    [5]   14.635509       9.629
25   [28]   20.706438      19.467
91    [5]   14.635509      14.879
83   [14]   18.943090      24.338
89   [14]   18.943090      11.455
69    [5]   14.635509       9.069
{'mse': 278.9021825486325, 'mae': 11.518180286223357, 'r2-score': -0.1407468384300914, 'max-error': 64.51270251019521, 'explained variance score': 0.07038850685993714, 'layers': ['conv4']}
