environment: line 5: __conda_exe: command not found
Using device: cuda
Using model: alexnet
Number of videos: 64
Execution type : naive
Using 2 features
Job ID : 53
Plotting ?  yes
Calculate accumulators ?  no
The directory contains : 65 videos
Number of videos in the directory : 65
Number of videos in the dataframe : 64
['conv1', 'pool1', 'conv2', 'pool2', 'conv3', 'conv4', 'conv5', 'pool5', 'fc6', 'fc7', 'output']
{'conv1': {'T_max': 231.03611281514168, 'T_min': 137.700119048357, 'tau': 100, 'alpha': 50}, 'pool1': {'T_max': 172.87935100495815, 'T_min': 96.51064738631248, 'tau': 100, 'alpha': 50}, 'conv2': {'T_max': 260.3908884525299, 'T_min': 138.66424806416035, 'tau': 100, 'alpha': 50}, 'pool2': {'T_max': 218.24047729372978, 'T_min': 114.92713752388954, 'tau': 100, 'alpha': 50}, 'conv3': {'T_max': 202.5564161837101, 'T_min': 107.47291566431522, 'tau': 100, 'alpha': 50}, 'conv4': {'T_max': 134.8227232247591, 'T_min': 73.26437871158123, 'tau': 100, 'alpha': 50}, 'conv5': {'T_max': 76.11463874578476, 'T_min': 41.856537722051144, 'tau': 100, 'alpha': 50}, 'pool5': {'T_max': 61.31686478853226, 'T_min': 33.92191906273365, 'tau': 100, 'alpha': 50}, 'fc6': {'T_max': 34.43132712692022, 'T_min': 18.570100070908666, 'tau': 100, 'alpha': 50}, 'fc7': {'T_max': 20.01874697394669, 'T_min': 10.533724257722497, 'tau': 100, 'alpha': 50}, 'output': {'T_max': 19.02098509296775, 'T_min': 9.621050400659442, 'tau': 100, 'alpha': 50}}
Iterating over following combinations of layers :  [['conv1'], ['pool1'], ['conv2'], ['pool2'], ['conv3'], ['conv4'], ['conv5'], ['pool5'], ['fc6'], ['fc7'], ['output'], ['conv1', 'pool1'], ['conv1', 'conv2'], ['conv1', 'pool2'], ['conv1', 'conv3'], ['conv1', 'conv4'], ['conv1', 'conv5'], ['conv1', 'pool5'], ['conv1', 'fc6'], ['conv1', 'fc7'], ['conv1', 'output'], ['pool1', 'conv2'], ['pool1', 'pool2'], ['pool1', 'conv3'], ['pool1', 'conv4'], ['pool1', 'conv5'], ['pool1', 'pool5'], ['pool1', 'fc6'], ['pool1', 'fc7'], ['pool1', 'output'], ['conv2', 'pool2'], ['conv2', 'conv3'], ['conv2', 'conv4'], ['conv2', 'conv5'], ['conv2', 'pool5'], ['conv2', 'fc6'], ['conv2', 'fc7'], ['conv2', 'output'], ['pool2', 'conv3'], ['pool2', 'conv4'], ['pool2', 'conv5'], ['pool2', 'pool5'], ['pool2', 'fc6'], ['pool2', 'fc7'], ['pool2', 'output'], ['conv3', 'conv4'], ['conv3', 'conv5'], ['conv3', 'pool5'], ['conv3', 'fc6'], ['conv3', 'fc7'], ['conv3', 'output'], ['conv4', 'conv5'], ['conv4', 'pool5'], ['conv4', 'fc6'], ['conv4', 'fc7'], ['conv4', 'output'], ['conv5', 'pool5'], ['conv5', 'fc6'], ['conv5', 'fc7'], ['conv5', 'output'], ['pool5', 'fc6'], ['pool5', 'fc7'], ['pool5', 'output'], ['fc6', 'fc7'], ['fc6', 'output'], ['fc7', 'output']]
[['conv4', 'fc6']]
Generating the training set for videos : 
TRAINING SET : contains 962 samples, 37 patients based on 56 videos
TEST SET : contains 127 samples, 37 patients based on 8 videos
Dataset constituted.
--------------------NAIVE IMPLEMENTATION-------------------
Number of folds : 53
Grid search.
The best parameters are : {'C': 10.0}
Metrics obtained during CV : 
{'r2': array([-6.13581874e-01, -4.87960720e-02, -1.40480296e-01, -1.21379430e-01,
       -1.23334385e-01, -2.51089716e-03, -6.65541684e-02, -1.51765672e-01,
       -1.55230561e-02, -7.62265294e-02, -9.84543652e-02, -3.53771448e-01,
       -2.99213810e-01, -3.84123902e-02, -4.16661721e-01, -3.69502990e-02,
       -3.48503945e-03, -2.91859887e-01, -3.90979267e-03, -5.75342040e-02,
       -1.43886713e-05, -5.81180817e-01, -7.15256880e-02, -2.67638135e-01,
       -9.04370232e-03, -8.49993049e-02, -3.68606090e-01, -4.19488651e-01,
       -8.89252355e-02, -2.25181799e-03, -1.53696787e-01, -5.18507403e-01,
       -5.03108166e-01, -3.89318042e-02, -7.23614685e-02, -3.17293410e-01,
       -1.72641051e-02, -7.21010268e-03, -9.19423874e-02, -8.11834720e-02,
       -1.62194470e-02, -4.19506044e-01, -5.63042747e-01, -2.65281920e-01,
       -5.00165208e-01, -9.01793031e-03, -3.05826914e-01, -2.67753799e-03,
       -2.04137294e-01, -5.26822600e-01, -3.77807059e-05, -1.03830640e-01,
       -1.02809667e-01]), 'neg_mean_absolute_error': array([-11.9662526 , -11.22096744,  -9.63035495, -10.87932865,
        -9.28546804,  -5.38688116,  -7.98378987,  -6.164188  ,
        -6.86499863,  -7.96885718,  -7.77805116, -12.91556546,
       -14.42531647, -13.09718826,  -8.83652954,  -7.46557288,
       -13.39696278,  -5.4027382 ,  -8.7905524 ,  -9.52688889,
        -9.41995117, -13.64380374,  -9.42463611, -10.89992348,
        -7.2845952 ,  -9.51044843, -10.2765717 , -16.66608183,
       -10.56091978, -10.25894444, -11.86670276, -12.61577035,
       -12.77953094,  -9.17974734, -11.10762114, -11.33388323,
        -9.44361111,  -6.85567208,  -6.61934628,  -7.40210984,
        -6.71529171, -13.13055356, -13.95730474,  -9.51847475,
       -22.13997156,  -7.85966522, -10.09919314,  -5.33206135,
        -8.95460029, -16.75243119,  -8.11122049, -14.0574375 ,
        -9.81840817]), 'neg_mean_squared_error': array([-179.95851285, -200.17579283, -108.34167533, -197.39231925,
       -143.75391468,  -46.26542269, -135.949148  , -106.96718495,
        -66.26383713,  -83.66306821, -102.33452335, -279.20172881,
       -392.28033249, -264.7260984 , -103.25845347,  -84.74991575,
       -251.14262509,  -36.38959584,  -96.11001193, -195.332083  ,
       -144.60192382, -342.89468662, -116.17901617, -247.89610003,
       -114.84055872, -262.36529449, -190.24019797, -553.16410267,
       -205.14012179, -146.60806722, -226.29803167, -281.23909451,
       -326.53493074, -120.61344546, -152.30191474, -250.11208759,
       -167.07374595,  -74.79614113,  -69.74782314, -116.12416737,
        -81.86168968, -322.54378727, -382.84668746, -196.43378729,
       -882.94188403, -103.41198468, -171.51840006,  -43.7086607 ,
       -212.73721531, -474.709731  , -118.87954948, -334.59144493,
       -257.38988694]), 'max_error': array([-30.84121338, -33.97046043, -15.95841601, -35.00875564,
       -28.62796428, -15.55475113, -31.29699238, -36.23357197,
       -17.5472052 , -16.48610193, -25.02599069, -31.86082053,
       -60.80071614, -34.86157696, -17.86853375, -15.5748848 ,
       -32.21270719, -10.4689963 , -23.10002837, -44.78055433,
       -30.55271974, -46.56374456, -18.26392501, -48.06765568,
       -34.2711432 , -47.61046413, -37.32402422, -62.40393412,
       -33.589861  , -26.54801679, -33.43341244, -40.52523328,
       -48.22081962, -24.01825479, -22.99279515, -46.51686227,
       -36.91970613, -24.02345125, -17.19772087, -35.22448853,
       -21.8044373 , -51.98987052, -50.34494854, -44.59592425,
       -74.69724802, -24.56430867, -34.26232619, -16.39465238,
       -50.53902928, -46.10076145, -32.64474841, -41.54051628,
       -53.09636734]), 'explained_variance': array([-2.22044605e-16,  0.00000000e+00,  1.11022302e-16,  0.00000000e+00,
        2.22044605e-16,  0.00000000e+00,  0.00000000e+00, -2.22044605e-16,
        0.00000000e+00,  3.33066907e-16,  1.11022302e-16,  0.00000000e+00,
        0.00000000e+00,  0.00000000e+00,  2.22044605e-16,  0.00000000e+00,
        0.00000000e+00,  0.00000000e+00,  0.00000000e+00,  0.00000000e+00,
        2.22044605e-16,  1.11022302e-16, -2.22044605e-16, -2.22044605e-16,
        0.00000000e+00,  0.00000000e+00,  0.00000000e+00,  0.00000000e+00,
        0.00000000e+00, -2.22044605e-16, -2.22044605e-16, -2.22044605e-16,
        1.11022302e-16,  0.00000000e+00,  0.00000000e+00,  3.33066907e-16,
       -4.44089210e-16,  0.00000000e+00, -2.22044605e-16,  0.00000000e+00,
        0.00000000e+00,  0.00000000e+00,  0.00000000e+00,  0.00000000e+00,
        0.00000000e+00, -2.22044605e-16,  0.00000000e+00,  0.00000000e+00,
        0.00000000e+00,  0.00000000e+00,  0.00000000e+00, -2.22044605e-16,
        0.00000000e+00])}
         accs  y_pred (s)  y_true (s)
54     [5, 5]   14.135586      19.499
4    [34, 33]   23.925975      26.335
3    [34, 33]   23.925975      27.642
11   [34, 33]   23.925975      18.893
27   [28, 30]   20.990806      65.978
29   [28, 30]   20.990806      45.143
64     [5, 5]   14.135586      30.560
77   [14, 17]   18.576542      12.834
124  [23, 23]   22.300483      45.263
71     [5, 5]   14.135586       9.629
25   [28, 30]   20.990806      19.467
91     [5, 6]   15.193006      14.879
83   [14, 17]   18.576542      24.338
89   [14, 17]   18.576542      11.455
69     [5, 5]   14.135586       9.069
{'mse': 265.71804129721085, 'mae': 11.239215944193115, 'r2-score': -0.08682195583311714, 'max-error': 64.62726175057581, 'explained variance score': 0.09167294774470769, 'layers': ['conv4', 'fc6']}
