environment: line 5: __conda_exe: command not found
Using device: cuda
Using model: alexnet
Number of videos: 64
Execution type : naive
Using 2 features
Job ID : 12
Plotting ?  yes
Calculate accumulators ?  no
The directory contains : 65 videos
Number of videos in the directory : 65
Number of videos in the dataframe : 64
['conv1', 'pool1', 'conv2', 'pool2', 'conv3', 'conv4', 'conv5', 'pool5', 'fc6', 'fc7', 'output']
{'conv1': {'T_max': 231.03611281514168, 'T_min': 137.700119048357, 'tau': 100, 'alpha': 50}, 'pool1': {'T_max': 172.87935100495815, 'T_min': 96.51064738631248, 'tau': 100, 'alpha': 50}, 'conv2': {'T_max': 260.3908884525299, 'T_min': 138.66424806416035, 'tau': 100, 'alpha': 50}, 'pool2': {'T_max': 218.24047729372978, 'T_min': 114.92713752388954, 'tau': 100, 'alpha': 50}, 'conv3': {'T_max': 202.5564161837101, 'T_min': 107.47291566431522, 'tau': 100, 'alpha': 50}, 'conv4': {'T_max': 134.8227232247591, 'T_min': 73.26437871158123, 'tau': 100, 'alpha': 50}, 'conv5': {'T_max': 76.11463874578476, 'T_min': 41.856537722051144, 'tau': 100, 'alpha': 50}, 'pool5': {'T_max': 61.31686478853226, 'T_min': 33.92191906273365, 'tau': 100, 'alpha': 50}, 'fc6': {'T_max': 34.43132712692022, 'T_min': 18.570100070908666, 'tau': 100, 'alpha': 50}, 'fc7': {'T_max': 20.01874697394669, 'T_min': 10.533724257722497, 'tau': 100, 'alpha': 50}, 'output': {'T_max': 19.02098509296775, 'T_min': 9.621050400659442, 'tau': 100, 'alpha': 50}}
Iterating over following combinations of layers :  [['conv1'], ['pool1'], ['conv2'], ['pool2'], ['conv3'], ['conv4'], ['conv5'], ['pool5'], ['fc6'], ['fc7'], ['output'], ['conv1', 'pool1'], ['conv1', 'conv2'], ['conv1', 'pool2'], ['conv1', 'conv3'], ['conv1', 'conv4'], ['conv1', 'conv5'], ['conv1', 'pool5'], ['conv1', 'fc6'], ['conv1', 'fc7'], ['conv1', 'output'], ['pool1', 'conv2'], ['pool1', 'pool2'], ['pool1', 'conv3'], ['pool1', 'conv4'], ['pool1', 'conv5'], ['pool1', 'pool5'], ['pool1', 'fc6'], ['pool1', 'fc7'], ['pool1', 'output'], ['conv2', 'pool2'], ['conv2', 'conv3'], ['conv2', 'conv4'], ['conv2', 'conv5'], ['conv2', 'pool5'], ['conv2', 'fc6'], ['conv2', 'fc7'], ['conv2', 'output'], ['pool2', 'conv3'], ['pool2', 'conv4'], ['pool2', 'conv5'], ['pool2', 'pool5'], ['pool2', 'fc6'], ['pool2', 'fc7'], ['pool2', 'output'], ['conv3', 'conv4'], ['conv3', 'conv5'], ['conv3', 'pool5'], ['conv3', 'fc6'], ['conv3', 'fc7'], ['conv3', 'output'], ['conv4', 'conv5'], ['conv4', 'pool5'], ['conv4', 'fc6'], ['conv4', 'fc7'], ['conv4', 'output'], ['conv5', 'pool5'], ['conv5', 'fc6'], ['conv5', 'fc7'], ['conv5', 'output'], ['pool5', 'fc6'], ['pool5', 'fc7'], ['pool5', 'output'], ['fc6', 'fc7'], ['fc6', 'output'], ['fc7', 'output']]
[['conv1', 'conv2']]
Generating the training set for videos : 
TRAINING SET : contains 962 samples, 37 patients based on 56 videos
TEST SET : contains 127 samples, 37 patients based on 8 videos
Dataset constituted.
--------------------NAIVE IMPLEMENTATION-------------------
Number of folds : 53
Grid search.
The best parameters are : {'C': 1}
Metrics obtained during CV : 
{'r2': array([-5.86478108e-01, -6.06662283e-02, -1.34457544e-01, -7.38892767e-02,
       -2.92689360e-02, -3.57895431e-02, -4.21489965e-02, -7.22567245e-02,
       -1.07595255e-01, -1.37115086e-03, -9.07276762e-02, -5.77007352e-01,
       -3.81637861e-01, -1.77735783e-01, -3.08208967e-01, -2.69778564e-01,
       -1.97294210e-05, -8.24473371e-01, -2.03520175e-02, -1.80670020e-01,
       -7.47742298e-02, -6.43277610e-01, -6.40212321e-05, -2.16802956e-01,
       -4.76190242e-02, -9.29270389e-02, -1.43628069e-02, -4.48564366e-01,
       -1.68702266e-01, -1.12663959e-02, -1.99159276e-01, -5.49390108e-01,
       -5.52458726e-01, -2.83009186e-02, -2.00982675e-01, -4.66285502e-01,
       -9.85364415e-02, -3.97936511e-02, -1.73632710e-01, -3.89855352e-02,
       -9.21581202e-07, -3.90650287e-01, -6.83517825e-01, -1.32003600e-01,
       -3.67026367e-01, -2.27642223e-02, -1.89585425e-01, -9.51509225e-02,
       -3.01230519e-01, -6.81844708e-01, -2.75016658e-02, -1.79437742e-01,
       -5.07667528e-02]), 'neg_mean_absolute_error': array([-11.82038151, -11.27638894,  -9.59285492, -10.93279642,
       -10.15743799,  -5.75169165,  -8.06485597,  -6.10293451,
        -7.29742822,  -7.53775459,  -7.75890345, -13.81412623,
       -14.87833411, -13.63184031,  -8.30888634,  -8.29355592,
       -13.4498147 ,  -6.24024245,  -8.70343572,  -9.80553424,
        -9.17311111, -13.86190262,  -8.61438056, -10.8193825 ,
        -8.29604918,  -9.48748072,  -8.661     , -16.85971588,
       -10.48122222, -10.25894444, -12.0354856 , -12.75124861,
       -13.00208737,  -9.00566042, -11.58249054, -12.06610103,
        -9.44361111,  -6.74597066,  -7.12467065,  -7.3013759 ,
        -7.07649776, -13.01164626, -14.62148947,  -8.8882853 ,
       -21.32000041,  -7.89296324,  -9.67838349,  -5.63117483,
        -9.48564994, -17.67673995,  -8.22152205, -14.22861945,
       -10.18248313]), 'neg_mean_squared_error': array([-176.93570167, -202.44135999, -107.76953475, -189.03280135,
       -131.71629107,  -47.80121709, -132.83832399,  -99.58300212,
        -72.27163491,  -77.84400459, -101.61468732, -325.24188592,
       -417.16717865, -300.24429766,  -95.35348681, -103.77896265,
       -250.27536049,  -51.39245303,  -97.68411992, -218.0759104 ,
       -155.41218512, -356.36098991, -108.43086208, -237.9549013 ,
       -119.23086561, -264.28231164, -140.99935886, -564.49469098,
       -220.16913316, -147.92670774, -235.2155148 , -286.95880575,
       -337.25583696, -119.37926653, -170.56931481, -278.40094347,
       -180.42177782,  -77.21581869,  -74.96579271, -111.59191137,
        -80.55520425, -315.98710848, -412.35546743, -175.74245768,
       -804.58127482, -104.82081132, -156.25025548,  -47.73975508,
       -229.89085922, -522.90819441, -122.14432042, -357.50935334,
       -245.24334872]), 'max_error': array([-31.02598342, -34.32146326, -15.87924929, -33.99286793,
       -22.71981117, -14.6099843 , -30.70224553, -35.06975574,
       -15.90397276, -18.59388761, -24.90472187, -34.22785439,
       -62.03033544, -38.4635932 , -18.63970458, -17.69295139,
       -31.20852077, -10.98587332, -23.8840785 , -47.29740406,
       -33.8865459 , -47.1482809 , -21.13203748, -47.3444425 ,
       -30.92861148, -47.81717355, -31.57896555, -62.83961072,
       -35.13439118, -28.405702  , -34.19293519, -40.8128475 ,
       -48.72157159, -24.33161124, -25.12970742, -48.16435231,
       -39.2587004 , -25.01076409, -16.29082736, -34.31788309,
       -20.67000504, -51.64810544, -51.54048105, -42.70535591,
       -72.23733458, -25.130375  , -32.9145193 , -14.69967598,
       -51.82872127, -47.86250879, -34.5198748 , -43.30545562,
       -51.64006747]), 'explained_variance': array([-2.22044605e-16,  0.00000000e+00,  1.11022302e-16,  1.11022302e-16,
        0.00000000e+00,  0.00000000e+00,  0.00000000e+00,  0.00000000e+00,
        0.00000000e+00,  3.33066907e-16,  1.11022302e-16, -2.22044605e-16,
        0.00000000e+00,  0.00000000e+00,  2.22044605e-16,  0.00000000e+00,
        2.22044605e-16,  0.00000000e+00,  0.00000000e+00, -2.22044605e-16,
        0.00000000e+00, -2.22044605e-16, -2.22044605e-16, -2.22044605e-16,
        0.00000000e+00,  0.00000000e+00, -2.22044605e-16,  0.00000000e+00,
        0.00000000e+00, -2.22044605e-16,  0.00000000e+00,  0.00000000e+00,
        1.11022302e-16,  0.00000000e+00,  0.00000000e+00,  4.44089210e-16,
        0.00000000e+00,  0.00000000e+00,  0.00000000e+00,  0.00000000e+00,
        0.00000000e+00,  0.00000000e+00, -2.22044605e-16,  0.00000000e+00,
       -4.44089210e-16, -2.22044605e-16,  0.00000000e+00,  0.00000000e+00,
        0.00000000e+00,  0.00000000e+00,  1.11022302e-16,  0.00000000e+00,
       -2.22044605e-16])}
         accs  y_pred (s)  y_true (s)
54     [1, 2]   14.240083      19.499
4    [30, 31]   22.865598      26.335
3    [30, 31]   22.865598      27.642
11   [30, 31]   22.865598      18.893
27   [27, 27]   21.776100      65.978
29   [27, 27]   21.776100      45.143
64     [1, 2]   14.240083      30.560
77   [15, 14]   16.850264      12.834
124  [22, 21]   19.473279      45.263
71     [1, 2]   14.240083       9.629
25   [27, 27]   21.776100      19.467
91     [9, 6]   15.277584      14.879
83   [15, 14]   16.850264      24.338
89   [15, 14]   16.850264      11.455
69     [1, 2]   14.240083       9.069
{'mse': 273.9574383530352, 'mae': 11.380000909267935, 'r2-score': -0.12052218024911943, 'max-error': 64.93177080367715, 'explained variance score': 0.09814750522229321, 'layers': ['conv1', 'conv2']}
