environment: line 5: __conda_exe: command not found
Using device: cuda
Using model: efficientnetB7
Number of videos: 64
Execution type : naive
Using 2 features
Job ID : 21
Plotting ?  yes
Calculate accumulators ?  no
The directory contains : 65 videos
Number of videos in the directory : 65
Number of videos in the dataframe : 64
['conv1', 'mbconv1', 'mbconv2', 'mbconv3', 'mbconv4', 'mbconv5', 'mbconv6', 'mbconv7', 'conv2', 'pool', 'output']
{'conv1': {'T_max': 395.51620042324066, 'T_min': 239.28720539808273, 'tau': 100, 'alpha': 50}, 'mbconv1': {'T_max': 1298.5398244857788, 'T_min': 929.1751428842545, 'tau': 100, 'alpha': 50}, 'mbconv2': {'T_max': 1391.3383300304413, 'T_min': 1003.122047662735, 'tau': 100, 'alpha': 50}, 'mbconv3': {'T_max': 776.5638054609299, 'T_min': 488.0033164024353, 'tau': 100, 'alpha': 50}, 'mbconv4': {'T_max': 372.1466582119465, 'T_min': 220.11169669032097, 'tau': 100, 'alpha': 50}, 'mbconv5': {'T_max': 456.8904039859772, 'T_min': 244.3836663365364, 'tau': 100, 'alpha': 50}, 'mbconv6': {'T_max': 290.0942441225052, 'T_min': 148.01406832039356, 'tau': 100, 'alpha': 50}, 'mbconv7': {'T_max': 172.54942694306374, 'T_min': 86.22373071312904, 'tau': 100, 'alpha': 50}, 'conv2': {'T_max': 75.42317940294743, 'T_min': 36.623642422258854, 'tau': 100, 'alpha': 50}, 'pool': {'T_max': 3.77721415925771, 'T_min': 1.8366734338924289, 'tau': 100, 'alpha': 50}, 'output': {'T_max': 11.04102703742683, 'T_min': 5.27929691132158, 'tau': 100, 'alpha': 50}}
Iterating over following combinations of layers :  [['conv1'], ['mbconv1'], ['mbconv2'], ['mbconv3'], ['mbconv4'], ['mbconv5'], ['mbconv6'], ['mbconv7'], ['conv2'], ['pool'], ['output'], ['conv1', 'mbconv1'], ['conv1', 'mbconv2'], ['conv1', 'mbconv3'], ['conv1', 'mbconv4'], ['conv1', 'mbconv5'], ['conv1', 'mbconv6'], ['conv1', 'mbconv7'], ['conv1', 'conv2'], ['conv1', 'pool'], ['conv1', 'output'], ['mbconv1', 'mbconv2'], ['mbconv1', 'mbconv3'], ['mbconv1', 'mbconv4'], ['mbconv1', 'mbconv5'], ['mbconv1', 'mbconv6'], ['mbconv1', 'mbconv7'], ['mbconv1', 'conv2'], ['mbconv1', 'pool'], ['mbconv1', 'output'], ['mbconv2', 'mbconv3'], ['mbconv2', 'mbconv4'], ['mbconv2', 'mbconv5'], ['mbconv2', 'mbconv6'], ['mbconv2', 'mbconv7'], ['mbconv2', 'conv2'], ['mbconv2', 'pool'], ['mbconv2', 'output'], ['mbconv3', 'mbconv4'], ['mbconv3', 'mbconv5'], ['mbconv3', 'mbconv6'], ['mbconv3', 'mbconv7'], ['mbconv3', 'conv2'], ['mbconv3', 'pool'], ['mbconv3', 'output'], ['mbconv4', 'mbconv5'], ['mbconv4', 'mbconv6'], ['mbconv4', 'mbconv7'], ['mbconv4', 'conv2'], ['mbconv4', 'pool'], ['mbconv4', 'output'], ['mbconv5', 'mbconv6'], ['mbconv5', 'mbconv7'], ['mbconv5', 'conv2'], ['mbconv5', 'pool'], ['mbconv5', 'output'], ['mbconv6', 'mbconv7'], ['mbconv6', 'conv2'], ['mbconv6', 'pool'], ['mbconv6', 'output'], ['mbconv7', 'conv2'], ['mbconv7', 'pool'], ['mbconv7', 'output'], ['conv2', 'pool'], ['conv2', 'output'], ['pool', 'output']]
[['mbconv1', 'mbconv2']]
Generating the training set for videos : 
TRAINING SET : contains 962 samples, 37 patients based on 56 videos
TEST SET : contains 127 samples, 37 patients based on 8 videos
Dataset constituted.
--------------------NAIVE IMPLEMENTATION-------------------
Number of folds : 53
Grid search.
The best parameters are : {'C': 10.0}
Metrics obtained during CV : 
{'r2': array([-1.40274995e-01, -1.85493048e-01, -4.23011799e-02, -5.49664602e-02,
       -1.27371013e-01, -3.57855799e-02, -1.06212561e-01, -6.50143977e-02,
       -2.87581528e-02, -3.77989411e-03, -1.96326369e-01, -5.64739080e-01,
       -2.61748604e-02, -2.24829064e-01, -5.87479361e-02, -1.51175487e-01,
       -4.39200428e-03, -3.90193627e-01, -1.06803439e-01, -3.18316089e-01,
       -5.87947019e-02, -1.00709539e+00, -1.14704834e-01, -4.87208651e-03,
       -3.68773895e-02, -2.90587678e-05, -9.14659850e-03, -3.24347216e-01,
       -1.86304019e-01, -2.89761675e-02, -9.88271659e-02, -1.03686567e-01,
       -7.25405744e-01, -3.70770547e-02, -2.20632119e-01, -3.39576974e-01,
       -7.26962944e-02, -1.67174601e-01, -1.87037618e-01, -7.12844282e-02,
       -1.65755511e-05, -4.74143835e-01, -7.85404518e-01, -1.36238764e-01,
       -2.20452162e-01, -1.19300256e-01, -1.79547834e-01, -1.89237350e-01,
       -4.41522233e-01, -3.37077524e-01, -3.16103097e-03, -3.89511082e-01,
       -6.42896668e-02]), 'neg_mean_absolute_error': array([ -8.55809452, -13.54699431,  -8.9153941 , -10.95889606,
        -9.29565065,  -5.75165794,  -8.06276324,  -6.09592134,
        -6.96063715,  -7.40061509,  -7.97512532, -13.75670229,
       -12.96184902, -13.85274383,  -7.02106519,  -8.24064205,
       -13.39093624,  -5.56779788,  -9.37298176, -10.22576291,
        -9.17311111, -15.54280247,  -8.3946444 , -10.63555556,
        -8.15719439, -10.81727437,  -8.93150726, -16.14208337,
       -10.48122222, -10.25894444, -11.7190067 , -10.79396688,
       -13.71239119,  -9.15126981, -11.63917512, -11.45296242,
        -9.44361111,  -8.24625562,  -7.20877973,  -7.38145664,
        -7.09656761, -13.40448436, -15.13864266,  -8.91230117,
       -20.26779197,  -8.02040486,  -9.67050711,  -5.91493907,
       -10.11848555, -15.98489755,  -8.1323079 , -14.70402437,
       -10.07462841]), 'neg_mean_squared_error': array([-127.17185014, -226.26611315,  -99.01499959, -185.70188718,
       -144.27048494,  -47.80103418, -141.00423557,  -98.91039022,
        -67.12743966,  -78.03125406, -111.45250327, -322.71167834,
       -309.83985266, -312.24995222,  -77.17062788,  -94.0855368 ,
       -251.36961157,  -39.15949765, -105.96060773, -243.49985724,
       -153.1015479 , -435.25847163, -120.86066846, -196.51023776,
       -118.00834638, -241.81851299, -140.27429082, -516.0881974 ,
       -223.48508694, -150.51726964, -215.53533608, -204.41112766,
       -374.82681401, -120.39812071, -173.36002309, -254.34302711,
       -176.17783551,  -86.67521892,  -75.82203127, -115.06096372,
        -80.55646526, -334.95872575, -437.31126776, -176.3999628 ,
       -718.31310652, -114.71457293, -154.93183301,  -51.84116513,
       -254.67646203, -415.71542886, -119.25082604, -421.18646081,
       -248.39952464]), 'max_error': array([-35.15821361, -25.61041313, -15.63707316, -33.49697485,
       -28.69245412, -14.61005546, -32.06383385, -34.9365055 ,
       -17.18377882, -19.46243779, -26.27412702, -34.11126039,
       -54.10704382, -39.30302657, -21.31010877, -20.82773298,
       -32.32721151, -10.02097719, -19.29058207, -49.18843308,
       -33.51410162, -50.11553704, -24.57529957, -41.80921197,
       -31.20793763, -42.99300766, -29.03843466, -60.86091677,
       -35.42119356, -29.18072937, -32.34556033, -35.10785094,
       -50.31975517, -24.06951435, -25.38478803, -46.78479046,
       -38.69119397, -19.76829986, -16.16466374, -35.03860973,
       -20.62484788, -52.6062148 , -52.4713568 , -42.77740352,
       -68.93056386, -27.09962756, -32.78062083, -13.86414797,
       -53.36560776, -43.53975279, -32.09876573, -46.79634749,
       -52.07148635]), 'explained_variance': array([-4.44089210e-16,  0.00000000e+00,  1.11022302e-16,  1.11022302e-16,
        0.00000000e+00,  0.00000000e+00,  0.00000000e+00,  0.00000000e+00,
        0.00000000e+00,  3.33066907e-16,  0.00000000e+00,  0.00000000e+00,
        0.00000000e+00,  0.00000000e+00,  2.22044605e-16,  0.00000000e+00,
        0.00000000e+00,  0.00000000e+00,  0.00000000e+00,  0.00000000e+00,
        0.00000000e+00, -2.22044605e-16, -2.22044605e-16, -2.22044605e-16,
        0.00000000e+00,  0.00000000e+00,  0.00000000e+00,  1.11022302e-16,
        0.00000000e+00,  0.00000000e+00, -2.22044605e-16, -2.22044605e-16,
        1.11022302e-16,  0.00000000e+00,  0.00000000e+00,  3.33066907e-16,
        0.00000000e+00,  0.00000000e+00, -2.22044605e-16,  0.00000000e+00,
        0.00000000e+00,  0.00000000e+00,  0.00000000e+00,  0.00000000e+00,
       -2.22044605e-16, -2.22044605e-16,  0.00000000e+00,  0.00000000e+00,
        0.00000000e+00,  0.00000000e+00, -2.22044605e-16,  0.00000000e+00,
        0.00000000e+00])}
         accs  y_pred (s)  y_true (s)
54    [2, 10]   15.833379      19.499
4    [43, 52]   24.226821      26.335
3    [43, 52]   24.226821      27.642
11   [43, 52]   24.226821      18.893
27   [29, 29]   16.039006      65.978
29   [29, 29]   16.039006      45.143
64    [2, 10]   15.833379      30.560
77   [16, 16]   18.136213      12.834
124  [24, 26]   16.206942      45.263
71    [2, 10]   15.833379       9.629
25   [29, 29]   16.039006      19.467
91    [10, 2]   16.724680      14.879
83   [16, 16]   18.136213      24.338
89   [16, 16]   18.136213      11.455
69    [2, 10]   15.833379       9.069
{'mse': 294.957215177636, 'mae': 11.812311241441941, 'r2-score': -0.2064140467146096, 'max-error': 63.104002859935626, 'explained variance score': 0.02810521172718261, 'layers': ['mbconv1', 'mbconv2']}
