environment: line 5: __conda_exe: command not found
Using device: cuda
Using model: efficientnetB7
Number of videos: 64
Execution type : naive
Using 2 features
Job ID : 18
Plotting ?  yes
Calculate accumulators ?  no
The directory contains : 65 videos
Number of videos in the directory : 65
Number of videos in the dataframe : 64
['conv1', 'mbconv1', 'mbconv2', 'mbconv3', 'mbconv4', 'mbconv5', 'mbconv6', 'mbconv7', 'conv2', 'pool', 'output']
{'conv1': {'T_max': 395.51620042324066, 'T_min': 239.28720539808273, 'tau': 100, 'alpha': 50}, 'mbconv1': {'T_max': 1298.5398244857788, 'T_min': 929.1751428842545, 'tau': 100, 'alpha': 50}, 'mbconv2': {'T_max': 1391.3383300304413, 'T_min': 1003.122047662735, 'tau': 100, 'alpha': 50}, 'mbconv3': {'T_max': 776.5638054609299, 'T_min': 488.0033164024353, 'tau': 100, 'alpha': 50}, 'mbconv4': {'T_max': 372.1466582119465, 'T_min': 220.11169669032097, 'tau': 100, 'alpha': 50}, 'mbconv5': {'T_max': 456.8904039859772, 'T_min': 244.3836663365364, 'tau': 100, 'alpha': 50}, 'mbconv6': {'T_max': 290.0942441225052, 'T_min': 148.01406832039356, 'tau': 100, 'alpha': 50}, 'mbconv7': {'T_max': 172.54942694306374, 'T_min': 86.22373071312904, 'tau': 100, 'alpha': 50}, 'conv2': {'T_max': 75.42317940294743, 'T_min': 36.623642422258854, 'tau': 100, 'alpha': 50}, 'pool': {'T_max': 3.77721415925771, 'T_min': 1.8366734338924289, 'tau': 100, 'alpha': 50}, 'output': {'T_max': 11.04102703742683, 'T_min': 5.27929691132158, 'tau': 100, 'alpha': 50}}
Iterating over following combinations of layers :  [['conv1'], ['mbconv1'], ['mbconv2'], ['mbconv3'], ['mbconv4'], ['mbconv5'], ['mbconv6'], ['mbconv7'], ['conv2'], ['pool'], ['output'], ['conv1', 'mbconv1'], ['conv1', 'mbconv2'], ['conv1', 'mbconv3'], ['conv1', 'mbconv4'], ['conv1', 'mbconv5'], ['conv1', 'mbconv6'], ['conv1', 'mbconv7'], ['conv1', 'conv2'], ['conv1', 'pool'], ['conv1', 'output'], ['mbconv1', 'mbconv2'], ['mbconv1', 'mbconv3'], ['mbconv1', 'mbconv4'], ['mbconv1', 'mbconv5'], ['mbconv1', 'mbconv6'], ['mbconv1', 'mbconv7'], ['mbconv1', 'conv2'], ['mbconv1', 'pool'], ['mbconv1', 'output'], ['mbconv2', 'mbconv3'], ['mbconv2', 'mbconv4'], ['mbconv2', 'mbconv5'], ['mbconv2', 'mbconv6'], ['mbconv2', 'mbconv7'], ['mbconv2', 'conv2'], ['mbconv2', 'pool'], ['mbconv2', 'output'], ['mbconv3', 'mbconv4'], ['mbconv3', 'mbconv5'], ['mbconv3', 'mbconv6'], ['mbconv3', 'mbconv7'], ['mbconv3', 'conv2'], ['mbconv3', 'pool'], ['mbconv3', 'output'], ['mbconv4', 'mbconv5'], ['mbconv4', 'mbconv6'], ['mbconv4', 'mbconv7'], ['mbconv4', 'conv2'], ['mbconv4', 'pool'], ['mbconv4', 'output'], ['mbconv5', 'mbconv6'], ['mbconv5', 'mbconv7'], ['mbconv5', 'conv2'], ['mbconv5', 'pool'], ['mbconv5', 'output'], ['mbconv6', 'mbconv7'], ['mbconv6', 'conv2'], ['mbconv6', 'pool'], ['mbconv6', 'output'], ['mbconv7', 'conv2'], ['mbconv7', 'pool'], ['mbconv7', 'output'], ['conv2', 'pool'], ['conv2', 'output'], ['pool', 'output']]
[['conv1', 'conv2']]
Generating the training set for videos : 
TRAINING SET : contains 962 samples, 37 patients based on 56 videos
TEST SET : contains 127 samples, 37 patients based on 8 videos
Dataset constituted.
--------------------NAIVE IMPLEMENTATION-------------------
Number of folds : 53
Grid search.
The best parameters are : {'C': 1}
Metrics obtained during CV : 
{'r2': array([-2.86633436e-01, -2.22764797e-02, -2.24396089e-01, -8.40602790e-02,
       -5.64727416e-02, -5.76000870e-02, -4.55442703e-02, -4.45341804e-02,
       -7.14101785e-02, -2.38624237e-03, -5.86503753e-02, -5.18092681e-01,
       -2.25333414e-01, -2.80477232e-01, -1.13291681e-01, -5.82920984e-02,
       -4.39831049e-02, -5.38455392e-01, -6.71410466e-02, -1.02588029e-01,
       -9.48138199e-02, -6.35281552e-01, -1.10728066e-03, -2.67768106e-01,
       -1.32049882e-02, -1.43790630e-01, -1.24276308e-01, -6.69398199e-01,
       -1.76566398e-01, -1.18498747e-02, -1.44580134e-01, -8.96839799e-01,
       -6.19638548e-01, -1.40568946e-02, -2.12280697e-01, -1.41305366e-01,
       -5.38452482e-02, -1.51036141e-03, -2.66714399e-01, -6.93411409e-03,
       -1.84963879e-03, -4.95465113e-01, -7.15432920e-01, -1.19006262e-01,
       -4.84710518e-01, -3.97360508e-04, -1.49448499e-01, -1.20633944e-01,
       -2.83359211e-01, -5.95900434e-01, -3.67550645e-07, -3.22396393e-01,
       -7.45553903e-02]), 'neg_mean_absolute_error': array([ -9.89914612, -11.1268242 , -10.08694735, -10.92015342,
       -10.43483503,  -5.91522193,  -8.05040082,  -6.07363039,
        -7.16820389,  -7.41820012,  -7.66893818, -13.57692807,
       -13.96239286, -14.0856869 ,  -7.31738763,  -7.48079069,
       -13.27149629,  -5.78120596,  -8.57682978,  -9.54051769,
        -9.17311111, -13.82917536,  -8.55589716, -10.9003138 ,
        -7.79152559,  -9.48521796,  -9.04665299, -18.16187903,
       -10.48122222, -10.25894444, -11.82996241, -14.53135901,
       -13.28963367,  -8.70835714, -11.6154048 , -10.60993069,
        -9.44361111,  -6.91158312,  -7.65615838,  -7.16990042,
        -7.25188381, -13.50706593, -14.78739571,  -8.82688109,
       -22.05091966,  -7.81498497,  -9.64546529,  -5.69396601,
        -9.39518103, -17.17458329,  -8.1147738 , -14.5424372 ,
       -10.0001737 ]), 'neg_mean_squared_error': array([-143.49481948, -195.11419834, -116.31338482, -190.82316569,
       -135.19758177,  -48.80776378, -133.27110518,  -97.0083443 ,
        -69.91052457,  -77.92291518,  -98.62629253, -313.09132825,
       -369.97312956, -326.43653423,  -81.1462437 ,  -86.49418034,
       -261.27809306,  -43.33579089, -102.16350061, -203.65375937,
       -158.30990672, -354.62696578, -108.54397636, -247.92151679,
       -115.31416   , -276.58171211, -156.27765288, -650.55198294,
       -221.650639  , -148.01205823, -224.50979696, -351.30912533,
       -351.84996875, -117.72562496, -172.17391406, -216.69755993,
       -173.08177137,  -74.37287427,  -80.91138585, -108.14943867,
        -80.70412791, -339.80340082, -420.17264858, -173.72463359,
       -873.84582373, -102.52848182, -150.97833067,  -48.85060947,
       -226.73350148, -496.18696078, -118.87510199, -400.84275946,
       -250.79548969]), 'max_error': array([-33.45954825, -32.98065986, -16.9223333 , -34.23308499,
       -21.96687636, -14.26475369, -30.7937948 , -34.51297749,
       -16.3950252 , -19.35106589, -24.3349418 , -33.65594763,
       -59.5442092 , -40.18821022, -20.50580501, -15.18002314,
       -34.5965704 , -10.06127331, -25.02353196, -45.87365919,
       -34.30104362, -47.07464455, -21.39521279, -48.06941209,
       -32.03069242, -48.97346168, -34.3222923 , -65.76947781,
       -35.26429194, -28.43852485, -33.26808083, -43.61370518,
       -49.36855075, -24.86675715, -25.2778216 , -43.93487622,
       -38.20962771, -23.62662596, -15.87840424, -33.13460377,
       -20.27538644, -52.83702335, -51.83911227, -42.47671488,
       -74.4300923 , -23.80474451, -32.35490996, -14.44311557,
       -51.60901107, -46.91399066, -32.70515467, -45.8159976 ,
       -52.36930521]), 'explained_variance': array([-4.44089210e-16,  0.00000000e+00,  1.11022302e-16,  1.11022302e-16,
        0.00000000e+00,  0.00000000e+00,  0.00000000e+00,  0.00000000e+00,
        0.00000000e+00,  3.33066907e-16,  0.00000000e+00, -2.22044605e-16,
        0.00000000e+00,  0.00000000e+00,  2.22044605e-16,  0.00000000e+00,
        0.00000000e+00,  0.00000000e+00,  0.00000000e+00,  0.00000000e+00,
        2.22044605e-16, -2.22044605e-16, -2.22044605e-16,  1.11022302e-16,
        0.00000000e+00,  0.00000000e+00,  0.00000000e+00,  0.00000000e+00,
        0.00000000e+00, -2.22044605e-16, -2.22044605e-16,  0.00000000e+00,
        1.11022302e-16,  0.00000000e+00,  0.00000000e+00,  0.00000000e+00,
        0.00000000e+00,  0.00000000e+00, -2.22044605e-16,  2.22044605e-16,
        0.00000000e+00,  0.00000000e+00, -2.22044605e-16,  0.00000000e+00,
       -4.44089210e-16, -2.22044605e-16,  0.00000000e+00,  0.00000000e+00,
        0.00000000e+00,  0.00000000e+00,  0.00000000e+00, -2.22044605e-16,
       -2.22044605e-16])}
         accs  y_pred (s)  y_true (s)
54     [2, 4]   14.239379      19.499
4    [29, 35]   21.847289      26.335
3    [29, 35]   21.847289      27.642
11   [29, 35]   21.847289      18.893
27   [28, 20]   21.194909      65.978
29   [28, 20]   21.194909      45.143
64     [2, 4]   14.239379      30.560
77   [14, 15]   16.029119      12.834
124  [22, 23]   20.076629      45.263
71     [2, 4]   14.239379       9.629
25   [28, 20]   21.194909      19.467
91    [12, 4]   17.155965      14.879
83   [14, 15]   16.029119      24.338
89   [14, 15]   16.029119      11.455
69     [2, 4]   14.239379       9.069
{'mse': 274.1737709227462, 'mae': 11.369714047561716, 'r2-score': -0.12140700909015689, 'max-error': 65.29729569705646, 'explained variance score': 0.1003485989671501, 'layers': ['conv1', 'conv2']}
