environment: line 5: __conda_exe: command not found
Using device: cuda
Using model: efficientnetB7
Number of videos: 64
Execution type : naive
Using 2 features
Job ID : 19
Plotting ?  yes
Calculate accumulators ?  no
The directory contains : 65 videos
Number of videos in the directory : 65
Number of videos in the dataframe : 64
['conv1', 'mbconv1', 'mbconv2', 'mbconv3', 'mbconv4', 'mbconv5', 'mbconv6', 'mbconv7', 'conv2', 'pool', 'output']
{'conv1': {'T_max': 395.51620042324066, 'T_min': 239.28720539808273, 'tau': 100, 'alpha': 50}, 'mbconv1': {'T_max': 1298.5398244857788, 'T_min': 929.1751428842545, 'tau': 100, 'alpha': 50}, 'mbconv2': {'T_max': 1391.3383300304413, 'T_min': 1003.122047662735, 'tau': 100, 'alpha': 50}, 'mbconv3': {'T_max': 776.5638054609299, 'T_min': 488.0033164024353, 'tau': 100, 'alpha': 50}, 'mbconv4': {'T_max': 372.1466582119465, 'T_min': 220.11169669032097, 'tau': 100, 'alpha': 50}, 'mbconv5': {'T_max': 456.8904039859772, 'T_min': 244.3836663365364, 'tau': 100, 'alpha': 50}, 'mbconv6': {'T_max': 290.0942441225052, 'T_min': 148.01406832039356, 'tau': 100, 'alpha': 50}, 'mbconv7': {'T_max': 172.54942694306374, 'T_min': 86.22373071312904, 'tau': 100, 'alpha': 50}, 'conv2': {'T_max': 75.42317940294743, 'T_min': 36.623642422258854, 'tau': 100, 'alpha': 50}, 'pool': {'T_max': 3.77721415925771, 'T_min': 1.8366734338924289, 'tau': 100, 'alpha': 50}, 'output': {'T_max': 11.04102703742683, 'T_min': 5.27929691132158, 'tau': 100, 'alpha': 50}}
Iterating over following combinations of layers :  [['conv1'], ['mbconv1'], ['mbconv2'], ['mbconv3'], ['mbconv4'], ['mbconv5'], ['mbconv6'], ['mbconv7'], ['conv2'], ['pool'], ['output'], ['conv1', 'mbconv1'], ['conv1', 'mbconv2'], ['conv1', 'mbconv3'], ['conv1', 'mbconv4'], ['conv1', 'mbconv5'], ['conv1', 'mbconv6'], ['conv1', 'mbconv7'], ['conv1', 'conv2'], ['conv1', 'pool'], ['conv1', 'output'], ['mbconv1', 'mbconv2'], ['mbconv1', 'mbconv3'], ['mbconv1', 'mbconv4'], ['mbconv1', 'mbconv5'], ['mbconv1', 'mbconv6'], ['mbconv1', 'mbconv7'], ['mbconv1', 'conv2'], ['mbconv1', 'pool'], ['mbconv1', 'output'], ['mbconv2', 'mbconv3'], ['mbconv2', 'mbconv4'], ['mbconv2', 'mbconv5'], ['mbconv2', 'mbconv6'], ['mbconv2', 'mbconv7'], ['mbconv2', 'conv2'], ['mbconv2', 'pool'], ['mbconv2', 'output'], ['mbconv3', 'mbconv4'], ['mbconv3', 'mbconv5'], ['mbconv3', 'mbconv6'], ['mbconv3', 'mbconv7'], ['mbconv3', 'conv2'], ['mbconv3', 'pool'], ['mbconv3', 'output'], ['mbconv4', 'mbconv5'], ['mbconv4', 'mbconv6'], ['mbconv4', 'mbconv7'], ['mbconv4', 'conv2'], ['mbconv4', 'pool'], ['mbconv4', 'output'], ['mbconv5', 'mbconv6'], ['mbconv5', 'mbconv7'], ['mbconv5', 'conv2'], ['mbconv5', 'pool'], ['mbconv5', 'output'], ['mbconv6', 'mbconv7'], ['mbconv6', 'conv2'], ['mbconv6', 'pool'], ['mbconv6', 'output'], ['mbconv7', 'conv2'], ['mbconv7', 'pool'], ['mbconv7', 'output'], ['conv2', 'pool'], ['conv2', 'output'], ['pool', 'output']]
[['conv1', 'pool']]
Generating the training set for videos : 
TRAINING SET : contains 962 samples, 37 patients based on 56 videos
TEST SET : contains 127 samples, 37 patients based on 8 videos
Dataset constituted.
--------------------NAIVE IMPLEMENTATION-------------------
Number of folds : 53
Grid search.
The best parameters are : {'C': 1}
Metrics obtained during CV : 
{'r2': array([-2.51109863e-01, -1.54435251e-02, -2.86731409e-01, -4.30587659e-02,
       -2.91254085e-02, -5.63953895e-02, -5.03067328e-02, -4.37853054e-02,
       -7.59884576e-02, -1.42658908e-03, -8.41234582e-02, -6.33184047e-01,
       -2.39385607e-01, -2.36605055e-01, -1.41639392e-01, -1.79515106e-01,
       -2.38608560e-02, -6.15271888e-01, -5.89659612e-02, -1.49379275e-01,
       -8.14261946e-02, -4.63571793e-01, -1.18789629e-02, -3.24619686e-01,
       -2.68598843e-02, -1.32210434e-01, -3.81452530e-02, -6.04007721e-01,
       -1.62598996e-01, -5.09040352e-03, -1.80482713e-01, -8.13932068e-01,
       -5.91726748e-01, -2.04130466e-02, -3.47573411e-01, -1.51409586e-01,
       -1.78202195e-02, -1.13119140e-02, -1.02715599e-01, -1.97825704e-02,
       -1.23252618e-03, -4.74597435e-01, -7.35047010e-01, -1.32348046e-01,
       -4.72558945e-01, -5.07703373e-03, -1.48464051e-01, -1.23920766e-01,
       -3.20243723e-01, -5.87386099e-01, -4.64052973e-05, -2.93007500e-01,
       -7.45321781e-02]), 'neg_mean_absolute_error': array([ -9.61340037, -11.11176112, -10.37212096, -10.97771021,
       -10.1556876 ,  -5.90710302,  -8.03100461,  -6.07272662,
        -7.18613069,  -7.43362359,  -7.7418804 , -14.11442716,
       -14.05571526, -13.90425399,  -7.45273395,  -7.8836951 ,
       -13.31750059,  -5.88633288,  -8.5945362 ,  -9.68908728,
        -9.17311111, -13.3632652 ,  -8.38069842, -11.06281288,
        -8.02374654,  -9.45828172,  -8.661     , -17.80226395,
       -10.48122222, -10.25894444, -11.96875756, -14.12458825,
       -13.17215708,  -8.85388988, -11.96942939, -10.6301522 ,
        -9.44361111,  -6.83513843,  -6.68070036,  -7.23597335,
        -7.2203704 , -13.40669047, -14.88752513,  -8.89025278,
       -21.97989904,  -7.84554605,  -9.64460549,  -5.70309257,
        -9.57899953, -17.12291704,  -8.11079365, -14.48477008,
       -10.00033605]), 'neg_mean_squared_error': array([-139.5329695 , -193.81004386, -122.23502417, -183.60581931,
       -131.69792374,  -48.75216754, -133.87815612,  -96.93879452,
        -70.2092616 ,  -77.84831421, -100.99942325, -336.82776353,
       -374.21600221, -315.25204675,  -83.21246796,  -96.40173297,
       -256.24208931,  -45.49958687, -101.38085305, -212.29634667,
       -156.37405819, -317.39000755, -109.71188437, -259.03926776,
       -116.86824125, -273.78148782, -144.30518752, -625.06980295,
       -219.01935219, -147.02329175, -231.55210046, -335.95398427,
       -345.78641457, -118.46353422, -191.38883366, -218.61602969,
       -167.16508125,  -75.10074456,  -70.43596203, -109.52942304,
        -80.65441632, -335.06179383, -424.97686086, -175.79593258,
       -866.69385581, -103.00809103, -150.84902481,  -48.9938884 ,
       -233.24995799, -493.53973939, -118.88057473, -391.93444343,
       -250.79007207]), 'max_error': array([-33.82149287, -32.63553864, -17.52436647, -33.13950606,
       -22.72456223, -14.28189362, -30.91663745, -34.4958058 ,
       -16.32690337, -19.25338396, -24.79690921, -34.74655601,
       -59.79751286, -39.49876515, -20.16633945, -16.82768966,
       -33.72248882, -10.32981386, -24.86417422, -46.77339274,
       -34.02969093, -45.36369342, -22.18360712, -48.80065797,
       -31.50819528, -48.73103545, -32.46867242, -64.96034389,
       -35.03147569, -27.98485665, -33.89265901, -43.00354904,
       -49.10422844, -24.60479822, -26.81295484, -44.11686983,
       -36.94661178, -24.20825417, -17.05967418, -33.72926014,
       -20.34629159, -52.61117855, -52.01934524, -42.71125833,
       -74.21703046, -24.32428284, -32.34029334, -14.41208527,
       -52.05542743, -46.81639886, -32.63749202, -45.35466067,
       -52.36865578]), 'explained_variance': array([-4.44089210e-16,  0.00000000e+00,  1.11022302e-16,  0.00000000e+00,
        0.00000000e+00,  0.00000000e+00,  0.00000000e+00,  0.00000000e+00,
        0.00000000e+00,  3.33066907e-16,  1.11022302e-16, -2.22044605e-16,
       -2.22044605e-16,  0.00000000e+00,  2.22044605e-16,  0.00000000e+00,
        0.00000000e+00,  0.00000000e+00,  0.00000000e+00,  0.00000000e+00,
        0.00000000e+00,  0.00000000e+00, -2.22044605e-16,  0.00000000e+00,
        0.00000000e+00,  0.00000000e+00, -2.22044605e-16,  0.00000000e+00,
        0.00000000e+00, -2.22044605e-16,  0.00000000e+00, -2.22044605e-16,
        1.11022302e-16,  0.00000000e+00,  0.00000000e+00,  3.33066907e-16,
       -4.44089210e-16,  0.00000000e+00,  0.00000000e+00,  0.00000000e+00,
        0.00000000e+00,  0.00000000e+00, -2.22044605e-16,  0.00000000e+00,
        0.00000000e+00, -2.22044605e-16,  0.00000000e+00,  0.00000000e+00,
        0.00000000e+00,  0.00000000e+00,  2.22044605e-16,  0.00000000e+00,
        0.00000000e+00])}
         accs  y_pred (s)  y_true (s)
54     [2, 6]   14.527696      19.499
4    [29, 30]   22.601553      26.335
3    [29, 30]   22.601553      27.642
11   [29, 30]   22.601553      18.893
27   [28, 23]   22.027891      65.978
29   [28, 23]   22.027891      45.143
64     [2, 6]   14.527696      30.560
77   [14, 16]   16.682235      12.834
124  [22, 26]   21.543392      45.263
71     [2, 6]   14.527696       9.629
25   [28, 23]   22.027891      19.467
91    [12, 5]   16.356620      14.879
83   [14, 16]   16.682235      24.338
89   [14, 16]   16.682235      11.455
69     [2, 6]   14.527696       9.069
{'mse': 266.75590395388105, 'mae': 11.254294241380292, 'r2-score': -0.0910669514566802, 'max-error': 65.33613557503789, 'explained variance score': 0.10387550729901562, 'layers': ['conv1', 'pool']}
