environment: line 5: __conda_exe: command not found
Using device: cuda
Using model: efficientnetB7
Number of videos: 64
Execution type : naive
Using 2 features
Job ID : 0
Plotting ?  yes
Calculate accumulators ?  no
The directory contains : 65 videos
Number of videos in the directory : 65
Number of videos in the dataframe : 64
['conv1', 'mbconv1', 'mbconv2', 'mbconv3', 'mbconv4', 'mbconv5', 'mbconv6', 'mbconv7', 'conv2', 'pool', 'output']
{'conv1': {'T_max': 395.51620042324066, 'T_min': 239.28720539808273, 'tau': 100, 'alpha': 50}, 'mbconv1': {'T_max': 1298.5398244857788, 'T_min': 929.1751428842545, 'tau': 100, 'alpha': 50}, 'mbconv2': {'T_max': 1391.3383300304413, 'T_min': 1003.122047662735, 'tau': 100, 'alpha': 50}, 'mbconv3': {'T_max': 776.5638054609299, 'T_min': 488.0033164024353, 'tau': 100, 'alpha': 50}, 'mbconv4': {'T_max': 372.1466582119465, 'T_min': 220.11169669032097, 'tau': 100, 'alpha': 50}, 'mbconv5': {'T_max': 456.8904039859772, 'T_min': 244.3836663365364, 'tau': 100, 'alpha': 50}, 'mbconv6': {'T_max': 290.0942441225052, 'T_min': 148.01406832039356, 'tau': 100, 'alpha': 50}, 'mbconv7': {'T_max': 172.54942694306374, 'T_min': 86.22373071312904, 'tau': 100, 'alpha': 50}, 'conv2': {'T_max': 75.42317940294743, 'T_min': 36.623642422258854, 'tau': 100, 'alpha': 50}, 'pool': {'T_max': 3.77721415925771, 'T_min': 1.8366734338924289, 'tau': 100, 'alpha': 50}, 'output': {'T_max': 11.04102703742683, 'T_min': 5.27929691132158, 'tau': 100, 'alpha': 50}}
Iterating over following combinations of layers :  [['conv1'], ['mbconv1'], ['mbconv2'], ['mbconv3'], ['mbconv4'], ['mbconv5'], ['mbconv6'], ['mbconv7'], ['conv2'], ['pool'], ['output'], ['conv1', 'mbconv1'], ['conv1', 'mbconv2'], ['conv1', 'mbconv3'], ['conv1', 'mbconv4'], ['conv1', 'mbconv5'], ['conv1', 'mbconv6'], ['conv1', 'mbconv7'], ['conv1', 'conv2'], ['conv1', 'pool'], ['conv1', 'output'], ['mbconv1', 'mbconv2'], ['mbconv1', 'mbconv3'], ['mbconv1', 'mbconv4'], ['mbconv1', 'mbconv5'], ['mbconv1', 'mbconv6'], ['mbconv1', 'mbconv7'], ['mbconv1', 'conv2'], ['mbconv1', 'pool'], ['mbconv1', 'output'], ['mbconv2', 'mbconv3'], ['mbconv2', 'mbconv4'], ['mbconv2', 'mbconv5'], ['mbconv2', 'mbconv6'], ['mbconv2', 'mbconv7'], ['mbconv2', 'conv2'], ['mbconv2', 'pool'], ['mbconv2', 'output'], ['mbconv3', 'mbconv4'], ['mbconv3', 'mbconv5'], ['mbconv3', 'mbconv6'], ['mbconv3', 'mbconv7'], ['mbconv3', 'conv2'], ['mbconv3', 'pool'], ['mbconv3', 'output'], ['mbconv4', 'mbconv5'], ['mbconv4', 'mbconv6'], ['mbconv4', 'mbconv7'], ['mbconv4', 'conv2'], ['mbconv4', 'pool'], ['mbconv4', 'output'], ['mbconv5', 'mbconv6'], ['mbconv5', 'mbconv7'], ['mbconv5', 'conv2'], ['mbconv5', 'pool'], ['mbconv5', 'output'], ['mbconv6', 'mbconv7'], ['mbconv6', 'conv2'], ['mbconv6', 'pool'], ['mbconv6', 'output'], ['mbconv7', 'conv2'], ['mbconv7', 'pool'], ['mbconv7', 'output'], ['conv2', 'pool'], ['conv2', 'output'], ['pool', 'output']]
[['conv1']]
Generating the training set for videos : 
TRAINING SET : contains 962 samples, 37 patients based on 56 videos
TEST SET : contains 127 samples, 37 patients based on 8 videos
Dataset constituted.
--------------------NAIVE IMPLEMENTATION-------------------
Number of folds : 53
Grid search.
The best parameters are : {'C': 100.0}
Metrics obtained during CV : 
{'r2': array([-2.08252293e-01, -4.78730486e-02, -2.77347708e-02, -8.33708151e-02,
       -1.29139179e-01, -1.01413860e-02, -2.88414135e-03, -9.27245836e-02,
       -4.88746726e-02, -1.88902329e-03, -4.08296658e-02, -6.25677713e-01,
       -2.74478068e-02, -5.69535198e-02, -1.11451480e-01, -5.71118294e-02,
       -5.83489852e-02, -1.53313454e+00, -2.11700108e-04, -1.34349057e-01,
       -1.41111923e-02, -7.08118881e-01, -1.41939889e-05, -2.04916381e-01,
       -2.46977899e-02, -4.97588747e-02, -2.86606469e-01, -6.52006000e-01,
       -1.07203040e-01, -1.55173273e-02, -1.56803769e-01, -7.77157290e-01,
       -4.30544653e-01, -2.01781819e-02, -2.17887135e-01, -3.58056693e-01,
       -1.02945662e-01, -7.41572422e-04, -2.20841432e-01, -1.91844410e-02,
       -5.48796546e-03, -7.41320972e-01, -5.72730043e-01, -1.20074936e-01,
       -5.57986553e-01, -2.07536975e-02, -2.45430076e-01, -1.49522893e-02,
       -1.38611439e-01, -6.17132829e-01, -1.75667196e-02, -1.20323590e-01,
       -1.45738598e-01]), 'neg_mean_absolute_error': array([ -9.24020402, -12.46850706,  -8.77486616, -10.9209854 ,
       -10.94212908,  -5.5135124 ,  -8.40576504,  -6.1210425 ,
        -7.07009967,  -7.42569858,  -7.60780272, -14.07509469,
       -12.97251442, -13.13303636,  -7.30875417,  -7.47962173,
       -13.24499053,  -7.480265  ,  -8.87434899,  -9.62880655,
        -9.19357937, -14.12011515,  -8.62417735, -10.79926992,
        -7.99181509,  -9.62876786,  -9.81325527, -18.06801275,
       -10.48122222, -10.25894444, -11.87897376, -13.93753946,
       -12.43141297,  -8.84895564, -11.63141261, -11.54878069,
        -9.44361111,  -7.03815491,  -7.40836709,  -7.2335061 ,
        -6.82154829, -14.75918966, -14.01319039,  -8.83116026,
       -22.46151285,  -7.88890382,  -9.82733745,  -5.41424355,
        -8.77736463, -17.30183911,  -8.26273863, -14.06164596,
        -9.6545    ]), 'neg_mean_squared_error': array([-134.75317818, -199.99962231,  -97.63124121, -190.70180188,
       -144.4967584 ,  -46.61756628, -127.833399  , -101.48390031,
        -68.44006155,  -77.88426265,  -96.96607443, -335.27965781,
       -310.22420191, -269.45285333,  -81.01211409,  -86.397717  ,
       -264.87344798,  -71.35428768,  -95.75597243, -209.52018695,
       -146.64031942, -370.42246042, -108.42545961, -235.63039278,
       -116.62217052, -253.84375369, -178.84201386, -643.77437295,
       -208.58343531, -148.54852833, -226.90746718, -329.14301635,
       -310.77124714, -118.43626791, -172.97016723, -257.85173757,
       -181.14594079,  -74.31578345,  -77.98124997, -109.46518114,
        -80.99721379, -395.6673968 , -385.21946254, -173.89054419,
       -916.97339394, -104.61475714, -163.58536633,  -44.24374094,
       -201.1606385 , -502.78839877, -120.96330311, -339.59076235,
       -267.40927029]), 'max_error': array([-34.29420825, -27.8959094 , -16.01850612, -34.21727731,
       -20.58993536, -15.21103776, -28.99069284, -35.41380742,
       -16.76782126, -19.30357566, -23.94775055, -34.67861811,
       -54.17459135, -35.54269092, -20.52923869, -15.15781296,
       -35.10017995, -12.73833566, -22.3458591 , -46.50212945,
       -32.02678571, -47.72925908, -21.0879519 , -47.16342926,
       -31.58004105, -46.54558923, -36.47782435, -65.55827869,
       -33.99085531, -28.62854793, -33.48863193, -42.72297585,
       -47.43755419, -24.61367985, -25.34985673, -47.00038156,
       -39.34772127, -23.05705289, -15.86528269, -33.70705487,
       -21.32628269, -55.20524139, -50.4455427 , -42.49597119,
       -75.66187189, -25.06136495, -33.60210524, -15.92895322,
       -49.48219868, -47.15436276, -31.26668865, -41.9696677 ,
       -54.0300796 ]), 'explained_variance': array([ 0.00000000e+00,  0.00000000e+00,  1.11022302e-16,  0.00000000e+00,
        0.00000000e+00,  0.00000000e+00,  0.00000000e+00,  0.00000000e+00,
        0.00000000e+00,  3.33066907e-16,  0.00000000e+00,  0.00000000e+00,
        0.00000000e+00,  0.00000000e+00,  2.22044605e-16,  0.00000000e+00,
        0.00000000e+00,  0.00000000e+00,  0.00000000e+00,  0.00000000e+00,
        0.00000000e+00, -2.22044605e-16, -2.22044605e-16, -2.22044605e-16,
        0.00000000e+00,  0.00000000e+00,  0.00000000e+00,  0.00000000e+00,
        0.00000000e+00, -2.22044605e-16,  0.00000000e+00,  0.00000000e+00,
        0.00000000e+00,  0.00000000e+00,  0.00000000e+00,  0.00000000e+00,
        0.00000000e+00,  0.00000000e+00, -2.22044605e-16,  2.22044605e-16,
        0.00000000e+00,  0.00000000e+00, -2.22044605e-16,  0.00000000e+00,
       -4.44089210e-16, -2.22044605e-16,  0.00000000e+00,  0.00000000e+00,
        0.00000000e+00, -4.44089210e-16,  0.00000000e+00,  0.00000000e+00,
       -2.22044605e-16])}
     accs  y_pred (s)  y_true (s)
54    [2]   13.507822      19.499
4    [29]   26.865660      26.335
3    [29]   26.865660      27.642
11   [29]   26.865660      18.893
27   [28]   26.633809      65.978
29   [28]   26.633809      45.143
64    [2]   13.507822      30.560
77   [14]   17.475440      12.834
124  [22]   18.355839      45.263
71    [2]   13.507822       9.629
25   [28]   26.633809      19.467
91   [12]   15.661182      14.879
83   [14]   17.475440      24.338
89   [14]   17.475440      11.455
69    [2]   13.507822       9.069
{'mse': 255.02839986682153, 'mae': 11.10519807452427, 'r2-score': -0.04309990764318705, 'max-error': 64.26269660531402, 'explained variance score': 0.10625516554052583, 'layers': ['conv1']}
