environment: line 5: __conda_exe: command not found
Using device: cuda
Using model: efficientnetB7
Number of videos: 64
Execution type : naive
Using 2 features
Job ID : 8
Plotting ?  yes
Calculate accumulators ?  no
The directory contains : 65 videos
Number of videos in the directory : 65
Number of videos in the dataframe : 64
['conv1', 'mbconv1', 'mbconv2', 'mbconv3', 'mbconv4', 'mbconv5', 'mbconv6', 'mbconv7', 'conv2', 'pool', 'output']
{'conv1': {'T_max': 395.51620042324066, 'T_min': 239.28720539808273, 'tau': 100, 'alpha': 50}, 'mbconv1': {'T_max': 1298.5398244857788, 'T_min': 929.1751428842545, 'tau': 100, 'alpha': 50}, 'mbconv2': {'T_max': 1391.3383300304413, 'T_min': 1003.122047662735, 'tau': 100, 'alpha': 50}, 'mbconv3': {'T_max': 776.5638054609299, 'T_min': 488.0033164024353, 'tau': 100, 'alpha': 50}, 'mbconv4': {'T_max': 372.1466582119465, 'T_min': 220.11169669032097, 'tau': 100, 'alpha': 50}, 'mbconv5': {'T_max': 456.8904039859772, 'T_min': 244.3836663365364, 'tau': 100, 'alpha': 50}, 'mbconv6': {'T_max': 290.0942441225052, 'T_min': 148.01406832039356, 'tau': 100, 'alpha': 50}, 'mbconv7': {'T_max': 172.54942694306374, 'T_min': 86.22373071312904, 'tau': 100, 'alpha': 50}, 'conv2': {'T_max': 75.42317940294743, 'T_min': 36.623642422258854, 'tau': 100, 'alpha': 50}, 'pool': {'T_max': 3.77721415925771, 'T_min': 1.8366734338924289, 'tau': 100, 'alpha': 50}, 'output': {'T_max': 11.04102703742683, 'T_min': 5.27929691132158, 'tau': 100, 'alpha': 50}}
Iterating over following combinations of layers :  [['conv1'], ['mbconv1'], ['mbconv2'], ['mbconv3'], ['mbconv4'], ['mbconv5'], ['mbconv6'], ['mbconv7'], ['conv2'], ['pool'], ['output'], ['conv1', 'mbconv1'], ['conv1', 'mbconv2'], ['conv1', 'mbconv3'], ['conv1', 'mbconv4'], ['conv1', 'mbconv5'], ['conv1', 'mbconv6'], ['conv1', 'mbconv7'], ['conv1', 'conv2'], ['conv1', 'pool'], ['conv1', 'output'], ['mbconv1', 'mbconv2'], ['mbconv1', 'mbconv3'], ['mbconv1', 'mbconv4'], ['mbconv1', 'mbconv5'], ['mbconv1', 'mbconv6'], ['mbconv1', 'mbconv7'], ['mbconv1', 'conv2'], ['mbconv1', 'pool'], ['mbconv1', 'output'], ['mbconv2', 'mbconv3'], ['mbconv2', 'mbconv4'], ['mbconv2', 'mbconv5'], ['mbconv2', 'mbconv6'], ['mbconv2', 'mbconv7'], ['mbconv2', 'conv2'], ['mbconv2', 'pool'], ['mbconv2', 'output'], ['mbconv3', 'mbconv4'], ['mbconv3', 'mbconv5'], ['mbconv3', 'mbconv6'], ['mbconv3', 'mbconv7'], ['mbconv3', 'conv2'], ['mbconv3', 'pool'], ['mbconv3', 'output'], ['mbconv4', 'mbconv5'], ['mbconv4', 'mbconv6'], ['mbconv4', 'mbconv7'], ['mbconv4', 'conv2'], ['mbconv4', 'pool'], ['mbconv4', 'output'], ['mbconv5', 'mbconv6'], ['mbconv5', 'mbconv7'], ['mbconv5', 'conv2'], ['mbconv5', 'pool'], ['mbconv5', 'output'], ['mbconv6', 'mbconv7'], ['mbconv6', 'conv2'], ['mbconv6', 'pool'], ['mbconv6', 'output'], ['mbconv7', 'conv2'], ['mbconv7', 'pool'], ['mbconv7', 'output'], ['conv2', 'pool'], ['conv2', 'output'], ['pool', 'output']]
[['conv2']]
Generating the training set for videos : 
TRAINING SET : contains 962 samples, 37 patients based on 56 videos
TEST SET : contains 127 samples, 37 patients based on 8 videos
Dataset constituted.
--------------------NAIVE IMPLEMENTATION-------------------
Number of folds : 53
Grid search.
The best parameters are : {'C': 1}
Metrics obtained during CV : 
{'r2': array([-1.68361808e-01, -1.23236704e-01, -1.50711054e-01, -5.09774939e-02,
       -5.31049254e-02, -8.86302844e-02, -2.16018156e-02, -2.00115952e-02,
       -4.99528380e-02, -1.56255772e-02, -7.73795402e-02, -5.02004036e-01,
       -3.77911290e-01, -2.55198603e-01, -3.45503131e-01, -3.95468951e-02,
       -1.77244839e-02, -9.28703965e-01, -3.55244016e-02, -1.19243012e-01,
       -7.29258785e-02, -6.81944283e-01, -6.65634752e-02, -3.10746816e-01,
       -8.14564762e-02, -9.19899996e-02, -2.48078008e-02, -7.39445973e-01,
       -2.11060923e-01, -2.98348683e-02, -2.83401292e-01, -6.68772433e-01,
       -4.46743158e-01, -7.61407144e-02, -1.68141233e-01, -1.18764757e-01,
       -6.16677530e-03, -7.73075247e-04, -5.58307041e-02, -2.19535875e-02,
       -7.35171716e-03, -4.64451173e-01, -6.07572995e-01, -1.46459946e-01,
       -4.84056913e-01, -8.80859241e-03, -1.18336641e-01, -1.52925439e-01,
       -2.19139939e-01, -7.39215557e-01, -2.03308964e-03, -4.87315718e-01,
       -6.70742348e-02]), 'neg_mean_absolute_error': array([ -8.85645613, -11.50487732,  -9.6922582 , -10.96494835,
       -10.40484869,  -6.10092121,  -8.16883157,  -6.14333157,
        -7.07525489,  -7.66022562,  -7.72379245, -13.51733056,
       -14.85897791, -13.98304177,  -8.49948902,  -7.46241376,
       -13.33526577,  -6.41135404,  -8.65362337,  -9.57830289,
        -9.17311111, -14.01736698,  -8.30129814, -11.02456655,
        -8.69425875,  -9.49014298,  -8.661     , -18.52811474,
       -10.48122222, -10.25894444, -12.30339844, -13.35887898,
       -12.51152442,  -9.65038909, -11.48116435, -10.56203484,
        -9.49811704,  -6.93276128,  -6.38158835,  -7.24462917,
        -7.42235265, -13.35708876, -14.21038953,  -8.96876736,
       -22.04712244,  -7.85900499,  -9.6167563 ,  -5.79543466,
        -9.04385712, -17.99447997,  -8.12516757, -15.1511444 ,
       -10.05387858]), 'neg_mean_squared_error': array([-130.30429802, -214.38371467, -109.31356188, -184.99972403,
       -134.7665999 ,  -50.2397933 , -130.21926176,  -94.73087418,
        -68.51041286,  -78.95210684, -100.37114441, -309.77320722,
       -416.04199008, -319.99216487,  -98.07180529,  -84.96213546,
       -254.70633687,  -54.32845967,  -99.13665881, -206.73002165,
       -155.14491382, -364.7462401 , -115.6409936 , -256.32632447,
       -123.08194944, -264.05572478, -142.45124315, -677.84907597,
       -228.14898322, -150.64287926, -251.73961601, -309.06931831,
       -314.29020723, -124.93316581, -165.90501584, -212.41781584,
       -165.25113917,  -74.31812288,  -67.44118926, -109.76260044,
        -81.14734855, -332.75633428, -393.75378381, -177.98679146,
       -873.46113594, -103.39053011, -146.89183485,  -50.25825841,
       -215.38776108, -540.74556468, -119.11674195, -450.83285137,
       -249.04942795]), 'max_error': array([-34.7802889 , -35.76855637, -16.08910064, -33.3819814 ,
       -22.04826784, -13.87272189, -30.04373338, -33.84254005,
       -16.74823141, -17.81823777, -24.68235217, -33.49418296,
       -61.97779717, -39.79815873, -18.36113143, -15.5148615 ,
       -33.38495045, -11.2814297 , -24.33238969, -46.21372603,
       -33.84565078, -47.4980757 , -23.73518327, -48.6285495 ,
       -30.21183426, -47.79321315, -32.02297494, -66.59350817,
       -35.80254366, -29.21101241, -35.39854299, -41.85498514,
       -47.61780495, -23.17109964, -24.67373957, -43.50381352,
       -36.24222332, -23.53132422, -17.73267621, -33.80716251,
       -19.89183153, -52.49957472, -50.80050116, -42.94680207,
       -74.41870064, -24.55308479, -31.86685718, -14.15437297,
       -50.75579587, -48.46268439, -32.22015139, -48.08421841,
       -52.1544857 ]), 'explained_variance': array([-2.22044605e-16,  0.00000000e+00,  1.11022302e-16,  1.11022302e-16,
        0.00000000e+00,  0.00000000e+00,  0.00000000e+00, -2.22044605e-16,
        0.00000000e+00,  3.33066907e-16,  1.11022302e-16, -2.22044605e-16,
        0.00000000e+00,  0.00000000e+00,  2.22044605e-16,  0.00000000e+00,
        0.00000000e+00,  0.00000000e+00,  0.00000000e+00,  0.00000000e+00,
        0.00000000e+00, -2.22044605e-16, -2.22044605e-16,  1.11022302e-16,
        0.00000000e+00,  0.00000000e+00, -2.22044605e-16,  1.11022302e-16,
        0.00000000e+00,  0.00000000e+00, -2.22044605e-16, -2.22044605e-16,
        1.11022302e-16,  0.00000000e+00,  0.00000000e+00,  3.33066907e-16,
       -2.22044605e-16,  0.00000000e+00,  0.00000000e+00,  2.22044605e-16,
        0.00000000e+00,  1.11022302e-16,  0.00000000e+00,  0.00000000e+00,
       -4.44089210e-16, -2.22044605e-16,  0.00000000e+00,  0.00000000e+00,
        0.00000000e+00, -2.22044605e-16, -2.22044605e-16, -2.22044605e-16,
        0.00000000e+00])}
     accs  y_pred (s)  y_true (s)
54    [4]   15.786389      19.499
4    [35]   22.228053      26.335
3    [35]   22.228053      27.642
11   [35]   22.228053      18.893
27   [20]   18.036166      65.978
29   [20]   18.036166      45.143
64    [4]   15.786389      30.560
77   [15]   17.201846      12.834
124  [23]   19.218646      45.263
71    [4]   15.786389       9.629
25   [20]   18.036166      19.467
91    [4]   15.786389      14.879
83   [15]   17.201846      24.338
89   [15]   17.201846      11.455
69    [4]   15.786389       9.069
{'mse': 285.45549250439643, 'mae': 11.56674067384044, 'r2-score': -0.16755074345864607, 'max-error': 63.922920734222735, 'explained variance score': 0.0636785360264942, 'layers': ['conv2']}
