environment: line 5: __conda_exe: command not found
Using device: cuda
Using model: efficientnetB7
Number of videos: 64
Execution type : naive
Using 2 features
Job ID : 48
Plotting ?  yes
Calculate accumulators ?  no
The directory contains : 65 videos
Number of videos in the directory : 65
Number of videos in the dataframe : 64
['conv1', 'mbconv1', 'mbconv2', 'mbconv3', 'mbconv4', 'mbconv5', 'mbconv6', 'mbconv7', 'conv2', 'pool', 'output']
{'conv1': {'T_max': 395.51620042324066, 'T_min': 239.28720539808273, 'tau': 100, 'alpha': 50}, 'mbconv1': {'T_max': 1298.5398244857788, 'T_min': 929.1751428842545, 'tau': 100, 'alpha': 50}, 'mbconv2': {'T_max': 1391.3383300304413, 'T_min': 1003.122047662735, 'tau': 100, 'alpha': 50}, 'mbconv3': {'T_max': 776.5638054609299, 'T_min': 488.0033164024353, 'tau': 100, 'alpha': 50}, 'mbconv4': {'T_max': 372.1466582119465, 'T_min': 220.11169669032097, 'tau': 100, 'alpha': 50}, 'mbconv5': {'T_max': 456.8904039859772, 'T_min': 244.3836663365364, 'tau': 100, 'alpha': 50}, 'mbconv6': {'T_max': 290.0942441225052, 'T_min': 148.01406832039356, 'tau': 100, 'alpha': 50}, 'mbconv7': {'T_max': 172.54942694306374, 'T_min': 86.22373071312904, 'tau': 100, 'alpha': 50}, 'conv2': {'T_max': 75.42317940294743, 'T_min': 36.623642422258854, 'tau': 100, 'alpha': 50}, 'pool': {'T_max': 3.77721415925771, 'T_min': 1.8366734338924289, 'tau': 100, 'alpha': 50}, 'output': {'T_max': 11.04102703742683, 'T_min': 5.27929691132158, 'tau': 100, 'alpha': 50}}
Iterating over following combinations of layers :  [['conv1'], ['mbconv1'], ['mbconv2'], ['mbconv3'], ['mbconv4'], ['mbconv5'], ['mbconv6'], ['mbconv7'], ['conv2'], ['pool'], ['output'], ['conv1', 'mbconv1'], ['conv1', 'mbconv2'], ['conv1', 'mbconv3'], ['conv1', 'mbconv4'], ['conv1', 'mbconv5'], ['conv1', 'mbconv6'], ['conv1', 'mbconv7'], ['conv1', 'conv2'], ['conv1', 'pool'], ['conv1', 'output'], ['mbconv1', 'mbconv2'], ['mbconv1', 'mbconv3'], ['mbconv1', 'mbconv4'], ['mbconv1', 'mbconv5'], ['mbconv1', 'mbconv6'], ['mbconv1', 'mbconv7'], ['mbconv1', 'conv2'], ['mbconv1', 'pool'], ['mbconv1', 'output'], ['mbconv2', 'mbconv3'], ['mbconv2', 'mbconv4'], ['mbconv2', 'mbconv5'], ['mbconv2', 'mbconv6'], ['mbconv2', 'mbconv7'], ['mbconv2', 'conv2'], ['mbconv2', 'pool'], ['mbconv2', 'output'], ['mbconv3', 'mbconv4'], ['mbconv3', 'mbconv5'], ['mbconv3', 'mbconv6'], ['mbconv3', 'mbconv7'], ['mbconv3', 'conv2'], ['mbconv3', 'pool'], ['mbconv3', 'output'], ['mbconv4', 'mbconv5'], ['mbconv4', 'mbconv6'], ['mbconv4', 'mbconv7'], ['mbconv4', 'conv2'], ['mbconv4', 'pool'], ['mbconv4', 'output'], ['mbconv5', 'mbconv6'], ['mbconv5', 'mbconv7'], ['mbconv5', 'conv2'], ['mbconv5', 'pool'], ['mbconv5', 'output'], ['mbconv6', 'mbconv7'], ['mbconv6', 'conv2'], ['mbconv6', 'pool'], ['mbconv6', 'output'], ['mbconv7', 'conv2'], ['mbconv7', 'pool'], ['mbconv7', 'output'], ['conv2', 'pool'], ['conv2', 'output'], ['pool', 'output']]
[['mbconv4', 'conv2']]
Generating the training set for videos : 
TRAINING SET : contains 962 samples, 37 patients based on 56 videos
TEST SET : contains 127 samples, 37 patients based on 8 videos
Dataset constituted.
--------------------NAIVE IMPLEMENTATION-------------------
Number of folds : 53
Grid search.
The best parameters are : {'C': 100.0}
Metrics obtained during CV : 
{'r2': array([-2.02335561e-01, -1.47942755e-01, -1.57592558e-03, -5.76442288e-02,
       -2.08582513e-02, -4.77675323e-02, -6.09028965e-03, -5.97989201e-02,
       -3.20187558e-01, -8.91646820e-03, -5.65629323e-02, -7.07293768e-01,
       -5.45001175e-01, -8.25509633e-02, -4.03884523e-02, -1.22057989e-02,
       -1.36916046e-01, -2.14231231e+00, -3.02030366e-02, -7.45530812e-02,
       -9.45212982e-02, -1.09130320e+00, -5.22029992e-02, -3.47587658e-01,
       -8.38567664e-04, -3.84213990e-02, -1.60902280e-02, -1.69050364e-01,
       -2.52080417e-01, -4.61800441e-03, -4.17691097e-01, -2.03540467e-01,
       -4.01616381e-01, -4.08118398e-02, -1.69844436e-01, -2.01072478e-01,
       -7.82645543e-02, -5.18086076e-02, -7.23908481e-02, -1.18693818e-02,
       -3.12435428e-05, -6.71061559e-01, -6.18322008e-01, -3.19381041e-01,
       -2.65921853e-01, -1.30224845e-03, -1.72132678e-01, -1.51924185e-02,
       -1.66297279e-01, -1.15744867e+00, -4.76388432e-02, -3.62217642e-02,
       -1.40901119e-01]), 'neg_mean_absolute_error': array([ -9.18576585, -11.57813275,  -8.44116744, -10.95495572,
       -10.04633541,  -5.84622263,  -8.33346072,  -6.09062552,
        -8.14546517,  -7.6176606 ,  -7.66231062, -14.49088986,
       -15.66828945, -13.19822317,  -6.8908117 ,  -7.52793081,
       -13.13802582,  -8.42497701,  -9.04746906,  -9.52688889,
        -9.17311111, -15.94642853,  -9.28939929, -11.12437933,
        -7.46594002,  -9.6925213 ,  -8.661     , -15.20487098,
       -10.48122222, -10.25894444, -12.94683581, -11.24004702,
       -12.28450119,  -9.2079289 , -11.48665057, -10.77436952,
        -9.44361111,  -7.55663642,  -6.49799098,  -7.19946595,
        -7.10262405, -14.40900185, -14.27007734,  -9.72648364,
       -20.59097055,  -7.84390511,  -9.66454611,  -5.41538302,
        -8.80511326, -20.34439825,  -8.62221196, -15.77696079,
        -9.6545    ]), 'neg_mean_squared_error': array([-134.09330074, -219.09917214,  -95.14624158, -186.17324499,
       -130.63996966,  -48.35399585, -128.24207316,  -98.42601655,
        -86.14348317,  -78.43055805,  -98.43182156, -352.11214739,
       -466.49255877, -275.97849904,  -75.83243127,  -82.72754852,
       -284.53645962,  -88.51383662,  -98.62721418, -198.47555837,
       -158.26760813, -453.51976706, -114.08397449, -263.53082604,
       -113.90672181, -251.10222185, -141.23947537, -455.57017677,
       -235.87655137, -146.95418984, -278.0806087 , -222.90482767,
       -304.48687475, -120.83170577, -166.14691298, -228.04543208,
       -177.09235714,  -78.10805794,  -68.49896851, -108.67950953,
        -80.55764684, -379.70287363, -396.38661269, -204.83262315,
       -745.0748888 , -102.62122175, -153.9578634 ,  -44.25420864,
       -206.05194825, -670.77987914, -124.53812856, -314.09794641,
       -266.28022837]), 'max_error': array([-34.36316325, -36.23250745, -17.25476372, -33.57184139,
       -23.02137531, -14.41041889, -29.26544927, -34.83588495,
       -16.04520424, -18.08781621, -24.29296723, -35.39680976,
       -64.12372216, -36.31974673, -21.66365396, -16.31389516,
       -37.13250939, -13.93497088, -20.78777845, -45.23150794,
       -34.29532737, -50.72097613, -18.66963546, -49.07770699,
       -32.94767995, -46.12490413, -31.6615227 , -57.73483884,
       -36.38810433, -27.94384198, -36.99425558, -36.8654744 ,
       -47.10700267, -23.96752798, -24.69842757, -44.93394188,
       -38.82108629, -21.33025742, -17.47077029, -33.40069356,
       -20.61122089, -54.57490333, -50.90793922, -45.21995093,
       -70.05024499, -23.23761321, -32.67928388, -15.92249622,
       -49.95392541, -52.27261548, -30.33204408, -32.61690684,
       -53.93246903]), 'explained_variance': array([-2.22044605e-16,  0.00000000e+00,  1.11022302e-16,  3.33066907e-16,
        0.00000000e+00,  0.00000000e+00,  0.00000000e+00,  0.00000000e+00,
        0.00000000e+00,  3.33066907e-16,  0.00000000e+00,  0.00000000e+00,
       -2.22044605e-16,  0.00000000e+00,  2.22044605e-16,  0.00000000e+00,
        2.22044605e-16,  0.00000000e+00,  0.00000000e+00,  0.00000000e+00,
        2.22044605e-16, -2.22044605e-16, -2.22044605e-16,  1.11022302e-16,
        0.00000000e+00,  0.00000000e+00, -2.22044605e-16,  1.11022302e-16,
        0.00000000e+00, -2.22044605e-16,  0.00000000e+00,  0.00000000e+00,
        1.11022302e-16,  0.00000000e+00,  0.00000000e+00,  0.00000000e+00,
        0.00000000e+00,  0.00000000e+00,  0.00000000e+00,  0.00000000e+00,
        0.00000000e+00,  0.00000000e+00,  0.00000000e+00,  0.00000000e+00,
        0.00000000e+00, -2.22044605e-16,  0.00000000e+00,  0.00000000e+00,
        0.00000000e+00,  0.00000000e+00, -2.22044605e-16, -2.22044605e-16,
        0.00000000e+00])}
         accs  y_pred (s)  y_true (s)
54     [9, 4]   16.319289      19.499
4    [43, 35]   20.930692      26.335
3    [43, 35]   20.930692      27.642
11   [43, 35]   20.930692      18.893
27   [26, 20]   20.671220      65.978
29   [26, 20]   20.671220      45.143
64     [9, 4]   16.319289      30.560
77   [14, 15]   15.894262      12.834
124  [23, 23]   14.987207      45.263
71     [9, 4]   16.319289       9.629
25   [26, 20]   20.671220      19.467
91     [2, 4]   16.095914      14.879
83   [14, 15]   15.894262      24.338
89   [14, 15]   15.894262      11.455
69     [9, 4]   16.319289       9.069
{'mse': 295.1291680029843, 'mae': 11.888926312813068, 'r2-score': -0.20711735652768715, 'max-error': 63.86477815796351, 'explained variance score': 0.053128710892218156, 'layers': ['mbconv4', 'conv2']}
