environment: line 5: __conda_exe: command not found
Using device: cuda
Using model: efficientnetB7
Number of videos: 64
Execution type : naive
Using 2 features
Job ID : 4
Plotting ?  yes
Calculate accumulators ?  no
The directory contains : 65 videos
Number of videos in the directory : 65
Number of videos in the dataframe : 64
['conv1', 'mbconv1', 'mbconv2', 'mbconv3', 'mbconv4', 'mbconv5', 'mbconv6', 'mbconv7', 'conv2', 'pool', 'output']
{'conv1': {'T_max': 395.51620042324066, 'T_min': 239.28720539808273, 'tau': 100, 'alpha': 50}, 'mbconv1': {'T_max': 1298.5398244857788, 'T_min': 929.1751428842545, 'tau': 100, 'alpha': 50}, 'mbconv2': {'T_max': 1391.3383300304413, 'T_min': 1003.122047662735, 'tau': 100, 'alpha': 50}, 'mbconv3': {'T_max': 776.5638054609299, 'T_min': 488.0033164024353, 'tau': 100, 'alpha': 50}, 'mbconv4': {'T_max': 372.1466582119465, 'T_min': 220.11169669032097, 'tau': 100, 'alpha': 50}, 'mbconv5': {'T_max': 456.8904039859772, 'T_min': 244.3836663365364, 'tau': 100, 'alpha': 50}, 'mbconv6': {'T_max': 290.0942441225052, 'T_min': 148.01406832039356, 'tau': 100, 'alpha': 50}, 'mbconv7': {'T_max': 172.54942694306374, 'T_min': 86.22373071312904, 'tau': 100, 'alpha': 50}, 'conv2': {'T_max': 75.42317940294743, 'T_min': 36.623642422258854, 'tau': 100, 'alpha': 50}, 'pool': {'T_max': 3.77721415925771, 'T_min': 1.8366734338924289, 'tau': 100, 'alpha': 50}, 'output': {'T_max': 11.04102703742683, 'T_min': 5.27929691132158, 'tau': 100, 'alpha': 50}}
Iterating over following combinations of layers :  [['conv1'], ['mbconv1'], ['mbconv2'], ['mbconv3'], ['mbconv4'], ['mbconv5'], ['mbconv6'], ['mbconv7'], ['conv2'], ['pool'], ['output'], ['conv1', 'mbconv1'], ['conv1', 'mbconv2'], ['conv1', 'mbconv3'], ['conv1', 'mbconv4'], ['conv1', 'mbconv5'], ['conv1', 'mbconv6'], ['conv1', 'mbconv7'], ['conv1', 'conv2'], ['conv1', 'pool'], ['conv1', 'output'], ['mbconv1', 'mbconv2'], ['mbconv1', 'mbconv3'], ['mbconv1', 'mbconv4'], ['mbconv1', 'mbconv5'], ['mbconv1', 'mbconv6'], ['mbconv1', 'mbconv7'], ['mbconv1', 'conv2'], ['mbconv1', 'pool'], ['mbconv1', 'output'], ['mbconv2', 'mbconv3'], ['mbconv2', 'mbconv4'], ['mbconv2', 'mbconv5'], ['mbconv2', 'mbconv6'], ['mbconv2', 'mbconv7'], ['mbconv2', 'conv2'], ['mbconv2', 'pool'], ['mbconv2', 'output'], ['mbconv3', 'mbconv4'], ['mbconv3', 'mbconv5'], ['mbconv3', 'mbconv6'], ['mbconv3', 'mbconv7'], ['mbconv3', 'conv2'], ['mbconv3', 'pool'], ['mbconv3', 'output'], ['mbconv4', 'mbconv5'], ['mbconv4', 'mbconv6'], ['mbconv4', 'mbconv7'], ['mbconv4', 'conv2'], ['mbconv4', 'pool'], ['mbconv4', 'output'], ['mbconv5', 'mbconv6'], ['mbconv5', 'mbconv7'], ['mbconv5', 'conv2'], ['mbconv5', 'pool'], ['mbconv5', 'output'], ['mbconv6', 'mbconv7'], ['mbconv6', 'conv2'], ['mbconv6', 'pool'], ['mbconv6', 'output'], ['mbconv7', 'conv2'], ['mbconv7', 'pool'], ['mbconv7', 'output'], ['conv2', 'pool'], ['conv2', 'output'], ['pool', 'output']]
[['mbconv4']]
Generating the training set for videos : 
TRAINING SET : contains 962 samples, 37 patients based on 56 videos
TEST SET : contains 127 samples, 37 patients based on 8 videos
Dataset constituted.
--------------------NAIVE IMPLEMENTATION-------------------
Number of folds : 53
Grid search.
The best parameters are : {'C': 1000.0}
Metrics obtained during CV : 
{'r2': array([-1.56968081e-01, -2.97629935e-01, -1.32807167e-05, -1.62597608e-02,
       -5.31436798e-03, -1.32085843e-01, -4.32836907e-03, -2.44646459e-02,
       -1.25674663e-01, -5.87954882e-05, -3.65949275e-02, -5.39331584e-01,
       -4.26146491e-01, -1.24186296e-01, -1.06874285e-01, -2.42916751e-01,
       -2.78011350e-06, -7.86697409e-01, -8.88917641e-02, -1.24629756e-01,
       -8.29943103e-02, -9.99797572e-01, -1.22197390e-01, -3.05617913e-01,
       -2.00759940e-02, -4.79426644e-02, -4.14044188e-05, -2.47281403e-01,
       -7.93965198e-02, -2.47869064e-02, -5.31825562e-01, -1.89474520e-01,
       -4.92876536e-01, -3.28680326e-02, -3.01935869e-01, -2.55917681e-01,
       -1.23855595e-01, -1.44476250e-02, -1.09503796e-01, -4.85401654e-03,
       -1.85662789e-02, -4.04733773e-01, -8.17239152e-01, -4.98412353e-02,
       -9.15439232e-02, -5.94497645e-02, -1.26492045e-01, -1.00999030e-03,
       -2.75850906e-01, -9.39907996e-01, -2.83704254e-02, -1.23210505e-01,
       -2.00904298e-01]), 'neg_mean_absolute_error': array([ -8.73867281, -12.06835761,  -8.34869345, -11.03356795,
        -9.36362377,  -6.31242665,  -8.36985625,  -6.10541889,
        -7.35710555,  -7.47553031,  -7.59183375, -13.65420417,
       -15.1025926 , -13.36230287,  -7.28696554,  -8.17991901,
       -13.44472805,  -6.17557592,  -8.53439639,  -9.58995094,
        -9.17311111, -15.50704102,  -8.40723959, -11.01021103,
        -7.91848625,  -9.63586716,  -8.7977929 , -15.6667229 ,
       -10.61103125, -10.25894444, -13.46331306, -11.16806449,
       -12.73204157,  -9.08387657, -11.85043642, -11.03834356,
        -9.44361111,  -6.82188592,  -6.7206728 ,  -7.15423919,
        -7.62386091, -13.0677547 , -15.29325435,  -8.63973107,
       -21.65460424,  -7.94831269,  -9.62461451,  -5.30879995,
        -9.35632289, -19.13089968,  -8.38075135, -14.07064846,
        -9.6755627 ]), 'neg_mean_squared_error': array([-129.03358582, -247.66883467,  -94.99779573, -178.88848846,
       -128.65080765,  -52.2452476 , -128.0174886 ,  -95.14443947,
        -73.45133335,  -77.74198547,  -96.57155652, -317.4716382 ,
       -430.60596768, -286.59273997,  -80.67848886, -101.58354744,
       -250.27111858,  -50.32836553, -104.24582089, -207.72498143,
       -156.60080748, -433.67586713, -121.67304071, -255.32332916,
       -116.09615799, -253.40457317, -139.00864256, -486.056227  ,
       -203.34502894, -149.90447008, -300.46812411, -220.29970758,
       -324.3122134 , -119.90947973, -184.90717132, -238.45879031,
       -184.58015296,  -75.3336047 ,  -70.86955816, -107.92602645,
        -82.05073902, -319.1871941 , -445.10874111, -162.98683054,
       -642.44247409, -108.58063027, -147.96303498,  -43.63596906,
       -225.40699504, -603.1435497 , -122.24759427, -340.46583957,
       -280.2846499 ]), 'max_error': array([-34.92948111, -38.45568494, -17.60616489, -32.07820893,
       -25.47982966, -13.42621041, -29.12714624, -33.98660823,
       -15.68999922, -18.9879747 , -23.84384116, -33.86569703,
       -62.63903707, -37.35891815, -20.58837926, -17.45305125,
       -31.30516712, -10.87417658, -25.40543249, -46.31855849,
       -34.06257412, -50.06189486, -24.6886563 , -48.56394964,
       -31.74503093, -46.48169558, -30.24186392, -59.43483535,
       -33.36435936, -29.0260967 , -38.15632939, -36.6495268 ,
       -48.11396853, -24.19082217, -26.33546387, -45.72586401,
       -39.74602564, -24.32752672, -16.97638895, -32.99365273,
       -19.43843795, -51.81643077, -52.74965783, -40.96007962,
       -50.19952062, -26.07131575, -32.00044664, -16.52646695,
       -51.5146413 , -50.3972086 , -30.87531814, -42.04168766,
       -55.04550161]), 'explained_variance': array([-2.22044605e-16,  0.00000000e+00,  1.11022302e-16,  3.33066907e-16,
        0.00000000e+00,  0.00000000e+00,  0.00000000e+00, -2.22044605e-16,
        0.00000000e+00,  3.33066907e-16,  0.00000000e+00,  0.00000000e+00,
        0.00000000e+00,  0.00000000e+00,  2.22044605e-16,  0.00000000e+00,
        0.00000000e+00,  0.00000000e+00,  0.00000000e+00,  0.00000000e+00,
        0.00000000e+00,  1.11022302e-16, -2.22044605e-16, -2.22044605e-16,
        0.00000000e+00, -2.22044605e-16,  0.00000000e+00,  1.11022302e-16,
        0.00000000e+00, -2.22044605e-16, -2.22044605e-16,  0.00000000e+00,
        1.11022302e-16,  0.00000000e+00,  0.00000000e+00,  3.33066907e-16,
       -4.44089210e-16,  0.00000000e+00, -2.22044605e-16,  2.22044605e-16,
        0.00000000e+00,  2.22044605e-16, -2.22044605e-16,  0.00000000e+00,
       -2.22044605e-16, -2.22044605e-16, -2.22044605e-16,  3.33066907e-16,
        0.00000000e+00,  0.00000000e+00,  0.00000000e+00,  0.00000000e+00,
        0.00000000e+00])}
     accs  y_pred (s)  y_true (s)
54    [9]   15.067131      19.499
4    [43]   20.756146      26.335
3    [43]   20.756146      27.642
11   [43]   20.756146      18.893
27   [26]   20.251393      65.978
29   [26]   20.251393      45.143
64    [9]   15.067131      30.560
77   [14]   19.753318      12.834
124  [23]   16.042020      45.263
71    [9]   15.067131       9.629
25   [26]   20.251393      19.467
91    [2]   14.670265      14.879
83   [14]   19.753318      24.338
89   [14]   19.753318      11.455
69    [9]   15.067131       9.069
{'mse': 301.2998627727862, 'mae': 12.038554572131025, 'r2-score': -0.23235631480776853, 'max-error': 65.83686904904737, 'explained variance score': 0.028165169241905486, 'layers': ['mbconv4']}
