environment: line 5: __conda_exe: command not found
Using device: cuda
Using model: efficientnetB7
Number of videos: 64
Execution type : naive
Using 2 features
Job ID : 6
Plotting ?  yes
Calculate accumulators ?  no
The directory contains : 65 videos
Number of videos in the directory : 65
Number of videos in the dataframe : 64
['conv1', 'mbconv1', 'mbconv2', 'mbconv3', 'mbconv4', 'mbconv5', 'mbconv6', 'mbconv7', 'conv2', 'pool', 'output']
{'conv1': {'T_max': 395.51620042324066, 'T_min': 239.28720539808273, 'tau': 100, 'alpha': 50}, 'mbconv1': {'T_max': 1298.5398244857788, 'T_min': 929.1751428842545, 'tau': 100, 'alpha': 50}, 'mbconv2': {'T_max': 1391.3383300304413, 'T_min': 1003.122047662735, 'tau': 100, 'alpha': 50}, 'mbconv3': {'T_max': 776.5638054609299, 'T_min': 488.0033164024353, 'tau': 100, 'alpha': 50}, 'mbconv4': {'T_max': 372.1466582119465, 'T_min': 220.11169669032097, 'tau': 100, 'alpha': 50}, 'mbconv5': {'T_max': 456.8904039859772, 'T_min': 244.3836663365364, 'tau': 100, 'alpha': 50}, 'mbconv6': {'T_max': 290.0942441225052, 'T_min': 148.01406832039356, 'tau': 100, 'alpha': 50}, 'mbconv7': {'T_max': 172.54942694306374, 'T_min': 86.22373071312904, 'tau': 100, 'alpha': 50}, 'conv2': {'T_max': 75.42317940294743, 'T_min': 36.623642422258854, 'tau': 100, 'alpha': 50}, 'pool': {'T_max': 3.77721415925771, 'T_min': 1.8366734338924289, 'tau': 100, 'alpha': 50}, 'output': {'T_max': 11.04102703742683, 'T_min': 5.27929691132158, 'tau': 100, 'alpha': 50}}
Iterating over following combinations of layers :  [['conv1'], ['mbconv1'], ['mbconv2'], ['mbconv3'], ['mbconv4'], ['mbconv5'], ['mbconv6'], ['mbconv7'], ['conv2'], ['pool'], ['output'], ['conv1', 'mbconv1'], ['conv1', 'mbconv2'], ['conv1', 'mbconv3'], ['conv1', 'mbconv4'], ['conv1', 'mbconv5'], ['conv1', 'mbconv6'], ['conv1', 'mbconv7'], ['conv1', 'conv2'], ['conv1', 'pool'], ['conv1', 'output'], ['mbconv1', 'mbconv2'], ['mbconv1', 'mbconv3'], ['mbconv1', 'mbconv4'], ['mbconv1', 'mbconv5'], ['mbconv1', 'mbconv6'], ['mbconv1', 'mbconv7'], ['mbconv1', 'conv2'], ['mbconv1', 'pool'], ['mbconv1', 'output'], ['mbconv2', 'mbconv3'], ['mbconv2', 'mbconv4'], ['mbconv2', 'mbconv5'], ['mbconv2', 'mbconv6'], ['mbconv2', 'mbconv7'], ['mbconv2', 'conv2'], ['mbconv2', 'pool'], ['mbconv2', 'output'], ['mbconv3', 'mbconv4'], ['mbconv3', 'mbconv5'], ['mbconv3', 'mbconv6'], ['mbconv3', 'mbconv7'], ['mbconv3', 'conv2'], ['mbconv3', 'pool'], ['mbconv3', 'output'], ['mbconv4', 'mbconv5'], ['mbconv4', 'mbconv6'], ['mbconv4', 'mbconv7'], ['mbconv4', 'conv2'], ['mbconv4', 'pool'], ['mbconv4', 'output'], ['mbconv5', 'mbconv6'], ['mbconv5', 'mbconv7'], ['mbconv5', 'conv2'], ['mbconv5', 'pool'], ['mbconv5', 'output'], ['mbconv6', 'mbconv7'], ['mbconv6', 'conv2'], ['mbconv6', 'pool'], ['mbconv6', 'output'], ['mbconv7', 'conv2'], ['mbconv7', 'pool'], ['mbconv7', 'output'], ['conv2', 'pool'], ['conv2', 'output'], ['pool', 'output']]
[['mbconv6']]
Generating the training set for videos : 
TRAINING SET : contains 962 samples, 37 patients based on 56 videos
TEST SET : contains 127 samples, 37 patients based on 8 videos
Dataset constituted.
--------------------NAIVE IMPLEMENTATION-------------------
Number of folds : 53
Grid search.
The best parameters are : {'C': 10.0}
Metrics obtained during CV : 
{'r2': array([-7.80730292e-02, -1.83855860e-01, -3.45608370e-02, -9.29863863e-02,
       -1.81243164e-01, -6.49040951e-02, -4.05478609e-04, -5.64087722e-02,
       -1.10995875e-01, -2.66777603e-03, -6.17632129e-02, -6.47188807e-01,
       -4.08005610e-01, -2.87323307e-01, -7.93117837e-02, -4.85907314e-01,
       -7.55555114e-02, -1.24707414e+00, -4.43039505e-02, -1.19957730e-01,
       -9.55591111e-02, -6.96688390e-01, -1.14799456e-01, -5.13146118e-01,
       -4.34116257e-02, -1.27827997e-01, -3.92766548e-02, -3.35163323e-01,
       -2.85414992e-01, -7.22632107e-04, -1.07080036e-02, -2.52137964e-01,
       -4.84347362e-01, -5.97685406e-02, -2.49223888e-01, -3.44088806e-01,
       -1.08847618e-01, -5.12231586e-02, -1.64940407e-04, -1.34823341e-02,
       -1.85322929e-03, -2.96969260e-01, -5.85948203e-01, -1.75203255e-01,
       -2.54730902e-01, -3.62798493e-02, -1.67298029e-01, -4.29087181e-02,
       -1.91105939e-01, -8.64114175e-01, -4.80169832e-02, -1.06808662e-01,
       -3.77039910e-02]), 'neg_mean_absolute_error': array([ -7.76506587, -11.67444187,  -8.8444134 , -10.90967547,
       -11.21872988,  -5.96272664,  -8.50549711,  -6.08705837,
        -7.30836148,  -7.41430027,  -7.67860598, -14.18719248,
       -15.01267415, -14.11268085,  -7.14450197,  -9.11040609,
       -14.43815047,  -6.97128628,  -8.62969943,  -9.57986329,
        -9.17311111, -14.07548255,  -8.39480598, -11.92427126,
        -8.23759157,  -9.44778162,  -9.06584133, -16.20405594,
       -10.523467  , -10.25894444, -11.67416772, -11.47130563,
       -12.69207598,  -9.46207154, -11.71732251, -11.47659233,
        -9.44361111,  -6.72026966,  -5.77600707,  -7.20771857,
        -7.25205024, -12.60931691, -14.08868851,  -9.11775458,
       -20.50227981,  -7.91654207,  -9.66059018,  -5.51312213,
        -8.87437076, -18.67553715,  -8.25570067, -14.0574375 ,
       -10.30141519]), 'neg_mean_squared_error': array([-120.23462968, -225.95363545,  -98.27969384, -192.3943957 ,
       -151.16454306,  -49.14484044, -127.51745435,  -98.11116555,
        -72.49352858,  -77.94480088,  -98.91629161, -339.71610438,
       -425.1285699 , -328.18182791,  -78.66949742, -121.44315862,
       -269.17973259,  -63.29643065,  -99.97717511, -206.86203389,
       -158.41767571, -367.94364542, -120.87092776, -295.90701886,
       -118.75201619, -272.72176428, -144.46245564, -520.30315352,
       -242.15637525, -146.38437994, -198.25073133, -231.90545304,
       -322.45933729, -123.03245945, -177.42076319, -255.19968052,
       -182.11526813,  -78.06458207,  -63.88553845, -108.85274816,
        -80.70441714, -294.70066645, -388.45707633, -182.44916215,
       -738.48830785, -106.20599762, -153.32283951,  -45.46241595,
       -210.4349412 , -579.57822906, -124.58307997, -335.49413823,
       -242.19456988]), 'max_error': array([-36.16271657, -36.84246516, -15.82973506, -34.43216616,
       -19.83916174, -14.16446598, -28.61171099, -34.76810899,
       -15.86242636, -19.37576496, -24.39617121, -34.87224156,
       -62.3949727 , -40.29078723, -20.97506608, -19.29915597,
       -26.93030585, -12.09362929, -24.54770515, -46.22776965,
       -34.31556785, -47.62883573, -24.57675384, -50.85057356,
       -31.03383518, -48.63653459, -27.82942806, -61.04683448,
       -36.82960149, -27.44706852, -29.39199055, -37.55925023,
       -48.02404595, -23.51007122, -25.73645132, -46.83795774,
       -39.46394754, -25.24207304, -19.51846819, -33.47496717,
       -20.27501197, -50.44111739, -50.58143932, -43.39376375,
       -69.78417278, -25.53121512, -32.612033  , -15.36864126,
       -50.34418614, -49.6934665 , -35.10091135, -41.62040035,
       -51.16433925]), 'explained_variance': array([-4.44089210e-16,  0.00000000e+00,  1.11022302e-16,  0.00000000e+00,
        0.00000000e+00,  0.00000000e+00,  0.00000000e+00,  0.00000000e+00,
        0.00000000e+00,  3.33066907e-16,  0.00000000e+00,  0.00000000e+00,
       -2.22044605e-16,  0.00000000e+00,  2.22044605e-16,  0.00000000e+00,
        0.00000000e+00,  0.00000000e+00,  0.00000000e+00,  0.00000000e+00,
        0.00000000e+00, -2.22044605e-16, -2.22044605e-16,  1.11022302e-16,
        0.00000000e+00,  0.00000000e+00, -2.22044605e-16,  0.00000000e+00,
        0.00000000e+00, -2.22044605e-16, -2.22044605e-16,  0.00000000e+00,
        1.11022302e-16,  0.00000000e+00,  0.00000000e+00,  3.33066907e-16,
       -2.22044605e-16,  0.00000000e+00,  0.00000000e+00,  2.22044605e-16,
        0.00000000e+00,  0.00000000e+00,  0.00000000e+00,  0.00000000e+00,
       -4.44089210e-16, -2.22044605e-16,  0.00000000e+00,  0.00000000e+00,
        0.00000000e+00,  0.00000000e+00, -2.22044605e-16, -2.22044605e-16,
       -2.22044605e-16])}
     accs  y_pred (s)  y_true (s)
54    [7]   16.939642      19.499
4    [42]   24.542203      26.335
3    [42]   24.542203      27.642
11   [42]   24.542203      18.893
27   [24]   19.800713      65.978
29   [24]   19.800713      45.143
64    [7]   16.939642      30.560
77   [15]   15.344668      12.834
124  [24]   19.800713      45.263
71    [7]   16.939642       9.629
25   [24]   19.800713      19.467
91    [4]   16.069018      14.879
83   [15]   15.344668      24.338
89   [15]   15.344668      11.455
69    [7]   16.939642       9.069
{'mse': 270.60316363048395, 'mae': 11.23620180300176, 'r2-score': -0.10680275270642148, 'max-error': 64.15684545736008, 'explained variance score': 0.09076344630367184, 'layers': ['mbconv6']}
