environment: line 5: __conda_exe: command not found
Using device: cuda
Using model: efficientnetB7
Number of videos: 64
Execution type : naive
Using 2 features
Job ID : 31
Plotting ?  yes
Calculate accumulators ?  no
The directory contains : 65 videos
Number of videos in the directory : 65
Number of videos in the dataframe : 64
['conv1', 'mbconv1', 'mbconv2', 'mbconv3', 'mbconv4', 'mbconv5', 'mbconv6', 'mbconv7', 'conv2', 'pool', 'output']
{'conv1': {'T_max': 395.51620042324066, 'T_min': 239.28720539808273, 'tau': 100, 'alpha': 50}, 'mbconv1': {'T_max': 1298.5398244857788, 'T_min': 929.1751428842545, 'tau': 100, 'alpha': 50}, 'mbconv2': {'T_max': 1391.3383300304413, 'T_min': 1003.122047662735, 'tau': 100, 'alpha': 50}, 'mbconv3': {'T_max': 776.5638054609299, 'T_min': 488.0033164024353, 'tau': 100, 'alpha': 50}, 'mbconv4': {'T_max': 372.1466582119465, 'T_min': 220.11169669032097, 'tau': 100, 'alpha': 50}, 'mbconv5': {'T_max': 456.8904039859772, 'T_min': 244.3836663365364, 'tau': 100, 'alpha': 50}, 'mbconv6': {'T_max': 290.0942441225052, 'T_min': 148.01406832039356, 'tau': 100, 'alpha': 50}, 'mbconv7': {'T_max': 172.54942694306374, 'T_min': 86.22373071312904, 'tau': 100, 'alpha': 50}, 'conv2': {'T_max': 75.42317940294743, 'T_min': 36.623642422258854, 'tau': 100, 'alpha': 50}, 'pool': {'T_max': 3.77721415925771, 'T_min': 1.8366734338924289, 'tau': 100, 'alpha': 50}, 'output': {'T_max': 11.04102703742683, 'T_min': 5.27929691132158, 'tau': 100, 'alpha': 50}}
Iterating over following combinations of layers :  [['conv1'], ['mbconv1'], ['mbconv2'], ['mbconv3'], ['mbconv4'], ['mbconv5'], ['mbconv6'], ['mbconv7'], ['conv2'], ['pool'], ['output'], ['conv1', 'mbconv1'], ['conv1', 'mbconv2'], ['conv1', 'mbconv3'], ['conv1', 'mbconv4'], ['conv1', 'mbconv5'], ['conv1', 'mbconv6'], ['conv1', 'mbconv7'], ['conv1', 'conv2'], ['conv1', 'pool'], ['conv1', 'output'], ['mbconv1', 'mbconv2'], ['mbconv1', 'mbconv3'], ['mbconv1', 'mbconv4'], ['mbconv1', 'mbconv5'], ['mbconv1', 'mbconv6'], ['mbconv1', 'mbconv7'], ['mbconv1', 'conv2'], ['mbconv1', 'pool'], ['mbconv1', 'output'], ['mbconv2', 'mbconv3'], ['mbconv2', 'mbconv4'], ['mbconv2', 'mbconv5'], ['mbconv2', 'mbconv6'], ['mbconv2', 'mbconv7'], ['mbconv2', 'conv2'], ['mbconv2', 'pool'], ['mbconv2', 'output'], ['mbconv3', 'mbconv4'], ['mbconv3', 'mbconv5'], ['mbconv3', 'mbconv6'], ['mbconv3', 'mbconv7'], ['mbconv3', 'conv2'], ['mbconv3', 'pool'], ['mbconv3', 'output'], ['mbconv4', 'mbconv5'], ['mbconv4', 'mbconv6'], ['mbconv4', 'mbconv7'], ['mbconv4', 'conv2'], ['mbconv4', 'pool'], ['mbconv4', 'output'], ['mbconv5', 'mbconv6'], ['mbconv5', 'mbconv7'], ['mbconv5', 'conv2'], ['mbconv5', 'pool'], ['mbconv5', 'output'], ['mbconv6', 'mbconv7'], ['mbconv6', 'conv2'], ['mbconv6', 'pool'], ['mbconv6', 'output'], ['mbconv7', 'conv2'], ['mbconv7', 'pool'], ['mbconv7', 'output'], ['conv2', 'pool'], ['conv2', 'output'], ['pool', 'output']]
[['mbconv2', 'mbconv4']]
Generating the training set for videos : 
TRAINING SET : contains 962 samples, 37 patients based on 56 videos
TEST SET : contains 127 samples, 37 patients based on 8 videos
Dataset constituted.
--------------------NAIVE IMPLEMENTATION-------------------
Number of folds : 53
Grid search.
The best parameters are : {'C': 100.0}
Metrics obtained during CV : 
{'r2': array([-4.60984814e-02, -4.14114331e-01, -3.90917051e-02, -1.95163559e-01,
       -5.32360846e-03, -6.49445097e-02, -3.98766682e-03, -4.51868115e-02,
       -9.97416755e-02, -3.48076950e-04, -2.36880790e-02, -6.45907757e-01,
       -5.14371094e-01, -1.99221216e-01, -3.21776765e-01, -2.09906955e-02,
       -2.88567316e-03, -1.04245747e+00, -2.01116990e-02, -2.25466871e-01,
       -1.02516095e-01, -8.42108859e-01, -1.30444597e-01, -2.96068670e-01,
       -9.30812020e-03, -5.22389646e-02, -1.10430682e-04, -4.90903933e-02,
       -2.30420307e-01, -2.08490567e-01, -5.43559099e-03, -6.17611960e-02,
       -6.03507191e-01, -6.75114502e-03, -3.92889279e-01, -6.18976693e-02,
       -7.64460686e-03, -9.19631019e-02, -1.80634045e-01, -1.66303208e-02,
       -2.57451166e-03, -4.41505899e-01, -7.10412863e-01, -1.03957070e-01,
       -6.50421074e-02, -1.05152534e-01, -1.50588092e-01, -1.45165049e-01,
       -3.61775470e-01, -6.71076917e-01, -3.85758783e-02, -2.56814195e-03,
       -7.37259455e-02]), 'neg_mean_absolute_error': array([ -7.3066288 , -12.56697146,  -8.88682421, -10.84619176,
        -9.36343518,  -5.96298184,  -8.75294129,  -6.07441184,
        -7.27149825,  -7.46023209,  -7.57284017, -14.18056938,
       -15.51485423, -13.7358538 ,  -8.37949756,  -7.89244444,
       -13.40138883,  -6.59174252,  -8.70435413,  -9.95587849,
        -9.17311111, -14.72161402,  -8.42066467, -10.98315855,
        -7.70604849,  -9.61927964,  -8.81998843, -15.06666667,
       -10.48122222, -10.29365765, -11.72046795, -10.67886365,
       -13.22206996,  -8.49049059, -12.11742477, -10.49816667,
        -9.47275756,  -6.6575    ,  -7.16899027,  -7.22250994,
        -7.28272763, -13.2428792 , -14.76154856,  -8.77702838,
       -19.58377778,  -7.99622071,  -9.64645706,  -5.76810819,
        -9.7737154 , -17.61563278,  -8.24112893, -14.72800342,
       -10.00599093]), 'neg_mean_squared_error': array([-116.66859305, -269.9013325 ,  -98.71011061, -210.38026967,
       -128.65199016,  -49.14670556, -127.97406073,  -97.06895568,
        -71.75918146,  -77.76447347,  -95.36912496, -339.45190071,
       -457.24421312, -305.72165425,  -96.34242428,  -83.44553784,
       -250.99262144,  -57.53271125,  -97.66111286, -226.35012238,
       -159.4236545 , -399.47951143, -122.56723531, -253.45590343,
       -114.87065245, -254.44346792, -139.01823741, -408.82267395,
       -231.79605308, -176.77639801, -197.21654573, -196.64623086,
       -348.34559565, -116.87747341, -197.82481048, -201.62056604,
       -165.49385574,  -81.08995934,  -75.41300303, -109.19085668,
        -80.76252014, -327.54265052, -418.9430518 , -171.38826122,
       -626.84448327, -113.26460466, -151.12801445,  -49.91996794,
       -240.58745045, -519.56034287, -123.46076808, -303.89691223,
       -250.60190169]), 'max_error': array([-36.84609571, -39.8090654 , -15.71461999, -36.2476434 ,
       -25.48054631, -14.16392722, -27.67142311, -34.52782494,
       -16.00250665, -19.08486341, -23.48296327, -34.86080166,
       -63.75803291, -38.85884443, -18.53650357, -18.62248148,
       -32.12861219, -11.58562369, -23.87581283, -47.97395319,
       -34.44850362, -48.85090524, -24.80948207, -48.44221346,
       -32.22735453, -46.63098326, -30.04210414, -53.99213704,
       -36.08539039, -32.64441887, -28.97528849, -34.10777284,
       -49.21653241, -25.25891693, -27.25694098, -42.18334361,
       -36.35634098, -25.90500475, -16.22434792, -33.60808944,
       -20.20598783, -52.2426032 , -51.79258741, -42.19575544,
       -63.72697297, -26.88575208, -32.37177009, -14.22073726,
       -52.52830882, -47.74708415, -34.85319175, -36.81273634,
       -52.34603627]), 'explained_variance': array([-4.44089210e-16,  0.00000000e+00,  1.11022302e-16,  0.00000000e+00,
        0.00000000e+00,  0.00000000e+00,  0.00000000e+00, -2.22044605e-16,
        0.00000000e+00,  3.33066907e-16,  0.00000000e+00, -2.22044605e-16,
        2.22044605e-16,  0.00000000e+00,  2.22044605e-16,  0.00000000e+00,
        2.22044605e-16,  0.00000000e+00,  0.00000000e+00, -2.22044605e-16,
        0.00000000e+00, -2.22044605e-16, -2.22044605e-16,  1.11022302e-16,
       -2.22044605e-16,  0.00000000e+00,  0.00000000e+00,  1.11022302e-16,
        0.00000000e+00, -2.22044605e-16, -2.22044605e-16, -2.22044605e-16,
        1.11022302e-16,  0.00000000e+00,  0.00000000e+00,  3.33066907e-16,
       -4.44089210e-16,  0.00000000e+00, -2.22044605e-16,  2.22044605e-16,
        0.00000000e+00,  0.00000000e+00,  0.00000000e+00,  0.00000000e+00,
       -4.44089210e-16,  1.11022302e-16, -2.22044605e-16,  0.00000000e+00,
        1.11022302e-16,  0.00000000e+00,  0.00000000e+00, -2.22044605e-16,
       -2.22044605e-16])}
         accs  y_pred (s)  y_true (s)
54    [10, 9]   15.672826      19.499
4    [52, 43]   21.548551      26.335
3    [52, 43]   21.548551      27.642
11   [52, 43]   21.548551      18.893
27   [29, 26]   17.044413      65.978
29   [29, 26]   17.044413      45.143
64    [10, 9]   15.672826      30.560
77   [16, 14]   16.531594      12.834
124  [26, 23]   16.122157      45.263
71    [10, 9]   15.672826       9.629
25   [29, 26]   17.044413      19.467
91     [2, 2]   14.334918      14.879
83   [16, 14]   16.531594      24.338
89   [16, 14]   16.531594      11.455
69    [10, 9]   15.672826       9.069
{'mse': 305.6833983357792, 'mae': 12.02134253893455, 'r2-score': -0.25028555540723296, 'max-error': 63.47883081951501, 'explained variance score': 0.042802725910729866, 'layers': ['mbconv2', 'mbconv4']}
