environment: line 5: __conda_exe: command not found
Using device: cuda
Using model: efficientnetB7
Number of videos: 64
Execution type : naive
Using 2 features
Job ID : 24
Plotting ?  yes
Calculate accumulators ?  no
The directory contains : 65 videos
Number of videos in the directory : 65
Number of videos in the dataframe : 64
['conv1', 'mbconv1', 'mbconv2', 'mbconv3', 'mbconv4', 'mbconv5', 'mbconv6', 'mbconv7', 'conv2', 'pool', 'output']
{'conv1': {'T_max': 395.51620042324066, 'T_min': 239.28720539808273, 'tau': 100, 'alpha': 50}, 'mbconv1': {'T_max': 1298.5398244857788, 'T_min': 929.1751428842545, 'tau': 100, 'alpha': 50}, 'mbconv2': {'T_max': 1391.3383300304413, 'T_min': 1003.122047662735, 'tau': 100, 'alpha': 50}, 'mbconv3': {'T_max': 776.5638054609299, 'T_min': 488.0033164024353, 'tau': 100, 'alpha': 50}, 'mbconv4': {'T_max': 372.1466582119465, 'T_min': 220.11169669032097, 'tau': 100, 'alpha': 50}, 'mbconv5': {'T_max': 456.8904039859772, 'T_min': 244.3836663365364, 'tau': 100, 'alpha': 50}, 'mbconv6': {'T_max': 290.0942441225052, 'T_min': 148.01406832039356, 'tau': 100, 'alpha': 50}, 'mbconv7': {'T_max': 172.54942694306374, 'T_min': 86.22373071312904, 'tau': 100, 'alpha': 50}, 'conv2': {'T_max': 75.42317940294743, 'T_min': 36.623642422258854, 'tau': 100, 'alpha': 50}, 'pool': {'T_max': 3.77721415925771, 'T_min': 1.8366734338924289, 'tau': 100, 'alpha': 50}, 'output': {'T_max': 11.04102703742683, 'T_min': 5.27929691132158, 'tau': 100, 'alpha': 50}}
Iterating over following combinations of layers :  [['conv1'], ['mbconv1'], ['mbconv2'], ['mbconv3'], ['mbconv4'], ['mbconv5'], ['mbconv6'], ['mbconv7'], ['conv2'], ['pool'], ['output'], ['conv1', 'mbconv1'], ['conv1', 'mbconv2'], ['conv1', 'mbconv3'], ['conv1', 'mbconv4'], ['conv1', 'mbconv5'], ['conv1', 'mbconv6'], ['conv1', 'mbconv7'], ['conv1', 'conv2'], ['conv1', 'pool'], ['conv1', 'output'], ['mbconv1', 'mbconv2'], ['mbconv1', 'mbconv3'], ['mbconv1', 'mbconv4'], ['mbconv1', 'mbconv5'], ['mbconv1', 'mbconv6'], ['mbconv1', 'mbconv7'], ['mbconv1', 'conv2'], ['mbconv1', 'pool'], ['mbconv1', 'output'], ['mbconv2', 'mbconv3'], ['mbconv2', 'mbconv4'], ['mbconv2', 'mbconv5'], ['mbconv2', 'mbconv6'], ['mbconv2', 'mbconv7'], ['mbconv2', 'conv2'], ['mbconv2', 'pool'], ['mbconv2', 'output'], ['mbconv3', 'mbconv4'], ['mbconv3', 'mbconv5'], ['mbconv3', 'mbconv6'], ['mbconv3', 'mbconv7'], ['mbconv3', 'conv2'], ['mbconv3', 'pool'], ['mbconv3', 'output'], ['mbconv4', 'mbconv5'], ['mbconv4', 'mbconv6'], ['mbconv4', 'mbconv7'], ['mbconv4', 'conv2'], ['mbconv4', 'pool'], ['mbconv4', 'output'], ['mbconv5', 'mbconv6'], ['mbconv5', 'mbconv7'], ['mbconv5', 'conv2'], ['mbconv5', 'pool'], ['mbconv5', 'output'], ['mbconv6', 'mbconv7'], ['mbconv6', 'conv2'], ['mbconv6', 'pool'], ['mbconv6', 'output'], ['mbconv7', 'conv2'], ['mbconv7', 'pool'], ['mbconv7', 'output'], ['conv2', 'pool'], ['conv2', 'output'], ['pool', 'output']]
[['mbconv1', 'mbconv5']]
Generating the training set for videos : 
TRAINING SET : contains 962 samples, 37 patients based on 56 videos
TEST SET : contains 127 samples, 37 patients based on 8 videos
Dataset constituted.
--------------------NAIVE IMPLEMENTATION-------------------
Number of folds : 53
Grid search.
The best parameters are : {'C': 1}
Metrics obtained during CV : 
{'r2': array([-1.38731310e-01, -1.53584415e-02, -5.70536706e-02, -1.04151617e-01,
       -7.47801215e-02, -5.69512198e-02, -6.10017248e-02, -4.15009523e-02,
       -7.91508937e-02, -6.13183455e-06, -1.58784780e-01, -5.61703237e-01,
       -4.00149614e-01, -2.11869443e-01, -1.40718688e-01, -2.64598377e-02,
       -1.48869158e-02, -6.16574747e-01, -3.73575262e-02, -2.37562765e-01,
       -4.81891792e-02, -6.71991617e-01, -1.83735510e-02, -6.12984545e-02,
       -4.07784767e-02, -2.66811265e-02, -2.97375392e-03, -2.21519032e-01,
       -1.65596861e-01, -1.54477048e-03, -2.18240759e-01, -1.19631170e-01,
       -6.64808789e-01, -3.63150893e-02, -2.27804984e-01, -2.22988658e-01,
       -6.63935589e-02, -3.82908600e-04, -1.28094838e-01, -5.23327132e-02,
       -1.58467049e-03, -4.41897216e-01, -7.60212186e-01, -1.34907834e-01,
       -1.98979447e-01, -6.10431698e-02, -1.45005161e-01, -1.74246614e-01,
       -3.46668857e-01, -7.57707046e-01, -1.10716009e-02, -2.26304541e-01,
       -6.50498987e-02]), 'neg_mean_absolute_error': array([ -8.54086527, -11.11201038,  -9.03456248, -10.89725388,
        -9.14662826,  -5.91085964,  -7.99054994,  -6.06992095,
        -7.19819988,  -7.4827577 ,  -7.90714041, -13.74294333,
       -14.97311505, -13.79447127,  -7.44777917,  -7.47963785,
       -13.34452574,  -5.88841965,  -9.08265066,  -9.99384342,
        -9.17311111, -13.97778154,  -8.31924412, -10.63555556,
        -8.20414387,  -9.80541705,  -8.73478543, -15.49158475,
       -10.48122222, -10.25894444, -12.10050103, -10.86616589,
       -13.47427699,  -9.1393647 , -11.65923417, -10.88371116,
        -9.44361111,  -7.02347884,  -6.84051034,  -7.33743658,
        -7.23912097, -13.24485152, -15.01405604,  -8.90479476,
       -20.14135682,  -7.95024567,  -9.64156172,  -5.86713004,
        -9.70425187, -18.09424512,  -8.18264676, -14.34203415,
       -10.06891951]), 'neg_mean_squared_error': array([-126.99968714, -193.79380459, -100.41643508, -194.3597705 ,
       -137.54039043,  -48.77781885, -135.24140152,  -96.72664127,
        -70.41561354,  -77.73789154, -107.95504288, -322.08556634,
       -422.75655628, -308.94611089,  -83.14535916,  -83.89253067,
       -253.99617752,  -45.53628631,  -99.31215429, -228.58429707,
       -151.56799099, -362.58790614, -110.41605308, -207.54483524,
       -118.45233411, -248.26328911, -139.4162476 , -476.0168237 ,
       -219.5841131 , -146.50464125, -238.95835449, -207.36418928,
       -361.66274317, -120.30966132, -174.37874768, -232.20661705,
       -175.14268483,  -74.28914882,  -72.05706105, -113.02546079,
        -80.68278335, -327.63156654, -431.14073871, -176.1933373 ,
       -705.67505876, -108.7439348 , -150.3947049 ,  -51.18768985,
       -237.91853639, -546.49481793, -120.1911955 , -371.71554509,
       -248.57695871]), 'max_error': array([-35.18003733, -32.63080274, -15.31361613, -34.66817633,
       -27.74864562, -14.27396299, -31.17285041, -34.44249798,
       -16.28104045, -18.94220126, -25.84355594, -34.08221371,
       -62.287598  , -39.08159084, -20.17679953, -15.84211911,
       -33.20901089, -10.33421926, -20.59707201, -48.14479541,
       -33.23805827, -47.40900847, -22.46015144, -44.29538931,
       -31.1023013 , -45.61687327, -30.80893109, -58.90942092,
       -35.08226372, -27.59730429, -34.48550465, -35.43274651,
       -49.78399823, -24.09094354, -25.47505375, -45.26196681,
       -38.53800935, -23.12309522, -16.76068139, -34.64242921,
       -20.30410282, -52.24704092, -52.24710088, -42.75488428,
       -68.36160571, -26.10417639, -32.28854929, -13.98025562,
       -52.3596117 , -48.65112968, -33.85899494, -44.21277317,
       -52.09432197]), 'explained_variance': array([-2.22044605e-16,  0.00000000e+00,  1.11022302e-16,  1.11022302e-16,
        0.00000000e+00,  0.00000000e+00,  0.00000000e+00, -2.22044605e-16,
        0.00000000e+00,  3.33066907e-16,  1.11022302e-16,  0.00000000e+00,
        0.00000000e+00,  1.11022302e-16,  2.22044605e-16,  0.00000000e+00,
        0.00000000e+00,  0.00000000e+00,  0.00000000e+00,  0.00000000e+00,
        0.00000000e+00, -2.22044605e-16, -2.22044605e-16, -2.22044605e-16,
        0.00000000e+00,  0.00000000e+00,  0.00000000e+00,  0.00000000e+00,
        1.11022302e-16, -2.22044605e-16,  0.00000000e+00, -2.22044605e-16,
        0.00000000e+00,  0.00000000e+00,  0.00000000e+00,  3.33066907e-16,
        0.00000000e+00,  0.00000000e+00, -2.22044605e-16,  0.00000000e+00,
        0.00000000e+00,  0.00000000e+00,  0.00000000e+00,  0.00000000e+00,
       -4.44089210e-16, -2.22044605e-16,  0.00000000e+00,  0.00000000e+00,
        0.00000000e+00,  0.00000000e+00,  0.00000000e+00,  0.00000000e+00,
       -2.22044605e-16])}
         accs  y_pred (s)  y_true (s)
54     [2, 9]   15.187274      19.499
4    [43, 42]   22.972837      26.335
3    [43, 42]   22.972837      27.642
11   [43, 42]   22.972837      18.893
27   [29, 25]   18.003790      65.978
29   [29, 25]   18.003790      45.143
64     [2, 9]   15.187274      30.560
77   [16, 14]   17.473951      12.834
124  [24, 24]   18.774283      45.263
71     [2, 9]   15.187274       9.629
25   [29, 25]   18.003790      19.467
91    [10, 5]   15.775010      14.879
83   [16, 14]   17.473951      24.338
89   [16, 14]   17.473951      11.455
69     [2, 9]   15.187274       9.069
{'mse': 286.6940340545269, 'mae': 11.55984571784249, 'r2-score': -0.1726165423156678, 'max-error': 64.83293085003699, 'explained variance score': 0.06667110739395588, 'layers': ['mbconv1', 'mbconv5']}
