environment: line 5: __conda_exe: command not found
Using device: cuda
Using model: efficientnetB7
Number of videos: 64
Execution type : naive
Using 2 features
Job ID : 58
Plotting ?  yes
Calculate accumulators ?  no
The directory contains : 65 videos
Number of videos in the directory : 65
Number of videos in the dataframe : 64
['conv1', 'mbconv1', 'mbconv2', 'mbconv3', 'mbconv4', 'mbconv5', 'mbconv6', 'mbconv7', 'conv2', 'pool', 'output']
{'conv1': {'T_max': 395.51620042324066, 'T_min': 239.28720539808273, 'tau': 100, 'alpha': 50}, 'mbconv1': {'T_max': 1298.5398244857788, 'T_min': 929.1751428842545, 'tau': 100, 'alpha': 50}, 'mbconv2': {'T_max': 1391.3383300304413, 'T_min': 1003.122047662735, 'tau': 100, 'alpha': 50}, 'mbconv3': {'T_max': 776.5638054609299, 'T_min': 488.0033164024353, 'tau': 100, 'alpha': 50}, 'mbconv4': {'T_max': 372.1466582119465, 'T_min': 220.11169669032097, 'tau': 100, 'alpha': 50}, 'mbconv5': {'T_max': 456.8904039859772, 'T_min': 244.3836663365364, 'tau': 100, 'alpha': 50}, 'mbconv6': {'T_max': 290.0942441225052, 'T_min': 148.01406832039356, 'tau': 100, 'alpha': 50}, 'mbconv7': {'T_max': 172.54942694306374, 'T_min': 86.22373071312904, 'tau': 100, 'alpha': 50}, 'conv2': {'T_max': 75.42317940294743, 'T_min': 36.623642422258854, 'tau': 100, 'alpha': 50}, 'pool': {'T_max': 3.77721415925771, 'T_min': 1.8366734338924289, 'tau': 100, 'alpha': 50}, 'output': {'T_max': 11.04102703742683, 'T_min': 5.27929691132158, 'tau': 100, 'alpha': 50}}
Iterating over following combinations of layers :  [['conv1'], ['mbconv1'], ['mbconv2'], ['mbconv3'], ['mbconv4'], ['mbconv5'], ['mbconv6'], ['mbconv7'], ['conv2'], ['pool'], ['output'], ['conv1', 'mbconv1'], ['conv1', 'mbconv2'], ['conv1', 'mbconv3'], ['conv1', 'mbconv4'], ['conv1', 'mbconv5'], ['conv1', 'mbconv6'], ['conv1', 'mbconv7'], ['conv1', 'conv2'], ['conv1', 'pool'], ['conv1', 'output'], ['mbconv1', 'mbconv2'], ['mbconv1', 'mbconv3'], ['mbconv1', 'mbconv4'], ['mbconv1', 'mbconv5'], ['mbconv1', 'mbconv6'], ['mbconv1', 'mbconv7'], ['mbconv1', 'conv2'], ['mbconv1', 'pool'], ['mbconv1', 'output'], ['mbconv2', 'mbconv3'], ['mbconv2', 'mbconv4'], ['mbconv2', 'mbconv5'], ['mbconv2', 'mbconv6'], ['mbconv2', 'mbconv7'], ['mbconv2', 'conv2'], ['mbconv2', 'pool'], ['mbconv2', 'output'], ['mbconv3', 'mbconv4'], ['mbconv3', 'mbconv5'], ['mbconv3', 'mbconv6'], ['mbconv3', 'mbconv7'], ['mbconv3', 'conv2'], ['mbconv3', 'pool'], ['mbconv3', 'output'], ['mbconv4', 'mbconv5'], ['mbconv4', 'mbconv6'], ['mbconv4', 'mbconv7'], ['mbconv4', 'conv2'], ['mbconv4', 'pool'], ['mbconv4', 'output'], ['mbconv5', 'mbconv6'], ['mbconv5', 'mbconv7'], ['mbconv5', 'conv2'], ['mbconv5', 'pool'], ['mbconv5', 'output'], ['mbconv6', 'mbconv7'], ['mbconv6', 'conv2'], ['mbconv6', 'pool'], ['mbconv6', 'output'], ['mbconv7', 'conv2'], ['mbconv7', 'pool'], ['mbconv7', 'output'], ['conv2', 'pool'], ['conv2', 'output'], ['pool', 'output']]
[['mbconv6', 'pool']]
Generating the training set for videos : 
TRAINING SET : contains 962 samples, 37 patients based on 56 videos
TEST SET : contains 127 samples, 37 patients based on 8 videos
Dataset constituted.
--------------------NAIVE IMPLEMENTATION-------------------
Number of folds : 53
Grid search.
The best parameters are : {'C': 1}
Metrics obtained during CV : 
{'r2': array([-6.61740351e-02, -1.74574775e-01, -2.17062886e-02, -1.13227809e-01,
       -5.17683236e-02, -8.81666555e-02, -2.33142830e-02, -2.55087557e-02,
       -2.47801565e-02, -6.75312217e-04, -9.92972777e-02, -5.54856533e-01,
       -4.10820602e-01, -2.26731170e-01, -1.29560552e-01, -2.86392949e-01,
       -2.14295947e-03, -9.73257116e-01, -4.70950294e-02, -1.72568757e-01,
       -1.18729938e-01, -7.61804822e-01, -5.32591709e-02, -3.55815973e-01,
       -8.48030702e-02, -1.14327830e-01, -1.55729790e-05, -3.13885080e-01,
       -2.99790535e-01, -4.22098939e-03, -2.34731424e-01, -2.31988609e-01,
       -5.48790831e-01, -3.11599696e-02, -2.81906729e-01, -2.69413336e-01,
       -8.00900099e-02, -8.98355451e-03, -7.58891556e-03, -3.35265039e-02,
       -4.42127754e-03, -3.95114248e-01, -6.78832418e-01, -1.43782955e-01,
       -2.38296361e-01, -4.54186840e-02, -1.29872352e-01, -1.53203879e-01,
       -2.39409368e-01, -8.63611693e-01, -4.98437251e-02, -9.92259802e-02,
       -6.32999211e-02]), 'neg_mean_absolute_error': array([ -7.60219337, -11.65052824,  -8.71723423, -10.88763976,
       -10.39268506,  -6.09841226,  -8.15864449,  -6.09704273,
        -6.93477723,  -7.52238219,  -7.78009382, -13.71177577,
       -15.02675631, -13.86115377,  -7.39085416,  -8.36102316,
       -13.40757222,  -6.48155004,  -8.6226015 ,  -9.7764231 ,
        -9.17311111, -14.35468235,  -8.26980615, -11.14593819,
        -8.72865704,  -9.43438889,  -8.8113918 , -16.08114787,
       -10.56622122, -10.25894444, -12.1544324 , -11.37839425,
       -12.98589738,  -9.05530235, -11.80134191, -11.09882235,
        -9.44361111,  -6.84622227,  -5.93037435,  -7.28485731,
        -7.34556652, -13.02953853, -14.59680959,  -8.95417421,
       -20.36842231,  -7.93002667,  -9.62779713,  -5.79640208,
        -9.15972752, -18.67245302,  -8.25834901, -14.0574375 ,
       -10.08211165]), 'neg_mean_squared_error': array([-118.90756638, -224.1822249 ,  -97.0585563 , -195.9574193 ,
       -134.59555399,  -50.21839704, -130.43754274,  -95.24140839,
        -66.86787166,  -77.78991189, -102.41305101, -320.67350269,
       -425.97851904, -312.73486289,  -82.33205853, -105.13685582,
       -250.80674217,  -55.5834496 , -100.24438103, -216.57956492,
       -161.76817359, -382.06478734, -114.19848876, -265.13993459,
       -123.4628296 , -269.45726875, -139.00505191, -512.01118147,
       -244.86455084, -146.89611501, -242.19300421, -228.17363954,
       -336.45902426, -119.71118436, -182.06253689, -241.02118567,
       -177.3921669 ,  -74.92783893,  -64.35974488, -111.00558585,
        -80.9112866 , -317.00142128, -411.20783875, -177.57119116,
       -728.81554361, -107.14261629, -148.40703316,  -50.27039616,
       -218.96879956, -579.42200051, -124.80023403, -333.19568739,
       -248.16852328]), 'max_error': array([-36.39687123, -36.69101218, -16.20570991, -34.85084454,
       -22.08128341, -13.87801856, -30.10825155, -34.01843764,
       -17.28204651, -18.69124613, -25.03892754, -34.01641551,
       -62.4331957 , -39.33498434, -20.30639584, -17.83538223,
       -32.01112776, -11.40267735, -24.6115865 , -47.16640395,
       -34.74180173, -48.19042822, -23.45175533, -49.17472185,
       -30.14991733, -48.33475902, -30.11947378, -60.67811029,
       -37.01199699, -27.90771841, -34.72819579, -37.28051608,
       -48.6851441 , -24.24225576, -26.1145386 , -45.90730039,
       -38.86265681, -24.10849953, -18.92487695, -34.16921579,
       -20.06460033, -51.70178226, -51.49605726, -42.90302262,
       -69.38260027, -25.76045341, -32.05455124, -14.15202352,
       -51.03719542, -49.68870013, -35.14593309, -41.41470832,
       -52.04155339]), 'explained_variance': array([-4.44089210e-16,  0.00000000e+00,  1.11022302e-16,  1.11022302e-16,
        0.00000000e+00,  0.00000000e+00,  0.00000000e+00,  0.00000000e+00,
        0.00000000e+00,  3.33066907e-16,  1.11022302e-16,  0.00000000e+00,
        0.00000000e+00,  0.00000000e+00,  2.22044605e-16,  0.00000000e+00,
        0.00000000e+00,  0.00000000e+00,  0.00000000e+00, -2.22044605e-16,
        0.00000000e+00, -2.22044605e-16, -2.22044605e-16, -2.22044605e-16,
        0.00000000e+00, -2.22044605e-16,  0.00000000e+00,  1.11022302e-16,
        0.00000000e+00, -2.22044605e-16, -2.22044605e-16,  0.00000000e+00,
        2.22044605e-16,  0.00000000e+00,  0.00000000e+00,  0.00000000e+00,
        0.00000000e+00,  0.00000000e+00,  0.00000000e+00,  2.22044605e-16,
        0.00000000e+00,  0.00000000e+00,  0.00000000e+00,  0.00000000e+00,
       -4.44089210e-16, -2.22044605e-16,  0.00000000e+00,  0.00000000e+00,
        1.11022302e-16, -4.44089210e-16,  1.11022302e-16,  0.00000000e+00,
       -2.22044605e-16])}
         accs  y_pred (s)  y_true (s)
54     [7, 6]   16.008095      19.499
4    [42, 30]   24.396652      26.335
3    [42, 30]   24.396652      27.642
11   [42, 30]   24.396652      18.893
27   [24, 23]   19.354231      65.978
29   [24, 23]   19.354231      45.143
64     [7, 6]   16.008095      30.560
77   [15, 16]   15.825694      12.834
124  [24, 26]   19.452956      45.263
71     [7, 6]   16.008095       9.629
25   [24, 23]   19.354231      19.467
91     [4, 5]   15.716106      14.879
83   [15, 16]   15.825694      24.338
89   [15, 16]   15.825694      11.455
69     [7, 6]   16.008095       9.069
{'mse': 275.3700474234566, 'mae': 11.320858002443753, 'r2-score': -0.12629993830140673, 'max-error': 64.69964553368622, 'explained variance score': 0.08984584165486509, 'layers': ['mbconv6', 'pool']}
