environment: line 5: __conda_exe: command not found
Using device: cuda
Using model: efficientnetB7
Number of videos: 64
Execution type : naive
Using 2 features
Job ID : 1
Plotting ?  yes
Calculate accumulators ?  no
The directory contains : 65 videos
Number of videos in the directory : 65
Number of videos in the dataframe : 64
['conv1', 'mbconv1', 'mbconv2', 'mbconv3', 'mbconv4', 'mbconv5', 'mbconv6', 'mbconv7', 'conv2', 'pool', 'output']
{'conv1': {'T_max': 395.51620042324066, 'T_min': 239.28720539808273, 'tau': 100, 'alpha': 50}, 'mbconv1': {'T_max': 1298.5398244857788, 'T_min': 929.1751428842545, 'tau': 100, 'alpha': 50}, 'mbconv2': {'T_max': 1391.3383300304413, 'T_min': 1003.122047662735, 'tau': 100, 'alpha': 50}, 'mbconv3': {'T_max': 776.5638054609299, 'T_min': 488.0033164024353, 'tau': 100, 'alpha': 50}, 'mbconv4': {'T_max': 372.1466582119465, 'T_min': 220.11169669032097, 'tau': 100, 'alpha': 50}, 'mbconv5': {'T_max': 456.8904039859772, 'T_min': 244.3836663365364, 'tau': 100, 'alpha': 50}, 'mbconv6': {'T_max': 290.0942441225052, 'T_min': 148.01406832039356, 'tau': 100, 'alpha': 50}, 'mbconv7': {'T_max': 172.54942694306374, 'T_min': 86.22373071312904, 'tau': 100, 'alpha': 50}, 'conv2': {'T_max': 75.42317940294743, 'T_min': 36.623642422258854, 'tau': 100, 'alpha': 50}, 'pool': {'T_max': 3.77721415925771, 'T_min': 1.8366734338924289, 'tau': 100, 'alpha': 50}, 'output': {'T_max': 11.04102703742683, 'T_min': 5.27929691132158, 'tau': 100, 'alpha': 50}}
Iterating over following combinations of layers :  [['conv1'], ['mbconv1'], ['mbconv2'], ['mbconv3'], ['mbconv4'], ['mbconv5'], ['mbconv6'], ['mbconv7'], ['conv2'], ['pool'], ['output'], ['conv1', 'mbconv1'], ['conv1', 'mbconv2'], ['conv1', 'mbconv3'], ['conv1', 'mbconv4'], ['conv1', 'mbconv5'], ['conv1', 'mbconv6'], ['conv1', 'mbconv7'], ['conv1', 'conv2'], ['conv1', 'pool'], ['conv1', 'output'], ['mbconv1', 'mbconv2'], ['mbconv1', 'mbconv3'], ['mbconv1', 'mbconv4'], ['mbconv1', 'mbconv5'], ['mbconv1', 'mbconv6'], ['mbconv1', 'mbconv7'], ['mbconv1', 'conv2'], ['mbconv1', 'pool'], ['mbconv1', 'output'], ['mbconv2', 'mbconv3'], ['mbconv2', 'mbconv4'], ['mbconv2', 'mbconv5'], ['mbconv2', 'mbconv6'], ['mbconv2', 'mbconv7'], ['mbconv2', 'conv2'], ['mbconv2', 'pool'], ['mbconv2', 'output'], ['mbconv3', 'mbconv4'], ['mbconv3', 'mbconv5'], ['mbconv3', 'mbconv6'], ['mbconv3', 'mbconv7'], ['mbconv3', 'conv2'], ['mbconv3', 'pool'], ['mbconv3', 'output'], ['mbconv4', 'mbconv5'], ['mbconv4', 'mbconv6'], ['mbconv4', 'mbconv7'], ['mbconv4', 'conv2'], ['mbconv4', 'pool'], ['mbconv4', 'output'], ['mbconv5', 'mbconv6'], ['mbconv5', 'mbconv7'], ['mbconv5', 'conv2'], ['mbconv5', 'pool'], ['mbconv5', 'output'], ['mbconv6', 'mbconv7'], ['mbconv6', 'conv2'], ['mbconv6', 'pool'], ['mbconv6', 'output'], ['mbconv7', 'conv2'], ['mbconv7', 'pool'], ['mbconv7', 'output'], ['conv2', 'pool'], ['conv2', 'output'], ['pool', 'output']]
[['mbconv1']]
Generating the training set for videos : 
TRAINING SET : contains 962 samples, 37 patients based on 56 videos
TEST SET : contains 127 samples, 37 patients based on 8 videos
Dataset constituted.
--------------------NAIVE IMPLEMENTATION-------------------
Number of folds : 53
Grid search.
The best parameters are : {'C': 1}
Metrics obtained during CV : 
{'r2': array([-1.09961395e-01, -5.78083702e-03, -6.58525040e-02, -3.03185742e-02,
       -1.45045325e-04, -5.37493989e-02, -7.93768754e-02, -4.25733072e-02,
       -7.95285528e-02, -3.65399451e-02, -1.17260438e-01, -2.91302240e-01,
       -2.42275012e-01, -2.21693786e-01, -2.47418970e-01, -1.16710433e-03,
       -1.95180947e-02, -5.59405915e-01, -6.66074667e-03, -1.87090466e-01,
       -1.96833400e-02, -6.37128761e-01, -2.31161887e-02, -1.83376663e-01,
       -1.27173770e-01, -5.13071488e-02, -3.59357938e-02, -5.58432495e-01,
       -8.63309230e-02, -3.60496338e-02, -3.63880990e-01, -4.60934656e-01,
       -6.68651084e-01, -1.16108085e-01, -1.82519040e-01, -2.25806307e-01,
       -5.75884348e-03, -7.16010010e-02, -1.49889683e-01, -1.31167679e-02,
       -1.44104613e-03, -4.52880763e-01, -5.50695657e-01, -1.25921224e-01,
       -4.71889331e-01, -3.93874464e-02, -1.46634960e-01, -1.42585249e-01,
       -2.37223940e-01, -4.74826226e-01, -6.79457494e-04, -6.07900823e-01,
       -6.80009752e-02]), 'neg_mean_absolute_error': array([ -8.20018216, -11.16903899,  -9.09833011, -11.00102173,
        -9.6164955 ,  -5.8889606 ,  -7.99601173,  -6.0712474 ,
        -7.19962495,  -7.75231833,  -7.82172734, -12.62485855,
       -14.07456161, -13.83880355,  -7.97297328,  -7.7343999 ,
       -13.3297922 ,  -5.80885316,  -8.94725789,  -9.82814479,
        -9.17311111, -13.83675406,  -8.28440365, -10.76127661,
        -9.1162972 ,  -9.62281756,  -8.661     , -17.53996864,
       -10.57428562, -10.25894444, -12.67877449, -12.36685753,
       -13.4896895 , -10.03833916, -11.52664171, -10.89737129,
        -9.50564055,  -7.70513135,  -6.97039441,  -7.20589343,
        -7.23175406, -13.29985895, -13.88537322,  -8.85424015,
       -21.97595905,  -7.92130017,  -9.64300039,  -5.75886292,
        -9.14747675, -16.54093356,  -8.11296688, -15.68389903,
       -10.04706864]), 'neg_mean_squared_error': array([-123.79105468, -191.96579949, -101.25229376, -181.36320997,
       -127.98928569,  -48.63005628, -137.58360422,  -96.8262334 ,
        -70.44025614,  -80.57793573, -104.08654011, -266.31808366,
       -375.08841962, -311.45066498,  -90.92259062,  -81.82535635,
       -255.15522462,  -43.92593311,  -96.37337645, -219.26180026,
       -147.4460511 , -355.02755134, -110.93026845, -231.4181403 ,
       -128.28509332, -254.21814416, -143.99806632, -607.30947843,
       -204.65138523, -151.55196691, -267.52573719, -270.57618481,
       -362.49744258, -129.57312605, -167.94702092, -232.74159903,
       -165.18414113,  -79.57785519,  -73.44920682, -108.81348464,
        -80.67121367, -330.12727613, -379.82243063, -174.79817477,
       -866.29974597, -106.52448828, -150.60877648,  -49.80750945,
       -218.5826957 , -458.54335741, -118.95582885, -487.38442283,
       -249.26572421]), 'max_error': array([-35.61156927, -31.96908639, -15.14053255, -32.69658722,
       -24.5189171 , -14.32019429, -31.56522279, -34.46770051,
       -16.2756252 , -17.23498393, -25.3026065 , -31.07006248,
       -59.84866723, -39.25005349, -19.13277343, -17.62153272,
       -33.48894825, -10.13631572, -21.689679  , -47.39915157,
       -32.28540413, -47.09169663, -22.63186713, -46.82148947,
       -29.45216503, -46.59914194, -32.40098973, -64.37017943,
       -33.52971471, -29.41830954, -36.39111761, -39.96517943,
       -49.81867638, -22.47278952, -24.8783877 , -45.30294722,
       -36.20836753, -20.98582946, -16.52689006, -33.45854088,
       -20.32067837, -52.37080764, -50.2154718 , -42.59983068,
       -74.20521048, -25.61210295, -32.31300664, -14.24319006,
       -51.00744354, -45.4527741 , -32.42756311, -49.50489741,
       -52.18172546]), 'explained_variance': array([-2.22044605e-16,  0.00000000e+00,  1.11022302e-16,  1.11022302e-16,
        0.00000000e+00,  0.00000000e+00,  0.00000000e+00,  0.00000000e+00,
        0.00000000e+00,  3.33066907e-16,  1.11022302e-16,  0.00000000e+00,
        0.00000000e+00,  0.00000000e+00,  2.22044605e-16,  0.00000000e+00,
        0.00000000e+00,  0.00000000e+00,  0.00000000e+00,  0.00000000e+00,
        0.00000000e+00,  0.00000000e+00, -2.22044605e-16, -2.22044605e-16,
        0.00000000e+00, -2.22044605e-16, -2.22044605e-16,  0.00000000e+00,
        0.00000000e+00,  0.00000000e+00,  0.00000000e+00, -2.22044605e-16,
        0.00000000e+00,  0.00000000e+00,  0.00000000e+00,  3.33066907e-16,
       -2.22044605e-16,  0.00000000e+00, -2.22044605e-16,  2.22044605e-16,
        0.00000000e+00,  0.00000000e+00,  0.00000000e+00,  0.00000000e+00,
       -4.44089210e-16,  1.11022302e-16, -2.22044605e-16,  0.00000000e+00,
        0.00000000e+00,  0.00000000e+00,  0.00000000e+00,  0.00000000e+00,
        0.00000000e+00])}
     accs  y_pred (s)  y_true (s)
54    [2]   14.338488      19.499
4    [43]   21.721330      26.335
3    [43]   21.721330      27.642
11   [43]   21.721330      18.893
27   [29]   17.039406      65.978
29   [29]   17.039406      45.143
64    [2]   14.338488      30.560
77   [16]   19.961548      12.834
124  [24]   17.480929      45.263
71    [2]   14.338488       9.629
25   [29]   17.039406      19.467
91   [10]   17.835922      14.879
83   [16]   19.961548      24.338
89   [16]   19.961548      11.455
69    [2]   14.338488       9.069
{'mse': 291.9802381672842, 'mae': 11.8423045003472, 'r2-score': -0.19423781674894514, 'max-error': 62.49249849406202, 'explained variance score': 0.023515821440880158, 'layers': ['mbconv1']}
