environment: line 5: __conda_exe: command not found
Using device: cuda
Using model: efficientnetB7
Number of videos: 64
Execution type : naive
Using 2 features
Job ID : 65
Plotting ?  yes
Calculate accumulators ?  no
The directory contains : 65 videos
Number of videos in the directory : 65
Number of videos in the dataframe : 64
['conv1', 'mbconv1', 'mbconv2', 'mbconv3', 'mbconv4', 'mbconv5', 'mbconv6', 'mbconv7', 'conv2', 'pool', 'output']
{'conv1': {'T_max': 395.51620042324066, 'T_min': 239.28720539808273, 'tau': 100, 'alpha': 50}, 'mbconv1': {'T_max': 1298.5398244857788, 'T_min': 929.1751428842545, 'tau': 100, 'alpha': 50}, 'mbconv2': {'T_max': 1391.3383300304413, 'T_min': 1003.122047662735, 'tau': 100, 'alpha': 50}, 'mbconv3': {'T_max': 776.5638054609299, 'T_min': 488.0033164024353, 'tau': 100, 'alpha': 50}, 'mbconv4': {'T_max': 372.1466582119465, 'T_min': 220.11169669032097, 'tau': 100, 'alpha': 50}, 'mbconv5': {'T_max': 456.8904039859772, 'T_min': 244.3836663365364, 'tau': 100, 'alpha': 50}, 'mbconv6': {'T_max': 290.0942441225052, 'T_min': 148.01406832039356, 'tau': 100, 'alpha': 50}, 'mbconv7': {'T_max': 172.54942694306374, 'T_min': 86.22373071312904, 'tau': 100, 'alpha': 50}, 'conv2': {'T_max': 75.42317940294743, 'T_min': 36.623642422258854, 'tau': 100, 'alpha': 50}, 'pool': {'T_max': 3.77721415925771, 'T_min': 1.8366734338924289, 'tau': 100, 'alpha': 50}, 'output': {'T_max': 11.04102703742683, 'T_min': 5.27929691132158, 'tau': 100, 'alpha': 50}}
Iterating over following combinations of layers :  [['conv1'], ['mbconv1'], ['mbconv2'], ['mbconv3'], ['mbconv4'], ['mbconv5'], ['mbconv6'], ['mbconv7'], ['conv2'], ['pool'], ['output'], ['conv1', 'mbconv1'], ['conv1', 'mbconv2'], ['conv1', 'mbconv3'], ['conv1', 'mbconv4'], ['conv1', 'mbconv5'], ['conv1', 'mbconv6'], ['conv1', 'mbconv7'], ['conv1', 'conv2'], ['conv1', 'pool'], ['conv1', 'output'], ['mbconv1', 'mbconv2'], ['mbconv1', 'mbconv3'], ['mbconv1', 'mbconv4'], ['mbconv1', 'mbconv5'], ['mbconv1', 'mbconv6'], ['mbconv1', 'mbconv7'], ['mbconv1', 'conv2'], ['mbconv1', 'pool'], ['mbconv1', 'output'], ['mbconv2', 'mbconv3'], ['mbconv2', 'mbconv4'], ['mbconv2', 'mbconv5'], ['mbconv2', 'mbconv6'], ['mbconv2', 'mbconv7'], ['mbconv2', 'conv2'], ['mbconv2', 'pool'], ['mbconv2', 'output'], ['mbconv3', 'mbconv4'], ['mbconv3', 'mbconv5'], ['mbconv3', 'mbconv6'], ['mbconv3', 'mbconv7'], ['mbconv3', 'conv2'], ['mbconv3', 'pool'], ['mbconv3', 'output'], ['mbconv4', 'mbconv5'], ['mbconv4', 'mbconv6'], ['mbconv4', 'mbconv7'], ['mbconv4', 'conv2'], ['mbconv4', 'pool'], ['mbconv4', 'output'], ['mbconv5', 'mbconv6'], ['mbconv5', 'mbconv7'], ['mbconv5', 'conv2'], ['mbconv5', 'pool'], ['mbconv5', 'output'], ['mbconv6', 'mbconv7'], ['mbconv6', 'conv2'], ['mbconv6', 'pool'], ['mbconv6', 'output'], ['mbconv7', 'conv2'], ['mbconv7', 'pool'], ['mbconv7', 'output'], ['conv2', 'pool'], ['conv2', 'output'], ['pool', 'output']]
[['pool', 'output']]
Generating the training set for videos : 
TRAINING SET : contains 962 samples, 37 patients based on 56 videos
TEST SET : contains 127 samples, 37 patients based on 8 videos
Dataset constituted.
--------------------NAIVE IMPLEMENTATION-------------------
Number of folds : 53
Grid search.
The best parameters are : {'C': 10.0}
Metrics obtained during CV : 
{'r2': array([-1.48762683e-01, -1.55073577e-01, -1.78728003e-01, -4.39073082e-02,
       -3.39672657e-02, -7.54716217e-02, -4.13669337e-02, -3.38681576e-02,
       -8.31676994e-05, -7.91453801e-03, -8.53529355e-02, -4.15147652e-01,
       -2.71244874e-01, -1.58322365e-01, -2.43664722e-01, -7.46755229e-02,
       -4.14096083e-03, -1.61865759e+00, -3.54065308e-01, -1.21254551e-01,
       -1.20316757e-01, -7.44178332e-01, -1.21326684e-01, -4.16767906e-01,
       -1.93184286e-02, -1.02515522e-01, -3.70696477e-03, -5.47964812e-01,
       -9.42429485e-02, -1.33820614e-02, -2.18049219e-01, -3.65196774e-01,
       -4.99467213e-01, -4.64156059e-02, -3.26306127e-01, -4.69790615e-02,
       -1.60993799e-05, -9.90806367e-03, -1.75343091e-02, -2.62274980e-02,
       -4.26816896e-03, -5.07941826e-01, -9.01839801e-01, -2.23100648e-01,
       -5.36079312e-01, -2.66724157e-02, -1.46637012e-01, -9.35755247e-02,
       -1.94365065e-01, -6.95768973e-01, -2.28664790e-02, -5.14321552e-01,
       -8.18598626e-02]), 'neg_mean_absolute_error': array([ -8.65117796, -11.59811524,  -9.85175603, -10.97628944,
       -10.21253723,  -6.02695004,  -8.0682672 ,  -6.07216868,
        -6.67616343,  -7.61005484,  -7.74509881, -13.17763843,
       -14.25763624, -13.53230183,  -7.95424912,  -7.52022953,
       -13.39253647,  -7.62300575,  -8.33962418,  -9.58268274,
        -9.17311111, -14.27158918,  -8.40579612, -11.37464937,
        -7.90568896,  -9.46097423,  -8.72646342, -17.4782291 ,
       -10.53411919, -10.25894444, -12.09986286, -11.93483934,
       -12.76268755,  -9.28828052, -11.90802454, -10.49816667,
        -9.74397073,  -6.84166685,  -6.05106377,  -7.2604989 ,
        -7.34093345, -13.56607221, -15.72851511,  -9.34104604,
       -22.34174287,  -7.9003706 ,  -9.6430022 ,  -5.62818712,
        -8.89468624, -17.75504909,  -8.3226318 , -15.27572898,
        -9.95028086]), 'neg_mean_squared_error': array([-128.1184596 , -220.46017825, -111.97507495, -183.7551851 ,
       -132.31753972,  -49.632527  , -132.73863775,  -96.0177657 ,
        -65.25636985,  -78.35267059, -101.11396416, -291.85995268,
       -383.83548422, -295.29516727,  -90.6489488 ,  -87.83319712,
       -251.30678281,  -73.76333327, -129.63239716, -207.10156343,
       -161.99762747, -378.24230881, -121.5786354 , -277.05953998,
       -116.0099385 , -266.60091709, -139.51816603, -603.23030095,
       -206.14191351, -148.23618447, -238.92078391, -252.8448025 ,
       -325.74397082, -121.48226775, -188.36835205, -198.78799731,
       -164.2409625 ,  -74.99649364,  -64.99500692, -110.22163844,
        -80.89895292, -342.63839141, -465.83055325, -189.8851858 ,
       -904.07960029, -105.2213533 , -150.60904601,  -47.67108043,
       -211.0107372 , -527.23743594, -121.59331233, -459.01881825,
       -252.50031452]), 'max_error': array([-35.04030792, -36.3590632 , -16.42581829, -33.1665007 ,
       -22.57025608, -14.02888324, -30.68064106, -34.25279506,
       -18.47996496, -18.13598604, -24.81729248, -32.57216144,
       -60.34558409, -38.08534695, -19.16511515, -15.46778703,
       -32.29680716, -12.91914061, -28.31030879, -46.25314466,
       -34.76939845, -48.04086052, -24.67566512, -49.86096108,
       -31.77382483, -48.05573189, -30.88382923, -64.23126548,
       -33.71046367, -28.52105495, -34.48263287, -38.94985136,
       -48.18292199, -23.82289506, -26.59461043, -41.74177484,
       -35.28725449, -24.14949835, -18.56280868, -33.94999012,
       -20.07502475, -52.96978748, -53.46393933, -44.06363812,
       -75.30256194, -25.2563002 , -32.31303735, -14.71660632,
       -50.39352373, -48.01042605, -31.06305187, -48.41644396,
       -52.56887658]), 'explained_variance': array([-2.22044605e-16,  0.00000000e+00,  1.11022302e-16,  1.11022302e-16,
        0.00000000e+00,  0.00000000e+00,  0.00000000e+00,  0.00000000e+00,
        0.00000000e+00,  3.33066907e-16,  1.11022302e-16,  0.00000000e+00,
        0.00000000e+00,  1.11022302e-16,  2.22044605e-16,  0.00000000e+00,
        0.00000000e+00,  0.00000000e+00,  0.00000000e+00,  0.00000000e+00,
        0.00000000e+00,  1.11022302e-16, -2.22044605e-16, -2.22044605e-16,
        0.00000000e+00,  0.00000000e+00,  0.00000000e+00,  1.11022302e-16,
        0.00000000e+00, -2.22044605e-16, -2.22044605e-16,  0.00000000e+00,
        1.11022302e-16,  0.00000000e+00,  0.00000000e+00,  3.33066907e-16,
       -4.44089210e-16,  0.00000000e+00,  0.00000000e+00,  2.22044605e-16,
        0.00000000e+00,  0.00000000e+00,  0.00000000e+00,  0.00000000e+00,
        0.00000000e+00, -2.22044605e-16,  0.00000000e+00,  0.00000000e+00,
        0.00000000e+00,  0.00000000e+00,  0.00000000e+00, -2.22044605e-16,
       -2.22044605e-16])}
         accs  y_pred (s)  y_true (s)
54     [6, 7]   16.900043      19.499
4    [30, 29]   21.108012      26.335
3    [30, 29]   21.108012      27.642
11   [30, 29]   21.108012      18.893
27   [23, 23]   19.322938      65.978
29   [23, 23]   19.322938      45.143
64     [6, 7]   16.900043      30.560
77   [16, 17]   19.008124      12.834
124  [26, 26]   19.943197      45.263
71     [6, 7]   16.900043       9.629
25   [23, 23]   19.322938      19.467
91     [5, 6]   16.559715      14.879
83   [16, 17]   19.008124      24.338
89   [16, 17]   19.008124      11.455
69     [6, 7]   16.900043       9.069
{'mse': 281.4759192273797, 'mae': 11.571255172970083, 'r2-score': -0.15127376207193333, 'max-error': 64.40104939815848, 'explained variance score': 0.0439511936010073, 'layers': ['pool', 'output']}
