environment: line 5: __conda_exe: command not found
Using device: cuda
Using model: efficientnetB7
Number of videos: 64
Execution type : naive
Using 2 features
Job ID : 54
Plotting ?  yes
Calculate accumulators ?  no
The directory contains : 65 videos
Number of videos in the directory : 65
Number of videos in the dataframe : 64
['conv1', 'mbconv1', 'mbconv2', 'mbconv3', 'mbconv4', 'mbconv5', 'mbconv6', 'mbconv7', 'conv2', 'pool', 'output']
{'conv1': {'T_max': 395.51620042324066, 'T_min': 239.28720539808273, 'tau': 100, 'alpha': 50}, 'mbconv1': {'T_max': 1298.5398244857788, 'T_min': 929.1751428842545, 'tau': 100, 'alpha': 50}, 'mbconv2': {'T_max': 1391.3383300304413, 'T_min': 1003.122047662735, 'tau': 100, 'alpha': 50}, 'mbconv3': {'T_max': 776.5638054609299, 'T_min': 488.0033164024353, 'tau': 100, 'alpha': 50}, 'mbconv4': {'T_max': 372.1466582119465, 'T_min': 220.11169669032097, 'tau': 100, 'alpha': 50}, 'mbconv5': {'T_max': 456.8904039859772, 'T_min': 244.3836663365364, 'tau': 100, 'alpha': 50}, 'mbconv6': {'T_max': 290.0942441225052, 'T_min': 148.01406832039356, 'tau': 100, 'alpha': 50}, 'mbconv7': {'T_max': 172.54942694306374, 'T_min': 86.22373071312904, 'tau': 100, 'alpha': 50}, 'conv2': {'T_max': 75.42317940294743, 'T_min': 36.623642422258854, 'tau': 100, 'alpha': 50}, 'pool': {'T_max': 3.77721415925771, 'T_min': 1.8366734338924289, 'tau': 100, 'alpha': 50}, 'output': {'T_max': 11.04102703742683, 'T_min': 5.27929691132158, 'tau': 100, 'alpha': 50}}
Iterating over following combinations of layers :  [['conv1'], ['mbconv1'], ['mbconv2'], ['mbconv3'], ['mbconv4'], ['mbconv5'], ['mbconv6'], ['mbconv7'], ['conv2'], ['pool'], ['output'], ['conv1', 'mbconv1'], ['conv1', 'mbconv2'], ['conv1', 'mbconv3'], ['conv1', 'mbconv4'], ['conv1', 'mbconv5'], ['conv1', 'mbconv6'], ['conv1', 'mbconv7'], ['conv1', 'conv2'], ['conv1', 'pool'], ['conv1', 'output'], ['mbconv1', 'mbconv2'], ['mbconv1', 'mbconv3'], ['mbconv1', 'mbconv4'], ['mbconv1', 'mbconv5'], ['mbconv1', 'mbconv6'], ['mbconv1', 'mbconv7'], ['mbconv1', 'conv2'], ['mbconv1', 'pool'], ['mbconv1', 'output'], ['mbconv2', 'mbconv3'], ['mbconv2', 'mbconv4'], ['mbconv2', 'mbconv5'], ['mbconv2', 'mbconv6'], ['mbconv2', 'mbconv7'], ['mbconv2', 'conv2'], ['mbconv2', 'pool'], ['mbconv2', 'output'], ['mbconv3', 'mbconv4'], ['mbconv3', 'mbconv5'], ['mbconv3', 'mbconv6'], ['mbconv3', 'mbconv7'], ['mbconv3', 'conv2'], ['mbconv3', 'pool'], ['mbconv3', 'output'], ['mbconv4', 'mbconv5'], ['mbconv4', 'mbconv6'], ['mbconv4', 'mbconv7'], ['mbconv4', 'conv2'], ['mbconv4', 'pool'], ['mbconv4', 'output'], ['mbconv5', 'mbconv6'], ['mbconv5', 'mbconv7'], ['mbconv5', 'conv2'], ['mbconv5', 'pool'], ['mbconv5', 'output'], ['mbconv6', 'mbconv7'], ['mbconv6', 'conv2'], ['mbconv6', 'pool'], ['mbconv6', 'output'], ['mbconv7', 'conv2'], ['mbconv7', 'pool'], ['mbconv7', 'output'], ['conv2', 'pool'], ['conv2', 'output'], ['pool', 'output']]
[['mbconv5', 'pool']]
Generating the training set for videos : 
TRAINING SET : contains 962 samples, 37 patients based on 56 videos
TEST SET : contains 127 samples, 37 patients based on 8 videos
Dataset constituted.
--------------------NAIVE IMPLEMENTATION-------------------
Number of folds : 53
Grid search.
The best parameters are : {'C': 1}
Metrics obtained during CV : 
{'r2': array([-2.36031584e-01, -1.94080265e-01, -3.44857641e-02, -1.40498015e-01,
       -4.11426755e-02, -8.29872631e-02, -4.50360389e-02, -2.94795245e-02,
       -5.54600677e-02, -8.08712943e-04, -1.25928829e-01, -6.01668445e-01,
       -4.57714467e-01, -2.02666758e-01, -1.84723847e-01, -2.31438026e-01,
       -8.24510096e-03, -8.26720694e-01, -6.06517601e-03, -2.05427153e-01,
       -9.80253178e-02, -7.16636482e-01, -3.14405685e-02, -2.80208135e-01,
       -8.94053283e-02, -1.16810576e-01, -2.63568757e-03, -4.17328613e-01,
       -2.54330568e-01, -2.14516317e-03, -1.73297303e-01, -4.04567494e-01,
       -5.91186023e-01, -1.75878938e-02, -4.32790690e-01, -3.14704934e-01,
       -4.10352167e-02, -2.97853576e-02, -2.10479424e-03, -4.71876082e-02,
       -4.26921474e-03, -4.15303415e-01, -7.11975844e-01, -1.36663683e-01,
       -2.88705812e-01, -5.31574509e-02, -1.33574493e-01, -1.66413682e-01,
       -2.74241106e-01, -8.38512264e-01, -3.35179005e-02, -1.43584392e-01,
       -6.39224485e-02]), 'neg_mean_absolute_error': array([ -9.48602378, -11.70009743,  -8.84368797, -10.86086928,
       -10.28978393,  -6.06992224,  -8.05252943,  -6.07842616,
        -7.10076013,  -7.52579448,  -7.84067293, -13.94767791,
       -15.25461635, -13.75200199,  -7.66886937,  -8.12944842,
       -13.37051158,  -6.24404234,  -8.77386348,  -9.89066522,
        -9.17311111, -14.15314002,  -8.25516161, -10.93724371,
        -8.77487167,  -9.43438889,  -8.87347595, -16.65143276,
       -10.48122222, -10.25894444, -11.94217025, -12.10758614,
       -13.1698542 ,  -8.79250488, -12.24080771, -11.31978335,
        -9.44361111,  -6.77172645,  -5.8346788 ,  -7.32415231,
        -7.34096537, -13.10922546, -14.76960576,  -8.91468998,
       -20.76594731,  -7.94041375,  -9.63123561,  -5.84132946,
        -9.34792301, -18.51723985,  -8.23258068, -14.13139249,
       -10.0773981 ]), 'neg_mean_squared_error': array([-137.85132899, -227.90509056,  -98.27256218, -200.75769396,
       -133.23578211,  -49.97937043, -133.20632306,  -95.61018302,
        -68.8697648 ,  -77.80028212, -104.89410725, -330.32798809,
       -440.13749796, -306.60003821,  -86.35283246, -100.64539165,
       -252.3339277 ,  -51.45575648,  -96.31635907, -222.64868204,
       -158.77428881, -372.26958629, -111.83283034, -250.35425745,
       -123.9866185 , -270.0576252 , -139.3692554 , -552.32235183,
       -236.30045207, -146.5924659 , -230.1426798 , -260.13655877,
       -345.66894764, -118.13555176, -203.49180003, -249.62061858,
       -170.97787334,  -76.47259567,  -64.00944661, -112.47285242,
        -80.89903716, -321.58885532, -419.32588345, -176.46593107,
       -758.48468656, -107.93574516, -148.89330387,  -50.84623713,
       -225.1225885 , -571.61824983, -122.85950067, -346.64154101,
       -248.31381784]), 'max_error': array([-33.98283655, -37.00495037, -15.83170408, -35.35948366,
       -22.36058648, -13.93816415, -30.78031361, -34.13390291,
       -16.65131149, -18.66963499, -25.4225952 , -34.45853458,
       -63.05167295, -38.92020755, -19.71005355, -17.34650223,
       -32.71527996, -10.99243678, -23.25022872, -47.6804935 ,
       -34.36322982, -47.80356505, -22.89504551, -48.23559668,
       -30.066731  , -48.39154301, -29.56071644, -62.37097372,
       -36.4187926 , -27.68211551, -33.77301614, -39.38181882,
       -49.09904695, -24.71529122, -27.62708978, -46.48513754,
       -37.83189862, -24.77896192, -19.25444541, -34.52287077,
       -20.07495292, -51.94084306, -51.80709037, -42.78456994,
       -70.57517526, -25.9370337 , -32.11300531, -14.04291418,
       -51.4942416 , -49.44882522, -34.70787151, -42.52763994,
       -52.0604076 ]), 'explained_variance': array([-2.22044605e-16,  0.00000000e+00,  1.11022302e-16,  1.11022302e-16,
        0.00000000e+00,  0.00000000e+00,  0.00000000e+00,  0.00000000e+00,
        0.00000000e+00,  3.33066907e-16,  1.11022302e-16,  0.00000000e+00,
       -2.22044605e-16,  0.00000000e+00,  2.22044605e-16,  0.00000000e+00,
        0.00000000e+00,  0.00000000e+00,  0.00000000e+00,  0.00000000e+00,
        0.00000000e+00, -2.22044605e-16, -2.22044605e-16,  1.11022302e-16,
        0.00000000e+00,  0.00000000e+00,  0.00000000e+00,  0.00000000e+00,
        0.00000000e+00, -2.22044605e-16,  0.00000000e+00,  0.00000000e+00,
        0.00000000e+00,  0.00000000e+00,  0.00000000e+00,  3.33066907e-16,
       -2.22044605e-16,  0.00000000e+00,  0.00000000e+00,  2.22044605e-16,
        0.00000000e+00,  0.00000000e+00, -2.22044605e-16,  0.00000000e+00,
       -4.44089210e-16,  0.00000000e+00,  0.00000000e+00,  0.00000000e+00,
       -2.22044605e-16,  0.00000000e+00,  0.00000000e+00,  0.00000000e+00,
       -2.22044605e-16])}
         accs  y_pred (s)  y_true (s)
54     [9, 6]   15.631480      19.499
4    [42, 30]   23.994113      26.335
3    [42, 30]   23.994113      27.642
11   [42, 30]   23.994113      18.893
27   [25, 23]   19.834246      65.978
29   [25, 23]   19.834246      45.143
64     [9, 6]   15.631480      30.560
77   [14, 16]   16.317780      12.834
124  [24, 26]   19.692770      45.263
71     [9, 6]   15.631480       9.629
25   [25, 23]   19.834246      19.467
91     [5, 5]   15.330528      14.879
83   [14, 16]   16.317780      24.338
89   [14, 16]   16.317780      11.455
69     [9, 6]   15.631480       9.069
{'mse': 275.8542632992127, 'mae': 11.340397776841428, 'r2-score': -0.12828044531766203, 'max-error': 65.1448871971827, 'explained variance score': 0.09056501798258931, 'layers': ['mbconv5', 'pool']}
