environment: line 5: __conda_exe: command not found
Using device: cuda
Using model: efficientnetB7
Number of videos: 64
Execution type : naive
Using 2 features
Job ID : 13
Plotting ?  yes
Calculate accumulators ?  no
The directory contains : 65 videos
Number of videos in the directory : 65
Number of videos in the dataframe : 64
['conv1', 'mbconv1', 'mbconv2', 'mbconv3', 'mbconv4', 'mbconv5', 'mbconv6', 'mbconv7', 'conv2', 'pool', 'output']
{'conv1': {'T_max': 395.51620042324066, 'T_min': 239.28720539808273, 'tau': 100, 'alpha': 50}, 'mbconv1': {'T_max': 1298.5398244857788, 'T_min': 929.1751428842545, 'tau': 100, 'alpha': 50}, 'mbconv2': {'T_max': 1391.3383300304413, 'T_min': 1003.122047662735, 'tau': 100, 'alpha': 50}, 'mbconv3': {'T_max': 776.5638054609299, 'T_min': 488.0033164024353, 'tau': 100, 'alpha': 50}, 'mbconv4': {'T_max': 372.1466582119465, 'T_min': 220.11169669032097, 'tau': 100, 'alpha': 50}, 'mbconv5': {'T_max': 456.8904039859772, 'T_min': 244.3836663365364, 'tau': 100, 'alpha': 50}, 'mbconv6': {'T_max': 290.0942441225052, 'T_min': 148.01406832039356, 'tau': 100, 'alpha': 50}, 'mbconv7': {'T_max': 172.54942694306374, 'T_min': 86.22373071312904, 'tau': 100, 'alpha': 50}, 'conv2': {'T_max': 75.42317940294743, 'T_min': 36.623642422258854, 'tau': 100, 'alpha': 50}, 'pool': {'T_max': 3.77721415925771, 'T_min': 1.8366734338924289, 'tau': 100, 'alpha': 50}, 'output': {'T_max': 11.04102703742683, 'T_min': 5.27929691132158, 'tau': 100, 'alpha': 50}}
Iterating over following combinations of layers :  [['conv1'], ['mbconv1'], ['mbconv2'], ['mbconv3'], ['mbconv4'], ['mbconv5'], ['mbconv6'], ['mbconv7'], ['conv2'], ['pool'], ['output'], ['conv1', 'mbconv1'], ['conv1', 'mbconv2'], ['conv1', 'mbconv3'], ['conv1', 'mbconv4'], ['conv1', 'mbconv5'], ['conv1', 'mbconv6'], ['conv1', 'mbconv7'], ['conv1', 'conv2'], ['conv1', 'pool'], ['conv1', 'output'], ['mbconv1', 'mbconv2'], ['mbconv1', 'mbconv3'], ['mbconv1', 'mbconv4'], ['mbconv1', 'mbconv5'], ['mbconv1', 'mbconv6'], ['mbconv1', 'mbconv7'], ['mbconv1', 'conv2'], ['mbconv1', 'pool'], ['mbconv1', 'output'], ['mbconv2', 'mbconv3'], ['mbconv2', 'mbconv4'], ['mbconv2', 'mbconv5'], ['mbconv2', 'mbconv6'], ['mbconv2', 'mbconv7'], ['mbconv2', 'conv2'], ['mbconv2', 'pool'], ['mbconv2', 'output'], ['mbconv3', 'mbconv4'], ['mbconv3', 'mbconv5'], ['mbconv3', 'mbconv6'], ['mbconv3', 'mbconv7'], ['mbconv3', 'conv2'], ['mbconv3', 'pool'], ['mbconv3', 'output'], ['mbconv4', 'mbconv5'], ['mbconv4', 'mbconv6'], ['mbconv4', 'mbconv7'], ['mbconv4', 'conv2'], ['mbconv4', 'pool'], ['mbconv4', 'output'], ['mbconv5', 'mbconv6'], ['mbconv5', 'mbconv7'], ['mbconv5', 'conv2'], ['mbconv5', 'pool'], ['mbconv5', 'output'], ['mbconv6', 'mbconv7'], ['mbconv6', 'conv2'], ['mbconv6', 'pool'], ['mbconv6', 'output'], ['mbconv7', 'conv2'], ['mbconv7', 'pool'], ['mbconv7', 'output'], ['conv2', 'pool'], ['conv2', 'output'], ['pool', 'output']]
[['conv1', 'mbconv3']]
Generating the training set for videos : 
TRAINING SET : contains 962 samples, 37 patients based on 56 videos
TEST SET : contains 127 samples, 37 patients based on 8 videos
Dataset constituted.
--------------------NAIVE IMPLEMENTATION-------------------
Number of folds : 53
Grid search.
The best parameters are : {'C': 1}
Metrics obtained during CV : 
{'r2': array([-2.79136955e-01, -4.27954881e-03, -1.73745653e-02, -1.19409561e-01,
       -9.06867248e-03, -4.66544973e-02, -8.36985632e-02, -5.28316056e-02,
       -7.25697134e-02, -4.61445739e-03, -1.26644246e-01, -5.23241373e-01,
       -1.51538322e-01, -1.55541111e-01, -2.18734005e-01, -1.27697255e-01,
       -4.50193219e-03, -1.14812537e+00, -6.65197554e-04, -1.10601002e-01,
       -3.78566351e-02, -7.73569432e-01, -1.85469222e-02, -2.10117103e-01,
       -1.97807983e-02, -5.11538528e-02, -2.35723542e-05, -4.88503317e-01,
       -1.86880444e-01, -3.11455566e-03, -3.49223755e-01, -4.35027891e-01,
       -6.66449167e-01, -4.22118536e-02, -4.13232592e-01, -4.28267088e-01,
       -8.02103499e-02, -3.62022915e-03, -2.32151093e-01, -2.99096992e-02,
       -3.44368179e-04, -4.95190646e-01, -7.67370163e-01, -1.20033235e-01,
       -3.27298152e-01, -4.03624068e-03, -1.61945490e-01, -1.30363048e-01,
       -3.17317663e-01, -5.19357728e-01, -2.37308701e-03, -1.91580798e-01,
       -7.14876972e-02]), 'neg_mean_absolute_error': array([ -9.84038904, -11.19219101,  -8.67743232, -10.88131083,
        -9.29714885,  -5.83798054,  -8.00050875,  -6.08317615,
        -7.17279726,  -7.58077273,  -7.84220697, -13.59580447,
       -13.5860051 , -13.51755192,  -7.82606382,  -7.64802706,
       -13.39024995,  -6.78181829,  -8.88657033,  -9.55905173,
        -9.17311111, -14.40960806,  -8.31776781, -10.80813965,
        -7.91352882,  -9.62340267,  -8.79986202, -17.11573557,
       -10.48122222, -10.25894444, -12.60237414, -12.24978755,
       -13.48086244,  -9.22849555, -12.18107526, -11.89199342,
        -9.44361111,  -7.10122808,  -7.47168071,  -7.27315997,
        -7.15435168, -13.50575959, -15.0496625 ,  -8.83099364,
       -21.04725591,  -7.84094761,  -9.65614321,  -5.7206364 ,
        -9.56481741, -16.71496187,  -8.14640567, -14.25930187,
       -10.02185403]), 'neg_mean_squared_error': array([-142.65875686, -191.67925993,  -96.64705759, -197.0455705 ,
       -129.13124872,  -48.30262979, -138.13447149,  -97.77894568,
        -69.98618531,  -78.09613085, -104.96075716, -314.15319427,
       -347.69168262, -294.58613247,  -88.83178438,  -92.16666167,
       -251.39712327,  -60.50920433,  -95.79938833, -205.13379742,
       -150.07390673, -384.61605914, -110.43485066, -236.64743288,
       -116.06256139, -254.18107543, -139.00616385, -580.05860117,
       -223.59367831, -146.73426735, -264.65071527, -265.77805544,
       -362.01909868, -120.99423855, -200.71406524, -271.18245676,
       -177.41193134,  -74.52955456,  -78.70365463, -110.61712409,
        -80.58287064, -339.74103583, -432.89399069, -173.88407013,
       -781.19871355, -102.90142249, -152.61979157,  -49.27472   ,
       -232.73300552, -472.38880161, -119.15715915, -361.19013779,
       -250.0795065 ]), 'max_error': array([-33.53397388, -31.82245696, -16.3569572 , -34.97109424,
       -25.73243436, -14.42781885, -31.65066629, -34.69434676,
       -16.3775704 , -18.32143939, -25.43231084, -33.70718356,
       -58.0600323 , -38.02929729, -19.38652613, -16.22790284,
       -32.34025095, -11.8536365 , -22.235867  , -46.04046555,
       -32.938005  , -48.2892945 , -22.46679486, -47.24325682,
       -31.75618516, -46.59387601, -30.22324181, -63.41565503,
       -35.43035139, -27.79692079, -36.21921681, -39.70177199,
       -49.79881548, -23.93050801, -27.44789244, -47.7726102 ,
       -38.86538055, -22.77322362, -15.77031227, -34.06393969,
       -20.49483372, -52.83408408, -52.31119249, -42.4952214 ,
       -71.41910105, -24.24610932, -32.53643451, -14.35243624,
       -52.02098514, -46.00976454, -33.24289638, -43.55091497,
       -52.2825839 ]), 'explained_variance': array([-2.22044605e-16,  0.00000000e+00,  1.11022302e-16,  0.00000000e+00,
        0.00000000e+00,  0.00000000e+00,  0.00000000e+00,  0.00000000e+00,
        0.00000000e+00,  3.33066907e-16,  1.11022302e-16,  1.11022302e-16,
        0.00000000e+00,  0.00000000e+00,  2.22044605e-16,  0.00000000e+00,
        0.00000000e+00,  0.00000000e+00,  0.00000000e+00,  0.00000000e+00,
        2.22044605e-16, -2.22044605e-16, -2.22044605e-16, -2.22044605e-16,
        0.00000000e+00,  0.00000000e+00,  0.00000000e+00,  0.00000000e+00,
        1.11022302e-16, -2.22044605e-16,  1.11022302e-16,  0.00000000e+00,
        1.11022302e-16,  0.00000000e+00,  0.00000000e+00,  3.33066907e-16,
       -4.44089210e-16,  0.00000000e+00, -2.22044605e-16,  2.22044605e-16,
        0.00000000e+00,  2.22044605e-16, -2.22044605e-16,  0.00000000e+00,
       -4.44089210e-16, -2.22044605e-16,  0.00000000e+00,  0.00000000e+00,
        1.11022302e-16,  0.00000000e+00,  0.00000000e+00,  0.00000000e+00,
        0.00000000e+00])}
         accs  y_pred (s)  y_true (s)
54    [2, 11]   15.996645      19.499
4    [29, 46]   23.993157      26.335
3    [29, 46]   23.993157      27.642
11   [29, 46]   23.993157      18.893
27   [28, 28]   19.244776      65.978
29   [28, 28]   19.244776      45.143
64    [2, 11]   15.996645      30.560
77   [14, 15]   17.532801      12.834
124  [22, 24]   18.339846      45.263
71    [2, 11]   15.996645       9.629
25   [28, 28]   19.244776      19.467
91    [12, 3]   16.502028      14.879
83   [14, 15]   17.532801      24.338
89   [14, 15]   17.532801      11.455
69    [2, 11]   15.996645       9.069
{'mse': 278.38829270168884, 'mae': 11.398093987925225, 'r2-score': -0.1386449609444249, 'max-error': 64.84890135893765, 'explained variance score': 0.07078326144557145, 'layers': ['conv1', 'mbconv3']}
