environment: line 5: __conda_exe: command not found
Using device: cuda
Using model: efficientnetB7
Number of videos: 64
Execution type : naive
Using 2 features
Job ID : 44
Plotting ?  yes
Calculate accumulators ?  no
The directory contains : 65 videos
Number of videos in the directory : 65
Number of videos in the dataframe : 64
['conv1', 'mbconv1', 'mbconv2', 'mbconv3', 'mbconv4', 'mbconv5', 'mbconv6', 'mbconv7', 'conv2', 'pool', 'output']
{'conv1': {'T_max': 395.51620042324066, 'T_min': 239.28720539808273, 'tau': 100, 'alpha': 50}, 'mbconv1': {'T_max': 1298.5398244857788, 'T_min': 929.1751428842545, 'tau': 100, 'alpha': 50}, 'mbconv2': {'T_max': 1391.3383300304413, 'T_min': 1003.122047662735, 'tau': 100, 'alpha': 50}, 'mbconv3': {'T_max': 776.5638054609299, 'T_min': 488.0033164024353, 'tau': 100, 'alpha': 50}, 'mbconv4': {'T_max': 372.1466582119465, 'T_min': 220.11169669032097, 'tau': 100, 'alpha': 50}, 'mbconv5': {'T_max': 456.8904039859772, 'T_min': 244.3836663365364, 'tau': 100, 'alpha': 50}, 'mbconv6': {'T_max': 290.0942441225052, 'T_min': 148.01406832039356, 'tau': 100, 'alpha': 50}, 'mbconv7': {'T_max': 172.54942694306374, 'T_min': 86.22373071312904, 'tau': 100, 'alpha': 50}, 'conv2': {'T_max': 75.42317940294743, 'T_min': 36.623642422258854, 'tau': 100, 'alpha': 50}, 'pool': {'T_max': 3.77721415925771, 'T_min': 1.8366734338924289, 'tau': 100, 'alpha': 50}, 'output': {'T_max': 11.04102703742683, 'T_min': 5.27929691132158, 'tau': 100, 'alpha': 50}}
Iterating over following combinations of layers :  [['conv1'], ['mbconv1'], ['mbconv2'], ['mbconv3'], ['mbconv4'], ['mbconv5'], ['mbconv6'], ['mbconv7'], ['conv2'], ['pool'], ['output'], ['conv1', 'mbconv1'], ['conv1', 'mbconv2'], ['conv1', 'mbconv3'], ['conv1', 'mbconv4'], ['conv1', 'mbconv5'], ['conv1', 'mbconv6'], ['conv1', 'mbconv7'], ['conv1', 'conv2'], ['conv1', 'pool'], ['conv1', 'output'], ['mbconv1', 'mbconv2'], ['mbconv1', 'mbconv3'], ['mbconv1', 'mbconv4'], ['mbconv1', 'mbconv5'], ['mbconv1', 'mbconv6'], ['mbconv1', 'mbconv7'], ['mbconv1', 'conv2'], ['mbconv1', 'pool'], ['mbconv1', 'output'], ['mbconv2', 'mbconv3'], ['mbconv2', 'mbconv4'], ['mbconv2', 'mbconv5'], ['mbconv2', 'mbconv6'], ['mbconv2', 'mbconv7'], ['mbconv2', 'conv2'], ['mbconv2', 'pool'], ['mbconv2', 'output'], ['mbconv3', 'mbconv4'], ['mbconv3', 'mbconv5'], ['mbconv3', 'mbconv6'], ['mbconv3', 'mbconv7'], ['mbconv3', 'conv2'], ['mbconv3', 'pool'], ['mbconv3', 'output'], ['mbconv4', 'mbconv5'], ['mbconv4', 'mbconv6'], ['mbconv4', 'mbconv7'], ['mbconv4', 'conv2'], ['mbconv4', 'pool'], ['mbconv4', 'output'], ['mbconv5', 'mbconv6'], ['mbconv5', 'mbconv7'], ['mbconv5', 'conv2'], ['mbconv5', 'pool'], ['mbconv5', 'output'], ['mbconv6', 'mbconv7'], ['mbconv6', 'conv2'], ['mbconv6', 'pool'], ['mbconv6', 'output'], ['mbconv7', 'conv2'], ['mbconv7', 'pool'], ['mbconv7', 'output'], ['conv2', 'pool'], ['conv2', 'output'], ['pool', 'output']]
[['mbconv3', 'output']]
Generating the training set for videos : 
TRAINING SET : contains 962 samples, 37 patients based on 56 videos
TEST SET : contains 127 samples, 37 patients based on 8 videos
Dataset constituted.
--------------------NAIVE IMPLEMENTATION-------------------
Number of folds : 53
Grid search.
The best parameters are : {'C': 1}
Metrics obtained during CV : 
{'r2': array([-3.06143382e-01, -1.71493348e-01, -6.32243435e-02, -8.78396169e-02,
       -4.16023622e-02, -5.69301245e-02, -6.41971420e-02, -3.78734744e-02,
       -3.27923453e-02, -2.22396145e-03, -1.36435493e-01, -5.57869260e-01,
       -3.98743492e-01, -2.04295346e-01, -2.48126537e-01, -1.46556787e-01,
       -2.26371575e-03, -8.78506608e-01, -2.90961068e-02, -2.02613816e-01,
       -8.47227953e-02, -7.19821487e-01, -3.98391259e-02, -2.58209336e-01,
       -7.75152403e-02, -1.21282884e-01, -2.60017765e-03, -5.02492310e-01,
       -2.30924564e-01, -2.53389055e-03, -2.60702028e-01, -4.27679590e-01,
       -6.09491662e-01, -8.18542944e-04, -4.85299586e-01, -2.52300006e-01,
       -1.35296851e-03, -4.00806089e-02, -2.77875285e-03, -5.34433780e-02,
       -1.78934114e-03, -4.60728209e-01, -7.46272038e-01, -1.11263740e-01,
       -3.00210132e-01, -5.22281436e-02, -1.41132593e-01, -1.38372038e-01,
       -2.74178990e-01, -7.42991952e-01, -5.73604194e-03, -1.50365011e-01,
       -6.91195629e-02]), 'neg_mean_absolute_error': array([-10.04855714, -11.64244867,  -9.07975491, -10.91565226,
       -10.29449346,  -5.9107174 ,  -7.98652884,  -6.06680337,
        -6.98509224,  -7.55185674,  -7.86278209, -13.72551386,
       -14.96599364, -13.75958689,  -7.97648629,  -7.71025085,
       -13.40650112,  -6.33021621,  -8.67308724,  -9.88125966,
        -9.17311111, -14.16543863,  -8.24094444, -10.88545309,
        -8.65282912,  -9.43438889,  -8.87302137, -17.20291719,
       -10.48122222, -10.25894444, -12.2356604 , -12.21595062,
       -13.24723914,  -8.16991299, -12.39480526, -11.02186204,
        -9.91824137,  -6.74528321,  -5.84681953,  -7.34021725,
        -7.24906429, -13.33875275, -14.9442281 ,  -8.79528654,
       -20.85167384,  -7.93920831,  -9.63811052,  -5.74358224,
        -9.34759841, -18.01495487,  -8.16373649, -14.15063949,
       -10.03891046]), 'neg_mean_squared_error': array([-145.67071204, -223.59409614, -101.00262762, -191.4884287 ,
       -133.29460854,  -48.77684532, -135.64870783,  -96.38974888,
        -67.39067453,  -77.91029988, -105.87293221, -321.2948472 ,
       -422.33199628, -307.01521992,  -90.97416412,  -93.70805058,
       -250.83696389,  -52.91448162,  -98.52124147, -222.12904389,
       -156.85074614, -372.96028611, -112.74343487, -246.05222803,
       -122.63339233, -271.13908069, -139.36431942, -585.51000727,
       -231.89104885, -146.64932842, -247.28714741, -264.41709431,
       -349.64566109, -116.18873564, -210.94936507, -237.77190906,
       -164.46052763,  -77.23712838,  -64.05249572, -113.14475139,
        -80.69927062, -331.91039291, -427.72628345, -172.52261458,
       -765.25570432, -107.84050254, -149.88604891,  -49.62384742,
       -225.1116145 , -541.919697  , -119.55693062, -348.69687157,
       -249.52679659]), 'max_error': array([-33.27029429, -36.63984156, -15.19095095, -34.31860702,
       -22.34780348, -14.27426327, -31.24495195, -34.35473605,
       -17.09084948, -18.50457398, -25.56261991, -34.04541815,
       -62.26826844, -38.94903019, -19.1267055 , -16.45825231,
       -32.03147872, -11.14128255, -24.15721482, -47.63816848,
       -34.09846232, -47.83123692, -23.12706633, -47.93907784,
       -30.28640759, -48.4923291 , -29.56480768, -63.61181368,
       -36.09259566, -27.73075817, -35.09372179, -39.62563889,
       -49.27316308, -25.83595661, -28.08908244, -45.67641945,
       -34.76444255, -25.01695108, -19.19981211, -34.66745523,
       -20.28173035, -52.45831869, -52.12141058, -42.33453943,
       -70.83235486, -25.91654125, -32.2298789 , -14.28030027,
       -51.49345327, -48.5013592 , -33.53752031, -42.68161596,
       -52.21435814]), 'explained_variance': array([ 0.00000000e+00,  0.00000000e+00,  1.11022302e-16,  0.00000000e+00,
        0.00000000e+00,  0.00000000e+00,  0.00000000e+00, -2.22044605e-16,
        0.00000000e+00,  3.33066907e-16,  0.00000000e+00,  0.00000000e+00,
        0.00000000e+00,  0.00000000e+00,  2.22044605e-16,  0.00000000e+00,
        2.22044605e-16,  0.00000000e+00,  0.00000000e+00,  0.00000000e+00,
        2.22044605e-16, -2.22044605e-16, -2.22044605e-16, -2.22044605e-16,
        0.00000000e+00,  0.00000000e+00,  0.00000000e+00,  0.00000000e+00,
        0.00000000e+00, -2.22044605e-16,  0.00000000e+00,  0.00000000e+00,
        1.11022302e-16,  0.00000000e+00,  0.00000000e+00,  3.33066907e-16,
        0.00000000e+00,  0.00000000e+00,  0.00000000e+00,  2.22044605e-16,
        0.00000000e+00,  1.11022302e-16,  0.00000000e+00,  0.00000000e+00,
       -2.22044605e-16, -2.22044605e-16,  0.00000000e+00,  0.00000000e+00,
        0.00000000e+00, -2.22044605e-16,  2.22044605e-16, -2.22044605e-16,
        0.00000000e+00])}
         accs  y_pred (s)  y_true (s)
54    [11, 7]   15.779377      19.499
4    [46, 29]   24.053081      26.335
3    [46, 29]   24.053081      27.642
11   [46, 29]   24.053081      18.893
27   [28, 23]   20.939032      65.978
29   [28, 23]   20.939032      45.143
64    [11, 7]   15.779377      30.560
77   [15, 17]   16.836651      12.834
124  [24, 26]   19.773867      45.263
71    [11, 7]   15.779377       9.629
25   [28, 23]   20.939032      19.467
91     [3, 6]   15.317446      14.879
83   [15, 17]   16.836651      24.338
89   [15, 17]   16.836651      11.455
69    [11, 7]   15.779377       9.069
{'mse': 271.7111142230671, 'mae': 11.311477233165823, 'r2-score': -0.11133441726378157, 'max-error': 65.19352654087167, 'explained variance score': 0.09134467031791782, 'layers': ['mbconv3', 'output']}
