environment: line 5: __conda_exe: command not found
Using device: cuda
Using model: efficientnetB7
Number of videos: 64
Execution type : naive
Using 2 features
Job ID : 62
Plotting ?  yes
Calculate accumulators ?  no
The directory contains : 65 videos
Number of videos in the directory : 65
Number of videos in the dataframe : 64
['conv1', 'mbconv1', 'mbconv2', 'mbconv3', 'mbconv4', 'mbconv5', 'mbconv6', 'mbconv7', 'conv2', 'pool', 'output']
{'conv1': {'T_max': 395.51620042324066, 'T_min': 239.28720539808273, 'tau': 100, 'alpha': 50}, 'mbconv1': {'T_max': 1298.5398244857788, 'T_min': 929.1751428842545, 'tau': 100, 'alpha': 50}, 'mbconv2': {'T_max': 1391.3383300304413, 'T_min': 1003.122047662735, 'tau': 100, 'alpha': 50}, 'mbconv3': {'T_max': 776.5638054609299, 'T_min': 488.0033164024353, 'tau': 100, 'alpha': 50}, 'mbconv4': {'T_max': 372.1466582119465, 'T_min': 220.11169669032097, 'tau': 100, 'alpha': 50}, 'mbconv5': {'T_max': 456.8904039859772, 'T_min': 244.3836663365364, 'tau': 100, 'alpha': 50}, 'mbconv6': {'T_max': 290.0942441225052, 'T_min': 148.01406832039356, 'tau': 100, 'alpha': 50}, 'mbconv7': {'T_max': 172.54942694306374, 'T_min': 86.22373071312904, 'tau': 100, 'alpha': 50}, 'conv2': {'T_max': 75.42317940294743, 'T_min': 36.623642422258854, 'tau': 100, 'alpha': 50}, 'pool': {'T_max': 3.77721415925771, 'T_min': 1.8366734338924289, 'tau': 100, 'alpha': 50}, 'output': {'T_max': 11.04102703742683, 'T_min': 5.27929691132158, 'tau': 100, 'alpha': 50}}
Iterating over following combinations of layers :  [['conv1'], ['mbconv1'], ['mbconv2'], ['mbconv3'], ['mbconv4'], ['mbconv5'], ['mbconv6'], ['mbconv7'], ['conv2'], ['pool'], ['output'], ['conv1', 'mbconv1'], ['conv1', 'mbconv2'], ['conv1', 'mbconv3'], ['conv1', 'mbconv4'], ['conv1', 'mbconv5'], ['conv1', 'mbconv6'], ['conv1', 'mbconv7'], ['conv1', 'conv2'], ['conv1', 'pool'], ['conv1', 'output'], ['mbconv1', 'mbconv2'], ['mbconv1', 'mbconv3'], ['mbconv1', 'mbconv4'], ['mbconv1', 'mbconv5'], ['mbconv1', 'mbconv6'], ['mbconv1', 'mbconv7'], ['mbconv1', 'conv2'], ['mbconv1', 'pool'], ['mbconv1', 'output'], ['mbconv2', 'mbconv3'], ['mbconv2', 'mbconv4'], ['mbconv2', 'mbconv5'], ['mbconv2', 'mbconv6'], ['mbconv2', 'mbconv7'], ['mbconv2', 'conv2'], ['mbconv2', 'pool'], ['mbconv2', 'output'], ['mbconv3', 'mbconv4'], ['mbconv3', 'mbconv5'], ['mbconv3', 'mbconv6'], ['mbconv3', 'mbconv7'], ['mbconv3', 'conv2'], ['mbconv3', 'pool'], ['mbconv3', 'output'], ['mbconv4', 'mbconv5'], ['mbconv4', 'mbconv6'], ['mbconv4', 'mbconv7'], ['mbconv4', 'conv2'], ['mbconv4', 'pool'], ['mbconv4', 'output'], ['mbconv5', 'mbconv6'], ['mbconv5', 'mbconv7'], ['mbconv5', 'conv2'], ['mbconv5', 'pool'], ['mbconv5', 'output'], ['mbconv6', 'mbconv7'], ['mbconv6', 'conv2'], ['mbconv6', 'pool'], ['mbconv6', 'output'], ['mbconv7', 'conv2'], ['mbconv7', 'pool'], ['mbconv7', 'output'], ['conv2', 'pool'], ['conv2', 'output'], ['pool', 'output']]
[['mbconv7', 'output']]
Generating the training set for videos : 
TRAINING SET : contains 962 samples, 37 patients based on 56 videos
TEST SET : contains 127 samples, 37 patients based on 8 videos
Dataset constituted.
--------------------NAIVE IMPLEMENTATION-------------------
Number of folds : 53
Grid search.
The best parameters are : {'C': 10.0}
Metrics obtained during CV : 
{'r2': array([-1.40269214e-01, -8.39534740e-02, -3.10373107e-01, -1.00971200e-02,
       -7.57889921e-02, -6.49661496e-02, -3.39072624e-02, -5.14350111e-02,
       -2.86974598e-02, -1.26349796e-01, -9.19630816e-02, -3.09572816e-01,
       -1.93201702e-01, -1.00798143e-01, -4.79813132e-02, -2.13630197e-01,
       -8.70069563e-04, -1.54280075e+00, -2.84218810e-01, -1.15448034e-01,
       -1.29076760e-01, -6.64716394e-01, -3.04027426e-01, -5.86533720e-01,
       -4.93970659e-04, -1.93179693e-01, -7.97264577e-04, -6.29577989e-01,
       -2.37405144e-01, -7.85737511e-05, -2.37020155e-01, -4.78015201e-01,
       -5.00136257e-01, -3.55572628e-02, -1.31096874e-01, -3.34932548e-01,
       -6.33785225e-04, -1.08278835e-03, -2.44270311e-03, -2.88788514e-02,
       -2.62355842e-03, -5.29527145e-01, -7.39810390e-01, -2.49382203e-01,
       -3.94714186e-01, -2.89737942e-02, -1.59907753e-01, -8.59051054e-02,
       -1.39771104e-01, -6.38281369e-01, -7.36643910e-08, -2.63868578e-01,
       -7.07162646e-02]), 'neg_mean_absolute_error': array([ -8.55803018, -11.37115193, -10.47202118, -11.05244224,
       -10.59178374,  -5.96311845,  -8.10258198,  -6.08162489,
        -6.96025655,  -8.29694212,  -7.76201823, -12.71242493,
       -13.74597476, -13.27428419,  -6.94767272,  -8.04860416,
       -13.50402899,  -7.49659445,  -8.31877778,  -9.56993806,
        -9.17311111, -13.94865951,  -8.78819715, -12.38586795,
        -7.44199842,  -9.65289865,  -8.84321106, -17.94509988,
       -10.48122222, -10.25894444, -12.16176581, -12.44225041,
       -12.7657872 ,  -9.12739973, -11.35410548, -11.42847353,
        -9.6535669 ,  -6.92299191,  -5.84097606,  -7.26969803,
        -7.28464649, -13.66646965, -14.91163975,  -9.45337827,
       -21.50143381,  -7.90447959,  -9.65443095,  -5.61326708,
        -8.77857978, -17.42643412,  -8.11498856, -14.42466044,
       -10.0273788 ]), 'neg_mean_squared_error': array([-127.17120546, -206.88602088, -124.48090353, -177.80370135,
       -137.66949633,  -49.14770423, -131.787785  ,  -97.64924067,
        -67.12347939,  -87.55952135, -101.72978051, -270.08620599,
       -360.27138635, -280.63031634,  -76.38586408,  -99.1899583 ,
       -250.48817548,  -71.62656909, -122.94559333, -206.02906939,
       -163.26432254, -361.0102022 , -141.38776619, -310.25851225,
       -113.86750278, -288.52455481, -139.1137093 , -635.03434492,
       -233.11191049, -146.29016794, -242.64193955, -273.73963141,
       -325.88931376, -120.22168243, -160.64379848, -253.46119849,
       -164.34241018,  -74.34112239,  -64.03103054, -110.5064062 ,
        -80.76647111, -347.54306285, -426.14358798, -193.96537163,
       -820.87730371, -105.45721642, -152.35213795,  -47.33671196,
       -201.3655187 , -509.36376499, -118.87506705, -383.10189835,
       -249.89945825]), 'max_error': array([-35.1582951 , -34.92162889, -17.73526693, -31.71959737,
       -21.54087271, -14.16363882, -30.46331414, -34.664873  ,
       -17.18522509, -15.78634441, -24.92444876, -31.3094391 ,
       -58.9335041 , -36.80146653, -21.5093169 , -17.175831  ,
       -30.8121497 , -12.75901964, -27.70453204, -46.13844253,
       -34.91857399, -47.3434839 , -26.79013717, -51.5429686 ,
       -33.01950473, -49.91152927, -29.8331005 , -65.28172472,
       -36.18450501, -27.22915295, -34.76119616, -40.13481343,
       -48.18989621, -24.11248049, -24.10197465, -46.72969045,
       -35.55846597, -23.57528639, -19.22610773, -34.03278227,
       -20.2016704 , -53.19568171, -52.06275154, -44.40063482,
       -72.78163478, -25.32615306, -32.50732608, -14.80115321,
       -49.50285634, -47.38970889, -32.70880551, -44.87378348,
       -52.26048482]), 'explained_variance': array([-4.44089210e-16,  0.00000000e+00,  1.11022302e-16,  1.11022302e-16,
        0.00000000e+00,  0.00000000e+00,  0.00000000e+00, -2.22044605e-16,
        0.00000000e+00,  3.33066907e-16,  1.11022302e-16,  0.00000000e+00,
        0.00000000e+00,  0.00000000e+00,  2.22044605e-16,  0.00000000e+00,
        0.00000000e+00,  0.00000000e+00, -2.22044605e-16,  0.00000000e+00,
        0.00000000e+00, -2.22044605e-16,  0.00000000e+00,  0.00000000e+00,
        0.00000000e+00,  0.00000000e+00,  0.00000000e+00,  0.00000000e+00,
        0.00000000e+00, -2.22044605e-16,  0.00000000e+00,  0.00000000e+00,
       -2.22044605e-16,  0.00000000e+00,  0.00000000e+00,  0.00000000e+00,
        0.00000000e+00,  0.00000000e+00,  0.00000000e+00,  0.00000000e+00,
        0.00000000e+00,  0.00000000e+00, -2.22044605e-16,  0.00000000e+00,
       -2.22044605e-16, -2.22044605e-16,  0.00000000e+00,  0.00000000e+00,
        0.00000000e+00,  0.00000000e+00,  0.00000000e+00, -2.22044605e-16,
        0.00000000e+00])}
         accs  y_pred (s)  y_true (s)
54     [2, 7]   17.388066      19.499
4    [41, 29]   27.542507      26.335
3    [41, 29]   27.542507      27.642
11   [41, 29]   27.542507      18.893
27   [19, 23]   18.798977      65.978
29   [19, 23]   18.798977      45.143
64     [2, 7]   17.388066      30.560
77   [14, 17]   17.835312      12.834
124  [23, 26]   19.872809      45.263
71     [2, 7]   17.388066       9.629
25   [19, 23]   18.798977      19.467
91     [5, 6]   16.719519      14.879
83   [14, 17]   17.835312      24.338
89   [14, 17]   17.835312      11.455
69     [2, 7]   17.388066       9.069
{'mse': 265.6218754494272, 'mae': 11.159374159184491, 'r2-score': -0.08642862478844138, 'max-error': 64.32144700283249, 'explained variance score': 0.06867904074313846, 'layers': ['mbconv7', 'output']}
