environment: line 5: __conda_exe: command not found
Using device: cuda
Using model: efficientnetB7
Number of videos: 64
Execution type : naive
Using 2 features
Job ID : 56
Plotting ?  yes
Calculate accumulators ?  no
The directory contains : 65 videos
Number of videos in the directory : 65
Number of videos in the dataframe : 64
['conv1', 'mbconv1', 'mbconv2', 'mbconv3', 'mbconv4', 'mbconv5', 'mbconv6', 'mbconv7', 'conv2', 'pool', 'output']
{'conv1': {'T_max': 395.51620042324066, 'T_min': 239.28720539808273, 'tau': 100, 'alpha': 50}, 'mbconv1': {'T_max': 1298.5398244857788, 'T_min': 929.1751428842545, 'tau': 100, 'alpha': 50}, 'mbconv2': {'T_max': 1391.3383300304413, 'T_min': 1003.122047662735, 'tau': 100, 'alpha': 50}, 'mbconv3': {'T_max': 776.5638054609299, 'T_min': 488.0033164024353, 'tau': 100, 'alpha': 50}, 'mbconv4': {'T_max': 372.1466582119465, 'T_min': 220.11169669032097, 'tau': 100, 'alpha': 50}, 'mbconv5': {'T_max': 456.8904039859772, 'T_min': 244.3836663365364, 'tau': 100, 'alpha': 50}, 'mbconv6': {'T_max': 290.0942441225052, 'T_min': 148.01406832039356, 'tau': 100, 'alpha': 50}, 'mbconv7': {'T_max': 172.54942694306374, 'T_min': 86.22373071312904, 'tau': 100, 'alpha': 50}, 'conv2': {'T_max': 75.42317940294743, 'T_min': 36.623642422258854, 'tau': 100, 'alpha': 50}, 'pool': {'T_max': 3.77721415925771, 'T_min': 1.8366734338924289, 'tau': 100, 'alpha': 50}, 'output': {'T_max': 11.04102703742683, 'T_min': 5.27929691132158, 'tau': 100, 'alpha': 50}}
Iterating over following combinations of layers :  [['conv1'], ['mbconv1'], ['mbconv2'], ['mbconv3'], ['mbconv4'], ['mbconv5'], ['mbconv6'], ['mbconv7'], ['conv2'], ['pool'], ['output'], ['conv1', 'mbconv1'], ['conv1', 'mbconv2'], ['conv1', 'mbconv3'], ['conv1', 'mbconv4'], ['conv1', 'mbconv5'], ['conv1', 'mbconv6'], ['conv1', 'mbconv7'], ['conv1', 'conv2'], ['conv1', 'pool'], ['conv1', 'output'], ['mbconv1', 'mbconv2'], ['mbconv1', 'mbconv3'], ['mbconv1', 'mbconv4'], ['mbconv1', 'mbconv5'], ['mbconv1', 'mbconv6'], ['mbconv1', 'mbconv7'], ['mbconv1', 'conv2'], ['mbconv1', 'pool'], ['mbconv1', 'output'], ['mbconv2', 'mbconv3'], ['mbconv2', 'mbconv4'], ['mbconv2', 'mbconv5'], ['mbconv2', 'mbconv6'], ['mbconv2', 'mbconv7'], ['mbconv2', 'conv2'], ['mbconv2', 'pool'], ['mbconv2', 'output'], ['mbconv3', 'mbconv4'], ['mbconv3', 'mbconv5'], ['mbconv3', 'mbconv6'], ['mbconv3', 'mbconv7'], ['mbconv3', 'conv2'], ['mbconv3', 'pool'], ['mbconv3', 'output'], ['mbconv4', 'mbconv5'], ['mbconv4', 'mbconv6'], ['mbconv4', 'mbconv7'], ['mbconv4', 'conv2'], ['mbconv4', 'pool'], ['mbconv4', 'output'], ['mbconv5', 'mbconv6'], ['mbconv5', 'mbconv7'], ['mbconv5', 'conv2'], ['mbconv5', 'pool'], ['mbconv5', 'output'], ['mbconv6', 'mbconv7'], ['mbconv6', 'conv2'], ['mbconv6', 'pool'], ['mbconv6', 'output'], ['mbconv7', 'conv2'], ['mbconv7', 'pool'], ['mbconv7', 'output'], ['conv2', 'pool'], ['conv2', 'output'], ['pool', 'output']]
[['mbconv6', 'mbconv7']]
Generating the training set for videos : 
TRAINING SET : contains 962 samples, 37 patients based on 56 videos
TEST SET : contains 127 samples, 37 patients based on 8 videos
Dataset constituted.
--------------------NAIVE IMPLEMENTATION-------------------
Number of folds : 53
Grid search.
The best parameters are : {'C': 1}
Metrics obtained during CV : 
{'r2': array([-5.13235852e-02, -1.73082275e-01, -2.72149681e-02, -9.76901038e-02,
       -5.30267880e-02, -1.53029922e-01, -3.03072124e-03, -1.90231798e-02,
       -7.88755348e-02, -1.62455336e-03, -9.27261820e-02, -5.02325133e-01,
       -4.67004324e-01, -3.50111336e-01, -9.74608106e-02, -3.61462686e-01,
       -3.52272914e-03, -1.39036433e+00, -5.33947074e-02, -1.64542870e-01,
       -1.23232095e-01, -7.22539171e-01, -7.71757718e-02, -3.03444432e-01,
       -2.39052110e-02, -1.08740752e-01, -1.35081678e-05, -3.28769875e-01,
       -3.06249896e-01, -5.05722035e-05, -1.80985654e-01, -2.31111458e-01,
       -4.80620470e-01, -3.48226726e-02, -2.28795218e-01, -3.32297157e-01,
       -1.36082442e-01, -2.13800410e-02, -6.36788635e-03, -2.99882303e-02,
       -2.15018951e-02, -3.64440544e-01, -6.69153419e-01, -1.28278938e-01,
       -2.47093423e-01, -3.75499557e-02, -1.20236772e-01, -2.55009978e-01,
       -2.51556447e-01, -8.82854050e-01, -7.19887520e-02, -1.13736238e-01,
       -4.47842165e-02]), 'neg_mean_absolute_error': array([ -7.38039265, -11.64662385,  -8.7692357 , -10.90435627,
       -10.40414185,  -6.401737  ,  -8.40176068,  -6.15230365,
        -7.19715869,  -7.5423162 ,  -7.76393175, -13.51852927,
       -15.29834812, -14.34661979,  -7.24063653,  -8.64391664,
       -13.3966977 ,  -7.23279687,  -8.60731702,  -9.74690088,
        -9.17311111, -14.17591123,  -8.32421332, -11.00409126,
        -7.97976138,  -9.44442497,  -8.8110369 , -16.1675467 ,
       -10.59306446, -10.25894444, -11.97059854, -11.37425968,
       -12.67450227,  -9.1156793 , -11.66197842, -11.41450224,
        -9.44361111,  -6.79697103,  -5.91088582,  -7.27342124,
        -7.66525522, -12.9044652 , -14.54555531,  -8.86684388,
       -20.44062784,  -7.91851046,  -9.6186108 ,  -6.10516508,
        -9.22682363, -18.78992475,  -8.28724199, -14.0574375 ,
       -10.23477708]), 'neg_mean_squared_error': array([-117.25133504, -223.89736255,  -97.58186175, -193.2223739 ,
       -134.75660059,  -53.21180732, -127.85208292,  -94.63907772,
        -70.3976461 ,  -77.86370344, -101.80087269, -309.83943026,
       -442.94244684, -344.18859953,  -79.99235412, -111.27230303,
       -251.15205771,  -67.33268276, -100.84748514, -215.09714168,
       -162.41918483, -373.54964278, -116.7916204 , -254.89828875,
       -116.53196609, -268.10624916, -139.0047649 , -517.81167447,
       -246.08141504, -146.28607191, -231.6507524 , -228.01118445,
       -321.64970806, -120.13640113, -174.51938554, -252.96082169,
       -186.58826981,  -75.84841086,  -64.28175164, -110.6255587 ,
        -82.28721797, -310.03166385, -408.83709578, -175.16420756,
       -733.99316952, -106.33616798, -147.14141423,  -54.7083217 ,
       -221.11484691, -585.40470872, -127.43272539, -337.5940144 ,
       -243.8470567 ]), 'max_error': array([-36.72104151, -36.66628439, -16.0337888 , -34.53323087,
       -22.05018641, -13.23766633, -29.00590942, -33.80844615,
       -16.28499696, -18.56499738, -24.93656776, -33.4974366 ,
       -63.17037348, -41.1797552 , -20.71412941, -18.43260181,
       -32.21774363, -12.42487603, -24.7491468 , -47.03355395,
       -34.81962953, -47.85480026, -23.94141988, -48.53641066,
       -31.60716189, -48.20467527, -30.12266786, -60.93730676,
       -37.09252671, -27.20795395, -33.90094341, -37.26811237,
       -47.98450511, -24.13357726, -25.48740291, -46.69825503,
       -39.96340686, -24.55176076, -18.98334253, -34.06629113,
       -19.34530076, -51.32656226, -51.40379957, -42.64103164,
       -69.59921684, -25.56467784, -31.89838352, -13.40217053,
       -51.2001431 , -49.87024735, -35.63711376, -41.80202616,
       -51.4308917 ]), 'explained_variance': array([-2.22044605e-16,  0.00000000e+00,  1.11022302e-16,  0.00000000e+00,
        0.00000000e+00,  0.00000000e+00,  0.00000000e+00,  0.00000000e+00,
        0.00000000e+00,  3.33066907e-16,  1.11022302e-16, -2.22044605e-16,
        0.00000000e+00,  0.00000000e+00,  2.22044605e-16,  0.00000000e+00,
        0.00000000e+00,  0.00000000e+00,  0.00000000e+00, -2.22044605e-16,
        0.00000000e+00,  1.11022302e-16, -2.22044605e-16, -2.22044605e-16,
        0.00000000e+00,  0.00000000e+00,  0.00000000e+00,  0.00000000e+00,
        0.00000000e+00, -2.22044605e-16, -2.22044605e-16,  0.00000000e+00,
        1.11022302e-16,  0.00000000e+00,  0.00000000e+00,  4.44089210e-16,
        0.00000000e+00,  0.00000000e+00,  0.00000000e+00,  2.22044605e-16,
        0.00000000e+00,  1.11022302e-16, -2.22044605e-16,  0.00000000e+00,
       -2.22044605e-16, -2.22044605e-16,  0.00000000e+00,  0.00000000e+00,
        0.00000000e+00,  0.00000000e+00,  1.11022302e-16,  0.00000000e+00,
       -2.22044605e-16])}
         accs  y_pred (s)  y_true (s)
54     [7, 2]   16.124080      19.499
4    [42, 41]   22.694111      26.335
3    [42, 41]   22.694111      27.642
11   [42, 41]   22.694111      18.893
27   [24, 19]   19.829308      65.978
29   [24, 19]   19.829308      45.143
64     [7, 2]   16.124080      30.560
77   [15, 14]   15.896270      12.834
124  [24, 23]   20.046163      45.263
71     [7, 2]   16.124080       9.629
25   [24, 19]   19.829308      19.467
91     [4, 5]   15.726231      14.879
83   [15, 14]   15.896270      24.338
89   [15, 14]   15.896270      11.455
69     [7, 2]   16.124080       9.069
{'mse': 276.25350707765733, 'mae': 11.372923361661849, 'r2-score': -0.12991340521012962, 'max-error': 64.42367079086895, 'explained variance score': 0.087469846317354, 'layers': ['mbconv6', 'mbconv7']}
