environment: line 5: __conda_exe: command not found
Using device: cuda
Using model: efficientnetB7
Number of videos: 64
Execution type : naive
Using 2 features
Job ID : 50
Plotting ?  yes
Calculate accumulators ?  no
The directory contains : 65 videos
Number of videos in the directory : 65
Number of videos in the dataframe : 64
['conv1', 'mbconv1', 'mbconv2', 'mbconv3', 'mbconv4', 'mbconv5', 'mbconv6', 'mbconv7', 'conv2', 'pool', 'output']
{'conv1': {'T_max': 395.51620042324066, 'T_min': 239.28720539808273, 'tau': 100, 'alpha': 50}, 'mbconv1': {'T_max': 1298.5398244857788, 'T_min': 929.1751428842545, 'tau': 100, 'alpha': 50}, 'mbconv2': {'T_max': 1391.3383300304413, 'T_min': 1003.122047662735, 'tau': 100, 'alpha': 50}, 'mbconv3': {'T_max': 776.5638054609299, 'T_min': 488.0033164024353, 'tau': 100, 'alpha': 50}, 'mbconv4': {'T_max': 372.1466582119465, 'T_min': 220.11169669032097, 'tau': 100, 'alpha': 50}, 'mbconv5': {'T_max': 456.8904039859772, 'T_min': 244.3836663365364, 'tau': 100, 'alpha': 50}, 'mbconv6': {'T_max': 290.0942441225052, 'T_min': 148.01406832039356, 'tau': 100, 'alpha': 50}, 'mbconv7': {'T_max': 172.54942694306374, 'T_min': 86.22373071312904, 'tau': 100, 'alpha': 50}, 'conv2': {'T_max': 75.42317940294743, 'T_min': 36.623642422258854, 'tau': 100, 'alpha': 50}, 'pool': {'T_max': 3.77721415925771, 'T_min': 1.8366734338924289, 'tau': 100, 'alpha': 50}, 'output': {'T_max': 11.04102703742683, 'T_min': 5.27929691132158, 'tau': 100, 'alpha': 50}}
Iterating over following combinations of layers :  [['conv1'], ['mbconv1'], ['mbconv2'], ['mbconv3'], ['mbconv4'], ['mbconv5'], ['mbconv6'], ['mbconv7'], ['conv2'], ['pool'], ['output'], ['conv1', 'mbconv1'], ['conv1', 'mbconv2'], ['conv1', 'mbconv3'], ['conv1', 'mbconv4'], ['conv1', 'mbconv5'], ['conv1', 'mbconv6'], ['conv1', 'mbconv7'], ['conv1', 'conv2'], ['conv1', 'pool'], ['conv1', 'output'], ['mbconv1', 'mbconv2'], ['mbconv1', 'mbconv3'], ['mbconv1', 'mbconv4'], ['mbconv1', 'mbconv5'], ['mbconv1', 'mbconv6'], ['mbconv1', 'mbconv7'], ['mbconv1', 'conv2'], ['mbconv1', 'pool'], ['mbconv1', 'output'], ['mbconv2', 'mbconv3'], ['mbconv2', 'mbconv4'], ['mbconv2', 'mbconv5'], ['mbconv2', 'mbconv6'], ['mbconv2', 'mbconv7'], ['mbconv2', 'conv2'], ['mbconv2', 'pool'], ['mbconv2', 'output'], ['mbconv3', 'mbconv4'], ['mbconv3', 'mbconv5'], ['mbconv3', 'mbconv6'], ['mbconv3', 'mbconv7'], ['mbconv3', 'conv2'], ['mbconv3', 'pool'], ['mbconv3', 'output'], ['mbconv4', 'mbconv5'], ['mbconv4', 'mbconv6'], ['mbconv4', 'mbconv7'], ['mbconv4', 'conv2'], ['mbconv4', 'pool'], ['mbconv4', 'output'], ['mbconv5', 'mbconv6'], ['mbconv5', 'mbconv7'], ['mbconv5', 'conv2'], ['mbconv5', 'pool'], ['mbconv5', 'output'], ['mbconv6', 'mbconv7'], ['mbconv6', 'conv2'], ['mbconv6', 'pool'], ['mbconv6', 'output'], ['mbconv7', 'conv2'], ['mbconv7', 'pool'], ['mbconv7', 'output'], ['conv2', 'pool'], ['conv2', 'output'], ['pool', 'output']]
[['mbconv4', 'output']]
Generating the training set for videos : 
TRAINING SET : contains 962 samples, 37 patients based on 56 videos
TEST SET : contains 127 samples, 37 patients based on 8 videos
Dataset constituted.
--------------------NAIVE IMPLEMENTATION-------------------
Number of folds : 53
Grid search.
The best parameters are : {'C': 1}
Metrics obtained during CV : 
{'r2': array([-2.67312603e-01, -1.66125961e-01, -5.97733237e-02, -9.64467633e-02,
       -4.03606770e-02, -6.49619651e-02, -5.34909694e-02, -3.57959114e-02,
       -5.25213554e-02, -3.28735870e-03, -1.32798375e-01, -5.46390304e-01,
       -3.91943595e-01, -1.60727200e-01, -2.68621520e-01, -1.86246321e-01,
       -2.18005950e-03, -8.98000902e-01, -3.69606677e-02, -1.97999169e-01,
       -9.85226997e-02, -6.75276149e-01, -2.92459469e-02, -3.41937989e-01,
       -1.05619660e-01, -1.27842334e-01, -1.04582631e-03, -4.99724322e-01,
       -2.34402963e-01, -6.38985750e-03, -2.56617163e-01, -3.98837504e-01,
       -6.02343701e-01, -2.86096730e-03, -4.57115814e-01, -3.19527690e-01,
       -5.45634729e-05, -3.63097978e-02, -3.83860540e-03, -5.25529995e-02,
       -2.12036908e-03, -4.38117711e-01, -7.46028128e-01, -1.36606533e-01,
       -2.98695165e-01, -5.38830529e-02, -1.41511974e-01, -1.53180974e-01,
       -2.65821917e-01, -7.38644325e-01, -7.36753161e-03, -1.57625167e-01,
       -6.73446253e-02]), 'neg_mean_absolute_error': array([ -9.74608265, -11.62819995,  -9.05476728, -10.90574961,
       -10.28171143,  -5.96309204,  -8.01854479,  -6.06954891,
        -7.08731647,  -7.56602398,  -7.85522812, -13.67954873,
       -14.93137648, -13.54495135,  -8.09346237,  -7.9173988 ,
       -13.40724001,  -6.36199487,  -8.64952216,  -9.86568942,
        -9.17311111, -13.99087755,  -8.26245097, -11.10942864,
        -8.92887684,  -9.44781626,  -8.84858644, -17.18576391,
       -10.48122222, -10.25894444, -12.22316158, -12.08024471,
       -13.21716215,  -8.31882996, -12.31324618, -11.34600758,
        -9.79266602,  -6.75452317,  -5.86335216,  -7.33799042,
        -7.26401052, -13.22576534, -14.94300054,  -8.91436891,
       -20.84047986,  -7.94134764,  -9.6384507 ,  -5.79632253,
        -9.30358471, -17.99137831,  -8.17021265, -14.17077252,
       -10.05188684]), 'neg_mean_squared_error': array([-141.3400181 , -222.56966352, -100.67479269, -193.00351321,
       -133.13570919,  -49.14751112, -134.28403729,  -96.19680072,
        -68.67801105,  -77.99296563, -105.53408991, -318.92742823,
       -420.27885785, -295.90824014,  -92.46801422,  -96.951875  ,
       -250.81602721,  -53.46360421,  -99.27416076, -221.27669452,
       -158.84621016, -363.30018934, -111.59488087, -262.42599113,
       -125.83199237, -272.72523098, -139.1482601 , -584.43134316,
       -232.54633635, -147.21337416, -246.48589957, -259.07532098,
       -348.09283944, -116.42584825, -206.94657071, -250.53630639,
       -164.24727977,  -76.95710526,  -64.12019381, -113.04912056,
        -80.72593662, -326.77277793, -427.66654086, -176.45705865,
       -764.36405091, -108.01011047, -149.93588   ,  -50.26939768,
       -223.6351545 , -540.56796099, -119.75087405, -350.89755907,
       -249.11253565]), 'max_error': array([-33.65342864, -36.54959966, -15.25877452, -34.50675732,
       -22.38249755, -14.16369459, -30.99554968, -34.30257071,
       -16.7023974 , -18.41484813, -25.5147781 , -33.93448942,
       -62.17430758, -38.13341513, -18.95455499, -16.89884191,
       -32.01743987, -11.19617295, -24.36930053, -47.56810241,
       -34.37276931, -47.43847449, -22.82944124, -49.0104289 ,
       -29.7895217 , -48.63684635, -29.78472205, -63.57321879,
       -36.14208529, -28.08874323, -35.03747711, -39.32030059,
       -49.20548984, -25.56790607, -27.8444052 , -46.54414205,
       -35.14116859, -24.9337915 , -19.12594353, -34.64741376,
       -20.24810133, -52.20409701, -52.11920098, -42.78360674,
       -70.79877291, -25.95290995, -32.23566189, -14.15221671,
       -51.38656287, -48.4568257 , -33.64761499, -42.84268012,
       -52.16245265]), 'explained_variance': array([ 0.00000000e+00,  0.00000000e+00,  1.11022302e-16,  0.00000000e+00,
        0.00000000e+00,  0.00000000e+00,  0.00000000e+00,  0.00000000e+00,
        0.00000000e+00,  3.33066907e-16,  1.11022302e-16,  0.00000000e+00,
       -2.22044605e-16,  0.00000000e+00,  2.22044605e-16,  0.00000000e+00,
        0.00000000e+00,  0.00000000e+00,  0.00000000e+00, -2.22044605e-16,
        0.00000000e+00, -2.22044605e-16, -2.22044605e-16,  1.11022302e-16,
        0.00000000e+00,  0.00000000e+00,  0.00000000e+00,  1.11022302e-16,
        0.00000000e+00, -2.22044605e-16, -2.22044605e-16,  0.00000000e+00,
        0.00000000e+00,  0.00000000e+00,  0.00000000e+00,  3.33066907e-16,
        0.00000000e+00,  0.00000000e+00,  0.00000000e+00,  2.22044605e-16,
        0.00000000e+00,  0.00000000e+00, -2.22044605e-16,  0.00000000e+00,
       -2.22044605e-16, -2.22044605e-16,  0.00000000e+00,  0.00000000e+00,
        0.00000000e+00,  0.00000000e+00,  0.00000000e+00, -2.22044605e-16,
        0.00000000e+00])}
         accs  y_pred (s)  y_true (s)
54     [9, 7]   15.714917      19.499
4    [43, 29]   24.313369      26.335
3    [43, 29]   24.313369      27.642
11   [43, 29]   24.313369      18.893
27   [26, 23]   20.250534      65.978
29   [26, 23]   20.250534      45.143
64     [9, 7]   15.714917      30.560
77   [14, 17]   16.880129      12.834
124  [23, 26]   19.707771      45.263
71     [9, 7]   15.714917       9.629
25   [26, 23]   20.250534      19.467
91     [2, 6]   15.338182      14.879
83   [14, 17]   16.880129      24.338
89   [14, 17]   16.880129      11.455
69     [9, 7]   15.714917       9.069
{'mse': 273.3891766213359, 'mae': 11.313725241790701, 'r2-score': -0.11819791455885809, 'max-error': 65.18908305517797, 'explained variance score': 0.08879843621174133, 'layers': ['mbconv4', 'output']}
