environment: line 5: __conda_exe: command not found
Using device: cuda
Using model: efficientnetB7
Number of videos: 64
Execution type : naive
Using 2 features
Job ID : 42
Plotting ?  yes
Calculate accumulators ?  no
The directory contains : 65 videos
Number of videos in the directory : 65
Number of videos in the dataframe : 64
['conv1', 'mbconv1', 'mbconv2', 'mbconv3', 'mbconv4', 'mbconv5', 'mbconv6', 'mbconv7', 'conv2', 'pool', 'output']
{'conv1': {'T_max': 395.51620042324066, 'T_min': 239.28720539808273, 'tau': 100, 'alpha': 50}, 'mbconv1': {'T_max': 1298.5398244857788, 'T_min': 929.1751428842545, 'tau': 100, 'alpha': 50}, 'mbconv2': {'T_max': 1391.3383300304413, 'T_min': 1003.122047662735, 'tau': 100, 'alpha': 50}, 'mbconv3': {'T_max': 776.5638054609299, 'T_min': 488.0033164024353, 'tau': 100, 'alpha': 50}, 'mbconv4': {'T_max': 372.1466582119465, 'T_min': 220.11169669032097, 'tau': 100, 'alpha': 50}, 'mbconv5': {'T_max': 456.8904039859772, 'T_min': 244.3836663365364, 'tau': 100, 'alpha': 50}, 'mbconv6': {'T_max': 290.0942441225052, 'T_min': 148.01406832039356, 'tau': 100, 'alpha': 50}, 'mbconv7': {'T_max': 172.54942694306374, 'T_min': 86.22373071312904, 'tau': 100, 'alpha': 50}, 'conv2': {'T_max': 75.42317940294743, 'T_min': 36.623642422258854, 'tau': 100, 'alpha': 50}, 'pool': {'T_max': 3.77721415925771, 'T_min': 1.8366734338924289, 'tau': 100, 'alpha': 50}, 'output': {'T_max': 11.04102703742683, 'T_min': 5.27929691132158, 'tau': 100, 'alpha': 50}}
Iterating over following combinations of layers :  [['conv1'], ['mbconv1'], ['mbconv2'], ['mbconv3'], ['mbconv4'], ['mbconv5'], ['mbconv6'], ['mbconv7'], ['conv2'], ['pool'], ['output'], ['conv1', 'mbconv1'], ['conv1', 'mbconv2'], ['conv1', 'mbconv3'], ['conv1', 'mbconv4'], ['conv1', 'mbconv5'], ['conv1', 'mbconv6'], ['conv1', 'mbconv7'], ['conv1', 'conv2'], ['conv1', 'pool'], ['conv1', 'output'], ['mbconv1', 'mbconv2'], ['mbconv1', 'mbconv3'], ['mbconv1', 'mbconv4'], ['mbconv1', 'mbconv5'], ['mbconv1', 'mbconv6'], ['mbconv1', 'mbconv7'], ['mbconv1', 'conv2'], ['mbconv1', 'pool'], ['mbconv1', 'output'], ['mbconv2', 'mbconv3'], ['mbconv2', 'mbconv4'], ['mbconv2', 'mbconv5'], ['mbconv2', 'mbconv6'], ['mbconv2', 'mbconv7'], ['mbconv2', 'conv2'], ['mbconv2', 'pool'], ['mbconv2', 'output'], ['mbconv3', 'mbconv4'], ['mbconv3', 'mbconv5'], ['mbconv3', 'mbconv6'], ['mbconv3', 'mbconv7'], ['mbconv3', 'conv2'], ['mbconv3', 'pool'], ['mbconv3', 'output'], ['mbconv4', 'mbconv5'], ['mbconv4', 'mbconv6'], ['mbconv4', 'mbconv7'], ['mbconv4', 'conv2'], ['mbconv4', 'pool'], ['mbconv4', 'output'], ['mbconv5', 'mbconv6'], ['mbconv5', 'mbconv7'], ['mbconv5', 'conv2'], ['mbconv5', 'pool'], ['mbconv5', 'output'], ['mbconv6', 'mbconv7'], ['mbconv6', 'conv2'], ['mbconv6', 'pool'], ['mbconv6', 'output'], ['mbconv7', 'conv2'], ['mbconv7', 'pool'], ['mbconv7', 'output'], ['conv2', 'pool'], ['conv2', 'output'], ['pool', 'output']]
[['mbconv3', 'conv2']]
Generating the training set for videos : 
TRAINING SET : contains 962 samples, 37 patients based on 56 videos
TEST SET : contains 127 samples, 37 patients based on 8 videos
Dataset constituted.
--------------------NAIVE IMPLEMENTATION-------------------
Number of folds : 53
Grid search.
The best parameters are : {'C': 10.0}
Metrics obtained during CV : 
{'r2': array([-3.41632218e-01, -1.76920238e-01, -3.21377467e-02, -1.34757422e-01,
       -2.07346703e-02, -6.87403745e-02, -2.17404137e-02, -5.31724487e-02,
       -8.78730092e-02, -1.14206761e-03, -8.00809989e-02, -6.42389529e-01,
       -5.35415560e-01, -3.24725493e-01, -1.78936773e-01, -1.25430979e-01,
       -2.75846147e-03, -1.66052830e+00, -2.86096124e-03, -1.16685383e-01,
       -7.06167258e-02, -9.57915178e-01, -4.90467119e-02, -1.44124975e-01,
       -8.07276157e-02, -1.02883096e-01, -2.40253926e-03, -3.99863302e-01,
       -3.19469127e-01, -1.33608701e-03, -2.70647861e-01, -3.51915174e-01,
       -5.48367243e-01, -1.21177723e-01, -4.29956519e-01, -1.78027375e-03,
       -7.99965043e-02, -3.69533336e-04, -5.33300299e-03, -1.96561025e-02,
       -3.06261431e-03, -6.17544565e-01, -6.28117794e-01, -1.69518302e-01,
       -3.58253856e-01, -9.24012220e-03, -1.62585138e-01, -3.90104602e-02,
       -2.17611652e-01, -9.40710357e-01, -2.95562221e-02, -1.26735926e-02,
       -9.98444746e-02]), 'neg_mean_absolute_error': array([-10.3086066 , -11.65663041,  -8.82058657, -10.86627225,
       -10.04454963,  -5.9866068 ,  -8.1679924 ,  -6.08355161,
        -7.23029031,  -7.53325163,  -7.73112915, -14.16234609,
       -15.61461588, -14.25478993,  -7.64142658,  -7.64044934,
       -13.40238583,  -7.69151349,  -8.91668096,  -9.57268031,
        -9.17311111, -15.29923161,  -9.26505155, -10.68578211,
        -8.6866739 ,  -9.45998334,  -8.87043251, -16.55553482,
       -10.64713127, -10.25894444, -12.26568912, -11.88452768,
       -12.98402419, -10.08239289, -12.23223672, -10.64541399,
        -9.44361111,  -7.02281855,  -5.8928458 ,  -7.23545482,
        -7.301082  , -14.12977092, -14.32402176,  -9.08931746,
       -21.26109717,  -7.86035765,  -9.65667846,  -5.50189778,
        -9.03490747, -19.13561997,  -8.22542337, -15.43857812,
        -9.8361974 ]), 'neg_mean_squared_error': array([-149.62868802, -224.62988575,  -98.04950866, -199.7471983 ,
       -130.62415491,  -49.32188299, -130.23692827,  -97.81060058,
        -70.9847398 ,  -77.82619625, -100.62281848, -338.72630158,
       -463.59830969, -337.71689797,  -85.93102091,  -91.98143896,
       -250.96078412,  -74.94276306,  -96.00960131, -206.25761431,
       -154.8110107 , -424.59325613, -113.74175745, -223.74217965,
       -122.9989969 , -266.68980062, -139.33684712, -545.51625085,
       -248.57175544, -146.47411531, -249.23802611, -250.38494945,
       -336.36700393, -130.16167914, -203.0892775 , -190.20618623,
       -177.37680971,  -74.28815557,  -64.21564846, -109.51583979,
        -80.80183931, -367.54260561, -398.78596105, -181.56657869,
       -799.41809865, -103.43475663, -152.70380836,  -45.29248332,
       -215.11775577, -603.39301463, -122.38855592, -306.96006087,
       -256.69782691]), 'max_error': array([-32.94089831, -36.72965926, -15.89440789, -35.2568272 ,
       -23.02622242, -14.11405232, -30.04904814, -34.70148058,
       -16.15909682, -18.62240637, -24.72881798, -34.82932507,
       -64.01041129, -40.83080174, -19.76798832, -16.19910748,
       -32.10966932, -13.00591709, -21.96487134, -46.16312279,
       -33.79382508, -49.75018074, -18.74267868, -46.14203895,
       -30.22548697, -48.06464993, -29.58810737, -62.10127112,
       -37.25472714, -26.67985731, -35.22885106, -38.79891637,
       -48.68092942, -22.3934928 , -27.60137683, -38.1737741 ,
       -38.86053902, -23.12606653, -19.0374626 , -33.72459337,
       -20.1646905 , -54.07228765, -51.00503916, -43.30845238,
       -72.06062485, -24.57608012, -32.54553387, -15.43224592,
       -50.73406101, -50.40450358, -34.58619732, -33.97043753,
       -53.02521041]), 'explained_variance': array([-4.44089210e-16,  1.11022302e-16,  1.11022302e-16,  0.00000000e+00,
        0.00000000e+00,  0.00000000e+00,  0.00000000e+00,  0.00000000e+00,
        0.00000000e+00,  3.33066907e-16,  1.11022302e-16,  1.11022302e-16,
        0.00000000e+00,  0.00000000e+00,  2.22044605e-16,  0.00000000e+00,
        0.00000000e+00,  0.00000000e+00,  0.00000000e+00,  0.00000000e+00,
        2.22044605e-16, -2.22044605e-16, -2.22044605e-16, -2.22044605e-16,
        0.00000000e+00,  0.00000000e+00,  0.00000000e+00,  0.00000000e+00,
        1.11022302e-16, -2.22044605e-16, -2.22044605e-16,  0.00000000e+00,
        2.22044605e-16,  0.00000000e+00,  0.00000000e+00,  3.33066907e-16,
       -4.44089210e-16,  0.00000000e+00,  0.00000000e+00,  0.00000000e+00,
        0.00000000e+00,  0.00000000e+00,  0.00000000e+00,  0.00000000e+00,
        0.00000000e+00, -2.22044605e-16,  0.00000000e+00,  0.00000000e+00,
       -2.22044605e-16, -4.44089210e-16, -2.22044605e-16, -2.22044605e-16,
       -2.22044605e-16])}
         accs  y_pred (s)  y_true (s)
54    [11, 4]   16.279371      19.499
4    [46, 35]   22.923332      26.335
3    [46, 35]   22.923332      27.642
11   [46, 35]   22.923332      18.893
27   [28, 20]   22.489323      65.978
29   [28, 20]   22.489323      45.143
64    [11, 4]   16.279371      30.560
77   [15, 15]   15.426859      12.834
124  [24, 23]   17.487014      45.263
71    [11, 4]   16.279371       9.629
25   [28, 20]   22.489323      19.467
91     [3, 4]   15.716946      14.879
83   [15, 15]   15.426859      24.338
89   [15, 15]   15.426859      11.455
69    [11, 4]   16.279371       9.069
{'mse': 275.6858669040436, 'mae': 11.444308925797788, 'r2-score': -0.1275916817746996, 'max-error': 64.44717100532391, 'explained variance score': 0.08889495769372124, 'layers': ['mbconv3', 'conv2']}
