environment: line 5: __conda_exe: command not found
Using device: cuda
Using model: efficientnetB7
Number of videos: 64
Execution type : naive
Using 2 features
Job ID : 61
Plotting ?  yes
Calculate accumulators ?  no
The directory contains : 65 videos
Number of videos in the directory : 65
Number of videos in the dataframe : 64
['conv1', 'mbconv1', 'mbconv2', 'mbconv3', 'mbconv4', 'mbconv5', 'mbconv6', 'mbconv7', 'conv2', 'pool', 'output']
{'conv1': {'T_max': 395.51620042324066, 'T_min': 239.28720539808273, 'tau': 100, 'alpha': 50}, 'mbconv1': {'T_max': 1298.5398244857788, 'T_min': 929.1751428842545, 'tau': 100, 'alpha': 50}, 'mbconv2': {'T_max': 1391.3383300304413, 'T_min': 1003.122047662735, 'tau': 100, 'alpha': 50}, 'mbconv3': {'T_max': 776.5638054609299, 'T_min': 488.0033164024353, 'tau': 100, 'alpha': 50}, 'mbconv4': {'T_max': 372.1466582119465, 'T_min': 220.11169669032097, 'tau': 100, 'alpha': 50}, 'mbconv5': {'T_max': 456.8904039859772, 'T_min': 244.3836663365364, 'tau': 100, 'alpha': 50}, 'mbconv6': {'T_max': 290.0942441225052, 'T_min': 148.01406832039356, 'tau': 100, 'alpha': 50}, 'mbconv7': {'T_max': 172.54942694306374, 'T_min': 86.22373071312904, 'tau': 100, 'alpha': 50}, 'conv2': {'T_max': 75.42317940294743, 'T_min': 36.623642422258854, 'tau': 100, 'alpha': 50}, 'pool': {'T_max': 3.77721415925771, 'T_min': 1.8366734338924289, 'tau': 100, 'alpha': 50}, 'output': {'T_max': 11.04102703742683, 'T_min': 5.27929691132158, 'tau': 100, 'alpha': 50}}
Iterating over following combinations of layers :  [['conv1'], ['mbconv1'], ['mbconv2'], ['mbconv3'], ['mbconv4'], ['mbconv5'], ['mbconv6'], ['mbconv7'], ['conv2'], ['pool'], ['output'], ['conv1', 'mbconv1'], ['conv1', 'mbconv2'], ['conv1', 'mbconv3'], ['conv1', 'mbconv4'], ['conv1', 'mbconv5'], ['conv1', 'mbconv6'], ['conv1', 'mbconv7'], ['conv1', 'conv2'], ['conv1', 'pool'], ['conv1', 'output'], ['mbconv1', 'mbconv2'], ['mbconv1', 'mbconv3'], ['mbconv1', 'mbconv4'], ['mbconv1', 'mbconv5'], ['mbconv1', 'mbconv6'], ['mbconv1', 'mbconv7'], ['mbconv1', 'conv2'], ['mbconv1', 'pool'], ['mbconv1', 'output'], ['mbconv2', 'mbconv3'], ['mbconv2', 'mbconv4'], ['mbconv2', 'mbconv5'], ['mbconv2', 'mbconv6'], ['mbconv2', 'mbconv7'], ['mbconv2', 'conv2'], ['mbconv2', 'pool'], ['mbconv2', 'output'], ['mbconv3', 'mbconv4'], ['mbconv3', 'mbconv5'], ['mbconv3', 'mbconv6'], ['mbconv3', 'mbconv7'], ['mbconv3', 'conv2'], ['mbconv3', 'pool'], ['mbconv3', 'output'], ['mbconv4', 'mbconv5'], ['mbconv4', 'mbconv6'], ['mbconv4', 'mbconv7'], ['mbconv4', 'conv2'], ['mbconv4', 'pool'], ['mbconv4', 'output'], ['mbconv5', 'mbconv6'], ['mbconv5', 'mbconv7'], ['mbconv5', 'conv2'], ['mbconv5', 'pool'], ['mbconv5', 'output'], ['mbconv6', 'mbconv7'], ['mbconv6', 'conv2'], ['mbconv6', 'pool'], ['mbconv6', 'output'], ['mbconv7', 'conv2'], ['mbconv7', 'pool'], ['mbconv7', 'output'], ['conv2', 'pool'], ['conv2', 'output'], ['pool', 'output']]
[['mbconv7', 'pool']]
Generating the training set for videos : 
TRAINING SET : contains 962 samples, 37 patients based on 56 videos
TEST SET : contains 127 samples, 37 patients based on 8 videos
Dataset constituted.
--------------------NAIVE IMPLEMENTATION-------------------
Number of folds : 53
Grid search.
The best parameters are : {'C': 1}
Metrics obtained during CV : 
{'r2': array([-0.14981752, -0.13274761, -0.17620082, -0.02803854, -0.04659827,
       -0.09552665, -0.03842426, -0.02275167, -0.00642302, -0.01597104,
       -0.08894778, -0.45766703, -0.376434  , -0.28269448, -0.21139258,
       -0.09000442, -0.01635757, -1.00229164, -0.06420251, -0.15938812,
       -0.07064081, -0.62724215, -0.11946503, -0.46743323, -0.05041276,
       -0.12052331, -0.00900574, -0.64793414, -0.23292743, -0.00872117,
       -0.21443923, -0.56649343, -0.53884701, -0.03781013, -0.20821976,
       -0.18061088, -0.00409383, -0.00882443, -0.02091909, -0.02710135,
       -0.00744019, -0.40131645, -0.61156112, -0.14527917, -0.42349556,
       -0.03824038, -0.1232188 , -0.17021404, -0.19102926, -0.76755143,
       -0.00140032, -0.44802629, -0.06351594]), 'neg_mean_absolute_error': array([ -8.66255866, -11.53387767,  -9.83790772, -11.00568292,
       -10.34408847,  -6.13749416,  -8.08140091,  -6.11955801,
        -6.77051428,  -7.66213881,  -7.75437836, -13.34796039,
       -14.85127829, -14.09446519,  -7.79010803,  -7.5583981 ,
       -13.33962592,  -6.52643362,  -8.5830633 ,  -9.72755861,
        -9.17311111, -13.79606239,  -8.40269237, -11.6394288 ,
        -8.33344741,  -9.43438889,  -8.68190562, -18.04585654,
       -10.48122222, -10.25894444, -12.08778224, -12.8378103 ,
       -12.94173137,  -9.1626086 , -11.60367739, -10.68506952,
        -9.53954194,  -6.84702963,  -6.08361101,  -7.26358013,
        -7.42440444, -13.05423099, -14.2325962 ,  -8.96234712,
       -21.68340669,  -7.91956651,  -9.6214919 ,  -5.85392141,
        -8.87389073, -18.14686107,  -8.13916256, -14.96355479,
       -10.08047339]), 'neg_mean_squared_error': array([-128.23610285, -216.19899028, -111.73500129, -180.96186456,
       -133.93393902,  -50.55805746, -132.36354802,  -94.98535091,
        -65.67005151,  -78.97896249, -101.44886838, -300.62914653,
       -415.59594148, -327.00178523,  -88.29667851,  -89.08602774,
       -254.36423902,  -56.40130488, -101.88217782, -214.14503188,
       -154.81449365, -352.8835427 , -121.37678716, -286.96752279,
       -119.54882422, -270.95540642, -140.25471115, -642.18759838,
       -232.26836477, -147.55439567, -238.21268374, -290.12647126,
       -334.29882935, -120.48322612, -171.59716089, -224.1604253 ,
       -164.91068216,  -74.91602196,  -65.21120971, -110.31549397,
        -81.1544752 , -318.41070022, -394.73062312, -177.80347653,
       -837.81695798, -106.40692781, -147.53309901,  -51.0119019 ,
       -210.42139472, -549.55556917, -119.04152129, -438.92350073,
       -248.21894176]), 'max_error': array([-35.02589236, -35.95222526, -16.39658297, -32.6080246 ,
       -22.21318843, -13.79551232, -30.5974609 , -33.93287955,
       -17.90624573, -17.80612086, -24.87606293, -33.03446392,
       -61.95689823, -40.2215677 , -19.45410528, -15.70952131,
       -33.3021076 , -11.48020353, -24.96743029, -46.94651374,
       -33.79437001, -47.00014038, -24.64773132, -50.39397184,
       -30.86129467, -48.47534426, -31.28484938, -65.50842721,
       -36.12113705, -28.25142282, -34.42827009, -40.96865854,
       -48.58577059, -24.04910452, -25.22504824, -44.61112572,
       -36.05581126, -24.10123331, -18.46516698, -33.9777212 ,
       -19.88721502, -51.77585963, -50.84047316, -42.92754137,
       -73.3275534 , -25.58263069, -31.94736224, -14.01233371,
       -50.34302035, -48.75051536, -33.11976347, -47.58397944,
       -52.04810642]), 'explained_variance': array([-2.22044605e-16,  1.11022302e-16,  1.11022302e-16,  3.33066907e-16,
        0.00000000e+00,  0.00000000e+00,  0.00000000e+00,  0.00000000e+00,
        0.00000000e+00,  3.33066907e-16,  1.11022302e-16,  0.00000000e+00,
        0.00000000e+00,  0.00000000e+00,  2.22044605e-16,  0.00000000e+00,
        0.00000000e+00,  0.00000000e+00,  0.00000000e+00, -2.22044605e-16,
        0.00000000e+00, -2.22044605e-16,  0.00000000e+00,  0.00000000e+00,
        0.00000000e+00,  0.00000000e+00,  0.00000000e+00,  1.11022302e-16,
        0.00000000e+00, -2.22044605e-16, -2.22044605e-16,  0.00000000e+00,
        0.00000000e+00,  0.00000000e+00,  0.00000000e+00,  0.00000000e+00,
       -2.22044605e-16,  0.00000000e+00,  0.00000000e+00,  2.22044605e-16,
        0.00000000e+00,  0.00000000e+00,  0.00000000e+00,  0.00000000e+00,
       -2.22044605e-16, -2.22044605e-16,  0.00000000e+00,  0.00000000e+00,
        0.00000000e+00,  0.00000000e+00,  0.00000000e+00, -2.22044605e-16,
       -2.22044605e-16])}
         accs  y_pred (s)  y_true (s)
54     [2, 6]   16.226667      19.499
4    [41, 30]   23.237792      26.335
3    [41, 30]   23.237792      27.642
11   [41, 30]   23.237792      18.893
27   [19, 23]   18.150255      65.978
29   [19, 23]   18.150255      45.143
64     [2, 6]   16.226667      30.560
77   [14, 16]   16.929000      12.834
124  [23, 26]   19.755291      45.263
71     [2, 6]   16.226667       9.629
25   [19, 23]   18.150255      19.467
91     [5, 5]   15.950645      14.879
83   [14, 16]   16.929000      24.338
89   [14, 16]   16.929000      11.455
69     [2, 6]   16.226667       9.069
{'mse': 280.7642636706216, 'mae': 11.456029164770056, 'r2-score': -0.14836299665947017, 'max-error': 64.42564910827927, 'explained variance score': 0.06990264821778125, 'layers': ['mbconv7', 'pool']}
