environment: line 5: __conda_exe: command not found
Using device: cuda
Using model: efficientnetB7
Number of videos: 64
Execution type : naive
Using 2 features
Job ID : 55
Plotting ?  yes
Calculate accumulators ?  no
The directory contains : 65 videos
Number of videos in the directory : 65
Number of videos in the dataframe : 64
['conv1', 'mbconv1', 'mbconv2', 'mbconv3', 'mbconv4', 'mbconv5', 'mbconv6', 'mbconv7', 'conv2', 'pool', 'output']
{'conv1': {'T_max': 395.51620042324066, 'T_min': 239.28720539808273, 'tau': 100, 'alpha': 50}, 'mbconv1': {'T_max': 1298.5398244857788, 'T_min': 929.1751428842545, 'tau': 100, 'alpha': 50}, 'mbconv2': {'T_max': 1391.3383300304413, 'T_min': 1003.122047662735, 'tau': 100, 'alpha': 50}, 'mbconv3': {'T_max': 776.5638054609299, 'T_min': 488.0033164024353, 'tau': 100, 'alpha': 50}, 'mbconv4': {'T_max': 372.1466582119465, 'T_min': 220.11169669032097, 'tau': 100, 'alpha': 50}, 'mbconv5': {'T_max': 456.8904039859772, 'T_min': 244.3836663365364, 'tau': 100, 'alpha': 50}, 'mbconv6': {'T_max': 290.0942441225052, 'T_min': 148.01406832039356, 'tau': 100, 'alpha': 50}, 'mbconv7': {'T_max': 172.54942694306374, 'T_min': 86.22373071312904, 'tau': 100, 'alpha': 50}, 'conv2': {'T_max': 75.42317940294743, 'T_min': 36.623642422258854, 'tau': 100, 'alpha': 50}, 'pool': {'T_max': 3.77721415925771, 'T_min': 1.8366734338924289, 'tau': 100, 'alpha': 50}, 'output': {'T_max': 11.04102703742683, 'T_min': 5.27929691132158, 'tau': 100, 'alpha': 50}}
Iterating over following combinations of layers :  [['conv1'], ['mbconv1'], ['mbconv2'], ['mbconv3'], ['mbconv4'], ['mbconv5'], ['mbconv6'], ['mbconv7'], ['conv2'], ['pool'], ['output'], ['conv1', 'mbconv1'], ['conv1', 'mbconv2'], ['conv1', 'mbconv3'], ['conv1', 'mbconv4'], ['conv1', 'mbconv5'], ['conv1', 'mbconv6'], ['conv1', 'mbconv7'], ['conv1', 'conv2'], ['conv1', 'pool'], ['conv1', 'output'], ['mbconv1', 'mbconv2'], ['mbconv1', 'mbconv3'], ['mbconv1', 'mbconv4'], ['mbconv1', 'mbconv5'], ['mbconv1', 'mbconv6'], ['mbconv1', 'mbconv7'], ['mbconv1', 'conv2'], ['mbconv1', 'pool'], ['mbconv1', 'output'], ['mbconv2', 'mbconv3'], ['mbconv2', 'mbconv4'], ['mbconv2', 'mbconv5'], ['mbconv2', 'mbconv6'], ['mbconv2', 'mbconv7'], ['mbconv2', 'conv2'], ['mbconv2', 'pool'], ['mbconv2', 'output'], ['mbconv3', 'mbconv4'], ['mbconv3', 'mbconv5'], ['mbconv3', 'mbconv6'], ['mbconv3', 'mbconv7'], ['mbconv3', 'conv2'], ['mbconv3', 'pool'], ['mbconv3', 'output'], ['mbconv4', 'mbconv5'], ['mbconv4', 'mbconv6'], ['mbconv4', 'mbconv7'], ['mbconv4', 'conv2'], ['mbconv4', 'pool'], ['mbconv4', 'output'], ['mbconv5', 'mbconv6'], ['mbconv5', 'mbconv7'], ['mbconv5', 'conv2'], ['mbconv5', 'pool'], ['mbconv5', 'output'], ['mbconv6', 'mbconv7'], ['mbconv6', 'conv2'], ['mbconv6', 'pool'], ['mbconv6', 'output'], ['mbconv7', 'conv2'], ['mbconv7', 'pool'], ['mbconv7', 'output'], ['conv2', 'pool'], ['conv2', 'output'], ['pool', 'output']]
[['mbconv5', 'output']]
Generating the training set for videos : 
TRAINING SET : contains 962 samples, 37 patients based on 56 videos
TEST SET : contains 127 samples, 37 patients based on 8 videos
Dataset constituted.
--------------------NAIVE IMPLEMENTATION-------------------
Number of folds : 53
Grid search.
The best parameters are : {'C': 1}
Metrics obtained during CV : 
{'r2': array([-0.27160789, -0.18093049, -0.06416469, -0.10344358, -0.03893517,
       -0.07190572, -0.05246977, -0.03252795, -0.03807062, -0.00170654,
       -0.1342584 , -0.5936013 , -0.4314185 , -0.18003403, -0.18839441,
       -0.29376233, -0.00223036, -0.79719314, -0.01208476, -0.20091905,
       -0.09449042, -0.68471438, -0.04884509, -0.31776403, -0.0745242 ,
       -0.12424555, -0.00220488, -0.4175447 , -0.2271681 , -0.0025623 ,
       -0.21410842, -0.38453674, -0.58613314, -0.00322642, -0.41890948,
       -0.29297749, -0.01308358, -0.03622206, -0.00102576, -0.05314735,
       -0.0030525 , -0.43319245, -0.75997358, -0.13450162, -0.28384456,
       -0.0484269 , -0.13357987, -0.16778439, -0.2788747 , -0.81585664,
       -0.0103914 , -0.14272802, -0.06501081]), 'neg_mean_absolute_error': array([ -9.7805769 , -11.66697088,  -9.08644461, -10.89802119,
       -10.26679215,  -6.00581302,  -8.02249931,  -6.07403419,
        -7.01491712,  -7.54371467,  -7.85827274, -13.90429686,
       -15.12836365, -13.64325629,  -7.68605316,  -8.39032079,
       -13.40679408,  -6.19369589,  -8.73901834,  -9.87556219,
        -9.17311111, -14.02833322,  -8.25850233, -11.0440168 ,
        -8.62067987,  -9.43906379,  -8.86773445, -16.65289997,
       -10.48122222, -10.25894444, -12.08667011, -12.01113729,
       -13.14828345,  -8.33866478, -12.198556  , -11.20089701,
        -9.44361111,  -6.75474373,  -5.81007972,  -7.33947895,
        -7.30071717, -13.20076922, -15.01286626,  -8.90249637,
       -20.72921013,  -7.93416219,  -9.63124057,  -5.84588752,
        -9.37203494, -18.40028434,  -8.18054089, -14.1289296 ,
       -10.0692122 ]), 'neg_mean_squared_error': array([-141.81906016, -225.39529238, -101.09195693, -194.2351367 ,
       -132.95328543,  -49.46796214, -134.15386873,  -95.89329759,
        -67.73508676,  -77.87007692, -105.67010936, -328.66421964,
       -432.19778034, -300.83019901,  -86.6203749 , -105.73915544,
       -250.82861558,  -50.6240132 ,  -96.89264787, -221.81601239,
       -158.2631432 , -365.34696386, -113.71989647, -257.69859396,
       -122.29297783, -271.85548674, -139.30937132, -552.40656127,
       -231.18337726, -146.65348474, -238.14779393, -256.42671047,
       -344.57126069, -116.468275  , -201.52032368, -245.49526827,
       -166.38714403,  -76.95058987,  -63.94052344, -113.11295644,
        -80.80102454, -325.6536481 , -431.0822957 , -176.13027336,
       -755.6235307 , -107.45092141, -148.8940105 ,  -50.9059888 ,
       -225.94121501, -564.57431117, -120.11033607, -346.3819581 ,
       -248.56783654]), 'max_error': array([-33.60973593, -36.79514893, -15.1727932 , -34.65359746,
       -22.42299274, -14.07350584, -30.97050435, -34.21735041,
       -16.97751493, -18.55614039, -25.53406071, -34.38360367,
       -62.70898704, -38.50697389, -19.67377666, -17.89723278,
       -32.02591248, -10.90547471, -23.56383493, -47.61252984,
       -34.29472346, -47.52274975, -23.35002095, -48.7160756 ,
       -30.34427623, -48.55807411, -29.61238994, -62.37427494,
       -36.03872931, -27.7341621 , -34.42326551, -39.16480891,
       -49.05051277, -25.53220339, -27.50033465, -46.21352435,
       -36.70172067, -24.9318064 , -19.36514127, -34.66081058,
       -20.16551136, -52.14785574, -52.24495926, -42.7479891 ,
       -70.46496372, -25.83075719, -32.11308966, -14.0318446 ,
       -51.55279915, -49.22920375, -33.82319521, -42.5079368 ,
       -52.09315122]), 'explained_variance': array([-2.22044605e-16,  1.11022302e-16,  1.11022302e-16,  3.33066907e-16,
        0.00000000e+00,  0.00000000e+00,  0.00000000e+00,  0.00000000e+00,
        0.00000000e+00,  3.33066907e-16,  1.11022302e-16,  0.00000000e+00,
       -2.22044605e-16,  0.00000000e+00,  2.22044605e-16,  0.00000000e+00,
        0.00000000e+00,  0.00000000e+00,  0.00000000e+00, -2.22044605e-16,
        2.22044605e-16, -2.22044605e-16, -2.22044605e-16, -2.22044605e-16,
        0.00000000e+00,  0.00000000e+00,  0.00000000e+00,  0.00000000e+00,
        0.00000000e+00, -2.22044605e-16,  0.00000000e+00,  0.00000000e+00,
        0.00000000e+00,  0.00000000e+00,  0.00000000e+00,  3.33066907e-16,
       -2.22044605e-16,  0.00000000e+00,  0.00000000e+00,  2.22044605e-16,
        0.00000000e+00,  0.00000000e+00,  0.00000000e+00,  0.00000000e+00,
       -2.22044605e-16, -2.22044605e-16,  0.00000000e+00,  0.00000000e+00,
       -2.22044605e-16, -2.22044605e-16,  0.00000000e+00, -2.22044605e-16,
        0.00000000e+00])}
         accs  y_pred (s)  y_true (s)
54     [9, 7]   15.567207      19.499
4    [42, 29]   24.246293      26.335
3    [42, 29]   24.246293      27.642
11   [42, 29]   24.246293      18.893
27   [25, 23]   19.908599      65.978
29   [25, 23]   19.908599      45.143
64     [9, 7]   15.567207      30.560
77   [14, 17]   16.847768      12.834
124  [24, 26]   19.908207      45.263
71     [9, 7]   15.567207       9.629
25   [25, 23]   19.908599      19.467
91     [5, 6]   15.348727      14.879
83   [14, 17]   16.847768      24.338
89   [14, 17]   16.847768      11.455
69     [9, 7]   15.567207       9.069
{'mse': 274.563751434555, 'mae': 11.31957425438601, 'r2-score': -0.12300208099612031, 'max-error': 65.3486373204359, 'explained variance score': 0.08855206394888615, 'layers': ['mbconv5', 'output']}
