environment: line 5: __conda_exe: command not found
Using device: cuda
Using model: efficientnetB7
Number of videos: 64
Execution type : naive
Using 2 features
Job ID : 2
Plotting ?  yes
Calculate accumulators ?  no
The directory contains : 65 videos
Number of videos in the directory : 65
Number of videos in the dataframe : 64
['conv1', 'mbconv1', 'mbconv2', 'mbconv3', 'mbconv4', 'mbconv5', 'mbconv6', 'mbconv7', 'conv2', 'pool', 'output']
{'conv1': {'T_max': 395.51620042324066, 'T_min': 239.28720539808273, 'tau': 100, 'alpha': 50}, 'mbconv1': {'T_max': 1298.5398244857788, 'T_min': 929.1751428842545, 'tau': 100, 'alpha': 50}, 'mbconv2': {'T_max': 1391.3383300304413, 'T_min': 1003.122047662735, 'tau': 100, 'alpha': 50}, 'mbconv3': {'T_max': 776.5638054609299, 'T_min': 488.0033164024353, 'tau': 100, 'alpha': 50}, 'mbconv4': {'T_max': 372.1466582119465, 'T_min': 220.11169669032097, 'tau': 100, 'alpha': 50}, 'mbconv5': {'T_max': 456.8904039859772, 'T_min': 244.3836663365364, 'tau': 100, 'alpha': 50}, 'mbconv6': {'T_max': 290.0942441225052, 'T_min': 148.01406832039356, 'tau': 100, 'alpha': 50}, 'mbconv7': {'T_max': 172.54942694306374, 'T_min': 86.22373071312904, 'tau': 100, 'alpha': 50}, 'conv2': {'T_max': 75.42317940294743, 'T_min': 36.623642422258854, 'tau': 100, 'alpha': 50}, 'pool': {'T_max': 3.77721415925771, 'T_min': 1.8366734338924289, 'tau': 100, 'alpha': 50}, 'output': {'T_max': 11.04102703742683, 'T_min': 5.27929691132158, 'tau': 100, 'alpha': 50}}
Iterating over following combinations of layers :  [['conv1'], ['mbconv1'], ['mbconv2'], ['mbconv3'], ['mbconv4'], ['mbconv5'], ['mbconv6'], ['mbconv7'], ['conv2'], ['pool'], ['output'], ['conv1', 'mbconv1'], ['conv1', 'mbconv2'], ['conv1', 'mbconv3'], ['conv1', 'mbconv4'], ['conv1', 'mbconv5'], ['conv1', 'mbconv6'], ['conv1', 'mbconv7'], ['conv1', 'conv2'], ['conv1', 'pool'], ['conv1', 'output'], ['mbconv1', 'mbconv2'], ['mbconv1', 'mbconv3'], ['mbconv1', 'mbconv4'], ['mbconv1', 'mbconv5'], ['mbconv1', 'mbconv6'], ['mbconv1', 'mbconv7'], ['mbconv1', 'conv2'], ['mbconv1', 'pool'], ['mbconv1', 'output'], ['mbconv2', 'mbconv3'], ['mbconv2', 'mbconv4'], ['mbconv2', 'mbconv5'], ['mbconv2', 'mbconv6'], ['mbconv2', 'mbconv7'], ['mbconv2', 'conv2'], ['mbconv2', 'pool'], ['mbconv2', 'output'], ['mbconv3', 'mbconv4'], ['mbconv3', 'mbconv5'], ['mbconv3', 'mbconv6'], ['mbconv3', 'mbconv7'], ['mbconv3', 'conv2'], ['mbconv3', 'pool'], ['mbconv3', 'output'], ['mbconv4', 'mbconv5'], ['mbconv4', 'mbconv6'], ['mbconv4', 'mbconv7'], ['mbconv4', 'conv2'], ['mbconv4', 'pool'], ['mbconv4', 'output'], ['mbconv5', 'mbconv6'], ['mbconv5', 'mbconv7'], ['mbconv5', 'conv2'], ['mbconv5', 'pool'], ['mbconv5', 'output'], ['mbconv6', 'mbconv7'], ['mbconv6', 'conv2'], ['mbconv6', 'pool'], ['mbconv6', 'output'], ['mbconv7', 'conv2'], ['mbconv7', 'pool'], ['mbconv7', 'output'], ['conv2', 'pool'], ['conv2', 'output'], ['pool', 'output']]
[['mbconv2']]
Generating the training set for videos : 
TRAINING SET : contains 962 samples, 37 patients based on 56 videos
TEST SET : contains 127 samples, 37 patients based on 8 videos
Dataset constituted.
--------------------NAIVE IMPLEMENTATION-------------------
Number of folds : 53
Grid search.
The best parameters are : {'C': 1}
Metrics obtained during CV : 
{'r2': array([-0.27114777, -0.25700784, -0.04661701, -0.07270385, -0.00666997,
       -0.20542003, -0.02527958, -0.00149296, -0.13664277, -0.01779605,
       -0.14700653, -0.42894464, -0.51282967, -0.20667492, -0.14216303,
       -0.01059249, -0.02386221, -1.06717817, -0.00610625, -0.18793916,
       -0.0379361 , -0.71606475, -0.00747713, -0.22092574, -0.03887366,
       -0.0437644 , -0.01279737, -0.65773544, -0.13617961, -0.02250234,
       -0.38994588, -0.60612351, -0.6075774 , -0.02726075, -0.49838796,
       -0.58593831, -0.07831686, -0.03690517, -0.11039433, -0.0508789 ,
       -0.04219637, -0.40418383, -0.55048931, -0.01337023, -0.61958257,
       -0.02487855, -0.08631979, -0.43364718, -0.16734332, -0.82421407,
       -0.00112215, -0.25731348, -0.03043485]), 'neg_mean_absolute_error': array([ -9.77689489, -11.91028406,  -8.9521545 , -10.9343252 ,
        -9.33751549,  -6.60138352,  -8.14740427,  -6.40409813,
        -7.40218055,  -7.67191891,  -7.88418308, -13.23382332,
       -15.50796959, -13.77061522,  -7.45554474,  -7.53872233,
       -13.31749693,  -6.63544641,  -8.77357729,  -9.83110438,
        -9.17311111, -14.15092943,  -8.43280865, -10.82622906,
        -8.18151408,  -9.65272836,  -8.661     , -18.0990715 ,
       -10.48122222, -10.25894444, -12.81092903, -13.03349223,
       -13.23920175,  -8.98698154, -12.4318744 , -12.57204546,
        -9.44361111,  -6.7530334 ,  -6.72663517,  -7.33375182,
        -7.89973781, -13.06558223, -13.88416427,  -8.49073588,
       -22.78620244,  -7.89704318,  -9.58291435,  -6.66504495,
        -8.80611448, -18.4433609 ,  -8.13664701, -14.41068729,
       -10.37672931]), 'neg_mean_squared_error': array([-141.76774385, -239.91560217,  -99.42498836, -188.82413429,
       -128.82428441,  -55.62958706, -130.68805025,  -93.01100522,
        -74.16701246,  -79.12083357, -106.8577543 , -294.70544212,
       -456.7788014 , -307.62185187,  -83.25063532,  -82.5956927 ,
       -256.24242879,  -58.22905311,  -96.32029109, -219.41855852,
       -150.08539737, -372.14559982, -109.23462073, -238.76114199,
       -118.23554456, -252.39422033, -140.78175922, -646.00709291,
       -214.04226479, -149.57028694, -272.63837512, -297.46626167,
       -349.2298077 , -119.25850981, -212.80823871, -301.11920368,
       -177.10094713,  -77.00131836,  -70.92644106, -112.86931433,
        -83.95426373, -319.06223485, -379.77188842, -157.32474189,
       -953.22653584, -105.03750448, -142.6864703 ,  -62.49546409,
       -206.23675396, -567.17274789, -119.00845446, -381.11492813,
       -240.49799206]), 'max_error': array([-33.61439981, -37.92247943, -15.53729493, -33.96382123,
       -25.57904115, -12.81619035, -30.1794396 , -32.85162712,
       -15.56765278, -17.74418021, -25.69815949, -32.7246633 ,
       -63.73934603, -38.99093785, -20.16040556, -16.38224144,
       -33.72255828, -11.6494986 , -23.25280441, -47.41246971,
       -32.94045932, -47.79859121, -21.94911107, -47.40606152,
       -31.15321833, -46.32994478, -31.4997436 , -65.62816087,
       -34.56192232, -28.93622465, -36.68846533, -41.32088601,
       -49.25507893, -24.36523322, -28.20028987, -49.30272727,
       -38.82228405, -24.94719937, -16.96565669, -34.60926634,
       -18.81771492, -51.80991335, -50.21329569, -39.61912296,
       -76.63594066, -25.19973398, -31.29154393, -12.77552401,
       -49.97094612, -49.3105706 , -33.07699909, -44.76199835,
       -50.86308274]), 'explained_variance': array([-4.44089210e-16,  0.00000000e+00,  1.11022302e-16,  0.00000000e+00,
        0.00000000e+00,  0.00000000e+00,  0.00000000e+00, -2.22044605e-16,
        0.00000000e+00,  3.33066907e-16,  0.00000000e+00,  0.00000000e+00,
       -2.22044605e-16,  0.00000000e+00,  2.22044605e-16,  0.00000000e+00,
        0.00000000e+00,  0.00000000e+00,  0.00000000e+00,  0.00000000e+00,
        0.00000000e+00,  0.00000000e+00, -2.22044605e-16,  1.11022302e-16,
        0.00000000e+00,  0.00000000e+00,  0.00000000e+00,  0.00000000e+00,
        0.00000000e+00, -2.22044605e-16,  0.00000000e+00,  0.00000000e+00,
        0.00000000e+00,  0.00000000e+00,  0.00000000e+00,  3.33066907e-16,
       -2.22044605e-16,  0.00000000e+00, -2.22044605e-16,  0.00000000e+00,
        0.00000000e+00,  0.00000000e+00,  0.00000000e+00,  0.00000000e+00,
       -4.44089210e-16, -2.22044605e-16,  0.00000000e+00,  0.00000000e+00,
        0.00000000e+00,  0.00000000e+00,  0.00000000e+00, -2.22044605e-16,
        0.00000000e+00])}
     accs  y_pred (s)  y_true (s)
54   [10]   17.329159      19.499
4    [52]   22.535333      26.335
3    [52]   22.535333      27.642
11   [52]   22.535333      18.893
27   [29]   18.316158      65.978
29   [29]   18.316158      45.143
64   [10]   17.329159      30.560
77   [16]   18.488634      12.834
124  [26]   18.158170      45.263
71   [10]   17.329159       9.629
25   [29]   18.316158      19.467
91    [2]   15.426818      14.879
83   [16]   18.488634      24.338
89   [16]   18.488634      11.455
69   [10]   17.329159       9.069
{'mse': 285.28365086760874, 'mae': 11.61439853769035, 'r2-score': -0.166847888421497, 'max-error': 62.67280691660348, 'explained variance score': 0.03679901564292487, 'layers': ['mbconv2']}
