environment: line 5: __conda_exe: command not found
Using device: cuda
Using model: efficientnetB7
Number of videos: 64
Execution type : naive
Using 2 features
Job ID : 33
Plotting ?  yes
Calculate accumulators ?  no
The directory contains : 65 videos
Number of videos in the directory : 65
Number of videos in the dataframe : 64
['conv1', 'mbconv1', 'mbconv2', 'mbconv3', 'mbconv4', 'mbconv5', 'mbconv6', 'mbconv7', 'conv2', 'pool', 'output']
{'conv1': {'T_max': 395.51620042324066, 'T_min': 239.28720539808273, 'tau': 100, 'alpha': 50}, 'mbconv1': {'T_max': 1298.5398244857788, 'T_min': 929.1751428842545, 'tau': 100, 'alpha': 50}, 'mbconv2': {'T_max': 1391.3383300304413, 'T_min': 1003.122047662735, 'tau': 100, 'alpha': 50}, 'mbconv3': {'T_max': 776.5638054609299, 'T_min': 488.0033164024353, 'tau': 100, 'alpha': 50}, 'mbconv4': {'T_max': 372.1466582119465, 'T_min': 220.11169669032097, 'tau': 100, 'alpha': 50}, 'mbconv5': {'T_max': 456.8904039859772, 'T_min': 244.3836663365364, 'tau': 100, 'alpha': 50}, 'mbconv6': {'T_max': 290.0942441225052, 'T_min': 148.01406832039356, 'tau': 100, 'alpha': 50}, 'mbconv7': {'T_max': 172.54942694306374, 'T_min': 86.22373071312904, 'tau': 100, 'alpha': 50}, 'conv2': {'T_max': 75.42317940294743, 'T_min': 36.623642422258854, 'tau': 100, 'alpha': 50}, 'pool': {'T_max': 3.77721415925771, 'T_min': 1.8366734338924289, 'tau': 100, 'alpha': 50}, 'output': {'T_max': 11.04102703742683, 'T_min': 5.27929691132158, 'tau': 100, 'alpha': 50}}
Iterating over following combinations of layers :  [['conv1'], ['mbconv1'], ['mbconv2'], ['mbconv3'], ['mbconv4'], ['mbconv5'], ['mbconv6'], ['mbconv7'], ['conv2'], ['pool'], ['output'], ['conv1', 'mbconv1'], ['conv1', 'mbconv2'], ['conv1', 'mbconv3'], ['conv1', 'mbconv4'], ['conv1', 'mbconv5'], ['conv1', 'mbconv6'], ['conv1', 'mbconv7'], ['conv1', 'conv2'], ['conv1', 'pool'], ['conv1', 'output'], ['mbconv1', 'mbconv2'], ['mbconv1', 'mbconv3'], ['mbconv1', 'mbconv4'], ['mbconv1', 'mbconv5'], ['mbconv1', 'mbconv6'], ['mbconv1', 'mbconv7'], ['mbconv1', 'conv2'], ['mbconv1', 'pool'], ['mbconv1', 'output'], ['mbconv2', 'mbconv3'], ['mbconv2', 'mbconv4'], ['mbconv2', 'mbconv5'], ['mbconv2', 'mbconv6'], ['mbconv2', 'mbconv7'], ['mbconv2', 'conv2'], ['mbconv2', 'pool'], ['mbconv2', 'output'], ['mbconv3', 'mbconv4'], ['mbconv3', 'mbconv5'], ['mbconv3', 'mbconv6'], ['mbconv3', 'mbconv7'], ['mbconv3', 'conv2'], ['mbconv3', 'pool'], ['mbconv3', 'output'], ['mbconv4', 'mbconv5'], ['mbconv4', 'mbconv6'], ['mbconv4', 'mbconv7'], ['mbconv4', 'conv2'], ['mbconv4', 'pool'], ['mbconv4', 'output'], ['mbconv5', 'mbconv6'], ['mbconv5', 'mbconv7'], ['mbconv5', 'conv2'], ['mbconv5', 'pool'], ['mbconv5', 'output'], ['mbconv6', 'mbconv7'], ['mbconv6', 'conv2'], ['mbconv6', 'pool'], ['mbconv6', 'output'], ['mbconv7', 'conv2'], ['mbconv7', 'pool'], ['mbconv7', 'output'], ['conv2', 'pool'], ['conv2', 'output'], ['pool', 'output']]
[['mbconv2', 'mbconv6']]
Generating the training set for videos : 
TRAINING SET : contains 962 samples, 37 patients based on 56 videos
TEST SET : contains 127 samples, 37 patients based on 8 videos
Dataset constituted.
--------------------NAIVE IMPLEMENTATION-------------------
Number of folds : 53
Grid search.
The best parameters are : {'C': 100.0}
Metrics obtained during CV : 
{'r2': array([-3.25483489e-03, -8.21657221e-02, -1.12452182e-01, -9.65102180e-02,
       -4.37061451e-01, -7.04525558e-03, -1.23966688e-01, -9.57759073e-02,
       -6.16784041e-02, -5.50915817e-02, -2.25310609e-02, -9.08809235e-01,
       -3.80835881e-01, -4.35074344e-01, -2.22041267e-01, -3.22738969e-01,
       -3.87169219e-07, -8.03644586e-01, -3.53184391e-02, -1.20020241e-01,
       -6.25261260e-02, -8.06123046e-01, -1.28295560e-01, -3.11573065e-01,
       -2.69962348e-03, -1.40560869e-01, -1.26957709e-01, -3.43776227e-01,
       -2.03175755e-01, -1.21405043e-01, -5.56058901e-02, -9.87782918e-02,
       -3.01908777e-01, -3.02542299e-02, -3.04578990e-01, -1.53044419e-03,
       -5.49197140e-02, -7.86321769e-02, -1.68294993e-01, -6.76807611e-03,
       -5.98724289e-03, -2.60480101e-01, -5.44119569e-01, -2.76138028e-01,
       -8.34760357e-03, -4.98531540e-02, -2.50437531e-01, -8.07341079e-03,
       -2.05847341e-01, -9.89055813e-01, -1.49751097e-01, -3.94598806e-01,
       -2.68016494e-02]), 'neg_mean_absolute_error': array([ -6.15752008, -11.36438617,  -9.44813788, -10.90567829,
       -12.19972891,  -5.47154419, -10.24735186,  -6.12356319,
        -7.12807961,  -7.24553519,  -7.5709068 , -15.42464575,
       -14.87417655, -14.63191666,  -7.84347454,  -8.50210116,
       -13.44663443,  -6.2047746 ,  -8.65421824,  -9.57999955,
        -9.17311111, -14.55945162,  -8.4172083 , -11.02686807,
        -7.54772937,  -9.47781799,  -9.06151934, -16.25269303,
       -10.48122222, -10.25894444, -11.59675715, -10.77831916,
       -11.73247539,  -9.03983209, -11.85679195, -10.52091957,
        -9.44361111,  -6.66847969,  -7.09027838,  -7.16874544,
        -6.81497347, -12.4355834 , -13.84673309, -11.74446776,
       -20.32941907,  -7.93607798,  -9.85106683,  -5.19773319,
        -8.96493607, -19.41641275,  -8.36335102, -14.72170789,
       -10.41776322]), 'neg_mean_squared_error': array([-111.89035463, -206.54480616, -105.67910169, -193.0146829 ,
       -183.90179451,  -46.47468127, -143.26727907, -101.76728391,
        -69.27551711,  -82.02009201,  -95.26133451, -393.67268314,
       -416.92503132, -365.84851615,  -89.07284603, -108.10741491,
       -250.27051969,  -50.80573998,  -99.11694085, -206.87357995,
       -153.64111124, -391.67563223, -122.33422824, -256.48790361,
       -114.11853096, -275.80071901, -156.65037532, -523.65953772,
       -226.66351455, -164.03764303, -207.05746759, -203.50207791,
       -282.82641403, -119.60603368, -185.28256   , -190.15875155,
       -173.25823983,  -80.09999534,  -74.62484605, -108.13160541,
        -81.03743314, -286.40950659, -378.21170469, -198.11918747,
       -593.47619038, -107.59709518, -164.24308801,  -43.94387727,
       -213.03933269, -618.42426867, -136.67672867, -422.7286439 ,
       -239.65002157]), 'max_error': array([-39.71602371, -34.87877909, -15.57373553, -34.50811253,
       -21.12754991, -15.32495149, -24.40925718, -35.46170069,
       -16.54749748, -20.98983143, -23.44622926, -37.00966084,
       -62.01905062, -42.26388329, -19.35645306, -18.13321356,
       -31.26894585, -10.92461067, -24.32703588, -46.22899594,
       -33.60520347, -48.55901292, -24.7783747 , -48.63890631,
       -32.7023119 , -48.90686187, -34.36689135, -61.19274574,
       -35.68363387, -31.33608359, -31.24531438, -35.00287244,
       -45.86494463, -24.27010223, -26.36406377, -39.29422384,
       -38.23915174, -25.70818277, -16.34241577, -33.12420894,
       -21.35586936, -49.91991688, -50.14591955, -31.63085804,
       -55.32322834, -25.86332565, -33.65973373, -17.32953576,
       -50.56413046, -50.83845607, -36.93096728, -46.86708154,
       -50.69894714]), 'explained_variance': array([-4.44089210e-16,  0.00000000e+00,  1.11022302e-16,  0.00000000e+00,
        0.00000000e+00,  0.00000000e+00,  0.00000000e+00, -2.22044605e-16,
        0.00000000e+00,  3.33066907e-16,  0.00000000e+00, -2.22044605e-16,
        0.00000000e+00,  0.00000000e+00,  2.22044605e-16,  0.00000000e+00,
        0.00000000e+00,  0.00000000e+00,  0.00000000e+00, -2.22044605e-16,
        2.22044605e-16, -2.22044605e-16, -2.22044605e-16, -2.22044605e-16,
        0.00000000e+00,  0.00000000e+00,  0.00000000e+00,  0.00000000e+00,
        0.00000000e+00,  0.00000000e+00,  0.00000000e+00,  0.00000000e+00,
        1.11022302e-16,  0.00000000e+00,  0.00000000e+00,  3.33066907e-16,
       -2.22044605e-16,  0.00000000e+00, -2.22044605e-16,  2.22044605e-16,
        0.00000000e+00,  0.00000000e+00,  0.00000000e+00,  0.00000000e+00,
       -4.44089210e-16, -2.22044605e-16,  0.00000000e+00,  0.00000000e+00,
        0.00000000e+00,  0.00000000e+00,  0.00000000e+00, -2.22044605e-16,
        0.00000000e+00])}
         accs  y_pred (s)  y_true (s)
54    [10, 7]   16.757223      19.499
4    [52, 42]   25.550705      26.335
3    [52, 42]   25.550705      27.642
11   [52, 42]   25.550705      18.893
27   [29, 24]   15.916091      65.978
29   [29, 24]   15.916091      45.143
64    [10, 7]   16.757223      30.560
77   [16, 15]   16.094356      12.834
124  [26, 24]   18.890119      45.263
71    [10, 7]   16.757223       9.629
25   [29, 24]   15.916091      19.467
91     [2, 4]   16.512852      14.879
83   [16, 15]   16.094356      24.338
89   [16, 15]   16.094356      11.455
69    [10, 7]   16.757223       9.069
{'mse': 281.5467022612093, 'mae': 11.46331742267807, 'r2-score': -0.15156327404820313, 'max-error': 61.88457227606485, 'explained variance score': 0.052532465588280175, 'layers': ['mbconv2', 'mbconv6']}
