environment: line 5: __conda_exe: command not found
Using device: cuda
Using model: efficientnetB7
Number of videos: 64
Execution type : naive
Using 2 features
Job ID : 14
Plotting ?  yes
Calculate accumulators ?  no
The directory contains : 65 videos
Number of videos in the directory : 65
Number of videos in the dataframe : 64
['conv1', 'mbconv1', 'mbconv2', 'mbconv3', 'mbconv4', 'mbconv5', 'mbconv6', 'mbconv7', 'conv2', 'pool', 'output']
{'conv1': {'T_max': 395.51620042324066, 'T_min': 239.28720539808273, 'tau': 100, 'alpha': 50}, 'mbconv1': {'T_max': 1298.5398244857788, 'T_min': 929.1751428842545, 'tau': 100, 'alpha': 50}, 'mbconv2': {'T_max': 1391.3383300304413, 'T_min': 1003.122047662735, 'tau': 100, 'alpha': 50}, 'mbconv3': {'T_max': 776.5638054609299, 'T_min': 488.0033164024353, 'tau': 100, 'alpha': 50}, 'mbconv4': {'T_max': 372.1466582119465, 'T_min': 220.11169669032097, 'tau': 100, 'alpha': 50}, 'mbconv5': {'T_max': 456.8904039859772, 'T_min': 244.3836663365364, 'tau': 100, 'alpha': 50}, 'mbconv6': {'T_max': 290.0942441225052, 'T_min': 148.01406832039356, 'tau': 100, 'alpha': 50}, 'mbconv7': {'T_max': 172.54942694306374, 'T_min': 86.22373071312904, 'tau': 100, 'alpha': 50}, 'conv2': {'T_max': 75.42317940294743, 'T_min': 36.623642422258854, 'tau': 100, 'alpha': 50}, 'pool': {'T_max': 3.77721415925771, 'T_min': 1.8366734338924289, 'tau': 100, 'alpha': 50}, 'output': {'T_max': 11.04102703742683, 'T_min': 5.27929691132158, 'tau': 100, 'alpha': 50}}
Iterating over following combinations of layers :  [['conv1'], ['mbconv1'], ['mbconv2'], ['mbconv3'], ['mbconv4'], ['mbconv5'], ['mbconv6'], ['mbconv7'], ['conv2'], ['pool'], ['output'], ['conv1', 'mbconv1'], ['conv1', 'mbconv2'], ['conv1', 'mbconv3'], ['conv1', 'mbconv4'], ['conv1', 'mbconv5'], ['conv1', 'mbconv6'], ['conv1', 'mbconv7'], ['conv1', 'conv2'], ['conv1', 'pool'], ['conv1', 'output'], ['mbconv1', 'mbconv2'], ['mbconv1', 'mbconv3'], ['mbconv1', 'mbconv4'], ['mbconv1', 'mbconv5'], ['mbconv1', 'mbconv6'], ['mbconv1', 'mbconv7'], ['mbconv1', 'conv2'], ['mbconv1', 'pool'], ['mbconv1', 'output'], ['mbconv2', 'mbconv3'], ['mbconv2', 'mbconv4'], ['mbconv2', 'mbconv5'], ['mbconv2', 'mbconv6'], ['mbconv2', 'mbconv7'], ['mbconv2', 'conv2'], ['mbconv2', 'pool'], ['mbconv2', 'output'], ['mbconv3', 'mbconv4'], ['mbconv3', 'mbconv5'], ['mbconv3', 'mbconv6'], ['mbconv3', 'mbconv7'], ['mbconv3', 'conv2'], ['mbconv3', 'pool'], ['mbconv3', 'output'], ['mbconv4', 'mbconv5'], ['mbconv4', 'mbconv6'], ['mbconv4', 'mbconv7'], ['mbconv4', 'conv2'], ['mbconv4', 'pool'], ['mbconv4', 'output'], ['mbconv5', 'mbconv6'], ['mbconv5', 'mbconv7'], ['mbconv5', 'conv2'], ['mbconv5', 'pool'], ['mbconv5', 'output'], ['mbconv6', 'mbconv7'], ['mbconv6', 'conv2'], ['mbconv6', 'pool'], ['mbconv6', 'output'], ['mbconv7', 'conv2'], ['mbconv7', 'pool'], ['mbconv7', 'output'], ['conv2', 'pool'], ['conv2', 'output'], ['pool', 'output']]
[['conv1', 'mbconv4']]
Generating the training set for videos : 
TRAINING SET : contains 962 samples, 37 patients based on 56 videos
TEST SET : contains 127 samples, 37 patients based on 8 videos
Dataset constituted.
--------------------NAIVE IMPLEMENTATION-------------------
Number of folds : 53
Grid search.
The best parameters are : {'C': 1}
Metrics obtained during CV : 
{'r2': array([-2.68678067e-01, -1.37463916e-02, -2.73090478e-02, -9.57253464e-02,
       -8.44546411e-03, -4.70284135e-02, -5.69623630e-02, -5.05012775e-02,
       -1.23174999e-01, -5.48898732e-03, -1.23429117e-01, -5.05481491e-01,
       -1.95519973e-01, -1.35838204e-01, -2.26415613e-01, -1.70150827e-01,
       -8.15521365e-03, -8.86577373e-01, -5.79406332e-04, -1.64371262e-01,
       -2.69702345e-02, -7.20418471e-01, -1.12717532e-02, -2.37728702e-01,
       -1.71745746e-02, -3.73631554e-02, -9.82964002e-04, -4.96744114e-01,
       -1.62493786e-01, -2.24721410e-03, -3.27716606e-01, -4.22632040e-01,
       -6.64091015e-01, -2.92526542e-02, -3.75096168e-01, -4.59430833e-01,
       -5.91060758e-02, -2.72744406e-03, -2.92192933e-01, -3.64697950e-02,
       -4.76222050e-04, -4.79517581e-01, -7.44805874e-01, -1.39144571e-01,
       -3.33708455e-01, -1.49001869e-02, -1.58660417e-01, -1.37589680e-01,
       -3.12230007e-01, -6.10875291e-01, -2.05107398e-03, -1.86358036e-01,
       -7.18015687e-02]), 'neg_mean_absolute_error': array([ -9.75707816, -11.11687058,  -8.77025873, -10.90656219,
        -9.30706321,  -5.84076027,  -8.00537686,  -6.08057599,
        -7.34656068,  -7.58934539,  -7.83527836, -13.53029216,
       -13.75799758, -13.40904324,  -7.86630485,  -7.83573819,
       -13.37092483,  -6.34341513,  -8.8846998 ,  -9.74626187,
        -9.17311111, -14.1677408 ,  -8.38722865, -10.85349344,
        -7.86804692,  -9.70191457,  -8.76515095, -17.16724229,
       -10.48122222, -10.25894444, -12.48730484, -12.19253933,
       -13.47139287,  -9.02245279, -12.0603886 , -12.03524933,
        -9.44361111,  -6.88697013,  -7.78459139,  -7.29391768,
        -7.16737717, -13.43055249, -14.93684614,  -8.92856348,
       -21.09234184,  -7.87580557,  -9.65337745,  -5.74071926,
        -9.5400018 , -17.26456539,  -8.14420868, -14.24622809,
       -10.01961471]), 'neg_mean_squared_error': array([-141.49230474, -193.48612478,  -97.590799  , -192.87652483,
       -129.05149629,  -48.31988585, -134.72652115,  -97.56252264,
        -73.28822793,  -78.16411455, -104.66122839, -310.49039743,
       -360.97135735, -289.56320136,  -89.39168585,  -95.63639077,
       -252.31143157,  -53.14182196,  -95.79117505, -215.06544489,
       -148.4997349 , -373.08974814, -109.64604832, -242.04708711,
       -115.76594372, -250.8463264 , -139.13952206, -583.26997845,
       -218.99953192, -146.60739377, -260.43208056, -263.48224973,
       -361.50681404, -119.48975705, -195.29774753, -277.09945984,
       -173.94580086,  -74.4632557 ,  -82.53882733, -111.3217091 ,
        -80.59349214, -336.17976199, -427.36716597, -176.8510866 ,
       -784.97158134, -104.01484397, -152.18830219,  -49.58974293,
       -231.83415961, -500.84284566, -119.11887984, -359.60702203,
       -250.15276242]), 'max_error': array([-33.63950099, -32.5384589 , -16.03101202, -34.49131844,
       -25.69475982, -14.42195053, -31.07894658, -34.64494373,
       -15.71862102, -18.26714588, -25.38842962, -33.52936445,
       -58.97919079, -37.61696432, -19.31701889, -16.7264473 ,
       -32.70742825, -11.16408067, -22.25270179, -47.03067841,
       -32.57314767, -47.83641681, -22.15422106, -47.65144098,
       -31.85851942, -46.08263442, -30.53564149, -63.53154516,
       -35.02968482, -27.69528509, -35.96031088, -39.57296349,
       -49.77750895, -24.30138498, -27.08583246, -48.09493599,
       -38.35151665, -23.74176882, -16.07105375, -34.2507591 ,
       -20.46552636, -52.6648681 , -52.10812305, -42.82619045,
       -71.55435884, -24.83869469, -32.48941669, -14.28725322,
       -51.96071867, -47.08395685, -33.20554759, -43.44632474,
       -52.29154117]), 'explained_variance': array([-2.22044605e-16,  0.00000000e+00,  1.11022302e-16,  0.00000000e+00,
        0.00000000e+00,  0.00000000e+00,  0.00000000e+00,  0.00000000e+00,
        0.00000000e+00,  3.33066907e-16,  0.00000000e+00, -2.22044605e-16,
        0.00000000e+00,  0.00000000e+00,  2.22044605e-16,  0.00000000e+00,
        0.00000000e+00,  0.00000000e+00,  0.00000000e+00,  0.00000000e+00,
        0.00000000e+00, -2.22044605e-16, -2.22044605e-16, -2.22044605e-16,
        0.00000000e+00,  0.00000000e+00,  0.00000000e+00,  0.00000000e+00,
        0.00000000e+00, -2.22044605e-16,  0.00000000e+00,  0.00000000e+00,
        1.11022302e-16,  0.00000000e+00,  0.00000000e+00,  3.33066907e-16,
        0.00000000e+00,  0.00000000e+00, -2.22044605e-16,  2.22044605e-16,
        0.00000000e+00,  0.00000000e+00,  0.00000000e+00,  0.00000000e+00,
        0.00000000e+00, -2.22044605e-16,  0.00000000e+00,  0.00000000e+00,
        1.11022302e-16,  0.00000000e+00,  0.00000000e+00, -2.22044605e-16,
       -2.22044605e-16])}
         accs  y_pred (s)  y_true (s)
54     [2, 9]   15.626682      19.499
4    [29, 43]   23.827980      26.335
3    [29, 43]   23.827980      27.642
11   [29, 43]   23.827980      18.893
27   [28, 26]   18.896175      65.978
29   [28, 26]   18.896175      45.143
64     [2, 9]   15.626682      30.560
77   [14, 14]   17.905640      12.834
124  [22, 23]   18.494832      45.263
71     [2, 9]   15.626682       9.629
25   [28, 26]   18.896175      19.467
91    [12, 2]   16.031727      14.879
83   [14, 14]   17.905640      24.338
89   [14, 14]   17.905640      11.455
69     [2, 9]   15.626682       9.069
{'mse': 280.6102590641426, 'mae': 11.452027044617243, 'r2-score': -0.14773309743695706, 'max-error': 64.74564892078213, 'explained variance score': 0.06777294965169756, 'layers': ['conv1', 'mbconv4']}
