environment: line 5: __conda_exe: command not found
Using device: cuda
Using model: efficientnetB7
Number of videos: 64
Execution type : naive
Using 2 features
Job ID : 23
Plotting ?  yes
Calculate accumulators ?  no
The directory contains : 65 videos
Number of videos in the directory : 65
Number of videos in the dataframe : 64
['conv1', 'mbconv1', 'mbconv2', 'mbconv3', 'mbconv4', 'mbconv5', 'mbconv6', 'mbconv7', 'conv2', 'pool', 'output']
{'conv1': {'T_max': 395.51620042324066, 'T_min': 239.28720539808273, 'tau': 100, 'alpha': 50}, 'mbconv1': {'T_max': 1298.5398244857788, 'T_min': 929.1751428842545, 'tau': 100, 'alpha': 50}, 'mbconv2': {'T_max': 1391.3383300304413, 'T_min': 1003.122047662735, 'tau': 100, 'alpha': 50}, 'mbconv3': {'T_max': 776.5638054609299, 'T_min': 488.0033164024353, 'tau': 100, 'alpha': 50}, 'mbconv4': {'T_max': 372.1466582119465, 'T_min': 220.11169669032097, 'tau': 100, 'alpha': 50}, 'mbconv5': {'T_max': 456.8904039859772, 'T_min': 244.3836663365364, 'tau': 100, 'alpha': 50}, 'mbconv6': {'T_max': 290.0942441225052, 'T_min': 148.01406832039356, 'tau': 100, 'alpha': 50}, 'mbconv7': {'T_max': 172.54942694306374, 'T_min': 86.22373071312904, 'tau': 100, 'alpha': 50}, 'conv2': {'T_max': 75.42317940294743, 'T_min': 36.623642422258854, 'tau': 100, 'alpha': 50}, 'pool': {'T_max': 3.77721415925771, 'T_min': 1.8366734338924289, 'tau': 100, 'alpha': 50}, 'output': {'T_max': 11.04102703742683, 'T_min': 5.27929691132158, 'tau': 100, 'alpha': 50}}
Iterating over following combinations of layers :  [['conv1'], ['mbconv1'], ['mbconv2'], ['mbconv3'], ['mbconv4'], ['mbconv5'], ['mbconv6'], ['mbconv7'], ['conv2'], ['pool'], ['output'], ['conv1', 'mbconv1'], ['conv1', 'mbconv2'], ['conv1', 'mbconv3'], ['conv1', 'mbconv4'], ['conv1', 'mbconv5'], ['conv1', 'mbconv6'], ['conv1', 'mbconv7'], ['conv1', 'conv2'], ['conv1', 'pool'], ['conv1', 'output'], ['mbconv1', 'mbconv2'], ['mbconv1', 'mbconv3'], ['mbconv1', 'mbconv4'], ['mbconv1', 'mbconv5'], ['mbconv1', 'mbconv6'], ['mbconv1', 'mbconv7'], ['mbconv1', 'conv2'], ['mbconv1', 'pool'], ['mbconv1', 'output'], ['mbconv2', 'mbconv3'], ['mbconv2', 'mbconv4'], ['mbconv2', 'mbconv5'], ['mbconv2', 'mbconv6'], ['mbconv2', 'mbconv7'], ['mbconv2', 'conv2'], ['mbconv2', 'pool'], ['mbconv2', 'output'], ['mbconv3', 'mbconv4'], ['mbconv3', 'mbconv5'], ['mbconv3', 'mbconv6'], ['mbconv3', 'mbconv7'], ['mbconv3', 'conv2'], ['mbconv3', 'pool'], ['mbconv3', 'output'], ['mbconv4', 'mbconv5'], ['mbconv4', 'mbconv6'], ['mbconv4', 'mbconv7'], ['mbconv4', 'conv2'], ['mbconv4', 'pool'], ['mbconv4', 'output'], ['mbconv5', 'mbconv6'], ['mbconv5', 'mbconv7'], ['mbconv5', 'conv2'], ['mbconv5', 'pool'], ['mbconv5', 'output'], ['mbconv6', 'mbconv7'], ['mbconv6', 'conv2'], ['mbconv6', 'pool'], ['mbconv6', 'output'], ['mbconv7', 'conv2'], ['mbconv7', 'pool'], ['mbconv7', 'output'], ['conv2', 'pool'], ['conv2', 'output'], ['pool', 'output']]
[['mbconv1', 'mbconv4']]
Generating the training set for videos : 
TRAINING SET : contains 962 samples, 37 patients based on 56 videos
TEST SET : contains 127 samples, 37 patients based on 8 videos
Dataset constituted.
--------------------NAIVE IMPLEMENTATION-------------------
Number of folds : 53
Grid search.
The best parameters are : {'C': 1}
Metrics obtained during CV : 
{'r2': array([-1.69751406e-01, -8.35207983e-03, -5.86826172e-02, -6.34569775e-02,
       -6.54212419e-02, -5.25070705e-02, -6.79885350e-02, -4.34581286e-02,
       -9.91740937e-02, -7.57868439e-03, -1.55566637e-01, -4.32231749e-01,
       -3.16944142e-01, -2.08135369e-01, -1.82721960e-01, -2.09896373e-03,
       -1.80273687e-02, -7.14439957e-01, -1.50037181e-02, -2.34743401e-01,
       -3.00521286e-02, -6.71376687e-01, -1.38998354e-02, -9.48644648e-02,
       -4.39458862e-02, -1.89423349e-03, -2.46559148e-03, -3.13314626e-01,
       -1.31210865e-01, -1.06007708e-02, -3.42559461e-01, -1.82006103e-01,
       -6.69305383e-01, -3.85123396e-02, -2.85699320e-01, -3.50485703e-01,
       -4.07385557e-02, -3.05079582e-04, -1.95386041e-01, -4.90527319e-02,
       -1.09078469e-03, -4.41165614e-01, -6.64242564e-01, -1.35615760e-01,
       -2.79190436e-01, -6.85947146e-02, -1.47952363e-01, -1.66449261e-01,
       -3.03181491e-01, -6.15550646e-01, -1.35375842e-05, -2.57948222e-01,
       -6.39006064e-02]), 'neg_mean_absolute_error': array([ -8.87054489, -11.13567051,  -9.04672059, -10.94670574,
        -9.11971576,  -5.88028851,  -7.98353744,  -6.07232935,
        -7.26958536,  -7.60739857,  -7.9009549 , -13.24707543,
       -14.52757586, -13.77735241,  -7.65942554,  -7.6202369 ,
       -13.33432264,  -6.04740092,  -8.99169703,  -9.98508243,
        -9.17311111, -13.97532616,  -8.36008846, -10.63555556,
        -8.24516705, -10.47922207,  -8.74117482, -16.07779635,
       -10.48122222, -10.25894444, -12.56710692, -11.12875698,
       -13.49230966,  -9.17336735, -11.81076882, -11.50983096,
        -9.44361111,  -7.01945444,  -7.2596445 ,  -7.32904788,
        -7.212072  , -13.24116338, -14.51940856,  -8.90879203,
       -20.69374236,  -7.95908107,  -9.64415747,  -5.84144801,
        -9.49536181, -17.29243258,  -8.11280287, -14.41204806,
       -10.07756309]), 'neg_mean_squared_error': array([-130.45927629, -192.4565532 , -100.57117935, -187.19644189,
       -136.34272784,  -48.57272338, -136.13198066,  -96.90840884,
        -71.72214622,  -78.3265622 , -107.65523338, -295.38337565,
       -397.63377055, -307.99417023,  -86.20691773,  -81.90151719,
       -254.78213999,  -48.29299039,  -97.17209671, -228.0635459 ,
       -148.94537631, -362.45455263, -109.9309953 , -214.10891913,
       -118.81282106, -242.26953367, -139.34561156, -511.78887955,
       -213.10621424, -147.82934098, -263.34351168, -218.9165002 ,
       -362.6395825 , -120.56474826, -182.60117882, -256.41424761,
       -170.92915024,  -74.28336918,  -76.35528681, -112.67317544,
        -80.64299832, -327.46533005, -407.63424672, -176.30324203,
       -752.88428705, -109.51787569, -150.78181539,  -50.8477881 ,
       -230.23554118, -502.29647671, -118.87666758, -381.30732914,
       -248.30872002]), 'max_error': array([-34.76244314, -32.18126033, -15.28061554, -33.72859095,
       -27.54859939, -14.33850204, -31.32821131, -34.48825757,
       -16.00977562, -18.15280909, -25.80438101, -32.7606333 ,
       -61.07827734, -39.01653915, -19.72999053, -16.89850039,
       -33.40286979, -10.65278341, -21.28972669, -48.10537095,
       -32.68292756, -47.40348385, -22.27635191, -45.14025103,
       -31.02019932, -43.75362534, -30.75142663, -60.6680557 ,
       -34.46866052, -28.36720213, -36.13986557, -36.53160428,
       -49.82457174, -24.02973876, -26.1569597 , -46.91274466,
       -37.82249757, -23.14120502, -16.08836658, -34.56693093,
       -20.36496301, -52.2387426 , -51.35673541, -42.76687609,
       -70.35856041, -26.25437823, -32.33267691, -14.04262627,
       -51.85230725, -47.13659487, -32.67164886, -44.77288445,
       -52.05974764]), 'explained_variance': array([-2.22044605e-16,  0.00000000e+00,  1.11022302e-16,  1.11022302e-16,
        0.00000000e+00,  0.00000000e+00,  0.00000000e+00,  0.00000000e+00,
        0.00000000e+00,  3.33066907e-16,  1.11022302e-16,  1.11022302e-16,
        0.00000000e+00,  0.00000000e+00,  2.22044605e-16,  0.00000000e+00,
        2.22044605e-16,  0.00000000e+00,  0.00000000e+00,  0.00000000e+00,
        2.22044605e-16, -2.22044605e-16, -2.22044605e-16, -2.22044605e-16,
        0.00000000e+00,  0.00000000e+00,  0.00000000e+00,  0.00000000e+00,
        0.00000000e+00, -2.22044605e-16,  1.11022302e-16,  0.00000000e+00,
        0.00000000e+00,  0.00000000e+00,  0.00000000e+00,  3.33066907e-16,
        0.00000000e+00,  0.00000000e+00, -2.22044605e-16,  2.22044605e-16,
        0.00000000e+00,  1.11022302e-16, -2.22044605e-16,  0.00000000e+00,
       -4.44089210e-16,  1.11022302e-16,  0.00000000e+00,  0.00000000e+00,
        0.00000000e+00, -4.44089210e-16,  0.00000000e+00, -2.22044605e-16,
        0.00000000e+00])}
         accs  y_pred (s)  y_true (s)
54     [2, 9]   15.402200      19.499
4    [43, 43]   22.911110      26.335
3    [43, 43]   22.911110      27.642
11   [43, 43]   22.911110      18.893
27   [29, 26]   17.785932      65.978
29   [29, 26]   17.785932      45.143
64     [2, 9]   15.402200      30.560
77   [16, 14]   18.618332      12.834
124  [24, 23]   17.932750      45.263
71     [2, 9]   15.402200       9.629
25   [29, 26]   17.785932      19.467
91    [10, 2]   15.797461      14.879
83   [16, 14]   18.618332      24.338
89   [16, 14]   18.618332      11.455
69     [2, 9]   15.402200       9.069
{'mse': 288.71674408671123, 'mae': 11.650946510908678, 'r2-score': -0.18088969404646393, 'max-error': 63.94287742746203, 'explained variance score': 0.04828476994944131, 'layers': ['mbconv1', 'mbconv4']}
