environment: line 5: __conda_exe: command not found
Using device: cuda
Using model: efficientnetB7
Number of videos: 64
Execution type : naive
Using 2 features
Job ID : 7
Plotting ?  yes
Calculate accumulators ?  no
The directory contains : 65 videos
Number of videos in the directory : 65
Number of videos in the dataframe : 64
['conv1', 'mbconv1', 'mbconv2', 'mbconv3', 'mbconv4', 'mbconv5', 'mbconv6', 'mbconv7', 'conv2', 'pool', 'output']
{'conv1': {'T_max': 395.51620042324066, 'T_min': 239.28720539808273, 'tau': 100, 'alpha': 50}, 'mbconv1': {'T_max': 1298.5398244857788, 'T_min': 929.1751428842545, 'tau': 100, 'alpha': 50}, 'mbconv2': {'T_max': 1391.3383300304413, 'T_min': 1003.122047662735, 'tau': 100, 'alpha': 50}, 'mbconv3': {'T_max': 776.5638054609299, 'T_min': 488.0033164024353, 'tau': 100, 'alpha': 50}, 'mbconv4': {'T_max': 372.1466582119465, 'T_min': 220.11169669032097, 'tau': 100, 'alpha': 50}, 'mbconv5': {'T_max': 456.8904039859772, 'T_min': 244.3836663365364, 'tau': 100, 'alpha': 50}, 'mbconv6': {'T_max': 290.0942441225052, 'T_min': 148.01406832039356, 'tau': 100, 'alpha': 50}, 'mbconv7': {'T_max': 172.54942694306374, 'T_min': 86.22373071312904, 'tau': 100, 'alpha': 50}, 'conv2': {'T_max': 75.42317940294743, 'T_min': 36.623642422258854, 'tau': 100, 'alpha': 50}, 'pool': {'T_max': 3.77721415925771, 'T_min': 1.8366734338924289, 'tau': 100, 'alpha': 50}, 'output': {'T_max': 11.04102703742683, 'T_min': 5.27929691132158, 'tau': 100, 'alpha': 50}}
Iterating over following combinations of layers :  [['conv1'], ['mbconv1'], ['mbconv2'], ['mbconv3'], ['mbconv4'], ['mbconv5'], ['mbconv6'], ['mbconv7'], ['conv2'], ['pool'], ['output'], ['conv1', 'mbconv1'], ['conv1', 'mbconv2'], ['conv1', 'mbconv3'], ['conv1', 'mbconv4'], ['conv1', 'mbconv5'], ['conv1', 'mbconv6'], ['conv1', 'mbconv7'], ['conv1', 'conv2'], ['conv1', 'pool'], ['conv1', 'output'], ['mbconv1', 'mbconv2'], ['mbconv1', 'mbconv3'], ['mbconv1', 'mbconv4'], ['mbconv1', 'mbconv5'], ['mbconv1', 'mbconv6'], ['mbconv1', 'mbconv7'], ['mbconv1', 'conv2'], ['mbconv1', 'pool'], ['mbconv1', 'output'], ['mbconv2', 'mbconv3'], ['mbconv2', 'mbconv4'], ['mbconv2', 'mbconv5'], ['mbconv2', 'mbconv6'], ['mbconv2', 'mbconv7'], ['mbconv2', 'conv2'], ['mbconv2', 'pool'], ['mbconv2', 'output'], ['mbconv3', 'mbconv4'], ['mbconv3', 'mbconv5'], ['mbconv3', 'mbconv6'], ['mbconv3', 'mbconv7'], ['mbconv3', 'conv2'], ['mbconv3', 'pool'], ['mbconv3', 'output'], ['mbconv4', 'mbconv5'], ['mbconv4', 'mbconv6'], ['mbconv4', 'mbconv7'], ['mbconv4', 'conv2'], ['mbconv4', 'pool'], ['mbconv4', 'output'], ['mbconv5', 'mbconv6'], ['mbconv5', 'mbconv7'], ['mbconv5', 'conv2'], ['mbconv5', 'pool'], ['mbconv5', 'output'], ['mbconv6', 'mbconv7'], ['mbconv6', 'conv2'], ['mbconv6', 'pool'], ['mbconv6', 'output'], ['mbconv7', 'conv2'], ['mbconv7', 'pool'], ['mbconv7', 'output'], ['conv2', 'pool'], ['conv2', 'output'], ['pool', 'output']]
[['mbconv7']]
Generating the training set for videos : 
TRAINING SET : contains 962 samples, 37 patients based on 56 videos
TEST SET : contains 127 samples, 37 patients based on 8 videos
Dataset constituted.
--------------------NAIVE IMPLEMENTATION-------------------
Number of folds : 53
Grid search.
The best parameters are : {'C': 10.0}
Metrics obtained during CV : 
{'r2': array([-1.20287945e-01, -1.10828547e-01, -4.64977455e-01, -3.06618242e-04,
       -8.17001462e-02, -6.49372409e-02, -1.19759339e-02, -5.63959112e-02,
       -9.63949521e-02, -2.95978464e-02, -6.70234970e-02, -4.13255500e-01,
       -3.55501505e-01, -4.10344419e-01, -1.00000325e-01, -3.14522305e-01,
       -2.41801119e-02, -1.92592816e+00, -1.26141646e-01, -1.12958824e-01,
       -6.83384449e-02, -6.95701790e-01, -1.13740329e-01, -2.87200448e-01,
       -1.45323233e-02, -1.79534562e-01, -5.80057643e-03, -6.43098511e-01,
       -4.02461765e-01, -4.06083992e-03, -9.15170720e-02, -4.47029680e-01,
       -4.02813183e-01, -1.06142341e-01, -1.72772717e-02, -1.64824889e-01,
       -2.36300211e-02, -1.09620631e-02, -6.35529662e-02, -1.67393314e-02,
       -1.85397404e-03, -5.00485624e-01, -5.27656434e-01, -2.95235748e-01,
       -2.97280969e-01, -4.40219720e-02, -1.67291908e-01, -4.98597330e-02,
       -1.71479357e-01, -8.08961445e-01, -6.43794621e-03, -2.07601904e-01,
       -6.88756039e-02]), 'neg_mean_absolute_error': array([ -8.32708714, -11.46530382, -11.04811312, -11.11038202,
       -10.63568816,  -5.96293595,  -8.24018598,  -6.08704463,
        -7.26013896,  -7.72570898,  -7.69440525, -13.16986072,
       -14.74050977, -14.551998  ,  -7.25334749,  -8.47093306,
       -13.31664301,  -8.10701191,  -8.47240961,  -9.56437651,
        -9.17311111, -14.07161307,  -8.3929935 , -10.95764186,
        -7.81825369,  -9.59066155,  -8.70645107, -18.01945384,
       -11.10449485, -10.25894444, -11.70056631, -12.30444375,
       -12.29068207,  -9.94884092, -10.78427348, -10.65598445,
        -9.44361111,  -7.203564  ,  -6.43775358,  -7.22299584,
        -7.25208474, -13.53089783, -13.74896146,  -9.63601621,
       -20.83000482,  -7.92806003,  -9.66058513,  -5.53193755,
        -8.81004297, -18.36457814,  -8.16662267, -14.29833158,
       -10.04068406]), 'neg_mean_squared_error': array([-124.9427474 , -212.01546323, -139.16778075, -176.08031513,
       -138.425951  ,  -49.1463701 , -128.99229134,  -98.10997112,
        -71.5408046 ,  -80.03827493,  -99.40635172, -291.46971541,
       -409.27565362, -359.54402984,  -80.17745574, -107.43586713,
       -256.32198962,  -82.41864632, -107.81196464, -205.5692994 ,
       -154.48157164, -367.72969154, -120.7560931 , -251.72165649,
       -115.46522571, -285.22500551, -139.80918409, -640.30319151,
       -264.20654784, -146.87268855, -214.10145859, -268.0008778 ,
       -304.74686782, -128.41616588, -144.47859315, -221.16316882,
       -168.1192733 ,  -75.07476438,  -67.93444877, -109.20256492,
        -80.70447714, -340.94417422, -374.1792771 , -201.08408998,
       -763.53170748, -106.99947041, -153.32203552,  -45.76542419,
       -206.96747584, -562.43050178, -119.64036953, -366.04643073,
       -249.46985786]), 'max_error': array([-35.45082296, -35.5179242 , -18.95146104, -30.61874171,
       -21.42170357, -14.16402411, -29.61989326, -34.76784805,
       -16.04567194, -17.4035098 , -24.49623325, -32.55105054,
       -61.65624081, -41.96019238, -20.67962825, -18.06741423,
       -33.73878273, -13.53221508, -25.96331351, -46.08838863,
       -33.74185499, -47.6201294 , -24.56044152, -48.32738837,
       -31.97055421, -49.66572696, -31.06394035, -65.44902114,
       -38.20429073, -26.35122123, -32.17959677, -39.82474844,
       -47.12090966, -22.63388635, -21.35346128, -44.34936008,
       -37.20584728, -22.38947468, -17.60630445, -33.61246255,
       -20.27493434, -52.89064511, -49.96993062, -44.94854862,
       -70.76734779, -25.72702055, -32.61194724, -15.26202054,
       -50.03773055, -49.16175871, -33.58658539, -43.86315266,
       -52.20726375]), 'explained_variance': array([-4.44089210e-16,  0.00000000e+00,  1.11022302e-16,  1.11022302e-16,
        0.00000000e+00,  0.00000000e+00,  0.00000000e+00,  0.00000000e+00,
        0.00000000e+00,  3.33066907e-16,  0.00000000e+00,  0.00000000e+00,
        0.00000000e+00,  0.00000000e+00,  2.22044605e-16,  0.00000000e+00,
        0.00000000e+00,  0.00000000e+00,  0.00000000e+00,  0.00000000e+00,
        0.00000000e+00, -2.22044605e-16, -2.22044605e-16, -2.22044605e-16,
        0.00000000e+00,  0.00000000e+00,  0.00000000e+00,  1.11022302e-16,
       -2.22044605e-16, -2.22044605e-16,  0.00000000e+00,  0.00000000e+00,
        1.11022302e-16,  0.00000000e+00,  0.00000000e+00,  3.33066907e-16,
       -2.22044605e-16,  0.00000000e+00,  0.00000000e+00,  2.22044605e-16,
        0.00000000e+00,  0.00000000e+00,  0.00000000e+00,  2.22044605e-16,
        0.00000000e+00, -2.22044605e-16, -2.22044605e-16,  0.00000000e+00,
        0.00000000e+00, -2.22044605e-16,  0.00000000e+00, -2.22044605e-16,
        0.00000000e+00])}
     accs  y_pred (s)  y_true (s)
54    [2]   14.076426      19.499
4    [41]   21.287850      26.335
3    [41]   21.287850      27.642
11   [41]   21.287850      18.893
27   [19]   16.747474      65.978
29   [19]   16.747474      45.143
64    [2]   14.076426      30.560
77   [14]   15.773339      12.834
124  [23]   20.900849      45.263
71    [2]   14.076426       9.629
25   [19]   16.747474      19.467
91    [5]   16.692154      14.879
83   [14]   15.773339      24.338
89   [14]   15.773339      11.455
69    [2]   14.076426       9.069
{'mse': 287.5215026997499, 'mae': 11.593011930506231, 'r2-score': -0.17600099858744156, 'max-error': 63.123595640488105, 'explained variance score': 0.07458134286905083, 'layers': ['mbconv7']}
