environment: line 5: __conda_exe: command not found
Using device: cuda
Using model: efficientnetB7
Number of videos: 64
Execution type : naive
Using 2 features
Job ID : 38
Plotting ?  yes
Calculate accumulators ?  no
The directory contains : 65 videos
Number of videos in the directory : 65
Number of videos in the dataframe : 64
['conv1', 'mbconv1', 'mbconv2', 'mbconv3', 'mbconv4', 'mbconv5', 'mbconv6', 'mbconv7', 'conv2', 'pool', 'output']
{'conv1': {'T_max': 395.51620042324066, 'T_min': 239.28720539808273, 'tau': 100, 'alpha': 50}, 'mbconv1': {'T_max': 1298.5398244857788, 'T_min': 929.1751428842545, 'tau': 100, 'alpha': 50}, 'mbconv2': {'T_max': 1391.3383300304413, 'T_min': 1003.122047662735, 'tau': 100, 'alpha': 50}, 'mbconv3': {'T_max': 776.5638054609299, 'T_min': 488.0033164024353, 'tau': 100, 'alpha': 50}, 'mbconv4': {'T_max': 372.1466582119465, 'T_min': 220.11169669032097, 'tau': 100, 'alpha': 50}, 'mbconv5': {'T_max': 456.8904039859772, 'T_min': 244.3836663365364, 'tau': 100, 'alpha': 50}, 'mbconv6': {'T_max': 290.0942441225052, 'T_min': 148.01406832039356, 'tau': 100, 'alpha': 50}, 'mbconv7': {'T_max': 172.54942694306374, 'T_min': 86.22373071312904, 'tau': 100, 'alpha': 50}, 'conv2': {'T_max': 75.42317940294743, 'T_min': 36.623642422258854, 'tau': 100, 'alpha': 50}, 'pool': {'T_max': 3.77721415925771, 'T_min': 1.8366734338924289, 'tau': 100, 'alpha': 50}, 'output': {'T_max': 11.04102703742683, 'T_min': 5.27929691132158, 'tau': 100, 'alpha': 50}}
Iterating over following combinations of layers :  [['conv1'], ['mbconv1'], ['mbconv2'], ['mbconv3'], ['mbconv4'], ['mbconv5'], ['mbconv6'], ['mbconv7'], ['conv2'], ['pool'], ['output'], ['conv1', 'mbconv1'], ['conv1', 'mbconv2'], ['conv1', 'mbconv3'], ['conv1', 'mbconv4'], ['conv1', 'mbconv5'], ['conv1', 'mbconv6'], ['conv1', 'mbconv7'], ['conv1', 'conv2'], ['conv1', 'pool'], ['conv1', 'output'], ['mbconv1', 'mbconv2'], ['mbconv1', 'mbconv3'], ['mbconv1', 'mbconv4'], ['mbconv1', 'mbconv5'], ['mbconv1', 'mbconv6'], ['mbconv1', 'mbconv7'], ['mbconv1', 'conv2'], ['mbconv1', 'pool'], ['mbconv1', 'output'], ['mbconv2', 'mbconv3'], ['mbconv2', 'mbconv4'], ['mbconv2', 'mbconv5'], ['mbconv2', 'mbconv6'], ['mbconv2', 'mbconv7'], ['mbconv2', 'conv2'], ['mbconv2', 'pool'], ['mbconv2', 'output'], ['mbconv3', 'mbconv4'], ['mbconv3', 'mbconv5'], ['mbconv3', 'mbconv6'], ['mbconv3', 'mbconv7'], ['mbconv3', 'conv2'], ['mbconv3', 'pool'], ['mbconv3', 'output'], ['mbconv4', 'mbconv5'], ['mbconv4', 'mbconv6'], ['mbconv4', 'mbconv7'], ['mbconv4', 'conv2'], ['mbconv4', 'pool'], ['mbconv4', 'output'], ['mbconv5', 'mbconv6'], ['mbconv5', 'mbconv7'], ['mbconv5', 'conv2'], ['mbconv5', 'pool'], ['mbconv5', 'output'], ['mbconv6', 'mbconv7'], ['mbconv6', 'conv2'], ['mbconv6', 'pool'], ['mbconv6', 'output'], ['mbconv7', 'conv2'], ['mbconv7', 'pool'], ['mbconv7', 'output'], ['conv2', 'pool'], ['conv2', 'output'], ['pool', 'output']]
[['mbconv3', 'mbconv4']]
Generating the training set for videos : 
TRAINING SET : contains 962 samples, 37 patients based on 56 videos
TEST SET : contains 127 samples, 37 patients based on 8 videos
Dataset constituted.
--------------------NAIVE IMPLEMENTATION-------------------
Number of folds : 53
Grid search.
The best parameters are : {'C': 1}
Metrics obtained during CV : 
{'r2': array([-2.56267057e-01, -2.96955092e-01, -1.26377352e-02, -1.06622453e-01,
       -3.47951582e-02, -1.32113563e-01, -2.95163040e-02, -2.72525780e-02,
       -1.69593960e-01, -1.61087925e-02, -1.17573621e-01, -4.63484477e-01,
       -5.23589836e-01, -1.57306185e-01, -2.21208030e-01, -1.07712074e-01,
       -4.53730751e-03, -1.19495513e+00, -1.39056429e-02, -2.03825958e-01,
       -7.30948421e-02, -7.77786242e-01, -1.87472694e-02, -3.01213882e-01,
       -1.42879543e-02, -7.47974205e-02, -9.43543818e-04, -4.70416166e-01,
       -1.94990155e-01, -6.37692522e-03, -3.08141636e-01, -4.16844059e-01,
       -6.15703765e-01, -6.26867917e-03, -4.23393492e-01, -4.02088913e-01,
       -4.24048541e-02, -8.10361287e-02, -6.62574063e-02, -4.12817139e-02,
       -1.74519071e-02, -4.20185870e-01, -5.80438884e-01, -8.80165184e-02,
       -2.69493422e-01, -6.16694610e-02, -1.32066725e-01, -2.49467452e-01,
       -2.44407862e-01, -7.22292291e-01, -1.36018230e-03, -1.54027432e-01,
       -6.19902899e-02]), 'neg_mean_absolute_error': array([ -9.65608455, -12.06520779,  -8.62768627, -10.89459644,
        -9.11887818,  -6.31254936,  -8.12457293,  -6.08734027,
        -7.55608306,  -7.66289589,  -7.82242379, -13.37063735,
       -15.55581545, -13.52692783,  -7.83910034,  -7.59863454,
       -13.39003089,  -6.87246533,  -8.73033028,  -9.88532005,
        -9.17311111, -14.42919338,  -8.31607035, -10.99778796,
        -7.81342759,  -9.54164444,  -8.84646152, -17.00114156,
       -10.48122222, -10.25894444, -12.39778001, -12.16552107,
       -13.27323533,  -8.47259049, -12.21227998, -11.76757355,
        -9.44361111,  -6.66440635,  -6.45660804,  -7.30797576,
        -7.60729672, -13.13406809, -14.05732554,  -8.74138205,
       -20.61888162,  -7.95099851,  -9.62984105,  -6.09016371,
        -9.18753888, -17.9020763 ,  -8.13881611, -14.16085502,
       -10.09210398]), 'neg_mean_squared_error': array([-140.10813762, -247.54003252,  -96.19707515, -194.79470261,
       -132.42348572,  -52.24652684, -131.22808811,  -95.40336127,
        -76.31710893,  -78.98967075, -104.11571699, -301.82893609,
       -460.0276897 , -295.0361089 ,  -89.01211256,  -90.53327339,
       -251.40597667,  -61.82832282,  -97.06697171, -222.35293286,
       -155.16934593, -385.53051609, -110.4565731 , -254.46208799,
       -115.43741377, -259.89836166, -139.13404254, -573.01017385,
       -225.12144813, -147.21148244, -256.59244326, -262.41027168,
       -350.99517716, -116.82146216, -202.15716494, -266.21205457,
       -171.20282029,  -80.27851452,  -68.1071949 , -111.83853172,
        -81.96097066, -322.69825914, -387.10764159, -168.9135061 ,
       -747.17698275, -108.80812198, -148.69526082,  -54.46671223,
       -219.85189291, -535.48389314, -119.03675005, -349.80701922,
       -247.86286236]), 'max_error': array([-33.76742623, -38.44713543, -16.54599217, -34.71866763,
       -26.76531466, -13.42595136, -30.32403809, -34.07017829,
       -15.22704687, -17.80132603, -25.30701736, -33.09601566,
       -63.86921335, -38.06492574, -19.3640085 , -15.9643521 ,
       -32.34441317, -11.96845609, -23.64202746, -47.65644025,
       -33.84941049, -48.32454809, -22.47443343, -48.50804584,
       -31.98141292, -47.32970006, -29.80384628, -63.15781851,
       -35.55772605, -28.08776439, -35.71717337, -39.5121724 ,
       -49.33165448, -25.29113711, -27.54150661, -47.49266549,
       -37.87486761, -25.74484284, -17.5638819 , -34.37728188,
       -19.47570738, -51.99777819, -50.52498597, -41.87493848,
       -70.13397818, -26.11697474, -32.0892978 , -13.43860241,
       -51.10473728, -48.28814412, -33.11387383, -42.76334012,
       -52.00158406]), 'explained_variance': array([-2.22044605e-16,  0.00000000e+00,  1.11022302e-16,  0.00000000e+00,
        0.00000000e+00,  0.00000000e+00,  0.00000000e+00, -2.22044605e-16,
        0.00000000e+00,  3.33066907e-16,  1.11022302e-16,  0.00000000e+00,
        0.00000000e+00,  0.00000000e+00,  2.22044605e-16,  0.00000000e+00,
        0.00000000e+00,  0.00000000e+00,  0.00000000e+00,  0.00000000e+00,
        2.22044605e-16, -2.22044605e-16, -2.22044605e-16, -2.22044605e-16,
        0.00000000e+00,  0.00000000e+00,  0.00000000e+00,  0.00000000e+00,
        1.11022302e-16, -2.22044605e-16, -2.22044605e-16,  0.00000000e+00,
        1.11022302e-16,  0.00000000e+00,  0.00000000e+00,  3.33066907e-16,
        0.00000000e+00,  0.00000000e+00,  0.00000000e+00,  0.00000000e+00,
        0.00000000e+00,  0.00000000e+00,  0.00000000e+00,  0.00000000e+00,
       -2.22044605e-16, -2.22044605e-16,  0.00000000e+00,  0.00000000e+00,
        0.00000000e+00, -2.22044605e-16,  0.00000000e+00, -2.22044605e-16,
        0.00000000e+00])}
         accs  y_pred (s)  y_true (s)
54    [11, 9]   16.981721      19.499
4    [46, 43]   23.735314      26.335
3    [46, 43]   23.735314      27.642
11   [46, 43]   23.735314      18.893
27   [28, 26]   20.059496      65.978
29   [28, 26]   20.059496      45.143
64    [11, 9]   16.981721      30.560
77   [15, 14]   17.637140      12.834
124  [24, 23]   18.203384      45.263
71    [11, 9]   16.981721       9.629
25   [28, 26]   20.059496      19.467
91     [3, 2]   14.623319      14.879
83   [15, 14]   17.637140      24.338
89   [15, 14]   17.637140      11.455
69    [11, 9]   16.981721       9.069
{'mse': 279.2027446567202, 'mae': 11.455219815917474, 'r2-score': -0.14197617723059786, 'max-error': 63.93203800826778, 'explained variance score': 0.06292946932234655, 'layers': ['mbconv3', 'mbconv4']}
