environment: line 5: __conda_exe: command not found
Using device: cuda
Using model: efficientnetB7
Number of videos: 64
Execution type : naive
Using 2 features
Job ID : 5
Plotting ?  yes
Calculate accumulators ?  no
The directory contains : 65 videos
Number of videos in the directory : 65
Number of videos in the dataframe : 64
['conv1', 'mbconv1', 'mbconv2', 'mbconv3', 'mbconv4', 'mbconv5', 'mbconv6', 'mbconv7', 'conv2', 'pool', 'output']
{'conv1': {'T_max': 395.51620042324066, 'T_min': 239.28720539808273, 'tau': 100, 'alpha': 50}, 'mbconv1': {'T_max': 1298.5398244857788, 'T_min': 929.1751428842545, 'tau': 100, 'alpha': 50}, 'mbconv2': {'T_max': 1391.3383300304413, 'T_min': 1003.122047662735, 'tau': 100, 'alpha': 50}, 'mbconv3': {'T_max': 776.5638054609299, 'T_min': 488.0033164024353, 'tau': 100, 'alpha': 50}, 'mbconv4': {'T_max': 372.1466582119465, 'T_min': 220.11169669032097, 'tau': 100, 'alpha': 50}, 'mbconv5': {'T_max': 456.8904039859772, 'T_min': 244.3836663365364, 'tau': 100, 'alpha': 50}, 'mbconv6': {'T_max': 290.0942441225052, 'T_min': 148.01406832039356, 'tau': 100, 'alpha': 50}, 'mbconv7': {'T_max': 172.54942694306374, 'T_min': 86.22373071312904, 'tau': 100, 'alpha': 50}, 'conv2': {'T_max': 75.42317940294743, 'T_min': 36.623642422258854, 'tau': 100, 'alpha': 50}, 'pool': {'T_max': 3.77721415925771, 'T_min': 1.8366734338924289, 'tau': 100, 'alpha': 50}, 'output': {'T_max': 11.04102703742683, 'T_min': 5.27929691132158, 'tau': 100, 'alpha': 50}}
Iterating over following combinations of layers :  [['conv1'], ['mbconv1'], ['mbconv2'], ['mbconv3'], ['mbconv4'], ['mbconv5'], ['mbconv6'], ['mbconv7'], ['conv2'], ['pool'], ['output'], ['conv1', 'mbconv1'], ['conv1', 'mbconv2'], ['conv1', 'mbconv3'], ['conv1', 'mbconv4'], ['conv1', 'mbconv5'], ['conv1', 'mbconv6'], ['conv1', 'mbconv7'], ['conv1', 'conv2'], ['conv1', 'pool'], ['conv1', 'output'], ['mbconv1', 'mbconv2'], ['mbconv1', 'mbconv3'], ['mbconv1', 'mbconv4'], ['mbconv1', 'mbconv5'], ['mbconv1', 'mbconv6'], ['mbconv1', 'mbconv7'], ['mbconv1', 'conv2'], ['mbconv1', 'pool'], ['mbconv1', 'output'], ['mbconv2', 'mbconv3'], ['mbconv2', 'mbconv4'], ['mbconv2', 'mbconv5'], ['mbconv2', 'mbconv6'], ['mbconv2', 'mbconv7'], ['mbconv2', 'conv2'], ['mbconv2', 'pool'], ['mbconv2', 'output'], ['mbconv3', 'mbconv4'], ['mbconv3', 'mbconv5'], ['mbconv3', 'mbconv6'], ['mbconv3', 'mbconv7'], ['mbconv3', 'conv2'], ['mbconv3', 'pool'], ['mbconv3', 'output'], ['mbconv4', 'mbconv5'], ['mbconv4', 'mbconv6'], ['mbconv4', 'mbconv7'], ['mbconv4', 'conv2'], ['mbconv4', 'pool'], ['mbconv4', 'output'], ['mbconv5', 'mbconv6'], ['mbconv5', 'mbconv7'], ['mbconv5', 'conv2'], ['mbconv5', 'pool'], ['mbconv5', 'output'], ['mbconv6', 'mbconv7'], ['mbconv6', 'conv2'], ['mbconv6', 'pool'], ['mbconv6', 'output'], ['mbconv7', 'conv2'], ['mbconv7', 'pool'], ['mbconv7', 'output'], ['conv2', 'pool'], ['conv2', 'output'], ['pool', 'output']]
[['mbconv5']]
Generating the training set for videos : 
TRAINING SET : contains 962 samples, 37 patients based on 56 videos
TEST SET : contains 127 samples, 37 patients based on 8 videos
Dataset constituted.
--------------------NAIVE IMPLEMENTATION-------------------
Number of folds : 53
Grid search.
The best parameters are : {'C': 100.0}
Metrics obtained during CV : 
{'r2': array([-1.17519409e-01, -3.70752606e-01, -1.18087663e-02, -5.30591459e-02,
       -4.10009800e-02, -4.77977208e-02, -2.17408374e-03, -6.45346463e-02,
       -4.82772155e-02, -2.07471132e-02, -2.56418566e-02, -7.42141457e-01,
       -4.00661550e-01, -3.54422610e-01, -5.22487099e-02, -4.75335839e-01,
       -7.29370695e-03, -8.47715931e-01, -2.81459868e-02, -1.12490418e-01,
       -2.48622612e-02, -7.56682572e-01, -2.49987506e-02, -3.02448474e-01,
       -2.47669269e-02, -2.38064231e-02, -6.55247151e-02, -1.65848606e-01,
       -8.93262362e-02, -8.88452788e-03, -2.31884850e-01, -3.93362760e-01,
       -5.09829249e-01, -2.38265672e-02, -3.20498942e-01, -3.41521431e-01,
       -1.35596925e-01, -2.08150847e-03, -3.01818175e-03, -2.97468356e-03,
       -7.71203633e-04, -3.23878799e-01, -5.79602541e-01, -6.28052639e-02,
       -9.10914762e-02, -1.52240058e-02, -1.78845357e-01, -9.21134624e-03,
       -1.83292091e-01, -8.90800320e-01, -3.08967397e-02, -1.41508970e-01,
       -7.42287922e-02]), 'neg_mean_absolute_error': array([ -8.29361694, -12.39074785,  -8.61806909, -10.96176153,
        -9.10938028,  -5.84644484,  -8.42679171,  -6.09544329,
        -7.06721844,  -7.2876137 ,  -7.57600068, -14.66107296,
       -14.97570468, -14.36188039,  -6.97765894,  -9.0704999 ,
       -13.6436764 ,  -6.27929566,  -8.67614016,  -9.56332315,
        -9.17311111, -14.33063551,  -8.27738106, -11.00127966,
        -7.9928573 ,  -9.83669139,  -9.18932232, -15.19628994,
       -10.55887132, -10.25894444, -12.14526151, -12.05393713,
       -12.81046398,  -8.92263433, -11.89450264, -11.4631653 ,
        -9.44361111,  -6.89863742,  -5.85076963,  -7.13681666,
        -7.19110391, -12.73068516, -14.05255148,  -8.67760677,
       -19.58377778,  -7.87659121,  -9.66994773,  -5.19535492,
        -8.83304586, -18.83806169,  -8.22789607, -14.1254109 ,
       -10.00246038]), 'neg_mean_squared_error': array([-124.63397993, -261.62520728,  -96.11832598, -185.36614962,
       -133.21764923,  -48.35538903, -127.74289096,  -98.86583458,
        -68.40107691,  -79.35024181,  -95.55114336, -359.29913221,
       -422.91112842, -345.28768784,  -76.69690855, -120.57915235,
       -252.09582192,  -52.04715823,  -98.43028107, -205.48278239,
       -148.19492229, -380.95397669, -111.1343832 , -254.70352173,
       -116.63003908, -247.56815281, -148.1110118 , -454.32247542,
       -205.21566538, -147.57829124, -241.63464772, -258.06135685,
       -327.99501755, -118.85982249, -187.54358787, -254.71221774,
       -186.50852935,  -74.41528806,  -64.06778924, -107.72417729,
        -80.61725442, -300.81512053, -386.90279027, -164.99948336,
       -642.1761805 , -104.04803144, -154.83956364,  -43.99348209,
       -209.05445396, -587.87531114, -122.54791003, -346.01244214,
       -250.71926344]), 'max_error': array([-35.49321854, -39.33074416, -16.58253745, -33.4425309 ,
       -26.94577465, -14.40994979, -28.9107915 , -34.92742252,
       -16.77876994, -20.19033966, -23.54301287, -35.69076238,
       -62.29462699, -41.23774549, -21.42792573, -19.2302271 ,
       -29.92771615, -11.05332887, -24.12973856, -46.07890832,
       -32.49440271, -48.14714392, -22.69507047, -48.52375847,
       -31.57769606, -45.47613877, -27.14803304, -57.65760944,
       -33.59907907, -28.26195188, -34.68692678, -39.26110855,
       -48.29041895, -24.48105821, -26.53376186, -46.80774693,
       -39.95496577, -23.68488161, -19.18203667, -32.83684995,
       -20.4121412 , -50.80522216, -50.51639267, -41.30096092,
       -64.86187321, -24.85205054, -32.77111149, -17.36996633,
       -50.22415594, -49.94464079, -34.62823326, -42.47978717,
       -52.36015847]), 'explained_variance': array([-2.22044605e-16,  0.00000000e+00,  1.11022302e-16,  1.11022302e-16,
        0.00000000e+00,  0.00000000e+00,  0.00000000e+00,  0.00000000e+00,
        0.00000000e+00,  2.22044605e-16,  0.00000000e+00, -2.22044605e-16,
        0.00000000e+00,  0.00000000e+00,  2.22044605e-16,  0.00000000e+00,
        0.00000000e+00,  0.00000000e+00,  0.00000000e+00,  0.00000000e+00,
        0.00000000e+00, -2.22044605e-16, -2.22044605e-16,  1.11022302e-16,
        0.00000000e+00,  0.00000000e+00,  0.00000000e+00,  0.00000000e+00,
        1.11022302e-16, -2.22044605e-16, -2.22044605e-16,  0.00000000e+00,
        0.00000000e+00,  0.00000000e+00,  0.00000000e+00,  3.33066907e-16,
       -4.44089210e-16,  0.00000000e+00,  0.00000000e+00,  2.22044605e-16,
        0.00000000e+00,  0.00000000e+00,  0.00000000e+00,  0.00000000e+00,
       -4.44089210e-16, -2.22044605e-16,  0.00000000e+00,  0.00000000e+00,
        0.00000000e+00, -2.22044605e-16,  1.11022302e-16,  0.00000000e+00,
        0.00000000e+00])}
     accs  y_pred (s)  y_true (s)
54    [9]   14.942547      19.499
4    [42]   24.012611      26.335
3    [42]   24.012611      27.642
11   [42]   24.012611      18.893
27   [25]   18.989394      65.978
29   [25]   18.989394      45.143
64    [9]   14.942547      30.560
77   [14]   17.643655      12.834
124  [24]   17.906904      45.263
71    [9]   14.942547       9.629
25   [25]   18.989394      19.467
91    [5]   17.028813      14.879
83   [14]   17.643655      24.338
89   [14]   17.643655      11.455
69    [9]   14.942547       9.069
{'mse': 281.5699853624104, 'mae': 11.447541789842715, 'r2-score': -0.15165850501355904, 'max-error': 65.50612409830998, 'explained variance score': 0.07223156209914638, 'layers': ['mbconv5']}
