environment: line 5: __conda_exe: command not found
Using device: cuda
Using model: efficientnetB7
Number of videos: 64
Execution type : naive
Using 2 features
Job ID : 32
Plotting ?  yes
Calculate accumulators ?  no
The directory contains : 65 videos
Number of videos in the directory : 65
Number of videos in the dataframe : 64
['conv1', 'mbconv1', 'mbconv2', 'mbconv3', 'mbconv4', 'mbconv5', 'mbconv6', 'mbconv7', 'conv2', 'pool', 'output']
{'conv1': {'T_max': 395.51620042324066, 'T_min': 239.28720539808273, 'tau': 100, 'alpha': 50}, 'mbconv1': {'T_max': 1298.5398244857788, 'T_min': 929.1751428842545, 'tau': 100, 'alpha': 50}, 'mbconv2': {'T_max': 1391.3383300304413, 'T_min': 1003.122047662735, 'tau': 100, 'alpha': 50}, 'mbconv3': {'T_max': 776.5638054609299, 'T_min': 488.0033164024353, 'tau': 100, 'alpha': 50}, 'mbconv4': {'T_max': 372.1466582119465, 'T_min': 220.11169669032097, 'tau': 100, 'alpha': 50}, 'mbconv5': {'T_max': 456.8904039859772, 'T_min': 244.3836663365364, 'tau': 100, 'alpha': 50}, 'mbconv6': {'T_max': 290.0942441225052, 'T_min': 148.01406832039356, 'tau': 100, 'alpha': 50}, 'mbconv7': {'T_max': 172.54942694306374, 'T_min': 86.22373071312904, 'tau': 100, 'alpha': 50}, 'conv2': {'T_max': 75.42317940294743, 'T_min': 36.623642422258854, 'tau': 100, 'alpha': 50}, 'pool': {'T_max': 3.77721415925771, 'T_min': 1.8366734338924289, 'tau': 100, 'alpha': 50}, 'output': {'T_max': 11.04102703742683, 'T_min': 5.27929691132158, 'tau': 100, 'alpha': 50}}
Iterating over following combinations of layers :  [['conv1'], ['mbconv1'], ['mbconv2'], ['mbconv3'], ['mbconv4'], ['mbconv5'], ['mbconv6'], ['mbconv7'], ['conv2'], ['pool'], ['output'], ['conv1', 'mbconv1'], ['conv1', 'mbconv2'], ['conv1', 'mbconv3'], ['conv1', 'mbconv4'], ['conv1', 'mbconv5'], ['conv1', 'mbconv6'], ['conv1', 'mbconv7'], ['conv1', 'conv2'], ['conv1', 'pool'], ['conv1', 'output'], ['mbconv1', 'mbconv2'], ['mbconv1', 'mbconv3'], ['mbconv1', 'mbconv4'], ['mbconv1', 'mbconv5'], ['mbconv1', 'mbconv6'], ['mbconv1', 'mbconv7'], ['mbconv1', 'conv2'], ['mbconv1', 'pool'], ['mbconv1', 'output'], ['mbconv2', 'mbconv3'], ['mbconv2', 'mbconv4'], ['mbconv2', 'mbconv5'], ['mbconv2', 'mbconv6'], ['mbconv2', 'mbconv7'], ['mbconv2', 'conv2'], ['mbconv2', 'pool'], ['mbconv2', 'output'], ['mbconv3', 'mbconv4'], ['mbconv3', 'mbconv5'], ['mbconv3', 'mbconv6'], ['mbconv3', 'mbconv7'], ['mbconv3', 'conv2'], ['mbconv3', 'pool'], ['mbconv3', 'output'], ['mbconv4', 'mbconv5'], ['mbconv4', 'mbconv6'], ['mbconv4', 'mbconv7'], ['mbconv4', 'conv2'], ['mbconv4', 'pool'], ['mbconv4', 'output'], ['mbconv5', 'mbconv6'], ['mbconv5', 'mbconv7'], ['mbconv5', 'conv2'], ['mbconv5', 'pool'], ['mbconv5', 'output'], ['mbconv6', 'mbconv7'], ['mbconv6', 'conv2'], ['mbconv6', 'pool'], ['mbconv6', 'output'], ['mbconv7', 'conv2'], ['mbconv7', 'pool'], ['mbconv7', 'output'], ['conv2', 'pool'], ['conv2', 'output'], ['pool', 'output']]
[['mbconv2', 'mbconv5']]
Generating the training set for videos : 
TRAINING SET : contains 962 samples, 37 patients based on 56 videos
TEST SET : contains 127 samples, 37 patients based on 8 videos
Dataset constituted.
--------------------NAIVE IMPLEMENTATION-------------------
Number of folds : 53
Grid search.
The best parameters are : {'C': 100.0}
Metrics obtained during CV : 
{'r2': array([-6.82740182e-03, -4.61557002e-01, -4.70519352e-02, -1.89428328e-01,
       -3.50252273e-02, -4.78174602e-02, -2.96028041e-02, -8.38488921e-02,
       -1.48277941e-02, -1.28917572e-02, -2.70084912e-02, -8.06827516e-01,
       -3.72249395e-01, -2.85093760e-01, -2.09310028e-01, -4.46343421e-03,
       -6.42114157e-02, -8.37695072e-01, -4.47916476e-03, -2.53650111e-01,
       -9.60657111e-02, -8.22417134e-01, -1.36536060e-01, -1.70541567e-01,
       -3.54056692e-03, -1.00852813e-01, -2.04847637e-04, -6.64108596e-02,
       -2.34847982e-01, -7.21205059e-02, -3.18720048e-03, -1.64573734e-01,
       -3.19996550e-01, -1.05599912e-02, -1.44761932e-01, -7.42242514e-02,
       -1.44180049e-02, -5.21101908e-02, -2.47360092e-02, -1.65130402e-02,
       -9.72133322e-05, -3.66187576e-01, -7.39739523e-01, -4.01997360e-01,
       -7.08313854e-02, -8.14099866e-02, -2.37213739e-01, -4.82780484e-02,
       -3.35706995e-01, -7.82887978e-01, -8.19383599e-02, -6.68537673e-03,
       -5.68314674e-02]), 'neg_mean_absolute_error': array([ -6.65739795, -12.74950715,  -8.9557628 , -10.84162526,
       -10.22440767,  -5.84659009,  -9.28454064,  -6.11346455,
        -6.85899953,  -7.32813888,  -7.57814031, -14.96670194,
       -14.82938585, -14.10392545,  -7.78092653,  -7.5902685 ,
       -14.31299196,  -6.26252466,  -8.93129091, -10.04286868,
        -9.17311111, -14.63331657,  -8.43030996, -10.7375684 ,
        -7.57455914,  -9.46547887,  -8.82497151, -15.06666667,
       -10.48122222, -10.25894444, -11.7473445 , -11.04701416,
       -11.83872836,  -8.61377966, -11.40284216, -11.64677741,
        -9.44361111,  -6.71840137,  -6.11729148,  -7.22198539,
        -7.11965744, -12.91172696, -14.91128155, -12.60345027,
       -19.58377778,  -7.97302692,  -9.79866421,  -5.52777771,
        -9.65289432, -18.22816358,  -8.29874885, -14.59269357,
       -10.13253135]), 'neg_mean_squared_error': array([-112.28879355, -278.95635706,  -99.46630488, -209.37071799,
       -132.45292783,  -48.3563    , -131.23911392, -100.65959398,
        -66.21847062,  -78.73958675,  -95.67846216, -372.63998061,
       -414.33245621, -327.61344177,  -88.14488417,  -82.09476529,
       -266.34064094,  -51.7648869 ,  -96.16452117, -231.55571388,
       -158.49092999, -395.20916618, -123.22769563, -228.90814146,
       -114.21423981, -266.19885484, -139.03136164, -415.57233001,
       -232.63017248, -156.82836627, -196.77552314, -215.68789318,
       -286.75579817, -117.31965648, -162.58457556, -203.96099162,
       -166.60630724,  -78.13045372,  -65.45501553, -109.17826019,
        -80.56296105, -310.42862882, -426.1262301 , -217.65872634,
       -630.25183865, -110.83128418, -162.50616282,  -45.69647549,
       -235.98188351, -554.32390923, -128.61548561, -305.1449221 ,
       -246.65882074]), 'max_error': array([-38.24091985, -40.30451941, -15.52750097, -36.16087997,
       -22.53803634, -14.40964314, -26.44185865, -35.26982648,
       -17.5700018 , -19.92145377, -23.58366595, -36.21866699,
       -61.89747588, -40.25751671, -19.47348844, -16.70870049,
       -27.27002181, -11.02436078, -21.83338179, -48.36540906,
       -34.32540816, -48.69196982, -24.89628963, -46.60811558,
       -32.62182259, -48.0151902 , -29.99725637, -54.70555408,
       -36.14839033, -30.36997338, -28.73339946, -36.24656374,
       -46.10401381, -25.03699662, -24.32128973, -35.00112582,
       -36.77466044, -25.25888769, -18.36412557, -33.60336854,
       -20.57289577, -51.34834756, -52.0621068 , -30.27840793,
       -63.99645956, -26.49145757, -33.50625832, -15.28559295,
       -52.2348862 , -48.90408676, -35.83273047, -37.35397573,
       -51.83987459]), 'explained_variance': array([-2.22044605e-16,  0.00000000e+00,  1.11022302e-16,  0.00000000e+00,
        0.00000000e+00,  0.00000000e+00,  0.00000000e+00, -2.22044605e-16,
        0.00000000e+00,  3.33066907e-16,  0.00000000e+00, -2.22044605e-16,
        0.00000000e+00,  1.11022302e-16,  2.22044605e-16,  0.00000000e+00,
        0.00000000e+00,  0.00000000e+00,  0.00000000e+00, -2.22044605e-16,
        2.22044605e-16, -2.22044605e-16, -2.22044605e-16, -2.22044605e-16,
        0.00000000e+00,  0.00000000e+00,  0.00000000e+00,  1.11022302e-16,
        1.11022302e-16,  0.00000000e+00,  0.00000000e+00,  0.00000000e+00,
        1.11022302e-16,  0.00000000e+00,  0.00000000e+00,  3.33066907e-16,
       -2.22044605e-16,  0.00000000e+00,  0.00000000e+00,  0.00000000e+00,
        0.00000000e+00,  0.00000000e+00,  0.00000000e+00,  2.22044605e-16,
        0.00000000e+00, -2.22044605e-16,  0.00000000e+00,  0.00000000e+00,
        0.00000000e+00, -2.22044605e-16,  0.00000000e+00, -2.22044605e-16,
       -2.22044605e-16])}
         accs  y_pred (s)  y_true (s)
54    [10, 9]   15.298661      19.499
4    [52, 42]   23.673918      26.335
3    [52, 42]   23.673918      27.642
11   [52, 42]   23.673918      18.893
27   [29, 25]   16.884993      65.978
29   [29, 25]   16.884993      45.143
64    [10, 9]   15.298661      30.560
77   [16, 14]   16.359945      12.834
124  [26, 24]   19.236274      45.263
71    [10, 9]   15.298661       9.629
25   [29, 25]   16.884993      19.467
91     [2, 5]   17.108452      14.879
83   [16, 14]   16.359945      24.338
89   [16, 14]   16.359945      11.455
69    [10, 9]   15.298661       9.069
{'mse': 280.8810260457668, 'mae': 11.467645238020497, 'r2-score': -0.14884057022693864, 'max-error': 62.44381271709992, 'explained variance score': 0.0687275566522455, 'layers': ['mbconv2', 'mbconv5']}
