environment: line 5: __conda_exe: command not found
Using device: cuda
Using model: efficientnetB7
Number of videos: 64
Execution type : naive
Using 2 features
Job ID : 40
Plotting ?  yes
Calculate accumulators ?  no
The directory contains : 65 videos
Number of videos in the directory : 65
Number of videos in the dataframe : 64
['conv1', 'mbconv1', 'mbconv2', 'mbconv3', 'mbconv4', 'mbconv5', 'mbconv6', 'mbconv7', 'conv2', 'pool', 'output']
{'conv1': {'T_max': 395.51620042324066, 'T_min': 239.28720539808273, 'tau': 100, 'alpha': 50}, 'mbconv1': {'T_max': 1298.5398244857788, 'T_min': 929.1751428842545, 'tau': 100, 'alpha': 50}, 'mbconv2': {'T_max': 1391.3383300304413, 'T_min': 1003.122047662735, 'tau': 100, 'alpha': 50}, 'mbconv3': {'T_max': 776.5638054609299, 'T_min': 488.0033164024353, 'tau': 100, 'alpha': 50}, 'mbconv4': {'T_max': 372.1466582119465, 'T_min': 220.11169669032097, 'tau': 100, 'alpha': 50}, 'mbconv5': {'T_max': 456.8904039859772, 'T_min': 244.3836663365364, 'tau': 100, 'alpha': 50}, 'mbconv6': {'T_max': 290.0942441225052, 'T_min': 148.01406832039356, 'tau': 100, 'alpha': 50}, 'mbconv7': {'T_max': 172.54942694306374, 'T_min': 86.22373071312904, 'tau': 100, 'alpha': 50}, 'conv2': {'T_max': 75.42317940294743, 'T_min': 36.623642422258854, 'tau': 100, 'alpha': 50}, 'pool': {'T_max': 3.77721415925771, 'T_min': 1.8366734338924289, 'tau': 100, 'alpha': 50}, 'output': {'T_max': 11.04102703742683, 'T_min': 5.27929691132158, 'tau': 100, 'alpha': 50}}
Iterating over following combinations of layers :  [['conv1'], ['mbconv1'], ['mbconv2'], ['mbconv3'], ['mbconv4'], ['mbconv5'], ['mbconv6'], ['mbconv7'], ['conv2'], ['pool'], ['output'], ['conv1', 'mbconv1'], ['conv1', 'mbconv2'], ['conv1', 'mbconv3'], ['conv1', 'mbconv4'], ['conv1', 'mbconv5'], ['conv1', 'mbconv6'], ['conv1', 'mbconv7'], ['conv1', 'conv2'], ['conv1', 'pool'], ['conv1', 'output'], ['mbconv1', 'mbconv2'], ['mbconv1', 'mbconv3'], ['mbconv1', 'mbconv4'], ['mbconv1', 'mbconv5'], ['mbconv1', 'mbconv6'], ['mbconv1', 'mbconv7'], ['mbconv1', 'conv2'], ['mbconv1', 'pool'], ['mbconv1', 'output'], ['mbconv2', 'mbconv3'], ['mbconv2', 'mbconv4'], ['mbconv2', 'mbconv5'], ['mbconv2', 'mbconv6'], ['mbconv2', 'mbconv7'], ['mbconv2', 'conv2'], ['mbconv2', 'pool'], ['mbconv2', 'output'], ['mbconv3', 'mbconv4'], ['mbconv3', 'mbconv5'], ['mbconv3', 'mbconv6'], ['mbconv3', 'mbconv7'], ['mbconv3', 'conv2'], ['mbconv3', 'pool'], ['mbconv3', 'output'], ['mbconv4', 'mbconv5'], ['mbconv4', 'mbconv6'], ['mbconv4', 'mbconv7'], ['mbconv4', 'conv2'], ['mbconv4', 'pool'], ['mbconv4', 'output'], ['mbconv5', 'mbconv6'], ['mbconv5', 'mbconv7'], ['mbconv5', 'conv2'], ['mbconv5', 'pool'], ['mbconv5', 'output'], ['mbconv6', 'mbconv7'], ['mbconv6', 'conv2'], ['mbconv6', 'pool'], ['mbconv6', 'output'], ['mbconv7', 'conv2'], ['mbconv7', 'pool'], ['mbconv7', 'output'], ['conv2', 'pool'], ['conv2', 'output'], ['pool', 'output']]
[['mbconv3', 'mbconv6']]
Generating the training set for videos : 
TRAINING SET : contains 962 samples, 37 patients based on 56 videos
TEST SET : contains 127 samples, 37 patients based on 8 videos
Dataset constituted.
--------------------NAIVE IMPLEMENTATION-------------------
Number of folds : 53
Grid search.
The best parameters are : {'C': 100.0}
Metrics obtained during CV : 
{'r2': array([-6.64161244e-02, -2.20319111e-01, -2.19616521e-02, -1.93136136e-02,
       -1.47728345e-01, -9.82989255e-03, -1.00843110e-01, -9.99482549e-02,
       -1.78618129e-01, -1.94158632e-02, -6.03067935e-02, -6.73280905e-01,
       -3.75671308e-01, -5.64689653e-01, -9.67726312e-02, -1.98784230e-01,
       -6.86338335e-03, -7.15057626e-01, -1.12805808e-01, -1.26425573e-01,
       -1.29647378e-01, -1.03503835e+00, -9.37240919e-02, -6.55211472e-01,
       -4.67940044e-03, -6.98933069e-02, -3.66155643e-02, -1.22186661e-01,
       -2.21877399e-01, -5.57197288e-02, -3.59562796e-01, -2.30224885e-01,
       -4.87101615e-01, -5.75054197e-02, -3.21160482e-01, -2.57350131e-04,
       -1.66547512e-01, -6.82284478e-02, -1.10202238e-01, -1.33883499e-02,
       -5.98936326e-03, -2.94675111e-01, -4.45406815e-01, -1.36486836e-02,
       -1.68379778e-03, -4.34368087e-02, -2.41708746e-01, -1.33682676e-02,
       -1.18890225e-01, -1.18194538e+00, -5.93260917e-02, -1.38696060e-01,
       -3.85269893e-02]), 'neg_mean_absolute_error': array([ -7.60559029, -11.7736661 ,  -8.71945056, -11.0255658 ,
       -11.04630175,  -5.50961144, -10.06268254,  -6.12694585,
        -7.59746293,  -7.29222316,  -7.67411375, -14.32069099,
       -14.84729726, -15.01787521,  -7.23716358,  -7.97859151,
       -13.63728765,  -6.04852337,  -8.49339021,  -9.59566706,
        -9.17311111, -15.67854746,  -8.35700011, -12.80382287,
        -7.60622062,  -9.55739817,  -8.661     , -15.06974579,
       -10.48122222, -10.25894444, -12.65642855, -11.37007272,
       -12.70501992,  -9.43409822, -11.89604917, -10.6053758 ,
        -9.44361111,  -6.68687179,  -6.7253511 ,  -7.20725173,
        -6.81494615, -12.59871994, -13.23587355,  -9.25928698,
       -19.97252464,  -7.92722683,  -9.814146  ,  -5.18772506,
        -8.75586245, -20.47361253,  -8.2713764 , -14.11723332,
       -10.29336493]), 'neg_mean_squared_error': array([-118.93456596, -232.91310119,  -97.08281494, -179.42604699,
       -146.87562746,  -46.603191  , -140.31981435, -102.15477964,
        -76.90594445,  -79.24675388,  -98.78060824, -345.09733675,
       -415.36565734, -398.8917997 ,  -79.9421937 ,  -97.97659787,
       -251.98812465,  -48.31038912, -106.53524879, -208.05667818,
       -163.34683381, -441.31817829, -118.58585415, -323.68895924,
       -114.34385192, -258.71249068, -144.09255638, -437.30774217,
       -230.18667417, -154.42928234, -266.67872195, -227.84698445,
       -323.05767074, -122.76972535, -187.63754298, -189.91703151,
       -191.59180165,  -79.32740698,  -70.91417113, -108.84265382,
        -81.03760395, -294.17938399, -354.03331883, -157.36797209,
       -589.55412019, -106.93949834, -163.09657529,  -44.17469036,
       -197.67645436, -678.39623538, -125.92745091, -345.15979732,
       -242.38665329]), 'max_error': array([-36.39190649, -37.40333119, -16.19728786, -32.23024988,
       -20.30718097, -15.2216261 , -24.79911464, -35.52597111,
       -15.13968938, -20.14892001, -24.36772039, -35.1028299 ,
       -61.94609255, -43.73052579, -20.72355601, -17.02802651,
       -29.96817822, -10.65472219, -25.77448813, -46.35300179,
       -34.92811284, -50.31915452, -24.23650099, -52.1526294 ,
       -32.52683815, -47.18791645, -32.42202951, -56.5187121 ,
       -35.96210142, -29.97687143, -36.34083923, -37.25555149,
       -48.05316982, -23.5604232 , -26.54072125, -38.53411781,
       -40.4658891 , -25.54265386, -16.96796802, -33.47076559,
       -21.35599233, -50.40932649, -49.04637239, -36.7227293 ,
       -58.53527827, -25.71285613, -33.55889641, -17.49967393,
       -49.11666157, -52.47231027, -35.36739883, -42.41436658,
       -51.1965403 ]), 'explained_variance': array([-4.44089210e-16,  0.00000000e+00,  1.11022302e-16,  1.11022302e-16,
        0.00000000e+00,  0.00000000e+00,  0.00000000e+00,  0.00000000e+00,
        0.00000000e+00,  3.33066907e-16,  0.00000000e+00,  0.00000000e+00,
        0.00000000e+00,  0.00000000e+00,  2.22044605e-16,  0.00000000e+00,
        0.00000000e+00,  0.00000000e+00,  0.00000000e+00, -2.22044605e-16,
        0.00000000e+00,  0.00000000e+00, -2.22044605e-16,  0.00000000e+00,
        0.00000000e+00,  0.00000000e+00,  0.00000000e+00,  0.00000000e+00,
        1.11022302e-16, -2.22044605e-16,  0.00000000e+00,  0.00000000e+00,
        1.11022302e-16,  0.00000000e+00,  0.00000000e+00,  3.33066907e-16,
        0.00000000e+00,  0.00000000e+00, -2.22044605e-16,  2.22044605e-16,
        0.00000000e+00,  0.00000000e+00,  0.00000000e+00,  0.00000000e+00,
       -2.22044605e-16, -2.22044605e-16, -2.22044605e-16,  0.00000000e+00,
        0.00000000e+00,  0.00000000e+00, -2.22044605e-16, -2.22044605e-16,
       -2.22044605e-16])}
         accs  y_pred (s)  y_true (s)
54    [11, 7]   20.058352      19.499
4    [46, 42]   26.659416      26.335
3    [46, 42]   26.659416      27.642
11   [46, 42]   26.659416      18.893
27   [28, 24]   17.328836      65.978
29   [28, 24]   17.328836      45.143
64    [11, 7]   20.058352      30.560
77   [15, 15]   16.286590      12.834
124  [24, 24]   17.501962      45.263
71    [11, 7]   20.058352       9.629
25   [28, 24]   17.328836      19.467
91     [3, 4]   16.081921      14.879
83   [15, 15]   16.286590      24.338
89   [15, 15]   16.286590      11.455
69    [11, 7]   20.058352       9.069
{'mse': 282.03470549961685, 'mae': 11.464237290419675, 'r2-score': -0.1535592718789478, 'max-error': 63.49645616769399, 'explained variance score': 0.028538108728811906, 'layers': ['mbconv3', 'mbconv6']}
