environment: line 5: __conda_exe: command not found
Using device: cuda
Using model: efficientnetB7
Number of videos: 64
Execution type : naive
Using 2 features
Job ID : 39
Plotting ?  yes
Calculate accumulators ?  no
The directory contains : 65 videos
Number of videos in the directory : 65
Number of videos in the dataframe : 64
['conv1', 'mbconv1', 'mbconv2', 'mbconv3', 'mbconv4', 'mbconv5', 'mbconv6', 'mbconv7', 'conv2', 'pool', 'output']
{'conv1': {'T_max': 395.51620042324066, 'T_min': 239.28720539808273, 'tau': 100, 'alpha': 50}, 'mbconv1': {'T_max': 1298.5398244857788, 'T_min': 929.1751428842545, 'tau': 100, 'alpha': 50}, 'mbconv2': {'T_max': 1391.3383300304413, 'T_min': 1003.122047662735, 'tau': 100, 'alpha': 50}, 'mbconv3': {'T_max': 776.5638054609299, 'T_min': 488.0033164024353, 'tau': 100, 'alpha': 50}, 'mbconv4': {'T_max': 372.1466582119465, 'T_min': 220.11169669032097, 'tau': 100, 'alpha': 50}, 'mbconv5': {'T_max': 456.8904039859772, 'T_min': 244.3836663365364, 'tau': 100, 'alpha': 50}, 'mbconv6': {'T_max': 290.0942441225052, 'T_min': 148.01406832039356, 'tau': 100, 'alpha': 50}, 'mbconv7': {'T_max': 172.54942694306374, 'T_min': 86.22373071312904, 'tau': 100, 'alpha': 50}, 'conv2': {'T_max': 75.42317940294743, 'T_min': 36.623642422258854, 'tau': 100, 'alpha': 50}, 'pool': {'T_max': 3.77721415925771, 'T_min': 1.8366734338924289, 'tau': 100, 'alpha': 50}, 'output': {'T_max': 11.04102703742683, 'T_min': 5.27929691132158, 'tau': 100, 'alpha': 50}}
Iterating over following combinations of layers :  [['conv1'], ['mbconv1'], ['mbconv2'], ['mbconv3'], ['mbconv4'], ['mbconv5'], ['mbconv6'], ['mbconv7'], ['conv2'], ['pool'], ['output'], ['conv1', 'mbconv1'], ['conv1', 'mbconv2'], ['conv1', 'mbconv3'], ['conv1', 'mbconv4'], ['conv1', 'mbconv5'], ['conv1', 'mbconv6'], ['conv1', 'mbconv7'], ['conv1', 'conv2'], ['conv1', 'pool'], ['conv1', 'output'], ['mbconv1', 'mbconv2'], ['mbconv1', 'mbconv3'], ['mbconv1', 'mbconv4'], ['mbconv1', 'mbconv5'], ['mbconv1', 'mbconv6'], ['mbconv1', 'mbconv7'], ['mbconv1', 'conv2'], ['mbconv1', 'pool'], ['mbconv1', 'output'], ['mbconv2', 'mbconv3'], ['mbconv2', 'mbconv4'], ['mbconv2', 'mbconv5'], ['mbconv2', 'mbconv6'], ['mbconv2', 'mbconv7'], ['mbconv2', 'conv2'], ['mbconv2', 'pool'], ['mbconv2', 'output'], ['mbconv3', 'mbconv4'], ['mbconv3', 'mbconv5'], ['mbconv3', 'mbconv6'], ['mbconv3', 'mbconv7'], ['mbconv3', 'conv2'], ['mbconv3', 'pool'], ['mbconv3', 'output'], ['mbconv4', 'mbconv5'], ['mbconv4', 'mbconv6'], ['mbconv4', 'mbconv7'], ['mbconv4', 'conv2'], ['mbconv4', 'pool'], ['mbconv4', 'output'], ['mbconv5', 'mbconv6'], ['mbconv5', 'mbconv7'], ['mbconv5', 'conv2'], ['mbconv5', 'pool'], ['mbconv5', 'output'], ['mbconv6', 'mbconv7'], ['mbconv6', 'conv2'], ['mbconv6', 'pool'], ['mbconv6', 'output'], ['mbconv7', 'conv2'], ['mbconv7', 'pool'], ['mbconv7', 'output'], ['conv2', 'pool'], ['conv2', 'output'], ['pool', 'output']]
[['mbconv3', 'mbconv5']]
Generating the training set for videos : 
TRAINING SET : contains 962 samples, 37 patients based on 56 videos
TEST SET : contains 127 samples, 37 patients based on 8 videos
Dataset constituted.
--------------------NAIVE IMPLEMENTATION-------------------
Number of folds : 53
Grid search.
The best parameters are : {'C': 10.0}
Metrics obtained during CV : 
{'r2': array([-1.54822594e-01, -3.14504282e-01, -6.91266564e-03, -1.44710488e-01,
       -5.63031592e-05, -6.43661580e-02, -1.39003432e-02, -5.02925455e-02,
       -1.51979391e-01, -4.19989322e-03, -1.34346167e-01, -6.52185466e-01,
       -5.40724307e-01, -3.07292177e-01, -2.15151927e-01, -3.68445177e-01,
       -9.65765533e-04, -1.20338756e+00, -5.65287379e-03, -2.12437091e-01,
       -1.74146226e-01, -8.71872077e-01, -8.84429951e-02, -3.62132217e-01,
       -2.42613600e-02, -1.53966486e-01, -1.30428729e-02, -2.89853914e-01,
       -2.78108130e-01, -2.86314457e-03, -6.02137801e-02, -3.48778788e-01,
       -6.02698982e-01, -4.64557057e-02, -2.43678047e-01, -2.20193624e-03,
       -4.97490916e-02, -7.00724091e-02, -3.92831850e-02, -3.97439486e-02,
       -1.85201288e-03, -5.04866669e-01, -7.09274830e-01, -6.24287040e-02,
       -9.75812917e-02, -5.51991729e-02, -1.58283367e-01, -8.84221939e-02,
       -2.69433558e-01, -8.58496824e-01, -2.07825888e-02, -6.12809622e-02,
       -7.12304578e-02]), 'neg_mean_absolute_error': array([ -8.71602062, -12.14598851,  -8.55259823, -10.85697446,
        -9.55830498,  -5.95932224,  -8.22066343,  -6.08034018,
        -7.47200893,  -7.57642478,  -7.85845523, -14.21296304,
       -15.64440042, -14.18963136,  -7.8070572 ,  -8.66866498,
       -13.42024095,  -6.88859782,  -8.7767919 ,  -9.91382444,
        -9.17311111, -14.8575399 ,  -8.3468764 , -11.16231865,
        -7.98520211,  -9.50800481,  -8.95583064, -15.93721465,
       -10.5092368 , -10.25894444, -11.61165879, -11.87250892,
       -13.21866129,  -9.28883748, -11.70252977, -10.50897157,
        -9.44361111,  -6.68351464,  -6.24630605,  -7.30357678,
        -7.25199387, -13.55159676, -14.7556764 ,  -8.6765651 ,
       -19.58377778,  -7.94302567,  -9.65305818,  -5.61823401,
        -9.32268959, -18.6410079 ,  -8.20762101, -14.13476809,
       -10.02369297]), 'neg_mean_squared_error': array([-128.79430538, -250.88951402,  -95.65321339, -201.49920018,
       -127.97792929,  -49.12001489, -129.23758765,  -97.5431372 ,
        -75.16774165,  -78.06390371, -105.67828581, -340.74661491,
       -465.20121541, -333.27256175,  -88.5706918 , -111.84298184,
       -250.51212535,  -62.0658506 ,  -96.27688703, -223.94345402,
       -169.78136015, -405.93395937, -118.01325693, -266.37512325,
       -116.57249987, -279.04235116, -140.81588422, -502.64641602,
       -240.77985228, -146.69749127, -207.96130685, -249.80406703,
       -348.17002051, -121.48692309, -176.63311619, -190.28624652,
       -172.4090255 ,  -79.46434087,  -66.38421643, -111.67336853,
        -80.70431915, -341.93964657, -418.66430559, -164.94102281,
       -645.99584636, -108.14499666, -152.13877728,  -47.44643673,
       -224.27322991, -577.83171881, -121.34558976, -321.69385195,
       -250.01946819]), 'max_error': array([-34.95817388, -38.66639737, -16.83132671, -35.43348534,
       -24.74004109, -14.17165305, -29.71546494, -34.6404635 ,
       -15.4045367 , -18.3489764 , -25.53521648, -34.91675434,
       -64.07328977, -40.58319916, -19.41935575, -18.48484828,
       -31.77042201, -11.98889057, -23.22387286, -47.78470998,
       -35.6164522 , -49.08764318, -24.14538757, -49.24843394,
       -31.59492025, -49.17854333, -28.81952423, -60.24631061,
       -36.73513116, -27.76910516, -31.37942911, -38.7628601 ,
       -49.2088629 , -23.82189254, -25.66988398, -39.40175587,
       -38.09427822, -25.57286823, -18.03706138, -34.33769102,
       -20.27513879, -52.9372177 , -51.78201751, -41.29158589,
       -65.11821742, -25.98143638, -32.48398912, -14.7730073 ,
       -51.43296043, -49.64010312, -34.28355714, -40.24035524,
       -52.27522812]), 'explained_variance': array([-4.44089210e-16,  1.11022302e-16,  1.11022302e-16,  0.00000000e+00,
        0.00000000e+00,  0.00000000e+00,  0.00000000e+00,  0.00000000e+00,
        0.00000000e+00,  3.33066907e-16,  1.11022302e-16,  1.11022302e-16,
        0.00000000e+00,  0.00000000e+00,  2.22044605e-16,  0.00000000e+00,
        0.00000000e+00,  0.00000000e+00,  0.00000000e+00,  0.00000000e+00,
        0.00000000e+00, -2.22044605e-16, -2.22044605e-16, -2.22044605e-16,
        0.00000000e+00,  0.00000000e+00,  0.00000000e+00,  1.11022302e-16,
        0.00000000e+00, -2.22044605e-16,  0.00000000e+00,  0.00000000e+00,
        2.22044605e-16,  0.00000000e+00,  0.00000000e+00,  3.33066907e-16,
        0.00000000e+00,  0.00000000e+00,  0.00000000e+00,  0.00000000e+00,
        0.00000000e+00,  0.00000000e+00,  0.00000000e+00,  0.00000000e+00,
       -4.44089210e-16, -2.22044605e-16, -2.22044605e-16,  0.00000000e+00,
       -2.22044605e-16, -2.22044605e-16, -2.22044605e-16,  0.00000000e+00,
        0.00000000e+00])}
         accs  y_pred (s)  y_true (s)
54    [11, 9]   16.432081      19.499
4    [46, 42]   24.192302      26.335
3    [46, 42]   24.192302      27.642
11   [46, 42]   24.192302      18.893
27   [28, 25]   19.716919      65.978
29   [28, 25]   19.716919      45.143
64    [11, 9]   16.432081      30.560
77   [15, 14]   16.452710      12.834
124  [24, 24]   18.572536      45.263
71    [11, 9]   16.432081       9.629
25   [28, 25]   19.716919      19.467
91     [3, 5]   15.237274      14.879
83   [15, 14]   16.452710      24.338
89   [15, 14]   16.452710      11.455
69    [11, 9]   16.432081       9.069
{'mse': 277.6584207364112, 'mae': 11.376522754719055, 'r2-score': -0.13565968801023365, 'max-error': 64.47748851989353, 'explained variance score': 0.07951887060595264, 'layers': ['mbconv3', 'mbconv5']}
