environment: line 5: __conda_exe: command not found
Using device: cuda
Using model: efficientnetB7
Number of videos: 64
Execution type : naive
Using 2 features
Job ID : 16
Plotting ?  yes
Calculate accumulators ?  no
The directory contains : 65 videos
Number of videos in the directory : 65
Number of videos in the dataframe : 64
['conv1', 'mbconv1', 'mbconv2', 'mbconv3', 'mbconv4', 'mbconv5', 'mbconv6', 'mbconv7', 'conv2', 'pool', 'output']
{'conv1': {'T_max': 395.51620042324066, 'T_min': 239.28720539808273, 'tau': 100, 'alpha': 50}, 'mbconv1': {'T_max': 1298.5398244857788, 'T_min': 929.1751428842545, 'tau': 100, 'alpha': 50}, 'mbconv2': {'T_max': 1391.3383300304413, 'T_min': 1003.122047662735, 'tau': 100, 'alpha': 50}, 'mbconv3': {'T_max': 776.5638054609299, 'T_min': 488.0033164024353, 'tau': 100, 'alpha': 50}, 'mbconv4': {'T_max': 372.1466582119465, 'T_min': 220.11169669032097, 'tau': 100, 'alpha': 50}, 'mbconv5': {'T_max': 456.8904039859772, 'T_min': 244.3836663365364, 'tau': 100, 'alpha': 50}, 'mbconv6': {'T_max': 290.0942441225052, 'T_min': 148.01406832039356, 'tau': 100, 'alpha': 50}, 'mbconv7': {'T_max': 172.54942694306374, 'T_min': 86.22373071312904, 'tau': 100, 'alpha': 50}, 'conv2': {'T_max': 75.42317940294743, 'T_min': 36.623642422258854, 'tau': 100, 'alpha': 50}, 'pool': {'T_max': 3.77721415925771, 'T_min': 1.8366734338924289, 'tau': 100, 'alpha': 50}, 'output': {'T_max': 11.04102703742683, 'T_min': 5.27929691132158, 'tau': 100, 'alpha': 50}}
Iterating over following combinations of layers :  [['conv1'], ['mbconv1'], ['mbconv2'], ['mbconv3'], ['mbconv4'], ['mbconv5'], ['mbconv6'], ['mbconv7'], ['conv2'], ['pool'], ['output'], ['conv1', 'mbconv1'], ['conv1', 'mbconv2'], ['conv1', 'mbconv3'], ['conv1', 'mbconv4'], ['conv1', 'mbconv5'], ['conv1', 'mbconv6'], ['conv1', 'mbconv7'], ['conv1', 'conv2'], ['conv1', 'pool'], ['conv1', 'output'], ['mbconv1', 'mbconv2'], ['mbconv1', 'mbconv3'], ['mbconv1', 'mbconv4'], ['mbconv1', 'mbconv5'], ['mbconv1', 'mbconv6'], ['mbconv1', 'mbconv7'], ['mbconv1', 'conv2'], ['mbconv1', 'pool'], ['mbconv1', 'output'], ['mbconv2', 'mbconv3'], ['mbconv2', 'mbconv4'], ['mbconv2', 'mbconv5'], ['mbconv2', 'mbconv6'], ['mbconv2', 'mbconv7'], ['mbconv2', 'conv2'], ['mbconv2', 'pool'], ['mbconv2', 'output'], ['mbconv3', 'mbconv4'], ['mbconv3', 'mbconv5'], ['mbconv3', 'mbconv6'], ['mbconv3', 'mbconv7'], ['mbconv3', 'conv2'], ['mbconv3', 'pool'], ['mbconv3', 'output'], ['mbconv4', 'mbconv5'], ['mbconv4', 'mbconv6'], ['mbconv4', 'mbconv7'], ['mbconv4', 'conv2'], ['mbconv4', 'pool'], ['mbconv4', 'output'], ['mbconv5', 'mbconv6'], ['mbconv5', 'mbconv7'], ['mbconv5', 'conv2'], ['mbconv5', 'pool'], ['mbconv5', 'output'], ['mbconv6', 'mbconv7'], ['mbconv6', 'conv2'], ['mbconv6', 'pool'], ['mbconv6', 'output'], ['mbconv7', 'conv2'], ['mbconv7', 'pool'], ['mbconv7', 'output'], ['conv2', 'pool'], ['conv2', 'output'], ['pool', 'output']]
[['conv1', 'mbconv6']]
Generating the training set for videos : 
TRAINING SET : contains 962 samples, 37 patients based on 56 videos
TEST SET : contains 127 samples, 37 patients based on 8 videos
Dataset constituted.
--------------------NAIVE IMPLEMENTATION-------------------
Number of folds : 53
Grid search.
The best parameters are : {'C': 10.0}
Metrics obtained during CV : 
{'r2': array([-6.63217862e-02, -9.33506890e-03, -1.33966653e-02, -5.51250464e-02,
       -7.27649234e-03, -3.57832481e-02, -2.38751041e-02, -8.05487072e-02,
       -2.78439190e-02, -3.60239445e-02, -1.87344016e-02, -8.80727188e-01,
       -9.31362416e-02, -1.83248087e-01, -1.00112889e-01, -5.99750505e-01,
       -1.37626559e-02, -1.63147321e+00, -3.80343059e-02, -1.69949073e-01,
       -8.97313967e-02, -7.61833178e-01, -1.01529110e-01, -4.54633401e-01,
       -5.68981494e-03, -1.33558431e-01, -3.86479550e-02, -2.19611966e-01,
       -2.96904631e-01, -5.58626160e-04, -4.06419964e-02, -4.93426792e-02,
       -6.24247773e-01, -1.89020939e-02, -1.97921865e-01, -2.93623451e-01,
       -1.38722931e-01, -1.95718901e-04, -3.48914507e-01, -3.17438109e-04,
       -8.23668507e-07, -6.08903645e-01, -5.88669122e-01, -1.32793227e-01,
       -9.45593242e-02, -1.93175299e-05, -2.02603916e-01, -8.59574757e-03,
       -2.04868966e-01, -6.38004585e-01, -5.48819551e-02, -2.94996438e-01,
       -1.04616718e-01]), 'neg_mean_absolute_error': array([ -7.60426731, -11.8466248 ,  -8.63621785, -10.95866006,
        -9.83458362,  -5.75163811,  -8.15539018,  -6.1105452 ,
        -6.95486085,  -7.2663784 ,  -7.56418601, -15.30122667,
       -13.35527422, -13.65909975,  -7.25390714,  -9.51533123,
       -13.72338676,  -7.64406745,  -8.64650824,  -9.76686388,
        -9.17311111, -14.35481524,  -8.3714534 , -11.56619978,
        -7.63120107,  -9.46147634,  -8.661     , -15.47822472,
       -10.55594173, -10.25894444, -11.59161111, -10.63896498,
       -13.30877669,  -8.82162961, -11.57341527, -11.20363622,
        -9.44361111,  -7.01279683,  -8.05174944,  -7.09452863,
        -7.0767069 , -14.08356727, -14.10412353,  -8.89279186,
       -19.58377778,  -7.81979787,  -9.68829457,  -5.37979488,
        -8.95902791, -17.42481691,  -8.26541151, -14.48876156,
        -9.80769265]), 'neg_mean_squared_error': array([-118.92404468, -192.64416891,  -96.26917088, -185.72980252,
       -128.90190213,  -47.80092658, -130.50902822, -100.35309805,
        -67.06778505,  -80.53782318,  -94.90762904, -387.8810438 ,
       -330.05795123, -301.64956868,  -80.18566037, -130.74755914,
       -253.71480852,  -74.12432836,  -99.37694627, -216.09569551,
       -157.57498912, -382.07093665, -119.43210485, -284.46442021,
       -114.45884849, -274.10744898, -144.37506455, -475.27365468,
       -244.32088205, -146.36038937, -204.12229457, -194.34622729,
       -352.85127581, -118.28812211, -170.134604  , -245.61791595,
       -187.02193919,  -74.27524798,  -86.161918  , -107.43877669,
        -80.55519637, -365.57919382, -389.12352955, -175.8650466 ,
       -644.21722782, -102.48973704, -157.96021467,  -43.96664695,
       -212.86648131, -509.27770902, -125.39915391, -392.53732727,
       -257.81164292]), 'max_error': array([-36.39384009, -29.58387555, -16.51357217, -33.50145882,
       -23.69018225, -14.61009733, -30.12886219, -35.21435872,
       -17.20572877, -20.59381048, -23.31853412, -36.79648242,
       -56.59873673, -38.56717904, -20.67810918, -19.99857212,
       -29.42288384, -12.94581877, -24.39642585, -47.12338744,
       -34.20043632, -48.19066743, -24.3665806 , -50.2621596 ,
       -32.45189679, -48.75978703, -32.48379579, -58.86934082,
       -36.97573779, -27.40780297, -30.76618498, -33.7486848 ,
       -49.41162254, -24.66286671, -25.08886871, -46.22174199,
       -40.00905246, -23.17116425, -16.47179083, -32.45625764,
       -20.66953448, -53.98912108, -50.60922236, -42.71887558,
       -64.99994727, -23.64743624, -33.08300776, -16.12416233,
       -50.54978206, -47.38665416, -35.26599563, -45.38659244,
       -53.13922939]), 'explained_variance': array([-4.44089210e-16,  0.00000000e+00,  1.11022302e-16,  3.33066907e-16,
        0.00000000e+00,  0.00000000e+00,  0.00000000e+00, -2.22044605e-16,
       -2.22044605e-16,  3.33066907e-16,  0.00000000e+00, -2.22044605e-16,
       -2.22044605e-16,  1.11022302e-16,  2.22044605e-16,  0.00000000e+00,
        0.00000000e+00,  0.00000000e+00,  0.00000000e+00,  0.00000000e+00,
        2.22044605e-16,  1.11022302e-16, -2.22044605e-16, -2.22044605e-16,
        0.00000000e+00,  0.00000000e+00, -2.22044605e-16,  1.11022302e-16,
        0.00000000e+00, -2.22044605e-16,  0.00000000e+00, -2.22044605e-16,
        2.22044605e-16,  0.00000000e+00,  0.00000000e+00,  3.33066907e-16,
       -4.44089210e-16,  0.00000000e+00, -2.22044605e-16,  2.22044605e-16,
        0.00000000e+00,  0.00000000e+00, -2.22044605e-16,  0.00000000e+00,
       -4.44089210e-16, -2.22044605e-16,  0.00000000e+00,  3.33066907e-16,
        0.00000000e+00, -4.44089210e-16,  1.11022302e-16, -2.22044605e-16,
        0.00000000e+00])}
         accs  y_pred (s)  y_true (s)
54     [2, 7]   14.209490      19.499
4    [29, 42]   27.045852      26.335
3    [29, 42]   27.045852      27.642
11   [29, 42]   27.045852      18.893
27   [28, 24]   16.090612      65.978
29   [28, 24]   16.090612      45.143
64     [2, 7]   14.209490      30.560
77   [14, 15]   14.737742      12.834
124  [22, 24]   18.673827      45.263
71     [2, 7]   14.209490       9.629
25   [28, 24]   16.090612      19.467
91    [12, 4]   16.736795      14.879
83   [14, 15]   14.737742      24.338
89   [14, 15]   14.737742      11.455
69     [2, 7]   14.209490       9.069
{'mse': 285.4923711099128, 'mae': 11.432010652850083, 'r2-score': -0.16770158183597306, 'max-error': 65.09312502158996, 'explained variance score': 0.08231760884695372, 'layers': ['conv1', 'mbconv6']}
