environment: line 5: __conda_exe: command not found
Using device: cuda
Using model: efficientnetB7
Number of videos: 64
Execution type : naive
Using 2 features
Job ID : 64
Plotting ?  yes
Calculate accumulators ?  no
The directory contains : 65 videos
Number of videos in the directory : 65
Number of videos in the dataframe : 64
['conv1', 'mbconv1', 'mbconv2', 'mbconv3', 'mbconv4', 'mbconv5', 'mbconv6', 'mbconv7', 'conv2', 'pool', 'output']
{'conv1': {'T_max': 395.51620042324066, 'T_min': 239.28720539808273, 'tau': 100, 'alpha': 50}, 'mbconv1': {'T_max': 1298.5398244857788, 'T_min': 929.1751428842545, 'tau': 100, 'alpha': 50}, 'mbconv2': {'T_max': 1391.3383300304413, 'T_min': 1003.122047662735, 'tau': 100, 'alpha': 50}, 'mbconv3': {'T_max': 776.5638054609299, 'T_min': 488.0033164024353, 'tau': 100, 'alpha': 50}, 'mbconv4': {'T_max': 372.1466582119465, 'T_min': 220.11169669032097, 'tau': 100, 'alpha': 50}, 'mbconv5': {'T_max': 456.8904039859772, 'T_min': 244.3836663365364, 'tau': 100, 'alpha': 50}, 'mbconv6': {'T_max': 290.0942441225052, 'T_min': 148.01406832039356, 'tau': 100, 'alpha': 50}, 'mbconv7': {'T_max': 172.54942694306374, 'T_min': 86.22373071312904, 'tau': 100, 'alpha': 50}, 'conv2': {'T_max': 75.42317940294743, 'T_min': 36.623642422258854, 'tau': 100, 'alpha': 50}, 'pool': {'T_max': 3.77721415925771, 'T_min': 1.8366734338924289, 'tau': 100, 'alpha': 50}, 'output': {'T_max': 11.04102703742683, 'T_min': 5.27929691132158, 'tau': 100, 'alpha': 50}}
Iterating over following combinations of layers :  [['conv1'], ['mbconv1'], ['mbconv2'], ['mbconv3'], ['mbconv4'], ['mbconv5'], ['mbconv6'], ['mbconv7'], ['conv2'], ['pool'], ['output'], ['conv1', 'mbconv1'], ['conv1', 'mbconv2'], ['conv1', 'mbconv3'], ['conv1', 'mbconv4'], ['conv1', 'mbconv5'], ['conv1', 'mbconv6'], ['conv1', 'mbconv7'], ['conv1', 'conv2'], ['conv1', 'pool'], ['conv1', 'output'], ['mbconv1', 'mbconv2'], ['mbconv1', 'mbconv3'], ['mbconv1', 'mbconv4'], ['mbconv1', 'mbconv5'], ['mbconv1', 'mbconv6'], ['mbconv1', 'mbconv7'], ['mbconv1', 'conv2'], ['mbconv1', 'pool'], ['mbconv1', 'output'], ['mbconv2', 'mbconv3'], ['mbconv2', 'mbconv4'], ['mbconv2', 'mbconv5'], ['mbconv2', 'mbconv6'], ['mbconv2', 'mbconv7'], ['mbconv2', 'conv2'], ['mbconv2', 'pool'], ['mbconv2', 'output'], ['mbconv3', 'mbconv4'], ['mbconv3', 'mbconv5'], ['mbconv3', 'mbconv6'], ['mbconv3', 'mbconv7'], ['mbconv3', 'conv2'], ['mbconv3', 'pool'], ['mbconv3', 'output'], ['mbconv4', 'mbconv5'], ['mbconv4', 'mbconv6'], ['mbconv4', 'mbconv7'], ['mbconv4', 'conv2'], ['mbconv4', 'pool'], ['mbconv4', 'output'], ['mbconv5', 'mbconv6'], ['mbconv5', 'mbconv7'], ['mbconv5', 'conv2'], ['mbconv5', 'pool'], ['mbconv5', 'output'], ['mbconv6', 'mbconv7'], ['mbconv6', 'conv2'], ['mbconv6', 'pool'], ['mbconv6', 'output'], ['mbconv7', 'conv2'], ['mbconv7', 'pool'], ['mbconv7', 'output'], ['conv2', 'pool'], ['conv2', 'output'], ['pool', 'output']]
[['conv2', 'output']]
Generating the training set for videos : 
TRAINING SET : contains 962 samples, 37 patients based on 56 videos
TEST SET : contains 127 samples, 37 patients based on 8 videos
Dataset constituted.
--------------------NAIVE IMPLEMENTATION-------------------
Number of folds : 53
Grid search.
The best parameters are : {'C': 1}
Metrics obtained during CV : 
{'r2': array([-1.46818786e-01, -1.34012879e-01, -1.56940973e-01, -3.31774830e-02,
       -3.44768971e-02, -9.38921033e-02, -3.96930598e-02, -2.25483076e-02,
       -5.19224881e-03, -8.56401171e-02, -9.33250635e-02, -4.06764370e-01,
       -3.20766450e-01, -2.12222176e-01, -2.26989342e-01, -1.03755798e-01,
       -2.16128059e-02, -1.08743342e+00, -7.19104956e-02, -1.46037354e-01,
       -8.82760856e-02, -5.08771986e-01, -1.12434100e-01, -5.20742877e-01,
       -6.45376884e-02, -1.02512130e-01, -2.41440536e-02, -6.06940919e-01,
       -1.52246843e-01, -1.61324749e-02, -2.43441168e-01, -5.06945301e-01,
       -5.30981249e-01, -1.72400923e-02, -4.99719255e-01, -1.51507539e-01,
       -2.13757790e-04, -1.26972881e-02, -1.51193634e-02, -2.91137121e-02,
       -8.08501122e-03, -4.34120454e-01, -7.29588688e-01, -1.34516180e-01,
       -4.97161479e-01, -2.57452916e-02, -1.18349105e-01, -1.77637880e-01,
       -2.04407456e-01, -6.48441759e-01, -2.00981305e-03, -5.67370971e-01,
       -6.37996355e-02]), 'neg_mean_absolute_error': array([ -8.63009894, -11.53765631,  -9.72892749, -10.99541825,
       -10.21827808,  -6.12894846,  -8.07567846,  -6.12127141,
        -6.75643678,  -8.03460528,  -7.76542798, -13.14304267,
       -14.54924308, -13.79608055,  -7.8692828 ,  -7.5899504 ,
       -13.32370921,  -6.67087987,  -8.56699593,  -9.67595628,
        -9.17311111, -13.46936386,  -8.39074649, -11.97352342,
        -8.50837586,  -9.46098339,  -8.661     , -17.81880041,
       -10.48122222, -10.25894444, -12.18215271, -12.56693686,
       -12.90650576,  -8.78461647, -12.4356175 , -10.63034488,
        -9.82356751,  -6.82908249,  -6.02587146,  -7.27049214,
        -7.43900488, -13.20548973, -14.85979611,  -8.90257879,
       -22.12277258,  -7.89866535,  -9.61676852,  -5.8781202 ,
        -8.95623607, -17.4855589 ,  -8.12500155, -15.51127832,
       -10.07832617]), 'neg_mean_squared_error': array([-127.9016619 , -216.44048183, -109.90538258, -181.86645323,
       -132.38275762,  -50.48262385, -132.52527612,  -94.96646462,
        -65.58974221,  -84.39485618, -101.85666586, -290.13098522,
       -398.78786554, -309.03603429,  -89.43350411,  -90.20992711,
       -255.67946887,  -58.79961064, -102.62010718, -211.67907639,
       -157.36455136, -327.19211609, -120.61446656, -297.39262169,
       -121.15640049, -266.60009682, -142.35898039, -626.21284842,
       -217.06913392, -148.63851132, -243.90142356, -279.09770538,
       -332.59007387, -118.09517419, -212.99731561, -218.63462794,
       -164.27342558,  -75.20362344,  -64.84075226, -110.53163135,
        -81.20641915, -325.86451091, -423.639917  , -176.13253336,
       -881.17399988, -105.12633443, -146.893472  ,  -51.3355217 ,
       -212.78494548, -512.52276721, -119.11397494, -475.09907666,
       -248.28515395]), 'max_error': array([-35.06700801, -35.97615661, -16.16651359, -32.80305321,
       -22.55467379, -13.81355324, -30.63370308, -33.92636866,
       -17.97156704, -16.34016662, -24.94604388, -32.47825867,
       -61.13708837, -39.08770609, -19.31187516, -15.90935256,
       -33.60452507, -11.70128597, -25.11203662, -46.71430325,
       -34.17110651, -45.84113736, -24.54021845, -50.9244518 ,
       -30.54642345, -48.05564951, -31.99796429, -64.99755091,
       -34.8523938 , -28.65812056, -34.85293719, -40.41535793,
       -48.50651296, -24.72949036, -28.21151918, -44.11860391,
       -35.04846413, -24.26275759, -18.63838563, -34.03992924,
       -19.85436403, -52.15847689, -51.96943299, -42.74823638,
       -74.64565107, -25.22731096, -31.8670648 , -13.95356523,
       -50.54300188, -47.50138904, -32.2229737 , -49.04457551,
       -52.05669531]), 'explained_variance': array([-4.44089210e-16,  0.00000000e+00,  1.11022302e-16,  3.33066907e-16,
        0.00000000e+00,  0.00000000e+00,  0.00000000e+00,  0.00000000e+00,
       -2.22044605e-16,  0.00000000e+00,  1.11022302e-16, -2.22044605e-16,
       -2.22044605e-16,  1.11022302e-16,  2.22044605e-16,  0.00000000e+00,
        2.22044605e-16,  0.00000000e+00,  0.00000000e+00,  0.00000000e+00,
        2.22044605e-16,  1.11022302e-16,  1.11022302e-16,  0.00000000e+00,
        0.00000000e+00,  0.00000000e+00,  0.00000000e+00,  0.00000000e+00,
        0.00000000e+00, -2.22044605e-16, -2.22044605e-16,  0.00000000e+00,
        2.22044605e-16,  0.00000000e+00,  0.00000000e+00,  0.00000000e+00,
        0.00000000e+00,  0.00000000e+00,  0.00000000e+00,  2.22044605e-16,
        0.00000000e+00,  0.00000000e+00,  0.00000000e+00,  0.00000000e+00,
       -4.44089210e-16, -2.22044605e-16,  0.00000000e+00,  0.00000000e+00,
        0.00000000e+00, -4.44089210e-16,  0.00000000e+00, -2.22044605e-16,
        0.00000000e+00])}
         accs  y_pred (s)  y_true (s)
54     [4, 7]   16.444112      19.499
4    [35, 29]   21.815813      26.335
3    [35, 29]   21.815813      27.642
11   [35, 29]   21.815813      18.893
27   [20, 23]   19.723355      65.978
29   [20, 23]   19.723355      45.143
64     [4, 7]   16.444112      30.560
77   [15, 17]   18.353061      12.834
124  [23, 26]   20.301116      45.263
71     [4, 7]   16.444112       9.629
25   [20, 23]   19.723355      19.467
91     [4, 6]   16.089089      14.879
83   [15, 17]   18.353061      24.338
89   [15, 17]   18.353061      11.455
69     [4, 7]   16.444112       9.069
{'mse': 277.8085256202926, 'mae': 11.466419249444302, 'r2-score': -0.13627363685120697, 'max-error': 64.56959426045489, 'explained variance score': 0.06127156965928704, 'layers': ['conv2', 'output']}
