environment: line 5: __conda_exe: command not found
Using device: cuda
Using model: efficientnetB7
Number of videos: 64
Execution type : naive
Using 2 features
Job ID : 20
Plotting ?  yes
Calculate accumulators ?  no
The directory contains : 65 videos
Number of videos in the directory : 65
Number of videos in the dataframe : 64
['conv1', 'mbconv1', 'mbconv2', 'mbconv3', 'mbconv4', 'mbconv5', 'mbconv6', 'mbconv7', 'conv2', 'pool', 'output']
{'conv1': {'T_max': 395.51620042324066, 'T_min': 239.28720539808273, 'tau': 100, 'alpha': 50}, 'mbconv1': {'T_max': 1298.5398244857788, 'T_min': 929.1751428842545, 'tau': 100, 'alpha': 50}, 'mbconv2': {'T_max': 1391.3383300304413, 'T_min': 1003.122047662735, 'tau': 100, 'alpha': 50}, 'mbconv3': {'T_max': 776.5638054609299, 'T_min': 488.0033164024353, 'tau': 100, 'alpha': 50}, 'mbconv4': {'T_max': 372.1466582119465, 'T_min': 220.11169669032097, 'tau': 100, 'alpha': 50}, 'mbconv5': {'T_max': 456.8904039859772, 'T_min': 244.3836663365364, 'tau': 100, 'alpha': 50}, 'mbconv6': {'T_max': 290.0942441225052, 'T_min': 148.01406832039356, 'tau': 100, 'alpha': 50}, 'mbconv7': {'T_max': 172.54942694306374, 'T_min': 86.22373071312904, 'tau': 100, 'alpha': 50}, 'conv2': {'T_max': 75.42317940294743, 'T_min': 36.623642422258854, 'tau': 100, 'alpha': 50}, 'pool': {'T_max': 3.77721415925771, 'T_min': 1.8366734338924289, 'tau': 100, 'alpha': 50}, 'output': {'T_max': 11.04102703742683, 'T_min': 5.27929691132158, 'tau': 100, 'alpha': 50}}
Iterating over following combinations of layers :  [['conv1'], ['mbconv1'], ['mbconv2'], ['mbconv3'], ['mbconv4'], ['mbconv5'], ['mbconv6'], ['mbconv7'], ['conv2'], ['pool'], ['output'], ['conv1', 'mbconv1'], ['conv1', 'mbconv2'], ['conv1', 'mbconv3'], ['conv1', 'mbconv4'], ['conv1', 'mbconv5'], ['conv1', 'mbconv6'], ['conv1', 'mbconv7'], ['conv1', 'conv2'], ['conv1', 'pool'], ['conv1', 'output'], ['mbconv1', 'mbconv2'], ['mbconv1', 'mbconv3'], ['mbconv1', 'mbconv4'], ['mbconv1', 'mbconv5'], ['mbconv1', 'mbconv6'], ['mbconv1', 'mbconv7'], ['mbconv1', 'conv2'], ['mbconv1', 'pool'], ['mbconv1', 'output'], ['mbconv2', 'mbconv3'], ['mbconv2', 'mbconv4'], ['mbconv2', 'mbconv5'], ['mbconv2', 'mbconv6'], ['mbconv2', 'mbconv7'], ['mbconv2', 'conv2'], ['mbconv2', 'pool'], ['mbconv2', 'output'], ['mbconv3', 'mbconv4'], ['mbconv3', 'mbconv5'], ['mbconv3', 'mbconv6'], ['mbconv3', 'mbconv7'], ['mbconv3', 'conv2'], ['mbconv3', 'pool'], ['mbconv3', 'output'], ['mbconv4', 'mbconv5'], ['mbconv4', 'mbconv6'], ['mbconv4', 'mbconv7'], ['mbconv4', 'conv2'], ['mbconv4', 'pool'], ['mbconv4', 'output'], ['mbconv5', 'mbconv6'], ['mbconv5', 'mbconv7'], ['mbconv5', 'conv2'], ['mbconv5', 'pool'], ['mbconv5', 'output'], ['mbconv6', 'mbconv7'], ['mbconv6', 'conv2'], ['mbconv6', 'pool'], ['mbconv6', 'output'], ['mbconv7', 'conv2'], ['mbconv7', 'pool'], ['mbconv7', 'output'], ['conv2', 'pool'], ['conv2', 'output'], ['pool', 'output']]
[['conv1', 'output']]
Generating the training set for videos : 
TRAINING SET : contains 962 samples, 37 patients based on 56 videos
TEST SET : contains 127 samples, 37 patients based on 8 videos
Dataset constituted.
--------------------NAIVE IMPLEMENTATION-------------------
Number of folds : 53
Grid search.
The best parameters are : {'C': 1}
Metrics obtained during CV : 
{'r2': array([-0.2328849 , -0.01639083, -0.30663447, -0.03562765, -0.01777672,
       -0.05143484, -0.05856104, -0.04414969, -0.07860302, -0.00258779,
       -0.1083279 , -0.64906557, -0.21308438, -0.21663417, -0.11734897,
       -0.20804762, -0.01700967, -0.54455961, -0.07884823, -0.18041   ,
       -0.08962603, -0.43657434, -0.02387404, -0.35225616, -0.01550926,
       -0.14348387, -0.01659545, -0.5629584 , -0.13816583, -0.00263726,
       -0.1704851 , -0.66439272, -0.64156231, -0.02984377, -0.3312122 ,
       -0.14568652, -0.01403095, -0.01725012, -0.08964854, -0.03072875,
       -0.00108978, -0.4717637 , -0.74947008, -0.12247066, -0.45541181,
       -0.01423876, -0.1489882 , -0.13631207, -0.35098213, -0.56914169,
       -0.00505845, -0.2757013 , -0.07112292]), 'neg_mean_absolute_error': array([ -9.45893301, -11.11139005, -10.4564831 , -10.99080536,
       -10.00009647,  -5.87272093,  -7.99944781,  -6.07316733,
        -7.19612647,  -7.41538642,  -7.80145637, -14.19688363,
       -13.87864234, -13.81609756,  -7.33617839,  -8.02257152,
       -13.33752404,  -5.78931603,  -8.55325644,  -9.80461013,
        -9.17311111, -13.29741195,  -8.28154342, -11.13664212,
        -7.83715352,  -9.48451871,  -8.661     , -17.56648363,
       -10.48122222, -10.25894444, -11.93161485, -13.33454421,
       -13.38006344,  -9.03274519, -11.91935475, -10.6187846 ,
        -9.44361111,  -6.81121803,  -6.60582575,  -7.27586829,
        -7.21201102, -13.39289108, -14.96030474,  -8.84068454,
       -21.87810948,  -7.87417384,  -9.64506363,  -5.73645581,
        -9.72423704, -17.01093106,  -8.1435916 , -14.44945109,
       -10.0244627 ]), 'neg_mean_squared_error': array([-137.50038756, -193.990849  , -124.12574636, -182.29774646,
       -130.24562329,  -48.52324037, -134.93029754,  -96.9726359 ,
        -70.37986422,  -77.93858291, -103.25436412, -340.1031682 ,
       -366.27469657, -310.16079809,  -81.44197405,  -98.73369477,
       -254.52743909,  -43.50773685, -103.28429567, -218.02788281,
       -157.55975291, -311.53534264, -111.01243799, -264.44378661,
       -115.57641225, -276.50753305, -141.30970253, -609.07319038,
       -214.41644384, -146.66444909, -229.5910661 , -308.25816241,
       -356.61268167, -119.55838225, -189.06513674, -217.5294021 ,
       -166.54273806,  -75.54172006,  -69.60130377, -110.7050941 ,
        -80.642917  , -334.41790494, -428.50960125, -174.26247783,
       -856.60168471, -103.94705535, -150.91787099,  -49.53404931,
       -238.6805705 , -487.86730641, -119.47638171, -386.68861416,
       -249.99436985]), 'max_error': array([-34.01715152, -32.68741094, -17.70246432, -32.89069824,
       -23.14688101, -14.35447803, -31.11649723, -34.50417935,
       -16.28891942, -19.36888603, -25.17422366, -34.88898081,
       -59.31688634, -39.16377071, -20.45480151, -17.12087321,
       -33.34204329, -10.08328637, -25.23569206, -47.29324559,
       -34.19832079, -45.06735376, -22.65760921, -49.13288953,
       -31.92802957, -48.96716837, -31.68482037, -64.42983816,
       -34.59872608, -27.74305218, -33.72551683, -41.81848298,
       -49.57201775, -24.28285866, -26.6455964 , -44.01456142,
       -36.75386485, -24.42353771, -17.22814206, -34.08831465,
       -20.3651002 , -52.58012993, -52.15034854, -42.53883045,
       -73.91166178, -24.8109553 , -32.34808167, -14.29865024,
       -52.4081471 , -46.60486979, -31.93631425, -45.07210875,
       -52.27214918]), 'explained_variance': array([-2.22044605e-16,  1.11022302e-16,  1.11022302e-16,  3.33066907e-16,
        0.00000000e+00,  0.00000000e+00,  0.00000000e+00,  0.00000000e+00,
        0.00000000e+00,  3.33066907e-16,  3.33066907e-16, -2.22044605e-16,
        0.00000000e+00,  1.11022302e-16,  2.22044605e-16,  0.00000000e+00,
        2.22044605e-16,  0.00000000e+00,  0.00000000e+00,  0.00000000e+00,
        2.22044605e-16,  1.11022302e-16, -2.22044605e-16, -2.22044605e-16,
        0.00000000e+00,  0.00000000e+00,  0.00000000e+00,  1.11022302e-16,
        0.00000000e+00, -2.22044605e-16,  0.00000000e+00,  0.00000000e+00,
        0.00000000e+00,  0.00000000e+00,  0.00000000e+00,  3.33066907e-16,
        0.00000000e+00,  0.00000000e+00,  0.00000000e+00,  2.22044605e-16,
        0.00000000e+00,  1.11022302e-16,  0.00000000e+00,  0.00000000e+00,
        0.00000000e+00, -2.22044605e-16,  0.00000000e+00,  0.00000000e+00,
       -2.22044605e-16,  0.00000000e+00,  0.00000000e+00, -2.22044605e-16,
       -2.22044605e-16])}
         accs  y_pred (s)  y_true (s)
54     [2, 7]   14.246112      19.499
4    [29, 29]   23.178880      26.335
3    [29, 29]   23.178880      27.642
11   [29, 29]   23.178880      18.893
27   [28, 23]   22.459766      65.978
29   [28, 23]   22.459766      45.143
64     [2, 7]   14.246112      30.560
77   [14, 17]   17.023032      12.834
124  [22, 26]   21.871943      45.263
71     [2, 7]   14.246112       9.629
25   [28, 23]   22.459766      19.467
91    [12, 6]   15.824650      14.879
83   [14, 17]   17.023032      24.338
89   [14, 17]   17.023032      11.455
69     [2, 7]   14.246112       9.069
{'mse': 265.22678423847407, 'mae': 11.221212081246959, 'r2-score': -0.08481264944659284, 'max-error': 65.7102658395158, 'explained variance score': 0.10571610829427835, 'layers': ['conv1', 'output']}
