environment: line 5: __conda_exe: command not found
Using device: cuda
Using model: efficientnetB7
Number of videos: 64
Execution type : naive
Using 2 features
Job ID : 51
Plotting ?  yes
Calculate accumulators ?  no
The directory contains : 65 videos
Number of videos in the directory : 65
Number of videos in the dataframe : 64
['conv1', 'mbconv1', 'mbconv2', 'mbconv3', 'mbconv4', 'mbconv5', 'mbconv6', 'mbconv7', 'conv2', 'pool', 'output']
{'conv1': {'T_max': 395.51620042324066, 'T_min': 239.28720539808273, 'tau': 100, 'alpha': 50}, 'mbconv1': {'T_max': 1298.5398244857788, 'T_min': 929.1751428842545, 'tau': 100, 'alpha': 50}, 'mbconv2': {'T_max': 1391.3383300304413, 'T_min': 1003.122047662735, 'tau': 100, 'alpha': 50}, 'mbconv3': {'T_max': 776.5638054609299, 'T_min': 488.0033164024353, 'tau': 100, 'alpha': 50}, 'mbconv4': {'T_max': 372.1466582119465, 'T_min': 220.11169669032097, 'tau': 100, 'alpha': 50}, 'mbconv5': {'T_max': 456.8904039859772, 'T_min': 244.3836663365364, 'tau': 100, 'alpha': 50}, 'mbconv6': {'T_max': 290.0942441225052, 'T_min': 148.01406832039356, 'tau': 100, 'alpha': 50}, 'mbconv7': {'T_max': 172.54942694306374, 'T_min': 86.22373071312904, 'tau': 100, 'alpha': 50}, 'conv2': {'T_max': 75.42317940294743, 'T_min': 36.623642422258854, 'tau': 100, 'alpha': 50}, 'pool': {'T_max': 3.77721415925771, 'T_min': 1.8366734338924289, 'tau': 100, 'alpha': 50}, 'output': {'T_max': 11.04102703742683, 'T_min': 5.27929691132158, 'tau': 100, 'alpha': 50}}
Iterating over following combinations of layers :  [['conv1'], ['mbconv1'], ['mbconv2'], ['mbconv3'], ['mbconv4'], ['mbconv5'], ['mbconv6'], ['mbconv7'], ['conv2'], ['pool'], ['output'], ['conv1', 'mbconv1'], ['conv1', 'mbconv2'], ['conv1', 'mbconv3'], ['conv1', 'mbconv4'], ['conv1', 'mbconv5'], ['conv1', 'mbconv6'], ['conv1', 'mbconv7'], ['conv1', 'conv2'], ['conv1', 'pool'], ['conv1', 'output'], ['mbconv1', 'mbconv2'], ['mbconv1', 'mbconv3'], ['mbconv1', 'mbconv4'], ['mbconv1', 'mbconv5'], ['mbconv1', 'mbconv6'], ['mbconv1', 'mbconv7'], ['mbconv1', 'conv2'], ['mbconv1', 'pool'], ['mbconv1', 'output'], ['mbconv2', 'mbconv3'], ['mbconv2', 'mbconv4'], ['mbconv2', 'mbconv5'], ['mbconv2', 'mbconv6'], ['mbconv2', 'mbconv7'], ['mbconv2', 'conv2'], ['mbconv2', 'pool'], ['mbconv2', 'output'], ['mbconv3', 'mbconv4'], ['mbconv3', 'mbconv5'], ['mbconv3', 'mbconv6'], ['mbconv3', 'mbconv7'], ['mbconv3', 'conv2'], ['mbconv3', 'pool'], ['mbconv3', 'output'], ['mbconv4', 'mbconv5'], ['mbconv4', 'mbconv6'], ['mbconv4', 'mbconv7'], ['mbconv4', 'conv2'], ['mbconv4', 'pool'], ['mbconv4', 'output'], ['mbconv5', 'mbconv6'], ['mbconv5', 'mbconv7'], ['mbconv5', 'conv2'], ['mbconv5', 'pool'], ['mbconv5', 'output'], ['mbconv6', 'mbconv7'], ['mbconv6', 'conv2'], ['mbconv6', 'pool'], ['mbconv6', 'output'], ['mbconv7', 'conv2'], ['mbconv7', 'pool'], ['mbconv7', 'output'], ['conv2', 'pool'], ['conv2', 'output'], ['pool', 'output']]
[['mbconv5', 'mbconv6']]
Generating the training set for videos : 
TRAINING SET : contains 962 samples, 37 patients based on 56 videos
TEST SET : contains 127 samples, 37 patients based on 8 videos
Dataset constituted.
--------------------NAIVE IMPLEMENTATION-------------------
Number of folds : 53
Grid search.
The best parameters are : {'C': 1}
Metrics obtained during CV : 
{'r2': array([-1.18454092e-01, -2.96279573e-01, -1.78208115e-02, -1.50429794e-01,
       -4.67871975e-02, -1.64148838e-01, -2.04505013e-02, -2.33650138e-02,
       -1.09180533e-01, -1.40095176e-04, -1.11119426e-01, -6.02053997e-01,
       -4.82386119e-01, -2.09806435e-01, -1.85498550e-01, -3.40434146e-01,
       -9.31390736e-04, -9.96312253e-01, -1.42166656e-02, -1.99429218e-01,
       -9.29052739e-02, -7.07126349e-01, -6.07489474e-02, -3.49858132e-01,
       -1.84931693e-02, -1.09019144e-01, -1.46725798e-02, -3.35392313e-01,
       -2.54579476e-01, -1.34113952e-04, -5.44856219e-02, -2.74769227e-01,
       -5.49027721e-01, -1.97328598e-02, -3.20462255e-01, -3.72316865e-01,
       -8.60424716e-02, -5.76710893e-02, -1.26237888e-02, -3.83450603e-02,
       -2.29466132e-02, -3.76029481e-01, -6.93694740e-01, -1.05931455e-01,
       -2.74770733e-01, -4.57927291e-02, -1.29629689e-01, -3.25788157e-01,
       -2.63910371e-01, -8.45981191e-01, -5.05531112e-02, -1.69059657e-01,
       -5.20885795e-02]), 'neg_mean_absolute_error': array([ -8.30496044, -12.06205123,  -8.68174647, -10.85177606,
       -10.3459104 ,  -6.44666683,  -8.17590922,  -6.1144361 ,
        -7.30254619,  -7.46972737,  -7.8078782 , -13.94974391,
       -15.36981194, -13.78503224,  -7.67251026,  -8.56790401,
       -13.42070561,  -6.51724398,  -8.7289045 ,  -9.87053376,
        -9.17311111, -14.11625396,  -8.28796301, -11.13035342,
        -7.89145916,  -9.4436961 ,  -8.96490239, -16.20535707,
       -10.48122222, -10.25894444, -11.59304191, -11.57133674,
       -12.98694463,  -8.83952043, -11.89441682, -11.62104128,
        -9.44361111,  -6.70703446,  -5.9976186 ,  -7.29950054,
        -7.68458651, -12.95231637, -14.67480554,  -8.78124728,
       -20.65978631,  -7.93054819,  -9.62757005,  -6.31382514,
        -9.29342047, -18.56366712,  -8.25936433, -14.20156325,
       -10.17135197]), 'neg_mean_squared_error': array([-124.73822265, -247.41110127,  -96.68944944, -202.5059486 ,
       -133.95811568,  -53.72494024, -130.0725086 ,  -95.04231404,
        -72.37507583,  -77.7483055 , -103.51442942, -330.4075043 ,
       -447.58677532, -308.42018101,  -86.40929942, -109.55364115,
       -250.50352235,  -56.23287538,  -97.09674768, -221.54083216,
       -158.03393126, -370.20722002, -115.0105597 , -263.97483421,
       -115.91601468, -268.17356737, -141.04241817, -520.39238905,
       -236.34734325, -146.29829229, -206.83772659, -236.09693458,
       -336.51048603, -118.38456881, -187.53837739, -260.5592903 ,
       -178.36978921,  -78.54341001,  -64.68134742, -111.52312137,
        -82.40359742, -312.66493162, -414.84816824, -171.69478255,
       -750.28301279, -107.18095134, -148.37515979,  -57.79367994,
       -223.2974381 , -573.94043985, -124.88456234, -354.36356397,
       -245.55185601]), 'max_error': array([-35.47885011, -38.43856762, -16.34056341, -35.53225494,
       -22.20824319, -13.14281447, -29.99890826, -33.95234284,
       -15.88452447, -19.02472663, -25.21489524, -34.46210312,
       -63.36434671, -39.04572249, -19.70236722, -18.27213069,
       -31.76159332, -11.46433052, -23.65485949, -47.58990193,
       -34.26358749, -47.72057141, -23.61516705, -49.10459038,
       -31.80584189, -48.21123506, -28.73787852, -61.05073789,
       -36.42217893, -27.26200876, -31.21187715, -37.85934355,
       -48.68750042, -24.63066322, -26.53337571, -47.16296789,
       -38.9950182 , -25.36118985, -18.72314421, -34.30100487,
       -19.30180535, -51.47011578, -51.63644997, -42.23372554,
       -70.25669226, -25.76931928, -32.05069086, -12.96777474,
       -51.36187828, -49.52057645, -35.16319368, -43.089006  ,
       -51.68459212]), 'explained_variance': array([-2.22044605e-16,  0.00000000e+00,  1.11022302e-16,  1.11022302e-16,
        0.00000000e+00,  0.00000000e+00,  0.00000000e+00,  0.00000000e+00,
        0.00000000e+00,  3.33066907e-16,  0.00000000e+00,  0.00000000e+00,
        0.00000000e+00,  1.11022302e-16,  2.22044605e-16,  0.00000000e+00,
        0.00000000e+00,  0.00000000e+00,  0.00000000e+00, -2.22044605e-16,
        2.22044605e-16, -2.22044605e-16, -2.22044605e-16, -2.22044605e-16,
        0.00000000e+00,  0.00000000e+00,  0.00000000e+00,  0.00000000e+00,
        0.00000000e+00, -2.22044605e-16, -2.22044605e-16,  0.00000000e+00,
        0.00000000e+00,  0.00000000e+00,  0.00000000e+00,  4.44089210e-16,
        0.00000000e+00,  0.00000000e+00,  0.00000000e+00,  0.00000000e+00,
        0.00000000e+00,  1.11022302e-16, -2.22044605e-16,  0.00000000e+00,
       -2.22044605e-16,  0.00000000e+00,  0.00000000e+00,  0.00000000e+00,
        0.00000000e+00, -2.22044605e-16,  0.00000000e+00, -2.22044605e-16,
       -2.22044605e-16])}
         accs  y_pred (s)  y_true (s)
54     [9, 7]   16.199514      19.499
4    [42, 42]   24.200381      26.335
3    [42, 42]   24.200381      27.642
11   [42, 42]   24.200381      18.893
27   [25, 24]   19.989710      65.978
29   [25, 24]   19.989710      45.143
64     [9, 7]   16.199514      30.560
77   [14, 15]   16.079004      12.834
124  [24, 24]   19.730537      45.263
71     [9, 7]   16.199514       9.629
25   [25, 24]   19.989710      19.467
91     [5, 4]   15.454263      14.879
83   [14, 15]   16.079004      24.338
89   [14, 15]   16.079004      11.455
69     [9, 7]   16.199514       9.069
{'mse': 273.742670199593, 'mae': 11.30759941285309, 'r2-score': -0.11964375007766725, 'max-error': 64.91236768549369, 'explained variance score': 0.09024238877580282, 'layers': ['mbconv5', 'mbconv6']}
