environment: line 5: __conda_exe: command not found
Using device: cuda
Using model: efficientnetB7
Number of videos: 64
Execution type : naive
Using 2 features
Job ID : 43
Plotting ?  yes
Calculate accumulators ?  no
The directory contains : 65 videos
Number of videos in the directory : 65
Number of videos in the dataframe : 64
['conv1', 'mbconv1', 'mbconv2', 'mbconv3', 'mbconv4', 'mbconv5', 'mbconv6', 'mbconv7', 'conv2', 'pool', 'output']
{'conv1': {'T_max': 395.51620042324066, 'T_min': 239.28720539808273, 'tau': 100, 'alpha': 50}, 'mbconv1': {'T_max': 1298.5398244857788, 'T_min': 929.1751428842545, 'tau': 100, 'alpha': 50}, 'mbconv2': {'T_max': 1391.3383300304413, 'T_min': 1003.122047662735, 'tau': 100, 'alpha': 50}, 'mbconv3': {'T_max': 776.5638054609299, 'T_min': 488.0033164024353, 'tau': 100, 'alpha': 50}, 'mbconv4': {'T_max': 372.1466582119465, 'T_min': 220.11169669032097, 'tau': 100, 'alpha': 50}, 'mbconv5': {'T_max': 456.8904039859772, 'T_min': 244.3836663365364, 'tau': 100, 'alpha': 50}, 'mbconv6': {'T_max': 290.0942441225052, 'T_min': 148.01406832039356, 'tau': 100, 'alpha': 50}, 'mbconv7': {'T_max': 172.54942694306374, 'T_min': 86.22373071312904, 'tau': 100, 'alpha': 50}, 'conv2': {'T_max': 75.42317940294743, 'T_min': 36.623642422258854, 'tau': 100, 'alpha': 50}, 'pool': {'T_max': 3.77721415925771, 'T_min': 1.8366734338924289, 'tau': 100, 'alpha': 50}, 'output': {'T_max': 11.04102703742683, 'T_min': 5.27929691132158, 'tau': 100, 'alpha': 50}}
Iterating over following combinations of layers :  [['conv1'], ['mbconv1'], ['mbconv2'], ['mbconv3'], ['mbconv4'], ['mbconv5'], ['mbconv6'], ['mbconv7'], ['conv2'], ['pool'], ['output'], ['conv1', 'mbconv1'], ['conv1', 'mbconv2'], ['conv1', 'mbconv3'], ['conv1', 'mbconv4'], ['conv1', 'mbconv5'], ['conv1', 'mbconv6'], ['conv1', 'mbconv7'], ['conv1', 'conv2'], ['conv1', 'pool'], ['conv1', 'output'], ['mbconv1', 'mbconv2'], ['mbconv1', 'mbconv3'], ['mbconv1', 'mbconv4'], ['mbconv1', 'mbconv5'], ['mbconv1', 'mbconv6'], ['mbconv1', 'mbconv7'], ['mbconv1', 'conv2'], ['mbconv1', 'pool'], ['mbconv1', 'output'], ['mbconv2', 'mbconv3'], ['mbconv2', 'mbconv4'], ['mbconv2', 'mbconv5'], ['mbconv2', 'mbconv6'], ['mbconv2', 'mbconv7'], ['mbconv2', 'conv2'], ['mbconv2', 'pool'], ['mbconv2', 'output'], ['mbconv3', 'mbconv4'], ['mbconv3', 'mbconv5'], ['mbconv3', 'mbconv6'], ['mbconv3', 'mbconv7'], ['mbconv3', 'conv2'], ['mbconv3', 'pool'], ['mbconv3', 'output'], ['mbconv4', 'mbconv5'], ['mbconv4', 'mbconv6'], ['mbconv4', 'mbconv7'], ['mbconv4', 'conv2'], ['mbconv4', 'pool'], ['mbconv4', 'output'], ['mbconv5', 'mbconv6'], ['mbconv5', 'mbconv7'], ['mbconv5', 'conv2'], ['mbconv5', 'pool'], ['mbconv5', 'output'], ['mbconv6', 'mbconv7'], ['mbconv6', 'conv2'], ['mbconv6', 'pool'], ['mbconv6', 'output'], ['mbconv7', 'conv2'], ['mbconv7', 'pool'], ['mbconv7', 'output'], ['conv2', 'pool'], ['conv2', 'output'], ['pool', 'output']]
[['mbconv3', 'pool']]
Generating the training set for videos : 
TRAINING SET : contains 962 samples, 37 patients based on 56 videos
TEST SET : contains 127 samples, 37 patients based on 8 videos
Dataset constituted.
--------------------NAIVE IMPLEMENTATION-------------------
Number of folds : 53
Grid search.
The best parameters are : {'C': 1}
Metrics obtained during CV : 
{'r2': array([-0.29898333, -0.17547685, -0.04298021, -0.10566585, -0.0431958 ,
       -0.06492043, -0.06200688, -0.0369012 , -0.028598  , -0.00175968,
       -0.13520511, -0.54900118, -0.44449566, -0.21975182, -0.26387941,
       -0.11708097, -0.00713061, -0.88385639, -0.0164272 , -0.21059736,
       -0.07518978, -0.77021564, -0.02038531, -0.2445805 , -0.08972909,
       -0.10436617, -0.00333421, -0.52290058, -0.23929968, -0.00235542,
       -0.26902256, -0.47709092, -0.6177346 , -0.01914064, -0.48476412,
       -0.23839819, -0.00284653, -0.03871859, -0.0073199 , -0.0511848 ,
       -0.00208864, -0.42736227, -0.70143089, -0.11760172, -0.30851381,
       -0.05821566, -0.13757346, -0.14870164, -0.27388263, -0.78302355,
       -0.01019949, -0.14175711, -0.06809986]), 'neg_mean_absolute_error': array([ -9.99429287, -11.65287997,  -8.92129811, -10.89562159,
       -10.31062013,  -5.96282981,  -7.98911947,  -6.06807862,
        -6.959632  ,  -7.54460317,  -7.86023809, -13.68888166,
       -15.19161679, -13.83011955,  -8.06662007,  -7.61858417,
       -13.37580677,  -6.33897197,  -8.71919073,  -9.90778385,
        -9.17311111, -14.39399297,  -8.30251888, -10.86433353,
        -8.77807754,  -9.45600319,  -8.88186473, -17.32795638,
       -10.48122222, -10.25894444, -12.26082014, -12.43820548,
       -13.2817054 ,  -8.82680641, -12.39327813, -10.95740095,
        -9.56981568,  -6.74856841,  -5.92622378,  -7.33453147,
        -7.26263088, -13.17099616, -14.71507351,  -8.82122768,
       -20.91253367,  -7.94679771,  -9.63489665,  -5.78064986,
        -9.34604916, -18.2288787 ,  -8.17993439, -14.12612837,
       -10.04634475]), 'neg_mean_squared_error': array([-144.87217047, -224.35439658,  -99.07950485, -194.626316  ,
       -133.49852145,  -49.1455944 , -135.36952449,  -96.29945118,
        -67.11698969,  -77.8742077 , -105.75830684, -319.46589509,
       -436.14625462, -310.95559184,  -92.12236892,  -91.29899333,
       -252.05500333,  -53.06517627,  -97.30837472, -223.60364614,
       -155.47227423, -383.88875717, -110.6341762 , -243.38700834,
       -124.0234666 , -267.04842472, -139.46635207, -593.46295918,
       -233.46881704, -146.62322245, -248.91922168, -273.56844693,
       -351.43635441, -118.3158162 , -210.87331584, -235.13239712,
       -164.70582708,  -77.13598375,  -64.34256133, -112.90216959,
        -80.72338041, -324.32889941, -416.74303736, -173.50657929,
       -770.14294359, -108.45414935, -149.41856159,  -50.07413499,
       -225.0592562 , -554.36605978, -120.08752333, -346.08765929,
       -249.28880328]), 'max_error': array([-33.33902903, -36.7059065 , -15.62104799, -34.69918974,
       -22.30403108, -14.16424817, -31.19573015, -34.33050622,
       -17.18759841, -18.55051327, -25.54650791, -33.95982164,
       -62.88067415, -39.21705429, -18.99378605, -16.09069976,
       -32.6146714 , -11.15640613, -23.74228344, -47.75752731,
       -33.89567029, -48.26118734, -22.53541505, -47.74900176,
       -30.06096043, -48.1004713 , -29.48521747, -63.89315186,
       -36.21113612, -27.70892671, -35.20694063, -40.12571232,
       -49.35071215, -24.65354847, -28.08450105, -45.48303618,
       -35.91957943, -24.98738433, -18.93732865, -34.61628321,
       -20.25120552, -52.08086635, -51.70893231, -42.45127457,
       -71.01493435, -26.0455611 , -32.17524301, -14.19027892,
       -51.48969081, -48.90543754, -33.8128846 , -42.485527  ,
       -52.18462098]), 'explained_variance': array([-4.44089210e-16,  0.00000000e+00,  1.11022302e-16,  0.00000000e+00,
        0.00000000e+00,  0.00000000e+00,  0.00000000e+00,  0.00000000e+00,
        0.00000000e+00,  3.33066907e-16,  1.11022302e-16,  0.00000000e+00,
        0.00000000e+00,  1.11022302e-16,  2.22044605e-16,  0.00000000e+00,
        2.22044605e-16,  0.00000000e+00,  0.00000000e+00,  0.00000000e+00,
        0.00000000e+00, -2.22044605e-16, -2.22044605e-16, -2.22044605e-16,
        0.00000000e+00, -2.22044605e-16,  0.00000000e+00,  1.11022302e-16,
        0.00000000e+00, -2.22044605e-16, -2.22044605e-16,  0.00000000e+00,
        0.00000000e+00,  0.00000000e+00,  0.00000000e+00,  3.33066907e-16,
       -2.22044605e-16,  0.00000000e+00,  0.00000000e+00,  2.22044605e-16,
        0.00000000e+00,  0.00000000e+00, -2.22044605e-16,  0.00000000e+00,
       -4.44089210e-16,  1.11022302e-16,  0.00000000e+00,  0.00000000e+00,
        1.11022302e-16,  0.00000000e+00,  0.00000000e+00, -2.22044605e-16,
        0.00000000e+00])}
         accs  y_pred (s)  y_true (s)
54    [11, 6]   15.827720      19.499
4    [46, 30]   23.972618      26.335
3    [46, 30]   23.972618      27.642
11   [46, 30]   23.972618      18.893
27   [28, 23]   20.838454      65.978
29   [28, 23]   20.838454      45.143
64    [11, 6]   15.827720      30.560
77   [15, 16]   16.688990      12.834
124  [24, 26]   19.508340      45.263
71    [11, 6]   15.827720       9.629
25   [28, 23]   20.838454      19.467
91     [3, 5]   15.093584      14.879
83   [15, 16]   16.688990      24.338
89   [15, 16]   16.688990      11.455
69    [11, 6]   15.827720       9.069
{'mse': 273.3187279220375, 'mae': 11.337805579600017, 'r2-score': -0.11790977005506931, 'max-error': 65.06338891177904, 'explained variance score': 0.09019694217522733, 'layers': ['mbconv3', 'pool']}
