environment: line 5: __conda_exe: command not found
Using device: cuda
Using model: efficientnetB7
Number of videos: 64
Execution type : naive
Using 2 features
Job ID : 59
Plotting ?  yes
Calculate accumulators ?  no
The directory contains : 65 videos
Number of videos in the directory : 65
Number of videos in the dataframe : 64
['conv1', 'mbconv1', 'mbconv2', 'mbconv3', 'mbconv4', 'mbconv5', 'mbconv6', 'mbconv7', 'conv2', 'pool', 'output']
{'conv1': {'T_max': 395.51620042324066, 'T_min': 239.28720539808273, 'tau': 100, 'alpha': 50}, 'mbconv1': {'T_max': 1298.5398244857788, 'T_min': 929.1751428842545, 'tau': 100, 'alpha': 50}, 'mbconv2': {'T_max': 1391.3383300304413, 'T_min': 1003.122047662735, 'tau': 100, 'alpha': 50}, 'mbconv3': {'T_max': 776.5638054609299, 'T_min': 488.0033164024353, 'tau': 100, 'alpha': 50}, 'mbconv4': {'T_max': 372.1466582119465, 'T_min': 220.11169669032097, 'tau': 100, 'alpha': 50}, 'mbconv5': {'T_max': 456.8904039859772, 'T_min': 244.3836663365364, 'tau': 100, 'alpha': 50}, 'mbconv6': {'T_max': 290.0942441225052, 'T_min': 148.01406832039356, 'tau': 100, 'alpha': 50}, 'mbconv7': {'T_max': 172.54942694306374, 'T_min': 86.22373071312904, 'tau': 100, 'alpha': 50}, 'conv2': {'T_max': 75.42317940294743, 'T_min': 36.623642422258854, 'tau': 100, 'alpha': 50}, 'pool': {'T_max': 3.77721415925771, 'T_min': 1.8366734338924289, 'tau': 100, 'alpha': 50}, 'output': {'T_max': 11.04102703742683, 'T_min': 5.27929691132158, 'tau': 100, 'alpha': 50}}
Iterating over following combinations of layers :  [['conv1'], ['mbconv1'], ['mbconv2'], ['mbconv3'], ['mbconv4'], ['mbconv5'], ['mbconv6'], ['mbconv7'], ['conv2'], ['pool'], ['output'], ['conv1', 'mbconv1'], ['conv1', 'mbconv2'], ['conv1', 'mbconv3'], ['conv1', 'mbconv4'], ['conv1', 'mbconv5'], ['conv1', 'mbconv6'], ['conv1', 'mbconv7'], ['conv1', 'conv2'], ['conv1', 'pool'], ['conv1', 'output'], ['mbconv1', 'mbconv2'], ['mbconv1', 'mbconv3'], ['mbconv1', 'mbconv4'], ['mbconv1', 'mbconv5'], ['mbconv1', 'mbconv6'], ['mbconv1', 'mbconv7'], ['mbconv1', 'conv2'], ['mbconv1', 'pool'], ['mbconv1', 'output'], ['mbconv2', 'mbconv3'], ['mbconv2', 'mbconv4'], ['mbconv2', 'mbconv5'], ['mbconv2', 'mbconv6'], ['mbconv2', 'mbconv7'], ['mbconv2', 'conv2'], ['mbconv2', 'pool'], ['mbconv2', 'output'], ['mbconv3', 'mbconv4'], ['mbconv3', 'mbconv5'], ['mbconv3', 'mbconv6'], ['mbconv3', 'mbconv7'], ['mbconv3', 'conv2'], ['mbconv3', 'pool'], ['mbconv3', 'output'], ['mbconv4', 'mbconv5'], ['mbconv4', 'mbconv6'], ['mbconv4', 'mbconv7'], ['mbconv4', 'conv2'], ['mbconv4', 'pool'], ['mbconv4', 'output'], ['mbconv5', 'mbconv6'], ['mbconv5', 'mbconv7'], ['mbconv5', 'conv2'], ['mbconv5', 'pool'], ['mbconv5', 'output'], ['mbconv6', 'mbconv7'], ['mbconv6', 'conv2'], ['mbconv6', 'pool'], ['mbconv6', 'output'], ['mbconv7', 'conv2'], ['mbconv7', 'pool'], ['mbconv7', 'output'], ['conv2', 'pool'], ['conv2', 'output'], ['pool', 'output']]
[['mbconv6', 'output']]
Generating the training set for videos : 
TRAINING SET : contains 962 samples, 37 patients based on 56 videos
TEST SET : contains 127 samples, 37 patients based on 8 videos
Dataset constituted.
--------------------NAIVE IMPLEMENTATION-------------------
Number of folds : 53
Grid search.
The best parameters are : {'C': 10.0}
Metrics obtained during CV : 
{'r2': array([-4.55191511e-02, -1.46807626e-01, -3.16591857e-02, -1.04877720e-01,
       -6.94808848e-02, -5.08205458e-02, -2.28222268e-02, -5.63948839e-02,
       -6.36043796e-02, -6.35483999e-03, -1.21830151e-01, -6.38769048e-01,
       -1.73526968e-01, -2.61288272e-01, -8.61418393e-02, -4.06976585e-01,
       -1.99164364e-02, -9.69869943e-01, -5.91004185e-02, -1.57994639e-01,
       -1.52782290e-01, -8.41459823e-01, -4.28150635e-02, -4.27017728e-01,
       -2.18796865e-01, -1.91587109e-01, -5.28176166e-04, -2.00908592e-01,
       -3.94881957e-01, -2.72976068e-03, -3.26584511e-01, -1.58593478e-01,
       -6.04193425e-01, -1.25060308e-02, -3.28740196e-01, -2.62053406e-01,
       -3.26500143e-03, -1.14611105e-03, -5.50409838e-06, -4.65763476e-02,
       -1.05325204e-03, -5.01041251e-01, -7.92502432e-01, -2.11677236e-01,
       -2.10485167e-01, -4.39340353e-02, -1.67306689e-01, -8.65770851e-02,
       -2.14129035e-01, -7.64346556e-01, -1.78670953e-02, -7.84045352e-04,
       -6.71771789e-02]), 'neg_mean_absolute_error': array([ -7.29835407, -11.57490774,  -8.8157757 , -10.8964697 ,
       -10.54299737,  -5.86834982,  -8.16153217,  -6.08704354,
        -7.13625885,  -7.5971825 ,  -7.83179898, -14.14354099,
       -13.66086903, -14.00821776,  -7.18185603,  -8.80120427,
       -13.78286454,  -6.47627055,  -8.59423538,  -9.72227633,
        -9.17311111, -14.7187203 ,  -8.24219927, -11.42368909,
        -9.78507847,  -9.64348828,  -8.83632862, -15.34399194,
       -11.05872504, -10.25894444, -12.48114469, -11.02451706,
       -13.22496241,  -8.66806338, -11.91365641, -11.06603277,
        -9.55902971,  -7.05083683,  -5.75736427,  -7.32252689,
        -7.20978556, -13.53352798, -15.17338273,  -9.29016245,
       -20.20990841,  -7.92793518,  -9.66059731,  -5.61460013,
        -9.01439511, -18.12976901,  -8.20089077, -14.82670252,
       -10.0531198 ]), 'neg_mean_squared_error': array([-116.60398188, -218.88251863,  -98.00404703, -194.48758366,
       -136.86224327,  -48.49489103, -130.37482242,  -98.10987571,
        -69.40118883,  -78.2314237 , -104.51226502, -337.97961382,
       -354.33086201, -321.54462566,  -79.16733043, -114.99215265,
       -255.25491777,  -55.48803843, -101.39372541, -213.88764925,
       -166.69213845, -399.33876146, -113.0660977 , -279.06396921,
       -138.71283532, -288.1394499 , -139.07630523, -467.98508977,
       -262.7786051 , -146.67798005, -260.21001974, -214.58030422,
       -348.4946731 , -117.54557944, -188.71405026, -239.6237693 ,
       -164.77455671,  -74.34582478,  -63.87535445, -112.40720016,
        -80.63997487, -341.0704253 , -439.0498082 , -188.11171218,
       -712.44690094, -106.99045797, -153.32397695,  -47.36600486,
       -214.50247511, -548.55913124, -120.9990103 , -303.35611962,
       -249.07345454]), 'max_error': array([-36.86038842, -36.21208235, -15.90746597, -34.68307573,
       -21.67329285, -14.36370593, -30.08996295, -34.76782721,
       -16.51641638, -18.2175108 , -25.36639356, -34.79684352,
       -58.53417053, -39.89382747, -20.87367648, -18.76465345,
       -29.04619122, -11.39355823, -24.86688156, -46.92274347,
       -35.2985775 , -48.84569655, -23.20329342, -49.97130045,
       -28.26646563, -49.88329818, -29.89504242, -58.46664247,
       -38.12190506, -27.7538509 , -35.94645055, -36.14532676,
       -49.22304042, -24.93928592, -26.61995383, -45.80893165,
       -35.9681163 , -22.99998428, -19.6023608 , -34.50824202,
       -20.37010749, -52.89656295, -52.53388892, -43.91098734,
       -68.67008784, -25.724898  , -32.61215432, -14.79359928,
       -50.68424527, -48.71823036, -34.16914317, -36.41793993,
       -52.15752079]), 'explained_variance': array([-2.22044605e-16,  0.00000000e+00,  1.11022302e-16,  0.00000000e+00,
        0.00000000e+00,  0.00000000e+00,  0.00000000e+00,  0.00000000e+00,
        0.00000000e+00,  3.33066907e-16,  3.33066907e-16,  1.11022302e-16,
        0.00000000e+00,  0.00000000e+00,  2.22044605e-16,  0.00000000e+00,
        0.00000000e+00,  0.00000000e+00,  0.00000000e+00,  0.00000000e+00,
        0.00000000e+00, -2.22044605e-16, -2.22044605e-16,  1.11022302e-16,
        0.00000000e+00,  0.00000000e+00,  0.00000000e+00,  0.00000000e+00,
       -2.22044605e-16, -2.22044605e-16,  0.00000000e+00,  0.00000000e+00,
        0.00000000e+00,  0.00000000e+00,  0.00000000e+00,  3.33066907e-16,
       -2.22044605e-16,  0.00000000e+00,  0.00000000e+00,  2.22044605e-16,
        0.00000000e+00,  0.00000000e+00,  0.00000000e+00,  0.00000000e+00,
       -2.22044605e-16, -2.22044605e-16, -2.22044605e-16,  0.00000000e+00,
        0.00000000e+00, -2.22044605e-16, -2.22044605e-16, -2.22044605e-16,
        0.00000000e+00])}
         accs  y_pred (s)  y_true (s)
54     [7, 7]   15.960710      19.499
4    [42, 29]   27.121623      26.335
3    [42, 29]   27.121623      27.642
11   [42, 29]   27.121623      18.893
27   [24, 23]   19.355910      65.978
29   [24, 23]   19.355910      45.143
64     [7, 7]   15.960710      30.560
77   [15, 17]   16.104619      12.834
124  [24, 26]   19.452506      45.263
71     [7, 7]   15.960710       9.629
25   [24, 23]   19.355910      19.467
91     [4, 6]   16.086432      14.879
83   [15, 17]   16.104619      24.338
89   [15, 17]   16.104619      11.455
69     [7, 7]   15.960710       9.069
{'mse': 269.2621565228807, 'mae': 11.17498916283228, 'r2-score': -0.10131785615834943, 'max-error': 65.19543867883645, 'explained variance score': 0.09127240474703102, 'layers': ['mbconv6', 'output']}
