environment: line 5: __conda_exe: command not found
Using device: cuda
Using model: efficientnetB7
Number of videos: 64
Execution type : naive
Using 2 features
Job ID : 15
Plotting ?  yes
Calculate accumulators ?  no
The directory contains : 65 videos
Number of videos in the directory : 65
Number of videos in the dataframe : 64
['conv1', 'mbconv1', 'mbconv2', 'mbconv3', 'mbconv4', 'mbconv5', 'mbconv6', 'mbconv7', 'conv2', 'pool', 'output']
{'conv1': {'T_max': 395.51620042324066, 'T_min': 239.28720539808273, 'tau': 100, 'alpha': 50}, 'mbconv1': {'T_max': 1298.5398244857788, 'T_min': 929.1751428842545, 'tau': 100, 'alpha': 50}, 'mbconv2': {'T_max': 1391.3383300304413, 'T_min': 1003.122047662735, 'tau': 100, 'alpha': 50}, 'mbconv3': {'T_max': 776.5638054609299, 'T_min': 488.0033164024353, 'tau': 100, 'alpha': 50}, 'mbconv4': {'T_max': 372.1466582119465, 'T_min': 220.11169669032097, 'tau': 100, 'alpha': 50}, 'mbconv5': {'T_max': 456.8904039859772, 'T_min': 244.3836663365364, 'tau': 100, 'alpha': 50}, 'mbconv6': {'T_max': 290.0942441225052, 'T_min': 148.01406832039356, 'tau': 100, 'alpha': 50}, 'mbconv7': {'T_max': 172.54942694306374, 'T_min': 86.22373071312904, 'tau': 100, 'alpha': 50}, 'conv2': {'T_max': 75.42317940294743, 'T_min': 36.623642422258854, 'tau': 100, 'alpha': 50}, 'pool': {'T_max': 3.77721415925771, 'T_min': 1.8366734338924289, 'tau': 100, 'alpha': 50}, 'output': {'T_max': 11.04102703742683, 'T_min': 5.27929691132158, 'tau': 100, 'alpha': 50}}
Iterating over following combinations of layers :  [['conv1'], ['mbconv1'], ['mbconv2'], ['mbconv3'], ['mbconv4'], ['mbconv5'], ['mbconv6'], ['mbconv7'], ['conv2'], ['pool'], ['output'], ['conv1', 'mbconv1'], ['conv1', 'mbconv2'], ['conv1', 'mbconv3'], ['conv1', 'mbconv4'], ['conv1', 'mbconv5'], ['conv1', 'mbconv6'], ['conv1', 'mbconv7'], ['conv1', 'conv2'], ['conv1', 'pool'], ['conv1', 'output'], ['mbconv1', 'mbconv2'], ['mbconv1', 'mbconv3'], ['mbconv1', 'mbconv4'], ['mbconv1', 'mbconv5'], ['mbconv1', 'mbconv6'], ['mbconv1', 'mbconv7'], ['mbconv1', 'conv2'], ['mbconv1', 'pool'], ['mbconv1', 'output'], ['mbconv2', 'mbconv3'], ['mbconv2', 'mbconv4'], ['mbconv2', 'mbconv5'], ['mbconv2', 'mbconv6'], ['mbconv2', 'mbconv7'], ['mbconv2', 'conv2'], ['mbconv2', 'pool'], ['mbconv2', 'output'], ['mbconv3', 'mbconv4'], ['mbconv3', 'mbconv5'], ['mbconv3', 'mbconv6'], ['mbconv3', 'mbconv7'], ['mbconv3', 'conv2'], ['mbconv3', 'pool'], ['mbconv3', 'output'], ['mbconv4', 'mbconv5'], ['mbconv4', 'mbconv6'], ['mbconv4', 'mbconv7'], ['mbconv4', 'conv2'], ['mbconv4', 'pool'], ['mbconv4', 'output'], ['mbconv5', 'mbconv6'], ['mbconv5', 'mbconv7'], ['mbconv5', 'conv2'], ['mbconv5', 'pool'], ['mbconv5', 'output'], ['mbconv6', 'mbconv7'], ['mbconv6', 'conv2'], ['mbconv6', 'pool'], ['mbconv6', 'output'], ['mbconv7', 'conv2'], ['mbconv7', 'pool'], ['mbconv7', 'output'], ['conv2', 'pool'], ['conv2', 'output'], ['pool', 'output']]
[['conv1', 'mbconv5']]
Generating the training set for videos : 
TRAINING SET : contains 962 samples, 37 patients based on 56 videos
TEST SET : contains 127 samples, 37 patients based on 8 videos
Dataset constituted.
--------------------NAIVE IMPLEMENTATION-------------------
Number of folds : 53
Grid search.
The best parameters are : {'C': 1}
Metrics obtained during CV : 
{'r2': array([-2.32177738e-01, -1.34256431e-02, -3.11905349e-02, -1.66397929e-01,
       -1.10659930e-03, -5.34412758e-02, -5.06556647e-02, -4.49043467e-02,
       -6.21434318e-02, -1.29812770e-03, -1.23917981e-01, -6.14306436e-01,
       -2.76473038e-01, -1.49490960e-01, -1.34090758e-01, -3.58290363e-01,
       -7.69105541e-03, -8.22715723e-01, -1.06795883e-02, -1.71608018e-01,
       -5.79521733e-02, -7.20490373e-01, -1.36044557e-02, -2.03549255e-01,
       -1.08384270e-02, -7.63920835e-02, -1.40872230e-03, -3.76156883e-01,
       -2.13622112e-01, -1.75523866e-04, -2.22006343e-01, -3.37298280e-01,
       -6.10124451e-01, -1.62506409e-02, -3.74563361e-01, -3.70795315e-01,
       -9.51929804e-02, -4.87169910e-03, -1.37640768e-01, -3.88010923e-02,
       -1.09161796e-03, -4.62088975e-01, -7.49334075e-01, -1.36000279e-01,
       -2.90859159e-01, -1.01936729e-02, -1.50098007e-01, -1.38591130e-01,
       -3.18267196e-01, -7.54953647e-01, -3.50756789e-02, -1.79725136e-01,
       -7.06621516e-02]), 'neg_mean_absolute_error': array([ -9.4528197 , -11.11787105,  -8.81102908, -10.83776403,
        -9.48161263,  -5.88681917,  -8.02962038,  -6.07407432,
        -7.13006605,  -7.43604685,  -7.83633763, -14.01505808,
       -14.28961511, -13.48500351,  -7.41162176,  -8.63259391,
       -13.37309596,  -6.23726691,  -8.97088051,  -9.77292585,
        -9.17311111, -14.16801801,  -8.36300268, -10.79691969,
        -7.74029343,  -9.53663378,  -8.75705427, -16.43030582,
       -10.48122222, -10.25894444, -12.11299082, -11.82804754,
       -13.24989326,  -8.76172907, -12.05866004, -11.61339786,
        -9.44361111,  -6.87014441,  -6.89865922,  -7.30083743,
        -7.21212231, -13.34546323, -14.95962175,  -8.91095883,
       -20.78212155,  -7.86323882,  -9.64603101,  -5.74438254,
        -9.56942677, -18.07946776,  -8.23527825, -14.22935741,
       -10.02776747]), 'neg_mean_squared_error': array([-137.42151971, -193.42490594,  -97.95952682, -205.31676109,
       -128.11233645,  -48.61583654, -133.92263299,  -97.04272251,
        -69.30586061,  -77.83832796, -104.7067721 , -332.93444645,
       -385.41405895, -293.0437462 ,  -82.66225875, -111.01302922,
       -252.19526649,  -51.34294295,  -96.75812309, -216.40211145,
       -152.9797184 , -373.10534066, -109.89896907, -235.36304118,
       -115.04481863, -260.2839695 , -139.19870369, -536.27803706,
       -228.63147967, -146.30434967, -239.69697503, -247.67778976,
       -349.78312803, -117.98030511, -195.22207579, -260.27039639,
       -179.87265338,  -74.62248961,  -72.66680731, -111.57210134,
        -80.64306544, -332.2195896 , -428.47628891, -176.36293822,
       -759.75206679, -103.5324839 , -151.06364245,  -49.63339808,
       -232.90076122, -545.63874923, -123.04468167, -357.59646748,
       -249.88682857]), 'max_error': array([-34.02489505, -32.51945003, -15.92034964, -35.7984834 ,
       -25.03147201, -14.32471509, -30.92540429, -34.52141208,
       -16.539949  , -19.23803663, -25.39513835, -34.5749185 ,
       -60.43238388, -37.90561335, -20.25313185, -18.40869826,
       -32.66617683, -10.98073376, -21.47707539, -47.15066631,
       -33.49313474, -47.83704053, -22.26323794, -47.14227717,
       -32.14596477, -47.37479602, -30.60851154, -61.72558413,
       -35.84068732, -26.961709  , -34.54170869, -38.62947594,
       -49.27913483, -24.77068767, -27.08064679, -47.14577019,
       -39.18986103, -23.89320028, -16.6560134 , -34.31303684,
       -20.36484981, -52.47341728, -52.14911914, -42.77337648,
       -70.62369798, -24.62505989, -32.36452718, -14.27835668,
       -52.03217931, -48.62321689, -34.75373027, -43.31135929,
       -52.25893014]), 'explained_variance': array([-4.44089210e-16,  1.11022302e-16,  1.11022302e-16,  1.11022302e-16,
        0.00000000e+00,  0.00000000e+00,  0.00000000e+00, -2.22044605e-16,
        0.00000000e+00,  3.33066907e-16,  1.11022302e-16, -2.22044605e-16,
        0.00000000e+00,  0.00000000e+00,  2.22044605e-16,  0.00000000e+00,
        0.00000000e+00,  0.00000000e+00,  0.00000000e+00,  0.00000000e+00,
        0.00000000e+00, -2.22044605e-16, -2.22044605e-16, -2.22044605e-16,
        0.00000000e+00,  0.00000000e+00,  0.00000000e+00,  1.11022302e-16,
        0.00000000e+00, -2.22044605e-16, -2.22044605e-16,  0.00000000e+00,
        2.22044605e-16,  0.00000000e+00,  0.00000000e+00,  3.33066907e-16,
       -4.44089210e-16,  0.00000000e+00, -2.22044605e-16,  2.22044605e-16,
        0.00000000e+00,  0.00000000e+00,  0.00000000e+00,  0.00000000e+00,
       -4.44089210e-16, -2.22044605e-16, -2.22044605e-16,  0.00000000e+00,
        0.00000000e+00,  0.00000000e+00,  1.11022302e-16,  0.00000000e+00,
        0.00000000e+00])}
         accs  y_pred (s)  y_true (s)
54     [2, 9]   15.312119      19.499
4    [29, 42]   24.387851      26.335
3    [29, 42]   24.387851      27.642
11   [29, 42]   24.387851      18.893
27   [28, 25]   18.951075      65.978
29   [28, 25]   18.951075      45.143
64     [2, 9]   15.312119      30.560
77   [14, 14]   16.358697      12.834
124  [22, 24]   19.347655      45.263
71     [2, 9]   15.312119       9.629
25   [28, 25]   18.951075      19.467
91    [12, 5]   15.938277      14.879
83   [14, 14]   16.358697      24.338
89   [14, 14]   16.358697      11.455
69     [2, 9]   15.312119       9.069
{'mse': 278.63790956691474, 'mae': 11.369295266737032, 'r2-score': -0.13966592695918734, 'max-error': 65.57329324369107, 'explained variance score': 0.08736779395306804, 'layers': ['conv1', 'mbconv5']}
