environment: line 5: __conda_exe: command not found
Using device: cuda
Using model: efficientnetB7
Number of videos: 64
Execution type : naive
Using 2 features
Job ID : 11
Plotting ?  yes
Calculate accumulators ?  no
The directory contains : 65 videos
Number of videos in the directory : 65
Number of videos in the dataframe : 64
['conv1', 'mbconv1', 'mbconv2', 'mbconv3', 'mbconv4', 'mbconv5', 'mbconv6', 'mbconv7', 'conv2', 'pool', 'output']
{'conv1': {'T_max': 395.51620042324066, 'T_min': 239.28720539808273, 'tau': 100, 'alpha': 50}, 'mbconv1': {'T_max': 1298.5398244857788, 'T_min': 929.1751428842545, 'tau': 100, 'alpha': 50}, 'mbconv2': {'T_max': 1391.3383300304413, 'T_min': 1003.122047662735, 'tau': 100, 'alpha': 50}, 'mbconv3': {'T_max': 776.5638054609299, 'T_min': 488.0033164024353, 'tau': 100, 'alpha': 50}, 'mbconv4': {'T_max': 372.1466582119465, 'T_min': 220.11169669032097, 'tau': 100, 'alpha': 50}, 'mbconv5': {'T_max': 456.8904039859772, 'T_min': 244.3836663365364, 'tau': 100, 'alpha': 50}, 'mbconv6': {'T_max': 290.0942441225052, 'T_min': 148.01406832039356, 'tau': 100, 'alpha': 50}, 'mbconv7': {'T_max': 172.54942694306374, 'T_min': 86.22373071312904, 'tau': 100, 'alpha': 50}, 'conv2': {'T_max': 75.42317940294743, 'T_min': 36.623642422258854, 'tau': 100, 'alpha': 50}, 'pool': {'T_max': 3.77721415925771, 'T_min': 1.8366734338924289, 'tau': 100, 'alpha': 50}, 'output': {'T_max': 11.04102703742683, 'T_min': 5.27929691132158, 'tau': 100, 'alpha': 50}}
Iterating over following combinations of layers :  [['conv1'], ['mbconv1'], ['mbconv2'], ['mbconv3'], ['mbconv4'], ['mbconv5'], ['mbconv6'], ['mbconv7'], ['conv2'], ['pool'], ['output'], ['conv1', 'mbconv1'], ['conv1', 'mbconv2'], ['conv1', 'mbconv3'], ['conv1', 'mbconv4'], ['conv1', 'mbconv5'], ['conv1', 'mbconv6'], ['conv1', 'mbconv7'], ['conv1', 'conv2'], ['conv1', 'pool'], ['conv1', 'output'], ['mbconv1', 'mbconv2'], ['mbconv1', 'mbconv3'], ['mbconv1', 'mbconv4'], ['mbconv1', 'mbconv5'], ['mbconv1', 'mbconv6'], ['mbconv1', 'mbconv7'], ['mbconv1', 'conv2'], ['mbconv1', 'pool'], ['mbconv1', 'output'], ['mbconv2', 'mbconv3'], ['mbconv2', 'mbconv4'], ['mbconv2', 'mbconv5'], ['mbconv2', 'mbconv6'], ['mbconv2', 'mbconv7'], ['mbconv2', 'conv2'], ['mbconv2', 'pool'], ['mbconv2', 'output'], ['mbconv3', 'mbconv4'], ['mbconv3', 'mbconv5'], ['mbconv3', 'mbconv6'], ['mbconv3', 'mbconv7'], ['mbconv3', 'conv2'], ['mbconv3', 'pool'], ['mbconv3', 'output'], ['mbconv4', 'mbconv5'], ['mbconv4', 'mbconv6'], ['mbconv4', 'mbconv7'], ['mbconv4', 'conv2'], ['mbconv4', 'pool'], ['mbconv4', 'output'], ['mbconv5', 'mbconv6'], ['mbconv5', 'mbconv7'], ['mbconv5', 'conv2'], ['mbconv5', 'pool'], ['mbconv5', 'output'], ['mbconv6', 'mbconv7'], ['mbconv6', 'conv2'], ['mbconv6', 'pool'], ['mbconv6', 'output'], ['mbconv7', 'conv2'], ['mbconv7', 'pool'], ['mbconv7', 'output'], ['conv2', 'pool'], ['conv2', 'output'], ['pool', 'output']]
[['conv1', 'mbconv1']]
Generating the training set for videos : 
TRAINING SET : contains 962 samples, 37 patients based on 56 videos
TEST SET : contains 127 samples, 37 patients based on 8 videos
Dataset constituted.
--------------------NAIVE IMPLEMENTATION-------------------
Number of folds : 53
Grid search.
The best parameters are : {'C': 10.0}
Metrics obtained during CV : 
{'r2': array([-4.47931403e-02, -8.96418375e-02, -1.45380202e-01, -9.40682318e-02,
       -2.35327496e-01, -3.76968823e-02, -3.71842152e-02, -7.33394538e-02,
       -5.36342574e-02, -4.90555339e-04, -9.60406170e-02, -5.24284880e-01,
       -5.38936749e-02, -1.87133018e-01, -2.54803094e-01, -3.94392273e-01,
       -2.57887785e-03, -6.95551343e-01, -3.16900451e-03, -8.76827361e-02,
       -1.20265175e-01, -7.90845123e-01, -1.97122349e-02, -4.31079224e-03,
       -8.48019633e-02, -3.57735709e-02, -4.69262346e-03, -2.46286413e-01,
       -9.52064322e-02, -1.25702392e-01, -3.84804173e-01, -6.95281406e-01,
       -6.30702735e-01, -6.82574727e-02, -1.72659357e-01, -3.32598792e-01,
       -7.45982944e-02, -1.81243302e-02, -3.23166175e-01, -3.08739944e-02,
       -3.15985778e-05, -6.14273402e-01, -8.91900410e-01, -1.54765984e-01,
       -2.90287314e-01, -1.43255712e-03, -1.90811903e-01, -4.94490564e-02,
       -4.23821943e-01, -1.84194464e-01, -4.32877433e-02, -5.76046801e-01,
       -9.82040646e-02]), 'neg_mean_absolute_error': array([ -7.28790956, -11.39221344,  -9.66027446, -10.90844036,
       -11.46620573,  -5.76770265,  -8.08708574,  -6.10395222,
        -7.09245083,  -7.51703876,  -7.77215297, -13.59961889,
       -13.15490087, -13.67806592,  -8.01456295,  -8.72788275,
       -13.40383327,  -6.0128383 ,  -8.79733023,  -9.52688889,
        -9.17311111, -14.48951201,  -8.30801881, -10.83634297,
        -8.72864578,  -9.71627782,  -8.71648404, -15.66013312,
       -10.52934501, -10.25894444, -12.78521761, -13.5044989 ,
       -13.33546702,  -9.56254697, -11.49565781, -11.41610413,
        -9.44361111,  -7.28952827,  -7.93339697,  -7.27634478,
        -7.10275037, -14.11231802, -15.6737628 ,  -9.01321689,
       -20.77783216,  -7.82565362,  -9.67933145,  -5.53086389,
       -10.04484339, -15.58341581,  -8.24860044, -15.54873541,
        -9.84615239]), 'neg_mean_squared_error': array([-116.52301181, -207.9717159 , -108.80714945, -192.584829  ,
       -158.08575423,  -47.88923992, -132.20548432,  -99.68355774,
        -68.75062895,  -77.77554937, -102.10965304, -314.36840698,
       -318.20918007, -302.6399675 ,  -91.46080886, -113.96363718,
       -250.91583965,  -47.7609288 ,  -96.03909205, -200.90067411,
       -161.99016869, -388.36246365, -110.56119843, -196.40047248,
       -123.46270363, -250.46194661, -139.65517543, -485.66848683,
       -206.32342199, -164.66625346, -271.62982695, -313.97898125,
       -354.25355058, -124.01797106, -166.5467015 , -253.0180925 ,
       -176.49021678,  -75.60663946,  -84.51724324, -110.72069391,
        -80.55767544, -366.79932374, -463.3960306 , -179.2762957 ,
       -759.41550013, -102.6345768 , -156.41135147,  -45.747522  ,
       -251.54931821, -368.18202409, -124.0208913 , -477.72888063,
       -256.31496399]), 'max_error': array([-36.87842894, -35.05501848, -16.02157942, -34.45563311,
       -19.1674416 , -14.57618329, -30.56145699, -35.08909216,
       -16.68288684, -18.72508784, -24.98863548, -33.71753699,
       -55.32970549, -38.63925048, -19.06986953, -22.99015444,
       -32.08216787, -10.59308434, -23.03902789, -45.54502484,
       -34.76850425, -48.43312161, -22.51066538, -39.91495666,
       -30.1499376 , -46.01799983, -30.97364362, -59.41506604,
       -33.73194744, -31.41001851, -36.63061462, -42.07341502,
       -49.4716758 , -23.32921545, -24.73896015, -46.70185929,
       -38.73610453, -22.13158184, -16.29426212, -34.09260303,
       -20.61093666, -54.04087244, -53.38181086, -43.08015066,
       -70.61082981, -23.98611159, -32.93063462, -15.26810463,
       -53.18676251, -40.87006876, -34.98020756, -49.1444611 ,
       -52.98539046]), 'explained_variance': array([-2.22044605e-16,  1.11022302e-16,  1.11022302e-16,  0.00000000e+00,
        0.00000000e+00,  0.00000000e+00,  0.00000000e+00,  0.00000000e+00,
        0.00000000e+00,  3.33066907e-16,  1.11022302e-16,  0.00000000e+00,
        0.00000000e+00,  0.00000000e+00,  2.22044605e-16,  0.00000000e+00,
        0.00000000e+00,  0.00000000e+00,  0.00000000e+00,  0.00000000e+00,
        0.00000000e+00, -2.22044605e-16, -2.22044605e-16, -2.22044605e-16,
        0.00000000e+00,  0.00000000e+00,  0.00000000e+00,  1.11022302e-16,
        0.00000000e+00,  0.00000000e+00,  0.00000000e+00,  0.00000000e+00,
        0.00000000e+00,  0.00000000e+00,  0.00000000e+00,  3.33066907e-16,
        0.00000000e+00,  0.00000000e+00, -4.44089210e-16,  2.22044605e-16,
        0.00000000e+00,  0.00000000e+00,  0.00000000e+00,  0.00000000e+00,
        0.00000000e+00, -2.22044605e-16, -2.22044605e-16,  0.00000000e+00,
        0.00000000e+00,  0.00000000e+00, -2.22044605e-16, -2.22044605e-16,
        0.00000000e+00])}
         accs  y_pred (s)  y_true (s)
54     [2, 2]   13.734052      19.499
4    [29, 43]   24.315753      26.335
3    [29, 43]   24.315753      27.642
11   [29, 43]   24.315753      18.893
27   [28, 29]   18.169978      65.978
29   [28, 29]   18.169978      45.143
64     [2, 2]   13.734052      30.560
77   [14, 16]   17.656294      12.834
124  [22, 24]   16.160757      45.263
71     [2, 2]   13.734052       9.629
25   [28, 29]   18.169978      19.467
91   [12, 10]   16.579354      14.879
83   [14, 16]   17.656294      24.338
89   [14, 16]   17.656294      11.455
69     [2, 2]   13.734052       9.069
{'mse': 290.77791709362776, 'mae': 11.669611301169782, 'r2-score': -0.18932016443436606, 'max-error': 64.8958630362635, 'explained variance score': 0.06446740393604, 'layers': ['conv1', 'mbconv1']}
