environment: line 5: __conda_exe: command not found
Using device: cuda
Using model: efficientnetB7
Number of videos: 64
Execution type : naive
Using 2 features
Job ID : 41
Plotting ?  yes
Calculate accumulators ?  no
The directory contains : 65 videos
Number of videos in the directory : 65
Number of videos in the dataframe : 64
['conv1', 'mbconv1', 'mbconv2', 'mbconv3', 'mbconv4', 'mbconv5', 'mbconv6', 'mbconv7', 'conv2', 'pool', 'output']
{'conv1': {'T_max': 395.51620042324066, 'T_min': 239.28720539808273, 'tau': 100, 'alpha': 50}, 'mbconv1': {'T_max': 1298.5398244857788, 'T_min': 929.1751428842545, 'tau': 100, 'alpha': 50}, 'mbconv2': {'T_max': 1391.3383300304413, 'T_min': 1003.122047662735, 'tau': 100, 'alpha': 50}, 'mbconv3': {'T_max': 776.5638054609299, 'T_min': 488.0033164024353, 'tau': 100, 'alpha': 50}, 'mbconv4': {'T_max': 372.1466582119465, 'T_min': 220.11169669032097, 'tau': 100, 'alpha': 50}, 'mbconv5': {'T_max': 456.8904039859772, 'T_min': 244.3836663365364, 'tau': 100, 'alpha': 50}, 'mbconv6': {'T_max': 290.0942441225052, 'T_min': 148.01406832039356, 'tau': 100, 'alpha': 50}, 'mbconv7': {'T_max': 172.54942694306374, 'T_min': 86.22373071312904, 'tau': 100, 'alpha': 50}, 'conv2': {'T_max': 75.42317940294743, 'T_min': 36.623642422258854, 'tau': 100, 'alpha': 50}, 'pool': {'T_max': 3.77721415925771, 'T_min': 1.8366734338924289, 'tau': 100, 'alpha': 50}, 'output': {'T_max': 11.04102703742683, 'T_min': 5.27929691132158, 'tau': 100, 'alpha': 50}}
Iterating over following combinations of layers :  [['conv1'], ['mbconv1'], ['mbconv2'], ['mbconv3'], ['mbconv4'], ['mbconv5'], ['mbconv6'], ['mbconv7'], ['conv2'], ['pool'], ['output'], ['conv1', 'mbconv1'], ['conv1', 'mbconv2'], ['conv1', 'mbconv3'], ['conv1', 'mbconv4'], ['conv1', 'mbconv5'], ['conv1', 'mbconv6'], ['conv1', 'mbconv7'], ['conv1', 'conv2'], ['conv1', 'pool'], ['conv1', 'output'], ['mbconv1', 'mbconv2'], ['mbconv1', 'mbconv3'], ['mbconv1', 'mbconv4'], ['mbconv1', 'mbconv5'], ['mbconv1', 'mbconv6'], ['mbconv1', 'mbconv7'], ['mbconv1', 'conv2'], ['mbconv1', 'pool'], ['mbconv1', 'output'], ['mbconv2', 'mbconv3'], ['mbconv2', 'mbconv4'], ['mbconv2', 'mbconv5'], ['mbconv2', 'mbconv6'], ['mbconv2', 'mbconv7'], ['mbconv2', 'conv2'], ['mbconv2', 'pool'], ['mbconv2', 'output'], ['mbconv3', 'mbconv4'], ['mbconv3', 'mbconv5'], ['mbconv3', 'mbconv6'], ['mbconv3', 'mbconv7'], ['mbconv3', 'conv2'], ['mbconv3', 'pool'], ['mbconv3', 'output'], ['mbconv4', 'mbconv5'], ['mbconv4', 'mbconv6'], ['mbconv4', 'mbconv7'], ['mbconv4', 'conv2'], ['mbconv4', 'pool'], ['mbconv4', 'output'], ['mbconv5', 'mbconv6'], ['mbconv5', 'mbconv7'], ['mbconv5', 'conv2'], ['mbconv5', 'pool'], ['mbconv5', 'output'], ['mbconv6', 'mbconv7'], ['mbconv6', 'conv2'], ['mbconv6', 'pool'], ['mbconv6', 'output'], ['mbconv7', 'conv2'], ['mbconv7', 'pool'], ['mbconv7', 'output'], ['conv2', 'pool'], ['conv2', 'output'], ['pool', 'output']]
[['mbconv3', 'mbconv7']]
Generating the training set for videos : 
TRAINING SET : contains 962 samples, 37 patients based on 56 videos
TEST SET : contains 127 samples, 37 patients based on 8 videos
Dataset constituted.
--------------------NAIVE IMPLEMENTATION-------------------
Number of folds : 53
Grid search.
The best parameters are : {'C': 1}
Metrics obtained during CV : 
{'r2': array([-2.69620822e-01, -2.40503406e-01, -5.05962803e-02, -1.32398222e-01,
       -4.59695127e-02, -1.59429208e-01, -5.08765768e-02, -2.14718301e-02,
       -9.98794313e-02, -3.75893942e-05, -1.28665952e-01, -5.34826775e-01,
       -5.30705872e-01, -2.94565182e-01, -1.68268911e-01, -1.25961550e-01,
       -5.16208542e-03, -1.05954044e+00, -1.52500074e-02, -2.03761940e-01,
       -7.02876832e-02, -7.88371044e-01, -2.92739302e-02, -2.29367251e-01,
       -5.03618287e-02, -1.10234620e-01, -8.65696987e-04, -4.78337962e-01,
       -2.71751933e-01, -2.52379367e-04, -2.80355631e-01, -4.05688531e-01,
       -6.02379634e-01, -1.75922867e-02, -4.31391154e-01, -2.11418994e-01,
       -5.22925663e-02, -5.56751519e-02, -8.98875617e-03, -4.44572402e-02,
       -2.07403493e-02, -4.23740201e-01, -6.72868462e-01, -7.15987696e-02,
       -3.15829117e-01, -5.03594556e-02, -1.29277277e-01, -3.28689122e-01,
       -2.64714489e-01, -8.85730941e-01, -3.33634618e-02, -1.38341354e-01,
       -5.80783445e-02]), 'neg_mean_absolute_error': array([ -9.76465348, -11.85012229,  -8.98456719, -10.86852601,
       -10.33799811,  -6.42778746,  -8.02874646,  -6.13047286,
        -7.2719617 ,  -7.49474022,  -7.84651879, -13.63794273,
       -15.5880685 , -14.14088769,  -7.58964934,  -7.6422295 ,
       -13.38629395,  -6.62199818,  -8.72427617,  -9.88510591,
        -9.17311111, -14.47812276,  -8.26235634, -10.84005108,
        -8.33277503,  -9.44052467,  -8.84476583, -17.05159771,
       -10.49999306, -10.25894444, -12.29447147, -12.11291262,
       -13.21731379,  -8.79260401, -12.23657881, -10.82669469,
        -9.44361111,  -6.71104851,  -5.95087342,  -7.31680769,
        -7.65480346, -13.15239692, -14.56527155,  -8.70110015,
       -20.96547424,  -7.93675145,  -9.62723989,  -6.32268808,
        -9.29770067, -18.80737731,  -8.23230985, -14.11619627,
       -10.1225974 ]), 'neg_mean_squared_error': array([-141.59744772, -236.76552526,  -99.80300538, -199.33191701,
       -133.85347596,  -53.50713149, -133.95079172,  -94.86648962,
        -71.76817016,  -77.74033697, -105.14910398, -316.54256666,
       -462.17628218, -330.02802451,  -85.15345562,  -92.0248025 ,
       -251.5623401 ,  -58.0139109 ,  -97.19567539, -222.34110839,
       -154.7634312 , -387.82593508, -111.59791493, -240.41194302,
       -119.54302771, -268.46748344, -139.1232216 , -576.09723852,
       -239.58242293, -146.31559199, -251.14220856, -260.34418319,
       -348.10064547, -118.13606175, -203.29303128, -230.0099062 ,
       -172.82676151,  -78.39519028,  -64.4491597 , -112.17959811,
        -82.22587155, -323.50588328, -409.74704647, -166.36466657,
       -774.44846273, -107.64898489, -148.32887091,  -57.92013865,
       -223.43950312, -586.29917287, -122.84114177, -345.05227932,
       -246.94983519]), 'max_error': array([-33.6299056 , -37.69386469, -15.44931762, -35.21400583,
       -22.22971941, -13.18267092, -30.93093906, -33.89140314,
       -16.00074555, -18.86631195, -25.45961901, -33.82155884,
       -63.95436682, -40.39797322, -19.87729583, -16.20587209,
       -32.41541487, -11.62984349, -23.69651449, -47.6554766 ,
       -33.7863716 , -48.41262096, -22.83029296, -47.5304597 ,
       -30.86250494, -48.23977796, -29.81910754, -63.27134485,
       -36.65193758, -27.31408429, -35.35837162, -39.39380341,
       -49.20583103, -24.71511278, -27.61440309, -45.09091739,
       -38.1664379 , -25.32506344, -18.86337974, -34.45676918,
       -19.36881721, -52.03901807, -51.43928879, -41.51240139,
       -71.17375606, -25.87477472, -32.04507809, -12.95103362,
       -51.37227305, -49.89721948, -34.70326752, -42.40607016,
       -51.87961039]), 'explained_variance': array([-2.22044605e-16,  0.00000000e+00,  1.11022302e-16,  1.11022302e-16,
        0.00000000e+00,  0.00000000e+00,  0.00000000e+00, -2.22044605e-16,
        0.00000000e+00,  3.33066907e-16,  1.11022302e-16, -2.22044605e-16,
        0.00000000e+00,  0.00000000e+00,  2.22044605e-16,  0.00000000e+00,
        0.00000000e+00,  0.00000000e+00,  0.00000000e+00,  0.00000000e+00,
        0.00000000e+00, -2.22044605e-16, -2.22044605e-16,  1.11022302e-16,
        0.00000000e+00,  0.00000000e+00,  0.00000000e+00,  0.00000000e+00,
       -2.22044605e-16, -2.22044605e-16, -2.22044605e-16,  0.00000000e+00,
        0.00000000e+00,  0.00000000e+00,  0.00000000e+00,  3.33066907e-16,
       -2.22044605e-16,  0.00000000e+00,  0.00000000e+00,  0.00000000e+00,
        0.00000000e+00,  0.00000000e+00, -2.22044605e-16,  0.00000000e+00,
       -2.22044605e-16,  0.00000000e+00,  0.00000000e+00,  0.00000000e+00,
        0.00000000e+00, -2.22044605e-16,  0.00000000e+00, -2.22044605e-16,
        0.00000000e+00])}
         accs  y_pred (s)  y_true (s)
54    [11, 2]   16.904951      19.499
4    [46, 41]   22.999374      26.335
3    [46, 41]   22.999374      27.642
11   [46, 41]   22.999374      18.893
27   [28, 19]   20.153934      65.978
29   [28, 19]   20.153934      45.143
64    [11, 2]   16.904951      30.560
77   [15, 14]   16.169170      12.834
124  [24, 23]   19.113456      45.263
71    [11, 2]   16.904951       9.629
25   [28, 19]   20.153934      19.467
91     [3, 5]   15.045172      14.879
83   [15, 14]   16.169170      24.338
89   [15, 14]   16.169170      11.455
69    [11, 2]   16.904951       9.069
{'mse': 278.9630017557021, 'mae': 11.425681652248171, 'r2-score': -0.14099559703623288, 'max-error': 64.73190200062025, 'explained variance score': 0.07797976793718953, 'layers': ['mbconv3', 'mbconv7']}
