environment: line 5: __conda_exe: command not found
Using device: cuda
Using model: efficientnetB7
Number of videos: 64
Execution type : naive
Using 2 features
Job ID : 34
Plotting ?  yes
Calculate accumulators ?  no
The directory contains : 65 videos
Number of videos in the directory : 65
Number of videos in the dataframe : 64
['conv1', 'mbconv1', 'mbconv2', 'mbconv3', 'mbconv4', 'mbconv5', 'mbconv6', 'mbconv7', 'conv2', 'pool', 'output']
{'conv1': {'T_max': 395.51620042324066, 'T_min': 239.28720539808273, 'tau': 100, 'alpha': 50}, 'mbconv1': {'T_max': 1298.5398244857788, 'T_min': 929.1751428842545, 'tau': 100, 'alpha': 50}, 'mbconv2': {'T_max': 1391.3383300304413, 'T_min': 1003.122047662735, 'tau': 100, 'alpha': 50}, 'mbconv3': {'T_max': 776.5638054609299, 'T_min': 488.0033164024353, 'tau': 100, 'alpha': 50}, 'mbconv4': {'T_max': 372.1466582119465, 'T_min': 220.11169669032097, 'tau': 100, 'alpha': 50}, 'mbconv5': {'T_max': 456.8904039859772, 'T_min': 244.3836663365364, 'tau': 100, 'alpha': 50}, 'mbconv6': {'T_max': 290.0942441225052, 'T_min': 148.01406832039356, 'tau': 100, 'alpha': 50}, 'mbconv7': {'T_max': 172.54942694306374, 'T_min': 86.22373071312904, 'tau': 100, 'alpha': 50}, 'conv2': {'T_max': 75.42317940294743, 'T_min': 36.623642422258854, 'tau': 100, 'alpha': 50}, 'pool': {'T_max': 3.77721415925771, 'T_min': 1.8366734338924289, 'tau': 100, 'alpha': 50}, 'output': {'T_max': 11.04102703742683, 'T_min': 5.27929691132158, 'tau': 100, 'alpha': 50}}
Iterating over following combinations of layers :  [['conv1'], ['mbconv1'], ['mbconv2'], ['mbconv3'], ['mbconv4'], ['mbconv5'], ['mbconv6'], ['mbconv7'], ['conv2'], ['pool'], ['output'], ['conv1', 'mbconv1'], ['conv1', 'mbconv2'], ['conv1', 'mbconv3'], ['conv1', 'mbconv4'], ['conv1', 'mbconv5'], ['conv1', 'mbconv6'], ['conv1', 'mbconv7'], ['conv1', 'conv2'], ['conv1', 'pool'], ['conv1', 'output'], ['mbconv1', 'mbconv2'], ['mbconv1', 'mbconv3'], ['mbconv1', 'mbconv4'], ['mbconv1', 'mbconv5'], ['mbconv1', 'mbconv6'], ['mbconv1', 'mbconv7'], ['mbconv1', 'conv2'], ['mbconv1', 'pool'], ['mbconv1', 'output'], ['mbconv2', 'mbconv3'], ['mbconv2', 'mbconv4'], ['mbconv2', 'mbconv5'], ['mbconv2', 'mbconv6'], ['mbconv2', 'mbconv7'], ['mbconv2', 'conv2'], ['mbconv2', 'pool'], ['mbconv2', 'output'], ['mbconv3', 'mbconv4'], ['mbconv3', 'mbconv5'], ['mbconv3', 'mbconv6'], ['mbconv3', 'mbconv7'], ['mbconv3', 'conv2'], ['mbconv3', 'pool'], ['mbconv3', 'output'], ['mbconv4', 'mbconv5'], ['mbconv4', 'mbconv6'], ['mbconv4', 'mbconv7'], ['mbconv4', 'conv2'], ['mbconv4', 'pool'], ['mbconv4', 'output'], ['mbconv5', 'mbconv6'], ['mbconv5', 'mbconv7'], ['mbconv5', 'conv2'], ['mbconv5', 'pool'], ['mbconv5', 'output'], ['mbconv6', 'mbconv7'], ['mbconv6', 'conv2'], ['mbconv6', 'pool'], ['mbconv6', 'output'], ['mbconv7', 'conv2'], ['mbconv7', 'pool'], ['mbconv7', 'output'], ['conv2', 'pool'], ['conv2', 'output'], ['pool', 'output']]
[['mbconv2', 'mbconv7']]
Generating the training set for videos : 
TRAINING SET : contains 962 samples, 37 patients based on 56 videos
TEST SET : contains 127 samples, 37 patients based on 8 videos
Dataset constituted.
--------------------NAIVE IMPLEMENTATION-------------------
Number of folds : 53
Grid search.
The best parameters are : {'C': 100.0}
Metrics obtained during CV : 
{'r2': array([-9.42655416e-02, -2.58160366e-02, -1.04215687e+00, -5.39259345e-02,
       -1.79625249e-04, -6.32874246e-03, -1.65073069e-03, -1.05629211e-01,
       -1.83381498e-01, -3.41767889e-02, -3.04463457e-03, -6.53826313e-01,
       -2.23677105e-01, -4.45515309e-01, -7.57596808e-02, -3.66936913e-02,
       -1.21221053e-01, -9.40421861e-01, -2.77894268e-02, -1.33326779e-01,
       -1.35313345e-03, -5.22765250e-01, -5.18205151e-01, -4.06013574e-02,
       -2.71323491e-02, -6.73427533e-02, -2.32600053e-02, -5.81233426e-01,
       -1.62434298e-01, -1.35004036e-02, -2.69760150e-01, -4.80881477e-01,
       -2.39253198e-01, -1.02188122e-02, -9.71716860e-01, -4.28991682e-01,
       -6.09823146e-04, -4.70358002e-02, -8.94146084e-02, -2.13844273e-03,
       -9.27862796e-03, -5.27328024e-01, -6.11540520e-01, -2.90465118e-02,
       -4.06605633e-01, -7.05074676e-02, -2.73899345e-01, -1.84554097e-04,
       -2.83769948e-01, -9.83602231e-01, -2.87085418e-02, -3.60877400e-01,
       -7.62584645e-02]), 'neg_mean_absolute_error': array([ -7.99527216, -11.13512838, -12.61306816, -11.58819217,
        -9.62054105,  -5.4605753 ,  -8.44461186,  -6.13144002,
        -7.61888379,  -7.26866619,  -7.52268445, -14.22140425,
       -13.9512036 , -14.66497463,  -7.12443845,  -7.46589103,
       -13.1562217 ,  -6.42997652,  -8.67729913,  -9.62458689,
        -9.31151749, -13.50124609,  -9.21814146, -10.63555556,
        -7.25838889,  -9.56581019,  -8.661     , -17.67247876,
       -10.48122222, -10.25894444, -12.26303159, -12.45476926,
       -11.33729107,  -8.60376114, -13.6660781 , -14.17700113,
        -9.86660273,  -7.52579262,  -6.60443721,  -7.12726214,
        -6.77718097, -13.65633591, -14.23248167,  -9.55612487,
       -21.57739714,  -7.96124068,  -9.95921317,  -5.25594322,
        -9.3972918 , -19.38508675,  -8.22383072, -14.61410476,
        -9.98832992]), 'neg_mean_squared_error': array([-122.0405377 , -195.78976687, -193.99782467, -185.51872725,
       -127.99371091,  -46.44161451, -127.67618136, -102.68238342,
        -77.21675879,  -80.39423008,  -93.44593442, -341.08502302,
       -369.47302891, -368.51026764,  -78.4105897 ,  -84.72894321,
       -280.60846688,  -54.65853378,  -98.39614554, -209.33136691,
       -144.79550611, -330.22669362, -164.60975476, -203.4973634 ,
       -116.89925082, -258.09573752, -142.23609512, -616.19483094,
       -218.98832509, -148.25349541, -249.06390111, -274.27048754,
       -269.21512792, -117.28004776, -280.0326774 , -271.32003413,
       -164.33847469,  -77.75362585,  -69.58636125, -107.63436111,
        -81.3025711 , -347.04337301, -394.72557662, -159.75846995,
       -827.87617032, -109.71390946, -167.32476195,  -43.59998669,
       -226.80606708, -616.72867669, -122.28778788, -412.50706295,
       -251.1929781 ]), 'max_error': array([-35.87112193, -33.13843918, -22.25525501, -27.30544961,
       -24.503544  , -15.35472419, -28.84307493, -35.6113604 ,
       -15.09446756, -20.55034241, -22.5300045 , -34.93133462,
       -59.51383835, -42.38950361, -21.02952422, -15.58092954,
       -36.78678767, -11.3135958 , -24.11930786, -46.483141  ,
       -31.04067131, -45.98460738, -28.54444328, -43.65089367,
       -35.01387247, -47.11220832, -31.96411232, -64.66832721,
       -35.02867196, -28.52722774, -35.21689217, -40.16298084,
       -44.97577992, -25.05502995, -31.53467574, -29.73009796,
       -34.91935849, -21.42278881, -17.23126627, -32.75085923,
       -21.52593564, -53.1728808 , -50.840267  , -36.05484404,
       -73.00952475, -26.29109151, -33.92237485, -16.82598844,
       -51.61413722, -50.79004317, -34.55912217, -46.38933811,
       -52.41668032]), 'explained_variance': array([-2.22044605e-16,  0.00000000e+00,  1.11022302e-16,  1.11022302e-16,
        0.00000000e+00,  0.00000000e+00,  0.00000000e+00,  0.00000000e+00,
        0.00000000e+00,  3.33066907e-16,  1.11022302e-16,  0.00000000e+00,
        0.00000000e+00,  0.00000000e+00,  2.22044605e-16,  0.00000000e+00,
        0.00000000e+00,  0.00000000e+00,  0.00000000e+00,  0.00000000e+00,
        2.22044605e-16,  1.11022302e-16, -2.22044605e-16,  1.11022302e-16,
       -2.22044605e-16,  0.00000000e+00, -2.22044605e-16,  1.11022302e-16,
        0.00000000e+00, -2.22044605e-16, -2.22044605e-16,  0.00000000e+00,
        1.11022302e-16,  0.00000000e+00,  0.00000000e+00,  3.33066907e-16,
        0.00000000e+00,  0.00000000e+00,  0.00000000e+00,  2.22044605e-16,
        0.00000000e+00,  0.00000000e+00, -2.22044605e-16,  0.00000000e+00,
       -2.22044605e-16, -2.22044605e-16,  0.00000000e+00,  0.00000000e+00,
       -2.22044605e-16, -4.44089210e-16, -2.22044605e-16, -2.22044605e-16,
       -2.22044605e-16])}
         accs  y_pred (s)  y_true (s)
54    [10, 2]   16.980605      19.499
4    [52, 41]   24.361916      26.335
3    [52, 41]   24.361916      27.642
11   [52, 41]   24.361916      18.893
27   [29, 19]   12.134625      65.978
29   [29, 19]   12.134625      45.143
64    [10, 2]   16.980605      30.560
77   [16, 14]   16.439417      12.834
124  [26, 23]   20.043795      45.263
71    [10, 2]   16.980605       9.629
25   [29, 19]   12.134625      19.467
91     [2, 5]   18.345483      14.879
83   [16, 14]   16.439417      24.338
89   [16, 14]   16.439417      11.455
69    [10, 2]   16.980605       9.069
{'mse': 297.10028990237686, 'mae': 11.832035550123209, 'r2-score': -0.21517950596784186, 'max-error': 61.76542647538879, 'explained variance score': 0.0013345762757699386, 'layers': ['mbconv2', 'mbconv7']}
