environment: line 5: __conda_exe: command not found
Using device: cuda
Using model: efficientnetB7
Number of videos: 64
Execution type : naive
Using 2 features
Job ID : 57
Plotting ?  yes
Calculate accumulators ?  no
The directory contains : 65 videos
Number of videos in the directory : 65
Number of videos in the dataframe : 64
['conv1', 'mbconv1', 'mbconv2', 'mbconv3', 'mbconv4', 'mbconv5', 'mbconv6', 'mbconv7', 'conv2', 'pool', 'output']
{'conv1': {'T_max': 395.51620042324066, 'T_min': 239.28720539808273, 'tau': 100, 'alpha': 50}, 'mbconv1': {'T_max': 1298.5398244857788, 'T_min': 929.1751428842545, 'tau': 100, 'alpha': 50}, 'mbconv2': {'T_max': 1391.3383300304413, 'T_min': 1003.122047662735, 'tau': 100, 'alpha': 50}, 'mbconv3': {'T_max': 776.5638054609299, 'T_min': 488.0033164024353, 'tau': 100, 'alpha': 50}, 'mbconv4': {'T_max': 372.1466582119465, 'T_min': 220.11169669032097, 'tau': 100, 'alpha': 50}, 'mbconv5': {'T_max': 456.8904039859772, 'T_min': 244.3836663365364, 'tau': 100, 'alpha': 50}, 'mbconv6': {'T_max': 290.0942441225052, 'T_min': 148.01406832039356, 'tau': 100, 'alpha': 50}, 'mbconv7': {'T_max': 172.54942694306374, 'T_min': 86.22373071312904, 'tau': 100, 'alpha': 50}, 'conv2': {'T_max': 75.42317940294743, 'T_min': 36.623642422258854, 'tau': 100, 'alpha': 50}, 'pool': {'T_max': 3.77721415925771, 'T_min': 1.8366734338924289, 'tau': 100, 'alpha': 50}, 'output': {'T_max': 11.04102703742683, 'T_min': 5.27929691132158, 'tau': 100, 'alpha': 50}}
Iterating over following combinations of layers :  [['conv1'], ['mbconv1'], ['mbconv2'], ['mbconv3'], ['mbconv4'], ['mbconv5'], ['mbconv6'], ['mbconv7'], ['conv2'], ['pool'], ['output'], ['conv1', 'mbconv1'], ['conv1', 'mbconv2'], ['conv1', 'mbconv3'], ['conv1', 'mbconv4'], ['conv1', 'mbconv5'], ['conv1', 'mbconv6'], ['conv1', 'mbconv7'], ['conv1', 'conv2'], ['conv1', 'pool'], ['conv1', 'output'], ['mbconv1', 'mbconv2'], ['mbconv1', 'mbconv3'], ['mbconv1', 'mbconv4'], ['mbconv1', 'mbconv5'], ['mbconv1', 'mbconv6'], ['mbconv1', 'mbconv7'], ['mbconv1', 'conv2'], ['mbconv1', 'pool'], ['mbconv1', 'output'], ['mbconv2', 'mbconv3'], ['mbconv2', 'mbconv4'], ['mbconv2', 'mbconv5'], ['mbconv2', 'mbconv6'], ['mbconv2', 'mbconv7'], ['mbconv2', 'conv2'], ['mbconv2', 'pool'], ['mbconv2', 'output'], ['mbconv3', 'mbconv4'], ['mbconv3', 'mbconv5'], ['mbconv3', 'mbconv6'], ['mbconv3', 'mbconv7'], ['mbconv3', 'conv2'], ['mbconv3', 'pool'], ['mbconv3', 'output'], ['mbconv4', 'mbconv5'], ['mbconv4', 'mbconv6'], ['mbconv4', 'mbconv7'], ['mbconv4', 'conv2'], ['mbconv4', 'pool'], ['mbconv4', 'output'], ['mbconv5', 'mbconv6'], ['mbconv5', 'mbconv7'], ['mbconv5', 'conv2'], ['mbconv5', 'pool'], ['mbconv5', 'output'], ['mbconv6', 'mbconv7'], ['mbconv6', 'conv2'], ['mbconv6', 'pool'], ['mbconv6', 'output'], ['mbconv7', 'conv2'], ['mbconv7', 'pool'], ['mbconv7', 'output'], ['conv2', 'pool'], ['conv2', 'output'], ['pool', 'output']]
[['mbconv6', 'conv2']]
Generating the training set for videos : 
TRAINING SET : contains 962 samples, 37 patients based on 56 videos
TEST SET : contains 127 samples, 37 patients based on 8 videos
Dataset constituted.
--------------------NAIVE IMPLEMENTATION-------------------
Number of folds : 53
Grid search.
The best parameters are : {'C': 1}
Metrics obtained during CV : 
{'r2': array([-5.26931694e-02, -1.88144834e-01, -1.51454935e-02, -1.23591584e-01,
       -4.47690924e-02, -1.30790331e-01, -8.64429416e-03, -2.00170462e-02,
       -5.95001274e-02, -2.30071428e-03, -8.56777509e-02, -5.17845167e-01,
       -4.65852871e-01, -3.17543877e-01, -9.44661522e-02, -3.33664891e-01,
       -3.73792137e-03, -1.22680283e+00, -2.83025274e-02, -1.59726581e-01,
       -1.19412120e-01, -7.32960647e-01, -1.65692295e-02, -3.18310342e-01,
       -4.39578397e-02, -1.09906424e-01, -9.38115790e-03, -3.25869435e-01,
       -3.23390021e-01, -1.01043355e-03, -1.91124228e-01, -2.12759989e-01,
       -4.93302874e-01, -6.58474402e-02, -3.13722559e-01, -3.47138269e-01,
       -1.32232545e-01, -1.13613475e-02, -5.60571428e-03, -2.63083750e-02,
       -1.52991648e-02, -4.01711007e-01, -6.68086863e-01, -1.32846912e-01,
       -2.48145811e-01, -1.98548310e-02, -1.19660703e-01, -2.31426633e-01,
       -2.56984706e-01, -8.82910068e-01, -7.63480134e-02, -1.06812123e-01,
       -5.42483240e-02]), 'neg_mean_absolute_error': array([ -7.40209026, -11.68528867,  -8.65500077, -10.87712175,
       -10.32625369,  -6.30667722,  -8.28908957,  -6.14328271,
        -7.11867345,  -7.55298001,  -7.74594521, -13.57601827,
       -15.29295145, -14.2281652 ,  -7.22543275,  -8.542938  ,
       -13.39521066,  -6.93310065,  -8.67563366,  -9.72883814,
        -9.17311111, -14.21819452,  -8.3350426 , -11.04552199,
        -8.24533601,  -9.44137927,  -8.67934092, -16.15086698,
       -10.66730602, -10.25894444, -12.00717895, -11.28588493,
       -12.73403017,  -9.53468993, -11.87856814, -11.4924757 ,
        -9.44361111,  -6.83491615,  -5.89775808,  -7.26078621,
        -7.5737258 , -13.05579536, -14.53988485,  -8.89309776,
       -20.44917908,  -7.88702543,  -9.61805012,  -6.04014354,
        -9.25628287, -18.79026486,  -8.29237552, -14.0574375 ,
       -10.15346432]), 'neg_mean_squared_error': array([-117.40408114, -226.77223963,  -96.4353035 , -197.78171677,
       -133.69985731,  -52.18546029, -128.56762131,  -94.73138043,
        -69.1333825 ,  -77.91626645, -101.14422471, -313.04028101,
       -442.59478093, -335.88606361,  -79.77407774, -109.0003901 ,
       -251.20591396,  -62.72542079,  -98.44526759, -214.20754801,
       -161.86681708, -375.80964296, -110.22042147, -257.80542845,
       -118.8141815 , -268.38812188, -140.30689526, -516.68139498,
       -249.31040376, -146.42647916, -233.63943739, -224.61235323,
       -324.40483096, -123.73818145, -186.58117349, -255.77867643,
       -185.95596918,  -75.10441553,  -64.23306789, -110.23032501,
        -81.78755622, -318.50035361, -408.57585701, -175.87338112,
       -734.6125665 , -104.52263433, -147.06574842,  -53.68027791,
       -222.07386769, -585.42212571, -127.95093284, -335.49518731,
       -246.05592886]), 'max_error': array([-36.68932962, -36.91116157, -16.44219708, -35.05068675,
       -22.26159712, -13.4383481 , -29.43405962, -33.84272571,
       -16.5832409 , -18.49745994, -24.82265297, -33.65347816,
       -63.15572536, -40.72962777, -20.75539682, -18.21942467,
       -32.24599739, -12.04526082, -24.13429708, -46.95227164,
       -34.75368818, -47.94475014, -22.38905831, -48.72284898,
       -31.01989518, -48.23208654, -31.30793171, -60.88726762,
       -37.30218854, -27.50639845, -34.06555529, -37.00298812,
       -48.11844289, -23.37935812, -26.46205665, -46.87369532,
       -39.89605337, -24.21025462, -19.02272577, -33.95257591,
       -19.55124196, -51.78055274, -51.39359273, -42.71979328,
       -69.62487056, -25.02943236, -31.88885206, -13.56007997,
       -51.27168697, -49.87077297, -35.72438392, -41.62049254,
       -51.75614271]), 'explained_variance': array([-2.22044605e-16,  0.00000000e+00,  1.11022302e-16,  0.00000000e+00,
        0.00000000e+00,  0.00000000e+00,  0.00000000e+00, -2.22044605e-16,
        0.00000000e+00,  3.33066907e-16,  1.11022302e-16,  0.00000000e+00,
        0.00000000e+00,  0.00000000e+00,  2.22044605e-16,  0.00000000e+00,
        0.00000000e+00,  0.00000000e+00,  0.00000000e+00, -2.22044605e-16,
        0.00000000e+00, -2.22044605e-16, -2.22044605e-16, -2.22044605e-16,
        0.00000000e+00,  0.00000000e+00,  0.00000000e+00,  0.00000000e+00,
        1.11022302e-16, -2.22044605e-16, -2.22044605e-16,  0.00000000e+00,
       -2.22044605e-16,  0.00000000e+00,  0.00000000e+00,  0.00000000e+00,
        0.00000000e+00,  0.00000000e+00,  0.00000000e+00,  2.22044605e-16,
        0.00000000e+00,  0.00000000e+00, -2.22044605e-16,  0.00000000e+00,
       -2.22044605e-16, -2.22044605e-16,  0.00000000e+00,  0.00000000e+00,
       -2.22044605e-16,  0.00000000e+00, -2.22044605e-16,  0.00000000e+00,
        0.00000000e+00])}
         accs  y_pred (s)  y_true (s)
54     [7, 4]   16.022254      19.499
4    [42, 35]   23.450559      26.335
3    [42, 35]   23.450559      27.642
11   [42, 35]   23.450559      18.893
27   [24, 20]   19.746531      65.978
29   [24, 20]   19.746531      45.143
64     [7, 4]   16.022254      30.560
77   [15, 15]   15.678535      12.834
124  [24, 23]   19.628270      45.263
71     [7, 4]   16.022254       9.629
25   [24, 20]   19.746531      19.467
91     [4, 4]   15.589199      14.879
83   [15, 15]   15.678535      24.338
89   [15, 15]   15.678535      11.455
69     [7, 4]   16.022254       9.069
{'mse': 275.9125699154496, 'mae': 11.34708329734339, 'r2-score': -0.12851892709476398, 'max-error': 64.42334911705771, 'explained variance score': 0.09070412662600424, 'layers': ['mbconv6', 'conv2']}
