environment: line 5: __conda_exe: command not found
Using device: cuda
Using model: efficientnetB7
Number of videos: 64
Execution type : naive
Using 2 features
Job ID : 22
Plotting ?  yes
Calculate accumulators ?  no
The directory contains : 65 videos
Number of videos in the directory : 65
Number of videos in the dataframe : 64
['conv1', 'mbconv1', 'mbconv2', 'mbconv3', 'mbconv4', 'mbconv5', 'mbconv6', 'mbconv7', 'conv2', 'pool', 'output']
{'conv1': {'T_max': 395.51620042324066, 'T_min': 239.28720539808273, 'tau': 100, 'alpha': 50}, 'mbconv1': {'T_max': 1298.5398244857788, 'T_min': 929.1751428842545, 'tau': 100, 'alpha': 50}, 'mbconv2': {'T_max': 1391.3383300304413, 'T_min': 1003.122047662735, 'tau': 100, 'alpha': 50}, 'mbconv3': {'T_max': 776.5638054609299, 'T_min': 488.0033164024353, 'tau': 100, 'alpha': 50}, 'mbconv4': {'T_max': 372.1466582119465, 'T_min': 220.11169669032097, 'tau': 100, 'alpha': 50}, 'mbconv5': {'T_max': 456.8904039859772, 'T_min': 244.3836663365364, 'tau': 100, 'alpha': 50}, 'mbconv6': {'T_max': 290.0942441225052, 'T_min': 148.01406832039356, 'tau': 100, 'alpha': 50}, 'mbconv7': {'T_max': 172.54942694306374, 'T_min': 86.22373071312904, 'tau': 100, 'alpha': 50}, 'conv2': {'T_max': 75.42317940294743, 'T_min': 36.623642422258854, 'tau': 100, 'alpha': 50}, 'pool': {'T_max': 3.77721415925771, 'T_min': 1.8366734338924289, 'tau': 100, 'alpha': 50}, 'output': {'T_max': 11.04102703742683, 'T_min': 5.27929691132158, 'tau': 100, 'alpha': 50}}
Iterating over following combinations of layers :  [['conv1'], ['mbconv1'], ['mbconv2'], ['mbconv3'], ['mbconv4'], ['mbconv5'], ['mbconv6'], ['mbconv7'], ['conv2'], ['pool'], ['output'], ['conv1', 'mbconv1'], ['conv1', 'mbconv2'], ['conv1', 'mbconv3'], ['conv1', 'mbconv4'], ['conv1', 'mbconv5'], ['conv1', 'mbconv6'], ['conv1', 'mbconv7'], ['conv1', 'conv2'], ['conv1', 'pool'], ['conv1', 'output'], ['mbconv1', 'mbconv2'], ['mbconv1', 'mbconv3'], ['mbconv1', 'mbconv4'], ['mbconv1', 'mbconv5'], ['mbconv1', 'mbconv6'], ['mbconv1', 'mbconv7'], ['mbconv1', 'conv2'], ['mbconv1', 'pool'], ['mbconv1', 'output'], ['mbconv2', 'mbconv3'], ['mbconv2', 'mbconv4'], ['mbconv2', 'mbconv5'], ['mbconv2', 'mbconv6'], ['mbconv2', 'mbconv7'], ['mbconv2', 'conv2'], ['mbconv2', 'pool'], ['mbconv2', 'output'], ['mbconv3', 'mbconv4'], ['mbconv3', 'mbconv5'], ['mbconv3', 'mbconv6'], ['mbconv3', 'mbconv7'], ['mbconv3', 'conv2'], ['mbconv3', 'pool'], ['mbconv3', 'output'], ['mbconv4', 'mbconv5'], ['mbconv4', 'mbconv6'], ['mbconv4', 'mbconv7'], ['mbconv4', 'conv2'], ['mbconv4', 'pool'], ['mbconv4', 'output'], ['mbconv5', 'mbconv6'], ['mbconv5', 'mbconv7'], ['mbconv5', 'conv2'], ['mbconv5', 'pool'], ['mbconv5', 'output'], ['mbconv6', 'mbconv7'], ['mbconv6', 'conv2'], ['mbconv6', 'pool'], ['mbconv6', 'output'], ['mbconv7', 'conv2'], ['mbconv7', 'pool'], ['mbconv7', 'output'], ['conv2', 'pool'], ['conv2', 'output'], ['pool', 'output']]
[['mbconv1', 'mbconv3']]
Generating the training set for videos : 
TRAINING SET : contains 962 samples, 37 patients based on 56 videos
TEST SET : contains 127 samples, 37 patients based on 8 videos
Dataset constituted.
--------------------NAIVE IMPLEMENTATION-------------------
Number of folds : 53
Grid search.
The best parameters are : {'C': 1}
Metrics obtained during CV : 
{'r2': array([-1.90653396e-01, -6.34731484e-03, -4.35593334e-02, -8.19473128e-02,
       -5.40587417e-02, -5.69734988e-02, -8.23299393e-02, -4.32230436e-02,
       -5.77068742e-02, -8.18884204e-03, -1.58828499e-01, -4.36424229e-01,
       -2.14186638e-01, -2.08315368e-01, -1.42967302e-01, -5.83947521e-04,
       -1.64896472e-02, -9.03200093e-01, -1.09747076e-02, -2.36501579e-01,
       -3.38598736e-02, -7.16445617e-01, -2.43983162e-02, -4.27607968e-02,
       -4.72908203e-02, -6.82046758e-03, -2.00125940e-03, -3.27144563e-01,
       -1.44854622e-01, -1.32792712e-02, -3.47609813e-01, -2.33279887e-01,
       -6.76525875e-01, -4.31760836e-02, -3.17022869e-01, -4.12218546e-01,
       -5.22925122e-02, -5.85984648e-03, -1.98050021e-01, -4.71531269e-02,
       -1.43692470e-03, -4.42119095e-01, -6.72683194e-01, -1.24402302e-01,
       -2.74678661e-01, -6.12857636e-02, -1.47568750e-01, -1.69114161e-01,
       -3.02646410e-01, -5.68714382e-01, -1.86049742e-03, -2.78741897e-01,
       -6.42995307e-02]), 'neg_mean_absolute_error': array([ -9.07589196, -11.16110271,  -8.92629675, -10.92271412,
        -9.10586078,  -5.91100983,  -7.99909743,  -6.07204297,
        -7.11079987,  -7.61218277,  -7.90722401, -13.26390466,
       -13.88627576, -13.77818112,  -7.45985183,  -7.72012848,
       -13.33919686,  -6.37041192,  -8.97242227,  -9.99055199,
        -9.17311111, -14.15240215,  -8.27959124, -10.63555556,
        -8.29158446, -10.20924605,  -8.74761905, -16.15820903,
       -10.48122222, -10.25894444, -12.59386431, -11.38446667,
       -13.5211397 ,  -9.24246264, -11.88635001, -11.81618476,
        -9.44361111,  -7.13259814,  -7.27564582,  -7.3240609 ,
        -7.23153736, -13.24596945, -14.5642896 ,  -8.84829622,
       -20.65907604,  -7.95053774,  -9.64382107,  -5.85029171,
        -9.49270131, -17.00828686,  -8.12391288, -14.45573505,
       -10.07455412]), 'neg_mean_squared_error': array([-132.79041981, -192.07391883,  -99.13451981, -190.45122797,
       -134.88866046,  -48.77884702, -137.96001879,  -96.88657594,
        -69.01637104,  -78.37399428, -107.95911583, -296.24803257,
       -366.60750863, -308.04005812,  -83.30925742,  -81.77769497,
       -254.39729377,  -53.610057  ,  -96.78637655, -228.38829061,
       -149.49597563, -372.22819533, -111.06928174, -203.9196579 ,
       -119.1935123 , -243.46075365, -139.28106806, -517.1783027 ,
       -215.67653036, -148.22114847, -264.33414013, -228.4127941 ,
       -364.20816073, -121.10617959, -187.0498993 , -268.13534936,
       -172.82675262,  -74.69587014,  -76.52544856, -112.46914896,
        -80.67088167, -327.68198244, -409.70166749, -174.56236357,
       -750.22882268, -108.76879769, -150.73142845,  -50.96395624,
       -230.14100737, -487.73445068, -119.09622504, -387.61027592,
       -248.40182682]), 'max_error': array([-34.50233685, -32.01934951, -15.60748026, -34.18443181,
       -27.28535491, -14.27364592, -31.62385126, -34.48281641,
       -16.61316051, -18.12250915, -25.84408539, -32.80631264,
       -59.33760562, -39.01968826, -20.15131281, -17.53114705,
       -33.31025962, -11.2107115 , -21.4631996 , -48.12998397,
       -32.81105392, -47.80190483, -22.67517883, -43.72485678,
       -30.93664798, -44.3610714 , -30.69342851, -60.90929377,
       -34.72075999, -28.51567117, -36.20006971, -37.29873334,
       -49.88943932, -23.90536724, -26.49707504, -47.60204072,
       -38.16643639, -22.63205838, -16.06436461, -34.52204809,
       -20.32116594, -52.24955626, -51.43752127, -42.573083  ,
       -70.25456145, -26.10914158, -32.32695822, -14.0211487 ,
       -51.84584604, -46.59987517, -32.24148103, -45.12238044,
       -52.0717835 ]), 'explained_variance': array([ 0.00000000e+00,  0.00000000e+00,  1.11022302e-16,  3.33066907e-16,
        0.00000000e+00,  0.00000000e+00,  0.00000000e+00,  0.00000000e+00,
        0.00000000e+00,  3.33066907e-16,  3.33066907e-16,  0.00000000e+00,
        0.00000000e+00,  0.00000000e+00,  2.22044605e-16,  0.00000000e+00,
        0.00000000e+00,  0.00000000e+00,  0.00000000e+00,  0.00000000e+00,
        0.00000000e+00, -2.22044605e-16, -2.22044605e-16,  1.11022302e-16,
        0.00000000e+00, -2.22044605e-16,  0.00000000e+00,  1.11022302e-16,
        0.00000000e+00, -2.22044605e-16,  0.00000000e+00,  0.00000000e+00,
        0.00000000e+00,  0.00000000e+00,  0.00000000e+00,  3.33066907e-16,
       -2.22044605e-16,  0.00000000e+00, -2.22044605e-16,  0.00000000e+00,
        0.00000000e+00,  0.00000000e+00, -2.22044605e-16,  0.00000000e+00,
       -4.44089210e-16, -2.22044605e-16,  0.00000000e+00,  0.00000000e+00,
        0.00000000e+00,  0.00000000e+00, -2.22044605e-16,  0.00000000e+00,
        0.00000000e+00])}
         accs  y_pred (s)  y_true (s)
54    [2, 11]   15.770029      19.499
4    [43, 46]   22.845611      26.335
3    [43, 46]   22.845611      27.642
11   [43, 46]   22.845611      18.893
27   [29, 28]   17.787481      65.978
29   [29, 28]   17.787481      45.143
64    [2, 11]   15.770029      30.560
77   [16, 15]   18.454754      12.834
124  [24, 24]   17.814477      45.263
71    [2, 11]   15.770029       9.629
25   [29, 28]   17.787481      19.467
91    [10, 3]   16.084284      14.879
83   [16, 15]   18.454754      24.338
89   [16, 15]   18.454754      11.455
69    [2, 11]   15.770029       9.069
{'mse': 288.37007098589436, 'mae': 11.644178914822364, 'r2-score': -0.1794717551830538, 'max-error': 63.899942757593735, 'explained variance score': 0.04675803112399535, 'layers': ['mbconv1', 'mbconv3']}
