environment: line 5: __conda_exe: command not found
Using device: cuda
Using model: efficientnetB7
Number of videos: 64
Execution type : naive
Using 2 features
Job ID : 10
Plotting ?  yes
Calculate accumulators ?  no
The directory contains : 65 videos
Number of videos in the directory : 65
Number of videos in the dataframe : 64
['conv1', 'mbconv1', 'mbconv2', 'mbconv3', 'mbconv4', 'mbconv5', 'mbconv6', 'mbconv7', 'conv2', 'pool', 'output']
{'conv1': {'T_max': 395.51620042324066, 'T_min': 239.28720539808273, 'tau': 100, 'alpha': 50}, 'mbconv1': {'T_max': 1298.5398244857788, 'T_min': 929.1751428842545, 'tau': 100, 'alpha': 50}, 'mbconv2': {'T_max': 1391.3383300304413, 'T_min': 1003.122047662735, 'tau': 100, 'alpha': 50}, 'mbconv3': {'T_max': 776.5638054609299, 'T_min': 488.0033164024353, 'tau': 100, 'alpha': 50}, 'mbconv4': {'T_max': 372.1466582119465, 'T_min': 220.11169669032097, 'tau': 100, 'alpha': 50}, 'mbconv5': {'T_max': 456.8904039859772, 'T_min': 244.3836663365364, 'tau': 100, 'alpha': 50}, 'mbconv6': {'T_max': 290.0942441225052, 'T_min': 148.01406832039356, 'tau': 100, 'alpha': 50}, 'mbconv7': {'T_max': 172.54942694306374, 'T_min': 86.22373071312904, 'tau': 100, 'alpha': 50}, 'conv2': {'T_max': 75.42317940294743, 'T_min': 36.623642422258854, 'tau': 100, 'alpha': 50}, 'pool': {'T_max': 3.77721415925771, 'T_min': 1.8366734338924289, 'tau': 100, 'alpha': 50}, 'output': {'T_max': 11.04102703742683, 'T_min': 5.27929691132158, 'tau': 100, 'alpha': 50}}
Iterating over following combinations of layers :  [['conv1'], ['mbconv1'], ['mbconv2'], ['mbconv3'], ['mbconv4'], ['mbconv5'], ['mbconv6'], ['mbconv7'], ['conv2'], ['pool'], ['output'], ['conv1', 'mbconv1'], ['conv1', 'mbconv2'], ['conv1', 'mbconv3'], ['conv1', 'mbconv4'], ['conv1', 'mbconv5'], ['conv1', 'mbconv6'], ['conv1', 'mbconv7'], ['conv1', 'conv2'], ['conv1', 'pool'], ['conv1', 'output'], ['mbconv1', 'mbconv2'], ['mbconv1', 'mbconv3'], ['mbconv1', 'mbconv4'], ['mbconv1', 'mbconv5'], ['mbconv1', 'mbconv6'], ['mbconv1', 'mbconv7'], ['mbconv1', 'conv2'], ['mbconv1', 'pool'], ['mbconv1', 'output'], ['mbconv2', 'mbconv3'], ['mbconv2', 'mbconv4'], ['mbconv2', 'mbconv5'], ['mbconv2', 'mbconv6'], ['mbconv2', 'mbconv7'], ['mbconv2', 'conv2'], ['mbconv2', 'pool'], ['mbconv2', 'output'], ['mbconv3', 'mbconv4'], ['mbconv3', 'mbconv5'], ['mbconv3', 'mbconv6'], ['mbconv3', 'mbconv7'], ['mbconv3', 'conv2'], ['mbconv3', 'pool'], ['mbconv3', 'output'], ['mbconv4', 'mbconv5'], ['mbconv4', 'mbconv6'], ['mbconv4', 'mbconv7'], ['mbconv4', 'conv2'], ['mbconv4', 'pool'], ['mbconv4', 'output'], ['mbconv5', 'mbconv6'], ['mbconv5', 'mbconv7'], ['mbconv5', 'conv2'], ['mbconv5', 'pool'], ['mbconv5', 'output'], ['mbconv6', 'mbconv7'], ['mbconv6', 'conv2'], ['mbconv6', 'pool'], ['mbconv6', 'output'], ['mbconv7', 'conv2'], ['mbconv7', 'pool'], ['mbconv7', 'output'], ['conv2', 'pool'], ['conv2', 'output'], ['pool', 'output']]
[['output']]
Generating the training set for videos : 
TRAINING SET : contains 962 samples, 37 patients based on 56 videos
TEST SET : contains 127 samples, 37 patients based on 8 videos
Dataset constituted.
--------------------NAIVE IMPLEMENTATION-------------------
Number of folds : 53
Grid search.
The best parameters are : {'C': 1}
Metrics obtained during CV : 
{'r2': array([-1.84083192e-01, -1.62177007e-01, -1.69829453e-01, -2.18001633e-02,
       -2.51759478e-02, -9.88946364e-02, -5.00301962e-02, -2.43419334e-02,
       -5.36658619e-04, -1.06035146e-02, -1.18134618e-01, -5.07570738e-01,
       -3.71598573e-01, -2.03418238e-01, -3.23084337e-01, -1.43031829e-01,
       -2.12386284e-02, -8.77524614e-01, -5.98243363e-02, -1.81683428e-01,
       -6.07984334e-02, -4.95004643e-01, -1.49381241e-01, -4.93370562e-01,
       -8.40286924e-02, -9.44290526e-02, -2.20729994e-02, -6.07489592e-01,
       -1.48644427e-01, -9.68812745e-03, -2.27140967e-01, -4.99074893e-01,
       -5.65480517e-01, -4.75596444e-03, -3.24977901e-01, -1.52474836e-01,
       -1.39296512e-03, -2.93603514e-02, -1.23782936e-02, -4.33728310e-02,
       -8.44037336e-03, -4.20947119e-01, -7.43354355e-01, -1.28804960e-01,
       -4.75349199e-01, -4.03695458e-02, -1.25047154e-01, -2.03973258e-01,
       -2.53883275e-01, -6.96279116e-01, -1.47790771e-02, -5.19407592e-01,
       -5.91492704e-02]), 'neg_mean_absolute_error': array([ -9.01261497, -11.61756916,  -9.80254695, -11.01950789,
       -10.1057066 ,  -6.15487507,  -8.03210507,  -6.10641497,
        -6.69407863,  -7.62955826,  -7.82366901, -13.53805803,
       -14.82596993, -13.75550566,  -8.38622325,  -7.69762581,
       -13.32477344,  -6.32860613,  -8.59262164,  -9.8091295 ,
        -9.17311111, -13.43756556,  -8.44996775, -11.79432311,
        -8.72075877,  -9.48324112,  -8.661     , -17.82188921,
       -10.48122222, -10.25894444, -12.12985202, -12.53337631,
       -13.05913547,  -8.4114652 , -11.90494248, -10.63224423,
        -9.92054701,  -6.77290965,  -5.99469384,  -7.31382825,
        -7.44680263, -13.13800017, -14.92953075,  -8.86989068,
       -21.99628687,  -7.92276455,  -9.62324115,  -5.96012236,
        -9.2394899 , -17.75790315,  -8.2406534 , -15.29882304,
       -10.11415007]), 'neg_mean_squared_error': array([-132.05766236, -221.81595635, -111.12974355, -179.86374525,
       -131.1925084 ,  -50.71348849, -133.84290718,  -95.13304286,
        -65.28596056,  -78.56170468, -104.16798079, -310.92128363,
       -414.13594896, -306.79161565,  -96.43773134,  -93.41995592,
       -255.58582332,  -52.88682044, -101.46303019, -218.26309213,
       -153.39128717, -324.20653176, -124.62042042, -292.03976116,
       -123.37469667, -264.6455158 , -142.07109787, -626.42666201,
       -216.39048292, -147.69584071, -240.70413348, -277.64004616,
       -340.08468827, -116.6458455 , -188.17971105, -218.81828675,
       -164.46709661,  -76.44103441,  -64.66566641, -112.06312749,
        -81.23504539, -322.871232  , -427.01163558, -175.24587191,
       -868.33609638, -106.62514144, -147.77325074,  -52.48353196,
       -221.52593211, -527.39604656, -120.63192195, -460.56049083,
       -247.19978357]), 'max_error': array([-34.58248771, -36.48227133, -16.32193246, -32.3453501 ,
       -22.86022495, -13.75881931, -30.9096679 , -33.98282312,
       -18.366502  , -18.01246434, -25.31490376, -33.55044323,
       -61.88820409, -38.93352153, -18.52667371, -16.41637808,
       -33.58430471, -11.1385015 , -24.88140525, -47.31358274,
       -33.56337025, -45.69804501, -25.07320974, -50.65565133,
       -30.16413422, -47.85532991, -31.91763085, -65.00450072,
       -34.78865436, -28.31239244, -34.61758408, -40.33984669,
       -48.84992981, -25.40116264, -26.58074115, -44.13569804,
       -34.75752564, -24.76831311, -18.73191848, -34.42995426,
       -19.83681908, -52.00662537, -52.09495535, -42.65017205,
       -74.26619393, -25.63699727, -31.97709961, -13.75441713,
       -51.23090404, -48.01581706, -31.38629737, -48.4780281 ,
       -51.9133997 ]), 'explained_variance': array([-2.22044605e-16,  0.00000000e+00,  1.11022302e-16,  3.33066907e-16,
        0.00000000e+00,  0.00000000e+00,  0.00000000e+00, -2.22044605e-16,
       -2.22044605e-16,  3.33066907e-16,  3.33066907e-16,  0.00000000e+00,
        0.00000000e+00,  0.00000000e+00,  2.22044605e-16,  0.00000000e+00,
        0.00000000e+00,  0.00000000e+00,  0.00000000e+00,  0.00000000e+00,
        0.00000000e+00, -2.22044605e-16, -2.22044605e-16,  0.00000000e+00,
        0.00000000e+00, -2.22044605e-16,  0.00000000e+00,  1.11022302e-16,
        0.00000000e+00, -2.22044605e-16,  0.00000000e+00,  0.00000000e+00,
        1.11022302e-16,  2.22044605e-16,  0.00000000e+00,  3.33066907e-16,
        0.00000000e+00,  0.00000000e+00,  0.00000000e+00,  0.00000000e+00,
        0.00000000e+00,  0.00000000e+00, -2.22044605e-16,  0.00000000e+00,
       -4.44089210e-16, -2.22044605e-16,  0.00000000e+00,  0.00000000e+00,
        1.11022302e-16,  0.00000000e+00,  0.00000000e+00,  0.00000000e+00,
        0.00000000e+00])}
     accs  y_pred (s)  y_true (s)
54    [7]   15.739885      19.499
4    [29]   21.424637      26.335
3    [29]   21.424637      27.642
11   [29]   21.424637      18.893
27   [23]   19.801775      65.978
29   [23]   19.801775      45.143
64    [7]   15.739885      30.560
77   [17]   18.071101      12.834
124  [26]   20.624627      45.263
71    [7]   15.739885       9.629
25   [23]   19.801775      19.467
91    [6]   15.523061      14.879
83   [17]   18.071101      24.338
89   [17]   18.071101      11.455
69    [7]   15.739885       9.069
{'mse': 280.76311674662, 'mae': 11.50792500533209, 'r2-score': -0.14835830558851226, 'max-error': 65.16411521302305, 'explained variance score': 0.0665898341725698, 'layers': ['output']}
