environment: line 5: __conda_exe: command not found
Using device: cuda
Using model: efficientnetB7
Number of videos: 64
Execution type : naive
Using 2 features
Job ID : 46
Plotting ?  yes
Calculate accumulators ?  no
The directory contains : 65 videos
Number of videos in the directory : 65
Number of videos in the dataframe : 64
['conv1', 'mbconv1', 'mbconv2', 'mbconv3', 'mbconv4', 'mbconv5', 'mbconv6', 'mbconv7', 'conv2', 'pool', 'output']
{'conv1': {'T_max': 395.51620042324066, 'T_min': 239.28720539808273, 'tau': 100, 'alpha': 50}, 'mbconv1': {'T_max': 1298.5398244857788, 'T_min': 929.1751428842545, 'tau': 100, 'alpha': 50}, 'mbconv2': {'T_max': 1391.3383300304413, 'T_min': 1003.122047662735, 'tau': 100, 'alpha': 50}, 'mbconv3': {'T_max': 776.5638054609299, 'T_min': 488.0033164024353, 'tau': 100, 'alpha': 50}, 'mbconv4': {'T_max': 372.1466582119465, 'T_min': 220.11169669032097, 'tau': 100, 'alpha': 50}, 'mbconv5': {'T_max': 456.8904039859772, 'T_min': 244.3836663365364, 'tau': 100, 'alpha': 50}, 'mbconv6': {'T_max': 290.0942441225052, 'T_min': 148.01406832039356, 'tau': 100, 'alpha': 50}, 'mbconv7': {'T_max': 172.54942694306374, 'T_min': 86.22373071312904, 'tau': 100, 'alpha': 50}, 'conv2': {'T_max': 75.42317940294743, 'T_min': 36.623642422258854, 'tau': 100, 'alpha': 50}, 'pool': {'T_max': 3.77721415925771, 'T_min': 1.8366734338924289, 'tau': 100, 'alpha': 50}, 'output': {'T_max': 11.04102703742683, 'T_min': 5.27929691132158, 'tau': 100, 'alpha': 50}}
Iterating over following combinations of layers :  [['conv1'], ['mbconv1'], ['mbconv2'], ['mbconv3'], ['mbconv4'], ['mbconv5'], ['mbconv6'], ['mbconv7'], ['conv2'], ['pool'], ['output'], ['conv1', 'mbconv1'], ['conv1', 'mbconv2'], ['conv1', 'mbconv3'], ['conv1', 'mbconv4'], ['conv1', 'mbconv5'], ['conv1', 'mbconv6'], ['conv1', 'mbconv7'], ['conv1', 'conv2'], ['conv1', 'pool'], ['conv1', 'output'], ['mbconv1', 'mbconv2'], ['mbconv1', 'mbconv3'], ['mbconv1', 'mbconv4'], ['mbconv1', 'mbconv5'], ['mbconv1', 'mbconv6'], ['mbconv1', 'mbconv7'], ['mbconv1', 'conv2'], ['mbconv1', 'pool'], ['mbconv1', 'output'], ['mbconv2', 'mbconv3'], ['mbconv2', 'mbconv4'], ['mbconv2', 'mbconv5'], ['mbconv2', 'mbconv6'], ['mbconv2', 'mbconv7'], ['mbconv2', 'conv2'], ['mbconv2', 'pool'], ['mbconv2', 'output'], ['mbconv3', 'mbconv4'], ['mbconv3', 'mbconv5'], ['mbconv3', 'mbconv6'], ['mbconv3', 'mbconv7'], ['mbconv3', 'conv2'], ['mbconv3', 'pool'], ['mbconv3', 'output'], ['mbconv4', 'mbconv5'], ['mbconv4', 'mbconv6'], ['mbconv4', 'mbconv7'], ['mbconv4', 'conv2'], ['mbconv4', 'pool'], ['mbconv4', 'output'], ['mbconv5', 'mbconv6'], ['mbconv5', 'mbconv7'], ['mbconv5', 'conv2'], ['mbconv5', 'pool'], ['mbconv5', 'output'], ['mbconv6', 'mbconv7'], ['mbconv6', 'conv2'], ['mbconv6', 'pool'], ['mbconv6', 'output'], ['mbconv7', 'conv2'], ['mbconv7', 'pool'], ['mbconv7', 'output'], ['conv2', 'pool'], ['conv2', 'output'], ['pool', 'output']]
[['mbconv4', 'mbconv6']]
Generating the training set for videos : 
TRAINING SET : contains 962 samples, 37 patients based on 56 videos
TEST SET : contains 127 samples, 37 patients based on 8 videos
Dataset constituted.
--------------------NAIVE IMPLEMENTATION-------------------
Number of folds : 53
Grid search.
The best parameters are : {'C': 100.0}
Metrics obtained during CV : 
{'r2': array([-5.50026325e-03, -3.64961046e-02, -2.04409086e-02, -5.94735614e-03,
       -2.98905511e-01, -2.10883061e-02, -9.24156418e-03, -8.05316597e-02,
       -5.73269320e-01, -4.01780848e-02, -2.29946181e-02, -8.40077865e-01,
       -3.93990715e-01, -3.55960975e-01, -3.07289981e-01, -4.35659548e-01,
       -6.36981710e-03, -5.88294141e-01, -1.12146465e-01, -9.57909835e-02,
       -5.59165831e-02, -1.13921994e+00, -1.67120695e-01, -3.17492693e-01,
       -4.32793009e-03, -4.83167589e-02, -2.55054654e-03, -9.88677643e-02,
       -1.08683349e-01, -5.85659035e-02, -2.00378279e-01, -1.61113327e-01,
       -5.92639064e-01, -4.98694379e-02, -1.80898619e-01, -7.80614079e-02,
       -1.61060981e-01, -3.52947278e-02, -2.45427459e-02, -1.60602394e-03,
       -5.40567503e-04, -3.40816827e-01, -4.28684070e-01, -1.29557165e-01,
       -1.14899134e-02, -4.62776551e-02, -2.17709226e-01, -5.00888606e-02,
       -1.01019946e-01, -1.07473848e+00, -1.09740605e-03, -2.22093798e-01,
       -4.19519287e-02]), 'neg_mean_absolute_error': array([ -6.62446521, -11.15720802,  -8.70605426, -11.06875799,
       -11.72300828,  -5.62492177,  -8.27970586,  -6.11052996,
        -8.87742019,  -7.26143864,  -7.57168723, -15.11903511,
       -14.94182941, -14.36730325,  -8.30404796,  -8.91661685,
       -13.37966334,  -5.84613964,  -8.49445888,  -9.52688889,
        -9.17311111, -16.16916551,  -8.47577417, -11.04326871,
        -7.59690675,  -9.63439403,  -8.74006366, -15.06666667,
       -10.48122222, -10.25894444, -12.03972978, -11.0340473 ,
       -13.17604015,  -9.33540087, -11.52160809, -10.49816667,
        -9.44361111,  -6.75709154,  -6.11565146,  -7.12015952,
        -6.98758247, -12.80450553, -13.12589989,  -8.87423679,
       -20.38915788,  -7.93122115,  -9.72972209,  -5.1904089 ,
        -8.73477675, -19.89769733,  -8.13640877, -14.33235732,
       -10.26075268]), 'neg_mean_squared_error': array([-112.14078131, -197.82819085,  -96.93834958, -177.07323359,
       -166.22187882,  -47.12276167, -128.6437528 , -100.35151481,
       -102.65730684,  -80.86075531,  -95.30452056, -379.49753026,
       -420.8969586 , -345.67986859,  -95.28650322, -117.33641025,
       -251.86459962,  -44.73966753, -106.47212611, -202.39830969,
       -152.68537237, -463.91098619, -126.54380163, -257.64553101,
       -114.30385063, -253.49503353, -139.35742056, -428.22054284,
       -208.86230746, -154.845617  , -235.45462275, -215.0469995 ,
       -345.9846059 , -121.88323591, -167.71688104, -204.68954549,
       -190.69070309,  -76.88172544,  -65.44267084, -107.57717684,
        -80.5986755 , -304.66382255, -349.93730316, -175.36265101,
       -595.32563799, -107.23065031, -159.94427444,  -45.77541231,
       -194.51927834, -645.06416523, -119.00551251, -370.4391912 ,
       -243.18601587]), 'max_error': array([-38.33030873, -33.55795231, -16.24819382, -31.40959814,
       -19.83359389, -14.90864092, -29.46971772, -35.21406928,
       -17.59044263, -20.68766592, -23.46105737, -36.48178792,
       -62.20267982, -41.25835234, -18.64677606, -18.9644291 ,
       -32.54139663, -10.23752189, -25.76487004, -45.72698266,
       -33.44183982, -51.0550816 , -25.30546757, -48.71270921,
       -32.55477974, -46.49495376, -30.76142702, -55.82542828,
       -34.02177633, -30.04887846, -34.21203399, -36.18821285,
       -49.11296533, -23.73807843, -24.85573641, -42.60502076,
       -40.37902152, -24.91067611, -18.36904563, -32.68693567,
       -20.87006444, -51.02668324, -48.8484198 , -42.66321038,
       -54.93928955, -25.7807596 , -33.27185509, -18.21395128,
       -48.7582048 , -51.58225952, -33.07294916, -44.1353586 ,
       -51.32698927]), 'explained_variance': array([-4.44089210e-16,  0.00000000e+00,  1.11022302e-16,  1.11022302e-16,
        0.00000000e+00,  0.00000000e+00,  0.00000000e+00,  0.00000000e+00,
        0.00000000e+00,  3.33066907e-16,  0.00000000e+00,  0.00000000e+00,
       -2.22044605e-16,  0.00000000e+00,  2.22044605e-16,  0.00000000e+00,
        0.00000000e+00,  0.00000000e+00,  0.00000000e+00,  0.00000000e+00,
        0.00000000e+00, -2.22044605e-16, -2.22044605e-16, -2.22044605e-16,
        0.00000000e+00,  0.00000000e+00,  0.00000000e+00,  0.00000000e+00,
        0.00000000e+00, -2.22044605e-16,  0.00000000e+00, -2.22044605e-16,
        2.22044605e-16,  0.00000000e+00,  0.00000000e+00,  3.33066907e-16,
        0.00000000e+00,  0.00000000e+00,  0.00000000e+00,  2.22044605e-16,
        0.00000000e+00,  0.00000000e+00, -2.22044605e-16,  0.00000000e+00,
       -4.44089210e-16,  0.00000000e+00,  0.00000000e+00,  0.00000000e+00,
        0.00000000e+00,  0.00000000e+00,  2.22044605e-16, -2.22044605e-16,
       -2.22044605e-16])}
         accs  y_pred (s)  y_true (s)
54     [9, 7]   18.384134      19.499
4    [43, 42]   21.965215      26.335
3    [43, 42]   21.965215      27.642
11   [43, 42]   21.965215      18.893
27   [26, 24]   16.995113      65.978
29   [26, 24]   16.995113      45.143
64     [9, 7]   18.384134      30.560
77   [14, 15]   17.455219      12.834
124  [23, 24]   18.004463      45.263
71     [9, 7]   18.384134       9.629
25   [26, 24]   16.995113      19.467
91     [2, 4]   16.239132      14.879
83   [14, 15]   17.455219      24.338
89   [14, 15]   17.455219      11.455
69     [9, 7]   18.384134       9.069
{'mse': 293.60826733906885, 'mae': 11.724536147354483, 'r2-score': -0.20089667152596524, 'max-error': 63.990749397599615, 'explained variance score': 0.024460249052299488, 'layers': ['mbconv4', 'mbconv6']}
