environment: line 5: __conda_exe: command not found
Using device: cuda
Using model: efficientnetB7
Number of videos: 64
Execution type : naive
Using 2 features
Job ID : 3
Plotting ?  yes
Calculate accumulators ?  no
The directory contains : 65 videos
Number of videos in the directory : 65
Number of videos in the dataframe : 64
['conv1', 'mbconv1', 'mbconv2', 'mbconv3', 'mbconv4', 'mbconv5', 'mbconv6', 'mbconv7', 'conv2', 'pool', 'output']
{'conv1': {'T_max': 395.51620042324066, 'T_min': 239.28720539808273, 'tau': 100, 'alpha': 50}, 'mbconv1': {'T_max': 1298.5398244857788, 'T_min': 929.1751428842545, 'tau': 100, 'alpha': 50}, 'mbconv2': {'T_max': 1391.3383300304413, 'T_min': 1003.122047662735, 'tau': 100, 'alpha': 50}, 'mbconv3': {'T_max': 776.5638054609299, 'T_min': 488.0033164024353, 'tau': 100, 'alpha': 50}, 'mbconv4': {'T_max': 372.1466582119465, 'T_min': 220.11169669032097, 'tau': 100, 'alpha': 50}, 'mbconv5': {'T_max': 456.8904039859772, 'T_min': 244.3836663365364, 'tau': 100, 'alpha': 50}, 'mbconv6': {'T_max': 290.0942441225052, 'T_min': 148.01406832039356, 'tau': 100, 'alpha': 50}, 'mbconv7': {'T_max': 172.54942694306374, 'T_min': 86.22373071312904, 'tau': 100, 'alpha': 50}, 'conv2': {'T_max': 75.42317940294743, 'T_min': 36.623642422258854, 'tau': 100, 'alpha': 50}, 'pool': {'T_max': 3.77721415925771, 'T_min': 1.8366734338924289, 'tau': 100, 'alpha': 50}, 'output': {'T_max': 11.04102703742683, 'T_min': 5.27929691132158, 'tau': 100, 'alpha': 50}}
Iterating over following combinations of layers :  [['conv1'], ['mbconv1'], ['mbconv2'], ['mbconv3'], ['mbconv4'], ['mbconv5'], ['mbconv6'], ['mbconv7'], ['conv2'], ['pool'], ['output'], ['conv1', 'mbconv1'], ['conv1', 'mbconv2'], ['conv1', 'mbconv3'], ['conv1', 'mbconv4'], ['conv1', 'mbconv5'], ['conv1', 'mbconv6'], ['conv1', 'mbconv7'], ['conv1', 'conv2'], ['conv1', 'pool'], ['conv1', 'output'], ['mbconv1', 'mbconv2'], ['mbconv1', 'mbconv3'], ['mbconv1', 'mbconv4'], ['mbconv1', 'mbconv5'], ['mbconv1', 'mbconv6'], ['mbconv1', 'mbconv7'], ['mbconv1', 'conv2'], ['mbconv1', 'pool'], ['mbconv1', 'output'], ['mbconv2', 'mbconv3'], ['mbconv2', 'mbconv4'], ['mbconv2', 'mbconv5'], ['mbconv2', 'mbconv6'], ['mbconv2', 'mbconv7'], ['mbconv2', 'conv2'], ['mbconv2', 'pool'], ['mbconv2', 'output'], ['mbconv3', 'mbconv4'], ['mbconv3', 'mbconv5'], ['mbconv3', 'mbconv6'], ['mbconv3', 'mbconv7'], ['mbconv3', 'conv2'], ['mbconv3', 'pool'], ['mbconv3', 'output'], ['mbconv4', 'mbconv5'], ['mbconv4', 'mbconv6'], ['mbconv4', 'mbconv7'], ['mbconv4', 'conv2'], ['mbconv4', 'pool'], ['mbconv4', 'output'], ['mbconv5', 'mbconv6'], ['mbconv5', 'mbconv7'], ['mbconv5', 'conv2'], ['mbconv5', 'pool'], ['mbconv5', 'output'], ['mbconv6', 'mbconv7'], ['mbconv6', 'conv2'], ['mbconv6', 'pool'], ['mbconv6', 'output'], ['mbconv7', 'conv2'], ['mbconv7', 'pool'], ['mbconv7', 'output'], ['conv2', 'pool'], ['conv2', 'output'], ['pool', 'output']]
[['mbconv3']]
Generating the training set for videos : 
TRAINING SET : contains 962 samples, 37 patients based on 56 videos
TEST SET : contains 127 samples, 37 patients based on 8 videos
Dataset constituted.
--------------------NAIVE IMPLEMENTATION-------------------
Number of folds : 53
Grid search.
The best parameters are : {'C': 100.0}
Metrics obtained during CV : 
{'r2': array([-1.91795291e-01, -1.95259974e-01, -4.76464507e-03, -5.59790258e-02,
       -9.56349974e-03, -1.20741575e-01, -5.56556613e-02, -1.89755141e-02,
       -1.10654337e-01, -2.38951067e-02, -1.00651580e-01, -4.71366090e-01,
       -5.70654460e-01, -3.20945775e-01, -1.81693491e-01, -5.84868500e-02,
       -4.19136616e-03, -1.34224081e+00, -6.86370258e-02, -1.69261143e-01,
       -1.06072298e-01, -9.82885594e-01, -9.91339571e-02, -3.64688377e-01,
       -4.85380630e-02, -5.83599325e-02, -2.72732074e-04, -2.55164163e-01,
       -1.34637010e-01, -8.50575141e-03, -2.85302102e-01, -3.29523988e-01,
       -6.45112629e-01, -2.51478451e-02, -3.80628167e-01, -5.78887376e-01,
       -6.13827284e-02, -4.45838034e-02, -1.69547611e-01, -2.08025895e-02,
       -1.14446044e-02, -5.57414496e-01, -6.47626738e-01, -4.13167852e-02,
       -6.73876258e-04, -2.93015980e-02, -1.25067716e-01, -1.05846232e-01,
       -2.45179708e-01, -8.42131798e-01, -7.33200786e-03, -1.99492348e-01,
       -7.81041348e-02]), 'neg_mean_absolute_error': array([ -9.08677759, -11.70301367,  -8.51639203, -10.95739502,
        -9.28951723,  -6.26107772,  -8.01028514,  -6.15274214,
        -7.30727105,  -7.70140247,  -7.78335768, -13.40113481,
       -15.82577513, -14.24081433,  -7.65455366,  -7.48098244,
       -13.39221135,  -7.14654087,  -8.57370876,  -9.76434143,
        -9.17311111, -15.42366233,  -8.36707906, -11.16980513,
        -8.30847008,  -9.59678432,  -8.82785626, -15.71846832,
       -10.48122222, -10.25894444, -12.30894551, -11.79750843,
       -13.39456138,  -8.94790786, -12.07826373, -12.54375454,
        -9.44361111,  -6.73480117,  -7.09839773,  -7.24009635,
        -7.50706826, -13.80117598, -14.43021677,  -8.61206152,
       -20.01316061,  -7.90505139,  -9.62326075,  -5.65127594,
        -9.19180795, -18.53976478,  -8.17007977, -14.27877142,
        -9.97564285]), 'neg_mean_squared_error': array([-132.91777234, -228.13025273,  -95.44915888, -185.8801254 ,
       -129.19457212,  -51.7217148 , -134.55996142,  -94.63465089,
        -72.47124294,  -79.59495868, -102.53922088, -303.45443957,
       -474.23822699, -336.75332116,  -86.13195409,  -86.51009739,
       -251.31939778,  -65.9771214 , -102.30671923, -215.96863128,
       -159.93788093, -430.0083376 , -119.17241294, -266.87499928,
       -119.33546259, -255.92358826, -139.04079777, -489.1280797 ,
       -213.75165795, -147.52288431, -252.11246055, -246.23793191,
       -357.38395325, -119.01321453, -196.0834286 , -299.78045499,
       -174.31971446,  -77.57153882,  -74.70485704, -109.63897787,
        -81.47705161, -353.87969798, -403.56441945, -161.66341796,
       -588.95971765, -105.4908123 , -147.7759515 ,  -48.2059844 ,
       -219.98825635, -572.74361176, -119.74665116, -363.58827456,
       -251.62374771]), 'max_error': array([-34.48854839, -37.02341991, -16.96891028, -33.52549467,
       -25.76143453, -13.5346137 , -31.04786081, -33.80677986,
       -15.86657001, -17.55745103, -25.05959864, -33.17879449,
       -64.42215703, -40.77769447, -19.74027561, -15.18366627,
       -32.30298427, -12.31561843, -25.05162115, -47.11203643,
       -34.51471402, -49.93682683, -24.32721155, -49.27808206,
       -30.90625385, -46.83344111, -29.97129369, -59.59007163,
       -34.53315306, -28.23738608, -35.4235048 , -38.53785863,
       -49.6046381 , -24.43556585, -27.13945785, -49.23907272,
       -38.41095476, -25.11128949, -16.33023673, -33.76636712,
       -19.7012214 , -53.48081677, -51.19619019, -40.71105364,
       -58.16955448, -25.33587368, -31.9774328 , -14.58826181,
       -51.11510502, -49.48363648, -33.64535608, -43.70667139,
       -52.4674286 ]), 'explained_variance': array([ 0.00000000e+00,  0.00000000e+00,  1.11022302e-16,  0.00000000e+00,
        0.00000000e+00,  0.00000000e+00,  0.00000000e+00,  0.00000000e+00,
        0.00000000e+00,  3.33066907e-16,  1.11022302e-16, -2.22044605e-16,
        0.00000000e+00,  0.00000000e+00,  2.22044605e-16,  0.00000000e+00,
        0.00000000e+00,  0.00000000e+00,  0.00000000e+00,  0.00000000e+00,
        0.00000000e+00, -2.22044605e-16, -2.22044605e-16,  1.11022302e-16,
        0.00000000e+00,  0.00000000e+00,  0.00000000e+00,  0.00000000e+00,
        0.00000000e+00, -2.22044605e-16, -2.22044605e-16, -2.22044605e-16,
        1.11022302e-16,  0.00000000e+00,  0.00000000e+00,  3.33066907e-16,
        0.00000000e+00,  0.00000000e+00,  0.00000000e+00,  2.22044605e-16,
        0.00000000e+00,  0.00000000e+00, -2.22044605e-16,  0.00000000e+00,
       -2.22044605e-16, -2.22044605e-16,  0.00000000e+00,  0.00000000e+00,
        0.00000000e+00, -4.44089210e-16,  0.00000000e+00,  0.00000000e+00,
       -2.22044605e-16])}
     accs  y_pred (s)  y_true (s)
54   [11]   17.439460      19.499
4    [46]   23.555001      26.335
3    [46]   23.555001      27.642
11   [46]   23.555001      18.893
27   [28]   23.029356      65.978
29   [28]   23.029356      45.143
64   [11]   17.439460      30.560
77   [15]   19.164811      12.834
124  [24]   16.736005      45.263
71   [11]   17.439460       9.629
25   [28]   23.029356      19.467
91    [3]   15.415832      14.879
83   [15]   19.164811      24.338
89   [15]   19.164811      11.455
69   [11]   17.439460       9.069
{'mse': 274.2993274818429, 'mae': 11.56146325106616, 'r2-score': -0.12192055203386887, 'max-error': 63.88576705304273, 'explained variance score': 0.04851577846356281, 'layers': ['mbconv3']}
