environment: line 5: __conda_exe: command not found
Using device: cuda
Using model: efficientnetB7
Number of videos: 64
Execution type : naive
Using 2 features
Job ID : 27
Plotting ?  yes
Calculate accumulators ?  no
The directory contains : 65 videos
Number of videos in the directory : 65
Number of videos in the dataframe : 64
['conv1', 'mbconv1', 'mbconv2', 'mbconv3', 'mbconv4', 'mbconv5', 'mbconv6', 'mbconv7', 'conv2', 'pool', 'output']
{'conv1': {'T_max': 395.51620042324066, 'T_min': 239.28720539808273, 'tau': 100, 'alpha': 50}, 'mbconv1': {'T_max': 1298.5398244857788, 'T_min': 929.1751428842545, 'tau': 100, 'alpha': 50}, 'mbconv2': {'T_max': 1391.3383300304413, 'T_min': 1003.122047662735, 'tau': 100, 'alpha': 50}, 'mbconv3': {'T_max': 776.5638054609299, 'T_min': 488.0033164024353, 'tau': 100, 'alpha': 50}, 'mbconv4': {'T_max': 372.1466582119465, 'T_min': 220.11169669032097, 'tau': 100, 'alpha': 50}, 'mbconv5': {'T_max': 456.8904039859772, 'T_min': 244.3836663365364, 'tau': 100, 'alpha': 50}, 'mbconv6': {'T_max': 290.0942441225052, 'T_min': 148.01406832039356, 'tau': 100, 'alpha': 50}, 'mbconv7': {'T_max': 172.54942694306374, 'T_min': 86.22373071312904, 'tau': 100, 'alpha': 50}, 'conv2': {'T_max': 75.42317940294743, 'T_min': 36.623642422258854, 'tau': 100, 'alpha': 50}, 'pool': {'T_max': 3.77721415925771, 'T_min': 1.8366734338924289, 'tau': 100, 'alpha': 50}, 'output': {'T_max': 11.04102703742683, 'T_min': 5.27929691132158, 'tau': 100, 'alpha': 50}}
Iterating over following combinations of layers :  [['conv1'], ['mbconv1'], ['mbconv2'], ['mbconv3'], ['mbconv4'], ['mbconv5'], ['mbconv6'], ['mbconv7'], ['conv2'], ['pool'], ['output'], ['conv1', 'mbconv1'], ['conv1', 'mbconv2'], ['conv1', 'mbconv3'], ['conv1', 'mbconv4'], ['conv1', 'mbconv5'], ['conv1', 'mbconv6'], ['conv1', 'mbconv7'], ['conv1', 'conv2'], ['conv1', 'pool'], ['conv1', 'output'], ['mbconv1', 'mbconv2'], ['mbconv1', 'mbconv3'], ['mbconv1', 'mbconv4'], ['mbconv1', 'mbconv5'], ['mbconv1', 'mbconv6'], ['mbconv1', 'mbconv7'], ['mbconv1', 'conv2'], ['mbconv1', 'pool'], ['mbconv1', 'output'], ['mbconv2', 'mbconv3'], ['mbconv2', 'mbconv4'], ['mbconv2', 'mbconv5'], ['mbconv2', 'mbconv6'], ['mbconv2', 'mbconv7'], ['mbconv2', 'conv2'], ['mbconv2', 'pool'], ['mbconv2', 'output'], ['mbconv3', 'mbconv4'], ['mbconv3', 'mbconv5'], ['mbconv3', 'mbconv6'], ['mbconv3', 'mbconv7'], ['mbconv3', 'conv2'], ['mbconv3', 'pool'], ['mbconv3', 'output'], ['mbconv4', 'mbconv5'], ['mbconv4', 'mbconv6'], ['mbconv4', 'mbconv7'], ['mbconv4', 'conv2'], ['mbconv4', 'pool'], ['mbconv4', 'output'], ['mbconv5', 'mbconv6'], ['mbconv5', 'mbconv7'], ['mbconv5', 'conv2'], ['mbconv5', 'pool'], ['mbconv5', 'output'], ['mbconv6', 'mbconv7'], ['mbconv6', 'conv2'], ['mbconv6', 'pool'], ['mbconv6', 'output'], ['mbconv7', 'conv2'], ['mbconv7', 'pool'], ['mbconv7', 'output'], ['conv2', 'pool'], ['conv2', 'output'], ['pool', 'output']]
[['mbconv1', 'conv2']]
Generating the training set for videos : 
TRAINING SET : contains 962 samples, 37 patients based on 56 videos
TEST SET : contains 127 samples, 37 patients based on 8 videos
Dataset constituted.
--------------------NAIVE IMPLEMENTATION-------------------
Number of folds : 53
Grid search.
The best parameters are : {'C': 1}
Metrics obtained during CV : 
{'r2': array([-1.97984735e-01, -7.69370579e-02, -1.17859257e-01, -4.25053479e-02,
       -5.75489537e-02, -6.61381027e-02, -7.00347438e-02, -3.09232130e-02,
       -7.32596396e-02, -7.02431384e-03, -9.40168441e-02, -4.63388879e-01,
       -3.43294889e-01, -2.68467838e-01, -3.16102674e-01, -1.35984072e-02,
       -1.65698612e-02, -6.61916270e-01, -1.14089529e-02, -1.76111131e-01,
       -4.82539089e-02, -7.04898183e-01, -4.81660461e-04, -3.20751664e-01,
       -7.56097303e-02, -9.35401692e-02, -5.50688534e-02, -6.86606378e-01,
       -1.67107634e-01, -2.61470194e-02, -2.54019250e-01, -6.08109595e-01,
       -7.04774638e-01, -6.55822433e-02, -1.89316998e-01, -9.66406035e-02,
       -6.14393415e-04, -1.16450723e-02, -2.01196709e-01, -1.18550353e-02,
       -3.06036705e-03, -4.53896621e-01, -6.29205766e-01, -1.03544490e-01,
       -4.85549343e-01, -2.75849385e-02, -1.34405934e-01, -1.48454599e-01,
       -2.53387325e-01, -6.90740163e-01, -2.09865242e-03, -5.93241382e-01,
       -6.79609655e-02]), 'neg_mean_absolute_error': array([ -9.14522549, -11.3441642 ,  -9.48492216, -10.97864439,
       -10.4442278 ,  -5.9704833 ,  -7.98585171,  -6.07631923,
        -7.17551293,  -7.60288183,  -7.76715034, -13.37026585,
       -14.67440635, -14.03752568,  -8.35015245,  -7.51917724,
       -13.33893712,  -5.95971651,  -8.7424081 ,  -9.78923456,
        -9.17311111, -14.10757598,  -8.58211181, -11.05223264,
        -8.63242106,  -9.48574598,  -8.661     , -18.25355945,
       -10.48122222, -10.25894444, -12.21516071, -13.04312807,
       -13.63247945,  -9.53159366, -11.54751907, -10.51035966,
        -9.65522493,  -7.21279176,  -7.29440852,  -7.19939011,
        -7.301001  , -13.30491267, -14.32998707,  -8.77614173,
       -22.05578919,  -7.90202029,  -9.63200125,  -5.77977865,
        -9.23679503, -17.72685858,  -8.12563014, -15.62214707,
       -10.04736168]), 'neg_mean_squared_error': array([-133.60806469, -205.54685048, -106.192755  , -183.50840316,
       -135.33530541,  -49.20178933, -136.39280223,  -95.74426177,
        -70.03120365,  -78.28346686, -101.92111373, -301.80921994,
       -405.59002798, -323.37493752,  -95.92884792,  -82.84136635,
       -254.41736897,  -46.81348339,  -96.82794932, -217.23385981,
       -151.57735089, -369.72402032, -108.47614416, -258.28284719,
       -122.41652379, -264.43057358, -146.65761685, -657.25788148,
       -219.86872415, -150.10342561, -245.97631802, -297.83410043,
       -370.34491653, -123.70739375, -168.91249953, -208.21714335,
       -164.3392253 ,  -75.12548514,  -76.72644324, -108.67796865,
        -80.80165828, -330.35810205, -399.05244535, -171.32420852,
       -874.33952511, -105.31487572, -149.00251232,  -50.06336583,
       -221.43831156, -525.67391115, -119.12453573, -482.94087564,
       -249.25638615]), 'max_error': array([-34.41451438, -34.75070662, -15.65139123, -33.12175667,
       -21.94138169, -14.14809081, -31.37218243, -34.17393465,
       -16.36725088, -18.18141511, -24.95695217, -33.09500731,
       -61.47681724, -40.00519758, -18.57939258, -16.25845587,
       -33.31519468, -10.48473485, -23.53332707, -47.22405552,
       -33.23983057, -47.70104596, -21.27724687, -48.75304686,
       -30.3231421 , -47.83278616, -32.9327182 , -65.97575875,
       -35.10768411, -29.07764159, -35.0014732 , -41.33823053,
       -50.13995376, -23.38493141, -24.9723358 , -43.03873696,
       -35.55349186, -22.36179138, -16.03622055, -33.40001099,
       -20.16487276, -52.3821785 , -51.01577673, -42.18777554,
       -74.44470091, -25.2843449 , -32.12602132, -14.19239471,
       -51.22435937, -47.95717731, -32.21228755, -49.34022552,
       -52.1805533 ]), 'explained_variance': array([-2.22044605e-16,  1.11022302e-16,  1.11022302e-16,  0.00000000e+00,
        0.00000000e+00,  0.00000000e+00,  0.00000000e+00, -2.22044605e-16,
        0.00000000e+00,  3.33066907e-16,  1.11022302e-16, -2.22044605e-16,
        0.00000000e+00,  0.00000000e+00,  2.22044605e-16,  0.00000000e+00,
        0.00000000e+00,  0.00000000e+00,  0.00000000e+00, -2.22044605e-16,
        0.00000000e+00, -2.22044605e-16, -2.22044605e-16, -2.22044605e-16,
        0.00000000e+00,  0.00000000e+00,  0.00000000e+00,  0.00000000e+00,
        0.00000000e+00, -2.22044605e-16, -2.22044605e-16,  0.00000000e+00,
        1.11022302e-16,  0.00000000e+00,  0.00000000e+00,  3.33066907e-16,
       -4.44089210e-16,  0.00000000e+00,  0.00000000e+00,  2.22044605e-16,
        0.00000000e+00,  1.11022302e-16,  0.00000000e+00,  0.00000000e+00,
        0.00000000e+00,  0.00000000e+00,  0.00000000e+00,  0.00000000e+00,
       -2.22044605e-16,  0.00000000e+00,  0.00000000e+00, -2.22044605e-16,
       -2.22044605e-16])}
         accs  y_pred (s)  y_true (s)
54     [2, 4]   14.527380      19.499
4    [43, 35]   21.207062      26.335
3    [43, 35]   21.207062      27.642
11   [43, 35]   21.207062      18.893
27   [29, 20]   18.199889      65.978
29   [29, 20]   18.199889      45.143
64     [2, 4]   14.527380      30.560
77   [16, 15]   17.838438      12.834
124  [24, 23]   18.571923      45.263
71     [2, 4]   14.527380       9.629
25   [29, 20]   18.199889      19.467
91    [10, 4]   17.316882      14.879
83   [16, 15]   17.838438      24.338
89   [16, 15]   17.838438      11.455
69     [2, 4]   14.527380       9.069
{'mse': 287.0656031154124, 'mae': 11.617083549051712, 'r2-score': -0.17413630895065846, 'max-error': 63.56968793598381, 'explained variance score': 0.058995911279009716, 'layers': ['mbconv1', 'conv2']}
