environment: line 5: __conda_exe: command not found
Using device: cuda
Using model: efficientnetB7
Number of videos: 64
Execution type : naive
Using 2 features
Job ID : 47
Plotting ?  yes
Calculate accumulators ?  no
The directory contains : 65 videos
Number of videos in the directory : 65
Number of videos in the dataframe : 64
['conv1', 'mbconv1', 'mbconv2', 'mbconv3', 'mbconv4', 'mbconv5', 'mbconv6', 'mbconv7', 'conv2', 'pool', 'output']
{'conv1': {'T_max': 395.51620042324066, 'T_min': 239.28720539808273, 'tau': 100, 'alpha': 50}, 'mbconv1': {'T_max': 1298.5398244857788, 'T_min': 929.1751428842545, 'tau': 100, 'alpha': 50}, 'mbconv2': {'T_max': 1391.3383300304413, 'T_min': 1003.122047662735, 'tau': 100, 'alpha': 50}, 'mbconv3': {'T_max': 776.5638054609299, 'T_min': 488.0033164024353, 'tau': 100, 'alpha': 50}, 'mbconv4': {'T_max': 372.1466582119465, 'T_min': 220.11169669032097, 'tau': 100, 'alpha': 50}, 'mbconv5': {'T_max': 456.8904039859772, 'T_min': 244.3836663365364, 'tau': 100, 'alpha': 50}, 'mbconv6': {'T_max': 290.0942441225052, 'T_min': 148.01406832039356, 'tau': 100, 'alpha': 50}, 'mbconv7': {'T_max': 172.54942694306374, 'T_min': 86.22373071312904, 'tau': 100, 'alpha': 50}, 'conv2': {'T_max': 75.42317940294743, 'T_min': 36.623642422258854, 'tau': 100, 'alpha': 50}, 'pool': {'T_max': 3.77721415925771, 'T_min': 1.8366734338924289, 'tau': 100, 'alpha': 50}, 'output': {'T_max': 11.04102703742683, 'T_min': 5.27929691132158, 'tau': 100, 'alpha': 50}}
Iterating over following combinations of layers :  [['conv1'], ['mbconv1'], ['mbconv2'], ['mbconv3'], ['mbconv4'], ['mbconv5'], ['mbconv6'], ['mbconv7'], ['conv2'], ['pool'], ['output'], ['conv1', 'mbconv1'], ['conv1', 'mbconv2'], ['conv1', 'mbconv3'], ['conv1', 'mbconv4'], ['conv1', 'mbconv5'], ['conv1', 'mbconv6'], ['conv1', 'mbconv7'], ['conv1', 'conv2'], ['conv1', 'pool'], ['conv1', 'output'], ['mbconv1', 'mbconv2'], ['mbconv1', 'mbconv3'], ['mbconv1', 'mbconv4'], ['mbconv1', 'mbconv5'], ['mbconv1', 'mbconv6'], ['mbconv1', 'mbconv7'], ['mbconv1', 'conv2'], ['mbconv1', 'pool'], ['mbconv1', 'output'], ['mbconv2', 'mbconv3'], ['mbconv2', 'mbconv4'], ['mbconv2', 'mbconv5'], ['mbconv2', 'mbconv6'], ['mbconv2', 'mbconv7'], ['mbconv2', 'conv2'], ['mbconv2', 'pool'], ['mbconv2', 'output'], ['mbconv3', 'mbconv4'], ['mbconv3', 'mbconv5'], ['mbconv3', 'mbconv6'], ['mbconv3', 'mbconv7'], ['mbconv3', 'conv2'], ['mbconv3', 'pool'], ['mbconv3', 'output'], ['mbconv4', 'mbconv5'], ['mbconv4', 'mbconv6'], ['mbconv4', 'mbconv7'], ['mbconv4', 'conv2'], ['mbconv4', 'pool'], ['mbconv4', 'output'], ['mbconv5', 'mbconv6'], ['mbconv5', 'mbconv7'], ['mbconv5', 'conv2'], ['mbconv5', 'pool'], ['mbconv5', 'output'], ['mbconv6', 'mbconv7'], ['mbconv6', 'conv2'], ['mbconv6', 'pool'], ['mbconv6', 'output'], ['mbconv7', 'conv2'], ['mbconv7', 'pool'], ['mbconv7', 'output'], ['conv2', 'pool'], ['conv2', 'output'], ['pool', 'output']]
[['mbconv4', 'mbconv7']]
Generating the training set for videos : 
TRAINING SET : contains 962 samples, 37 patients based on 56 videos
TEST SET : contains 127 samples, 37 patients based on 8 videos
Dataset constituted.
--------------------NAIVE IMPLEMENTATION-------------------
Number of folds : 53
Grid search.
The best parameters are : {'C': 100.0}
Metrics obtained during CV : 
{'r2': array([-2.77929673e-01, -1.69005065e-01, -9.92647938e-02, -6.23291471e-03,
       -2.09408680e-02, -4.78115068e-02, -4.11878480e-03, -6.66904350e-02,
       -1.14653475e+00, -2.10230696e-06, -4.99422538e-02, -5.90868469e-01,
       -4.86881617e-01, -1.11151064e-04, -6.93423441e-02, -2.36422368e-01,
       -1.21293042e-01, -2.02171419e+00, -5.46692029e-02, -9.54475606e-02,
       -1.35291219e-01, -1.08803866e+00, -9.10362094e-03, -2.83140688e-01,
       -1.79355482e-03, -1.15478147e-01, -1.13365001e-01, -4.64621276e-01,
       -3.14628939e-01, -1.46626617e-02, -4.03244686e-01, -3.74161295e-01,
       -4.66508614e-01, -7.85601639e-02, -1.47778205e-01, -1.54845702e-01,
       -2.19746574e-02, -4.78694389e-02, -2.47558786e-02, -9.19272061e-03,
       -4.09238848e-04, -5.01246775e-01, -6.36619619e-01, -3.71023799e-01,
       -1.76395795e-02, -3.28562722e-02, -1.81865203e-01, -5.93173902e-03,
       -1.67300575e-01, -1.06750609e+00, -2.83993055e-03, -1.04349600e-03,
       -7.21986478e-02]), 'neg_mean_absolute_error': array([ -9.83085298, -11.63587121,  -9.35452843, -11.06748033,
       -10.04752629,  -5.84654628,  -8.37464735,  -6.09757775,
       -10.21222395,  -7.48418648,  -7.64043804, -13.88953433,
       -15.39048213, -13.0863167 ,  -7.08695983,  -8.15151426,
       -13.15613563,  -8.24985815,  -8.60433655,  -9.52688889,
        -9.17311111, -15.93107731,  -8.41211639, -10.94582926,
        -7.34712055,  -9.43438889,  -8.98443643, -16.96396268,
       -10.62746703, -10.25894444, -12.87665486, -11.968282  ,
       -12.60733406,  -9.67642665, -11.41328547, -10.63687425,
        -9.44361111,  -7.53128904,  -6.11745972,  -7.18441795,
        -7.16102325, -13.53450049, -14.37050045,  -9.90914223,
       -19.72512336,  -7.91105762,  -9.67234468,  -5.36150757,
        -8.80607363, -19.85783192,  -8.13042742, -15.08918016,
       -10.01678875]), 'neg_mean_squared_error': array([-142.52411184, -223.11917631, -104.42634548, -177.12349942,
       -130.65054217,  -48.35602525, -127.99077378,  -99.06604774,
       -140.06341681,  -77.73757829,  -97.815024  , -328.10060181,
       -448.94413107, -254.96182969,  -77.94283918, -101.05276173,
       -280.62648369,  -85.11678337, -100.96949986, -202.33487769,
       -164.16293234, -452.81181919, -109.41097092, -250.92773994,
       -114.01541012, -269.73542871, -154.76094972, -570.75194885,
       -247.65992362, -148.42350898, -275.24693992, -254.50509995,
       -318.58405098, -125.21404868, -163.01296107, -219.26843877,
       -167.84739915,  -77.81553246,  -65.4562847 , -108.39202359,
        -80.5880963 , -341.11712498, -400.86837087, -212.85011113,
       -598.94510452, -105.85512289, -155.23621592,  -43.85051764,
       -206.22920247, -642.81551885, -119.21265521, -303.4347639 ,
       -250.24543858]), 'max_error': array([-33.54605289, -36.59818433, -15.37611558, -31.43387376,
       -23.01814292, -14.40973562, -29.10894007, -34.96797717,
       -20.12378885, -18.93315231, -24.15444092, -34.35810475,
       -63.42045151, -31.90059654, -21.13125188, -17.39308566,
       -36.78842294, -13.71315366, -24.77597105, -45.7194358 ,
       -35.02135143, -50.6979493 , -22.04222626, -48.27423166,
       -33.70841502, -48.36114431, -34.13564262, -63.07416604,
       -37.19573442, -28.58646987, -36.83634844, -39.05017934,
       -47.83337663, -23.12423204, -24.36828463, -44.17736824,
       -37.13559142, -21.40629954, -18.36362083, -33.26526157,
       -20.47982268, -52.8987511 , -51.08870082, -45.76792668,
       -60.76188975, -25.4379795 , -32.81185954, -16.22779041,
       -49.97025167, -51.52064933, -32.1307338 , -35.36802937,
       -52.30284502]), 'explained_variance': array([ 0.00000000e+00,  0.00000000e+00,  1.11022302e-16,  1.11022302e-16,
        0.00000000e+00,  0.00000000e+00,  0.00000000e+00,  0.00000000e+00,
       -2.22044605e-16,  3.33066907e-16,  0.00000000e+00,  0.00000000e+00,
        0.00000000e+00,  0.00000000e+00,  2.22044605e-16,  0.00000000e+00,
        0.00000000e+00,  0.00000000e+00,  0.00000000e+00,  0.00000000e+00,
        0.00000000e+00, -2.22044605e-16, -2.22044605e-16,  0.00000000e+00,
        0.00000000e+00, -2.22044605e-16,  0.00000000e+00,  0.00000000e+00,
        0.00000000e+00, -2.22044605e-16,  0.00000000e+00,  0.00000000e+00,
        2.22044605e-16,  0.00000000e+00,  0.00000000e+00,  0.00000000e+00,
       -2.22044605e-16,  0.00000000e+00,  0.00000000e+00,  2.22044605e-16,
        0.00000000e+00,  0.00000000e+00,  0.00000000e+00,  2.22044605e-16,
       -4.44089210e-16, -2.22044605e-16,  0.00000000e+00,  0.00000000e+00,
        0.00000000e+00,  0.00000000e+00,  0.00000000e+00, -2.22044605e-16,
        0.00000000e+00])}
         accs  y_pred (s)  y_true (s)
54     [9, 2]   15.963096      19.499
4    [43, 41]   24.689875      26.335
3    [43, 41]   24.689875      27.642
11   [43, 41]   24.689875      18.893
27   [26, 19]   20.541727      65.978
29   [26, 19]   20.541727      45.143
64     [9, 2]   15.963096      30.560
77   [14, 14]   16.301150      12.834
124  [23, 23]   16.789528      45.263
71     [9, 2]   15.963096       9.629
25   [26, 19]   20.541727      19.467
91     [2, 5]   17.584328      14.879
83   [14, 14]   16.301150      24.338
89   [14, 14]   16.301150      11.455
69     [9, 2]   15.963096       9.069
{'mse': 274.27092959087383, 'mae': 11.38825510073344, 'r2-score': -0.12180440090143607, 'max-error': 64.22249195084055, 'explained variance score': 0.08058492165705833, 'layers': ['mbconv4', 'mbconv7']}
