environment: line 5: __conda_exe: command not found
Using device: cuda
Using model: efficientnetB7
Number of videos: 64
Execution type : naive
Using 2 features
Job ID : 53
Plotting ?  yes
Calculate accumulators ?  no
The directory contains : 65 videos
Number of videos in the directory : 65
Number of videos in the dataframe : 64
['conv1', 'mbconv1', 'mbconv2', 'mbconv3', 'mbconv4', 'mbconv5', 'mbconv6', 'mbconv7', 'conv2', 'pool', 'output']
{'conv1': {'T_max': 395.51620042324066, 'T_min': 239.28720539808273, 'tau': 100, 'alpha': 50}, 'mbconv1': {'T_max': 1298.5398244857788, 'T_min': 929.1751428842545, 'tau': 100, 'alpha': 50}, 'mbconv2': {'T_max': 1391.3383300304413, 'T_min': 1003.122047662735, 'tau': 100, 'alpha': 50}, 'mbconv3': {'T_max': 776.5638054609299, 'T_min': 488.0033164024353, 'tau': 100, 'alpha': 50}, 'mbconv4': {'T_max': 372.1466582119465, 'T_min': 220.11169669032097, 'tau': 100, 'alpha': 50}, 'mbconv5': {'T_max': 456.8904039859772, 'T_min': 244.3836663365364, 'tau': 100, 'alpha': 50}, 'mbconv6': {'T_max': 290.0942441225052, 'T_min': 148.01406832039356, 'tau': 100, 'alpha': 50}, 'mbconv7': {'T_max': 172.54942694306374, 'T_min': 86.22373071312904, 'tau': 100, 'alpha': 50}, 'conv2': {'T_max': 75.42317940294743, 'T_min': 36.623642422258854, 'tau': 100, 'alpha': 50}, 'pool': {'T_max': 3.77721415925771, 'T_min': 1.8366734338924289, 'tau': 100, 'alpha': 50}, 'output': {'T_max': 11.04102703742683, 'T_min': 5.27929691132158, 'tau': 100, 'alpha': 50}}
Iterating over following combinations of layers :  [['conv1'], ['mbconv1'], ['mbconv2'], ['mbconv3'], ['mbconv4'], ['mbconv5'], ['mbconv6'], ['mbconv7'], ['conv2'], ['pool'], ['output'], ['conv1', 'mbconv1'], ['conv1', 'mbconv2'], ['conv1', 'mbconv3'], ['conv1', 'mbconv4'], ['conv1', 'mbconv5'], ['conv1', 'mbconv6'], ['conv1', 'mbconv7'], ['conv1', 'conv2'], ['conv1', 'pool'], ['conv1', 'output'], ['mbconv1', 'mbconv2'], ['mbconv1', 'mbconv3'], ['mbconv1', 'mbconv4'], ['mbconv1', 'mbconv5'], ['mbconv1', 'mbconv6'], ['mbconv1', 'mbconv7'], ['mbconv1', 'conv2'], ['mbconv1', 'pool'], ['mbconv1', 'output'], ['mbconv2', 'mbconv3'], ['mbconv2', 'mbconv4'], ['mbconv2', 'mbconv5'], ['mbconv2', 'mbconv6'], ['mbconv2', 'mbconv7'], ['mbconv2', 'conv2'], ['mbconv2', 'pool'], ['mbconv2', 'output'], ['mbconv3', 'mbconv4'], ['mbconv3', 'mbconv5'], ['mbconv3', 'mbconv6'], ['mbconv3', 'mbconv7'], ['mbconv3', 'conv2'], ['mbconv3', 'pool'], ['mbconv3', 'output'], ['mbconv4', 'mbconv5'], ['mbconv4', 'mbconv6'], ['mbconv4', 'mbconv7'], ['mbconv4', 'conv2'], ['mbconv4', 'pool'], ['mbconv4', 'output'], ['mbconv5', 'mbconv6'], ['mbconv5', 'mbconv7'], ['mbconv5', 'conv2'], ['mbconv5', 'pool'], ['mbconv5', 'output'], ['mbconv6', 'mbconv7'], ['mbconv6', 'conv2'], ['mbconv6', 'pool'], ['mbconv6', 'output'], ['mbconv7', 'conv2'], ['mbconv7', 'pool'], ['mbconv7', 'output'], ['conv2', 'pool'], ['conv2', 'output'], ['pool', 'output']]
[['mbconv5', 'conv2']]
Generating the training set for videos : 
TRAINING SET : contains 962 samples, 37 patients based on 56 videos
TEST SET : contains 127 samples, 37 patients based on 8 videos
Dataset constituted.
--------------------NAIVE IMPLEMENTATION-------------------
Number of folds : 53
Grid search.
The best parameters are : {'C': 1000.0}
Metrics obtained during CV : 
{'r2': array([-1.65170506e-01, -4.97057132e-01, -1.26285405e-01, -1.27818554e-04,
       -7.64100039e-03, -5.08991701e-03, -3.60852411e-03, -1.08508427e-01,
       -8.93538804e-03, -8.35986372e-02, -2.18287723e-02, -7.49069576e-01,
       -5.11913884e-01, -3.70178624e-02, -3.03611740e-03, -1.29807963e-01,
       -1.18911884e-01, -1.97761627e+00, -2.11731272e-01, -3.58731313e-02,
       -1.07270711e-01, -1.23006813e+00, -7.59726256e-03, -2.14539342e-01,
       -2.41275250e-02, -3.26891201e-02, -1.72650358e-02, -1.09839172e-02,
       -3.07996750e-01, -9.45458734e-04, -3.09080955e-01, -4.46646377e-01,
       -3.93674582e-01, -3.21422734e-02, -7.01382014e-01, -4.03086031e-02,
       -4.84108703e-01, -1.33617532e-01, -2.02779382e-01, -9.59058929e-04,
       -9.27980517e-03, -4.23311961e-01, -4.96222816e-01, -1.22972116e-01,
       -1.55833960e-01, -6.28499584e-04, -2.74002040e-01, -4.52244090e-02,
       -9.63443507e-02, -1.08065160e+00, -1.64407143e-02, -1.28804916e-01,
       -6.93935850e-02]), 'neg_mean_absolute_error': array([ -8.82387867, -12.88002569,  -9.540602  , -11.11471478,
        -9.32041897,  -5.44002787,  -8.74379935,  -6.1336716 ,
        -6.80108964,  -8.01995007,  -7.569709  , -14.69442769,
       -15.50387439, -13.09417097,  -6.50585029,  -7.65502437,
       -13.15899611,  -8.18452485,  -9.66289475,  -9.52688889,
        -9.17311111, -16.60627301,  -8.43120774, -10.8155957 ,
        -7.25838889,  -9.74508973,  -8.661     , -15.66906305,
       -10.60027513, -10.25894444, -12.40172686, -12.30270961,
       -12.24325028,  -9.07182829, -12.95433213, -11.21782119,
       -10.49488953,  -8.08029247,  -7.30379005,  -7.1096732 ,
        -6.77716878, -13.15019267, -13.55794944,  -8.84266628,
       -19.86471899,  -7.81804349,  -9.95967614,  -5.18608039,
        -8.72895769, -19.93019128,  -8.25345246, -16.5751928 ,
       -10.03692203]), 'neg_mean_squared_error': array([-129.94838055, -285.73199918, -106.99320991, -176.04884168,
       -128.94854849,  -46.38444328, -127.92573301, -102.94978296,
        -65.83398557,  -84.2361568 ,  -95.19590769, -360.72798697,
       -456.50229116, -264.37058654,  -73.10987283,  -92.33916974,
       -280.03055023,  -83.87461661, -116.0059478 , -191.33116989,
       -160.11117119, -483.61231294, -109.24764564, -237.51223471,
       -116.55726793, -249.71609098, -141.40277705, -393.97286541,
       -246.41050071, -146.41697472, -256.77669104, -267.92988715,
       -302.76159986, -119.82522365, -241.63842702, -197.52148958,
       -243.74751757,  -84.18324703,  -76.8275365 , -107.50768977,
        -81.30266593, -323.40857742, -366.48002733, -174.34032855,
       -680.28121743, -102.55217074, -167.33825084,  -45.56336142,
       -193.69323202, -646.9026332 , -120.82944917, -342.16160891,
       -249.5907519 ]), 'max_error': array([-34.82155369, -40.65878403, -15.76893756, -30.53641916,
       -25.64400791, -15.41049579, -27.70616248, -35.65376039,
       -17.79005938, -16.3711054 , -23.42347098, -35.7483751 ,
       -63.72823049, -34.80424834, -23.84984455, -16.2544926 ,
       -36.73407383, -13.63039814, -17.9859736 , -44.0947596 ,
       -34.53677566, -51.66977959, -21.95631519, -47.31036129,
       -34.91371237, -45.88834622, -31.71515778, -47.54943259,
       -37.11415872, -27.49383213, -35.72901392, -39.82084663,
       -47.01418814, -24.21250907, -29.76766304, -35.9887031 ,
       -44.15262643, -20.14171694, -16.02214826, -32.5925588 ,
       -21.52599048, -52.03405851, -49.62610898, -42.54774826,
       -67.11673546, -23.85673935, -33.92349919, -18.14036669,
       -48.65928076, -51.63247744, -31.3137694 , -29.68198586,
       -52.22231188]), 'explained_variance': array([-2.22044605e-16,  0.00000000e+00,  1.11022302e-16,  1.11022302e-16,
        0.00000000e+00,  0.00000000e+00,  0.00000000e+00,  0.00000000e+00,
        0.00000000e+00,  3.33066907e-16,  0.00000000e+00,  0.00000000e+00,
        0.00000000e+00,  0.00000000e+00,  2.22044605e-16,  0.00000000e+00,
        0.00000000e+00,  0.00000000e+00,  0.00000000e+00,  0.00000000e+00,
        2.22044605e-16,  0.00000000e+00, -2.22044605e-16, -2.22044605e-16,
        0.00000000e+00,  0.00000000e+00,  0.00000000e+00,  0.00000000e+00,
        0.00000000e+00, -2.22044605e-16,  1.11022302e-16,  0.00000000e+00,
        1.11022302e-16,  0.00000000e+00,  0.00000000e+00,  3.33066907e-16,
        0.00000000e+00,  0.00000000e+00,  0.00000000e+00,  2.22044605e-16,
        0.00000000e+00,  0.00000000e+00,  0.00000000e+00,  0.00000000e+00,
       -2.22044605e-16, -2.22044605e-16, -2.22044605e-16,  0.00000000e+00,
        0.00000000e+00, -2.22044605e-16,  0.00000000e+00, -2.22044605e-16,
       -2.22044605e-16])}
         accs  y_pred (s)  y_true (s)
54     [9, 4]   14.891439      19.499
4    [42, 35]   20.490070      26.335
3    [42, 35]   20.490070      27.642
11   [42, 35]   20.490070      18.893
27   [25, 20]   19.767138      65.978
29   [25, 20]   19.767138      45.143
64     [9, 4]   14.891439      30.560
77   [14, 15]   15.225664      12.834
124  [24, 23]   16.000871      45.263
71     [9, 4]   14.891439       9.629
25   [25, 20]   19.767138      19.467
91     [5, 4]   17.402174      14.879
83   [14, 15]   15.225664      24.338
89   [14, 15]   15.225664      11.455
69     [9, 4]   14.891439       9.069
{'mse': 291.4689592861601, 'mae': 11.764953164782453, 'r2-score': -0.19214661845903325, 'max-error': 62.35030908405823, 'explained variance score': 0.06605284954573765, 'layers': ['mbconv5', 'conv2']}
