environment: line 5: __conda_exe: command not found
Using device: cuda
Using model: efficientnetB7
Number of videos: 64
Execution type : naive
Using 2 features
Job ID : 36
Plotting ?  yes
Calculate accumulators ?  no
The directory contains : 65 videos
Number of videos in the directory : 65
Number of videos in the dataframe : 64
['conv1', 'mbconv1', 'mbconv2', 'mbconv3', 'mbconv4', 'mbconv5', 'mbconv6', 'mbconv7', 'conv2', 'pool', 'output']
{'conv1': {'T_max': 395.51620042324066, 'T_min': 239.28720539808273, 'tau': 100, 'alpha': 50}, 'mbconv1': {'T_max': 1298.5398244857788, 'T_min': 929.1751428842545, 'tau': 100, 'alpha': 50}, 'mbconv2': {'T_max': 1391.3383300304413, 'T_min': 1003.122047662735, 'tau': 100, 'alpha': 50}, 'mbconv3': {'T_max': 776.5638054609299, 'T_min': 488.0033164024353, 'tau': 100, 'alpha': 50}, 'mbconv4': {'T_max': 372.1466582119465, 'T_min': 220.11169669032097, 'tau': 100, 'alpha': 50}, 'mbconv5': {'T_max': 456.8904039859772, 'T_min': 244.3836663365364, 'tau': 100, 'alpha': 50}, 'mbconv6': {'T_max': 290.0942441225052, 'T_min': 148.01406832039356, 'tau': 100, 'alpha': 50}, 'mbconv7': {'T_max': 172.54942694306374, 'T_min': 86.22373071312904, 'tau': 100, 'alpha': 50}, 'conv2': {'T_max': 75.42317940294743, 'T_min': 36.623642422258854, 'tau': 100, 'alpha': 50}, 'pool': {'T_max': 3.77721415925771, 'T_min': 1.8366734338924289, 'tau': 100, 'alpha': 50}, 'output': {'T_max': 11.04102703742683, 'T_min': 5.27929691132158, 'tau': 100, 'alpha': 50}}
Iterating over following combinations of layers :  [['conv1'], ['mbconv1'], ['mbconv2'], ['mbconv3'], ['mbconv4'], ['mbconv5'], ['mbconv6'], ['mbconv7'], ['conv2'], ['pool'], ['output'], ['conv1', 'mbconv1'], ['conv1', 'mbconv2'], ['conv1', 'mbconv3'], ['conv1', 'mbconv4'], ['conv1', 'mbconv5'], ['conv1', 'mbconv6'], ['conv1', 'mbconv7'], ['conv1', 'conv2'], ['conv1', 'pool'], ['conv1', 'output'], ['mbconv1', 'mbconv2'], ['mbconv1', 'mbconv3'], ['mbconv1', 'mbconv4'], ['mbconv1', 'mbconv5'], ['mbconv1', 'mbconv6'], ['mbconv1', 'mbconv7'], ['mbconv1', 'conv2'], ['mbconv1', 'pool'], ['mbconv1', 'output'], ['mbconv2', 'mbconv3'], ['mbconv2', 'mbconv4'], ['mbconv2', 'mbconv5'], ['mbconv2', 'mbconv6'], ['mbconv2', 'mbconv7'], ['mbconv2', 'conv2'], ['mbconv2', 'pool'], ['mbconv2', 'output'], ['mbconv3', 'mbconv4'], ['mbconv3', 'mbconv5'], ['mbconv3', 'mbconv6'], ['mbconv3', 'mbconv7'], ['mbconv3', 'conv2'], ['mbconv3', 'pool'], ['mbconv3', 'output'], ['mbconv4', 'mbconv5'], ['mbconv4', 'mbconv6'], ['mbconv4', 'mbconv7'], ['mbconv4', 'conv2'], ['mbconv4', 'pool'], ['mbconv4', 'output'], ['mbconv5', 'mbconv6'], ['mbconv5', 'mbconv7'], ['mbconv5', 'conv2'], ['mbconv5', 'pool'], ['mbconv5', 'output'], ['mbconv6', 'mbconv7'], ['mbconv6', 'conv2'], ['mbconv6', 'pool'], ['mbconv6', 'output'], ['mbconv7', 'conv2'], ['mbconv7', 'pool'], ['mbconv7', 'output'], ['conv2', 'pool'], ['conv2', 'output'], ['pool', 'output']]
[['mbconv2', 'pool']]
Generating the training set for videos : 
TRAINING SET : contains 962 samples, 37 patients based on 56 videos
TEST SET : contains 127 samples, 37 patients based on 8 videos
Dataset constituted.
--------------------NAIVE IMPLEMENTATION-------------------
Number of folds : 53
Grid search.
The best parameters are : {'C': 1}
Metrics obtained during CV : 
{'r2': array([-2.82763573e-01, -1.69228470e-01, -1.25586849e-01, -6.35457482e-02,
       -3.79907874e-02, -6.37821113e-02, -6.51118579e-02, -3.86640304e-02,
       -2.68949955e-02, -1.30613598e-02, -1.36621401e-01, -5.20499335e-01,
       -4.16754824e-01, -2.29595695e-01, -3.23903836e-01, -7.89409627e-02,
       -1.84313976e-02, -7.44967368e-01, -2.05461298e-02, -2.12555447e-01,
       -5.78992025e-02, -6.48420843e-01, -2.55672585e-02, -3.16310811e-01,
       -8.04390900e-02, -7.99689616e-02, -1.03081807e-02, -6.85928442e-01,
       -1.77924867e-01, -1.67385374e-02, -2.01377987e-01, -6.54912701e-01,
       -6.20469140e-01, -1.61445250e-02, -3.69224031e-01, -2.16155995e-01,
       -1.27967190e-03, -3.58759549e-02, -3.73156920e-02, -5.35851147e-02,
       -2.05885778e-03, -4.36765581e-01, -7.14237144e-01, -8.40695860e-02,
       -5.16223665e-01, -6.10711061e-02, -1.40963372e-01, -1.48077936e-01,
       -2.64767311e-01, -7.13706463e-01, -1.22662166e-04, -4.29019618e-01,
       -6.90361691e-02]), 'neg_mean_absolute_error': array([ -9.86891155, -11.63646372,  -9.53605799, -10.94658275,
       -10.2567575 ,  -5.95560988,  -7.98546003,  -6.06632678,
        -6.94876416,  -7.64530745,  -7.86316548, -13.58576309,
       -15.05628541, -13.87375264,  -8.39043153,  -7.53121529,
       -13.33307683,  -6.10230827,  -8.70269785,  -9.91421215,
        -9.17311111, -13.88284609,  -8.27531273, -11.04000654,
        -8.68366192,  -9.52558156,  -8.67321954, -18.24996948,
       -10.48122222, -10.25894444, -12.04320081, -13.28159463,
       -13.29308852,  -8.75923357, -12.04126958, -10.85022317,
        -9.91392587,  -6.75561645,  -6.22844917,  -7.34057001,
        -7.26132661, -13.21891721, -14.78124717,  -8.73206728,
       -22.23105673,  -7.95027933,  -9.63795864,  -5.77844895,
        -9.2979816 , -17.85478236,  -8.12226579, -14.86985407,
       -10.03951639]), 'neg_mean_squared_error': array([-143.06322394, -223.16181603, -106.92684948, -187.21206786,
       -132.83243271,  -49.0930614 , -135.76530279,  -96.46316968,
        -67.00586689,  -78.75277121, -105.89025174, -313.58767651,
       -427.77027866, -313.46512628,  -96.49746343,  -88.18181138,
       -254.88325648,  -49.152898  ,  -97.7027034 , -223.965315  ,
       -152.97205882, -357.47635094, -111.19602305, -257.41440523,
       -122.96615941, -261.14889972, -140.4357541 , -656.99369479,
       -221.90655784, -148.72716533, -235.65071583, -306.50239077,
       -352.03040624, -117.96798572, -194.46375848, -230.90931196,
       -164.44848952,  -76.92488778,  -66.25854281, -113.15997458,
        -80.72098157, -326.46554331, -419.87975911, -168.30074869,
       -892.39329902, -108.74679793, -149.863822  ,  -50.04694637,
       -223.44883531, -532.81444353, -118.88963977, -433.16222722,
       -249.50733292]), 'max_error': array([-33.49784537, -36.60193691, -15.75934465, -33.73092784,
       -22.45022965, -14.17949025, -31.26525944, -34.3742089 ,
       -17.2288962 , -17.9127195 , -25.56504806, -33.67992839,
       -62.51334612, -39.38286004, -18.52052315, -15.53736351,
       -33.42654032, -10.74762337, -23.89071936, -47.78645469,
       -33.49181145, -47.19540371, -22.71368541, -48.69802944,
       -30.23090854, -47.47426593, -31.36302418, -65.96768132,
       -35.28643609, -28.68670994, -34.22765366, -41.73905861,
       -49.37632417, -24.77517957, -27.02847542, -45.16150283,
       -34.77738905, -24.92395199, -18.07723938, -34.67063012,
       -20.25414012, -52.18868872, -51.82804491, -41.79110552,
       -74.97050352, -26.10474866, -32.22729691, -14.19562398,
       -51.37295532, -48.19881113, -32.83251847, -47.33411087,
       -52.21193444]), 'explained_variance': array([ 0.00000000e+00,  0.00000000e+00,  1.11022302e-16,  3.33066907e-16,
        0.00000000e+00,  0.00000000e+00,  0.00000000e+00, -2.22044605e-16,
        0.00000000e+00,  3.33066907e-16,  1.11022302e-16,  0.00000000e+00,
       -2.22044605e-16,  0.00000000e+00,  2.22044605e-16,  0.00000000e+00,
        0.00000000e+00,  0.00000000e+00,  0.00000000e+00,  0.00000000e+00,
        0.00000000e+00,  1.11022302e-16, -2.22044605e-16,  0.00000000e+00,
        0.00000000e+00,  0.00000000e+00, -2.22044605e-16,  0.00000000e+00,
        0.00000000e+00, -2.22044605e-16,  0.00000000e+00,  0.00000000e+00,
        1.11022302e-16,  0.00000000e+00,  0.00000000e+00,  3.33066907e-16,
        0.00000000e+00,  0.00000000e+00,  0.00000000e+00,  2.22044605e-16,
        0.00000000e+00,  0.00000000e+00, -2.22044605e-16,  0.00000000e+00,
        0.00000000e+00, -2.22044605e-16, -2.22044605e-16,  0.00000000e+00,
        0.00000000e+00,  0.00000000e+00,  0.00000000e+00, -2.22044605e-16,
        0.00000000e+00])}
         accs  y_pred (s)  y_true (s)
54    [10, 6]   15.809867      19.499
4    [52, 30]   22.521321      26.335
3    [52, 30]   22.521321      27.642
11   [52, 30]   22.521321      18.893
27   [29, 23]   19.127593      65.978
29   [29, 23]   19.127593      45.143
64    [10, 6]   15.809867      30.560
77   [16, 16]   17.715216      12.834
124  [26, 26]   19.323823      45.263
71    [10, 6]   15.809867       9.629
25   [29, 23]   19.127593      19.467
91     [2, 5]   15.101949      14.879
83   [16, 16]   17.715216      24.338
89   [16, 16]   17.715216      11.455
69    [10, 6]   15.809867       9.069
{'mse': 282.4670769383886, 'mae': 11.516118501722426, 'r2-score': -0.15532772828649244, 'max-error': 64.35986122835021, 'explained variance score': 0.0671057685625418, 'layers': ['mbconv2', 'pool']}
