environment: line 5: __conda_exe: command not found
Using device: cuda
Using model: efficientnetB7
Number of videos: 64
Execution type : naive
Using 2 features
Job ID : 45
Plotting ?  yes
Calculate accumulators ?  no
The directory contains : 65 videos
Number of videos in the directory : 65
Number of videos in the dataframe : 64
['conv1', 'mbconv1', 'mbconv2', 'mbconv3', 'mbconv4', 'mbconv5', 'mbconv6', 'mbconv7', 'conv2', 'pool', 'output']
{'conv1': {'T_max': 395.51620042324066, 'T_min': 239.28720539808273, 'tau': 100, 'alpha': 50}, 'mbconv1': {'T_max': 1298.5398244857788, 'T_min': 929.1751428842545, 'tau': 100, 'alpha': 50}, 'mbconv2': {'T_max': 1391.3383300304413, 'T_min': 1003.122047662735, 'tau': 100, 'alpha': 50}, 'mbconv3': {'T_max': 776.5638054609299, 'T_min': 488.0033164024353, 'tau': 100, 'alpha': 50}, 'mbconv4': {'T_max': 372.1466582119465, 'T_min': 220.11169669032097, 'tau': 100, 'alpha': 50}, 'mbconv5': {'T_max': 456.8904039859772, 'T_min': 244.3836663365364, 'tau': 100, 'alpha': 50}, 'mbconv6': {'T_max': 290.0942441225052, 'T_min': 148.01406832039356, 'tau': 100, 'alpha': 50}, 'mbconv7': {'T_max': 172.54942694306374, 'T_min': 86.22373071312904, 'tau': 100, 'alpha': 50}, 'conv2': {'T_max': 75.42317940294743, 'T_min': 36.623642422258854, 'tau': 100, 'alpha': 50}, 'pool': {'T_max': 3.77721415925771, 'T_min': 1.8366734338924289, 'tau': 100, 'alpha': 50}, 'output': {'T_max': 11.04102703742683, 'T_min': 5.27929691132158, 'tau': 100, 'alpha': 50}}
Iterating over following combinations of layers :  [['conv1'], ['mbconv1'], ['mbconv2'], ['mbconv3'], ['mbconv4'], ['mbconv5'], ['mbconv6'], ['mbconv7'], ['conv2'], ['pool'], ['output'], ['conv1', 'mbconv1'], ['conv1', 'mbconv2'], ['conv1', 'mbconv3'], ['conv1', 'mbconv4'], ['conv1', 'mbconv5'], ['conv1', 'mbconv6'], ['conv1', 'mbconv7'], ['conv1', 'conv2'], ['conv1', 'pool'], ['conv1', 'output'], ['mbconv1', 'mbconv2'], ['mbconv1', 'mbconv3'], ['mbconv1', 'mbconv4'], ['mbconv1', 'mbconv5'], ['mbconv1', 'mbconv6'], ['mbconv1', 'mbconv7'], ['mbconv1', 'conv2'], ['mbconv1', 'pool'], ['mbconv1', 'output'], ['mbconv2', 'mbconv3'], ['mbconv2', 'mbconv4'], ['mbconv2', 'mbconv5'], ['mbconv2', 'mbconv6'], ['mbconv2', 'mbconv7'], ['mbconv2', 'conv2'], ['mbconv2', 'pool'], ['mbconv2', 'output'], ['mbconv3', 'mbconv4'], ['mbconv3', 'mbconv5'], ['mbconv3', 'mbconv6'], ['mbconv3', 'mbconv7'], ['mbconv3', 'conv2'], ['mbconv3', 'pool'], ['mbconv3', 'output'], ['mbconv4', 'mbconv5'], ['mbconv4', 'mbconv6'], ['mbconv4', 'mbconv7'], ['mbconv4', 'conv2'], ['mbconv4', 'pool'], ['mbconv4', 'output'], ['mbconv5', 'mbconv6'], ['mbconv5', 'mbconv7'], ['mbconv5', 'conv2'], ['mbconv5', 'pool'], ['mbconv5', 'output'], ['mbconv6', 'mbconv7'], ['mbconv6', 'conv2'], ['mbconv6', 'pool'], ['mbconv6', 'output'], ['mbconv7', 'conv2'], ['mbconv7', 'pool'], ['mbconv7', 'output'], ['conv2', 'pool'], ['conv2', 'output'], ['pool', 'output']]
[['mbconv4', 'mbconv5']]
Generating the training set for videos : 
TRAINING SET : contains 962 samples, 37 patients based on 56 videos
TEST SET : contains 127 samples, 37 patients based on 8 videos
Dataset constituted.
--------------------NAIVE IMPLEMENTATION-------------------
Number of folds : 53
Grid search.
The best parameters are : {'C': 1000.0}
Metrics obtained during CV : 
{'r2': array([-1.24973959e-01, -3.68198909e-01, -1.56795692e-03, -4.44135114e-02,
       -2.47667273e-02, -6.14028683e-02, -1.50695183e-02, -5.44969341e-02,
       -5.20989512e-02, -3.40909164e-02, -1.70738676e-02, -7.95428249e-01,
       -4.50088130e-01, -1.25600215e-01, -1.96994771e-02, -6.33429055e-01,
       -2.80528589e-02, -4.50964412e-01, -2.31354348e-02, -8.79111971e-02,
       -1.24013858e-01, -1.08673354e+00, -1.83295845e-01, -2.72312605e-01,
       -1.10220391e-03, -6.38578978e-02, -6.85654677e-02, -1.46228514e-01,
       -1.44554835e-01, -1.02503437e-02, -4.56707449e-01, -7.90778957e-01,
       -4.80504154e-01, -3.67744747e-02, -6.44669807e-02, -8.21412933e-04,
       -1.78997499e-01, -1.87477570e-03, -2.13068565e-02, -1.76228765e-04,
       -1.84797339e-03, -3.86505936e-01, -9.24020149e-01, -4.26510799e-02,
       -4.90182446e-03, -2.94962108e-02, -1.64458609e-01, -1.07223568e-01,
       -2.75287345e-01, -1.15317758e+00, -2.48252424e-03, -7.03070048e-02,
       -6.77504885e-02]), 'neg_mean_absolute_error': array([ -8.38287269, -12.38005602,  -8.44090969, -10.9754484 ,
       -10.10031013,  -5.94030817,  -8.2120029 ,  -6.08499933,
        -7.08535349,  -7.26877403,  -7.561033  , -14.91375703,
       -15.21838275, -13.36734608,  -6.71659356,  -9.63826385,
       -13.8909184 ,  -5.65947275,  -8.69316979,  -9.52688889,
        -9.17311111, -15.92493367,  -8.50299109, -10.91390226,
        -7.48102285,  -9.57756555,  -8.71004423, -15.14179094,
       -10.48122222, -10.25894444, -13.13053073, -14.00732947,
       -12.6739527 ,  -9.14655702, -10.30655556, -10.62469458,
        -9.44361111,  -6.90308953,  -6.08716581,  -7.08929883,
        -7.25180655, -12.9949433 , -15.84962048,  -8.61656933,
       -19.8944093 ,  -7.90538935,  -9.65824015,  -5.23066218,
        -9.35338504, -20.32172975,  -8.14711795, -14.09645508,
       -10.04890468]), 'neg_mean_squared_error': array([-125.46536613, -261.13780231,  -95.14548458, -183.84429021,
       -131.14014016,  -48.98326041, -129.38661746,  -97.93360866,
        -68.65044877,  -80.38755457,  -94.75292989, -370.28899641,
       -437.83482711, -286.95319508,  -74.32444137, -133.50010592,
       -257.29122365,  -40.87131202,  -97.95059234, -200.94287205,
       -162.53222761, -452.52879196, -128.29757484, -248.81022748,
       -113.93672659, -257.25305943, -148.53368519, -446.67667247,
       -215.62005415, -147.77808097, -285.73367974, -331.66585248,
       -321.62443943, -120.36299308, -151.18070177, -190.02412909,
       -193.63656655,  -74.39993594,  -65.2359784 , -107.42361014,
        -80.70399375, -315.0454185 , -471.26333681, -161.8705659 ,
       -591.44813194, -105.51075772, -152.94988592,  -48.26602515,
       -225.30742963, -669.451939  , -119.17016851, -324.42981208,
       -249.20726194]), 'max_error': array([-35.38016126, -39.30172349, -17.25574319, -33.18248042,
       -22.87487252, -14.21179386, -29.77031494, -34.72898722,
       -16.70985673, -20.54829339, -23.25862706, -36.12721668,
       -62.95332461, -37.39085852, -22.18114445, -20.19246255,
       -28.62911009,  -9.7721454 , -23.97647192, -45.55026424,
       -34.83299795, -50.68873385, -25.50670991, -48.13056016,
       -32.90243144, -47.00641005, -33.25319905, -57.16711849,
       -34.7153516 , -28.34644707, -37.40756914, -42.82766087,
       -47.98326858, -24.07799737, -22.91887335, -38.36024874,
       -40.65784847, -23.66484711, -18.45450256, -32.40918943,
       -20.27556025, -51.59799657, -53.64559738, -40.75162395,
       -59.23831626, -25.34161898, -32.57208258, -18.89825701,
       -51.50750653, -52.23758234, -33.25500518, -40.54685939,
       -52.17438128]), 'explained_variance': array([-4.44089210e-16,  3.33066907e-16,  1.11022302e-16,  1.11022302e-16,
        0.00000000e+00,  0.00000000e+00,  0.00000000e+00,  0.00000000e+00,
        0.00000000e+00,  0.00000000e+00,  0.00000000e+00,  0.00000000e+00,
        0.00000000e+00,  0.00000000e+00,  2.22044605e-16,  0.00000000e+00,
        0.00000000e+00,  0.00000000e+00,  0.00000000e+00,  0.00000000e+00,
        0.00000000e+00,  0.00000000e+00, -2.22044605e-16, -2.22044605e-16,
        0.00000000e+00, -2.22044605e-16,  0.00000000e+00,  1.11022302e-16,
        0.00000000e+00, -2.22044605e-16,  0.00000000e+00,  0.00000000e+00,
        1.11022302e-16,  0.00000000e+00,  0.00000000e+00,  1.11022302e-16,
        0.00000000e+00,  0.00000000e+00,  0.00000000e+00,  2.22044605e-16,
        0.00000000e+00,  0.00000000e+00, -2.22044605e-16,  0.00000000e+00,
       -2.22044605e-16, -2.22044605e-16,  0.00000000e+00,  0.00000000e+00,
        0.00000000e+00, -2.22044605e-16,  0.00000000e+00, -2.22044605e-16,
       -2.22044605e-16])}
         accs  y_pred (s)  y_true (s)
54     [9, 9]   14.276338      19.499
4    [43, 42]   21.022386      26.335
3    [43, 42]   21.022386      27.642
11   [43, 42]   21.022386      18.893
27   [26, 25]   18.082196      65.978
29   [26, 25]   18.082196      45.143
64     [9, 9]   14.276338      30.560
77   [14, 14]   18.689308      12.834
124  [23, 24]   18.250967      45.263
71     [9, 9]   14.276338       9.629
25   [26, 25]   18.082196      19.467
91     [2, 5]   19.298314      14.879
83   [14, 14]   18.689308      24.338
89   [14, 14]   18.689308      11.455
69     [9, 9]   14.276338       9.069
{'mse': 289.4725001430617, 'mae': 11.73367980194594, 'r2-score': -0.18398083633881912, 'max-error': 65.13363630686021, 'explained variance score': 0.04460802118352947, 'layers': ['mbconv4', 'mbconv5']}
