environment: line 5: __conda_exe: command not found
Using device: cuda
Using model: efficientnetB7
Number of videos: 64
Execution type : naive
Using 2 features
Job ID : 35
Plotting ?  yes
Calculate accumulators ?  no
The directory contains : 65 videos
Number of videos in the directory : 65
Number of videos in the dataframe : 64
['conv1', 'mbconv1', 'mbconv2', 'mbconv3', 'mbconv4', 'mbconv5', 'mbconv6', 'mbconv7', 'conv2', 'pool', 'output']
{'conv1': {'T_max': 395.51620042324066, 'T_min': 239.28720539808273, 'tau': 100, 'alpha': 50}, 'mbconv1': {'T_max': 1298.5398244857788, 'T_min': 929.1751428842545, 'tau': 100, 'alpha': 50}, 'mbconv2': {'T_max': 1391.3383300304413, 'T_min': 1003.122047662735, 'tau': 100, 'alpha': 50}, 'mbconv3': {'T_max': 776.5638054609299, 'T_min': 488.0033164024353, 'tau': 100, 'alpha': 50}, 'mbconv4': {'T_max': 372.1466582119465, 'T_min': 220.11169669032097, 'tau': 100, 'alpha': 50}, 'mbconv5': {'T_max': 456.8904039859772, 'T_min': 244.3836663365364, 'tau': 100, 'alpha': 50}, 'mbconv6': {'T_max': 290.0942441225052, 'T_min': 148.01406832039356, 'tau': 100, 'alpha': 50}, 'mbconv7': {'T_max': 172.54942694306374, 'T_min': 86.22373071312904, 'tau': 100, 'alpha': 50}, 'conv2': {'T_max': 75.42317940294743, 'T_min': 36.623642422258854, 'tau': 100, 'alpha': 50}, 'pool': {'T_max': 3.77721415925771, 'T_min': 1.8366734338924289, 'tau': 100, 'alpha': 50}, 'output': {'T_max': 11.04102703742683, 'T_min': 5.27929691132158, 'tau': 100, 'alpha': 50}}
Iterating over following combinations of layers :  [['conv1'], ['mbconv1'], ['mbconv2'], ['mbconv3'], ['mbconv4'], ['mbconv5'], ['mbconv6'], ['mbconv7'], ['conv2'], ['pool'], ['output'], ['conv1', 'mbconv1'], ['conv1', 'mbconv2'], ['conv1', 'mbconv3'], ['conv1', 'mbconv4'], ['conv1', 'mbconv5'], ['conv1', 'mbconv6'], ['conv1', 'mbconv7'], ['conv1', 'conv2'], ['conv1', 'pool'], ['conv1', 'output'], ['mbconv1', 'mbconv2'], ['mbconv1', 'mbconv3'], ['mbconv1', 'mbconv4'], ['mbconv1', 'mbconv5'], ['mbconv1', 'mbconv6'], ['mbconv1', 'mbconv7'], ['mbconv1', 'conv2'], ['mbconv1', 'pool'], ['mbconv1', 'output'], ['mbconv2', 'mbconv3'], ['mbconv2', 'mbconv4'], ['mbconv2', 'mbconv5'], ['mbconv2', 'mbconv6'], ['mbconv2', 'mbconv7'], ['mbconv2', 'conv2'], ['mbconv2', 'pool'], ['mbconv2', 'output'], ['mbconv3', 'mbconv4'], ['mbconv3', 'mbconv5'], ['mbconv3', 'mbconv6'], ['mbconv3', 'mbconv7'], ['mbconv3', 'conv2'], ['mbconv3', 'pool'], ['mbconv3', 'output'], ['mbconv4', 'mbconv5'], ['mbconv4', 'mbconv6'], ['mbconv4', 'mbconv7'], ['mbconv4', 'conv2'], ['mbconv4', 'pool'], ['mbconv4', 'output'], ['mbconv5', 'mbconv6'], ['mbconv5', 'mbconv7'], ['mbconv5', 'conv2'], ['mbconv5', 'pool'], ['mbconv5', 'output'], ['mbconv6', 'mbconv7'], ['mbconv6', 'conv2'], ['mbconv6', 'pool'], ['mbconv6', 'output'], ['mbconv7', 'conv2'], ['mbconv7', 'pool'], ['mbconv7', 'output'], ['conv2', 'pool'], ['conv2', 'output'], ['pool', 'output']]
[['mbconv2', 'conv2']]
Generating the training set for videos : 
TRAINING SET : contains 962 samples, 37 patients based on 56 videos
TEST SET : contains 127 samples, 37 patients based on 8 videos
Dataset constituted.
--------------------NAIVE IMPLEMENTATION-------------------
Number of folds : 53
Grid search.
The best parameters are : {'C': 1}
Metrics obtained during CV : 
{'r2': array([-3.10233579e-01, -2.02005196e-01, -6.33441921e-02, -8.30463043e-02,
       -2.31575280e-02, -1.09789445e-01, -4.94430386e-02, -2.98271683e-02,
       -6.56454442e-02, -1.12359506e-03, -1.44595412e-01, -5.86955480e-01,
       -4.64138488e-01, -2.36227411e-01, -2.76855049e-01, -5.51095881e-02,
       -1.75438152e-02, -8.03490340e-01, -3.65298680e-03, -2.03593796e-01,
       -4.29303237e-02, -7.76235465e-01, -3.65601408e-03, -2.67123913e-01,
       -5.05686531e-02, -7.23820226e-02, -1.14389747e-02, -6.85817792e-01,
       -1.69384832e-01, -1.22143066e-02, -2.08359308e-01, -6.37983181e-01,
       -5.81445176e-01, -3.69949810e-02, -3.60420477e-01, -1.55997544e-01,
       -5.81226101e-03, -4.40593957e-02, -8.21465766e-02, -5.38300415e-02,
       -4.81291384e-03, -4.47315862e-01, -6.70795871e-01, -5.71302735e-02,
       -5.51466994e-01, -4.23732396e-02, -1.33561479e-01, -1.72034580e-01,
       -2.82408566e-01, -8.28143837e-01, -6.46806045e-04, -3.93525947e-01,
       -6.43001971e-02]), 'neg_mean_absolute_error': array([-10.07927117, -11.71952129,  -9.08061028, -10.92137819,
       -10.07864416,  -6.20916017,  -8.03445174,  -6.07791418,
        -7.1447928 ,  -7.53286959,  -7.87937136, -13.86833708,
       -15.28490404, -13.90262227,  -8.1395108 ,  -7.47761071,
       -13.33583217,  -6.20451024,  -8.79282282,  -9.8845433 ,
        -9.17311111, -14.42199686,  -8.77280674, -10.89896693,
        -8.33550336,  -9.54933682,  -8.66611422, -18.24938337,
       -10.48122222, -10.25894444, -12.06720393, -13.18621016,
       -13.12818723,  -9.14999339, -12.01231908, -10.63911087,
        -9.50464053,  -6.7359937 ,  -6.56035405,  -7.34117851,
        -7.35706473, -13.2720734 , -14.55427876,  -8.66156066,
       -22.42611916,  -7.92569794,  -9.6312236 ,  -5.85990373,
        -9.39028981, -18.46354055,  -8.13147374, -14.71798845,
       -10.07454911]), 'neg_mean_squared_error': array([-146.12688096, -229.41766229, -101.01401282, -190.64467943,
       -130.93420976,  -51.21627894, -133.76806468,  -95.64246952,
        -69.53437022,  -77.82476024, -106.6331289 , -327.29358726,
       -442.07714583, -315.1557727 ,  -93.06814442,  -86.23407387,
       -254.66112085,  -50.80139513,  -96.08542644, -222.31005131,
       -150.8075613 , -385.19421476, -108.82032003, -247.7955401 ,
       -119.56656665, -259.31429071, -140.59293773, -656.95057527,
       -220.29772023, -148.06536685, -237.02010432, -303.36691515,
       -343.55284785, -120.38859248, -193.21343556, -219.48713699,
       -165.19291433,  -77.53259593,  -69.12211569, -113.18628086,
        -80.94283492, -328.86280527, -409.23939253, -164.11844662,
       -913.13622194, -106.83049552, -148.89159444,  -51.09126297,
       -226.56554914, -568.39456606, -118.9519474 , -422.40344054,
       -248.40198235]), 'max_error': array([-33.23138985, -37.12796819, -15.18862924, -34.20981446,
       -22.93368015, -13.64421742, -30.89480563, -34.14363067,
       -16.48398737, -18.62482591, -25.66768529, -34.32149133,
       -63.1338824 , -39.49256464, -18.88725344, -15.19039655,
       -33.37418873, -10.92415405, -23.07959458, -47.65294486,
       -33.0898626 , -48.31159434, -20.41911966, -48.06070236,
       -30.85759396, -47.26046865, -31.42697205, -65.96636258,
       -35.14578428, -28.45861665, -34.33566768, -41.59577828,
       -49.00529626, -24.0718119 , -26.94162391, -44.19749779,
       -36.21286761, -25.1005567 , -17.33045339, -34.67610659,
       -20.03872935, -52.30829015, -51.41950176, -41.15654593,
       -75.55569083, -25.68686495, -32.11280125, -13.99780524,
       -51.59713239, -49.34868771, -32.98905356, -46.85220382,
       -52.07180358]), 'explained_variance': array([ 0.00000000e+00,  0.00000000e+00,  1.11022302e-16,  0.00000000e+00,
        0.00000000e+00,  0.00000000e+00,  0.00000000e+00,  0.00000000e+00,
        0.00000000e+00,  3.33066907e-16,  3.33066907e-16,  0.00000000e+00,
       -2.22044605e-16,  0.00000000e+00,  2.22044605e-16,  0.00000000e+00,
        2.22044605e-16,  0.00000000e+00,  0.00000000e+00,  0.00000000e+00,
        0.00000000e+00, -2.22044605e-16, -2.22044605e-16, -2.22044605e-16,
        0.00000000e+00,  0.00000000e+00, -2.22044605e-16,  0.00000000e+00,
        0.00000000e+00, -2.22044605e-16, -2.22044605e-16, -2.22044605e-16,
        1.11022302e-16,  0.00000000e+00,  0.00000000e+00,  3.33066907e-16,
       -2.22044605e-16,  0.00000000e+00, -2.22044605e-16,  2.22044605e-16,
        0.00000000e+00,  0.00000000e+00, -2.22044605e-16,  0.00000000e+00,
       -2.22044605e-16, -2.22044605e-16,  0.00000000e+00,  0.00000000e+00,
        0.00000000e+00,  0.00000000e+00,  0.00000000e+00, -2.22044605e-16,
       -2.22044605e-16])}
         accs  y_pred (s)  y_true (s)
54    [10, 4]   16.141529      19.499
4    [52, 35]   22.610845      26.335
3    [52, 35]   22.610845      27.642
11   [52, 35]   22.610845      18.893
27   [29, 20]   18.793777      65.978
29   [29, 20]   18.793777      45.143
64    [10, 4]   16.141529      30.560
77   [16, 15]   17.568885      12.834
124  [26, 23]   18.695485      45.263
71    [10, 4]   16.141529       9.629
25   [29, 20]   18.793777      19.467
91     [2, 4]   14.865499      14.879
83   [16, 15]   17.568885      24.338
89   [16, 15]   17.568885      11.455
69    [10, 4]   16.141529       9.069
{'mse': 284.95043971660704, 'mae': 11.559091658960154, 'r2-score': -0.16548501071447674, 'max-error': 63.88377272339093, 'explained variance score': 0.06125082099123813, 'layers': ['mbconv2', 'conv2']}
