environment: line 5: __conda_exe: command not found
Using device: cuda
Using model: efficientnetB7
Number of videos: 64
Execution type : naive
Using 2 features
Job ID : 63
Plotting ?  yes
Calculate accumulators ?  no
The directory contains : 65 videos
Number of videos in the directory : 65
Number of videos in the dataframe : 64
['conv1', 'mbconv1', 'mbconv2', 'mbconv3', 'mbconv4', 'mbconv5', 'mbconv6', 'mbconv7', 'conv2', 'pool', 'output']
{'conv1': {'T_max': 395.51620042324066, 'T_min': 239.28720539808273, 'tau': 100, 'alpha': 50}, 'mbconv1': {'T_max': 1298.5398244857788, 'T_min': 929.1751428842545, 'tau': 100, 'alpha': 50}, 'mbconv2': {'T_max': 1391.3383300304413, 'T_min': 1003.122047662735, 'tau': 100, 'alpha': 50}, 'mbconv3': {'T_max': 776.5638054609299, 'T_min': 488.0033164024353, 'tau': 100, 'alpha': 50}, 'mbconv4': {'T_max': 372.1466582119465, 'T_min': 220.11169669032097, 'tau': 100, 'alpha': 50}, 'mbconv5': {'T_max': 456.8904039859772, 'T_min': 244.3836663365364, 'tau': 100, 'alpha': 50}, 'mbconv6': {'T_max': 290.0942441225052, 'T_min': 148.01406832039356, 'tau': 100, 'alpha': 50}, 'mbconv7': {'T_max': 172.54942694306374, 'T_min': 86.22373071312904, 'tau': 100, 'alpha': 50}, 'conv2': {'T_max': 75.42317940294743, 'T_min': 36.623642422258854, 'tau': 100, 'alpha': 50}, 'pool': {'T_max': 3.77721415925771, 'T_min': 1.8366734338924289, 'tau': 100, 'alpha': 50}, 'output': {'T_max': 11.04102703742683, 'T_min': 5.27929691132158, 'tau': 100, 'alpha': 50}}
Iterating over following combinations of layers :  [['conv1'], ['mbconv1'], ['mbconv2'], ['mbconv3'], ['mbconv4'], ['mbconv5'], ['mbconv6'], ['mbconv7'], ['conv2'], ['pool'], ['output'], ['conv1', 'mbconv1'], ['conv1', 'mbconv2'], ['conv1', 'mbconv3'], ['conv1', 'mbconv4'], ['conv1', 'mbconv5'], ['conv1', 'mbconv6'], ['conv1', 'mbconv7'], ['conv1', 'conv2'], ['conv1', 'pool'], ['conv1', 'output'], ['mbconv1', 'mbconv2'], ['mbconv1', 'mbconv3'], ['mbconv1', 'mbconv4'], ['mbconv1', 'mbconv5'], ['mbconv1', 'mbconv6'], ['mbconv1', 'mbconv7'], ['mbconv1', 'conv2'], ['mbconv1', 'pool'], ['mbconv1', 'output'], ['mbconv2', 'mbconv3'], ['mbconv2', 'mbconv4'], ['mbconv2', 'mbconv5'], ['mbconv2', 'mbconv6'], ['mbconv2', 'mbconv7'], ['mbconv2', 'conv2'], ['mbconv2', 'pool'], ['mbconv2', 'output'], ['mbconv3', 'mbconv4'], ['mbconv3', 'mbconv5'], ['mbconv3', 'mbconv6'], ['mbconv3', 'mbconv7'], ['mbconv3', 'conv2'], ['mbconv3', 'pool'], ['mbconv3', 'output'], ['mbconv4', 'mbconv5'], ['mbconv4', 'mbconv6'], ['mbconv4', 'mbconv7'], ['mbconv4', 'conv2'], ['mbconv4', 'pool'], ['mbconv4', 'output'], ['mbconv5', 'mbconv6'], ['mbconv5', 'mbconv7'], ['mbconv5', 'conv2'], ['mbconv5', 'pool'], ['mbconv5', 'output'], ['mbconv6', 'mbconv7'], ['mbconv6', 'conv2'], ['mbconv6', 'pool'], ['mbconv6', 'output'], ['mbconv7', 'conv2'], ['mbconv7', 'pool'], ['mbconv7', 'output'], ['conv2', 'pool'], ['conv2', 'output'], ['pool', 'output']]
[['conv2', 'pool']]
Generating the training set for videos : 
TRAINING SET : contains 962 samples, 37 patients based on 56 videos
TEST SET : contains 127 samples, 37 patients based on 8 videos
Dataset constituted.
--------------------NAIVE IMPLEMENTATION-------------------
Number of folds : 53
Grid search.
The best parameters are : {'C': 1}
Metrics obtained during CV : 
{'r2': array([-1.79235270e-01, -1.35001239e-01, -1.49600622e-01, -3.90338172e-02,
       -4.70511678e-02, -8.52502912e-02, -3.83924735e-02, -2.41864155e-02,
       -6.18114415e-03, -7.16806936e-02, -9.02855319e-02, -4.32243665e-01,
       -3.69585478e-01, -2.25576636e-01, -2.61429617e-01, -7.53645431e-02,
       -1.70694332e-02, -1.00394324e+00, -2.39002792e-02, -1.55898632e-01,
       -7.67955371e-02, -5.34425067e-01, -8.52915020e-02, -4.80935770e-01,
       -7.88985988e-02, -9.65843167e-02, -1.90010350e-02, -6.74324231e-01,
       -1.97816745e-01, -2.41055842e-02, -2.38725012e-01, -6.31424683e-01,
       -5.47627876e-01, -3.51068575e-02, -4.38057419e-01, -1.54857610e-01,
       -1.03434615e-03, -7.77141569e-03, -2.89536815e-02, -2.76528465e-02,
       -6.01252287e-03, -4.17367839e-01, -6.12039037e-01, -1.46447616e-01,
       -4.97829357e-01, -3.15328001e-02, -1.24098164e-01, -1.53020048e-01,
       -1.89745354e-01, -6.87402658e-01, -1.37775562e-04, -5.67912006e-01,
       -6.63078664e-02]), 'neg_mean_absolute_error': array([ -8.96519787, -11.54059559,  -9.68564313, -10.98464861,
       -10.34844991,  -6.08247664,  -8.08154549,  -6.10768095,
        -6.76727567,  -7.94170437,  -7.75778355, -13.24712338,
       -14.81538498, -13.85605337,  -8.05265869,  -7.52202498,
       -13.33733342,  -6.52896713,  -8.69045864,  -9.71428689,
        -9.17311111, -13.52748729,  -8.34069059, -11.71559941,
        -8.66748819,  -9.47721613,  -8.661     , -18.18824275,
       -10.48122222, -10.25894444, -12.16720544, -13.15508962,
       -12.98075283,  -9.12022801, -12.25666093, -10.63689741,
        -9.63016723,  -6.85256663,  -6.15160714,  -7.26549922,
        -7.38963609, -13.11948101, -14.23525246,  -8.96870044,
       -22.12660124,  -7.90886126,  -9.62233483,  -5.79576347,
        -8.86583845, -17.7080925 ,  -8.12269068, -15.51362252,
       -10.05954568]), 'neg_mean_squared_error': array([-131.51698643, -216.62912269, -109.20807467, -182.8973223 ,
       -133.99189615,  -50.08380815, -132.35949589,  -95.11859955,
        -65.65426856,  -83.30968668, -101.57349614, -295.38583323,
       -413.52812194, -312.4405335 ,  -91.9438067 ,  -87.88951072,
       -254.54239707,  -56.44782803,  -98.02381526, -213.50050594,
       -155.70446585, -332.75524018, -117.67155969, -289.60804492,
       -122.79083413, -265.16668342, -141.64408595, -652.47162075,
       -225.65394289, -149.80480717, -242.97634799, -302.15223163,
       -336.20638398, -120.16939321, -204.23980618, -219.27069968,
       -164.40819763,  -74.83782463,  -65.72441937, -110.37472754,
        -81.03946958, -322.05793901, -394.84768185, -177.98487714,
       -881.56708789, -105.7194832 , -147.64860225,  -50.26238263,
       -210.19456403, -524.63623581, -118.89143638, -475.26307432,
       -248.87056166]), 'max_error': array([-34.64254936, -35.99477207, -16.07513549, -33.00767649,
       -22.20135024, -13.91166042, -30.59654522, -33.97801239,
       -17.91855246, -16.55980243, -24.89762912, -32.76076345,
       -61.8594735 , -39.31560279, -19.01419115, -15.4791582 ,
       -33.34566496, -11.48457958, -24.00087224, -46.88679101,
       -33.93069325, -46.10269283, -24.08971532, -50.53107894,
       -30.26002125, -47.90955484, -31.79117652, -65.82879618,
       -35.60149713, -28.99974446, -34.78567446, -41.53976131,
       -48.67356887, -24.12538958, -27.67464946, -44.17757672,
       -35.64799747, -24.05140036, -18.26117858, -33.99499302,
       -19.9654438 , -51.96495727, -50.84525442, -42.94660133,
       -74.65713706, -25.40064136, -31.96169205, -14.15357443,
       -50.32346482, -47.92173028, -32.83974157, -49.05082672,
       -52.13181729]), 'explained_variance': array([-4.44089210e-16,  0.00000000e+00,  1.11022302e-16,  3.33066907e-16,
        0.00000000e+00,  0.00000000e+00,  0.00000000e+00,  0.00000000e+00,
       -2.22044605e-16,  3.33066907e-16,  3.33066907e-16, -2.22044605e-16,
        0.00000000e+00,  0.00000000e+00,  2.22044605e-16,  0.00000000e+00,
        0.00000000e+00,  0.00000000e+00,  0.00000000e+00,  0.00000000e+00,
        2.22044605e-16,  1.11022302e-16, -2.22044605e-16,  0.00000000e+00,
        0.00000000e+00, -2.22044605e-16, -2.22044605e-16,  1.11022302e-16,
        1.11022302e-16, -2.22044605e-16, -2.22044605e-16,  0.00000000e+00,
        1.11022302e-16,  0.00000000e+00,  0.00000000e+00,  0.00000000e+00,
       -2.22044605e-16,  0.00000000e+00,  0.00000000e+00,  0.00000000e+00,
        0.00000000e+00,  1.11022302e-16, -2.22044605e-16,  0.00000000e+00,
       -4.44089210e-16,  0.00000000e+00,  0.00000000e+00,  0.00000000e+00,
        0.00000000e+00,  0.00000000e+00,  2.22044605e-16, -2.22044605e-16,
        0.00000000e+00])}
         accs  y_pred (s)  y_true (s)
54     [4, 6]   16.223343      19.499
4    [35, 30]   22.199877      26.335
3    [35, 30]   22.199877      27.642
11   [35, 30]   22.199877      18.893
27   [20, 23]   19.177315      65.978
29   [20, 23]   19.177315      45.143
64     [4, 6]   16.223343      30.560
77   [15, 16]   17.582566      12.834
124  [23, 26]   20.049950      45.263
71     [4, 6]   16.223343       9.629
25   [20, 23]   19.177315      19.467
91     [4, 5]   15.878336      14.879
83   [15, 16]   17.582566      24.338
89   [15, 16]   17.582566      11.455
69     [4, 6]   16.223343       9.069
{'mse': 279.1475873869843, 'mae': 11.463041685976298, 'r2-score': -0.14175057669749092, 'max-error': 64.32830415371994, 'explained variance score': 0.06773716348677061, 'layers': ['conv2', 'pool']}
