environment: line 5: __conda_exe: command not found
Using device: cuda
Using model: efficientnetB7
Number of videos: 64
Execution type : naive
Using 2 features
Job ID : 25
Plotting ?  yes
Calculate accumulators ?  no
The directory contains : 65 videos
Number of videos in the directory : 65
Number of videos in the dataframe : 64
['conv1', 'mbconv1', 'mbconv2', 'mbconv3', 'mbconv4', 'mbconv5', 'mbconv6', 'mbconv7', 'conv2', 'pool', 'output']
{'conv1': {'T_max': 395.51620042324066, 'T_min': 239.28720539808273, 'tau': 100, 'alpha': 50}, 'mbconv1': {'T_max': 1298.5398244857788, 'T_min': 929.1751428842545, 'tau': 100, 'alpha': 50}, 'mbconv2': {'T_max': 1391.3383300304413, 'T_min': 1003.122047662735, 'tau': 100, 'alpha': 50}, 'mbconv3': {'T_max': 776.5638054609299, 'T_min': 488.0033164024353, 'tau': 100, 'alpha': 50}, 'mbconv4': {'T_max': 372.1466582119465, 'T_min': 220.11169669032097, 'tau': 100, 'alpha': 50}, 'mbconv5': {'T_max': 456.8904039859772, 'T_min': 244.3836663365364, 'tau': 100, 'alpha': 50}, 'mbconv6': {'T_max': 290.0942441225052, 'T_min': 148.01406832039356, 'tau': 100, 'alpha': 50}, 'mbconv7': {'T_max': 172.54942694306374, 'T_min': 86.22373071312904, 'tau': 100, 'alpha': 50}, 'conv2': {'T_max': 75.42317940294743, 'T_min': 36.623642422258854, 'tau': 100, 'alpha': 50}, 'pool': {'T_max': 3.77721415925771, 'T_min': 1.8366734338924289, 'tau': 100, 'alpha': 50}, 'output': {'T_max': 11.04102703742683, 'T_min': 5.27929691132158, 'tau': 100, 'alpha': 50}}
Iterating over following combinations of layers :  [['conv1'], ['mbconv1'], ['mbconv2'], ['mbconv3'], ['mbconv4'], ['mbconv5'], ['mbconv6'], ['mbconv7'], ['conv2'], ['pool'], ['output'], ['conv1', 'mbconv1'], ['conv1', 'mbconv2'], ['conv1', 'mbconv3'], ['conv1', 'mbconv4'], ['conv1', 'mbconv5'], ['conv1', 'mbconv6'], ['conv1', 'mbconv7'], ['conv1', 'conv2'], ['conv1', 'pool'], ['conv1', 'output'], ['mbconv1', 'mbconv2'], ['mbconv1', 'mbconv3'], ['mbconv1', 'mbconv4'], ['mbconv1', 'mbconv5'], ['mbconv1', 'mbconv6'], ['mbconv1', 'mbconv7'], ['mbconv1', 'conv2'], ['mbconv1', 'pool'], ['mbconv1', 'output'], ['mbconv2', 'mbconv3'], ['mbconv2', 'mbconv4'], ['mbconv2', 'mbconv5'], ['mbconv2', 'mbconv6'], ['mbconv2', 'mbconv7'], ['mbconv2', 'conv2'], ['mbconv2', 'pool'], ['mbconv2', 'output'], ['mbconv3', 'mbconv4'], ['mbconv3', 'mbconv5'], ['mbconv3', 'mbconv6'], ['mbconv3', 'mbconv7'], ['mbconv3', 'conv2'], ['mbconv3', 'pool'], ['mbconv3', 'output'], ['mbconv4', 'mbconv5'], ['mbconv4', 'mbconv6'], ['mbconv4', 'mbconv7'], ['mbconv4', 'conv2'], ['mbconv4', 'pool'], ['mbconv4', 'output'], ['mbconv5', 'mbconv6'], ['mbconv5', 'mbconv7'], ['mbconv5', 'conv2'], ['mbconv5', 'pool'], ['mbconv5', 'output'], ['mbconv6', 'mbconv7'], ['mbconv6', 'conv2'], ['mbconv6', 'pool'], ['mbconv6', 'output'], ['mbconv7', 'conv2'], ['mbconv7', 'pool'], ['mbconv7', 'output'], ['conv2', 'pool'], ['conv2', 'output'], ['pool', 'output']]
[['mbconv1', 'mbconv6']]
Generating the training set for videos : 
TRAINING SET : contains 962 samples, 37 patients based on 56 videos
TEST SET : contains 127 samples, 37 patients based on 8 videos
Dataset constituted.
--------------------NAIVE IMPLEMENTATION-------------------
Number of folds : 53
Grid search.
The best parameters are : {'C': 1}
Metrics obtained during CV : 
{'r2': array([-0.08671181, -0.07178312, -0.07063131, -0.04269183, -0.00136783,
       -0.0649568 , -0.05920782, -0.03867294, -0.01874258, -0.00176438,
       -0.13728325, -0.57942089, -0.31961353, -0.21853058, -0.22958662,
       -0.01568224, -0.01390084, -0.62138268, -0.00515818, -0.21779713,
       -0.06810043, -0.6356729 , -0.0816806 , -0.34395128, -0.03299339,
       -0.0620275 , -0.08172807, -0.18913475, -0.20443913, -0.00614742,
       -0.05687748, -0.08325831, -0.68007438, -0.04516299, -0.14456103,
       -0.19581168, -0.05530742, -0.02216103, -0.10148613, -0.0350698 ,
       -0.00185137, -0.44902014, -0.70581447, -0.12452376, -0.18421362,
       -0.04755865, -0.14543346, -0.1635023 , -0.30670284, -0.76366586,
       -0.01894654, -0.37705107, -0.06798432]), 'neg_mean_absolute_error': array([ -7.89056963, -11.32354687,  -9.13117959, -10.97832893,
        -9.69074263,  -5.96305944,  -7.99707209,  -6.06633828,
        -6.89117069,  -7.42772885,  -7.86452829, -13.82732113,
       -14.54272126, -13.8246388 ,  -7.8827172 ,  -7.50687762,
       -13.34794794,  -5.89610142,  -8.78045036,  -9.93127607,
        -9.17311111, -13.83078189,  -8.33346083, -11.11477046,
        -8.10791175,  -9.58386859,  -8.78473052, -15.26821328,
       -10.48122222, -10.25894444, -11.60092918, -10.73938961,
       -13.53525182,  -9.27075993, -11.40214273, -10.74724769,
        -9.44361111,  -7.33043012,  -6.67386665,  -7.28965553,
        -7.25196402, -13.28060112, -14.73779223,  -8.84877283,
       -20.05040768,  -7.93298209,  -9.64194057,  -5.83158543,
        -9.51281219, -18.12613414,  -8.20344245, -14.66022275,
       -10.04719064]), 'neg_mean_squared_error': array([-121.19809047, -204.56315689, -101.70626347, -183.54122819,
       -128.14576585,  -49.14727282, -135.01274021,  -96.4639973 ,
        -66.47391407,  -77.87457315, -105.95191156, -325.73965459,
       -398.4397558 , -310.64425659,  -89.62281638,  -83.01167806,
       -253.74939282,  -45.67171808,  -96.2295269 , -224.93348155,
       -154.44715519, -354.71183334, -117.28005183, -262.81970472,
       -117.5663039 , -256.81044852, -150.36332532, -463.39691063,
       -226.90151873, -147.17791144, -207.30689066, -200.62765961,
       -364.97903771, -121.3368466 , -162.55604262, -227.04657455,
       -173.32191538,  -75.90640744,  -70.35742991, -111.17134301,
        -80.70426727, -329.25005515, -417.81673725, -174.58121921,
       -696.98443755, -107.36193634, -150.45096127,  -50.71932454,
       -230.85766441, -548.34749329, -121.12732945, -417.40960231,
       -249.26183605]), 'max_error': array([-36.00374514, -34.62013016, -15.05136968, -33.12775028,
       -24.23677802, -14.1637634 , -31.13154343, -34.37442727,
       -17.44775139, -19.29071729, -25.57367919, -34.25064559,
       -61.11938628, -39.19622745, -19.28867029, -16.18055829,
       -33.1439892 , -10.35043634, -23.19094673, -47.86324233,
       -33.73637603, -47.07825925, -24.02464749, -49.03446709,
       -31.31882357, -46.94968271, -33.5365249 , -58.20345975,
       -35.70283907, -28.07022561, -31.28286264, -34.65250648,
       -49.92119159, -23.85443213, -24.31814228, -44.85257641,
       -38.24973397, -22.00887629, -17.07505003, -34.21239978,
       -20.27520597, -52.32747752, -51.74982602, -42.57522775,
       -67.95233455, -25.81069549, -32.29498975, -14.06657823,
       -51.89468674, -48.71136449, -34.21252157, -46.621141  ,
       -52.18123744]), 'explained_variance': array([-2.22044605e-16,  0.00000000e+00,  1.11022302e-16,  1.11022302e-16,
        0.00000000e+00,  0.00000000e+00,  0.00000000e+00, -2.22044605e-16,
        0.00000000e+00,  3.33066907e-16,  1.11022302e-16,  1.11022302e-16,
        0.00000000e+00,  0.00000000e+00,  2.22044605e-16,  0.00000000e+00,
        0.00000000e+00,  0.00000000e+00,  0.00000000e+00,  0.00000000e+00,
        0.00000000e+00, -2.22044605e-16, -2.22044605e-16,  1.11022302e-16,
        0.00000000e+00,  0.00000000e+00,  0.00000000e+00,  1.11022302e-16,
        0.00000000e+00, -2.22044605e-16, -2.22044605e-16, -2.22044605e-16,
        1.11022302e-16,  0.00000000e+00,  0.00000000e+00,  3.33066907e-16,
        0.00000000e+00,  0.00000000e+00, -2.22044605e-16,  2.22044605e-16,
        0.00000000e+00,  1.11022302e-16,  0.00000000e+00,  0.00000000e+00,
       -4.44089210e-16, -2.22044605e-16, -2.22044605e-16,  0.00000000e+00,
        0.00000000e+00,  0.00000000e+00,  1.11022302e-16, -2.22044605e-16,
        0.00000000e+00])}
         accs  y_pred (s)  y_true (s)
54     [2, 7]   14.540039      19.499
4    [43, 42]   22.760475      26.335
3    [43, 42]   22.760475      27.642
11   [43, 42]   22.760475      18.893
27   [29, 24]   17.127822      65.978
29   [29, 24]   17.127822      45.143
64     [2, 7]   14.540039      30.560
77   [16, 15]   16.883552      12.834
124  [24, 24]   18.762040      45.263
71     [2, 7]   14.540039       9.629
25   [29, 24]   17.127822      19.467
91    [10, 4]   16.506022      14.879
83   [16, 15]   16.883552      24.338
89   [16, 15]   16.883552      11.455
69     [2, 7]   14.540039       9.069
{'mse': 289.71389289079934, 'mae': 11.597297652448358, 'r2-score': -0.18496816462461907, 'max-error': 64.75413771537492, 'explained variance score': 0.06884876346768898, 'layers': ['mbconv1', 'mbconv6']}
