environment: line 5: __conda_exe: command not found
Using device: cuda
Using model: efficientnetB7
Number of videos: 64
Execution type : naive
Using 2 features
Job ID : 30
Plotting ?  yes
Calculate accumulators ?  no
The directory contains : 65 videos
Number of videos in the directory : 65
Number of videos in the dataframe : 64
['conv1', 'mbconv1', 'mbconv2', 'mbconv3', 'mbconv4', 'mbconv5', 'mbconv6', 'mbconv7', 'conv2', 'pool', 'output']
{'conv1': {'T_max': 395.51620042324066, 'T_min': 239.28720539808273, 'tau': 100, 'alpha': 50}, 'mbconv1': {'T_max': 1298.5398244857788, 'T_min': 929.1751428842545, 'tau': 100, 'alpha': 50}, 'mbconv2': {'T_max': 1391.3383300304413, 'T_min': 1003.122047662735, 'tau': 100, 'alpha': 50}, 'mbconv3': {'T_max': 776.5638054609299, 'T_min': 488.0033164024353, 'tau': 100, 'alpha': 50}, 'mbconv4': {'T_max': 372.1466582119465, 'T_min': 220.11169669032097, 'tau': 100, 'alpha': 50}, 'mbconv5': {'T_max': 456.8904039859772, 'T_min': 244.3836663365364, 'tau': 100, 'alpha': 50}, 'mbconv6': {'T_max': 290.0942441225052, 'T_min': 148.01406832039356, 'tau': 100, 'alpha': 50}, 'mbconv7': {'T_max': 172.54942694306374, 'T_min': 86.22373071312904, 'tau': 100, 'alpha': 50}, 'conv2': {'T_max': 75.42317940294743, 'T_min': 36.623642422258854, 'tau': 100, 'alpha': 50}, 'pool': {'T_max': 3.77721415925771, 'T_min': 1.8366734338924289, 'tau': 100, 'alpha': 50}, 'output': {'T_max': 11.04102703742683, 'T_min': 5.27929691132158, 'tau': 100, 'alpha': 50}}
Iterating over following combinations of layers :  [['conv1'], ['mbconv1'], ['mbconv2'], ['mbconv3'], ['mbconv4'], ['mbconv5'], ['mbconv6'], ['mbconv7'], ['conv2'], ['pool'], ['output'], ['conv1', 'mbconv1'], ['conv1', 'mbconv2'], ['conv1', 'mbconv3'], ['conv1', 'mbconv4'], ['conv1', 'mbconv5'], ['conv1', 'mbconv6'], ['conv1', 'mbconv7'], ['conv1', 'conv2'], ['conv1', 'pool'], ['conv1', 'output'], ['mbconv1', 'mbconv2'], ['mbconv1', 'mbconv3'], ['mbconv1', 'mbconv4'], ['mbconv1', 'mbconv5'], ['mbconv1', 'mbconv6'], ['mbconv1', 'mbconv7'], ['mbconv1', 'conv2'], ['mbconv1', 'pool'], ['mbconv1', 'output'], ['mbconv2', 'mbconv3'], ['mbconv2', 'mbconv4'], ['mbconv2', 'mbconv5'], ['mbconv2', 'mbconv6'], ['mbconv2', 'mbconv7'], ['mbconv2', 'conv2'], ['mbconv2', 'pool'], ['mbconv2', 'output'], ['mbconv3', 'mbconv4'], ['mbconv3', 'mbconv5'], ['mbconv3', 'mbconv6'], ['mbconv3', 'mbconv7'], ['mbconv3', 'conv2'], ['mbconv3', 'pool'], ['mbconv3', 'output'], ['mbconv4', 'mbconv5'], ['mbconv4', 'mbconv6'], ['mbconv4', 'mbconv7'], ['mbconv4', 'conv2'], ['mbconv4', 'pool'], ['mbconv4', 'output'], ['mbconv5', 'mbconv6'], ['mbconv5', 'mbconv7'], ['mbconv5', 'conv2'], ['mbconv5', 'pool'], ['mbconv5', 'output'], ['mbconv6', 'mbconv7'], ['mbconv6', 'conv2'], ['mbconv6', 'pool'], ['mbconv6', 'output'], ['mbconv7', 'conv2'], ['mbconv7', 'pool'], ['mbconv7', 'output'], ['conv2', 'pool'], ['conv2', 'output'], ['pool', 'output']]
[['mbconv2', 'mbconv3']]
Generating the training set for videos : 
TRAINING SET : contains 962 samples, 37 patients based on 56 videos
TEST SET : contains 127 samples, 37 patients based on 8 videos
Dataset constituted.
--------------------NAIVE IMPLEMENTATION-------------------
Number of folds : 53
Grid search.
The best parameters are : {'C': 10.0}
Metrics obtained during CV : 
{'r2': array([-1.77918247e-01, -1.81882369e-01, -1.14561666e-02, -3.03142711e-01,
       -8.51745411e-05, -1.40275706e-01, -5.74937904e-02, -2.37679522e-02,
       -1.28001712e-01, -3.36611422e-02, -9.63397291e-02, -4.02790618e-01,
       -5.86292253e-01, -2.10429194e-01, -3.78124173e-01, -1.20959522e-03,
       -8.54916449e-03, -1.95826496e+00, -1.48497664e-02, -1.94235255e-01,
       -9.56481423e-02, -8.96459273e-01, -1.65638335e-01, -6.70061917e-02,
       -8.90153619e-03, -1.69722456e-02, -1.52947298e-04, -1.75310906e-01,
       -2.71546679e-01, -6.27260697e-02, -1.23791754e-01, -2.02799229e-01,
       -6.18646361e-01, -4.38866581e-03, -2.38018707e-01, -6.10241402e-01,
       -3.70454984e-02, -6.73180358e-02, -4.54875687e-02, -1.91432990e-02,
       -1.54572290e-02, -4.41617403e-01, -6.35448294e-01, -1.19672717e-01,
       -2.15545547e-01, -4.33123742e-02, -1.24172263e-01, -2.55199482e-01,
       -2.48316748e-01, -7.47108851e-01, -2.68335332e-02, -8.97783770e-02,
       -6.14580399e-02]), 'neg_mean_absolute_error': array([ -8.95220576, -11.66940843,  -8.61387635, -11.06767729,
        -9.60811696,  -6.34813834,  -8.00339681,  -6.11110778,
        -7.36682839,  -7.74162041,  -7.77288787, -13.12651945,
       -15.92919661, -13.78788646,  -8.65792552,  -7.73527967,
       -13.36913012,  -8.15562508,  -8.72604966,  -9.85285478,
        -9.17311111, -14.98589733,  -8.47367187, -10.63555556,
        -7.69847174,  -9.95715982,  -8.79002128, -15.22141825,
       -10.49969278, -10.25894444, -11.77731983, -11.23631705,
       -13.28550361,  -8.39520445, -11.68725971, -12.66827628,
        -9.44361111,  -6.68854604,  -6.29986536,  -7.23333498,
        -7.57626804, -13.2434413 , -14.36411544,  -8.82955195,
       -20.23946398,  -7.92704893,  -9.62240572,  -6.10567509,
        -9.20909011, -18.03721671,  -8.22022214, -14.0574375 ,
       -10.09619513]), 'neg_mean_squared_error': array([-131.37010238, -225.57697022,  -96.08483023, -229.38744488,
       -127.98162398,  -52.62320607, -134.79425995,  -95.07973588,
        -73.6031755 ,  -80.35414504, -102.13751901, -289.31143903,
       -478.95985078, -308.57894323, -100.44950656,  -81.82882913,
       -252.41002581,  -83.32952146,  -97.15735803, -220.58148   ,
       -158.4305496 , -411.26593582, -126.3830783 , -208.66102585,
       -114.82437861, -245.91557018, -139.02414734, -458.00986309,
       -239.54375567, -155.4541606 , -220.43214887, -222.76754488,
       -351.63442619, -116.60320444, -175.82934966, -305.73358653,
       -170.32260872,  -79.25979914,  -66.78052146, -109.4607623 ,
        -81.80028911, -327.56798688, -400.58147039, -173.82810016,
       -715.42525398, -106.92674533, -147.65833501,  -54.71658256,
       -220.54248318, -543.19969637, -122.06489613, -330.33194445,
       -247.73863804]), 'max_error': array([-34.65900604, -36.81058674, -16.59846989, -37.69128947,
       -24.55075556, -13.35081905, -31.09148686, -33.96499045,
       -15.66360867, -17.30273738, -24.99328983, -32.43340993,
       -64.60079414, -39.05656856, -18.12957039, -17.6271046 ,
       -32.74152766, -13.59379177, -23.68055307, -47.5103465 ,
       -34.3172991 , -49.28017933, -25.28654686, -44.45299522,
       -32.25008478, -45.10268721, -30.31180849, -57.88376423,
       -36.64923498, -30.15105097, -32.87037848, -36.85428447,
       -49.35925813, -25.430432  , -25.60116868, -49.51924664,
       -37.70246877, -25.52758568, -17.91655293, -33.70551485,
       -19.54552192, -52.24386791, -51.0772078 , -42.48873376,
       -68.80308791, -25.7098318 , -31.96289721, -13.40093193,
       -51.15707599, -48.54340935, -34.49777642, -41.14709193,
       -51.98521949]), 'explained_variance': array([-2.22044605e-16,  0.00000000e+00,  1.11022302e-16,  1.11022302e-16,
        0.00000000e+00,  0.00000000e+00,  0.00000000e+00,  0.00000000e+00,
        0.00000000e+00,  3.33066907e-16,  1.11022302e-16,  0.00000000e+00,
        0.00000000e+00,  0.00000000e+00,  2.22044605e-16,  0.00000000e+00,
        0.00000000e+00,  0.00000000e+00,  0.00000000e+00,  0.00000000e+00,
        2.22044605e-16, -2.22044605e-16,  0.00000000e+00, -2.22044605e-16,
       -2.22044605e-16,  0.00000000e+00,  0.00000000e+00,  0.00000000e+00,
        1.11022302e-16,  0.00000000e+00, -2.22044605e-16,  0.00000000e+00,
        0.00000000e+00,  0.00000000e+00,  0.00000000e+00,  3.33066907e-16,
        0.00000000e+00,  0.00000000e+00,  0.00000000e+00,  2.22044605e-16,
        0.00000000e+00,  0.00000000e+00, -2.22044605e-16,  0.00000000e+00,
       -2.22044605e-16, -2.22044605e-16,  0.00000000e+00,  0.00000000e+00,
       -2.22044605e-16, -2.22044605e-16, -2.22044605e-16, -2.22044605e-16,
        0.00000000e+00])}
         accs  y_pred (s)  y_true (s)
54   [10, 11]   17.672929      19.499
4    [52, 46]   22.942073      26.335
3    [52, 46]   22.942073      27.642
11   [52, 46]   22.942073      18.893
27   [29, 28]   19.794653      65.978
29   [29, 28]   19.794653      45.143
64   [10, 11]   17.672929      30.560
77   [16, 15]   16.756929      12.834
124  [26, 24]   16.991352      45.263
71   [10, 11]   17.672929       9.629
25   [29, 28]   19.794653      19.467
91     [2, 3]   15.373001      14.879
83   [16, 15]   16.756929      24.338
89   [16, 15]   16.756929      11.455
69   [10, 11]   17.672929       9.069
{'mse': 288.66726524272474, 'mae': 11.616565442357995, 'r2-score': -0.1806873190261935, 'max-error': 65.70793637167073, 'explained variance score': 0.05351033788466919, 'layers': ['mbconv2', 'mbconv3']}
