environment: line 5: __conda_exe: command not found
Using device: cuda
Using model: efficientnetB7
Number of videos: 64
Execution type : naive
Using 2 features
Job ID : 12
Plotting ?  yes
Calculate accumulators ?  no
The directory contains : 65 videos
Number of videos in the directory : 65
Number of videos in the dataframe : 64
['conv1', 'mbconv1', 'mbconv2', 'mbconv3', 'mbconv4', 'mbconv5', 'mbconv6', 'mbconv7', 'conv2', 'pool', 'output']
{'conv1': {'T_max': 395.51620042324066, 'T_min': 239.28720539808273, 'tau': 100, 'alpha': 50}, 'mbconv1': {'T_max': 1298.5398244857788, 'T_min': 929.1751428842545, 'tau': 100, 'alpha': 50}, 'mbconv2': {'T_max': 1391.3383300304413, 'T_min': 1003.122047662735, 'tau': 100, 'alpha': 50}, 'mbconv3': {'T_max': 776.5638054609299, 'T_min': 488.0033164024353, 'tau': 100, 'alpha': 50}, 'mbconv4': {'T_max': 372.1466582119465, 'T_min': 220.11169669032097, 'tau': 100, 'alpha': 50}, 'mbconv5': {'T_max': 456.8904039859772, 'T_min': 244.3836663365364, 'tau': 100, 'alpha': 50}, 'mbconv6': {'T_max': 290.0942441225052, 'T_min': 148.01406832039356, 'tau': 100, 'alpha': 50}, 'mbconv7': {'T_max': 172.54942694306374, 'T_min': 86.22373071312904, 'tau': 100, 'alpha': 50}, 'conv2': {'T_max': 75.42317940294743, 'T_min': 36.623642422258854, 'tau': 100, 'alpha': 50}, 'pool': {'T_max': 3.77721415925771, 'T_min': 1.8366734338924289, 'tau': 100, 'alpha': 50}, 'output': {'T_max': 11.04102703742683, 'T_min': 5.27929691132158, 'tau': 100, 'alpha': 50}}
Iterating over following combinations of layers :  [['conv1'], ['mbconv1'], ['mbconv2'], ['mbconv3'], ['mbconv4'], ['mbconv5'], ['mbconv6'], ['mbconv7'], ['conv2'], ['pool'], ['output'], ['conv1', 'mbconv1'], ['conv1', 'mbconv2'], ['conv1', 'mbconv3'], ['conv1', 'mbconv4'], ['conv1', 'mbconv5'], ['conv1', 'mbconv6'], ['conv1', 'mbconv7'], ['conv1', 'conv2'], ['conv1', 'pool'], ['conv1', 'output'], ['mbconv1', 'mbconv2'], ['mbconv1', 'mbconv3'], ['mbconv1', 'mbconv4'], ['mbconv1', 'mbconv5'], ['mbconv1', 'mbconv6'], ['mbconv1', 'mbconv7'], ['mbconv1', 'conv2'], ['mbconv1', 'pool'], ['mbconv1', 'output'], ['mbconv2', 'mbconv3'], ['mbconv2', 'mbconv4'], ['mbconv2', 'mbconv5'], ['mbconv2', 'mbconv6'], ['mbconv2', 'mbconv7'], ['mbconv2', 'conv2'], ['mbconv2', 'pool'], ['mbconv2', 'output'], ['mbconv3', 'mbconv4'], ['mbconv3', 'mbconv5'], ['mbconv3', 'mbconv6'], ['mbconv3', 'mbconv7'], ['mbconv3', 'conv2'], ['mbconv3', 'pool'], ['mbconv3', 'output'], ['mbconv4', 'mbconv5'], ['mbconv4', 'mbconv6'], ['mbconv4', 'mbconv7'], ['mbconv4', 'conv2'], ['mbconv4', 'pool'], ['mbconv4', 'output'], ['mbconv5', 'mbconv6'], ['mbconv5', 'mbconv7'], ['mbconv5', 'conv2'], ['mbconv5', 'pool'], ['mbconv5', 'output'], ['mbconv6', 'mbconv7'], ['mbconv6', 'conv2'], ['mbconv6', 'pool'], ['mbconv6', 'output'], ['mbconv7', 'conv2'], ['mbconv7', 'pool'], ['mbconv7', 'output'], ['conv2', 'pool'], ['conv2', 'output'], ['pool', 'output']]
[['conv1', 'mbconv2']]
Generating the training set for videos : 
TRAINING SET : contains 962 samples, 37 patients based on 56 videos
TEST SET : contains 127 samples, 37 patients based on 8 videos
Dataset constituted.
--------------------NAIVE IMPLEMENTATION-------------------
Number of folds : 53
Grid search.
The best parameters are : {'C': 1}
Metrics obtained during CV : 
{'r2': array([-2.52416129e-01, -4.50301746e-03, -2.20505841e-02, -6.83677453e-02,
       -6.39677741e-03, -4.27640776e-02, -8.61229548e-02, -5.64042991e-02,
       -1.16307816e-01, -6.31853776e-03, -1.11595846e-01, -4.87283698e-01,
       -1.07769481e-01, -1.99020597e-01, -2.18782490e-01, -5.26793271e-02,
       -1.72033678e-02, -6.75135049e-01, -4.56787781e-04, -8.51167995e-02,
       -1.83401715e-02, -7.38110992e-01, -2.05927708e-02, -2.29417254e-01,
       -3.36546536e-02, -4.07637464e-02, -4.41703867e-03, -6.60886498e-01,
       -1.43004045e-01, -1.41443001e-02, -1.63805817e-01, -5.97176536e-01,
       -6.66547108e-01, -4.83371045e-02, -2.52975818e-01, -3.91616459e-01,
       -8.09834952e-02, -8.84060956e-03, -2.61666086e-01, -2.88173210e-02,
       -6.27705844e-05, -4.99449761e-01, -7.53619161e-01, -6.63769592e-02,
       -5.72715069e-01, -1.82047016e-03, -1.67292060e-01, -1.22228526e-01,
       -3.40149015e-01, -4.28375273e-01, -1.60628348e-04, -2.81426208e-01,
       -7.45566612e-02]), 'neg_mean_absolute_error': array([ -9.62425297, -11.18851265,  -8.72021939, -10.9400262 ,
        -9.34254653,  -5.80837023,  -8.00494221,  -6.08705359,
        -7.32510993,  -7.59686507,  -7.80896609, -13.46195932,
       -13.41865295, -13.73490927,  -7.82632001,  -7.47512004,
       -13.33690748,  -5.98003902,  -8.88176635,  -9.52688889,
        -9.17311111, -14.24275982,  -8.30084204, -10.84013219,
        -8.11649948,  -9.67217957,  -8.71915895, -18.11609544,
       -10.48122222, -10.25894444, -11.90619011, -12.98988747,
       -13.48125537,  -9.3147036 , -11.72723709, -11.71666897,
        -9.44361111,  -7.17289916,  -7.6299924 ,  -7.26948945,
        -7.11193117, -13.52599051, -14.98111127,  -8.68733584,
       -22.54071819,  -7.82852268,  -9.66058526,  -5.69840903,
        -9.67380526, -16.36163702,  -8.10703418, -14.46125425,
       -10.00016481]), 'neg_mean_squared_error': array([-139.67865381, -191.72191171,  -97.09126318, -188.06086637,
       -128.78932437,  -48.12308868, -138.44349843,  -98.11075012,
        -72.84013777,  -78.22860166, -103.55881379, -306.73728589,
       -334.47626324, -305.67050968,  -88.83531842,  -86.03544872,
       -254.57591694,  -47.18583495,  -95.77943607, -200.42673223,
       -147.25182915, -376.92654606, -110.65666959, -240.42172152,
       -117.64156266, -251.66862834, -139.61686835, -647.23503663,
       -215.32790446, -148.34768374, -228.28092138, -295.809215  ,
       -362.04037518, -121.70534165, -177.95363014, -264.2236689 ,
       -177.53891142,  -74.91722373,  -80.5889249 , -110.49979755,
        -80.56018651, -340.70880292, -429.52586425, -165.55398559,
       -925.64205471, -102.67433314, -153.32205551,  -48.9201204 ,
       -236.7666636 , -444.10112966, -118.894153  , -388.42394015,
       -250.7957863 ]), 'max_error': array([-33.80774623, -31.84575323, -16.19436632, -33.85550222,
       -25.55992319, -14.49032952, -31.69763399, -34.76801824,
       -15.79878227, -18.21952123, -25.22178525, -33.34388958,
       -57.00013533, -38.85525523, -19.38608362, -15.23771921,
       -33.35375794, -10.52763793, -22.27910288, -45.48570346,
       -32.22682525, -47.98896768, -22.5429608 , -47.53118969,
       -31.29950117, -46.21644192, -30.94956948, -65.66646474,
       -34.68728419, -28.56034962, -33.61110548, -41.24239745,
       -49.79969958, -23.77533352, -25.78106689, -47.37813019,
       -38.88283115, -22.48146919, -15.83915527, -34.03090506,
       -20.59027987, -52.87960364, -52.18780029, -41.38852259,
       -75.8994879 , -24.03488551, -32.61194938, -14.4280093 ,
       -52.28566992, -44.84316587, -32.57358112, -45.16653403,
       -52.36934076]), 'explained_variance': array([-2.22044605e-16,  0.00000000e+00,  1.11022302e-16,  0.00000000e+00,
        0.00000000e+00,  0.00000000e+00,  0.00000000e+00,  0.00000000e+00,
        0.00000000e+00,  3.33066907e-16,  1.11022302e-16,  0.00000000e+00,
        0.00000000e+00,  0.00000000e+00,  2.22044605e-16,  0.00000000e+00,
        2.22044605e-16,  0.00000000e+00,  0.00000000e+00,  0.00000000e+00,
        2.22044605e-16, -2.22044605e-16, -2.22044605e-16, -2.22044605e-16,
        0.00000000e+00,  0.00000000e+00,  0.00000000e+00,  1.11022302e-16,
        0.00000000e+00, -2.22044605e-16, -2.22044605e-16,  0.00000000e+00,
        1.11022302e-16,  0.00000000e+00,  0.00000000e+00,  3.33066907e-16,
        0.00000000e+00,  0.00000000e+00, -4.44089210e-16,  0.00000000e+00,
        0.00000000e+00,  1.11022302e-16, -2.22044605e-16,  0.00000000e+00,
        0.00000000e+00, -2.22044605e-16,  0.00000000e+00,  0.00000000e+00,
        1.11022302e-16,  0.00000000e+00,  2.22044605e-16, -2.22044605e-16,
        0.00000000e+00])}
         accs  y_pred (s)  y_true (s)
54    [2, 10]   15.792140      19.499
4    [29, 52]   22.718443      26.335
3    [29, 52]   22.718443      27.642
11   [29, 52]   22.718443      18.893
27   [28, 29]   17.695141      65.978
29   [28, 29]   17.695141      45.143
64    [2, 10]   15.792140      30.560
77   [14, 16]   18.565387      12.834
124  [22, 26]   17.936005      45.263
71    [2, 10]   15.792140       9.629
25   [28, 29]   17.695141      19.467
91    [12, 2]   16.954338      14.879
83   [14, 16]   18.565387      24.338
89   [14, 16]   18.565387      11.455
69    [2, 10]   15.792140       9.069
{'mse': 285.5707347711882, 'mae': 11.603657922918162, 'r2-score': -0.16802209958176761, 'max-error': 63.154945027730946, 'explained variance score': 0.044542809961756746, 'layers': ['conv1', 'mbconv2']}
