environment: line 5: __conda_exe: command not found
Using device: cuda
Using model: efficientnetB7
Number of videos: 64
Execution type : naive
Using 2 features
Job ID : 37
Plotting ?  yes
Calculate accumulators ?  no
The directory contains : 65 videos
Number of videos in the directory : 65
Number of videos in the dataframe : 64
['conv1', 'mbconv1', 'mbconv2', 'mbconv3', 'mbconv4', 'mbconv5', 'mbconv6', 'mbconv7', 'conv2', 'pool', 'output']
{'conv1': {'T_max': 395.51620042324066, 'T_min': 239.28720539808273, 'tau': 100, 'alpha': 50}, 'mbconv1': {'T_max': 1298.5398244857788, 'T_min': 929.1751428842545, 'tau': 100, 'alpha': 50}, 'mbconv2': {'T_max': 1391.3383300304413, 'T_min': 1003.122047662735, 'tau': 100, 'alpha': 50}, 'mbconv3': {'T_max': 776.5638054609299, 'T_min': 488.0033164024353, 'tau': 100, 'alpha': 50}, 'mbconv4': {'T_max': 372.1466582119465, 'T_min': 220.11169669032097, 'tau': 100, 'alpha': 50}, 'mbconv5': {'T_max': 456.8904039859772, 'T_min': 244.3836663365364, 'tau': 100, 'alpha': 50}, 'mbconv6': {'T_max': 290.0942441225052, 'T_min': 148.01406832039356, 'tau': 100, 'alpha': 50}, 'mbconv7': {'T_max': 172.54942694306374, 'T_min': 86.22373071312904, 'tau': 100, 'alpha': 50}, 'conv2': {'T_max': 75.42317940294743, 'T_min': 36.623642422258854, 'tau': 100, 'alpha': 50}, 'pool': {'T_max': 3.77721415925771, 'T_min': 1.8366734338924289, 'tau': 100, 'alpha': 50}, 'output': {'T_max': 11.04102703742683, 'T_min': 5.27929691132158, 'tau': 100, 'alpha': 50}}
Iterating over following combinations of layers :  [['conv1'], ['mbconv1'], ['mbconv2'], ['mbconv3'], ['mbconv4'], ['mbconv5'], ['mbconv6'], ['mbconv7'], ['conv2'], ['pool'], ['output'], ['conv1', 'mbconv1'], ['conv1', 'mbconv2'], ['conv1', 'mbconv3'], ['conv1', 'mbconv4'], ['conv1', 'mbconv5'], ['conv1', 'mbconv6'], ['conv1', 'mbconv7'], ['conv1', 'conv2'], ['conv1', 'pool'], ['conv1', 'output'], ['mbconv1', 'mbconv2'], ['mbconv1', 'mbconv3'], ['mbconv1', 'mbconv4'], ['mbconv1', 'mbconv5'], ['mbconv1', 'mbconv6'], ['mbconv1', 'mbconv7'], ['mbconv1', 'conv2'], ['mbconv1', 'pool'], ['mbconv1', 'output'], ['mbconv2', 'mbconv3'], ['mbconv2', 'mbconv4'], ['mbconv2', 'mbconv5'], ['mbconv2', 'mbconv6'], ['mbconv2', 'mbconv7'], ['mbconv2', 'conv2'], ['mbconv2', 'pool'], ['mbconv2', 'output'], ['mbconv3', 'mbconv4'], ['mbconv3', 'mbconv5'], ['mbconv3', 'mbconv6'], ['mbconv3', 'mbconv7'], ['mbconv3', 'conv2'], ['mbconv3', 'pool'], ['mbconv3', 'output'], ['mbconv4', 'mbconv5'], ['mbconv4', 'mbconv6'], ['mbconv4', 'mbconv7'], ['mbconv4', 'conv2'], ['mbconv4', 'pool'], ['mbconv4', 'output'], ['mbconv5', 'mbconv6'], ['mbconv5', 'mbconv7'], ['mbconv5', 'conv2'], ['mbconv5', 'pool'], ['mbconv5', 'output'], ['mbconv6', 'mbconv7'], ['mbconv6', 'conv2'], ['mbconv6', 'pool'], ['mbconv6', 'output'], ['mbconv7', 'conv2'], ['mbconv7', 'pool'], ['mbconv7', 'output'], ['conv2', 'pool'], ['conv2', 'output'], ['pool', 'output']]
[['mbconv2', 'output']]
Generating the training set for videos : 
TRAINING SET : contains 962 samples, 37 patients based on 56 videos
TEST SET : contains 127 samples, 37 patients based on 8 videos
Dataset constituted.
--------------------NAIVE IMPLEMENTATION-------------------
Number of folds : 53
Grid search.
The best parameters are : {'C': 1}
Metrics obtained during CV : 
{'r2': array([-2.90985388e-01, -1.61814538e-01, -1.53016113e-01, -5.18291287e-02,
       -3.43372738e-02, -5.65622309e-02, -6.66112107e-02, -3.94094677e-02,
       -2.60264734e-02, -7.18496135e-03, -1.37873431e-01, -5.19621105e-01,
       -3.73550843e-01, -2.13762270e-01, -3.28458716e-01, -1.10916679e-01,
       -1.76752930e-02, -7.68993493e-01, -4.54142959e-02, -2.00334785e-01,
       -8.20736140e-02, -6.08946410e-01, -5.31747070e-02, -3.68199899e-01,
       -6.41470137e-02, -1.01100140e-01, -1.10166117e-02, -6.57669722e-01,
       -1.85465608e-01, -2.10617966e-02, -2.01675426e-01, -5.84233986e-01,
       -6.07846065e-01, -2.85174049e-03, -3.35872374e-01, -1.96562036e-01,
       -1.03815876e-02, -3.81441261e-02, -1.76435878e-02, -5.53731406e-02,
       -1.77915597e-03, -4.58557571e-01, -7.55641529e-01, -8.10423542e-02,
       -4.98973651e-01, -5.36735417e-02, -1.42716648e-01, -1.40069735e-01,
       -2.66778566e-01, -7.04261389e-01, -7.52913701e-04, -4.10087482e-01,
       -6.85577346e-02]), 'neg_mean_absolute_error': array([ -9.93290437, -11.61658692,  -9.70591255, -10.96363685,
       -10.21670951,  -5.90823257,  -7.9837242 ,  -6.06728362,
        -6.94308905,  -7.60420849,  -7.86574075, -13.58254141,
       -14.83620771, -13.80309133,  -8.41372529,  -7.60555247,
       -13.33541969,  -6.14473554,  -8.62684969,  -9.87359242,
        -9.17311111, -13.73215102,  -8.26959434, -11.1833252 ,
        -8.50381173,  -9.46480647,  -8.66872516, -18.09871601,
       -10.48122222, -10.25894444, -12.04423187, -12.92622729,
       -13.24033054,  -8.31831325, -11.93003961, -10.7511382 ,
       -10.19637023,  -6.74997131,  -6.05216134,  -7.34498076,
        -7.24858337, -13.32802792, -14.99123214,  -8.72477385,
       -22.13315505,  -7.94107864,  -9.63952787,  -5.74976714,
        -9.30865777, -17.80242558,  -8.11384737, -14.77485165,
       -10.04299971]), 'neg_mean_squared_error': array([-143.98018121, -221.74677471, -109.53253452, -185.14963419,
       -132.36488992,  -48.7598672 , -135.95641896,  -96.53240018,
        -66.94919501,  -78.29595519, -106.00689377, -313.40655036,
       -414.72541101, -309.42865593,  -96.82946217,  -90.7951857 ,
       -254.69402586,  -49.82967493, -100.08347482, -221.70809506,
       -156.46767494, -348.91592998, -114.18933086, -267.56170377,
       -121.1119373 , -266.25866143, -140.53422806, -645.98148301,
       -223.32714056, -149.35956595, -235.70905866, -293.41215635,
       -349.28817201, -116.42477708, -189.72699631, -227.18904273,
       -165.94337285,  -77.09332379,  -65.0019871 , -113.35201693,
        -80.69845016, -331.41717507, -430.02121663, -167.83077389,
       -882.2405775 , -107.98863814, -150.09411209,  -49.69785333,
       -223.80416744, -529.87784276, -118.96456096, -427.42354754,
       -249.39566888]), 'max_error': array([-33.4167878 , -36.47605049, -16.1179265 , -33.40689981,
       -22.55893133, -14.27950902, -31.29824029, -34.39238884,
       -17.25046162, -18.17301287, -25.58135806, -33.67118383,
       -61.91599236, -39.11434704, -18.48647842, -16.00816563,
       -33.3820258 , -10.82090683, -24.57335283, -47.6036659 ,
       -34.04330528, -46.8287864 , -23.44984909, -49.31864226,
       -30.55463888, -48.02124181, -31.40347357, -65.62736103,
       -35.40784816, -28.87719134, -34.23229343, -41.12780912,
       -49.25761872, -25.56883615, -26.69367822, -44.86424792,
       -33.93005598, -24.97475818, -18.55951598, -34.71032688,
       -20.28281242, -52.43418781, -52.20601785, -41.72546468,
       -74.67679848, -25.94833686, -32.25397382, -14.26527981,
       -51.39888315, -48.09991499, -32.41259475, -47.0796566 ,
       -52.19800114]), 'explained_variance': array([-2.22044605e-16,  0.00000000e+00,  1.11022302e-16,  3.33066907e-16,
        0.00000000e+00,  0.00000000e+00,  2.22044605e-16,  0.00000000e+00,
       -2.22044605e-16,  3.33066907e-16,  1.11022302e-16,  0.00000000e+00,
        0.00000000e+00,  0.00000000e+00,  2.22044605e-16,  0.00000000e+00,
        0.00000000e+00,  0.00000000e+00,  0.00000000e+00,  0.00000000e+00,
        0.00000000e+00,  1.11022302e-16, -2.22044605e-16,  1.11022302e-16,
        0.00000000e+00,  0.00000000e+00,  0.00000000e+00,  0.00000000e+00,
        0.00000000e+00, -2.22044605e-16, -2.22044605e-16,  0.00000000e+00,
        0.00000000e+00,  0.00000000e+00,  0.00000000e+00,  3.33066907e-16,
        0.00000000e+00,  0.00000000e+00,  0.00000000e+00,  0.00000000e+00,
        0.00000000e+00,  0.00000000e+00, -2.22044605e-16,  0.00000000e+00,
       -2.22044605e-16, -2.22044605e-16,  0.00000000e+00,  0.00000000e+00,
        0.00000000e+00, -2.22044605e-16,  0.00000000e+00, -2.22044605e-16,
       -2.22044605e-16])}
         accs  y_pred (s)  y_true (s)
54    [10, 7]   15.773065      19.499
4    [52, 29]   22.515005      26.335
3    [52, 29]   22.515005      27.642
11   [52, 29]   22.515005      18.893
27   [29, 23]   19.158275      65.978
29   [29, 23]   19.158275      45.143
64    [10, 7]   15.773065      30.560
77   [16, 17]   17.626188      12.834
124  [26, 26]   19.602951      45.263
71    [10, 7]   15.773065       9.629
25   [29, 23]   19.158275      19.467
91     [2, 6]   15.345584      14.879
83   [16, 17]   17.626188      24.338
89   [16, 17]   17.626188      11.455
69    [10, 7]   15.773065       9.069
{'mse': 281.54317524091385, 'mae': 11.49451105997785, 'r2-score': -0.15154884806840485, 'max-error': 64.65069124051082, 'explained variance score': 0.06966040051576727, 'layers': ['mbconv2', 'output']}
