environment: line 5: __conda_exe: command not found
Using device: cuda
Using model: efficientnetB7
Number of videos: 64
Execution type : naive
Using 2 features
Job ID : 29
Plotting ?  yes
Calculate accumulators ?  no
The directory contains : 65 videos
Number of videos in the directory : 65
Number of videos in the dataframe : 64
['conv1', 'mbconv1', 'mbconv2', 'mbconv3', 'mbconv4', 'mbconv5', 'mbconv6', 'mbconv7', 'conv2', 'pool', 'output']
{'conv1': {'T_max': 395.51620042324066, 'T_min': 239.28720539808273, 'tau': 100, 'alpha': 50}, 'mbconv1': {'T_max': 1298.5398244857788, 'T_min': 929.1751428842545, 'tau': 100, 'alpha': 50}, 'mbconv2': {'T_max': 1391.3383300304413, 'T_min': 1003.122047662735, 'tau': 100, 'alpha': 50}, 'mbconv3': {'T_max': 776.5638054609299, 'T_min': 488.0033164024353, 'tau': 100, 'alpha': 50}, 'mbconv4': {'T_max': 372.1466582119465, 'T_min': 220.11169669032097, 'tau': 100, 'alpha': 50}, 'mbconv5': {'T_max': 456.8904039859772, 'T_min': 244.3836663365364, 'tau': 100, 'alpha': 50}, 'mbconv6': {'T_max': 290.0942441225052, 'T_min': 148.01406832039356, 'tau': 100, 'alpha': 50}, 'mbconv7': {'T_max': 172.54942694306374, 'T_min': 86.22373071312904, 'tau': 100, 'alpha': 50}, 'conv2': {'T_max': 75.42317940294743, 'T_min': 36.623642422258854, 'tau': 100, 'alpha': 50}, 'pool': {'T_max': 3.77721415925771, 'T_min': 1.8366734338924289, 'tau': 100, 'alpha': 50}, 'output': {'T_max': 11.04102703742683, 'T_min': 5.27929691132158, 'tau': 100, 'alpha': 50}}
Iterating over following combinations of layers :  [['conv1'], ['mbconv1'], ['mbconv2'], ['mbconv3'], ['mbconv4'], ['mbconv5'], ['mbconv6'], ['mbconv7'], ['conv2'], ['pool'], ['output'], ['conv1', 'mbconv1'], ['conv1', 'mbconv2'], ['conv1', 'mbconv3'], ['conv1', 'mbconv4'], ['conv1', 'mbconv5'], ['conv1', 'mbconv6'], ['conv1', 'mbconv7'], ['conv1', 'conv2'], ['conv1', 'pool'], ['conv1', 'output'], ['mbconv1', 'mbconv2'], ['mbconv1', 'mbconv3'], ['mbconv1', 'mbconv4'], ['mbconv1', 'mbconv5'], ['mbconv1', 'mbconv6'], ['mbconv1', 'mbconv7'], ['mbconv1', 'conv2'], ['mbconv1', 'pool'], ['mbconv1', 'output'], ['mbconv2', 'mbconv3'], ['mbconv2', 'mbconv4'], ['mbconv2', 'mbconv5'], ['mbconv2', 'mbconv6'], ['mbconv2', 'mbconv7'], ['mbconv2', 'conv2'], ['mbconv2', 'pool'], ['mbconv2', 'output'], ['mbconv3', 'mbconv4'], ['mbconv3', 'mbconv5'], ['mbconv3', 'mbconv6'], ['mbconv3', 'mbconv7'], ['mbconv3', 'conv2'], ['mbconv3', 'pool'], ['mbconv3', 'output'], ['mbconv4', 'mbconv5'], ['mbconv4', 'mbconv6'], ['mbconv4', 'mbconv7'], ['mbconv4', 'conv2'], ['mbconv4', 'pool'], ['mbconv4', 'output'], ['mbconv5', 'mbconv6'], ['mbconv5', 'mbconv7'], ['mbconv5', 'conv2'], ['mbconv5', 'pool'], ['mbconv5', 'output'], ['mbconv6', 'mbconv7'], ['mbconv6', 'conv2'], ['mbconv6', 'pool'], ['mbconv6', 'output'], ['mbconv7', 'conv2'], ['mbconv7', 'pool'], ['mbconv7', 'output'], ['conv2', 'pool'], ['conv2', 'output'], ['pool', 'output']]
[['mbconv1', 'output']]
Generating the training set for videos : 
TRAINING SET : contains 962 samples, 37 patients based on 56 videos
TEST SET : contains 127 samples, 37 patients based on 8 videos
Dataset constituted.
--------------------NAIVE IMPLEMENTATION-------------------
Number of folds : 53
Grid search.
The best parameters are : {'C': 1}
Metrics obtained during CV : 
{'r2': array([-0.19882084, -0.05813589, -0.21514137, -0.01174532, -0.03372299,
       -0.06059559, -0.07742186, -0.03893811, -0.03131257, -0.01717836,
       -0.14220158, -0.49384637, -0.35996331, -0.22985936, -0.32048997,
       -0.03498476, -0.01555932, -0.61660703, -0.02848522, -0.22419629,
       -0.04844862, -0.53765872, -0.05816048, -0.44569098, -0.09266638,
       -0.08185882, -0.01665773, -0.57899593, -0.13130078, -0.01781102,
       -0.21959947, -0.45953396, -0.6892682 , -0.04166205, -0.27773727,
       -0.12755005, -0.03233211, -0.00548715, -0.06417189, -0.04154047,
       -0.00185327, -0.44162205, -0.71248346, -0.12189534, -0.45762465,
       -0.05109886, -0.14153855, -0.16166279, -0.29900581, -0.6741346 ,
       -0.00904634, -0.56405168, -0.06429212]), 'neg_mean_absolute_error': array([ -9.15305053, -11.26506482, -10.04137335, -11.04693177,
       -10.20977025,  -5.93504912,  -7.99393721,  -6.06667965,
        -6.97630657,  -7.66866743,  -7.8745543 , -13.48674699,
       -14.76438823, -13.87490834,  -8.37286536,  -7.46803877,
       -13.34225679,  -5.88847133,  -8.67504432,  -9.95183207,
        -9.17311111, -13.53471402,  -8.28182162, -11.5144259 ,
        -8.80690183,  -9.51984184,  -8.661     , -17.65959168,
       -10.48122222, -10.25894444, -12.10501997, -12.36061342,
       -13.57164454,  -9.22046   , -11.79090478, -10.5812016 ,
       -10.52923805,  -6.86604849,  -6.44210335,  -7.30870787,
        -7.25205212, -13.24346474, -14.77222065,  -8.83840592,
       -21.89135189,  -7.93772894,  -9.63847451,  -5.82538403,
        -9.47453695, -17.63303468,  -8.18974868, -15.49687192,
       -10.07460994]), 'neg_mean_squared_error': array([-133.70131348, -201.95841296, -115.43421845, -178.09382762,
       -132.2862793 ,  -48.94600477, -137.33440605,  -96.48862372,
        -67.29411757,  -79.07281582, -106.41011426, -308.09077116,
       -410.62283727, -313.53234302,  -96.24863138,  -84.5892727 ,
       -254.16445972,  -45.5371957 ,  -98.46275733, -226.11543996,
       -151.60550613, -333.45648986, -114.72990738, -282.715663  ,
       -124.35776308, -261.60588872, -141.31836009, -615.32289444,
       -213.12315262, -148.88404646, -239.22486582, -270.31676583,
       -366.97630142, -120.93040948, -181.47037049, -214.08586397,
       -169.54848933,  -74.66819345,  -67.97398233, -111.8663235 ,
        -80.70442041, -327.56904381, -419.45021835, -174.1731607 ,
       -857.90408165, -107.72476448, -149.93937095,  -50.63913651,
       -229.49781558, -520.5110192 , -119.95044228, -474.09293929,
       -248.40009722]), 'max_error': array([-34.40460266, -34.24974383, -16.82612151, -31.82429635,
       -22.57776646, -14.2228963 , -31.525807  , -34.38091334,
       -17.12423503, -17.76477292, -25.63717722, -33.4111704 ,
       -61.72105377, -39.38725169, -18.54619678, -15.62173662,
       -33.2521209 , -10.33432836, -24.13960109, -47.95574433,
       -33.24515462, -46.1352131 , -23.55989461, -50.16896662,
       -30.0090767 , -47.52592341, -31.68766779, -64.63933128,
       -34.47036368, -28.73606098, -34.50583986, -39.95113019,
       -50.00307523, -23.944972  , -26.06757149, -43.6763144 ,
       -32.93145251, -23.93006359, -17.59651746, -34.38387084,
       -20.27500773, -52.24392067, -51.81179717, -42.52857664,
       -73.95138899, -25.89139202, -32.23606673, -14.08163879,
       -51.80173259, -47.77995439, -31.67475748, -49.00615845,
       -52.07156026]), 'explained_variance': array([-2.22044605e-16,  0.00000000e+00,  1.11022302e-16,  1.11022302e-16,
        0.00000000e+00,  0.00000000e+00,  2.22044605e-16, -2.22044605e-16,
        0.00000000e+00,  3.33066907e-16,  1.11022302e-16, -2.22044605e-16,
        0.00000000e+00,  0.00000000e+00,  2.22044605e-16,  0.00000000e+00,
        0.00000000e+00,  0.00000000e+00,  0.00000000e+00,  0.00000000e+00,
        2.22044605e-16,  1.11022302e-16, -2.22044605e-16,  0.00000000e+00,
        0.00000000e+00, -2.22044605e-16,  0.00000000e+00,  1.11022302e-16,
        0.00000000e+00, -2.22044605e-16, -2.22044605e-16,  0.00000000e+00,
        2.22044605e-16,  0.00000000e+00,  0.00000000e+00,  3.33066907e-16,
        0.00000000e+00,  0.00000000e+00,  0.00000000e+00,  2.22044605e-16,
        0.00000000e+00,  0.00000000e+00,  0.00000000e+00,  0.00000000e+00,
       -4.44089210e-16, -2.22044605e-16,  0.00000000e+00,  0.00000000e+00,
        1.11022302e-16, -2.22044605e-16,  0.00000000e+00, -2.22044605e-16,
        0.00000000e+00])}
         accs  y_pred (s)  y_true (s)
54     [2, 7]   14.542600      19.499
4    [43, 29]   22.301943      26.335
3    [43, 29]   22.301943      27.642
11   [43, 29]   22.301943      18.893
27   [29, 23]   18.764392      65.978
29   [29, 23]   18.764392      45.143
64     [2, 7]   14.542600      30.560
77   [16, 17]   18.686591      12.834
124  [24, 26]   19.524901      45.263
71     [2, 7]   14.542600       9.629
25   [29, 23]   18.764392      19.467
91    [10, 6]   15.936662      14.879
83   [16, 17]   18.686591      24.338
89   [16, 17]   18.686591      11.455
69     [2, 7]   14.542600       9.069
{'mse': 283.48297512884693, 'mae': 11.555153842401994, 'r2-score': -0.1594828863363229, 'max-error': 64.70624830344197, 'explained variance score': 0.06411524152293113, 'layers': ['mbconv1', 'output']}
