environment: line 5: __conda_exe: command not found
Using device: cuda
Using model: efficientnetB7
Number of videos: 64
Execution type : naive
Using 2 features
Job ID : 60
Plotting ?  yes
Calculate accumulators ?  no
The directory contains : 65 videos
Number of videos in the directory : 65
Number of videos in the dataframe : 64
['conv1', 'mbconv1', 'mbconv2', 'mbconv3', 'mbconv4', 'mbconv5', 'mbconv6', 'mbconv7', 'conv2', 'pool', 'output']
{'conv1': {'T_max': 395.51620042324066, 'T_min': 239.28720539808273, 'tau': 100, 'alpha': 50}, 'mbconv1': {'T_max': 1298.5398244857788, 'T_min': 929.1751428842545, 'tau': 100, 'alpha': 50}, 'mbconv2': {'T_max': 1391.3383300304413, 'T_min': 1003.122047662735, 'tau': 100, 'alpha': 50}, 'mbconv3': {'T_max': 776.5638054609299, 'T_min': 488.0033164024353, 'tau': 100, 'alpha': 50}, 'mbconv4': {'T_max': 372.1466582119465, 'T_min': 220.11169669032097, 'tau': 100, 'alpha': 50}, 'mbconv5': {'T_max': 456.8904039859772, 'T_min': 244.3836663365364, 'tau': 100, 'alpha': 50}, 'mbconv6': {'T_max': 290.0942441225052, 'T_min': 148.01406832039356, 'tau': 100, 'alpha': 50}, 'mbconv7': {'T_max': 172.54942694306374, 'T_min': 86.22373071312904, 'tau': 100, 'alpha': 50}, 'conv2': {'T_max': 75.42317940294743, 'T_min': 36.623642422258854, 'tau': 100, 'alpha': 50}, 'pool': {'T_max': 3.77721415925771, 'T_min': 1.8366734338924289, 'tau': 100, 'alpha': 50}, 'output': {'T_max': 11.04102703742683, 'T_min': 5.27929691132158, 'tau': 100, 'alpha': 50}}
Iterating over following combinations of layers :  [['conv1'], ['mbconv1'], ['mbconv2'], ['mbconv3'], ['mbconv4'], ['mbconv5'], ['mbconv6'], ['mbconv7'], ['conv2'], ['pool'], ['output'], ['conv1', 'mbconv1'], ['conv1', 'mbconv2'], ['conv1', 'mbconv3'], ['conv1', 'mbconv4'], ['conv1', 'mbconv5'], ['conv1', 'mbconv6'], ['conv1', 'mbconv7'], ['conv1', 'conv2'], ['conv1', 'pool'], ['conv1', 'output'], ['mbconv1', 'mbconv2'], ['mbconv1', 'mbconv3'], ['mbconv1', 'mbconv4'], ['mbconv1', 'mbconv5'], ['mbconv1', 'mbconv6'], ['mbconv1', 'mbconv7'], ['mbconv1', 'conv2'], ['mbconv1', 'pool'], ['mbconv1', 'output'], ['mbconv2', 'mbconv3'], ['mbconv2', 'mbconv4'], ['mbconv2', 'mbconv5'], ['mbconv2', 'mbconv6'], ['mbconv2', 'mbconv7'], ['mbconv2', 'conv2'], ['mbconv2', 'pool'], ['mbconv2', 'output'], ['mbconv3', 'mbconv4'], ['mbconv3', 'mbconv5'], ['mbconv3', 'mbconv6'], ['mbconv3', 'mbconv7'], ['mbconv3', 'conv2'], ['mbconv3', 'pool'], ['mbconv3', 'output'], ['mbconv4', 'mbconv5'], ['mbconv4', 'mbconv6'], ['mbconv4', 'mbconv7'], ['mbconv4', 'conv2'], ['mbconv4', 'pool'], ['mbconv4', 'output'], ['mbconv5', 'mbconv6'], ['mbconv5', 'mbconv7'], ['mbconv5', 'conv2'], ['mbconv5', 'pool'], ['mbconv5', 'output'], ['mbconv6', 'mbconv7'], ['mbconv6', 'conv2'], ['mbconv6', 'pool'], ['mbconv6', 'output'], ['mbconv7', 'conv2'], ['mbconv7', 'pool'], ['mbconv7', 'output'], ['conv2', 'pool'], ['conv2', 'output'], ['pool', 'output']]
[['mbconv7', 'conv2']]
Generating the training set for videos : 
TRAINING SET : contains 962 samples, 37 patients based on 56 videos
TEST SET : contains 127 samples, 37 patients based on 8 videos
Dataset constituted.
--------------------NAIVE IMPLEMENTATION-------------------
Number of folds : 53
Grid search.
The best parameters are : {'C': 10.0}
Metrics obtained during CV : 
{'r2': array([-7.76417109e-02, -1.24013031e-01, -2.45370352e-01, -4.80904620e-03,
       -9.21675777e-02, -6.49617855e-02, -1.33196826e-02, -5.63843057e-02,
       -9.24089745e-02, -3.04731487e-02, -6.54410317e-02, -4.78378717e-01,
       -4.40480138e-01, -3.92887071e-01, -1.18970138e-01, -2.18595364e-01,
       -6.67784980e-04, -1.47890514e+00, -1.79995449e-02, -7.33021452e-02,
       -2.28019301e-02, -7.69332054e-01, -4.48891445e-02, -2.77703475e-01,
       -4.09785097e-02, -1.62806383e-01, -2.02657985e-03, -5.24932185e-01,
       -3.82274152e-01, -4.28046734e-02, -3.44616545e-01, -2.77104718e-01,
       -3.64889775e-01, -1.99078626e-01, -1.26189563e-01, -1.66304546e-01,
       -6.14211973e-02, -7.03163290e-03, -6.83917105e-02, -1.64564764e-02,
       -1.85433905e-03, -5.91944896e-01, -5.26567762e-01, -2.60428989e-01,
       -3.23942246e-01, -9.39316431e-04, -1.67277528e-01, -4.78042854e-02,
       -1.62939266e-01, -8.82874280e-01, -7.58977865e-02, -1.58677951e-01,
       -9.53650965e-02]), 'neg_mean_absolute_error': array([ -7.758622  , -11.50728551, -10.18687411, -11.07418497,
       -10.70970191,  -5.9630909 ,  -8.22510005,  -6.08703224,
        -7.24634947,  -7.72922462,  -7.68971965, -13.42805611,
       -15.17229423, -14.49412201,  -7.34359558,  -8.07147333,
       -13.49489821,  -7.3876832 ,  -8.71267455,  -9.52688889,
        -9.17311111, -14.38987335,  -8.24792922, -10.92987524,
        -8.20648936,  -9.52719576,  -8.74724949, -17.34026916,
       -10.98161012, -10.34601926, -12.57802926, -11.5814212 ,
       -12.09013537, -10.70827686, -11.33598751, -10.65876821,
        -9.44361111,  -7.14658754,  -6.47121757,  -7.22173174,
        -7.25210165, -13.99192439, -13.74244262,  -9.49881792,
       -21.02347651,  -7.82136545,  -9.66057328,  -5.5265185 ,
        -8.80187767, -18.79004758,  -8.29185224, -14.17365316,
        -9.86357946]), 'neg_mean_squared_error': array([-120.18652589, -214.53188627, -118.30586711, -176.87286106,
       -139.76547579,  -49.14750283, -129.1635733 ,  -98.10889329,
        -71.28071581,  -80.10631867,  -99.25892562, -304.90072312,
       -434.93382162, -355.09356704,  -81.56013833,  -99.5957613 ,
       -250.43754963,  -69.82673365,  -97.45890429, -198.24450396,
       -147.89699875, -383.69714185, -113.29097768, -249.86445237,
       -118.47510013, -281.1799397 , -139.28458767, -594.25465874,
       -260.40344986, -152.54008516, -263.74700943, -236.52948535,
       -296.50839389, -139.20548384, -159.94683867, -221.44410861,
       -174.32603252,  -74.78288783,  -68.24352358, -109.17218497,
        -80.70450654, -361.72578356, -373.91262137, -195.68037441,
       -779.22355094, -102.58402567, -153.32014672,  -45.67582324,
       -205.45868172, -585.4109985 , -127.8974121 , -351.21667744,
       -255.65236398]), 'max_error': array([-36.1708788 , -35.78380821, -17.13328979, -31.30648562,
       -21.2208091 , -14.16369698, -29.68736634, -34.76761256,
       -16.09807202, -17.38124406, -24.46655781, -33.25186659,
       -62.8282272 , -41.74026363, -20.43466915, -17.22411036,
       -30.86997799, -12.62106539, -23.80092901, -45.20024389,
       -32.41414046, -48.25377203, -23.25486298, -48.20243859,
       -31.09702393, -49.35126187, -30.6967546 , -63.92085562,
       -37.98309822, -24.61966331, -36.16444083, -37.88959692,
       -46.66967957, -21.33675138, -24.0204438 , -44.37441392,
       -38.41194954, -22.56910609, -17.53101047, -33.60108568,
       -20.2748963 , -53.82416389, -49.95819672, -44.53695376,
       -71.34776286, -23.91321273, -32.61174577, -15.29272853,
       -49.89892033, -49.87043716, -35.71548803, -42.86572527,
       -52.91568214]), 'explained_variance': array([-2.22044605e-16,  0.00000000e+00,  1.11022302e-16,  1.11022302e-16,
        0.00000000e+00,  0.00000000e+00,  0.00000000e+00,  0.00000000e+00,
        0.00000000e+00,  3.33066907e-16,  0.00000000e+00,  0.00000000e+00,
       -2.22044605e-16,  0.00000000e+00,  2.22044605e-16,  0.00000000e+00,
        2.22044605e-16,  0.00000000e+00,  0.00000000e+00,  0.00000000e+00,
        0.00000000e+00, -2.22044605e-16, -2.22044605e-16, -2.22044605e-16,
        0.00000000e+00,  0.00000000e+00,  0.00000000e+00,  0.00000000e+00,
       -2.22044605e-16,  0.00000000e+00,  0.00000000e+00,  0.00000000e+00,
        0.00000000e+00,  0.00000000e+00,  0.00000000e+00,  0.00000000e+00,
       -2.22044605e-16,  0.00000000e+00,  0.00000000e+00,  2.22044605e-16,
        0.00000000e+00,  0.00000000e+00, -2.22044605e-16,  0.00000000e+00,
        0.00000000e+00, -2.22044605e-16, -2.22044605e-16,  0.00000000e+00,
        0.00000000e+00,  0.00000000e+00, -2.22044605e-16,  0.00000000e+00,
       -2.22044605e-16])}
         accs  y_pred (s)  y_true (s)
54     [2, 4]   15.918992      19.499
4    [41, 35]   25.669482      26.335
3    [41, 35]   25.669482      27.642
11   [41, 35]   25.669482      18.893
27   [19, 20]   15.783400      65.978
29   [19, 20]   15.783400      45.143
64     [2, 4]   15.918992      30.560
77   [14, 15]   15.318276      12.834
124  [23, 23]   19.643544      45.263
71     [2, 4]   15.918992       9.629
25   [19, 20]   15.783400      19.467
91     [5, 4]   16.037854      14.879
83   [14, 15]   15.318276      24.338
89   [14, 15]   15.318276      11.455
69     [2, 4]   15.918992       9.069
{'mse': 283.4089093819431, 'mae': 11.458482427174339, 'r2-score': -0.1591799476291229, 'max-error': 63.27154585203294, 'explained variance score': 0.06771591036301305, 'layers': ['mbconv7', 'conv2']}
