environment: line 5: __conda_exe: command not found
Using device: cuda
Using model: efficientnetB7
Number of videos: 64
Execution type : naive
Using 2 features
Job ID : 9
Plotting ?  yes
Calculate accumulators ?  no
The directory contains : 65 videos
Number of videos in the directory : 65
Number of videos in the dataframe : 64
['conv1', 'mbconv1', 'mbconv2', 'mbconv3', 'mbconv4', 'mbconv5', 'mbconv6', 'mbconv7', 'conv2', 'pool', 'output']
{'conv1': {'T_max': 395.51620042324066, 'T_min': 239.28720539808273, 'tau': 100, 'alpha': 50}, 'mbconv1': {'T_max': 1298.5398244857788, 'T_min': 929.1751428842545, 'tau': 100, 'alpha': 50}, 'mbconv2': {'T_max': 1391.3383300304413, 'T_min': 1003.122047662735, 'tau': 100, 'alpha': 50}, 'mbconv3': {'T_max': 776.5638054609299, 'T_min': 488.0033164024353, 'tau': 100, 'alpha': 50}, 'mbconv4': {'T_max': 372.1466582119465, 'T_min': 220.11169669032097, 'tau': 100, 'alpha': 50}, 'mbconv5': {'T_max': 456.8904039859772, 'T_min': 244.3836663365364, 'tau': 100, 'alpha': 50}, 'mbconv6': {'T_max': 290.0942441225052, 'T_min': 148.01406832039356, 'tau': 100, 'alpha': 50}, 'mbconv7': {'T_max': 172.54942694306374, 'T_min': 86.22373071312904, 'tau': 100, 'alpha': 50}, 'conv2': {'T_max': 75.42317940294743, 'T_min': 36.623642422258854, 'tau': 100, 'alpha': 50}, 'pool': {'T_max': 3.77721415925771, 'T_min': 1.8366734338924289, 'tau': 100, 'alpha': 50}, 'output': {'T_max': 11.04102703742683, 'T_min': 5.27929691132158, 'tau': 100, 'alpha': 50}}
Iterating over following combinations of layers :  [['conv1'], ['mbconv1'], ['mbconv2'], ['mbconv3'], ['mbconv4'], ['mbconv5'], ['mbconv6'], ['mbconv7'], ['conv2'], ['pool'], ['output'], ['conv1', 'mbconv1'], ['conv1', 'mbconv2'], ['conv1', 'mbconv3'], ['conv1', 'mbconv4'], ['conv1', 'mbconv5'], ['conv1', 'mbconv6'], ['conv1', 'mbconv7'], ['conv1', 'conv2'], ['conv1', 'pool'], ['conv1', 'output'], ['mbconv1', 'mbconv2'], ['mbconv1', 'mbconv3'], ['mbconv1', 'mbconv4'], ['mbconv1', 'mbconv5'], ['mbconv1', 'mbconv6'], ['mbconv1', 'mbconv7'], ['mbconv1', 'conv2'], ['mbconv1', 'pool'], ['mbconv1', 'output'], ['mbconv2', 'mbconv3'], ['mbconv2', 'mbconv4'], ['mbconv2', 'mbconv5'], ['mbconv2', 'mbconv6'], ['mbconv2', 'mbconv7'], ['mbconv2', 'conv2'], ['mbconv2', 'pool'], ['mbconv2', 'output'], ['mbconv3', 'mbconv4'], ['mbconv3', 'mbconv5'], ['mbconv3', 'mbconv6'], ['mbconv3', 'mbconv7'], ['mbconv3', 'conv2'], ['mbconv3', 'pool'], ['mbconv3', 'output'], ['mbconv4', 'mbconv5'], ['mbconv4', 'mbconv6'], ['mbconv4', 'mbconv7'], ['mbconv4', 'conv2'], ['mbconv4', 'pool'], ['mbconv4', 'output'], ['mbconv5', 'mbconv6'], ['mbconv5', 'mbconv7'], ['mbconv5', 'conv2'], ['mbconv5', 'pool'], ['mbconv5', 'output'], ['mbconv6', 'mbconv7'], ['mbconv6', 'conv2'], ['mbconv6', 'pool'], ['mbconv6', 'output'], ['mbconv7', 'conv2'], ['mbconv7', 'pool'], ['mbconv7', 'output'], ['conv2', 'pool'], ['conv2', 'output'], ['pool', 'output']]
[['pool']]
Generating the training set for videos : 
TRAINING SET : contains 962 samples, 37 patients based on 56 videos
TEST SET : contains 127 samples, 37 patients based on 8 videos
Dataset constituted.
--------------------NAIVE IMPLEMENTATION-------------------
Number of folds : 53
Grid search.
The best parameters are : {'C': 1}
Metrics obtained during CV : 
{'r2': array([-1.98212931e-01, -1.38803791e-01, -1.54019260e-01, -3.88704777e-02,
       -3.76713344e-02, -9.19088563e-02, -4.31790101e-02, -2.25593413e-02,
       -7.61789973e-04, -1.88936298e-02, -9.92804837e-02, -4.84476867e-01,
       -3.74949205e-01, -2.10828648e-01, -3.34574715e-01, -8.35480485e-02,
       -1.61981149e-02, -8.91525330e-01, -2.59557448e-02, -1.68568977e-01,
       -5.76872915e-02, -4.87085470e-01, -9.90460482e-02, -4.59639022e-01,
       -9.60578132e-02, -8.42594517e-02, -2.26011588e-02, -6.52012167e-01,
       -1.77376750e-01, -1.84400010e-02, -2.06791876e-01, -6.09857650e-01,
       -5.60173394e-01, -3.08706746e-02, -3.52668066e-01, -2.15680813e-01,
       -8.93386083e-05, -1.20054826e-02, -2.96579431e-02, -3.20197952e-02,
       -8.09838581e-03, -4.01352146e-01, -6.43128804e-01, -1.45298349e-01,
       -4.95716360e-01, -4.25807903e-02, -1.25060749e-01, -1.77603139e-01,
       -2.19560644e-01, -7.00669233e-01, -1.11870047e-04, -5.40896859e-01,
       -6.38291914e-02]), 'neg_mean_absolute_error': array([ -9.14736278, -11.55180487,  -9.7118227 , -10.98493756,
       -10.25333492,  -6.11847919,  -8.06041115,  -6.12117824,
        -6.69973477,  -7.67756024,  -7.78005321, -13.45130679,
       -14.84352435, -13.78971501,  -8.44475008,  -7.54275251,
       -13.34014623,  -6.35147731,  -8.68338043,  -9.76179827,
        -9.17311111, -13.41907416,  -8.36691751, -11.59495862,
        -8.83962023,  -9.51264554,  -8.661     , -18.06804625,
       -10.48122222, -10.25894444, -12.06185024, -13.05159604,
       -13.03596526,  -9.05038586, -11.9865311 , -10.84787467,
        -9.80148825,  -6.8320629 ,  -6.15708712,  -7.28006508,
        -7.43930143, -13.05437257, -14.40587617,  -8.96245163,
       -22.11447949,  -7.92599779,  -9.62325411,  -5.87800815,
        -9.04631529, -17.78242114,  -8.10837914, -15.39517289,
       -10.07810274]), 'neg_mean_squared_error': array([-133.63351473, -217.35488697, -109.62782997, -182.86857026,
       -132.79155207,  -50.39109791, -132.96961546,  -94.96748934,
        -65.30065059,  -79.2061568 , -102.41148644, -306.1584053 ,
       -415.14762798, -308.68077728,  -97.27524859,  -88.55834836,
       -254.32433185,  -53.28119788,  -98.2205967 , -215.84078471,
       -152.94141653, -322.48918074, -119.16288152, -285.44330668,
       -124.74374634, -262.1863895 , -142.14451355, -643.77677625,
       -221.80329923, -148.97605317, -236.71265196, -298.15785354,
       -338.93177007, -119.67759904, -192.11240102, -230.81908997,
       -164.25299118,  -75.15224947,  -65.76940408, -110.84375828,
        -81.20749654, -318.41881233, -402.46270994, -177.80645462,
       -880.32345616, -106.85176693, -147.77503637,  -51.3340073 ,
       -215.46208776, -528.760993  , -118.88835686, -467.07428438,
       -248.29205214]), 'max_error': array([-34.41180714, -36.06576418, -16.13040348, -33.00218634,
       -22.4595195 , -13.83565505, -30.73039607, -33.92672267,
       -18.33067976, -17.70845178, -25.03867033, -33.31497556,
       -61.9358518 , -39.06351706, -18.4411345 , -15.61043259,
       -33.29222163, -11.17800627, -24.06457609, -47.10059223,
       -33.48651153, -45.61483371, -24.3257576 , -50.31392552,
       -29.95018358, -47.59069014, -31.93846335, -65.55835407,
       -35.27751153, -28.76431435, -34.31157607, -41.35347288,
       -48.79779683, -24.25110546, -26.86425998, -45.15445733,
       -35.11470191, -24.23593391, -18.24473863, -34.12608568,
       -19.85369679, -51.77628437, -51.15237711, -42.9278549 ,
       -74.62077181, -25.69196241, -31.9773199 , -13.95383735,
       -50.7617657 , -48.06212882, -32.59644533, -48.73496105,
       -52.05758903]), 'explained_variance': array([-2.22044605e-16,  0.00000000e+00,  1.11022302e-16,  1.11022302e-16,
        0.00000000e+00,  0.00000000e+00,  0.00000000e+00,  0.00000000e+00,
        0.00000000e+00,  3.33066907e-16,  1.11022302e-16,  1.11022302e-16,
        0.00000000e+00,  0.00000000e+00,  2.22044605e-16,  0.00000000e+00,
        0.00000000e+00,  0.00000000e+00,  0.00000000e+00,  0.00000000e+00,
        0.00000000e+00,  0.00000000e+00, -2.22044605e-16, -2.22044605e-16,
        0.00000000e+00,  0.00000000e+00,  0.00000000e+00,  0.00000000e+00,
        0.00000000e+00, -2.22044605e-16, -2.22044605e-16,  0.00000000e+00,
        1.11022302e-16,  0.00000000e+00,  0.00000000e+00,  0.00000000e+00,
       -4.44089210e-16,  0.00000000e+00,  0.00000000e+00,  2.22044605e-16,
        0.00000000e+00,  1.11022302e-16,  0.00000000e+00,  0.00000000e+00,
       -2.22044605e-16,  0.00000000e+00,  0.00000000e+00,  0.00000000e+00,
        0.00000000e+00, -2.22044605e-16,  0.00000000e+00,  0.00000000e+00,
        0.00000000e+00])}
     accs  y_pred (s)  y_true (s)
54    [6]   16.069880      19.499
4    [30]   21.635467      26.335
3    [30]   21.635467      27.642
11   [30]   21.635467      18.893
27   [23]   19.330922      65.978
29   [23]   19.330922      45.143
64    [6]   16.069880      30.560
77   [16]   17.707313      12.834
124  [26]   20.326617      45.263
71    [6]   16.069880       9.629
25   [23]   19.330922      19.467
91    [5]   15.752273      14.879
83   [16]   17.707313      24.338
89   [16]   17.707313      11.455
69    [6]   16.069880       9.069
{'mse': 280.5104780031641, 'mae': 11.497701263602213, 'r2-score': -0.147324979691853, 'max-error': 64.55147633090515, 'explained variance score': 0.06619987261451998, 'layers': ['pool']}
