environment: line 5: __conda_exe: command not found
Using device: cuda
Using model: efficientnetB7
Number of videos: 64
Execution type : naive
Using 2 features
Job ID : 26
Plotting ?  yes
Calculate accumulators ?  no
The directory contains : 65 videos
Number of videos in the directory : 65
Number of videos in the dataframe : 64
['conv1', 'mbconv1', 'mbconv2', 'mbconv3', 'mbconv4', 'mbconv5', 'mbconv6', 'mbconv7', 'conv2', 'pool', 'output']
{'conv1': {'T_max': 395.51620042324066, 'T_min': 239.28720539808273, 'tau': 100, 'alpha': 50}, 'mbconv1': {'T_max': 1298.5398244857788, 'T_min': 929.1751428842545, 'tau': 100, 'alpha': 50}, 'mbconv2': {'T_max': 1391.3383300304413, 'T_min': 1003.122047662735, 'tau': 100, 'alpha': 50}, 'mbconv3': {'T_max': 776.5638054609299, 'T_min': 488.0033164024353, 'tau': 100, 'alpha': 50}, 'mbconv4': {'T_max': 372.1466582119465, 'T_min': 220.11169669032097, 'tau': 100, 'alpha': 50}, 'mbconv5': {'T_max': 456.8904039859772, 'T_min': 244.3836663365364, 'tau': 100, 'alpha': 50}, 'mbconv6': {'T_max': 290.0942441225052, 'T_min': 148.01406832039356, 'tau': 100, 'alpha': 50}, 'mbconv7': {'T_max': 172.54942694306374, 'T_min': 86.22373071312904, 'tau': 100, 'alpha': 50}, 'conv2': {'T_max': 75.42317940294743, 'T_min': 36.623642422258854, 'tau': 100, 'alpha': 50}, 'pool': {'T_max': 3.77721415925771, 'T_min': 1.8366734338924289, 'tau': 100, 'alpha': 50}, 'output': {'T_max': 11.04102703742683, 'T_min': 5.27929691132158, 'tau': 100, 'alpha': 50}}
Iterating over following combinations of layers :  [['conv1'], ['mbconv1'], ['mbconv2'], ['mbconv3'], ['mbconv4'], ['mbconv5'], ['mbconv6'], ['mbconv7'], ['conv2'], ['pool'], ['output'], ['conv1', 'mbconv1'], ['conv1', 'mbconv2'], ['conv1', 'mbconv3'], ['conv1', 'mbconv4'], ['conv1', 'mbconv5'], ['conv1', 'mbconv6'], ['conv1', 'mbconv7'], ['conv1', 'conv2'], ['conv1', 'pool'], ['conv1', 'output'], ['mbconv1', 'mbconv2'], ['mbconv1', 'mbconv3'], ['mbconv1', 'mbconv4'], ['mbconv1', 'mbconv5'], ['mbconv1', 'mbconv6'], ['mbconv1', 'mbconv7'], ['mbconv1', 'conv2'], ['mbconv1', 'pool'], ['mbconv1', 'output'], ['mbconv2', 'mbconv3'], ['mbconv2', 'mbconv4'], ['mbconv2', 'mbconv5'], ['mbconv2', 'mbconv6'], ['mbconv2', 'mbconv7'], ['mbconv2', 'conv2'], ['mbconv2', 'pool'], ['mbconv2', 'output'], ['mbconv3', 'mbconv4'], ['mbconv3', 'mbconv5'], ['mbconv3', 'mbconv6'], ['mbconv3', 'mbconv7'], ['mbconv3', 'conv2'], ['mbconv3', 'pool'], ['mbconv3', 'output'], ['mbconv4', 'mbconv5'], ['mbconv4', 'mbconv6'], ['mbconv4', 'mbconv7'], ['mbconv4', 'conv2'], ['mbconv4', 'pool'], ['mbconv4', 'output'], ['mbconv5', 'mbconv6'], ['mbconv5', 'mbconv7'], ['mbconv5', 'conv2'], ['mbconv5', 'pool'], ['mbconv5', 'output'], ['mbconv6', 'mbconv7'], ['mbconv6', 'conv2'], ['mbconv6', 'pool'], ['mbconv6', 'output'], ['mbconv7', 'conv2'], ['mbconv7', 'pool'], ['mbconv7', 'output'], ['conv2', 'pool'], ['conv2', 'output'], ['pool', 'output']]
[['mbconv1', 'mbconv7']]
Generating the training set for videos : 
TRAINING SET : contains 962 samples, 37 patients based on 56 videos
TEST SET : contains 127 samples, 37 patients based on 8 videos
Dataset constituted.
--------------------NAIVE IMPLEMENTATION-------------------
Number of folds : 53
Grid search.
The best parameters are : {'C': 1}
Metrics obtained during CV : 
{'r2': array([-1.47857907e-01, -6.95591886e-02, -1.90140757e-01, -9.03350814e-03,
       -6.02813303e-02, -8.39146029e-02, -7.81870055e-02, -2.73032025e-02,
       -7.50320426e-02, -1.26544263e-03, -1.07060930e-01, -4.75952442e-01,
       -3.36400765e-01, -3.42258406e-01, -2.23470103e-01, -1.67710332e-02,
       -1.71825524e-02, -5.82622408e-01, -1.96883959e-02, -1.87520559e-01,
       -3.62943009e-02, -6.84708617e-01, -2.73454704e-02, -3.48468993e-01,
       -6.23628111e-02, -1.10342324e-01, -4.80497858e-02, -5.72578624e-01,
       -1.85562006e-01, -7.74101156e-03, -2.54257445e-01, -4.38079203e-01,
       -7.18846657e-01, -4.85257824e-02, -1.05960989e-01, -1.77647956e-02,
       -1.99660256e-04, -1.76953864e-02, -1.48648225e-01, -1.47993598e-02,
       -4.85641926e-03, -4.47850019e-01, -6.42824820e-01, -9.85470582e-02,
       -3.91930778e-01, -2.70122661e-02, -1.33027896e-01, -1.75902405e-01,
       -2.65772564e-01, -7.07960781e-01, -5.64327146e-05, -5.87848532e-01,
       -6.72998682e-02]), 'neg_mean_absolute_error': array([ -8.64138409, -11.31442232,  -9.91310882, -11.0562407 ,
       -10.46768769,  -6.07508721,  -7.99475221,  -6.08710707,
        -7.18243134,  -7.53572764,  -7.79851447, -13.41876417,
       -14.63655209, -14.31857937,  -7.85095636,  -7.50077636,
       -13.33697357,  -5.83889254,  -8.70598528,  -9.82964546,
        -9.17311111, -14.02831041,  -8.2689876 , -11.12670062,
        -8.48278857,  -9.44024449,  -8.661     , -17.62249186,
       -10.48122222, -10.25894444, -12.21589599, -12.26375398,
       -13.68711014,  -9.31726962, -11.2572923 , -10.49816667,
        -9.70074936,  -7.28492475,  -6.96326077,  -7.214097  ,
        -7.35831268, -13.27474791, -14.4042281 ,  -8.76525837,
       -21.4834886 ,  -7.90098824,  -9.63073096,  -5.87250924,
        -9.30332275, -17.82297396,  -8.11998058, -15.59923837,
       -10.05221625]), 'neg_mean_squared_error': array([-128.0175523 , -204.13869223, -113.05924702, -177.61647764,
       -135.68496963,  -50.02216674, -137.43193655,  -95.40806288,
        -70.14685461,  -77.8357871 , -103.13633066, -304.40032837,
       -403.50843897, -342.18662478,  -89.17699181,  -83.10066497,
       -254.57070746,  -44.57990402,  -97.62058764, -219.34124075,
       -149.84799344, -365.3457133 , -111.38882375, -263.70317773,
       -120.90887491, -268.4935275 , -145.68194617, -612.82211905,
       -223.3453008 , -147.41101918, -246.02304014, -266.34318145,
       -373.4019194 , -121.72724596, -157.07387973, -193.24113813,
       -164.27111023,  -75.57478578,  -73.36990866, -108.99420289,
        -80.9463395 , -328.98417768, -402.38825307, -170.54836216,
       -819.23909198, -105.2561838 , -148.82150917,  -51.25986897,
       -223.6264353 , -531.02803361, -118.88176674, -481.30620336,
       -249.10208958]), 'max_error': array([-35.05271349, -34.56234137, -16.55534084, -31.64742676,
       -21.87770484, -13.92726033, -31.54129206, -34.07165525,
       -16.3409609 , -18.60672493, -25.15559163, -33.22664559,
       -61.37406995, -41.07320161, -19.34352992, -16.14191693,
       -33.35250225, -10.21785118, -23.86113244, -47.40590458,
       -32.88921749, -47.52269843, -22.77061162, -49.08815277,
       -30.59248057, -48.24229955, -32.75038754, -64.55585669,
       -35.40938411, -28.18606141, -35.00478194, -39.73319645,
       -50.26287281, -23.77071469, -23.66631534, -40.59173118,
       -35.41691857, -22.14539242, -16.53973061, -33.532373  ,
       -20.03592148, -52.31430781, -51.14941057, -42.08982532,
       -72.72779914, -25.26680012, -32.10442639, -13.96719185,
       -51.38592668, -48.13872859, -32.79366979, -49.27913565,
       -52.161135  ]), 'explained_variance': array([-4.44089210e-16,  0.00000000e+00,  1.11022302e-16,  1.11022302e-16,
        0.00000000e+00,  0.00000000e+00,  0.00000000e+00,  0.00000000e+00,
        0.00000000e+00,  3.33066907e-16,  3.33066907e-16,  0.00000000e+00,
        0.00000000e+00,  0.00000000e+00,  2.22044605e-16,  0.00000000e+00,
        0.00000000e+00,  0.00000000e+00,  0.00000000e+00, -2.22044605e-16,
        2.22044605e-16, -2.22044605e-16, -2.22044605e-16,  1.11022302e-16,
        0.00000000e+00,  0.00000000e+00, -2.22044605e-16,  0.00000000e+00,
        0.00000000e+00, -2.22044605e-16,  0.00000000e+00,  0.00000000e+00,
        0.00000000e+00,  0.00000000e+00,  0.00000000e+00,  3.33066907e-16,
        0.00000000e+00,  0.00000000e+00, -2.22044605e-16,  2.22044605e-16,
        0.00000000e+00,  0.00000000e+00, -2.22044605e-16,  0.00000000e+00,
       -4.44089210e-16, -2.22044605e-16, -2.22044605e-16,  0.00000000e+00,
        0.00000000e+00,  0.00000000e+00,  2.22044605e-16, -2.22044605e-16,
        0.00000000e+00])}
         accs  y_pred (s)  y_true (s)
54     [2, 2]   14.580759      19.499
4    [43, 41]   21.583843      26.335
3    [43, 41]   21.583843      27.642
11   [43, 41]   21.583843      18.893
27   [29, 19]   17.615952      65.978
29   [29, 19]   17.615952      45.143
64     [2, 2]   14.580759      30.560
77   [16, 14]   17.422698      12.834
124  [24, 23]   18.885384      45.263
71     [2, 2]   14.580759       9.629
25   [29, 19]   17.615952      19.467
91    [10, 5]   17.311133      14.879
83   [16, 14]   17.422698      24.338
89   [16, 14]   17.422698      11.455
69     [2, 2]   14.580759       9.069
{'mse': 287.60802301042156, 'mae': 11.610233595753094, 'r2-score': -0.17635487810877337, 'max-error': 63.85071195421456, 'explained variance score': 0.06190624949397272, 'layers': ['mbconv1', 'mbconv7']}
