environment: line 5: __conda_exe: command not found
Using device: cuda
Using model: efficientnetB7
Number of videos: 64
Execution type : naive
Using 2 features
Job ID : 49
Plotting ?  yes
Calculate accumulators ?  no
The directory contains : 65 videos
Number of videos in the directory : 65
Number of videos in the dataframe : 64
['conv1', 'mbconv1', 'mbconv2', 'mbconv3', 'mbconv4', 'mbconv5', 'mbconv6', 'mbconv7', 'conv2', 'pool', 'output']
{'conv1': {'T_max': 395.51620042324066, 'T_min': 239.28720539808273, 'tau': 100, 'alpha': 50}, 'mbconv1': {'T_max': 1298.5398244857788, 'T_min': 929.1751428842545, 'tau': 100, 'alpha': 50}, 'mbconv2': {'T_max': 1391.3383300304413, 'T_min': 1003.122047662735, 'tau': 100, 'alpha': 50}, 'mbconv3': {'T_max': 776.5638054609299, 'T_min': 488.0033164024353, 'tau': 100, 'alpha': 50}, 'mbconv4': {'T_max': 372.1466582119465, 'T_min': 220.11169669032097, 'tau': 100, 'alpha': 50}, 'mbconv5': {'T_max': 456.8904039859772, 'T_min': 244.3836663365364, 'tau': 100, 'alpha': 50}, 'mbconv6': {'T_max': 290.0942441225052, 'T_min': 148.01406832039356, 'tau': 100, 'alpha': 50}, 'mbconv7': {'T_max': 172.54942694306374, 'T_min': 86.22373071312904, 'tau': 100, 'alpha': 50}, 'conv2': {'T_max': 75.42317940294743, 'T_min': 36.623642422258854, 'tau': 100, 'alpha': 50}, 'pool': {'T_max': 3.77721415925771, 'T_min': 1.8366734338924289, 'tau': 100, 'alpha': 50}, 'output': {'T_max': 11.04102703742683, 'T_min': 5.27929691132158, 'tau': 100, 'alpha': 50}}
Iterating over following combinations of layers :  [['conv1'], ['mbconv1'], ['mbconv2'], ['mbconv3'], ['mbconv4'], ['mbconv5'], ['mbconv6'], ['mbconv7'], ['conv2'], ['pool'], ['output'], ['conv1', 'mbconv1'], ['conv1', 'mbconv2'], ['conv1', 'mbconv3'], ['conv1', 'mbconv4'], ['conv1', 'mbconv5'], ['conv1', 'mbconv6'], ['conv1', 'mbconv7'], ['conv1', 'conv2'], ['conv1', 'pool'], ['conv1', 'output'], ['mbconv1', 'mbconv2'], ['mbconv1', 'mbconv3'], ['mbconv1', 'mbconv4'], ['mbconv1', 'mbconv5'], ['mbconv1', 'mbconv6'], ['mbconv1', 'mbconv7'], ['mbconv1', 'conv2'], ['mbconv1', 'pool'], ['mbconv1', 'output'], ['mbconv2', 'mbconv3'], ['mbconv2', 'mbconv4'], ['mbconv2', 'mbconv5'], ['mbconv2', 'mbconv6'], ['mbconv2', 'mbconv7'], ['mbconv2', 'conv2'], ['mbconv2', 'pool'], ['mbconv2', 'output'], ['mbconv3', 'mbconv4'], ['mbconv3', 'mbconv5'], ['mbconv3', 'mbconv6'], ['mbconv3', 'mbconv7'], ['mbconv3', 'conv2'], ['mbconv3', 'pool'], ['mbconv3', 'output'], ['mbconv4', 'mbconv5'], ['mbconv4', 'mbconv6'], ['mbconv4', 'mbconv7'], ['mbconv4', 'conv2'], ['mbconv4', 'pool'], ['mbconv4', 'output'], ['mbconv5', 'mbconv6'], ['mbconv5', 'mbconv7'], ['mbconv5', 'conv2'], ['mbconv5', 'pool'], ['mbconv5', 'output'], ['mbconv6', 'mbconv7'], ['mbconv6', 'conv2'], ['mbconv6', 'pool'], ['mbconv6', 'output'], ['mbconv7', 'conv2'], ['mbconv7', 'pool'], ['mbconv7', 'output'], ['conv2', 'pool'], ['conv2', 'output'], ['pool', 'output']]
[['mbconv4', 'pool']]
Generating the training set for videos : 
TRAINING SET : contains 962 samples, 37 patients based on 56 videos
TEST SET : contains 127 samples, 37 patients based on 8 videos
Dataset constituted.
--------------------NAIVE IMPLEMENTATION-------------------
Number of folds : 53
Grid search.
The best parameters are : {'C': 1}
Metrics obtained during CV : 
{'r2': array([-0.27502475, -0.1784261 , -0.04156738, -0.11205614, -0.0426307 ,
       -0.07188968, -0.05036405, -0.0346725 , -0.04917443, -0.00397506,
       -0.12595194, -0.54645431, -0.44486849, -0.1796945 , -0.2583902 ,
       -0.14271303, -0.00707548, -0.86942991, -0.02669978, -0.20986505,
       -0.09070076, -0.73359968, -0.02358033, -0.32923542, -0.10234589,
       -0.10939912, -0.00232727, -0.5304756 , -0.24492357, -0.00702907,
       -0.21804359, -0.45852107, -0.61125642, -0.02118654, -0.50355107,
       -0.32139799, -0.01054763, -0.03484311, -0.01020671, -0.04890635,
       -0.00306458, -0.42338566, -0.6893162 , -0.13825576, -0.30355058,
       -0.05954278, -0.13799316, -0.16113287, -0.26340699, -0.79813792,
       -0.01348251, -0.14907708, -0.06513617]), 'neg_mean_absolute_error': array([ -9.80782243, -11.66052688,  -8.90896036, -10.88885864,
       -10.30493555,  -6.00571677,  -8.03077689,  -6.07106676,
        -7.07153859,  -7.5739767 ,  -7.84072255, -13.67977779,
       -15.19340639, -13.64157432,  -8.03524581,  -7.69662255,
       -13.37607907,  -6.31529955,  -8.68088776,  -9.90537203,
        -9.17311111, -14.22124717,  -8.28264646, -11.07535618,
        -8.89879034,  -9.44270279,  -8.86941875, -17.37374506,
       -10.48122222, -10.25894444, -12.09984408, -12.35609213,
       -13.25463764,  -8.8699426 , -12.44636338, -11.35612421,
        -9.44361111,  -6.7582461 ,  -5.96744175,  -7.32866705,
        -7.30115288, -13.15057208, -14.65191496,  -8.92360743,
       -20.87625678,  -7.94842623,  -9.63527778,  -5.823591  ,
        -9.29073771, -18.30822112,  -8.18963271, -14.14701759,
       -10.0682738 ]), 'neg_mean_squared_error': array([-142.2001338 , -224.91729731,  -98.94529142, -195.75117533,
       -133.42620579,  -49.46722185, -133.88546252,  -96.09246682,
        -68.45962079,  -78.04642577, -104.89626027, -318.94062831,
       -436.25882478, -300.74363937,  -91.72226778,  -93.39390071,
       -252.04120707,  -52.65880569,  -98.29182792, -223.46838471,
       -157.71515828, -375.94822411, -110.98059246, -259.941908  ,
       -125.4593999 , -268.26544903, -139.32638515, -596.414886  ,
       -234.5282891 , -147.30687709, -238.91967876, -270.12917008,
       -350.02903574, -118.55333214, -213.54152769, -250.89141664,
       -165.97064263,  -76.84818823,  -64.52695637, -112.65745282,
        -80.80199775, -323.42532296, -413.77570197, -176.71309921,
       -767.22176658, -108.59016296, -149.47368853,  -50.61603608,
       -223.20850429, -559.065323  , -120.47779233, -348.30647683,
       -248.59709312]), 'max_error': array([-33.57522493, -36.75433692, -15.65453618, -34.82768586,
       -22.31946064, -14.07370904, -30.91807969, -34.27373147,
       -16.76235334, -18.36448093, -25.42290948, -33.93511114,
       -62.88553163, -38.50058243, -19.03964073, -16.41256567,
       -32.60949766, -11.11551741, -24.08701012, -47.74667416,
       -34.21984062, -47.95024491, -22.64768182, -48.85710283,
       -29.84367739, -48.22017493, -29.59723122, -63.99617639,
       -36.28957525, -28.1359478 , -34.48254838, -39.9409573 ,
       -49.28980968, -24.57590332, -28.24375679, -46.56690448,
       -36.55201123, -24.90028508, -18.81367474, -34.56350345,
       -20.16453103, -52.03491218, -51.59524692, -42.8113223 ,
       -70.90610366, -26.07324596, -32.18172224, -14.08599329,
       -51.35536301, -49.05530655, -33.97775603, -42.6526407 ,
       -52.0969048 ]), 'explained_variance': array([-2.22044605e-16,  0.00000000e+00,  1.11022302e-16,  1.11022302e-16,
        2.22044605e-16,  0.00000000e+00,  0.00000000e+00,  0.00000000e+00,
        0.00000000e+00,  3.33066907e-16,  1.11022302e-16,  0.00000000e+00,
        2.22044605e-16,  1.11022302e-16,  2.22044605e-16,  0.00000000e+00,
        0.00000000e+00,  0.00000000e+00,  0.00000000e+00,  0.00000000e+00,
        0.00000000e+00, -2.22044605e-16, -2.22044605e-16, -2.22044605e-16,
        0.00000000e+00, -2.22044605e-16,  0.00000000e+00,  0.00000000e+00,
        1.11022302e-16, -2.22044605e-16,  0.00000000e+00,  0.00000000e+00,
        1.11022302e-16,  0.00000000e+00,  0.00000000e+00,  3.33066907e-16,
        0.00000000e+00,  0.00000000e+00,  0.00000000e+00,  2.22044605e-16,
        0.00000000e+00,  0.00000000e+00,  0.00000000e+00,  0.00000000e+00,
       -2.22044605e-16,  0.00000000e+00,  0.00000000e+00,  0.00000000e+00,
        0.00000000e+00, -2.22044605e-16,  0.00000000e+00,  0.00000000e+00,
       -2.22044605e-16])}
         accs  y_pred (s)  y_true (s)
54     [9, 6]   15.712474      19.499
4    [43, 30]   24.028011      26.335
3    [43, 30]   24.028011      27.642
11   [43, 30]   24.028011      18.893
27   [26, 23]   20.050620      65.978
29   [26, 23]   20.050620      45.143
64     [9, 6]   15.712474      30.560
77   [14, 16]   16.727516      12.834
124  [23, 26]   19.358664      45.263
71     [9, 6]   15.712474       9.629
25   [26, 23]   20.050620      19.467
91     [2, 5]   15.153226      14.879
83   [14, 16]   16.727516      24.338
89   [14, 16]   16.727516      11.455
69     [9, 6]   15.712474       9.069
{'mse': 276.05765719344436, 'mae': 11.357124924567946, 'r2-score': -0.1291123532635967, 'max-error': 65.04821333146867, 'explained variance score': 0.08672704002979215, 'layers': ['mbconv4', 'pool']}
