environment: line 5: __conda_exe: command not found
Using device: cuda
Using model: efficientnetB7
Number of videos: 64
Execution type : naive
Using 2 features
Job ID : 28
Plotting ?  yes
Calculate accumulators ?  no
The directory contains : 65 videos
Number of videos in the directory : 65
Number of videos in the dataframe : 64
['conv1', 'mbconv1', 'mbconv2', 'mbconv3', 'mbconv4', 'mbconv5', 'mbconv6', 'mbconv7', 'conv2', 'pool', 'output']
{'conv1': {'T_max': 395.51620042324066, 'T_min': 239.28720539808273, 'tau': 100, 'alpha': 50}, 'mbconv1': {'T_max': 1298.5398244857788, 'T_min': 929.1751428842545, 'tau': 100, 'alpha': 50}, 'mbconv2': {'T_max': 1391.3383300304413, 'T_min': 1003.122047662735, 'tau': 100, 'alpha': 50}, 'mbconv3': {'T_max': 776.5638054609299, 'T_min': 488.0033164024353, 'tau': 100, 'alpha': 50}, 'mbconv4': {'T_max': 372.1466582119465, 'T_min': 220.11169669032097, 'tau': 100, 'alpha': 50}, 'mbconv5': {'T_max': 456.8904039859772, 'T_min': 244.3836663365364, 'tau': 100, 'alpha': 50}, 'mbconv6': {'T_max': 290.0942441225052, 'T_min': 148.01406832039356, 'tau': 100, 'alpha': 50}, 'mbconv7': {'T_max': 172.54942694306374, 'T_min': 86.22373071312904, 'tau': 100, 'alpha': 50}, 'conv2': {'T_max': 75.42317940294743, 'T_min': 36.623642422258854, 'tau': 100, 'alpha': 50}, 'pool': {'T_max': 3.77721415925771, 'T_min': 1.8366734338924289, 'tau': 100, 'alpha': 50}, 'output': {'T_max': 11.04102703742683, 'T_min': 5.27929691132158, 'tau': 100, 'alpha': 50}}
Iterating over following combinations of layers :  [['conv1'], ['mbconv1'], ['mbconv2'], ['mbconv3'], ['mbconv4'], ['mbconv5'], ['mbconv6'], ['mbconv7'], ['conv2'], ['pool'], ['output'], ['conv1', 'mbconv1'], ['conv1', 'mbconv2'], ['conv1', 'mbconv3'], ['conv1', 'mbconv4'], ['conv1', 'mbconv5'], ['conv1', 'mbconv6'], ['conv1', 'mbconv7'], ['conv1', 'conv2'], ['conv1', 'pool'], ['conv1', 'output'], ['mbconv1', 'mbconv2'], ['mbconv1', 'mbconv3'], ['mbconv1', 'mbconv4'], ['mbconv1', 'mbconv5'], ['mbconv1', 'mbconv6'], ['mbconv1', 'mbconv7'], ['mbconv1', 'conv2'], ['mbconv1', 'pool'], ['mbconv1', 'output'], ['mbconv2', 'mbconv3'], ['mbconv2', 'mbconv4'], ['mbconv2', 'mbconv5'], ['mbconv2', 'mbconv6'], ['mbconv2', 'mbconv7'], ['mbconv2', 'conv2'], ['mbconv2', 'pool'], ['mbconv2', 'output'], ['mbconv3', 'mbconv4'], ['mbconv3', 'mbconv5'], ['mbconv3', 'mbconv6'], ['mbconv3', 'mbconv7'], ['mbconv3', 'conv2'], ['mbconv3', 'pool'], ['mbconv3', 'output'], ['mbconv4', 'mbconv5'], ['mbconv4', 'mbconv6'], ['mbconv4', 'mbconv7'], ['mbconv4', 'conv2'], ['mbconv4', 'pool'], ['mbconv4', 'output'], ['mbconv5', 'mbconv6'], ['mbconv5', 'mbconv7'], ['mbconv5', 'conv2'], ['mbconv5', 'pool'], ['mbconv5', 'output'], ['mbconv6', 'mbconv7'], ['mbconv6', 'conv2'], ['mbconv6', 'pool'], ['mbconv6', 'output'], ['mbconv7', 'conv2'], ['mbconv7', 'pool'], ['mbconv7', 'output'], ['conv2', 'pool'], ['conv2', 'output'], ['pool', 'output']]
[['mbconv1', 'pool']]
Generating the training set for videos : 
TRAINING SET : contains 962 samples, 37 patients based on 56 videos
TEST SET : contains 127 samples, 37 patients based on 8 videos
Dataset constituted.
--------------------NAIVE IMPLEMENTATION-------------------
Number of folds : 53
Grid search.
The best parameters are : {'C': 1}
Metrics obtained during CV : 
{'r2': array([-2.09507399e-01, -6.24670101e-02, -2.02546675e-01, -2.59269016e-02,
       -3.99817682e-02, -5.73400536e-02, -7.21856665e-02, -3.68089511e-02,
       -4.57381072e-02, -1.75731844e-02, -1.29242344e-01, -4.78277683e-01,
       -3.54815467e-01, -2.46204487e-01, -3.17458326e-01, -2.09021715e-02,
       -1.63837994e-02, -6.42807011e-01, -1.32246982e-02, -2.05984509e-01,
       -4.59102552e-02, -5.51933930e-01, -3.75307199e-02, -3.89009132e-01,
       -1.09742283e-01, -8.13835880e-02, -3.57102110e-02, -6.22275897e-01,
       -1.54421376e-01, -2.02705837e-02, -2.30228755e-01, -5.60240527e-01,
       -6.61974660e-01, -5.28629352e-02, -3.03055429e-01, -1.35315015e-01,
       -1.53181416e-02, -5.47164390e-05, -1.11121501e-01, -3.15980078e-02,
       -1.88290798e-03, -4.43285256e-01, -6.68816851e-01, -1.22302841e-01,
       -4.87646709e-01, -4.41070318e-02, -1.37956058e-01, -1.53541304e-01,
       -2.78087119e-01, -6.60545036e-01, -5.38491508e-04, -5.75295263e-01,
       -6.61649147e-02]), 'neg_mean_absolute_error': array([ -9.25165206, -11.28430479,  -9.97774674, -11.01017208,
       -10.27777187,  -5.91347671,  -7.98824825,  -6.06820048,
        -7.05476996,  -7.67075239,  -7.84774188, -13.42766965,
       -14.73682501, -13.94530217,  -8.35718736,  -7.48824483,
       -13.33954057,  -5.92997581,  -8.7335086 ,  -9.89252092,
        -9.17311111, -13.56636024,  -8.24094444, -11.26215494,
        -8.96610865,  -9.52127888,  -8.661     , -17.90461099,
       -10.48122222, -10.25894444, -12.1399001 , -12.80631725,
       -13.46287995,  -9.37493646, -11.85313184, -10.59759952,
       -10.28982294,  -7.00017148,  -6.73148596,  -7.27870344,
        -7.25341981, -13.2518405 , -14.5437664 ,  -8.84002043,
       -22.06794642,  -7.92818068,  -9.63524411,  -5.79757327,
        -9.36795079, -17.55538831,  -8.11113198, -15.54550193,
       -10.06060639]), 'neg_mean_squared_error': array([-134.8931569 , -202.78506164, -114.23776624, -180.59015989,
       -133.08721997,  -48.79576336, -136.66697125,  -96.2908841 ,
        -68.2353977 ,  -79.10350879, -105.20280193, -304.87988588,
       -409.0685133 , -317.69926353,  -96.02765945,  -83.43830278,
       -254.37080319,  -46.2752066 ,  -97.00178098, -222.75162852,
       -151.23845893, -336.55221015, -112.49314844, -271.63110448,
       -126.30119342, -261.49097263, -143.96670965, -632.18877469,
       -217.47878919, -149.24382838, -241.30980418, -288.96838581,
       -361.04705757, -122.23076211, -185.06617662, -215.56018302,
       -166.75414418,  -74.26477704,  -70.97288908, -110.79845634,
        -80.70680791, -327.94696053, -408.75465794, -174.23642431,
       -875.57395692, -107.008188  , -149.46881578,  -50.28510518,
       -225.80207094, -516.28583921, -118.93907151, -477.5010757 ,
       -248.8371975 ]), 'max_error': array([-34.27970739, -34.37159702, -16.69179868, -32.52273041,
       -22.39319065, -14.26843806, -31.41771666, -34.3281909 ,
       -16.82607416, -17.75156821, -25.46736524, -33.25081762,
       -61.6462393 , -39.65474825, -18.56911078, -16.00565176,
       -33.30372908, -10.42194894, -23.61342256, -47.68884412,
       -33.17488446, -46.27762109, -23.06595493, -49.5551315 ,
       -29.72250442, -47.51299005, -32.39396374, -65.19062474,
       -34.89050438, -28.84390673, -34.66280046, -40.91197106,
       -49.75835489, -23.66691438, -26.3475933 , -43.82389571,
       -33.64969783, -23.22797835, -16.95692527, -34.11383096,
       -20.27193042, -52.26276613, -51.40057952, -42.53584194,
       -74.48117258, -25.72907164, -32.18114993, -14.14917921,
       -51.54288048, -47.63328903, -32.45875639, -49.13583847,
       -52.12757445]), 'explained_variance': array([-2.22044605e-16,  0.00000000e+00,  1.11022302e-16,  1.11022302e-16,
        0.00000000e+00,  0.00000000e+00,  2.22044605e-16, -2.22044605e-16,
        0.00000000e+00,  3.33066907e-16,  0.00000000e+00,  0.00000000e+00,
        0.00000000e+00,  0.00000000e+00,  2.22044605e-16,  0.00000000e+00,
        0.00000000e+00,  0.00000000e+00,  0.00000000e+00,  0.00000000e+00,
        0.00000000e+00, -2.22044605e-16, -2.22044605e-16,  1.11022302e-16,
        0.00000000e+00, -2.22044605e-16, -2.22044605e-16,  0.00000000e+00,
        0.00000000e+00, -2.22044605e-16, -2.22044605e-16,  0.00000000e+00,
        2.22044605e-16,  0.00000000e+00,  0.00000000e+00,  3.33066907e-16,
        0.00000000e+00,  0.00000000e+00, -2.22044605e-16,  0.00000000e+00,
        0.00000000e+00,  0.00000000e+00,  0.00000000e+00,  0.00000000e+00,
       -4.44089210e-16,  0.00000000e+00,  0.00000000e+00,  0.00000000e+00,
        0.00000000e+00, -4.44089210e-16,  0.00000000e+00, -2.22044605e-16,
        0.00000000e+00])}
         accs  y_pred (s)  y_true (s)
54     [2, 6]   14.601656      19.499
4    [43, 30]   21.836873      26.335
3    [43, 30]   21.836873      27.642
11   [43, 30]   21.836873      18.893
27   [29, 23]   18.769630      65.978
29   [29, 23]   18.769630      45.143
64     [2, 6]   14.601656      30.560
77   [16, 16]   18.177467      12.834
124  [24, 26]   19.421803      45.263
71     [2, 6]   14.601656       9.629
25   [29, 23]   18.769630      19.467
91    [10, 5]   16.181499      14.879
83   [16, 16]   18.177467      24.338
89   [16, 16]   18.177467      11.455
69     [2, 6]   14.601656       9.069
{'mse': 284.03520929997586, 'mae': 11.555443801754205, 'r2-score': -0.16174159718265546, 'max-error': 64.43708032780825, 'explained variance score': 0.06652638474965544, 'layers': ['mbconv1', 'pool']}
