environment: line 5: __conda_exe: command not found
Using device: cuda
Using model: efficientnetB7
Number of videos: 64
Execution type : naive
Using 2 features
Job ID : 52
Plotting ?  yes
Calculate accumulators ?  no
The directory contains : 65 videos
Number of videos in the directory : 65
Number of videos in the dataframe : 64
['conv1', 'mbconv1', 'mbconv2', 'mbconv3', 'mbconv4', 'mbconv5', 'mbconv6', 'mbconv7', 'conv2', 'pool', 'output']
{'conv1': {'T_max': 395.51620042324066, 'T_min': 239.28720539808273, 'tau': 100, 'alpha': 50}, 'mbconv1': {'T_max': 1298.5398244857788, 'T_min': 929.1751428842545, 'tau': 100, 'alpha': 50}, 'mbconv2': {'T_max': 1391.3383300304413, 'T_min': 1003.122047662735, 'tau': 100, 'alpha': 50}, 'mbconv3': {'T_max': 776.5638054609299, 'T_min': 488.0033164024353, 'tau': 100, 'alpha': 50}, 'mbconv4': {'T_max': 372.1466582119465, 'T_min': 220.11169669032097, 'tau': 100, 'alpha': 50}, 'mbconv5': {'T_max': 456.8904039859772, 'T_min': 244.3836663365364, 'tau': 100, 'alpha': 50}, 'mbconv6': {'T_max': 290.0942441225052, 'T_min': 148.01406832039356, 'tau': 100, 'alpha': 50}, 'mbconv7': {'T_max': 172.54942694306374, 'T_min': 86.22373071312904, 'tau': 100, 'alpha': 50}, 'conv2': {'T_max': 75.42317940294743, 'T_min': 36.623642422258854, 'tau': 100, 'alpha': 50}, 'pool': {'T_max': 3.77721415925771, 'T_min': 1.8366734338924289, 'tau': 100, 'alpha': 50}, 'output': {'T_max': 11.04102703742683, 'T_min': 5.27929691132158, 'tau': 100, 'alpha': 50}}
Iterating over following combinations of layers :  [['conv1'], ['mbconv1'], ['mbconv2'], ['mbconv3'], ['mbconv4'], ['mbconv5'], ['mbconv6'], ['mbconv7'], ['conv2'], ['pool'], ['output'], ['conv1', 'mbconv1'], ['conv1', 'mbconv2'], ['conv1', 'mbconv3'], ['conv1', 'mbconv4'], ['conv1', 'mbconv5'], ['conv1', 'mbconv6'], ['conv1', 'mbconv7'], ['conv1', 'conv2'], ['conv1', 'pool'], ['conv1', 'output'], ['mbconv1', 'mbconv2'], ['mbconv1', 'mbconv3'], ['mbconv1', 'mbconv4'], ['mbconv1', 'mbconv5'], ['mbconv1', 'mbconv6'], ['mbconv1', 'mbconv7'], ['mbconv1', 'conv2'], ['mbconv1', 'pool'], ['mbconv1', 'output'], ['mbconv2', 'mbconv3'], ['mbconv2', 'mbconv4'], ['mbconv2', 'mbconv5'], ['mbconv2', 'mbconv6'], ['mbconv2', 'mbconv7'], ['mbconv2', 'conv2'], ['mbconv2', 'pool'], ['mbconv2', 'output'], ['mbconv3', 'mbconv4'], ['mbconv3', 'mbconv5'], ['mbconv3', 'mbconv6'], ['mbconv3', 'mbconv7'], ['mbconv3', 'conv2'], ['mbconv3', 'pool'], ['mbconv3', 'output'], ['mbconv4', 'mbconv5'], ['mbconv4', 'mbconv6'], ['mbconv4', 'mbconv7'], ['mbconv4', 'conv2'], ['mbconv4', 'pool'], ['mbconv4', 'output'], ['mbconv5', 'mbconv6'], ['mbconv5', 'mbconv7'], ['mbconv5', 'conv2'], ['mbconv5', 'pool'], ['mbconv5', 'output'], ['mbconv6', 'mbconv7'], ['mbconv6', 'conv2'], ['mbconv6', 'pool'], ['mbconv6', 'output'], ['mbconv7', 'conv2'], ['mbconv7', 'pool'], ['mbconv7', 'output'], ['conv2', 'pool'], ['conv2', 'output'], ['pool', 'output']]
[['mbconv5', 'mbconv7']]
Generating the training set for videos : 
TRAINING SET : contains 962 samples, 37 patients based on 56 videos
TEST SET : contains 127 samples, 37 patients based on 8 videos
Dataset constituted.
--------------------NAIVE IMPLEMENTATION-------------------
Number of folds : 53
Grid search.
The best parameters are : {'C': 1}
Metrics obtained during CV : 
{'r2': array([-1.77308784e-01, -2.70430599e-01, -3.86659650e-02, -1.87915199e-01,
       -4.28114893e-02, -1.49029022e-01, -1.69963737e-02, -1.44485587e-02,
       -1.82817715e-01, -6.06297779e-07, -1.05320452e-01, -5.41145900e-01,
       -4.86066903e-01, -3.16453261e-01, -9.18082839e-02, -3.07605707e-01,
       -4.20526201e-03, -1.04124109e+00, -7.90455956e-03, -1.95527402e-01,
       -1.05124001e-01, -7.62637225e-01, -2.95654884e-02, -2.39087818e-01,
       -2.18040406e-02, -1.23768695e-01, -1.79135870e-03, -4.18397011e-01,
       -2.90629804e-01, -1.90723960e-04, -1.80907408e-01, -3.73121082e-01,
       -5.33247029e-01, -2.02846649e-02, -3.15912012e-01, -2.66625905e-01,
       -1.22107497e-01, -3.91258224e-02, -4.73819029e-03, -3.51697996e-02,
       -2.27637444e-02, -3.86143451e-01, -6.89562018e-01, -1.12716510e-01,
       -2.98677319e-01, -4.34499547e-02, -1.23965836e-01, -2.96393132e-01,
       -2.62022648e-01, -8.49976107e-01, -7.91659483e-02, -1.44781756e-01,
       -5.21793650e-02]), 'neg_mean_absolute_error': array([ -8.94617727, -11.95780146,  -8.88294755, -10.840409  ,
       -10.30675827,  -6.38517248,  -8.19843311,  -6.19724869,
        -7.61636309,  -7.485121  ,  -7.79444454, -13.66073429,
       -15.3867432 , -14.22409568,  -7.2117357 ,  -8.44437943,
       -13.39212207,  -6.58957876,  -8.76187387,  -9.8572748 ,
        -9.17311111, -14.35858249,  -8.26137301, -10.85565597,
        -7.94680275,  -9.43789395,  -8.861667  , -16.65868321,
       -10.53828582, -10.25894444, -11.97031229, -11.96442213,
       -12.91667932,  -8.85119627, -11.88373524, -11.08645726,
        -9.44361111,  -6.74758019,  -5.88167566,  -7.28996276,
        -7.68217393, -12.99347813, -14.65320201,  -8.80129664,
       -20.84034783,  -7.92724561,  -9.62220817,  -6.22169148,
        -9.28334671, -18.58841562,  -8.29561627, -14.13482377,
       -10.17059267]), 'neg_mean_squared_error': array([-131.30213057, -242.47750272,  -98.66966677, -209.10436745,
       -133.44934142,  -53.02716763, -129.63222557,  -94.2142219 ,
        -77.17997142,  -77.737462  , -102.97418374, -317.84582263,
       -448.698139  , -335.60802901,  -79.5803495 , -106.87057387,
       -251.3228755 ,  -57.49844771,  -96.49245376, -220.82014643,
       -159.80075722, -382.24530214, -111.62952681, -242.3128725 ,
       -116.29282919, -271.74017823, -139.25189125, -552.73869864,
       -243.13878171, -146.30657312, -231.63540454, -254.31244449,
       -333.08229168, -118.44862991, -186.89213011, -240.4919412 ,
       -184.2930484 ,  -77.16622526,  -64.17765479, -111.1820835 ,
        -82.38886641, -314.96305384, -413.83591274, -172.74815578,
       -764.35354724, -106.94084564, -147.63122114,  -56.51229371,
       -222.96393044, -575.18251302, -128.28591502, -347.00448413,
       -245.57304486]), 'max_error': array([-34.66664212, -38.10304556, -15.72514236, -36.13777091,
       -22.31451326, -13.27263588, -29.85625696, -33.63765497,
       -15.09978903, -18.9272337 , -25.12981542, -33.88342164,
       -63.41030297, -40.71416359, -20.79257453, -18.01135657,
       -32.30468065, -11.58246127, -23.3581352 , -47.53023662,
       -34.49716829, -48.19744848, -22.83914289, -47.67090371,
       -31.68131881, -48.54754553, -29.66699696, -62.38728723,
       -36.8962862 , -27.28897393, -33.89965532, -39.03859971,
       -48.52940347, -24.60964672, -26.48530858, -45.87020513,
       -39.71408411, -24.99627832, -19.07097302, -34.21516485,
       -19.30723366, -51.59360107, -51.59756362, -42.36158486,
       -70.79837681, -25.71317538, -31.95953893, -13.14180499,
       -51.33741343, -49.55882415, -35.77947667, -42.55509018,
       -51.68762931]), 'explained_variance': array([ 0.00000000e+00,  0.00000000e+00,  1.11022302e-16,  3.33066907e-16,
        0.00000000e+00,  0.00000000e+00,  0.00000000e+00,  0.00000000e+00,
        0.00000000e+00,  3.33066907e-16,  1.11022302e-16,  0.00000000e+00,
        0.00000000e+00,  1.11022302e-16,  2.22044605e-16,  0.00000000e+00,
        0.00000000e+00,  0.00000000e+00,  0.00000000e+00,  0.00000000e+00,
        2.22044605e-16, -2.22044605e-16, -2.22044605e-16, -2.22044605e-16,
        0.00000000e+00,  0.00000000e+00,  0.00000000e+00,  0.00000000e+00,
        0.00000000e+00, -2.22044605e-16, -2.22044605e-16, -2.22044605e-16,
        0.00000000e+00,  0.00000000e+00,  0.00000000e+00,  3.33066907e-16,
        0.00000000e+00,  0.00000000e+00,  0.00000000e+00,  2.22044605e-16,
        0.00000000e+00,  1.11022302e-16, -2.22044605e-16,  0.00000000e+00,
       -2.22044605e-16, -2.22044605e-16,  0.00000000e+00,  0.00000000e+00,
        1.11022302e-16,  0.00000000e+00,  1.11022302e-16, -2.22044605e-16,
       -2.22044605e-16])}
         accs  y_pred (s)  y_true (s)
54     [9, 2]   16.546300      19.499
4    [42, 41]   23.010465      26.335
3    [42, 41]   23.010465      27.642
11   [42, 41]   23.010465      18.893
27   [25, 19]   19.283906      65.978
29   [25, 19]   19.283906      45.143
64     [9, 2]   16.546300      30.560
77   [14, 14]   15.848607      12.834
124  [24, 23]   19.477459      45.263
71     [9, 2]   16.546300       9.629
25   [25, 19]   19.283906      19.467
91     [5, 5]   15.627299      14.879
83   [14, 14]   15.848607      24.338
89   [14, 14]   15.848607      11.455
69     [9, 2]   16.546300       9.069
{'mse': 279.78973628839833, 'mae': 11.419909789680068, 'r2-score': -0.1443770506906148, 'max-error': 64.79809560218729, 'explained variance score': 0.08075473500893837, 'layers': ['mbconv5', 'mbconv7']}
