environment: line 5: __conda_exe: command not found
Using device: cuda
Using model: efficientnetB7
Number of videos: 64
Execution type : naive
Using 2 features
Job ID : 17
Plotting ?  yes
Calculate accumulators ?  no
The directory contains : 65 videos
Number of videos in the directory : 65
Number of videos in the dataframe : 64
['conv1', 'mbconv1', 'mbconv2', 'mbconv3', 'mbconv4', 'mbconv5', 'mbconv6', 'mbconv7', 'conv2', 'pool', 'output']
{'conv1': {'T_max': 395.51620042324066, 'T_min': 239.28720539808273, 'tau': 100, 'alpha': 50}, 'mbconv1': {'T_max': 1298.5398244857788, 'T_min': 929.1751428842545, 'tau': 100, 'alpha': 50}, 'mbconv2': {'T_max': 1391.3383300304413, 'T_min': 1003.122047662735, 'tau': 100, 'alpha': 50}, 'mbconv3': {'T_max': 776.5638054609299, 'T_min': 488.0033164024353, 'tau': 100, 'alpha': 50}, 'mbconv4': {'T_max': 372.1466582119465, 'T_min': 220.11169669032097, 'tau': 100, 'alpha': 50}, 'mbconv5': {'T_max': 456.8904039859772, 'T_min': 244.3836663365364, 'tau': 100, 'alpha': 50}, 'mbconv6': {'T_max': 290.0942441225052, 'T_min': 148.01406832039356, 'tau': 100, 'alpha': 50}, 'mbconv7': {'T_max': 172.54942694306374, 'T_min': 86.22373071312904, 'tau': 100, 'alpha': 50}, 'conv2': {'T_max': 75.42317940294743, 'T_min': 36.623642422258854, 'tau': 100, 'alpha': 50}, 'pool': {'T_max': 3.77721415925771, 'T_min': 1.8366734338924289, 'tau': 100, 'alpha': 50}, 'output': {'T_max': 11.04102703742683, 'T_min': 5.27929691132158, 'tau': 100, 'alpha': 50}}
Iterating over following combinations of layers :  [['conv1'], ['mbconv1'], ['mbconv2'], ['mbconv3'], ['mbconv4'], ['mbconv5'], ['mbconv6'], ['mbconv7'], ['conv2'], ['pool'], ['output'], ['conv1', 'mbconv1'], ['conv1', 'mbconv2'], ['conv1', 'mbconv3'], ['conv1', 'mbconv4'], ['conv1', 'mbconv5'], ['conv1', 'mbconv6'], ['conv1', 'mbconv7'], ['conv1', 'conv2'], ['conv1', 'pool'], ['conv1', 'output'], ['mbconv1', 'mbconv2'], ['mbconv1', 'mbconv3'], ['mbconv1', 'mbconv4'], ['mbconv1', 'mbconv5'], ['mbconv1', 'mbconv6'], ['mbconv1', 'mbconv7'], ['mbconv1', 'conv2'], ['mbconv1', 'pool'], ['mbconv1', 'output'], ['mbconv2', 'mbconv3'], ['mbconv2', 'mbconv4'], ['mbconv2', 'mbconv5'], ['mbconv2', 'mbconv6'], ['mbconv2', 'mbconv7'], ['mbconv2', 'conv2'], ['mbconv2', 'pool'], ['mbconv2', 'output'], ['mbconv3', 'mbconv4'], ['mbconv3', 'mbconv5'], ['mbconv3', 'mbconv6'], ['mbconv3', 'mbconv7'], ['mbconv3', 'conv2'], ['mbconv3', 'pool'], ['mbconv3', 'output'], ['mbconv4', 'mbconv5'], ['mbconv4', 'mbconv6'], ['mbconv4', 'mbconv7'], ['mbconv4', 'conv2'], ['mbconv4', 'pool'], ['mbconv4', 'output'], ['mbconv5', 'mbconv6'], ['mbconv5', 'mbconv7'], ['mbconv5', 'conv2'], ['mbconv5', 'pool'], ['mbconv5', 'output'], ['mbconv6', 'mbconv7'], ['mbconv6', 'conv2'], ['mbconv6', 'pool'], ['mbconv6', 'output'], ['mbconv7', 'conv2'], ['mbconv7', 'pool'], ['mbconv7', 'output'], ['conv2', 'pool'], ['conv2', 'output'], ['pool', 'output']]
[['conv1', 'mbconv7']]
Generating the training set for videos : 
TRAINING SET : contains 962 samples, 37 patients based on 56 videos
TEST SET : contains 127 samples, 37 patients based on 8 videos
Dataset constituted.
--------------------NAIVE IMPLEMENTATION-------------------
Number of folds : 53
Grid search.
The best parameters are : {'C': 1}
Metrics obtained during CV : 
{'r2': array([-0.23641332, -0.01395413, -0.22585123, -0.03201189, -0.06868267,
       -0.05948886, -0.05341607, -0.04197298, -0.05957375, -0.01530018,
       -0.07208787, -0.59668586, -0.23660966, -0.38415963, -0.09463115,
       -0.12324597, -0.04753069, -0.50791264, -0.08686116, -0.10028821,
       -0.07234061, -0.66433801, -0.00671384, -0.28560263, -0.00928797,
       -0.18156458, -0.09981213, -0.62052184, -0.23360154, -0.00120152,
       -0.10065819, -0.70661917, -0.61272839, -0.01429966, -0.13216856,
       -0.04274471, -0.04780377, -0.00643917, -0.12906895, -0.01224948,
       -0.00185465, -0.47334375, -0.73448266, -0.11516313, -0.41663668,
       -0.0009065 , -0.14662376, -0.13607803, -0.30183058, -0.63566507,
       -0.00408072, -0.34626762, -0.07335948]), 'neg_mean_absolute_error': array([ -9.48929797, -11.11622884, -10.09402695, -10.99767247,
       -10.53666873,  -5.92778208,  -8.01883353,  -6.0705069 ,
        -7.11899413,  -7.31400586,  -7.70904013, -13.92091868,
       -14.03750151, -14.46470593,  -7.22627668,  -7.63307824,
       -13.2645906 ,  -5.73991807,  -8.53811998,  -9.53506554,
        -9.17311111, -13.94714052,  -8.44329625, -10.95300275,
        -7.70567693,  -9.59891622,  -8.90282399, -17.8948497 ,
       -10.48122222, -10.25894444, -11.72351778, -13.56593102,
       -13.26080051,  -8.71445926, -11.35801684, -10.49816667,
        -9.44361111,  -6.86014157,  -6.84654127,  -7.20145885,
        -7.25211582, -13.40059052, -14.88466296,  -8.8113314 ,
       -21.64061657,  -7.84034481,  -9.64299054,  -5.73584006,
        -9.48864038, -17.41113343,  -8.15613252, -14.5873677 ,
       -10.00857154]), 'neg_mean_squared_error': array([-137.89390329, -193.52577403, -116.45161844, -181.66127831,
       -136.7600949 ,  -48.89493002, -134.27449048,  -96.7704793 ,
        -69.13818617,  -78.92681115,  -99.87816026, -329.30037984,
       -373.37784139, -352.8686513 ,  -79.78610444,  -91.80285812,
       -262.16594833,  -42.47545105, -104.05141911, -203.22897037,
       -155.0602842 , -360.92814571, -109.15186174, -251.40919111,
       -114.86835913, -285.71588767, -152.87706183, -631.505231  ,
       -232.39535913, -146.45443132, -215.89449227, -316.07882138,
       -350.34880643, -117.75380847, -160.79600492, -197.98402788,
       -172.08952994,  -74.73889103,  -72.11928267, -108.72033389,
        -80.7045312 , -334.77692857, -424.83863179, -173.12799139,
       -833.78007252, -102.58066202, -150.60730602,  -49.52384695,
       -229.99687385, -508.55032122, -119.36015404, -408.07857017,
       -250.51636993]), 'max_error': array([-33.97868924, -32.55065213, -16.93727912, -32.76022308,
       -21.6904706 , -14.23823783, -30.99372098, -34.45363116,
       -16.58202231, -20.01096289, -24.58892081, -34.41231409,
       -59.74807554, -41.62848252, -20.75310617, -16.17109731,
       -34.72777853,  -9.9492062 , -25.37192018, -45.82458987,
       -33.83259383, -47.34006617, -21.90191686, -48.30651236,
       -32.22846921, -49.70287298, -33.89080531, -65.16866181,
       -36.13071569, -27.54117832, -32.38616004, -42.1655632 ,
       -49.30367616, -24.85577334, -24.11957576, -41.60400133,
       -38.03783469, -23.98322586, -16.74982572, -33.41862966,
       -20.27486439, -52.59745368, -52.01419333, -42.40674131,
       -73.19918305, -23.2981383 , -32.31283911, -14.3007438 ,
       -51.83598378, -47.36080759, -33.40825285, -46.17544161,
       -52.33571383]), 'explained_variance': array([-4.44089210e-16,  0.00000000e+00,  1.11022302e-16,  1.11022302e-16,
        0.00000000e+00,  0.00000000e+00,  0.00000000e+00, -2.22044605e-16,
        0.00000000e+00,  3.33066907e-16,  0.00000000e+00, -2.22044605e-16,
        0.00000000e+00,  0.00000000e+00,  2.22044605e-16,  0.00000000e+00,
        2.22044605e-16,  0.00000000e+00,  0.00000000e+00,  0.00000000e+00,
        2.22044605e-16, -2.22044605e-16, -2.22044605e-16, -2.22044605e-16,
        0.00000000e+00,  0.00000000e+00, -2.22044605e-16,  1.11022302e-16,
        0.00000000e+00, -2.22044605e-16, -2.22044605e-16,  0.00000000e+00,
        0.00000000e+00,  0.00000000e+00,  0.00000000e+00,  3.33066907e-16,
        0.00000000e+00,  0.00000000e+00, -2.22044605e-16,  2.22044605e-16,
        0.00000000e+00,  1.11022302e-16,  0.00000000e+00,  0.00000000e+00,
       -2.22044605e-16, -2.22044605e-16,  0.00000000e+00,  0.00000000e+00,
        0.00000000e+00,  0.00000000e+00,  2.22044605e-16, -2.22044605e-16,
        0.00000000e+00])}
         accs  y_pred (s)  y_true (s)
54     [2, 2]   14.335362      19.499
4    [29, 41]   21.652283      26.335
3    [29, 41]   21.652283      27.642
11   [29, 41]   21.652283      18.893
27   [28, 19]   19.881292      65.978
29   [28, 19]   19.881292      45.143
64     [2, 2]   14.335362      30.560
77   [14, 14]   15.363381      12.834
124  [22, 23]   19.963361      45.263
71     [2, 2]   14.335362       9.629
25   [28, 19]   19.881292      19.467
91    [12, 5]   16.782746      14.879
83   [14, 14]   15.363381      24.338
89   [14, 14]   15.363381      11.455
69     [2, 2]   14.335362       9.069
{'mse': 281.75530769583406, 'mae': 11.439882231421908, 'r2-score': -0.15241649788407607, 'max-error': 65.83336680152969, 'explained variance score': 0.09732774369693142, 'layers': ['conv1', 'mbconv7']}
