environment: line 5: __conda_exe: command not found
Using device: cuda
Using model: efficientnetB4
Number of videos: 64
Execution type : naive
Using 2 features
Job ID : 40
Plotting ?  yes
Calculate accumulators ?  no
The directory contains : 65 videos
Number of videos in the directory : 65
Number of videos in the dataframe : 64
['conv1', 'mbconv1', 'mbconv2', 'mbconv3', 'mbconv4', 'mbconv5', 'mbconv6', 'mbconv7', 'conv2', 'pool', 'output']
{'conv1': {'T_max': 773.9153770208359, 'T_min': 474.00882083177567, 'tau': 100, 'alpha': 50}, 'mbconv1': {'T_max': 3485.9428219795227, 'T_min': 2560.6904525756836, 'tau': 100, 'alpha': 50}, 'mbconv2': {'T_max': 2793.179835796356, 'T_min': 1976.7829375267029, 'tau': 100, 'alpha': 50}, 'mbconv3': {'T_max': 1668.251520872116, 'T_min': 1083.705378293991, 'tau': 100, 'alpha': 50}, 'mbconv4': {'T_max': 817.8574377298355, 'T_min': 502.0499846339226, 'tau': 100, 'alpha': 50}, 'mbconv5': {'T_max': 940.7537368535995, 'T_min': 533.222236931324, 'tau': 100, 'alpha': 50}, 'mbconv6': {'T_max': 628.3391550779343, 'T_min': 341.6495691537857, 'tau': 100, 'alpha': 50}, 'mbconv7': {'T_max': 368.16851300001144, 'T_min': 200.31917816400528, 'tau': 100, 'alpha': 50}, 'conv2': {'T_max': 79.04693293571472, 'T_min': 40.3972128406167, 'tau': 100, 'alpha': 50}, 'pool': {'T_max': 1.9010385829024017, 'T_min': 0.9983048296999186, 'tau': 100, 'alpha': 50}, 'output': {'T_max': 12.80766905657947, 'T_min': 6.51999241206795, 'tau': 100, 'alpha': 50}}
Iterating over following combinations of layers :  [['conv1'], ['mbconv1'], ['mbconv2'], ['mbconv3'], ['mbconv4'], ['mbconv5'], ['mbconv6'], ['mbconv7'], ['conv2'], ['pool'], ['output'], ['conv1', 'mbconv1'], ['conv1', 'mbconv2'], ['conv1', 'mbconv3'], ['conv1', 'mbconv4'], ['conv1', 'mbconv5'], ['conv1', 'mbconv6'], ['conv1', 'mbconv7'], ['conv1', 'conv2'], ['conv1', 'pool'], ['conv1', 'output'], ['mbconv1', 'mbconv2'], ['mbconv1', 'mbconv3'], ['mbconv1', 'mbconv4'], ['mbconv1', 'mbconv5'], ['mbconv1', 'mbconv6'], ['mbconv1', 'mbconv7'], ['mbconv1', 'conv2'], ['mbconv1', 'pool'], ['mbconv1', 'output'], ['mbconv2', 'mbconv3'], ['mbconv2', 'mbconv4'], ['mbconv2', 'mbconv5'], ['mbconv2', 'mbconv6'], ['mbconv2', 'mbconv7'], ['mbconv2', 'conv2'], ['mbconv2', 'pool'], ['mbconv2', 'output'], ['mbconv3', 'mbconv4'], ['mbconv3', 'mbconv5'], ['mbconv3', 'mbconv6'], ['mbconv3', 'mbconv7'], ['mbconv3', 'conv2'], ['mbconv3', 'pool'], ['mbconv3', 'output'], ['mbconv4', 'mbconv5'], ['mbconv4', 'mbconv6'], ['mbconv4', 'mbconv7'], ['mbconv4', 'conv2'], ['mbconv4', 'pool'], ['mbconv4', 'output'], ['mbconv5', 'mbconv6'], ['mbconv5', 'mbconv7'], ['mbconv5', 'conv2'], ['mbconv5', 'pool'], ['mbconv5', 'output'], ['mbconv6', 'mbconv7'], ['mbconv6', 'conv2'], ['mbconv6', 'pool'], ['mbconv6', 'output'], ['mbconv7', 'conv2'], ['mbconv7', 'pool'], ['mbconv7', 'output'], ['conv2', 'pool'], ['conv2', 'output'], ['pool', 'output']]
[['mbconv3', 'mbconv6']]
Generating the training set for videos : 
TRAINING SET : contains 962 samples, 37 patients based on 56 videos
TEST SET : contains 127 samples, 37 patients based on 8 videos
Dataset constituted.
--------------------NAIVE IMPLEMENTATION-------------------
Number of folds : 53
Grid search.
The best parameters are : {'C': 10.0}
Metrics obtained during CV : 
{'r2': array([-7.42259449e-02, -1.36624680e-01, -5.80842983e-02, -2.43193236e-01,
       -1.63317262e-01, -4.78103151e-02, -5.45264587e-02, -8.05124542e-02,
       -4.60335458e-01, -1.65265220e-02, -1.62933824e-01, -3.24538575e-01,
       -4.57386980e-01, -7.88875612e-02, -1.23249085e-01, -1.87248012e-01,
       -5.66016913e-04, -9.31632137e-01, -2.25761511e-02, -1.90535640e-01,
       -8.59657528e-02, -9.10042087e-01, -8.53591143e-02, -4.54312719e-01,
       -2.60558442e-02, -1.11962975e-01, -9.91407542e-04, -3.11810966e-01,
       -2.33538837e-01, -5.47360960e-02, -3.13268028e-02, -3.09631749e-01,
       -6.87637329e-01, -1.33963463e-02, -3.65020136e-01, -3.49184236e-01,
       -1.20456176e-01, -6.01449041e-02, -1.10258111e-02, -3.68213407e-02,
       -3.18723374e-05, -4.77565901e-01, -4.36392158e-01, -1.46549115e-02,
       -5.37953530e-02, -6.69143745e-02, -2.20466580e-01, -3.13386171e-02,
       -1.76191566e-01, -8.22095836e-01, -9.29837529e-02, -1.57756844e-01,
       -5.20584409e-02]), 'neg_mean_absolute_error': array([ -7.71203314, -11.54540028,  -9.04227471, -10.94735291,
       -11.12870136,  -5.84653752,  -8.0145733 ,  -6.1105128 ,
        -8.57642106,  -7.66517218,  -7.91502342, -12.78274221,
       -15.25306665, -13.18196861,  -7.36293345,  -7.92236194,
       -13.42630719,  -6.41601855,  -8.69518076,  -9.84011762,
        -9.17311111, -15.05605207,  -8.34082449, -11.56435198,
        -8.01202747,  -9.43604499,  -8.76497492, -16.06894741,
       -10.48122222, -10.25894444, -11.59161111, -11.71768579,
       -13.5652067 ,  -8.69148166, -12.02748863, -11.5030932 ,
        -9.44361111,  -6.70215456,  -5.97803302,  -7.29497501,
        -7.1028473 , -13.42110183, -13.17685213,  -8.49825028,
       -19.58377778,  -7.9571589 ,  -9.73965071,  -5.47803179,
        -8.81446143, -18.43246367,  -8.31073162, -14.17113334,
       -10.17160418]), 'neg_mean_squared_error': array([-119.80557456, -216.93897663, -100.51434114, -218.83475796,
       -148.87055245,  -48.35597026, -134.41602674, -100.34973115,
        -95.28826585,  -79.02214396, -108.34157739, -273.17274312,
       -440.03861774, -275.04457514,  -81.8720247 ,  -97.03374313,
       -250.41208009,  -54.4109415 ,  -97.89704891, -219.89814187,
       -157.0304776 , -414.21150326, -117.67889048, -284.40170848,
       -116.77673242, -268.88541953, -139.14069573, -511.20291464,
       -232.38354572, -154.28539783, -202.29511607, -242.5537382 ,
       -366.62201089, -117.64893947, -193.86670119, -256.16714044,
       -184.02183816,  -78.72711727,  -64.57927659, -111.35946675,
        -80.5576975 , -335.73629627, -351.82529753, -157.524188  ,
       -620.22505862, -109.3456614 , -160.30644867,  -44.95805279,
       -207.79999076, -566.51416093, -129.92850734, -350.93747272,
       -245.54482183]), 'max_error': array([-36.23633619, -36.0252018 , -15.29268293, -36.9292351 ,
       -20.08352489, -14.40975413, -31.02070243, -35.21374315,
       -16.95500002, -17.78690951, -25.89348164, -31.50030028,
       -63.04746663, -36.21680121, -20.38218063, -16.90931965,
       -31.65516335, -11.28948658, -23.95837315, -47.4530293 ,
       -34.12404381, -49.38541144, -24.09092041, -50.25883356,
       -31.53456318, -48.28009513, -30.53722569, -60.6415089 ,
       -36.12982524, -29.95155989, -30.42158555, -38.29839072,
       -49.98859008, -24.897133  , -26.98713257, -46.89758471,
       -39.68370022, -25.40510896, -18.78190094, -34.26027509,
       -20.61071858, -52.64360412, -48.94013384, -39.68675249,
       -63.16667387, -26.22170122, -33.30561241, -15.56748653,
       -50.11284424, -49.28998693, -36.03643748, -42.84556669,
       -51.68358326]), 'explained_variance': array([-4.44089210e-16,  0.00000000e+00,  1.11022302e-16,  0.00000000e+00,
        0.00000000e+00,  0.00000000e+00,  0.00000000e+00,  0.00000000e+00,
        0.00000000e+00,  3.33066907e-16,  1.11022302e-16,  0.00000000e+00,
        0.00000000e+00,  0.00000000e+00,  2.22044605e-16,  0.00000000e+00,
        0.00000000e+00,  0.00000000e+00,  0.00000000e+00,  0.00000000e+00,
        0.00000000e+00, -2.22044605e-16, -2.22044605e-16, -2.22044605e-16,
        0.00000000e+00,  0.00000000e+00,  0.00000000e+00,  1.11022302e-16,
        0.00000000e+00, -2.22044605e-16, -2.22044605e-16, -2.22044605e-16,
        0.00000000e+00,  0.00000000e+00,  0.00000000e+00,  4.44089210e-16,
       -4.44089210e-16,  0.00000000e+00,  0.00000000e+00,  2.22044605e-16,
        0.00000000e+00,  0.00000000e+00,  0.00000000e+00,  0.00000000e+00,
       -2.22044605e-16, -2.22044605e-16, -2.22044605e-16,  0.00000000e+00,
        1.11022302e-16,  0.00000000e+00,  1.11022302e-16,  0.00000000e+00,
        0.00000000e+00])}
         accs  y_pred (s)  y_true (s)
54    [11, 4]   22.805110      19.499
4    [45, 36]   24.871806      26.335
3    [45, 36]   24.871806      27.642
11   [45, 36]   24.871806      18.893
27   [29, 24]   20.893001      65.978
29   [29, 24]   20.893001      45.143
64    [11, 4]   22.805110      30.560
77   [16, 13]   17.656697      12.834
124  [26, 23]   20.240942      45.263
71    [11, 4]   22.805110       9.629
25   [29, 24]   20.893001      19.467
91     [2, 3]   13.755050      14.879
83   [16, 13]   17.656697      24.338
89   [16, 13]   17.656697      11.455
69    [11, 4]   22.805110       9.069
{'mse': 273.74722161585487, 'mae': 11.479466500173045, 'r2-score': -0.11966236597254332, 'max-error': 63.63033165821935, 'explained variance score': 0.015934185075695884, 'layers': ['mbconv3', 'mbconv6']}
