environment: line 5: __conda_exe: command not found
Using device: cuda
Using model: efficientnetB4
Number of videos: 64
Execution type : naive
Using 2 features
Job ID : 1
Plotting ?  yes
Calculate accumulators ?  no
The directory contains : 65 videos
Number of videos in the directory : 65
Number of videos in the dataframe : 64
['conv1', 'mbconv1', 'mbconv2', 'mbconv3', 'mbconv4', 'mbconv5', 'mbconv6', 'mbconv7', 'conv2', 'pool', 'output']
{'conv1': {'T_max': 773.9153770208359, 'T_min': 474.00882083177567, 'tau': 100, 'alpha': 50}, 'mbconv1': {'T_max': 3485.9428219795227, 'T_min': 2560.6904525756836, 'tau': 100, 'alpha': 50}, 'mbconv2': {'T_max': 2793.179835796356, 'T_min': 1976.7829375267029, 'tau': 100, 'alpha': 50}, 'mbconv3': {'T_max': 1668.251520872116, 'T_min': 1083.705378293991, 'tau': 100, 'alpha': 50}, 'mbconv4': {'T_max': 817.8574377298355, 'T_min': 502.0499846339226, 'tau': 100, 'alpha': 50}, 'mbconv5': {'T_max': 940.7537368535995, 'T_min': 533.222236931324, 'tau': 100, 'alpha': 50}, 'mbconv6': {'T_max': 628.3391550779343, 'T_min': 341.6495691537857, 'tau': 100, 'alpha': 50}, 'mbconv7': {'T_max': 368.16851300001144, 'T_min': 200.31917816400528, 'tau': 100, 'alpha': 50}, 'conv2': {'T_max': 79.04693293571472, 'T_min': 40.3972128406167, 'tau': 100, 'alpha': 50}, 'pool': {'T_max': 1.9010385829024017, 'T_min': 0.9983048296999186, 'tau': 100, 'alpha': 50}, 'output': {'T_max': 12.80766905657947, 'T_min': 6.51999241206795, 'tau': 100, 'alpha': 50}}
Iterating over following combinations of layers :  [['conv1'], ['mbconv1'], ['mbconv2'], ['mbconv3'], ['mbconv4'], ['mbconv5'], ['mbconv6'], ['mbconv7'], ['conv2'], ['pool'], ['output'], ['conv1', 'mbconv1'], ['conv1', 'mbconv2'], ['conv1', 'mbconv3'], ['conv1', 'mbconv4'], ['conv1', 'mbconv5'], ['conv1', 'mbconv6'], ['conv1', 'mbconv7'], ['conv1', 'conv2'], ['conv1', 'pool'], ['conv1', 'output'], ['mbconv1', 'mbconv2'], ['mbconv1', 'mbconv3'], ['mbconv1', 'mbconv4'], ['mbconv1', 'mbconv5'], ['mbconv1', 'mbconv6'], ['mbconv1', 'mbconv7'], ['mbconv1', 'conv2'], ['mbconv1', 'pool'], ['mbconv1', 'output'], ['mbconv2', 'mbconv3'], ['mbconv2', 'mbconv4'], ['mbconv2', 'mbconv5'], ['mbconv2', 'mbconv6'], ['mbconv2', 'mbconv7'], ['mbconv2', 'conv2'], ['mbconv2', 'pool'], ['mbconv2', 'output'], ['mbconv3', 'mbconv4'], ['mbconv3', 'mbconv5'], ['mbconv3', 'mbconv6'], ['mbconv3', 'mbconv7'], ['mbconv3', 'conv2'], ['mbconv3', 'pool'], ['mbconv3', 'output'], ['mbconv4', 'mbconv5'], ['mbconv4', 'mbconv6'], ['mbconv4', 'mbconv7'], ['mbconv4', 'conv2'], ['mbconv4', 'pool'], ['mbconv4', 'output'], ['mbconv5', 'mbconv6'], ['mbconv5', 'mbconv7'], ['mbconv5', 'conv2'], ['mbconv5', 'pool'], ['mbconv5', 'output'], ['mbconv6', 'mbconv7'], ['mbconv6', 'conv2'], ['mbconv6', 'pool'], ['mbconv6', 'output'], ['mbconv7', 'conv2'], ['mbconv7', 'pool'], ['mbconv7', 'output'], ['conv2', 'pool'], ['conv2', 'output'], ['pool', 'output']]
[['mbconv1']]
Generating the training set for videos : 
TRAINING SET : contains 962 samples, 37 patients based on 56 videos
TEST SET : contains 127 samples, 37 patients based on 8 videos
Dataset constituted.
--------------------NAIVE IMPLEMENTATION-------------------
Number of folds : 53
Grid search.
The best parameters are : {'C': 1}
Metrics obtained during CV : 
{'r2': array([-1.84752726e-01, -3.02811058e-03, -1.35895078e-02, -6.56449839e-02,
       -3.19655575e-02, -2.24170259e-02, -8.17456366e-03, -8.05213441e-02,
       -2.20199517e-02, -7.30767661e-02, -2.94745716e-04, -3.22141471e-01,
       -3.07744898e-01, -2.54891898e-01, -4.69205616e-01, -1.32072894e-02,
       -5.06009321e-02, -2.46793714e-01, -3.19417585e-03, -1.28768409e-01,
       -6.58967931e-02, -7.87215705e-01, -3.48956980e-02, -2.09789324e-01,
       -1.69554336e-01, -4.81902830e-02, -1.09327185e-01, -6.05640066e-01,
       -1.89778314e-01, -4.65329535e-02, -3.32498167e-01, -5.37368704e-01,
       -4.02134719e-01, -9.18157432e-02, -3.59053055e-01, -3.43542178e-01,
       -1.55925165e-03, -5.81505434e-03, -8.41036547e-02, -2.37523263e-03,
       -5.39229205e-04, -5.23706928e-01, -5.27462440e-01, -1.00324980e-01,
       -5.28981457e-01, -2.11797734e-02, -2.17009293e-01, -7.38154188e-02,
       -1.99689369e-01, -6.52192198e-01, -4.52368698e-03, -5.47294083e-01,
       -9.07608898e-02]), 'neg_mean_absolute_error': array([ -9.01911432, -11.21485534,  -8.63834692, -10.94369885,
       -10.18956069,  -5.63619701,  -8.29669969,  -6.11052074,
        -6.91559047,  -7.95013261,  -7.51767741, -12.77159005,
       -14.47488693, -13.98176588,  -9.06722213,  -7.52158853,
       -13.25881952,  -5.31776397,  -8.79708766,  -9.60557135,
        -9.17311111, -14.47279811,  -8.24418315, -10.80758389,
        -9.44319241,  -9.63489143,  -8.96065776, -17.81147155,
       -10.48122222, -10.25894444, -12.51320646, -12.69427843,
       -12.28717927,  -9.81245856, -12.00779072, -11.47373775,
        -9.60930321,  -7.13203679,  -6.57241003,  -7.14949425,
        -6.98769735, -13.63960343, -13.74780033,  -8.76916126,
       -22.3024148 ,  -7.88977998,  -9.72719179,  -5.58832649,
        -8.92751183, -17.50726608,  -8.15829891, -15.42348442,
        -9.89240351]), 'neg_mean_squared_error': array([-132.13233378, -191.44040736,  -96.28749026, -187.58158865,
       -132.06137968,  -47.18408149, -128.50774676, -100.35055678,
        -66.68776569,  -83.41821375,  -93.18974848, -272.6783645 ,
       -394.85618105, -319.9139755 , -107.0883031 ,  -82.8094003 ,
       -262.93433946,  -35.1201549 ,  -96.04150185, -208.48941213,
       -154.12850918, -387.5753883 , -112.20744903, -236.58333319,
       -133.10847989, -253.46445021, -154.1996816 , -625.70591583,
       -224.13960132, -153.08545302, -261.36998541, -284.73235047,
       -304.5994784 , -126.75293802, -193.01922769, -255.09589327,
       -164.49440723,  -74.69254384,  -69.24712406, -107.65979346,
        -80.59856769, -346.22057823, -374.13176077, -170.82438275,
       -899.90206449, -104.6584247 , -159.85233931,  -46.80969905,
       -211.95139212, -513.68882912, -119.41281185, -469.01340103,
       -254.57776673]), 'max_error': array([-34.5742552 , -31.67891616, -16.5054817 , -33.78572192,
       -22.63262099, -14.87803668, -29.40514119, -35.21389412,
       -17.35495622, -16.53692577, -22.16312919, -31.47003015,
       -60.93526453, -39.79331036, -17.53136766, -16.27372735,
       -34.83742919, -10.69964064, -23.04121108, -46.39757108,
       -33.68518706, -48.4030366 , -22.99385162, -47.23825501,
       -28.86375366, -46.49047713, -34.0643066 , -64.98106098,
       -35.47617816, -29.73092485, -36.01858953, -40.70187646,
       -47.11302836, -22.87937459, -26.92803882, -46.83153493,
       -35.74188557, -22.63458442, -17.30332743, -31.76652586,
       -20.86980597, -53.13523271, -49.9678406 , -42.12495138,
       -75.18457774, -25.0762597 , -33.26325209, -14.94248325,
       -50.47324302, -47.54239148, -33.44508152, -48.81045846,
       -52.80038594]), 'explained_variance': array([-2.22044605e-16,  0.00000000e+00,  1.11022302e-16,  3.33066907e-16,
        0.00000000e+00,  0.00000000e+00,  0.00000000e+00,  0.00000000e+00,
        0.00000000e+00,  3.33066907e-16,  1.11022302e-16, -2.22044605e-16,
        0.00000000e+00,  1.11022302e-16,  2.22044605e-16,  0.00000000e+00,
        0.00000000e+00,  0.00000000e+00,  0.00000000e+00,  0.00000000e+00,
        0.00000000e+00, -2.22044605e-16, -2.22044605e-16, -2.22044605e-16,
        0.00000000e+00,  0.00000000e+00, -2.22044605e-16,  0.00000000e+00,
        0.00000000e+00, -2.22044605e-16,  0.00000000e+00,  0.00000000e+00,
        1.11022302e-16,  0.00000000e+00,  0.00000000e+00,  3.33066907e-16,
       -2.22044605e-16,  0.00000000e+00, -2.22044605e-16,  2.22044605e-16,
        0.00000000e+00,  0.00000000e+00,  0.00000000e+00,  0.00000000e+00,
       -2.22044605e-16, -2.22044605e-16, -2.22044605e-16,  0.00000000e+00,
        0.00000000e+00,  0.00000000e+00,  0.00000000e+00,  0.00000000e+00,
        0.00000000e+00])}
     accs  y_pred (s)  y_true (s)
54    [1]   13.620210      19.499
4    [41]   21.035575      26.335
3    [41]   21.035575      27.642
11   [41]   21.035575      18.893
27   [29]   19.142179      65.978
29   [29]   19.142179      45.143
64    [1]   13.620210      30.560
77   [15]   18.499739      12.834
124  [25]   18.055629      45.263
71    [1]   13.620210       9.629
25   [29]   19.142179      19.467
91   [15]   18.499739      14.879
83   [15]   18.499739      24.338
89   [15]   18.499739      11.455
69    [1]   13.620210       9.069
{'mse': 282.2714582086901, 'mae': 11.594698693269843, 'r2-score': -0.15452762179251645, 'max-error': 62.11621677606689, 'explained variance score': 0.05595799199768503, 'layers': ['mbconv1']}
