environment: line 5: __conda_exe: command not found
Using device: cuda
Using model: efficientnetB4
Number of videos: 64
Execution type : naive
Using 2 features
Job ID : 52
Plotting ?  yes
Calculate accumulators ?  no
The directory contains : 65 videos
Number of videos in the directory : 65
Number of videos in the dataframe : 64
['conv1', 'mbconv1', 'mbconv2', 'mbconv3', 'mbconv4', 'mbconv5', 'mbconv6', 'mbconv7', 'conv2', 'pool', 'output']
{'conv1': {'T_max': 773.9153770208359, 'T_min': 474.00882083177567, 'tau': 100, 'alpha': 50}, 'mbconv1': {'T_max': 3485.9428219795227, 'T_min': 2560.6904525756836, 'tau': 100, 'alpha': 50}, 'mbconv2': {'T_max': 2793.179835796356, 'T_min': 1976.7829375267029, 'tau': 100, 'alpha': 50}, 'mbconv3': {'T_max': 1668.251520872116, 'T_min': 1083.705378293991, 'tau': 100, 'alpha': 50}, 'mbconv4': {'T_max': 817.8574377298355, 'T_min': 502.0499846339226, 'tau': 100, 'alpha': 50}, 'mbconv5': {'T_max': 940.7537368535995, 'T_min': 533.222236931324, 'tau': 100, 'alpha': 50}, 'mbconv6': {'T_max': 628.3391550779343, 'T_min': 341.6495691537857, 'tau': 100, 'alpha': 50}, 'mbconv7': {'T_max': 368.16851300001144, 'T_min': 200.31917816400528, 'tau': 100, 'alpha': 50}, 'conv2': {'T_max': 79.04693293571472, 'T_min': 40.3972128406167, 'tau': 100, 'alpha': 50}, 'pool': {'T_max': 1.9010385829024017, 'T_min': 0.9983048296999186, 'tau': 100, 'alpha': 50}, 'output': {'T_max': 12.80766905657947, 'T_min': 6.51999241206795, 'tau': 100, 'alpha': 50}}
Iterating over following combinations of layers :  [['conv1'], ['mbconv1'], ['mbconv2'], ['mbconv3'], ['mbconv4'], ['mbconv5'], ['mbconv6'], ['mbconv7'], ['conv2'], ['pool'], ['output'], ['conv1', 'mbconv1'], ['conv1', 'mbconv2'], ['conv1', 'mbconv3'], ['conv1', 'mbconv4'], ['conv1', 'mbconv5'], ['conv1', 'mbconv6'], ['conv1', 'mbconv7'], ['conv1', 'conv2'], ['conv1', 'pool'], ['conv1', 'output'], ['mbconv1', 'mbconv2'], ['mbconv1', 'mbconv3'], ['mbconv1', 'mbconv4'], ['mbconv1', 'mbconv5'], ['mbconv1', 'mbconv6'], ['mbconv1', 'mbconv7'], ['mbconv1', 'conv2'], ['mbconv1', 'pool'], ['mbconv1', 'output'], ['mbconv2', 'mbconv3'], ['mbconv2', 'mbconv4'], ['mbconv2', 'mbconv5'], ['mbconv2', 'mbconv6'], ['mbconv2', 'mbconv7'], ['mbconv2', 'conv2'], ['mbconv2', 'pool'], ['mbconv2', 'output'], ['mbconv3', 'mbconv4'], ['mbconv3', 'mbconv5'], ['mbconv3', 'mbconv6'], ['mbconv3', 'mbconv7'], ['mbconv3', 'conv2'], ['mbconv3', 'pool'], ['mbconv3', 'output'], ['mbconv4', 'mbconv5'], ['mbconv4', 'mbconv6'], ['mbconv4', 'mbconv7'], ['mbconv4', 'conv2'], ['mbconv4', 'pool'], ['mbconv4', 'output'], ['mbconv5', 'mbconv6'], ['mbconv5', 'mbconv7'], ['mbconv5', 'conv2'], ['mbconv5', 'pool'], ['mbconv5', 'output'], ['mbconv6', 'mbconv7'], ['mbconv6', 'conv2'], ['mbconv6', 'pool'], ['mbconv6', 'output'], ['mbconv7', 'conv2'], ['mbconv7', 'pool'], ['mbconv7', 'output'], ['conv2', 'pool'], ['conv2', 'output'], ['pool', 'output']]
[['mbconv5', 'mbconv7']]
Generating the training set for videos : 
TRAINING SET : contains 962 samples, 37 patients based on 56 videos
TEST SET : contains 127 samples, 37 patients based on 8 videos
Dataset constituted.
--------------------NAIVE IMPLEMENTATION-------------------
Number of folds : 53
Grid search.
The best parameters are : {'C': 1}
Metrics obtained during CV : 
{'r2': array([-9.85511179e-02, -3.30554419e-02, -1.42462036e-02, -1.59531960e-01,
       -3.30272672e-02, -4.89616601e-02, -7.66011542e-03, -5.64127737e-02,
       -2.37209758e-02, -1.84428473e-03, -1.68042330e-01, -5.94435147e-01,
       -2.61431783e-01, -4.08384792e-02, -1.87554644e-01, -9.69306609e-02,
       -6.63626489e-04, -1.32922893e+00, -2.59461069e-02, -2.99680489e-01,
       -9.06558758e-02, -8.14590791e-01, -3.55110153e-02, -2.60739652e-01,
       -7.79172086e-02, -1.11938056e-01, -1.93166833e-02, -4.04277456e-01,
       -2.53548712e-01, -1.53321957e-02, -4.85366845e-02, -3.88982188e-01,
       -3.25047449e-01, -4.31399961e-03, -4.57077321e-01, -1.93455471e-01,
       -2.93848709e-03, -4.40433498e-02, -3.19167050e-02, -6.83173385e-02,
       -7.78141117e-04, -2.20688792e-01, -7.12620366e-01, -1.91872046e-01,
       -2.27910293e-01, -9.25596619e-02, -1.67325885e-01, -1.30557986e-01,
       -3.19763795e-01, -7.41771524e-01, -1.88473662e-02, -2.27670136e-01,
       -5.68705570e-02]), 'neg_mean_absolute_error': array([ -8.05281312, -11.15049816,  -8.6454861 , -10.84370263,
       -10.2018343 ,  -5.85495914,  -8.30528967,  -6.08706264,
        -6.92754762,  -7.5459906 ,  -7.92459274, -13.9087945 ,
       -14.19676954, -13.1023098 ,  -7.68213664,  -7.57457033,
       -13.49469691,  -7.12295401,  -8.68341296, -10.17513246,
        -9.17311111, -14.59793013,  -8.242286  , -10.88931226,
        -8.65710206,  -9.43610932,  -8.98829109, -16.57843864,
       -10.48122222, -10.25894444, -11.59161111, -12.03275522,
       -11.86785897,  -8.39181664, -12.31313309, -10.73498228,
        -9.56738083,  -6.7360303 ,  -6.17687212,  -7.37499022,
        -7.19160105, -12.24804618, -14.77292571,  -9.19857419,
       -20.31025387,  -7.98428905,  -9.66061313,  -5.72116042,
        -9.57667785, -18.00834364,  -8.20321109, -14.34515309,
       -10.13221828]), 'neg_mean_squared_error': array([-122.51849668, -197.17149753,  -96.34987408, -204.1081697 ,
       -132.19724743,  -48.4091043 , -128.44217221,  -98.11153718,
        -66.79875911,  -77.88078479, -108.81749741, -328.83619327,
       -380.87255198, -265.34458974,  -86.55916522,  -89.65210886,
       -250.43650888,  -65.61059767,  -98.21967401, -240.05776478,
       -157.70866865, -393.51194623, -112.27416415, -246.54705013,
       -122.67914086, -268.87939401, -141.68796197, -547.23641378,
       -236.15316016, -148.52144753, -205.67084042, -257.2500418 ,
       -287.85305472, -116.59453616, -206.9411037 , -226.59920496,
       -164.72093054,  -77.53140435,  -65.9136825 , -114.74228439,
        -80.61781327, -277.36802386, -419.48375055, -185.03697566,
       -722.70268733, -111.97398939, -153.32649838,  -49.28321774,
       -233.16516819, -541.54024941, -121.11554006, -372.12948218,
       -246.66794403]), 'max_error': array([-35.79823671, -33.43046501, -16.4783528 , -35.68565   ,
       -22.5993069 , -14.39197514, -29.37249924, -34.76819017,
       -17.30951903, -18.54172621, -25.95408734, -34.39137232,
       -60.18037446, -34.95888619, -19.68204487, -15.81194541,
       -30.87125287, -12.28574175, -24.0642834 , -48.96059606,
       -34.21894453, -48.62827423, -23.01092596, -47.97381032,
       -30.2787163 , -48.27951608, -28.52738023, -62.16998257,
       -36.40814486, -28.61953359, -31.02825099, -39.21344925,
       -46.16955768, -25.43653005, -27.84406593, -44.81578017,
       -35.93053628, -25.10022729, -18.19328772, -34.98041196,
       -20.41102264, -49.30795779, -51.81306628, -43.63622256,
       -69.12164241, -26.68291393, -32.61242325, -14.35065456,
       -52.04978907, -48.48887133, -34.2085886 , -44.23772473,
       -51.84112688]), 'explained_variance': array([-2.22044605e-16,  1.11022302e-16,  1.11022302e-16,  0.00000000e+00,
        0.00000000e+00,  0.00000000e+00,  0.00000000e+00, -2.22044605e-16,
       -2.22044605e-16,  3.33066907e-16,  0.00000000e+00, -2.22044605e-16,
        0.00000000e+00,  0.00000000e+00,  2.22044605e-16,  0.00000000e+00,
        0.00000000e+00,  0.00000000e+00,  0.00000000e+00,  0.00000000e+00,
        0.00000000e+00, -2.22044605e-16, -2.22044605e-16,  0.00000000e+00,
        0.00000000e+00, -2.22044605e-16,  0.00000000e+00,  0.00000000e+00,
        0.00000000e+00, -2.22044605e-16,  0.00000000e+00,  0.00000000e+00,
        0.00000000e+00,  0.00000000e+00,  0.00000000e+00,  0.00000000e+00,
        0.00000000e+00,  0.00000000e+00,  0.00000000e+00,  2.22044605e-16,
        0.00000000e+00,  0.00000000e+00,  0.00000000e+00,  0.00000000e+00,
       -2.22044605e-16, -2.22044605e-16,  0.00000000e+00,  0.00000000e+00,
        1.11022302e-16, -2.22044605e-16, -2.22044605e-16,  0.00000000e+00,
        0.00000000e+00])}
         accs  y_pred (s)  y_true (s)
54     [9, 5]   15.205651      19.499
4    [40, 35]   26.017396      26.335
3    [40, 35]   26.017396      27.642
11   [40, 35]   26.017396      18.893
27   [26, 24]   21.127875      65.978
29   [26, 24]   21.127875      45.143
64     [9, 5]   15.205651      30.560
77   [14, 12]   16.926953      12.834
124  [25, 22]   19.732713      45.263
71     [9, 5]   15.205651       9.629
25   [26, 24]   21.127875      19.467
91     [4, 3]   14.251896      14.879
83   [14, 12]   16.926953      24.338
89   [14, 12]   16.926953      11.455
69     [9, 5]   15.205651       9.069
{'mse': 267.673551516097, 'mae': 11.22654137753567, 'r2-score': -0.09482025143384476, 'max-error': 64.36334676545407, 'explained variance score': 0.09689049826975882, 'layers': ['mbconv5', 'mbconv7']}
