environment: line 5: __conda_exe: command not found
Using device: cuda
Using model: efficientnetB4
Number of videos: 64
Execution type : naive
Using 2 features
Job ID : 18
Plotting ?  yes
Calculate accumulators ?  no
The directory contains : 65 videos
Number of videos in the directory : 65
Number of videos in the dataframe : 64
['conv1', 'mbconv1', 'mbconv2', 'mbconv3', 'mbconv4', 'mbconv5', 'mbconv6', 'mbconv7', 'conv2', 'pool', 'output']
{'conv1': {'T_max': 773.9153770208359, 'T_min': 474.00882083177567, 'tau': 100, 'alpha': 50}, 'mbconv1': {'T_max': 3485.9428219795227, 'T_min': 2560.6904525756836, 'tau': 100, 'alpha': 50}, 'mbconv2': {'T_max': 2793.179835796356, 'T_min': 1976.7829375267029, 'tau': 100, 'alpha': 50}, 'mbconv3': {'T_max': 1668.251520872116, 'T_min': 1083.705378293991, 'tau': 100, 'alpha': 50}, 'mbconv4': {'T_max': 817.8574377298355, 'T_min': 502.0499846339226, 'tau': 100, 'alpha': 50}, 'mbconv5': {'T_max': 940.7537368535995, 'T_min': 533.222236931324, 'tau': 100, 'alpha': 50}, 'mbconv6': {'T_max': 628.3391550779343, 'T_min': 341.6495691537857, 'tau': 100, 'alpha': 50}, 'mbconv7': {'T_max': 368.16851300001144, 'T_min': 200.31917816400528, 'tau': 100, 'alpha': 50}, 'conv2': {'T_max': 79.04693293571472, 'T_min': 40.3972128406167, 'tau': 100, 'alpha': 50}, 'pool': {'T_max': 1.9010385829024017, 'T_min': 0.9983048296999186, 'tau': 100, 'alpha': 50}, 'output': {'T_max': 12.80766905657947, 'T_min': 6.51999241206795, 'tau': 100, 'alpha': 50}}
Iterating over following combinations of layers :  [['conv1'], ['mbconv1'], ['mbconv2'], ['mbconv3'], ['mbconv4'], ['mbconv5'], ['mbconv6'], ['mbconv7'], ['conv2'], ['pool'], ['output'], ['conv1', 'mbconv1'], ['conv1', 'mbconv2'], ['conv1', 'mbconv3'], ['conv1', 'mbconv4'], ['conv1', 'mbconv5'], ['conv1', 'mbconv6'], ['conv1', 'mbconv7'], ['conv1', 'conv2'], ['conv1', 'pool'], ['conv1', 'output'], ['mbconv1', 'mbconv2'], ['mbconv1', 'mbconv3'], ['mbconv1', 'mbconv4'], ['mbconv1', 'mbconv5'], ['mbconv1', 'mbconv6'], ['mbconv1', 'mbconv7'], ['mbconv1', 'conv2'], ['mbconv1', 'pool'], ['mbconv1', 'output'], ['mbconv2', 'mbconv3'], ['mbconv2', 'mbconv4'], ['mbconv2', 'mbconv5'], ['mbconv2', 'mbconv6'], ['mbconv2', 'mbconv7'], ['mbconv2', 'conv2'], ['mbconv2', 'pool'], ['mbconv2', 'output'], ['mbconv3', 'mbconv4'], ['mbconv3', 'mbconv5'], ['mbconv3', 'mbconv6'], ['mbconv3', 'mbconv7'], ['mbconv3', 'conv2'], ['mbconv3', 'pool'], ['mbconv3', 'output'], ['mbconv4', 'mbconv5'], ['mbconv4', 'mbconv6'], ['mbconv4', 'mbconv7'], ['mbconv4', 'conv2'], ['mbconv4', 'pool'], ['mbconv4', 'output'], ['mbconv5', 'mbconv6'], ['mbconv5', 'mbconv7'], ['mbconv5', 'conv2'], ['mbconv5', 'pool'], ['mbconv5', 'output'], ['mbconv6', 'mbconv7'], ['mbconv6', 'conv2'], ['mbconv6', 'pool'], ['mbconv6', 'output'], ['mbconv7', 'conv2'], ['mbconv7', 'pool'], ['mbconv7', 'output'], ['conv2', 'pool'], ['conv2', 'output'], ['pool', 'output']]
[['conv1', 'conv2']]
Generating the training set for videos : 
TRAINING SET : contains 962 samples, 37 patients based on 56 videos
TEST SET : contains 127 samples, 37 patients based on 8 videos
Dataset constituted.
--------------------NAIVE IMPLEMENTATION-------------------
Number of folds : 53
Grid search.
The best parameters are : {'C': 1}
Metrics obtained during CV : 
{'r2': array([-1.42561649e-01, -9.14685785e-03, -3.98361860e-01, -8.95595082e-04,
       -1.28199016e-01, -3.52934672e-02, -4.98423717e-02, -6.51668090e-02,
       -1.17796863e-02, -9.58266292e-03, -1.41573202e-01, -6.10063181e-01,
       -6.54406533e-02, -2.74259597e-01, -1.57386645e-01, -1.42771825e-02,
       -2.10949037e-02, -8.93065224e-01, -1.54766536e-01, -1.74142845e-01,
       -6.19662423e-02, -6.78567304e-01, -8.27217416e-03, -3.53823258e-01,
       -8.23079617e-02, -1.55749181e-01, -6.45259576e-02, -3.66381863e-01,
       -2.10919891e-01, -4.22182209e-02, -3.30324538e-01, -4.55767340e-01,
       -5.67739166e-01, -1.18101203e-02, -4.45309316e-01, -1.69547442e-01,
       -4.37257521e-02, -5.55142183e-02, -1.02645411e-02, -5.56698483e-02,
       -2.87047551e-06, -4.40204953e-01, -7.83977503e-01, -1.76277623e-01,
       -3.57206514e-01, -2.95948021e-02, -1.81911340e-01, -1.05653839e-01,
       -3.38023824e-01, -5.51131715e-01, -1.68187133e-02, -4.91581694e-01,
       -7.31962232e-02]), 'neg_mean_absolute_error': array([ -8.58344286, -11.84164207, -10.81388617, -11.16441502,
       -10.93666727,  -5.74745789,  -8.03285424,  -6.09607284,
        -6.83086503,  -7.34992697,  -7.87328311, -13.99251288,
       -13.21982503, -14.06088395,  -7.5351107 ,  -7.51507341,
       -13.32518471,  -6.35398185,  -8.43083703,  -9.78213207,
        -9.17311111, -14.00396806,  -8.42243976, -11.14074019,
        -8.70307683,  -9.51191843,  -8.68952845, -16.37752304,
       -10.48122222, -10.25894444, -12.5014552 , -12.34377493,
       -13.06896345,  -8.64917184, -12.27833451, -10.66482626,
       -10.73438239,  -6.71137527,  -5.96820319,  -7.34570576,
        -7.08708552, -13.23631586, -15.13163935,  -9.12307666,
       -21.2540168 ,  -7.90556014,  -9.67238114,  -5.6507015 ,
        -9.66381801, -16.89860941,  -8.25627242, -15.17104991,
       -10.00972322]), 'neg_mean_squared_error': array([-127.4268746 , -192.60824648, -132.83953018, -176.18399057,
       -144.37644503,  -47.77832341, -133.81896598,  -98.92454501,
        -66.01957871,  -78.48234631, -106.3515729 , -332.05931782,
       -321.69563665, -324.85145078,  -84.36026279,  -82.89684264,
       -255.54985326,  -53.3245742 , -110.55238863, -216.87030718,
       -153.56015215, -364.01390892, -109.3208222 , -264.75024426,
       -123.1788581 , -279.47342716, -147.97218163, -532.46878472,
       -228.12241442, -152.45429966, -260.94362719, -269.61915864,
       -340.57535694, -117.4647886 , -205.26975528, -222.05983119,
       -171.41976235,  -78.38323923,  -64.53065047, -113.38388473,
        -80.55536125, -327.24704619, -436.96173942, -182.61595673,
       -798.80167167, -105.52086213, -155.24227587,  -48.19759762,
       -236.39120219, -482.26776251, -120.87438382, -452.12594754,
       -250.47826735]), 'max_error': array([-35.12610571, -29.59740008, -18.45698191, -29.98937153,
       -20.60476027, -14.61892222, -30.90492318, -34.93938403,
       -17.6769129 , -19.78346253, -25.62912638, -34.5359768 ,
       -55.74089184, -40.09395899, -19.99243298, -16.23246493,
       -33.5764906 , -11.18233228, -26.33746675, -47.19209433,
       -33.59171084, -47.46792814, -21.99577109, -49.15133084,
       -30.19596171, -49.21376587, -33.16087803, -61.56723578,
       -35.80043657, -29.607025  , -35.99214919, -39.9132436 ,
       -48.87204277, -24.97329069, -27.73967018, -44.42893634,
       -32.5560117 , -25.32212255, -18.81139042, -34.71685187,
       -20.64618259, -52.22783569, -52.45875083, -43.40972997,
       -72.03938373, -25.34452232, -32.81247944, -14.5902149 ,
       -52.26141516, -46.39270666, -31.29778963, -48.13729977,
       -52.3311071 ]), 'explained_variance': array([-4.44089210e-16,  0.00000000e+00,  1.11022302e-16,  1.11022302e-16,
        0.00000000e+00,  0.00000000e+00,  0.00000000e+00,  0.00000000e+00,
        0.00000000e+00,  3.33066907e-16,  3.33066907e-16,  0.00000000e+00,
        0.00000000e+00,  0.00000000e+00,  2.22044605e-16,  0.00000000e+00,
        0.00000000e+00,  0.00000000e+00,  0.00000000e+00,  0.00000000e+00,
        0.00000000e+00, -2.22044605e-16, -2.22044605e-16, -2.22044605e-16,
        0.00000000e+00,  0.00000000e+00,  0.00000000e+00,  0.00000000e+00,
        0.00000000e+00,  0.00000000e+00,  0.00000000e+00,  0.00000000e+00,
        0.00000000e+00,  0.00000000e+00,  0.00000000e+00,  3.33066907e-16,
        0.00000000e+00,  0.00000000e+00,  0.00000000e+00,  2.22044605e-16,
        0.00000000e+00,  0.00000000e+00,  0.00000000e+00,  0.00000000e+00,
        0.00000000e+00, -2.22044605e-16,  0.00000000e+00,  0.00000000e+00,
        1.11022302e-16,  0.00000000e+00,  0.00000000e+00, -2.22044605e-16,
       -2.22044605e-16])}
         accs  y_pred (s)  y_true (s)
54     [2, 2]   13.993223      19.499
4    [34, 24]   23.222531      26.335
3    [34, 24]   23.222531      27.642
11   [34, 24]   23.222531      18.893
27   [31, 16]   21.332606      65.978
29   [31, 16]   21.332606      45.143
64     [2, 2]   13.993223      30.560
77   [15, 11]   16.007086      12.834
124  [24, 16]   20.310148      45.263
71     [2, 2]   13.993223       9.629
25   [31, 16]   21.332606      19.467
91    [11, 5]   15.302213      14.879
83   [15, 11]   16.007086      24.338
89   [15, 11]   16.007086      11.455
69     [2, 2]   13.993223       9.069
{'mse': 273.97336069790975, 'mae': 11.335050974943377, 'r2-score': -0.12058730474692769, 'max-error': 65.68887174166717, 'explained variance score': 0.10752097460584575, 'layers': ['conv1', 'conv2']}
