environment: line 5: __conda_exe: command not found
Using device: cuda
Using model: efficientnetB4
Number of videos: 64
Execution type : naive
Using 2 features
Job ID : 46
Plotting ?  yes
Calculate accumulators ?  no
The directory contains : 65 videos
Number of videos in the directory : 65
Number of videos in the dataframe : 64
['conv1', 'mbconv1', 'mbconv2', 'mbconv3', 'mbconv4', 'mbconv5', 'mbconv6', 'mbconv7', 'conv2', 'pool', 'output']
{'conv1': {'T_max': 773.9153770208359, 'T_min': 474.00882083177567, 'tau': 100, 'alpha': 50}, 'mbconv1': {'T_max': 3485.9428219795227, 'T_min': 2560.6904525756836, 'tau': 100, 'alpha': 50}, 'mbconv2': {'T_max': 2793.179835796356, 'T_min': 1976.7829375267029, 'tau': 100, 'alpha': 50}, 'mbconv3': {'T_max': 1668.251520872116, 'T_min': 1083.705378293991, 'tau': 100, 'alpha': 50}, 'mbconv4': {'T_max': 817.8574377298355, 'T_min': 502.0499846339226, 'tau': 100, 'alpha': 50}, 'mbconv5': {'T_max': 940.7537368535995, 'T_min': 533.222236931324, 'tau': 100, 'alpha': 50}, 'mbconv6': {'T_max': 628.3391550779343, 'T_min': 341.6495691537857, 'tau': 100, 'alpha': 50}, 'mbconv7': {'T_max': 368.16851300001144, 'T_min': 200.31917816400528, 'tau': 100, 'alpha': 50}, 'conv2': {'T_max': 79.04693293571472, 'T_min': 40.3972128406167, 'tau': 100, 'alpha': 50}, 'pool': {'T_max': 1.9010385829024017, 'T_min': 0.9983048296999186, 'tau': 100, 'alpha': 50}, 'output': {'T_max': 12.80766905657947, 'T_min': 6.51999241206795, 'tau': 100, 'alpha': 50}}
Iterating over following combinations of layers :  [['conv1'], ['mbconv1'], ['mbconv2'], ['mbconv3'], ['mbconv4'], ['mbconv5'], ['mbconv6'], ['mbconv7'], ['conv2'], ['pool'], ['output'], ['conv1', 'mbconv1'], ['conv1', 'mbconv2'], ['conv1', 'mbconv3'], ['conv1', 'mbconv4'], ['conv1', 'mbconv5'], ['conv1', 'mbconv6'], ['conv1', 'mbconv7'], ['conv1', 'conv2'], ['conv1', 'pool'], ['conv1', 'output'], ['mbconv1', 'mbconv2'], ['mbconv1', 'mbconv3'], ['mbconv1', 'mbconv4'], ['mbconv1', 'mbconv5'], ['mbconv1', 'mbconv6'], ['mbconv1', 'mbconv7'], ['mbconv1', 'conv2'], ['mbconv1', 'pool'], ['mbconv1', 'output'], ['mbconv2', 'mbconv3'], ['mbconv2', 'mbconv4'], ['mbconv2', 'mbconv5'], ['mbconv2', 'mbconv6'], ['mbconv2', 'mbconv7'], ['mbconv2', 'conv2'], ['mbconv2', 'pool'], ['mbconv2', 'output'], ['mbconv3', 'mbconv4'], ['mbconv3', 'mbconv5'], ['mbconv3', 'mbconv6'], ['mbconv3', 'mbconv7'], ['mbconv3', 'conv2'], ['mbconv3', 'pool'], ['mbconv3', 'output'], ['mbconv4', 'mbconv5'], ['mbconv4', 'mbconv6'], ['mbconv4', 'mbconv7'], ['mbconv4', 'conv2'], ['mbconv4', 'pool'], ['mbconv4', 'output'], ['mbconv5', 'mbconv6'], ['mbconv5', 'mbconv7'], ['mbconv5', 'conv2'], ['mbconv5', 'pool'], ['mbconv5', 'output'], ['mbconv6', 'mbconv7'], ['mbconv6', 'conv2'], ['mbconv6', 'pool'], ['mbconv6', 'output'], ['mbconv7', 'conv2'], ['mbconv7', 'pool'], ['mbconv7', 'output'], ['conv2', 'pool'], ['conv2', 'output'], ['pool', 'output']]
[['mbconv4', 'mbconv6']]
Generating the training set for videos : 
TRAINING SET : contains 962 samples, 37 patients based on 56 videos
TEST SET : contains 127 samples, 37 patients based on 8 videos
Dataset constituted.
--------------------NAIVE IMPLEMENTATION-------------------
Number of folds : 53
Grid search.
The best parameters are : {'C': 10.0}
Metrics obtained during CV : 
{'r2': array([-1.04086305e-01, -2.09419615e-01, -8.26837016e-02, -2.76823253e-01,
       -2.66687879e-01, -7.18918921e-02, -1.35257064e-03, -5.70076720e-02,
       -4.16961630e-01, -2.31699140e-05, -1.08604348e-01, -4.86017564e-01,
       -4.81258026e-01, -1.05336175e-01, -2.60580145e-01, -2.00099186e-01,
       -6.44276164e-03, -1.25489692e+00, -1.94822982e-02, -2.02395482e-01,
       -9.53061083e-02, -8.72346075e-01, -7.13951277e-02, -5.85798845e-01,
       -1.77027225e-02, -1.15238709e-01, -1.35753398e-02, -2.91057321e-01,
       -2.51356986e-01, -4.30933116e-02, -8.41460490e-02, -2.89519782e-01,
       -6.04211271e-01, -2.79001670e-02, -2.41279371e-01, -5.69143413e-01,
       -8.70457042e-02, -3.88303100e-02, -1.45856052e-03, -2.60189008e-02,
       -3.06131977e-03, -3.73452177e-01, -6.32823406e-01, -1.06792055e-01,
       -9.63518427e-02, -6.55015642e-02, -1.67957757e-01, -5.98013057e-02,
       -2.30807848e-01, -8.98059919e-01, -7.88363689e-02, -9.98687768e-02,
       -7.89412905e-03]), 'neg_mean_absolute_error': array([ -8.12531118, -11.73735175,  -9.22749474, -11.01647032,
       -11.5967085 ,  -6.00573007,  -8.45605606,  -6.08769618,
        -8.45109121,  -7.49290607,  -7.802096  , -13.45715787,
       -15.3646099 , -13.29210325,  -8.04780229,  -7.98489605,
       -13.37928392,  -6.9859392 ,  -8.70678581,  -9.88052701,
        -9.17311111, -14.86003139,  -8.31194185, -12.38139371,
        -7.87752874,  -9.43438889,  -8.95885393, -15.94456118,
       -10.48122222, -10.25894444, -11.68121011, -11.63432909,
       -13.22503761,  -8.99850521, -11.69607954, -12.50437313,
        -9.44361111,  -6.74829678,  -5.82102649,  -7.25975582,
        -7.30103534, -12.94173906, -14.3497855 ,  -8.78307392,
       -19.58377778,  -7.95552399,  -9.66113333,  -5.55669677,
        -9.11118057, -18.88185158,  -8.29524026, -14.0574375 ,
       -10.76153392]), 'neg_mean_squared_error': array([-123.13582145, -230.83279657, -102.85119919, -224.75452698,
       -162.09896513,  -49.4673241 , -127.63817616,  -98.16678678,
        -92.45808265,  -77.73921603, -103.28011895, -306.47615852,
       -447.24616257, -281.78721277,  -91.88188992,  -98.08406918,
       -251.88285548,  -63.5167857 ,  -97.60085673, -222.08871649,
       -158.38109154, -406.03675053, -116.1648603 , -310.11480187,
       -115.82605291, -269.67752986, -140.88989864, -503.11537446,
       -235.74026589, -152.58230677, -212.65562983, -238.82884933,
       -348.49855002, -119.33274179, -176.29244474, -297.93038666,
       -178.53455843,  -77.14428029,  -63.96816843, -110.19923413,
        -80.80173503, -312.07931   , -399.93853864, -171.82838988,
       -645.27223809, -109.20086564, -153.4094938 ,  -46.19879664,
       -217.44915265, -590.13241857, -128.24673624, -333.39053092,
       -235.2371073 ]), 'max_error': array([-35.70640584, -37.24089441, -15.10793333, -37.36697868,
       -19.49078022, -14.07368097, -28.79958699, -34.78022741,
       -16.69041478, -18.87792824, -25.17827466, -33.33085709,
       -63.35022687, -36.91432059, -19.02128896, -17.0413361 ,
       -32.54860548, -12.11218965, -23.85392774, -47.63487152,
       -34.31064371, -49.09138042, -23.83097664, -51.53625724,
       -31.83718532, -48.35566309, -28.79231466, -60.2683502 ,
       -36.37820888, -29.63264803, -32.00539095, -38.0483206 ,
       -49.22320961, -24.34449062, -25.64085792, -49.15046453,
       -39.01687024, -24.98982897, -19.31588078, -33.9433024 ,
       -20.16479548, -51.43838385, -51.0514139 , -42.25016524,
       -65.07032485, -26.19390787, -32.62126668, -15.12171831,
       -50.91929567, -50.01231609, -35.77308435, -41.43244349,
       -49.55524288]), 'explained_variance': array([-4.44089210e-16,  0.00000000e+00,  1.11022302e-16,  0.00000000e+00,
        0.00000000e+00,  0.00000000e+00,  0.00000000e+00,  0.00000000e+00,
        0.00000000e+00,  3.33066907e-16,  1.11022302e-16,  0.00000000e+00,
        0.00000000e+00,  0.00000000e+00,  2.22044605e-16,  0.00000000e+00,
        0.00000000e+00,  0.00000000e+00,  0.00000000e+00,  0.00000000e+00,
        0.00000000e+00, -2.22044605e-16, -2.22044605e-16,  1.11022302e-16,
        0.00000000e+00,  0.00000000e+00,  0.00000000e+00,  1.11022302e-16,
        1.11022302e-16, -2.22044605e-16, -2.22044605e-16,  0.00000000e+00,
        0.00000000e+00,  0.00000000e+00,  0.00000000e+00,  3.33066907e-16,
       -2.22044605e-16,  0.00000000e+00,  0.00000000e+00,  0.00000000e+00,
        0.00000000e+00,  0.00000000e+00,  0.00000000e+00,  0.00000000e+00,
       -4.44089210e-16, -2.22044605e-16, -2.22044605e-16,  0.00000000e+00,
        0.00000000e+00, -2.22044605e-16,  1.11022302e-16, -2.22044605e-16,
        0.00000000e+00])}
         accs  y_pred (s)  y_true (s)
54    [10, 4]   18.781333      19.499
4    [43, 36]   24.046553      26.335
3    [43, 36]   24.046553      27.642
11   [43, 36]   24.046553      18.893
27   [28, 24]   21.214223      65.978
29   [28, 24]   21.214223      45.143
64    [10, 4]   18.781333      30.560
77   [14, 13]   15.952032      12.834
124  [25, 23]   20.392061      45.263
71    [10, 4]   18.781333       9.629
25   [28, 24]   21.214223      19.467
91     [2, 3]   14.580439      14.879
83   [14, 13]   15.952032      24.338
89   [14, 13]   15.952032      11.455
69    [10, 4]   18.781333       9.069
{'mse': 270.8454544940319, 'mae': 11.301178092416997, 'r2-score': -0.1077937544047487, 'max-error': 64.87351827539794, 'explained variance score': 0.0747195014079125, 'layers': ['mbconv4', 'mbconv6']}
