environment: line 5: __conda_exe: command not found
Using device: cuda
Using model: efficientnetB4
Number of videos: 64
Execution type : naive
Using 2 features
Job ID : 11
Plotting ?  yes
Calculate accumulators ?  no
The directory contains : 65 videos
Number of videos in the directory : 65
Number of videos in the dataframe : 64
['conv1', 'mbconv1', 'mbconv2', 'mbconv3', 'mbconv4', 'mbconv5', 'mbconv6', 'mbconv7', 'conv2', 'pool', 'output']
{'conv1': {'T_max': 773.9153770208359, 'T_min': 474.00882083177567, 'tau': 100, 'alpha': 50}, 'mbconv1': {'T_max': 3485.9428219795227, 'T_min': 2560.6904525756836, 'tau': 100, 'alpha': 50}, 'mbconv2': {'T_max': 2793.179835796356, 'T_min': 1976.7829375267029, 'tau': 100, 'alpha': 50}, 'mbconv3': {'T_max': 1668.251520872116, 'T_min': 1083.705378293991, 'tau': 100, 'alpha': 50}, 'mbconv4': {'T_max': 817.8574377298355, 'T_min': 502.0499846339226, 'tau': 100, 'alpha': 50}, 'mbconv5': {'T_max': 940.7537368535995, 'T_min': 533.222236931324, 'tau': 100, 'alpha': 50}, 'mbconv6': {'T_max': 628.3391550779343, 'T_min': 341.6495691537857, 'tau': 100, 'alpha': 50}, 'mbconv7': {'T_max': 368.16851300001144, 'T_min': 200.31917816400528, 'tau': 100, 'alpha': 50}, 'conv2': {'T_max': 79.04693293571472, 'T_min': 40.3972128406167, 'tau': 100, 'alpha': 50}, 'pool': {'T_max': 1.9010385829024017, 'T_min': 0.9983048296999186, 'tau': 100, 'alpha': 50}, 'output': {'T_max': 12.80766905657947, 'T_min': 6.51999241206795, 'tau': 100, 'alpha': 50}}
Iterating over following combinations of layers :  [['conv1'], ['mbconv1'], ['mbconv2'], ['mbconv3'], ['mbconv4'], ['mbconv5'], ['mbconv6'], ['mbconv7'], ['conv2'], ['pool'], ['output'], ['conv1', 'mbconv1'], ['conv1', 'mbconv2'], ['conv1', 'mbconv3'], ['conv1', 'mbconv4'], ['conv1', 'mbconv5'], ['conv1', 'mbconv6'], ['conv1', 'mbconv7'], ['conv1', 'conv2'], ['conv1', 'pool'], ['conv1', 'output'], ['mbconv1', 'mbconv2'], ['mbconv1', 'mbconv3'], ['mbconv1', 'mbconv4'], ['mbconv1', 'mbconv5'], ['mbconv1', 'mbconv6'], ['mbconv1', 'mbconv7'], ['mbconv1', 'conv2'], ['mbconv1', 'pool'], ['mbconv1', 'output'], ['mbconv2', 'mbconv3'], ['mbconv2', 'mbconv4'], ['mbconv2', 'mbconv5'], ['mbconv2', 'mbconv6'], ['mbconv2', 'mbconv7'], ['mbconv2', 'conv2'], ['mbconv2', 'pool'], ['mbconv2', 'output'], ['mbconv3', 'mbconv4'], ['mbconv3', 'mbconv5'], ['mbconv3', 'mbconv6'], ['mbconv3', 'mbconv7'], ['mbconv3', 'conv2'], ['mbconv3', 'pool'], ['mbconv3', 'output'], ['mbconv4', 'mbconv5'], ['mbconv4', 'mbconv6'], ['mbconv4', 'mbconv7'], ['mbconv4', 'conv2'], ['mbconv4', 'pool'], ['mbconv4', 'output'], ['mbconv5', 'mbconv6'], ['mbconv5', 'mbconv7'], ['mbconv5', 'conv2'], ['mbconv5', 'pool'], ['mbconv5', 'output'], ['mbconv6', 'mbconv7'], ['mbconv6', 'conv2'], ['mbconv6', 'pool'], ['mbconv6', 'output'], ['mbconv7', 'conv2'], ['mbconv7', 'pool'], ['mbconv7', 'output'], ['conv2', 'pool'], ['conv2', 'output'], ['pool', 'output']]
[['conv1', 'mbconv1']]
Generating the training set for videos : 
TRAINING SET : contains 962 samples, 37 patients based on 56 videos
TEST SET : contains 127 samples, 37 patients based on 8 videos
Dataset constituted.
--------------------NAIVE IMPLEMENTATION-------------------
Number of folds : 53
Grid search.
The best parameters are : {'C': 10.0}
Metrics obtained during CV : 
{'r2': array([-0.2289268 , -0.01867344, -0.03100347, -0.05666891, -0.07459175,
       -0.0025111 , -0.0009618 , -0.12523785, -0.18052451, -0.02604293,
       -0.00238818, -0.41195647, -0.24223513, -0.20055913, -0.66845353,
       -0.02855849, -0.04843552, -0.48925524, -0.20662227, -0.02545106,
       -0.06258941, -0.39619447, -0.0501745 , -0.00586326, -0.12963818,
       -0.07814618, -0.12197533, -0.24253545, -0.08742273, -0.02498546,
       -0.06641593, -0.71795113, -0.39510553, -0.04625131, -0.01520458,
       -0.63458812, -0.04765461, -0.43738487, -0.00455976, -0.02232284,
       -0.01525745, -0.58523438, -0.52211159, -0.09673026, -0.10030321,
       -0.00299543, -0.29121865, -0.02024399, -0.14360722, -0.70522104,
       -0.06673839, -0.55878858, -0.12844375]), 'neg_mean_absolute_error': array([ -9.42459532, -12.05038483,  -8.80912448, -10.95638009,
       -10.58268514,  -5.38688631,  -8.65746546,  -6.14608989,
        -7.60606981,  -7.71086594,  -7.51947934, -13.16451074,
       -14.07430223, -13.74214062,  -9.84182095,  -7.47662701,
       -13.26287092,  -5.7140838 ,  -8.36435329,  -9.52688889,
        -9.17311111, -13.19499012,  -9.27383893, -10.63555556,
        -9.13667773,  -9.53118219,  -9.03376743, -15.63517023,
       -10.56863651, -10.25894444, -11.63084291, -13.62684115,
       -12.25071336,  -7.12839584, -10.7734999 , -12.76277695,
        -9.44361111,  -7.02835221,  -5.63326855,  -7.53552237,
        -6.72293974, -13.95529966, -13.71568909,  -8.76123359,
       -19.58377778,  -7.83570659, -10.03610118,  -5.43754832,
        -8.78256396, -17.80776115,  -8.28084805, -15.47394177,
        -9.68361254]), 'neg_mean_squared_error': array([-137.05895168, -194.42651393,  -97.94175622, -186.00156278,
       -137.51628428,  -46.2654322 , -127.58836575, -104.50348385,
        -77.0303379 ,  -79.7619247 ,  -93.38477736, -291.20180335,
       -375.07637679, -306.06273201, -121.61119933,  -84.06405305,
       -262.39240066,  -41.94990246, -115.51683436, -189.40615833,
       -153.65026185, -302.77856881, -113.86403684, -196.70406882,
       -128.56557092, -260.70812992, -155.95781046, -484.20676624,
       -204.85706815, -149.9335136 , -209.17786071, -318.1775856 ,
       -303.07245846, -121.46319429, -144.18421978, -310.35625385,
       -172.0650316 , -106.74122663,  -64.16625783, -109.80226036,
        -81.78419553, -360.20100386, -372.82114085, -170.26630628,
       -647.5978678 , -102.79475174, -169.59962686,  -44.47441631,
       -202.04325217, -530.17621044, -126.80858791, -472.4975943 ,
       -263.3727449 ]), 'max_error': array([-34.06064593, -29.03081261, -15.92551927, -33.54477831,
       -21.5655689 , -15.55473717, -28.03423124, -35.88970793,
       -15.12151928, -17.49751571, -22.46910746, -32.53652915,
       -59.84796318, -38.88273436, -17.09373831, -15.78491325,
       -34.76045256,  -9.8790846 , -26.93582036, -43.68883246,
       -33.6067247 , -44.60645552, -18.71631656, -41.90390705,
       -29.41548008, -47.42386032, -34.28363564, -59.34017735,
       -33.55513568, -29.03370785, -31.55208616, -42.25692839,
       -47.03098006, -28.46143743, -21.25649909, -49.73187314,
       -38.03345969, -28.99088996, -20.16079153, -30.72319966,
       -21.77002116, -53.75823939, -49.91004037, -42.05360231,
       -65.22318645, -24.15701203, -34.10910287, -15.79689288,
       -49.57058724, -48.10999329, -35.5284169 , -48.94501138,
       -53.67309967]), 'explained_variance': array([-2.22044605e-16,  0.00000000e+00,  1.11022302e-16,  3.33066907e-16,
        0.00000000e+00,  0.00000000e+00,  0.00000000e+00,  0.00000000e+00,
        0.00000000e+00,  3.33066907e-16,  1.11022302e-16,  0.00000000e+00,
        0.00000000e+00,  0.00000000e+00,  2.22044605e-16,  0.00000000e+00,
        0.00000000e+00,  0.00000000e+00,  0.00000000e+00, -2.22044605e-16,
        0.00000000e+00,  1.11022302e-16, -2.22044605e-16, -2.22044605e-16,
        0.00000000e+00,  0.00000000e+00,  0.00000000e+00,  1.11022302e-16,
        0.00000000e+00, -2.22044605e-16, -2.22044605e-16,  0.00000000e+00,
        0.00000000e+00,  0.00000000e+00,  0.00000000e+00,  1.11022302e-16,
        0.00000000e+00,  0.00000000e+00, -2.22044605e-16,  2.22044605e-16,
        0.00000000e+00,  0.00000000e+00,  0.00000000e+00,  0.00000000e+00,
       -4.44089210e-16, -2.22044605e-16,  0.00000000e+00,  0.00000000e+00,
        0.00000000e+00, -2.22044605e-16,  1.11022302e-16, -2.22044605e-16,
        0.00000000e+00])}
         accs  y_pred (s)  y_true (s)
54     [2, 1]   12.949984      19.499
4    [34, 41]   20.103683      26.335
3    [34, 41]   20.103683      27.642
11   [34, 41]   20.103683      18.893
27   [31, 29]   19.823598      65.978
29   [31, 29]   19.823598      45.143
64     [2, 1]   12.949984      30.560
77   [15, 15]   15.594225      12.834
124  [24, 25]   20.974193      45.263
71     [2, 1]   12.949984       9.629
25   [31, 29]   19.823598      19.467
91   [11, 15]   14.423131      14.879
83   [15, 15]   15.594225      24.338
89   [15, 15]   15.594225      11.455
69     [2, 1]   12.949984       9.069
{'mse': 286.35518381066595, 'mae': 11.570618111856968, 'r2-score': -0.1712305999725372, 'max-error': 63.15129350503321, 'explained variance score': 0.09291127047248082, 'layers': ['conv1', 'mbconv1']}
