environment: line 5: __conda_exe: command not found
Using device: cuda
Using model: efficientnetB4
Number of videos: 64
Execution type : naive
Using 2 features
Job ID : 5
Plotting ?  yes
Calculate accumulators ?  no
The directory contains : 65 videos
Number of videos in the directory : 65
Number of videos in the dataframe : 64
['conv1', 'mbconv1', 'mbconv2', 'mbconv3', 'mbconv4', 'mbconv5', 'mbconv6', 'mbconv7', 'conv2', 'pool', 'output']
{'conv1': {'T_max': 773.9153770208359, 'T_min': 474.00882083177567, 'tau': 100, 'alpha': 50}, 'mbconv1': {'T_max': 3485.9428219795227, 'T_min': 2560.6904525756836, 'tau': 100, 'alpha': 50}, 'mbconv2': {'T_max': 2793.179835796356, 'T_min': 1976.7829375267029, 'tau': 100, 'alpha': 50}, 'mbconv3': {'T_max': 1668.251520872116, 'T_min': 1083.705378293991, 'tau': 100, 'alpha': 50}, 'mbconv4': {'T_max': 817.8574377298355, 'T_min': 502.0499846339226, 'tau': 100, 'alpha': 50}, 'mbconv5': {'T_max': 940.7537368535995, 'T_min': 533.222236931324, 'tau': 100, 'alpha': 50}, 'mbconv6': {'T_max': 628.3391550779343, 'T_min': 341.6495691537857, 'tau': 100, 'alpha': 50}, 'mbconv7': {'T_max': 368.16851300001144, 'T_min': 200.31917816400528, 'tau': 100, 'alpha': 50}, 'conv2': {'T_max': 79.04693293571472, 'T_min': 40.3972128406167, 'tau': 100, 'alpha': 50}, 'pool': {'T_max': 1.9010385829024017, 'T_min': 0.9983048296999186, 'tau': 100, 'alpha': 50}, 'output': {'T_max': 12.80766905657947, 'T_min': 6.51999241206795, 'tau': 100, 'alpha': 50}}
Iterating over following combinations of layers :  [['conv1'], ['mbconv1'], ['mbconv2'], ['mbconv3'], ['mbconv4'], ['mbconv5'], ['mbconv6'], ['mbconv7'], ['conv2'], ['pool'], ['output'], ['conv1', 'mbconv1'], ['conv1', 'mbconv2'], ['conv1', 'mbconv3'], ['conv1', 'mbconv4'], ['conv1', 'mbconv5'], ['conv1', 'mbconv6'], ['conv1', 'mbconv7'], ['conv1', 'conv2'], ['conv1', 'pool'], ['conv1', 'output'], ['mbconv1', 'mbconv2'], ['mbconv1', 'mbconv3'], ['mbconv1', 'mbconv4'], ['mbconv1', 'mbconv5'], ['mbconv1', 'mbconv6'], ['mbconv1', 'mbconv7'], ['mbconv1', 'conv2'], ['mbconv1', 'pool'], ['mbconv1', 'output'], ['mbconv2', 'mbconv3'], ['mbconv2', 'mbconv4'], ['mbconv2', 'mbconv5'], ['mbconv2', 'mbconv6'], ['mbconv2', 'mbconv7'], ['mbconv2', 'conv2'], ['mbconv2', 'pool'], ['mbconv2', 'output'], ['mbconv3', 'mbconv4'], ['mbconv3', 'mbconv5'], ['mbconv3', 'mbconv6'], ['mbconv3', 'mbconv7'], ['mbconv3', 'conv2'], ['mbconv3', 'pool'], ['mbconv3', 'output'], ['mbconv4', 'mbconv5'], ['mbconv4', 'mbconv6'], ['mbconv4', 'mbconv7'], ['mbconv4', 'conv2'], ['mbconv4', 'pool'], ['mbconv4', 'output'], ['mbconv5', 'mbconv6'], ['mbconv5', 'mbconv7'], ['mbconv5', 'conv2'], ['mbconv5', 'pool'], ['mbconv5', 'output'], ['mbconv6', 'mbconv7'], ['mbconv6', 'conv2'], ['mbconv6', 'pool'], ['mbconv6', 'output'], ['mbconv7', 'conv2'], ['mbconv7', 'pool'], ['mbconv7', 'output'], ['conv2', 'pool'], ['conv2', 'output'], ['pool', 'output']]
[['mbconv5']]
Generating the training set for videos : 
TRAINING SET : contains 962 samples, 37 patients based on 56 videos
TEST SET : contains 127 samples, 37 patients based on 8 videos
Dataset constituted.
--------------------NAIVE IMPLEMENTATION-------------------
Number of folds : 53
Grid search.
The best parameters are : {'C': 100.0}
Metrics obtained during CV : 
{'r2': array([-1.42839090e-01, -1.64012828e-01, -1.39773374e-02, -2.71315153e-01,
       -2.96209648e-02, -2.26753957e-02, -2.87084758e-03, -8.05237611e-02,
       -2.78242325e-02, -9.07230728e-03, -1.04025985e-01, -6.75302453e-01,
       -5.11533101e-01, -2.88168554e-01, -1.18445238e-01, -6.02902150e-01,
       -4.62200340e-04, -2.10747757e+00, -5.31191962e-03, -1.98278386e-01,
       -6.40930945e-02, -7.54077643e-01, -1.66384630e-02, -2.67783285e-01,
       -1.10369219e-01, -1.28013142e-01, -2.59729821e-01, -2.92079800e-01,
       -2.12156958e-01, -4.76207930e-03, -1.11681995e-01, -4.90199402e-01,
       -4.30295351e-01, -1.10542146e-01, -4.78212704e-01, -4.71485105e-01,
       -9.70783671e-02, -4.63811301e-02, -1.45792791e-03, -5.88557119e-03,
       -5.09542970e-04, -2.24861629e-01, -5.68116876e-01, -7.80136061e-02,
       -2.13518148e-01, -1.33283012e-01, -2.16493040e-01, -9.08940519e-03,
       -1.37502592e-01, -8.71745470e-01, -6.60801005e-02, -1.23382195e-01,
       -3.19307543e-02]), 'neg_mean_absolute_error': array([ -8.58650452, -11.62252719,  -8.64258348, -11.00544976,
        -9.12746798,  -5.63835031,  -8.72451501,  -6.1105229 ,
        -6.95473543,  -7.35360558,  -7.79139571, -14.33092524,
       -15.50217054, -14.11599124,  -7.34119961,  -9.52596732,
       -13.48405067,  -8.37491179,  -8.77929529,  -9.86663666,
        -9.17311111, -14.31837523,  -8.33442097, -10.90035938,
        -8.9717089 ,  -9.44822883, -10.5871734 , -15.95079126,
       -10.48122222, -10.25894444, -11.74985069, -12.49521087,
       -12.43016835,  -9.98885002, -12.37452491, -12.08935259,
        -9.44361111,  -6.73076626,  -5.68538328,  -7.16235357,
        -6.99028322, -12.26285382, -13.98663664,  -8.71733913,
       -20.22766489,  -8.05556499,  -9.72532289,  -5.19560247,
        -8.77619796, -18.72226658,  -8.28002889, -14.07118051,
       -10.36055105]), 'neg_mean_squared_error': array([-127.45781693, -222.16634573,  -96.32433272, -223.78495623,
       -131.76134045,  -47.19600514, -127.8317045 , -100.35078124,
        -67.06650048,  -78.44267258, -102.85358823, -345.51426079,
       -456.38731882, -328.39730975,  -81.52187914, -131.00514292,
       -250.38609787,  -87.53259848,  -96.24424554, -221.32826754,
       -153.86769464, -380.38907211, -110.22792803, -247.92448524,
       -126.37254583, -272.76653431, -175.10608221, -503.51382682,
       -228.35546264, -146.97526492, -218.05681534, -275.99623787,
       -310.71708882, -128.92695559, -209.94285218, -279.3881824 ,
       -180.18230612,  -77.70500958,  -63.96812803, -108.03682025,
        -80.59617632, -278.31618636, -384.08952826, -167.36056369,
       -714.2320018 , -116.14763419, -159.78453013,  -43.98816644,
       -200.96473638, -581.95090154, -126.73033409, -340.51788202,
       -240.84712726]), 'max_error': array([-35.1222276 , -36.51367223, -16.48938277, -37.29718179,
       -26.60210841, -14.872192  , -27.77944297, -35.21393516,
       -17.20620536, -19.76016466, -25.11050617, -35.12050723,
       -63.72360574, -40.30336671, -20.4411725 , -20.01694355,
       -30.93867909, -13.87155494, -23.20134239, -47.57236495,
       -33.64264794, -48.12507541, -22.39185564, -48.0696172 ,
       -29.71242397, -48.64055943, -26.15759343, -60.28704046,
       -35.81889502, -26.28732438, -32.62315625, -40.25397445,
       -47.43475379, -22.56186997, -28.02824141, -48.21666832,
       -39.22882566, -25.14760364, -19.92627525, -33.06668212,
       -20.86398775, -49.37459218, -50.39774595, -41.65855217,
       -68.749992  , -27.29886825, -33.25689783, -17.36575803,
       -49.46236528, -49.76568472, -35.5144912 , -42.0459441 ,
       -50.92779579]), 'explained_variance': array([-4.44089210e-16,  0.00000000e+00,  1.11022302e-16,  0.00000000e+00,
        0.00000000e+00,  0.00000000e+00,  0.00000000e+00,  0.00000000e+00,
        0.00000000e+00,  3.33066907e-16,  1.11022302e-16,  0.00000000e+00,
       -2.22044605e-16,  0.00000000e+00,  2.22044605e-16,  0.00000000e+00,
        2.22044605e-16,  0.00000000e+00,  0.00000000e+00,  0.00000000e+00,
        2.22044605e-16, -2.22044605e-16, -2.22044605e-16, -2.22044605e-16,
        0.00000000e+00,  0.00000000e+00, -2.22044605e-16,  1.11022302e-16,
        0.00000000e+00, -2.22044605e-16,  0.00000000e+00,  0.00000000e+00,
        0.00000000e+00,  0.00000000e+00,  0.00000000e+00,  4.44089210e-16,
        0.00000000e+00,  0.00000000e+00, -2.22044605e-16,  2.22044605e-16,
        0.00000000e+00,  0.00000000e+00,  0.00000000e+00,  0.00000000e+00,
       -2.22044605e-16,  0.00000000e+00,  0.00000000e+00,  0.00000000e+00,
        0.00000000e+00, -2.22044605e-16,  0.00000000e+00,  0.00000000e+00,
        0.00000000e+00])}
     accs  y_pred (s)  y_true (s)
54    [9]   16.032573      19.499
4    [40]   24.212871      26.335
3    [40]   24.212871      27.642
11   [40]   24.212871      18.893
27   [26]   22.314987      65.978
29   [26]   22.314987      45.143
64    [9]   16.032573      30.560
77   [14]   15.772154      12.834
124  [25]   20.964334      45.263
71    [9]   16.032573       9.629
25   [26]   22.314987      19.467
91    [4]   16.600347      14.879
83   [14]   15.772154      24.338
89   [14]   15.772154      11.455
69    [9]   16.032573       9.069
{'mse': 260.695024842328, 'mae': 11.137063848930039, 'r2-score': -0.06627715375258525, 'max-error': 64.87142689537262, 'explained variance score': 0.1086964929726506, 'layers': ['mbconv5']}
