environment: line 5: __conda_exe: command not found
Using device: cuda
Using model: efficientnetB4
Number of videos: 64
Execution type : naive
Using 2 features
Job ID : 57
Plotting ?  yes
Calculate accumulators ?  no
The directory contains : 65 videos
Number of videos in the directory : 65
Number of videos in the dataframe : 64
['conv1', 'mbconv1', 'mbconv2', 'mbconv3', 'mbconv4', 'mbconv5', 'mbconv6', 'mbconv7', 'conv2', 'pool', 'output']
{'conv1': {'T_max': 773.9153770208359, 'T_min': 474.00882083177567, 'tau': 100, 'alpha': 50}, 'mbconv1': {'T_max': 3485.9428219795227, 'T_min': 2560.6904525756836, 'tau': 100, 'alpha': 50}, 'mbconv2': {'T_max': 2793.179835796356, 'T_min': 1976.7829375267029, 'tau': 100, 'alpha': 50}, 'mbconv3': {'T_max': 1668.251520872116, 'T_min': 1083.705378293991, 'tau': 100, 'alpha': 50}, 'mbconv4': {'T_max': 817.8574377298355, 'T_min': 502.0499846339226, 'tau': 100, 'alpha': 50}, 'mbconv5': {'T_max': 940.7537368535995, 'T_min': 533.222236931324, 'tau': 100, 'alpha': 50}, 'mbconv6': {'T_max': 628.3391550779343, 'T_min': 341.6495691537857, 'tau': 100, 'alpha': 50}, 'mbconv7': {'T_max': 368.16851300001144, 'T_min': 200.31917816400528, 'tau': 100, 'alpha': 50}, 'conv2': {'T_max': 79.04693293571472, 'T_min': 40.3972128406167, 'tau': 100, 'alpha': 50}, 'pool': {'T_max': 1.9010385829024017, 'T_min': 0.9983048296999186, 'tau': 100, 'alpha': 50}, 'output': {'T_max': 12.80766905657947, 'T_min': 6.51999241206795, 'tau': 100, 'alpha': 50}}
Iterating over following combinations of layers :  [['conv1'], ['mbconv1'], ['mbconv2'], ['mbconv3'], ['mbconv4'], ['mbconv5'], ['mbconv6'], ['mbconv7'], ['conv2'], ['pool'], ['output'], ['conv1', 'mbconv1'], ['conv1', 'mbconv2'], ['conv1', 'mbconv3'], ['conv1', 'mbconv4'], ['conv1', 'mbconv5'], ['conv1', 'mbconv6'], ['conv1', 'mbconv7'], ['conv1', 'conv2'], ['conv1', 'pool'], ['conv1', 'output'], ['mbconv1', 'mbconv2'], ['mbconv1', 'mbconv3'], ['mbconv1', 'mbconv4'], ['mbconv1', 'mbconv5'], ['mbconv1', 'mbconv6'], ['mbconv1', 'mbconv7'], ['mbconv1', 'conv2'], ['mbconv1', 'pool'], ['mbconv1', 'output'], ['mbconv2', 'mbconv3'], ['mbconv2', 'mbconv4'], ['mbconv2', 'mbconv5'], ['mbconv2', 'mbconv6'], ['mbconv2', 'mbconv7'], ['mbconv2', 'conv2'], ['mbconv2', 'pool'], ['mbconv2', 'output'], ['mbconv3', 'mbconv4'], ['mbconv3', 'mbconv5'], ['mbconv3', 'mbconv6'], ['mbconv3', 'mbconv7'], ['mbconv3', 'conv2'], ['mbconv3', 'pool'], ['mbconv3', 'output'], ['mbconv4', 'mbconv5'], ['mbconv4', 'mbconv6'], ['mbconv4', 'mbconv7'], ['mbconv4', 'conv2'], ['mbconv4', 'pool'], ['mbconv4', 'output'], ['mbconv5', 'mbconv6'], ['mbconv5', 'mbconv7'], ['mbconv5', 'conv2'], ['mbconv5', 'pool'], ['mbconv5', 'output'], ['mbconv6', 'mbconv7'], ['mbconv6', 'conv2'], ['mbconv6', 'pool'], ['mbconv6', 'output'], ['mbconv7', 'conv2'], ['mbconv7', 'pool'], ['mbconv7', 'output'], ['conv2', 'pool'], ['conv2', 'output'], ['pool', 'output']]
[['mbconv6', 'conv2']]
Generating the training set for videos : 
TRAINING SET : contains 962 samples, 37 patients based on 56 videos
TEST SET : contains 127 samples, 37 patients based on 8 videos
Dataset constituted.
--------------------NAIVE IMPLEMENTATION-------------------
Number of folds : 53
Grid search.
The best parameters are : {'C': 1}
Metrics obtained during CV : 
{'r2': array([-6.08930391e-02, -2.48697192e-02, -2.58761294e-01, -5.40706665e-02,
       -1.36029332e-01, -6.37043051e-02, -2.78983910e-02, -3.49272377e-02,
       -1.09791680e-03, -6.04866268e-03, -1.57748407e-01, -5.98109801e-01,
       -2.15052432e-01, -4.99116917e-02, -1.39252287e-01, -3.63254536e-02,
       -5.13071683e-05, -1.08501572e+00, -4.34195691e-02, -2.64841768e-01,
       -6.75731798e-02, -7.94905455e-01, -5.93780438e-02, -5.44621758e-01,
       -2.25004163e-01, -8.31408629e-02, -1.25543160e-05, -3.49017811e-01,
       -2.70324583e-01, -4.37490354e-02, -1.92432130e-01, -2.67977396e-01,
       -3.65890420e-01, -7.65503731e-04, -4.92217555e-01, -3.00418110e-01,
       -4.76720876e-03, -4.17436439e-02, -1.13353102e-02, -7.29688453e-02,
       -2.14733234e-03, -3.43289016e-01, -7.93391975e-01, -1.52042630e-01,
       -2.50237798e-01, -7.73174248e-02, -1.46581275e-01, -1.89366778e-01,
       -3.42628164e-01, -6.71318677e-01, -1.68847529e-03, -3.07372406e-01,
       -5.34606264e-02]), 'neg_mean_absolute_error': array([ -7.52648244, -11.13296713, -10.24844923, -10.96023557,
       -10.98156476,  -5.95511404,  -8.13308502,  -6.07072045,
        -6.70679344,  -7.37793393,  -7.90515532, -13.9285774 ,
       -13.89225784, -13.12022934,  -7.43985413,  -7.46634952,
       -13.45208038,  -6.66666793,  -8.63199487, -10.07606277,
        -9.17311111, -14.50816491,  -8.28472708, -12.12604211,
        -9.83193881,  -9.51598577,  -8.80158064, -16.28199443,
       -10.49790247, -10.25894444, -12.01182655, -11.54176411,
       -12.09555736,  -8.16427154, -12.41445989, -11.24089506,
       -10.05606089,  -6.74134676,  -5.98193201,  -7.38506781,
        -7.26517472, -12.81512518, -15.17772553,  -8.99877737,
       -20.46612395,  -7.96870101,  -9.64295313,  -5.91534344,
        -9.68541658, -17.61701013,  -8.12260297, -14.51330141,
       -10.15994629]), 'neg_mean_squared_error': array([-118.31859089, -195.60915039, -119.57796022, -185.54420389,
       -145.37849627,  -49.08947067, -131.02185958,  -96.11612495,
        -65.32258318,  -78.20762226, -107.85849199, -329.59405356,
       -366.86892354, -267.6576555 ,  -83.03847529,  -84.69884715,
       -250.28326346,  -58.73150808,  -99.89250824, -233.62287118,
       -154.37091442, -389.2429866 , -114.86192096, -302.06231517,
       -139.41929584, -261.91590187, -139.00463231, -525.70214382,
       -239.31352788, -152.67822517, -233.89598289, -234.83903591,
       -296.72577372, -116.18257812, -211.93188821, -246.9080054 ,
       -165.02127671,  -77.36062655,  -64.59904585, -115.241878  ,
        -80.72810865, -305.22555976, -439.26769005, -178.85349766,
       -735.8438331 , -110.41184669, -150.60172504,  -51.84680717,
       -237.2046595 , -519.63550941, -119.0757759 , -396.28871172,
       -245.87208443]), 'max_error': array([-36.50752567, -33.09737548, -17.26328171, -33.47152423,
       -20.48289566, -14.18053702, -30.27012818, -34.28031137,
       -18.28597488, -19.60608513, -25.83098372, -34.42554278,
       -59.35384271, -35.29935749, -20.19353017, -15.58964092,
       -31.16547281, -11.69513005, -24.52704616, -48.51478246,
       -33.7242046 , -48.46669684, -23.58604371, -51.15322983,
       -28.19617511, -47.56062811, -30.20777423, -61.28064994,
       -36.63312226, -29.65167781, -34.08646947, -37.77062566,
       -46.68187905, -25.84611123, -28.14804635, -46.30763888,
       -34.350984  , -25.05237914, -18.77020397, -35.07111029,
       -20.24548189, -51.0585422 , -52.54170595, -43.0368321 ,
       -69.67570519, -26.4179171 , -32.3122032 , -13.86316594,
       -52.31386884, -47.7496858 , -32.26374953, -45.58291131,
       -51.73021483]), 'explained_variance': array([-4.44089210e-16,  0.00000000e+00,  1.11022302e-16,  0.00000000e+00,
        0.00000000e+00,  0.00000000e+00,  0.00000000e+00, -2.22044605e-16,
        0.00000000e+00,  3.33066907e-16,  1.11022302e-16, -2.22044605e-16,
       -2.22044605e-16,  0.00000000e+00,  2.22044605e-16,  0.00000000e+00,
        0.00000000e+00,  0.00000000e+00,  0.00000000e+00,  0.00000000e+00,
        0.00000000e+00, -2.22044605e-16, -2.22044605e-16, -2.22044605e-16,
        0.00000000e+00,  0.00000000e+00,  0.00000000e+00,  0.00000000e+00,
        0.00000000e+00, -2.22044605e-16, -2.22044605e-16,  0.00000000e+00,
        0.00000000e+00,  0.00000000e+00,  0.00000000e+00,  1.11022302e-16,
        0.00000000e+00,  0.00000000e+00,  0.00000000e+00,  2.22044605e-16,
        0.00000000e+00,  0.00000000e+00,  0.00000000e+00,  0.00000000e+00,
       -2.22044605e-16, -2.22044605e-16, -2.22044605e-16,  0.00000000e+00,
        0.00000000e+00,  0.00000000e+00,  0.00000000e+00, -2.22044605e-16,
        0.00000000e+00])}
         accs  y_pred (s)  y_true (s)
54     [4, 2]   14.368553      19.499
4    [36, 24]   25.402751      26.335
3    [36, 24]   25.402751      27.642
11   [36, 24]   25.402751      18.893
27   [24, 16]   19.778170      65.978
29   [24, 16]   19.778170      45.143
64     [4, 2]   14.368553      30.560
77   [13, 11]   16.466831      12.834
124  [23, 16]   19.410444      45.263
71     [4, 2]   14.368553       9.629
25   [24, 16]   19.778170      19.467
91     [3, 5]   14.691689      14.879
83   [13, 11]   16.466831      24.338
89   [13, 11]   16.466831      11.455
69     [4, 2]   14.368553       9.069
{'mse': 274.7103667790415, 'mae': 11.291830318010195, 'r2-score': -0.12360175715913924, 'max-error': 64.73488482709176, 'explained variance score': 0.0977108038647253, 'layers': ['mbconv6', 'conv2']}
