environment: line 5: __conda_exe: command not found
Using device: cuda
Using model: efficientnetB4
Number of videos: 64
Execution type : naive
Using 2 features
Job ID : 23
Plotting ?  yes
Calculate accumulators ?  no
The directory contains : 65 videos
Number of videos in the directory : 65
Number of videos in the dataframe : 64
['conv1', 'mbconv1', 'mbconv2', 'mbconv3', 'mbconv4', 'mbconv5', 'mbconv6', 'mbconv7', 'conv2', 'pool', 'output']
{'conv1': {'T_max': 773.9153770208359, 'T_min': 474.00882083177567, 'tau': 100, 'alpha': 50}, 'mbconv1': {'T_max': 3485.9428219795227, 'T_min': 2560.6904525756836, 'tau': 100, 'alpha': 50}, 'mbconv2': {'T_max': 2793.179835796356, 'T_min': 1976.7829375267029, 'tau': 100, 'alpha': 50}, 'mbconv3': {'T_max': 1668.251520872116, 'T_min': 1083.705378293991, 'tau': 100, 'alpha': 50}, 'mbconv4': {'T_max': 817.8574377298355, 'T_min': 502.0499846339226, 'tau': 100, 'alpha': 50}, 'mbconv5': {'T_max': 940.7537368535995, 'T_min': 533.222236931324, 'tau': 100, 'alpha': 50}, 'mbconv6': {'T_max': 628.3391550779343, 'T_min': 341.6495691537857, 'tau': 100, 'alpha': 50}, 'mbconv7': {'T_max': 368.16851300001144, 'T_min': 200.31917816400528, 'tau': 100, 'alpha': 50}, 'conv2': {'T_max': 79.04693293571472, 'T_min': 40.3972128406167, 'tau': 100, 'alpha': 50}, 'pool': {'T_max': 1.9010385829024017, 'T_min': 0.9983048296999186, 'tau': 100, 'alpha': 50}, 'output': {'T_max': 12.80766905657947, 'T_min': 6.51999241206795, 'tau': 100, 'alpha': 50}}
Iterating over following combinations of layers :  [['conv1'], ['mbconv1'], ['mbconv2'], ['mbconv3'], ['mbconv4'], ['mbconv5'], ['mbconv6'], ['mbconv7'], ['conv2'], ['pool'], ['output'], ['conv1', 'mbconv1'], ['conv1', 'mbconv2'], ['conv1', 'mbconv3'], ['conv1', 'mbconv4'], ['conv1', 'mbconv5'], ['conv1', 'mbconv6'], ['conv1', 'mbconv7'], ['conv1', 'conv2'], ['conv1', 'pool'], ['conv1', 'output'], ['mbconv1', 'mbconv2'], ['mbconv1', 'mbconv3'], ['mbconv1', 'mbconv4'], ['mbconv1', 'mbconv5'], ['mbconv1', 'mbconv6'], ['mbconv1', 'mbconv7'], ['mbconv1', 'conv2'], ['mbconv1', 'pool'], ['mbconv1', 'output'], ['mbconv2', 'mbconv3'], ['mbconv2', 'mbconv4'], ['mbconv2', 'mbconv5'], ['mbconv2', 'mbconv6'], ['mbconv2', 'mbconv7'], ['mbconv2', 'conv2'], ['mbconv2', 'pool'], ['mbconv2', 'output'], ['mbconv3', 'mbconv4'], ['mbconv3', 'mbconv5'], ['mbconv3', 'mbconv6'], ['mbconv3', 'mbconv7'], ['mbconv3', 'conv2'], ['mbconv3', 'pool'], ['mbconv3', 'output'], ['mbconv4', 'mbconv5'], ['mbconv4', 'mbconv6'], ['mbconv4', 'mbconv7'], ['mbconv4', 'conv2'], ['mbconv4', 'pool'], ['mbconv4', 'output'], ['mbconv5', 'mbconv6'], ['mbconv5', 'mbconv7'], ['mbconv5', 'conv2'], ['mbconv5', 'pool'], ['mbconv5', 'output'], ['mbconv6', 'mbconv7'], ['mbconv6', 'conv2'], ['mbconv6', 'pool'], ['mbconv6', 'output'], ['mbconv7', 'conv2'], ['mbconv7', 'pool'], ['mbconv7', 'output'], ['conv2', 'pool'], ['conv2', 'output'], ['pool', 'output']]
[['mbconv1', 'mbconv4']]
Generating the training set for videos : 
TRAINING SET : contains 962 samples, 37 patients based on 56 videos
TEST SET : contains 127 samples, 37 patients based on 8 videos
Dataset constituted.
--------------------NAIVE IMPLEMENTATION-------------------
Number of folds : 53
Grid search.
The best parameters are : {'C': 10.0}
Metrics obtained during CV : 
{'r2': array([-6.28261388e-02, -1.40387628e-01, -3.43605704e-02, -8.05804969e-02,
       -2.52197145e-03, -2.10785415e-02, -3.43820738e-03, -9.08398492e-02,
       -5.96296337e-02, -2.62814404e-02, -2.08323311e-02, -5.19014653e-01,
       -3.17004480e-01, -1.92385440e-01, -3.24397567e-01, -1.77539773e-01,
       -6.63972809e-03, -2.93612985e-01, -1.53475038e-01, -1.24094253e-01,
       -4.05771458e-02, -7.82051782e-01, -4.56373478e-02, -1.68513380e-02,
       -6.68570635e-02, -2.31371492e-04, -1.65056654e-02, -2.06427682e-01,
       -1.57712366e-01, -3.12001709e-02, -3.04868907e-01, -2.35555960e-01,
       -4.79856259e-01, -9.85196368e-02, -5.30749911e-01, -6.80592982e-01,
       -4.14525352e-02, -4.91467225e-02, -2.22544395e-01, -3.63887099e-04,
       -6.20166099e-04, -5.45646324e-01, -6.59561566e-01, -8.55733734e-02,
       -1.15338935e-01, -1.23614843e-02, -2.37179595e-01, -8.44915698e-02,
       -2.52125797e-01, -5.73940285e-01, -2.20446144e-03, -2.11364244e-01,
       -8.18495591e-02]), 'neg_mean_absolute_error': array([ -7.55456356, -13.26193406,  -8.84247646, -10.92438817,
        -9.43114245,  -5.62483761,  -8.39111164,  -6.11946475,
        -7.11923744,  -7.71189237,  -7.56797593, -13.58031513,
       -14.52791891, -13.70339786,  -8.39296437,  -8.28709352,
       -13.37827002,  -5.40590605,  -9.51420623,  -9.58880441,
        -9.17311111, -14.4489511 ,  -8.24996364, -10.63555556,
        -8.53519248, -10.67489234,  -8.661     , -15.38422894,
       -10.48122222, -10.25894444, -12.38398138, -11.39512944,
       -12.67089032,  -9.8775092 , -12.52149286, -12.94305203,
        -9.44361111,  -6.72470741,  -7.41800259,  -7.09597842,
        -6.98098855, -13.74011478, -14.4943955 ,  -8.73564149,
       -19.59777412,  -7.869324  ,  -9.79854605,  -5.61044584,
        -9.22992832, -17.04055718,  -8.14527519, -14.30727645,
        -9.95034963]), 'neg_mean_squared_error': array([-118.53418438, -217.65718212,  -98.26066921, -190.21063237,
       -128.29346265,  -47.12231104, -127.90402346, -101.3088606 ,
        -69.14183291,  -79.7804661 ,  -95.10307696, -313.2814757 ,
       -397.6519887 , -303.97898601,  -96.53345081,  -96.24028908,
       -251.93215035,  -36.43897777, -110.42874617, -207.62607117,
       -150.46729215, -386.45554064, -113.37210082, -198.85286981,
       -121.42037155, -241.86743453, -141.29722237, -470.13583774,
       -218.09877117, -150.84259391, -255.95049618, -228.83434011,
       -321.48369096, -127.53121789, -217.40443809, -319.09111212,
       -171.04641303,  -77.91038445,  -78.09002672, -107.44376553,
        -80.60508758, -351.20570385, -406.48769786, -168.53421021,
       -656.44733969, -103.75465804, -162.50167805,  -47.2750932 ,
       -221.21543505, -489.35925441, -119.13711378, -367.18686525,
       -252.49790974]), 'max_error': array([-36.46648403, -25.74232184, -15.83499246, -34.15262473,
       -25.22325869, -14.90886934, -29.04637578, -35.3838303 ,
       -16.58109772, -17.49101499, -23.39054261, -33.66514105,
       -61.07920846, -38.73551186, -18.51682131, -21.12192562,
       -32.56786959, -10.46039787, -18.65507195, -46.30823972,
       -33.02061509, -48.36011199, -23.27317276, -42.64843613,
       -30.49815354, -43.31336723, -31.68070629, -58.58735349,
       -34.94767508, -29.25827767, -35.67577747, -37.33072166,
       -47.97637822, -22.76228344, -28.46914523, -50.12279365,
       -37.84506592, -25.20213335, -15.85082945, -32.46930577,
       -20.88490077, -53.36138326, -51.3117119 , -41.82327338,
       -65.7789671 , -24.72850806, -33.50585658, -14.81714025,
       -51.20768307, -46.66083023, -33.22367826, -43.93471162,
       -52.56860148]), 'explained_variance': array([-4.44089210e-16,  0.00000000e+00,  1.11022302e-16,  0.00000000e+00,
        0.00000000e+00,  0.00000000e+00,  0.00000000e+00, -2.22044605e-16,
        0.00000000e+00,  3.33066907e-16,  0.00000000e+00,  0.00000000e+00,
        0.00000000e+00,  1.11022302e-16,  2.22044605e-16,  2.22044605e-16,
        2.22044605e-16,  0.00000000e+00,  0.00000000e+00,  0.00000000e+00,
        2.22044605e-16, -2.22044605e-16, -2.22044605e-16, -2.22044605e-16,
        0.00000000e+00,  0.00000000e+00,  0.00000000e+00,  1.11022302e-16,
        0.00000000e+00, -2.22044605e-16,  0.00000000e+00,  0.00000000e+00,
        1.11022302e-16,  0.00000000e+00,  0.00000000e+00,  3.33066907e-16,
        0.00000000e+00,  0.00000000e+00, -2.22044605e-16,  2.22044605e-16,
        0.00000000e+00,  0.00000000e+00, -2.22044605e-16,  0.00000000e+00,
        0.00000000e+00, -2.22044605e-16,  0.00000000e+00,  0.00000000e+00,
        0.00000000e+00,  0.00000000e+00,  0.00000000e+00, -2.22044605e-16,
       -2.22044605e-16])}
         accs  y_pred (s)  y_true (s)
54    [1, 10]   12.277121      19.499
4    [41, 43]   23.580166      26.335
3    [41, 43]   23.580166      27.642
11   [41, 43]   23.580166      18.893
27   [29, 28]   13.230137      65.978
29   [29, 28]   13.230137      45.143
64    [1, 10]   12.277121      30.560
77   [15, 14]   18.077867      12.834
124  [25, 25]   14.794581      45.263
71    [1, 10]   12.277121       9.629
25   [29, 28]   13.230137      19.467
91    [15, 2]   14.467566      14.879
83   [15, 14]   18.077867      24.338
89   [15, 14]   18.077867      11.455
69    [1, 10]   12.277121       9.069
{'mse': 325.91887763530417, 'mae': 12.385284107616823, 'r2-score': -0.3330513438428453, 'max-error': 63.54517226014764, 'explained variance score': 0.0113300899721972, 'layers': ['mbconv1', 'mbconv4']}
