environment: line 5: __conda_exe: command not found
Using device: cuda
Using model: efficientnetB4
Number of videos: 64
Execution type : naive
Using 2 features
Job ID : 58
Plotting ?  yes
Calculate accumulators ?  no
The directory contains : 65 videos
Number of videos in the directory : 65
Number of videos in the dataframe : 64
['conv1', 'mbconv1', 'mbconv2', 'mbconv3', 'mbconv4', 'mbconv5', 'mbconv6', 'mbconv7', 'conv2', 'pool', 'output']
{'conv1': {'T_max': 773.9153770208359, 'T_min': 474.00882083177567, 'tau': 100, 'alpha': 50}, 'mbconv1': {'T_max': 3485.9428219795227, 'T_min': 2560.6904525756836, 'tau': 100, 'alpha': 50}, 'mbconv2': {'T_max': 2793.179835796356, 'T_min': 1976.7829375267029, 'tau': 100, 'alpha': 50}, 'mbconv3': {'T_max': 1668.251520872116, 'T_min': 1083.705378293991, 'tau': 100, 'alpha': 50}, 'mbconv4': {'T_max': 817.8574377298355, 'T_min': 502.0499846339226, 'tau': 100, 'alpha': 50}, 'mbconv5': {'T_max': 940.7537368535995, 'T_min': 533.222236931324, 'tau': 100, 'alpha': 50}, 'mbconv6': {'T_max': 628.3391550779343, 'T_min': 341.6495691537857, 'tau': 100, 'alpha': 50}, 'mbconv7': {'T_max': 368.16851300001144, 'T_min': 200.31917816400528, 'tau': 100, 'alpha': 50}, 'conv2': {'T_max': 79.04693293571472, 'T_min': 40.3972128406167, 'tau': 100, 'alpha': 50}, 'pool': {'T_max': 1.9010385829024017, 'T_min': 0.9983048296999186, 'tau': 100, 'alpha': 50}, 'output': {'T_max': 12.80766905657947, 'T_min': 6.51999241206795, 'tau': 100, 'alpha': 50}}
Iterating over following combinations of layers :  [['conv1'], ['mbconv1'], ['mbconv2'], ['mbconv3'], ['mbconv4'], ['mbconv5'], ['mbconv6'], ['mbconv7'], ['conv2'], ['pool'], ['output'], ['conv1', 'mbconv1'], ['conv1', 'mbconv2'], ['conv1', 'mbconv3'], ['conv1', 'mbconv4'], ['conv1', 'mbconv5'], ['conv1', 'mbconv6'], ['conv1', 'mbconv7'], ['conv1', 'conv2'], ['conv1', 'pool'], ['conv1', 'output'], ['mbconv1', 'mbconv2'], ['mbconv1', 'mbconv3'], ['mbconv1', 'mbconv4'], ['mbconv1', 'mbconv5'], ['mbconv1', 'mbconv6'], ['mbconv1', 'mbconv7'], ['mbconv1', 'conv2'], ['mbconv1', 'pool'], ['mbconv1', 'output'], ['mbconv2', 'mbconv3'], ['mbconv2', 'mbconv4'], ['mbconv2', 'mbconv5'], ['mbconv2', 'mbconv6'], ['mbconv2', 'mbconv7'], ['mbconv2', 'conv2'], ['mbconv2', 'pool'], ['mbconv2', 'output'], ['mbconv3', 'mbconv4'], ['mbconv3', 'mbconv5'], ['mbconv3', 'mbconv6'], ['mbconv3', 'mbconv7'], ['mbconv3', 'conv2'], ['mbconv3', 'pool'], ['mbconv3', 'output'], ['mbconv4', 'mbconv5'], ['mbconv4', 'mbconv6'], ['mbconv4', 'mbconv7'], ['mbconv4', 'conv2'], ['mbconv4', 'pool'], ['mbconv4', 'output'], ['mbconv5', 'mbconv6'], ['mbconv5', 'mbconv7'], ['mbconv5', 'conv2'], ['mbconv5', 'pool'], ['mbconv5', 'output'], ['mbconv6', 'mbconv7'], ['mbconv6', 'conv2'], ['mbconv6', 'pool'], ['mbconv6', 'output'], ['mbconv7', 'conv2'], ['mbconv7', 'pool'], ['mbconv7', 'output'], ['conv2', 'pool'], ['conv2', 'output'], ['pool', 'output']]
[['mbconv6', 'pool']]
Generating the training set for videos : 
TRAINING SET : contains 962 samples, 37 patients based on 56 videos
TEST SET : contains 127 samples, 37 patients based on 8 videos
Dataset constituted.
--------------------NAIVE IMPLEMENTATION-------------------
Number of folds : 53
Grid search.
The best parameters are : {'C': 1}
Metrics obtained during CV : 
{'r2': array([-7.76179401e-02, -2.60742187e-02, -2.22098706e-01, -5.84630946e-02,
       -9.75543116e-02, -7.90098837e-02, -2.14673339e-02, -3.03567104e-02,
       -5.12442808e-03, -7.19708384e-03, -1.33657583e-01, -6.63503763e-01,
       -2.69896313e-01, -4.53672769e-02, -2.15832750e-01, -4.18662912e-02,
       -1.04374706e-03, -1.22021603e+00, -2.58806173e-02, -2.57867612e-01,
       -7.68061278e-02, -8.27520151e-01, -6.90109055e-02, -4.85865196e-01,
       -2.37145561e-01, -9.59948065e-02, -1.57248455e-03, -3.39827760e-01,
       -2.65716422e-01, -4.04851114e-02, -2.13090642e-01, -2.53842560e-01,
       -4.53139289e-01, -1.37516113e-03, -5.01835366e-01, -2.75594367e-01,
       -6.26769474e-03, -2.09064695e-02, -3.20339858e-02, -5.58886095e-02,
       -2.48672086e-03, -3.23156915e-01, -7.32981204e-01, -1.49652343e-01,
       -2.53537317e-01, -7.84693276e-02, -1.33573266e-01, -1.62332282e-01,
       -3.13661650e-01, -7.36848106e-01, -1.09032759e-02, -3.00283721e-01,
       -4.09250073e-02]), 'neg_mean_absolute_error': array([ -7.75826634, -11.13571112, -10.07572318, -10.95376911,
       -10.74615173,  -6.04743513,  -8.1696484 ,  -6.07714   ,
        -6.75583458,  -7.36810197,  -7.85702186, -14.27097518,
       -14.24933768, -13.11147854,  -7.81068178,  -7.46326883,
       -13.51104838,  -6.9206251 ,  -8.6836341 , -10.05546201,
        -9.17311111, -14.65629899,  -8.3067362 , -11.74432399,
        -9.92176464,  -9.47885735,  -8.75427497, -16.23047258,
       -10.49111511, -10.25894444, -12.08324319, -11.47899248,
       -12.54275639,  -8.22063165, -12.44155697, -11.12601531,
       -10.09930823,  -6.79853027,  -6.17803698,  -7.34623907,
        -7.27924677, -12.72749662, -14.87704271,  -8.98599687,
       -20.49270639,  -7.96992993,  -9.63123447,  -5.8276451 ,
        -9.54700511, -17.98161743,  -8.18213181, -14.4993073 ,
       -10.27038652]), 'neg_mean_squared_error': array([-120.18387481, -195.83904413, -116.09514144, -186.31738694,
       -140.45482003,  -49.79581618, -130.20211995,  -95.69164934,
        -65.58531684,  -78.29689756, -105.61413573, -343.0808998 ,
       -383.42830414, -266.49913196,  -88.62031605,  -85.15169963,
       -250.53164181,  -62.5398814 ,  -98.21340432, -232.33470819,
       -155.70599726, -396.31580587, -115.90635359, -290.57203088,
       -140.80112396, -265.02413309, -139.22146711, -522.1208498 ,
       -238.44540703, -152.20078269, -237.94815712, -232.22115715,
       -315.67970148, -116.25335551, -213.29785582, -242.19476673,
       -165.26771401,  -75.8132431 ,  -65.92117381, -113.4073807 ,
        -80.75544814, -300.65109225, -424.47086913, -178.48240789,
       -737.78580779, -110.52990262, -148.89314259,  -50.66832098,
       -232.0870907 , -540.00949226, -120.17118585, -394.1400005 ,
       -242.94633788]), 'max_error': array([-36.1713293 , -33.14951127, -16.89863783, -33.59438687,
       -21.12187388, -13.98563695, -30.03856014, -34.15834   ,
       -17.97538097, -19.66835418, -25.52613845, -35.01695713,
       -60.32305941, -35.13309223, -19.41309511, -15.46289215,
       -30.76769358, -12.02945846, -24.06229311, -48.42207904,
       -33.93092302, -48.73333819, -23.78412584, -50.58065265,
       -28.06143637, -47.89478381, -30.63352528, -61.1260844 ,
       -36.57203595, -29.5554827 , -34.40784438, -37.58231078,
       -47.68807688, -25.74466302, -28.22933757, -45.98887926,
       -34.22124197, -24.53772758, -18.1906668 , -34.72165159,
       -20.21381976, -50.79565652, -52.00047687, -42.99849062,
       -69.7554525 , -26.43880884, -32.11298606, -14.07614762,
       -51.9777267 , -48.43838847, -33.85024069, -45.47095842,
       -51.28845393]), 'explained_variance': array([-2.22044605e-16,  0.00000000e+00,  1.11022302e-16,  0.00000000e+00,
        0.00000000e+00,  0.00000000e+00,  0.00000000e+00,  0.00000000e+00,
        0.00000000e+00,  3.33066907e-16,  1.11022302e-16, -2.22044605e-16,
        0.00000000e+00,  0.00000000e+00,  2.22044605e-16,  0.00000000e+00,
        0.00000000e+00,  0.00000000e+00,  0.00000000e+00, -2.22044605e-16,
        0.00000000e+00, -2.22044605e-16, -2.22044605e-16, -2.22044605e-16,
        0.00000000e+00,  0.00000000e+00,  0.00000000e+00,  0.00000000e+00,
        0.00000000e+00,  0.00000000e+00,  0.00000000e+00,  0.00000000e+00,
        0.00000000e+00,  2.22044605e-16,  0.00000000e+00,  3.33066907e-16,
       -4.44089210e-16,  0.00000000e+00,  0.00000000e+00,  0.00000000e+00,
        0.00000000e+00,  0.00000000e+00,  0.00000000e+00,  0.00000000e+00,
       -2.22044605e-16, -2.22044605e-16,  0.00000000e+00,  0.00000000e+00,
        0.00000000e+00,  0.00000000e+00,  0.00000000e+00, -2.22044605e-16,
       -2.22044605e-16])}
         accs  y_pred (s)  y_true (s)
54     [4, 2]   14.531351      19.499
4    [36, 25]   25.123055      26.335
3    [36, 25]   25.123055      27.642
11   [36, 25]   25.123055      18.893
27   [24, 17]   19.357222      65.978
29   [24, 17]   19.357222      45.143
64     [4, 2]   14.531351      30.560
77    [13, 9]   16.270456      12.834
124  [23, 16]   18.813612      45.263
71     [4, 2]   14.531351       9.629
25   [24, 17]   19.357222      19.467
91     [3, 7]   15.507246      14.879
83    [13, 9]   16.270456      24.338
89    [13, 9]   16.270456      11.455
69     [4, 2]   14.531351       9.069
{'mse': 275.71704065063113, 'mae': 11.30927887646789, 'r2-score': -0.1277191865239875, 'max-error': 64.31084707415367, 'explained variance score': 0.09486861242413624, 'layers': ['mbconv6', 'pool']}
