environment: line 5: __conda_exe: command not found
Using device: cuda
Using model: efficientnetB4
Number of videos: 64
Execution type : naive
Using 2 features
Job ID : 54
Plotting ?  yes
Calculate accumulators ?  no
The directory contains : 65 videos
Number of videos in the directory : 65
Number of videos in the dataframe : 64
['conv1', 'mbconv1', 'mbconv2', 'mbconv3', 'mbconv4', 'mbconv5', 'mbconv6', 'mbconv7', 'conv2', 'pool', 'output']
{'conv1': {'T_max': 773.9153770208359, 'T_min': 474.00882083177567, 'tau': 100, 'alpha': 50}, 'mbconv1': {'T_max': 3485.9428219795227, 'T_min': 2560.6904525756836, 'tau': 100, 'alpha': 50}, 'mbconv2': {'T_max': 2793.179835796356, 'T_min': 1976.7829375267029, 'tau': 100, 'alpha': 50}, 'mbconv3': {'T_max': 1668.251520872116, 'T_min': 1083.705378293991, 'tau': 100, 'alpha': 50}, 'mbconv4': {'T_max': 817.8574377298355, 'T_min': 502.0499846339226, 'tau': 100, 'alpha': 50}, 'mbconv5': {'T_max': 940.7537368535995, 'T_min': 533.222236931324, 'tau': 100, 'alpha': 50}, 'mbconv6': {'T_max': 628.3391550779343, 'T_min': 341.6495691537857, 'tau': 100, 'alpha': 50}, 'mbconv7': {'T_max': 368.16851300001144, 'T_min': 200.31917816400528, 'tau': 100, 'alpha': 50}, 'conv2': {'T_max': 79.04693293571472, 'T_min': 40.3972128406167, 'tau': 100, 'alpha': 50}, 'pool': {'T_max': 1.9010385829024017, 'T_min': 0.9983048296999186, 'tau': 100, 'alpha': 50}, 'output': {'T_max': 12.80766905657947, 'T_min': 6.51999241206795, 'tau': 100, 'alpha': 50}}
Iterating over following combinations of layers :  [['conv1'], ['mbconv1'], ['mbconv2'], ['mbconv3'], ['mbconv4'], ['mbconv5'], ['mbconv6'], ['mbconv7'], ['conv2'], ['pool'], ['output'], ['conv1', 'mbconv1'], ['conv1', 'mbconv2'], ['conv1', 'mbconv3'], ['conv1', 'mbconv4'], ['conv1', 'mbconv5'], ['conv1', 'mbconv6'], ['conv1', 'mbconv7'], ['conv1', 'conv2'], ['conv1', 'pool'], ['conv1', 'output'], ['mbconv1', 'mbconv2'], ['mbconv1', 'mbconv3'], ['mbconv1', 'mbconv4'], ['mbconv1', 'mbconv5'], ['mbconv1', 'mbconv6'], ['mbconv1', 'mbconv7'], ['mbconv1', 'conv2'], ['mbconv1', 'pool'], ['mbconv1', 'output'], ['mbconv2', 'mbconv3'], ['mbconv2', 'mbconv4'], ['mbconv2', 'mbconv5'], ['mbconv2', 'mbconv6'], ['mbconv2', 'mbconv7'], ['mbconv2', 'conv2'], ['mbconv2', 'pool'], ['mbconv2', 'output'], ['mbconv3', 'mbconv4'], ['mbconv3', 'mbconv5'], ['mbconv3', 'mbconv6'], ['mbconv3', 'mbconv7'], ['mbconv3', 'conv2'], ['mbconv3', 'pool'], ['mbconv3', 'output'], ['mbconv4', 'mbconv5'], ['mbconv4', 'mbconv6'], ['mbconv4', 'mbconv7'], ['mbconv4', 'conv2'], ['mbconv4', 'pool'], ['mbconv4', 'output'], ['mbconv5', 'mbconv6'], ['mbconv5', 'mbconv7'], ['mbconv5', 'conv2'], ['mbconv5', 'pool'], ['mbconv5', 'output'], ['mbconv6', 'mbconv7'], ['mbconv6', 'conv2'], ['mbconv6', 'pool'], ['mbconv6', 'output'], ['mbconv7', 'conv2'], ['mbconv7', 'pool'], ['mbconv7', 'output'], ['conv2', 'pool'], ['conv2', 'output'], ['pool', 'output']]
[['mbconv5', 'pool']]
Generating the training set for videos : 
TRAINING SET : contains 962 samples, 37 patients based on 56 videos
TEST SET : contains 127 samples, 37 patients based on 8 videos
Dataset constituted.
--------------------NAIVE IMPLEMENTATION-------------------
Number of folds : 53
Grid search.
The best parameters are : {'C': 1}
Metrics obtained during CV : 
{'r2': array([-9.56346483e-02, -2.88837330e-02, -1.84119404e-01, -6.73417111e-02,
       -5.93469269e-02, -5.66801794e-02, -3.92551211e-02, -4.51926988e-02,
       -2.75122135e-02, -2.94689787e-03, -1.66325582e-01, -6.61140766e-01,
       -2.51309492e-01, -4.81422384e-02, -1.58769015e-01, -8.74110799e-02,
       -2.79181972e-04, -1.16449552e+00, -1.56160483e-02, -2.74258040e-01,
       -7.73519080e-02, -7.78330792e-01, -4.26602591e-02, -3.46265806e-01,
       -1.94375421e-01, -1.11795105e-01, -1.43226355e-03, -3.11244231e-01,
       -2.50890147e-01, -1.63487581e-02, -1.63075967e-01, -2.63710748e-01,
       -4.61873472e-01, -1.86296977e-03, -5.35427721e-01, -3.20137054e-01,
       -4.05561109e-04, -5.44461353e-02, -1.50647587e-02, -6.98698510e-02,
       -9.87692324e-04, -3.58325994e-01, -7.45264392e-01, -1.58230591e-01,
       -2.15714756e-01, -8.33753271e-02, -1.50570025e-01, -1.46838037e-01,
       -3.25519113e-01, -7.53992520e-01, -1.92260437e-02, -3.36372264e-01,
       -5.79962774e-02]), 'neg_mean_absolute_error': array([ -8.01379428, -11.14187494,  -9.88097597, -10.94140144,
       -10.459726  ,  -5.90903009,  -8.07764315,  -6.07441886,
        -6.95274168,  -7.41063223,  -7.92139334, -14.25890471,
       -14.13277569, -13.11687143,  -7.54214107,  -7.55218341,
       -13.47208554,  -6.81371214,  -8.72267449, -10.10345157,
        -9.17311111, -14.43171872,  -8.24176609, -11.12089228,
        -9.61572459,  -9.43647856,  -8.75664515, -16.06560668,
       -10.48122222, -10.25894444, -11.90338076, -11.52299452,
       -12.58505108,  -8.25701995, -12.53421835, -11.34930693,
        -9.84713997,  -6.71355606,  -6.02527939,  -7.37839087,
        -7.20569176, -12.8789112 , -14.9391555 ,  -9.03140422,
       -20.24044623,  -7.97506564,  -9.64644137,  -5.77405985,
        -9.60440572, -18.0743031 ,  -8.20409122, -14.56893672,
       -10.12324794]), 'neg_mean_squared_error': array([-122.19323055, -196.37527492, -112.48723932, -187.88025733,
       -135.56539334,  -48.76531046, -132.46945393,  -97.06950245,
        -67.04614095,  -77.96649909, -108.65756133, -342.59355548,
       -377.81626076, -267.20656259,  -84.46102175,  -88.8740738 ,
       -250.34029379,  -60.97032512,  -97.23071857, -235.36210582,
       -155.78491699, -385.64860724, -113.04931319, -263.27232816,
       -135.93339946, -268.84482685, -139.20197599, -510.98206226,
       -235.65231915, -148.67014894, -228.13776117, -234.04882046,
       -317.57711366, -116.30998702, -218.0688031 , -250.65200517,
       -164.30492704,  -78.30392262,  -64.83726438, -114.9090315 ,
        -80.6346937 , -308.64230022, -427.47947391, -179.81417259,
       -715.52484437, -111.03270751, -151.12564142,  -49.99289676,
       -234.18197121, -545.3399219 , -121.16055536, -405.07910403,
       -246.93068116]), 'max_error': array([-35.84766058, -33.26662377, -16.48750483, -33.82937256,
       -21.89931515, -14.27782536, -30.62126007, -34.52795839,
       -17.21378163, -19.39899586, -25.93382449, -34.99610814,
       -60.00667686, -35.23555718, -19.97759108, -15.67016162,
       -31.01445826, -11.89403538, -23.71092963, -48.63803208,
       -33.94274266, -48.3290937 , -23.1993948 , -49.06201525,
       -28.55319574, -48.27619297, -30.61219365, -60.6314867 ,
       -36.37181566, -28.66838379, -33.59846342, -37.71431688,
       -47.78323993, -25.67916409, -28.50732172, -46.5515656 ,
       -34.97774677, -25.30249542, -18.64016182, -35.01101783,
       -20.37931854, -51.24990027, -52.1122799 , -43.13471266,
       -68.80750805, -26.52611587, -32.37150329, -14.20628322,
       -52.11712818, -48.61346141, -34.22355076, -46.02799379,
       -51.87700824]), 'explained_variance': array([-2.22044605e-16,  0.00000000e+00,  1.11022302e-16,  0.00000000e+00,
        0.00000000e+00,  0.00000000e+00,  0.00000000e+00, -2.22044605e-16,
        0.00000000e+00,  3.33066907e-16,  1.11022302e-16,  1.11022302e-16,
       -2.22044605e-16,  0.00000000e+00,  2.22044605e-16,  0.00000000e+00,
        2.22044605e-16,  0.00000000e+00,  0.00000000e+00, -2.22044605e-16,
        2.22044605e-16, -2.22044605e-16, -2.22044605e-16,  1.11022302e-16,
        0.00000000e+00, -2.22044605e-16,  0.00000000e+00,  0.00000000e+00,
        1.11022302e-16, -2.22044605e-16, -2.22044605e-16,  0.00000000e+00,
        1.11022302e-16,  0.00000000e+00,  0.00000000e+00,  1.11022302e-16,
        0.00000000e+00,  0.00000000e+00,  0.00000000e+00,  2.22044605e-16,
        0.00000000e+00,  2.22044605e-16, -2.22044605e-16,  0.00000000e+00,
       -4.44089210e-16, -2.22044605e-16,  0.00000000e+00,  0.00000000e+00,
        0.00000000e+00, -2.22044605e-16, -2.22044605e-16, -2.22044605e-16,
       -2.22044605e-16])}
         accs  y_pred (s)  y_true (s)
54     [9, 2]   15.186034      19.499
4    [40, 25]   24.904497      26.335
3    [40, 25]   24.904497      27.642
11   [40, 25]   24.904497      18.893
27   [26, 17]   19.621132      65.978
29   [26, 17]   19.621132      45.143
64     [9, 2]   15.186034      30.560
77    [14, 9]   16.221104      12.834
124  [25, 16]   19.000609      45.263
71     [9, 2]   15.186034       9.629
25   [26, 17]   19.621132      19.467
91     [4, 7]   14.991319      14.879
83    [14, 9]   16.221104      24.338
89    [14, 9]   16.221104      11.455
69     [9, 2]   15.186034       9.069
{'mse': 276.7675761202499, 'mae': 11.335034792304498, 'r2-score': -0.13201601562971654, 'max-error': 64.86592767777856, 'explained variance score': 0.09220470572075234, 'layers': ['mbconv5', 'pool']}
