environment: line 5: __conda_exe: command not found
Using device: cuda
Using model: efficientnetB4
Number of videos: 64
Execution type : naive
Using 2 features
Job ID : 56
Plotting ?  yes
Calculate accumulators ?  no
The directory contains : 65 videos
Number of videos in the directory : 65
Number of videos in the dataframe : 64
['conv1', 'mbconv1', 'mbconv2', 'mbconv3', 'mbconv4', 'mbconv5', 'mbconv6', 'mbconv7', 'conv2', 'pool', 'output']
{'conv1': {'T_max': 773.9153770208359, 'T_min': 474.00882083177567, 'tau': 100, 'alpha': 50}, 'mbconv1': {'T_max': 3485.9428219795227, 'T_min': 2560.6904525756836, 'tau': 100, 'alpha': 50}, 'mbconv2': {'T_max': 2793.179835796356, 'T_min': 1976.7829375267029, 'tau': 100, 'alpha': 50}, 'mbconv3': {'T_max': 1668.251520872116, 'T_min': 1083.705378293991, 'tau': 100, 'alpha': 50}, 'mbconv4': {'T_max': 817.8574377298355, 'T_min': 502.0499846339226, 'tau': 100, 'alpha': 50}, 'mbconv5': {'T_max': 940.7537368535995, 'T_min': 533.222236931324, 'tau': 100, 'alpha': 50}, 'mbconv6': {'T_max': 628.3391550779343, 'T_min': 341.6495691537857, 'tau': 100, 'alpha': 50}, 'mbconv7': {'T_max': 368.16851300001144, 'T_min': 200.31917816400528, 'tau': 100, 'alpha': 50}, 'conv2': {'T_max': 79.04693293571472, 'T_min': 40.3972128406167, 'tau': 100, 'alpha': 50}, 'pool': {'T_max': 1.9010385829024017, 'T_min': 0.9983048296999186, 'tau': 100, 'alpha': 50}, 'output': {'T_max': 12.80766905657947, 'T_min': 6.51999241206795, 'tau': 100, 'alpha': 50}}
Iterating over following combinations of layers :  [['conv1'], ['mbconv1'], ['mbconv2'], ['mbconv3'], ['mbconv4'], ['mbconv5'], ['mbconv6'], ['mbconv7'], ['conv2'], ['pool'], ['output'], ['conv1', 'mbconv1'], ['conv1', 'mbconv2'], ['conv1', 'mbconv3'], ['conv1', 'mbconv4'], ['conv1', 'mbconv5'], ['conv1', 'mbconv6'], ['conv1', 'mbconv7'], ['conv1', 'conv2'], ['conv1', 'pool'], ['conv1', 'output'], ['mbconv1', 'mbconv2'], ['mbconv1', 'mbconv3'], ['mbconv1', 'mbconv4'], ['mbconv1', 'mbconv5'], ['mbconv1', 'mbconv6'], ['mbconv1', 'mbconv7'], ['mbconv1', 'conv2'], ['mbconv1', 'pool'], ['mbconv1', 'output'], ['mbconv2', 'mbconv3'], ['mbconv2', 'mbconv4'], ['mbconv2', 'mbconv5'], ['mbconv2', 'mbconv6'], ['mbconv2', 'mbconv7'], ['mbconv2', 'conv2'], ['mbconv2', 'pool'], ['mbconv2', 'output'], ['mbconv3', 'mbconv4'], ['mbconv3', 'mbconv5'], ['mbconv3', 'mbconv6'], ['mbconv3', 'mbconv7'], ['mbconv3', 'conv2'], ['mbconv3', 'pool'], ['mbconv3', 'output'], ['mbconv4', 'mbconv5'], ['mbconv4', 'mbconv6'], ['mbconv4', 'mbconv7'], ['mbconv4', 'conv2'], ['mbconv4', 'pool'], ['mbconv4', 'output'], ['mbconv5', 'mbconv6'], ['mbconv5', 'mbconv7'], ['mbconv5', 'conv2'], ['mbconv5', 'pool'], ['mbconv5', 'output'], ['mbconv6', 'mbconv7'], ['mbconv6', 'conv2'], ['mbconv6', 'pool'], ['mbconv6', 'output'], ['mbconv7', 'conv2'], ['mbconv7', 'pool'], ['mbconv7', 'output'], ['conv2', 'pool'], ['conv2', 'output'], ['pool', 'output']]
[['mbconv6', 'mbconv7']]
Generating the training set for videos : 
TRAINING SET : contains 962 samples, 37 patients based on 56 videos
TEST SET : contains 127 samples, 37 patients based on 8 videos
Dataset constituted.
--------------------NAIVE IMPLEMENTATION-------------------
Number of folds : 53
Grid search.
The best parameters are : {'C': 1}
Metrics obtained during CV : 
{'r2': array([-9.60552800e-02, -2.63863584e-02, -3.85547929e-02, -1.33290894e-01,
       -2.27554834e-01, -6.49462833e-02, -7.45950230e-03, -4.51948306e-02,
       -5.63363501e-04, -1.41477180e-03, -1.43858460e-01, -6.01704028e-01,
       -2.42997075e-01, -6.41520444e-02, -2.13002228e-01, -2.08973843e-02,
       -1.06863886e-06, -1.36384106e+00, -2.20756020e-02, -2.85929319e-01,
       -7.61324514e-02, -8.77333087e-01, -5.91244563e-02, -3.97547760e-01,
       -1.03194890e-01, -9.04207593e-02, -7.53497188e-04, -4.40751897e-01,
       -2.16860836e-01, -4.12572075e-02, -9.45649413e-02, -3.52921445e-01,
       -3.03198966e-01, -3.81506838e-03, -4.66417108e-01, -1.01430551e-01,
       -1.01163455e-02, -3.43565872e-02, -2.56723558e-02, -5.58002371e-02,
       -2.33916898e-03, -2.23400231e-01, -6.88878462e-01, -1.83096062e-01,
       -2.65393831e-01, -7.87090747e-02, -1.50599038e-01, -1.59656683e-01,
       -3.01637446e-01, -7.31877952e-01, -1.29521384e-02, -2.07991900e-01,
       -5.63095480e-02]), 'neg_mean_absolute_error': array([ -8.01945819, -11.13641181,  -8.88193174, -10.86767089,
       -11.43253639,  -5.96299304,  -8.30871733,  -6.07442141,
        -6.63425886,  -7.53856815,  -7.87789268, -13.94786861,
       -14.07925374, -13.14533334,  -7.79717364,  -7.48825271,
       -13.44525561,  -7.18544496,  -8.69700178, -10.13675488,
        -9.17311111, -14.88620388,  -8.28412442, -11.29388935,
        -8.90663848,  -9.49463198,  -8.84218144, -16.80832005,
       -10.48122222, -10.25894444, -11.70834122, -11.88837239,
       -11.74015801,  -8.36838288, -12.34043363, -10.5220122 ,
        -9.44361111,  -6.75949832,  -6.12514805,  -7.34602375,
        -7.27325499, -12.25768369, -14.64962253,  -9.15648151,
       -20.5868283 ,  -7.97018457,  -9.64646657,  -5.81858064,
        -9.48767819, -17.9545468 ,  -8.18815327, -14.29926253,
       -10.13672185]), 'neg_mean_squared_error': array([-122.24014249, -195.89861988,  -98.65910581, -199.48905068,
       -157.09108108,  -49.14678741, -128.41660091,  -97.06970044,
        -65.28770307,  -77.84739557, -106.56447279, -330.33532673,
       -375.30643686, -271.28799835,  -88.41400331,  -83.43791152,
       -250.27069025,  -66.58556531,  -97.8491285 , -237.51785186,
       -155.60858375, -407.11823332, -114.834426  , -273.30089702,
       -125.55602617, -263.67626445, -139.10762551, -561.45023053,
       -229.24161549, -152.31372389, -214.69929924, -250.57131854,
       -283.10669426, -116.53661338, -208.26758513, -209.1266019 ,
       -165.89980994,  -76.81205845,  -65.51482468, -113.39788909,
        -80.74356208, -277.9841238 , -413.66848466, -183.67451283,
       -744.7641145 , -110.55447377, -151.12945224,  -50.55168642,
       -229.9627518 , -538.46420462, -120.4147445 , -366.16464562,
       -246.53700753]), 'max_error': array([-35.8404863 , -33.16282439, -15.72789956, -35.23025305,
       -19.2588298 , -14.16390359, -29.35947416, -34.52800671,
       -18.74536055, -18.58873504, -25.65832033, -34.45886397,
       -59.86140301, -35.77633348, -19.43918898, -16.00580144,
       -31.29514333, -12.36489695, -23.94198401, -48.78789698,
       -33.91627555, -49.13063915, -23.5806198 , -49.65033472,
       -29.82955073, -47.75281218, -29.84236705, -62.72397011,
       -35.88859558, -29.57857824, -32.24957102, -38.81045051,
       -45.88223052, -25.47871081, -27.92596756, -43.14360978,
       -36.52482192, -24.88901515, -18.34055584, -34.71971379,
       -20.22730127, -49.3513266 , -51.59112056, -43.50994453,
       -70.03781825, -26.44313774, -32.37193173, -14.09816129,
       -51.83364704, -48.38725506, -33.95260563, -43.87060026,
       -51.82311262]), 'explained_variance': array([-4.44089210e-16,  0.00000000e+00,  1.11022302e-16,  0.00000000e+00,
        0.00000000e+00,  0.00000000e+00,  0.00000000e+00, -2.22044605e-16,
        0.00000000e+00,  3.33066907e-16,  1.11022302e-16,  0.00000000e+00,
        0.00000000e+00,  0.00000000e+00,  2.22044605e-16,  0.00000000e+00,
        0.00000000e+00,  0.00000000e+00,  0.00000000e+00,  0.00000000e+00,
        0.00000000e+00, -2.22044605e-16, -2.22044605e-16,  1.11022302e-16,
        0.00000000e+00,  0.00000000e+00,  0.00000000e+00,  0.00000000e+00,
        1.11022302e-16,  0.00000000e+00, -2.22044605e-16,  0.00000000e+00,
        2.22044605e-16,  0.00000000e+00,  0.00000000e+00,  3.33066907e-16,
       -2.22044605e-16,  0.00000000e+00,  0.00000000e+00,  2.22044605e-16,
        0.00000000e+00,  0.00000000e+00, -2.22044605e-16,  0.00000000e+00,
       -4.44089210e-16, -2.22044605e-16,  0.00000000e+00,  0.00000000e+00,
        1.11022302e-16, -2.22044605e-16,  2.22044605e-16,  0.00000000e+00,
        0.00000000e+00])}
         accs  y_pred (s)  y_true (s)
54     [4, 5]   15.293792      19.499
4    [36, 35]   24.942450      26.335
3    [36, 35]   24.942450      27.642
11   [36, 35]   24.942450      18.893
27   [24, 24]   19.927480      65.978
29   [24, 24]   19.927480      45.143
64     [4, 5]   15.293792      30.560
77   [13, 12]   17.116598      12.834
124  [23, 22]   19.070253      45.263
71     [4, 5]   15.293792       9.629
25   [24, 24]   19.927480      19.467
91     [3, 3]   14.535139      14.879
83   [13, 12]   17.116598      24.338
89   [13, 12]   17.116598      11.455
69     [4, 5]   15.293792       9.069
{'mse': 274.976431894601, 'mae': 11.335161263727862, 'r2-score': -0.12468999869463904, 'max-error': 64.2294528223437, 'explained variance score': 0.08576573834863577, 'layers': ['mbconv6', 'mbconv7']}
