environment: line 5: __conda_exe: command not found
Using device: cuda
Using model: efficientnetB4
Number of videos: 64
Execution type : naive
Using 2 features
Job ID : 8
Plotting ?  yes
Calculate accumulators ?  no
The directory contains : 65 videos
Number of videos in the directory : 65
Number of videos in the dataframe : 64
['conv1', 'mbconv1', 'mbconv2', 'mbconv3', 'mbconv4', 'mbconv5', 'mbconv6', 'mbconv7', 'conv2', 'pool', 'output']
{'conv1': {'T_max': 773.9153770208359, 'T_min': 474.00882083177567, 'tau': 100, 'alpha': 50}, 'mbconv1': {'T_max': 3485.9428219795227, 'T_min': 2560.6904525756836, 'tau': 100, 'alpha': 50}, 'mbconv2': {'T_max': 2793.179835796356, 'T_min': 1976.7829375267029, 'tau': 100, 'alpha': 50}, 'mbconv3': {'T_max': 1668.251520872116, 'T_min': 1083.705378293991, 'tau': 100, 'alpha': 50}, 'mbconv4': {'T_max': 817.8574377298355, 'T_min': 502.0499846339226, 'tau': 100, 'alpha': 50}, 'mbconv5': {'T_max': 940.7537368535995, 'T_min': 533.222236931324, 'tau': 100, 'alpha': 50}, 'mbconv6': {'T_max': 628.3391550779343, 'T_min': 341.6495691537857, 'tau': 100, 'alpha': 50}, 'mbconv7': {'T_max': 368.16851300001144, 'T_min': 200.31917816400528, 'tau': 100, 'alpha': 50}, 'conv2': {'T_max': 79.04693293571472, 'T_min': 40.3972128406167, 'tau': 100, 'alpha': 50}, 'pool': {'T_max': 1.9010385829024017, 'T_min': 0.9983048296999186, 'tau': 100, 'alpha': 50}, 'output': {'T_max': 12.80766905657947, 'T_min': 6.51999241206795, 'tau': 100, 'alpha': 50}}
Iterating over following combinations of layers :  [['conv1'], ['mbconv1'], ['mbconv2'], ['mbconv3'], ['mbconv4'], ['mbconv5'], ['mbconv6'], ['mbconv7'], ['conv2'], ['pool'], ['output'], ['conv1', 'mbconv1'], ['conv1', 'mbconv2'], ['conv1', 'mbconv3'], ['conv1', 'mbconv4'], ['conv1', 'mbconv5'], ['conv1', 'mbconv6'], ['conv1', 'mbconv7'], ['conv1', 'conv2'], ['conv1', 'pool'], ['conv1', 'output'], ['mbconv1', 'mbconv2'], ['mbconv1', 'mbconv3'], ['mbconv1', 'mbconv4'], ['mbconv1', 'mbconv5'], ['mbconv1', 'mbconv6'], ['mbconv1', 'mbconv7'], ['mbconv1', 'conv2'], ['mbconv1', 'pool'], ['mbconv1', 'output'], ['mbconv2', 'mbconv3'], ['mbconv2', 'mbconv4'], ['mbconv2', 'mbconv5'], ['mbconv2', 'mbconv6'], ['mbconv2', 'mbconv7'], ['mbconv2', 'conv2'], ['mbconv2', 'pool'], ['mbconv2', 'output'], ['mbconv3', 'mbconv4'], ['mbconv3', 'mbconv5'], ['mbconv3', 'mbconv6'], ['mbconv3', 'mbconv7'], ['mbconv3', 'conv2'], ['mbconv3', 'pool'], ['mbconv3', 'output'], ['mbconv4', 'mbconv5'], ['mbconv4', 'mbconv6'], ['mbconv4', 'mbconv7'], ['mbconv4', 'conv2'], ['mbconv4', 'pool'], ['mbconv4', 'output'], ['mbconv5', 'mbconv6'], ['mbconv5', 'mbconv7'], ['mbconv5', 'conv2'], ['mbconv5', 'pool'], ['mbconv5', 'output'], ['mbconv6', 'mbconv7'], ['mbconv6', 'conv2'], ['mbconv6', 'pool'], ['mbconv6', 'output'], ['mbconv7', 'conv2'], ['mbconv7', 'pool'], ['mbconv7', 'output'], ['conv2', 'pool'], ['conv2', 'output'], ['pool', 'output']]
[['conv2']]
Generating the training set for videos : 
TRAINING SET : contains 962 samples, 37 patients based on 56 videos
TEST SET : contains 127 samples, 37 patients based on 8 videos
Dataset constituted.
--------------------NAIVE IMPLEMENTATION-------------------
Number of folds : 53
Grid search.
The best parameters are : {'C': 1}
Metrics obtained during CV : 
{'r2': array([-6.18452162e-02, -3.96716984e-03, -2.72072710e-01, -2.24615812e-03,
       -4.56099029e-02, -5.96469802e-02, -2.03396124e-02, -3.08005955e-02,
       -4.00041666e-05, -2.28169282e-03, -1.40444585e-01, -5.29766466e-01,
       -1.29211540e-01, -1.65372256e-01, -2.49431103e-02, -8.22154285e-03,
       -8.68262102e-02, -1.10810568e+00, -1.40595598e-01, -2.60927773e-01,
       -3.98532456e-02, -6.91282699e-01, -3.23751725e-02, -5.39105270e-01,
       -2.03318896e-01, -5.33229843e-02, -1.71739302e-01, -3.81953694e-01,
       -2.60595505e-01, -4.51787789e-02, -1.71939230e-01, -2.25267801e-01,
       -2.64418290e-01, -1.08822469e-08, -7.09128761e-01, -3.39863512e-01,
       -1.15046349e-01, -2.90899301e-02, -2.87126107e-02, -6.70020976e-02,
       -1.69139809e-03, -3.19071688e-01, -7.79045432e-01, -1.51628282e-01,
       -3.49467122e-01, -7.71647622e-02, -1.40421446e-01, -1.77634985e-01,
       -3.29419902e-01, -5.23890744e-01, -4.61055615e-02, -5.35235941e-01,
       -5.36679017e-02]), 'neg_mean_absolute_error': array([ -7.54036906, -11.1974978 , -10.30809873, -11.20100639,
       -10.33449609,  -5.92882442,  -8.17660131,  -6.07649624,
        -6.65646483,  -7.41970657,  -7.87099287, -13.61959416,
       -13.50419233, -13.56911941,  -6.75608852,  -7.55620434,
       -13.2007717 ,  -6.7067042 ,  -8.45088755, -10.0645352 ,
        -9.17311111, -14.05424747,  -8.25213483, -12.09110917,
        -9.67516259,  -9.6152033 ,  -9.28986374, -16.46128364,
       -10.48350308, -10.25894444, -11.93708359, -11.34651218,
       -11.50158922,  -7.99927876, -12.97265437, -11.45446777,
       -11.66050376,  -6.77366696,  -6.14971604,  -7.37207893,
        -7.24438123, -12.70938476, -15.10738516,  -8.99656915,
       -21.20137095,  -7.96853745,  -9.63747163,  -5.87811086,
        -9.62305971, -16.73774683,  -8.60177164, -15.36998001,
       -10.15823602]), 'neg_mean_squared_error': array([-118.42478468, -191.61963852, -120.84249858, -176.42172524,
       -133.80745644,  -48.90222697, -130.05837406,  -95.73287399,
        -65.25355338,  -77.91478777, -106.24642838, -315.49892888,
       -340.95040777, -297.09242043,  -74.70664231,  -82.40191539,
       -272.00045515,  -59.38191486, -109.19572391, -232.89993603,
       -150.36261629, -366.77136801, -111.93416378, -300.98352471,
       -136.95126788, -254.70559633, -162.875146  , -538.53701084,
       -237.48068923, -152.88736616, -229.8762932 , -226.92889482,
       -274.68198765, -116.09370921, -242.73865717, -254.3974316 ,
       -183.1333372 ,  -76.42095273,  -65.70902097, -114.60102136,
        -80.69138081, -299.7228366 , -435.75369374, -178.78917052,
       -794.24655126, -110.39620065, -149.79264077,  -51.3353955 ,
       -234.87113092, -473.79817746, -124.35585961, -465.35835572,
       -245.9204614 ]), 'max_error': array([-36.48722984, -31.78884728, -17.38920844, -29.75762617,
       -22.23922489, -14.23603733, -29.99452504, -34.17057144,
       -18.60472277, -19.34152504, -25.6146215 , -33.77175558,
       -57.54188474, -38.22525375, -22.03106363, -16.49296082,
       -35.94033775, -11.7536446 , -26.15701204, -48.46290842,
       -32.99891099, -47.5810568 , -22.92228651, -51.10083042,
       -28.44620733, -46.66767029, -35.05192456, -61.81851758,
       -36.50352775, -29.69268206, -33.75012617, -37.18486988,
       -45.34545075, -26.14309823, -29.82262977, -46.78817748,
       -30.88899324, -24.76149737, -18.26685187, -34.95421041,
       -20.29226724, -50.74132095, -52.4150933 , -43.03020744,
       -71.88144617, -26.41513666, -32.21901772, -13.9535879 ,
       -52.16243073, -46.06509945, -30.37065358, -48.66778003,
       -51.73705593]), 'explained_variance': array([-2.22044605e-16,  0.00000000e+00,  1.11022302e-16,  1.11022302e-16,
        0.00000000e+00,  0.00000000e+00,  0.00000000e+00, -2.22044605e-16,
       -2.22044605e-16,  3.33066907e-16,  0.00000000e+00,  0.00000000e+00,
        0.00000000e+00,  0.00000000e+00,  0.00000000e+00,  0.00000000e+00,
        0.00000000e+00,  0.00000000e+00,  0.00000000e+00,  0.00000000e+00,
        0.00000000e+00,  1.11022302e-16, -2.22044605e-16,  0.00000000e+00,
        0.00000000e+00,  0.00000000e+00,  0.00000000e+00,  0.00000000e+00,
        1.11022302e-16,  0.00000000e+00, -2.22044605e-16,  0.00000000e+00,
        1.11022302e-16,  0.00000000e+00,  0.00000000e+00,  3.33066907e-16,
        0.00000000e+00,  0.00000000e+00,  0.00000000e+00,  0.00000000e+00,
        0.00000000e+00,  0.00000000e+00,  0.00000000e+00,  0.00000000e+00,
       -2.22044605e-16, -2.22044605e-16,  0.00000000e+00,  0.00000000e+00,
        1.11022302e-16,  0.00000000e+00,  0.00000000e+00, -2.22044605e-16,
       -2.22044605e-16])}
     accs  y_pred (s)  y_true (s)
54    [2]   14.359469      19.499
4    [24]   21.132565      26.335
3    [24]   21.132565      27.642
11   [24]   21.132565      18.893
27   [16]   19.055932      65.978
29   [16]   19.055932      45.143
64    [2]   14.359469      30.560
77   [11]   17.158100      12.834
124  [16]   19.055932      45.263
71    [2]   14.359469       9.629
25   [16]   19.055932      19.467
91    [5]   14.803022      14.879
83   [11]   17.158100      24.338
89   [11]   17.158100      11.455
69    [2]   14.359469       9.069
{'mse': 289.55297052730094, 'mae': 11.641466082789615, 'r2-score': -0.18430997086035394, 'max-error': 64.19490281140094, 'explained variance score': 0.07284598026789901, 'layers': ['conv2']}
