environment: line 5: __conda_exe: command not found
Using device: cuda
Using model: efficientnetB4
Number of videos: 64
Execution type : naive
Using 2 features
Job ID : 7
Plotting ?  yes
Calculate accumulators ?  no
The directory contains : 65 videos
Number of videos in the directory : 65
Number of videos in the dataframe : 64
['conv1', 'mbconv1', 'mbconv2', 'mbconv3', 'mbconv4', 'mbconv5', 'mbconv6', 'mbconv7', 'conv2', 'pool', 'output']
{'conv1': {'T_max': 773.9153770208359, 'T_min': 474.00882083177567, 'tau': 100, 'alpha': 50}, 'mbconv1': {'T_max': 3485.9428219795227, 'T_min': 2560.6904525756836, 'tau': 100, 'alpha': 50}, 'mbconv2': {'T_max': 2793.179835796356, 'T_min': 1976.7829375267029, 'tau': 100, 'alpha': 50}, 'mbconv3': {'T_max': 1668.251520872116, 'T_min': 1083.705378293991, 'tau': 100, 'alpha': 50}, 'mbconv4': {'T_max': 817.8574377298355, 'T_min': 502.0499846339226, 'tau': 100, 'alpha': 50}, 'mbconv5': {'T_max': 940.7537368535995, 'T_min': 533.222236931324, 'tau': 100, 'alpha': 50}, 'mbconv6': {'T_max': 628.3391550779343, 'T_min': 341.6495691537857, 'tau': 100, 'alpha': 50}, 'mbconv7': {'T_max': 368.16851300001144, 'T_min': 200.31917816400528, 'tau': 100, 'alpha': 50}, 'conv2': {'T_max': 79.04693293571472, 'T_min': 40.3972128406167, 'tau': 100, 'alpha': 50}, 'pool': {'T_max': 1.9010385829024017, 'T_min': 0.9983048296999186, 'tau': 100, 'alpha': 50}, 'output': {'T_max': 12.80766905657947, 'T_min': 6.51999241206795, 'tau': 100, 'alpha': 50}}
Iterating over following combinations of layers :  [['conv1'], ['mbconv1'], ['mbconv2'], ['mbconv3'], ['mbconv4'], ['mbconv5'], ['mbconv6'], ['mbconv7'], ['conv2'], ['pool'], ['output'], ['conv1', 'mbconv1'], ['conv1', 'mbconv2'], ['conv1', 'mbconv3'], ['conv1', 'mbconv4'], ['conv1', 'mbconv5'], ['conv1', 'mbconv6'], ['conv1', 'mbconv7'], ['conv1', 'conv2'], ['conv1', 'pool'], ['conv1', 'output'], ['mbconv1', 'mbconv2'], ['mbconv1', 'mbconv3'], ['mbconv1', 'mbconv4'], ['mbconv1', 'mbconv5'], ['mbconv1', 'mbconv6'], ['mbconv1', 'mbconv7'], ['mbconv1', 'conv2'], ['mbconv1', 'pool'], ['mbconv1', 'output'], ['mbconv2', 'mbconv3'], ['mbconv2', 'mbconv4'], ['mbconv2', 'mbconv5'], ['mbconv2', 'mbconv6'], ['mbconv2', 'mbconv7'], ['mbconv2', 'conv2'], ['mbconv2', 'pool'], ['mbconv2', 'output'], ['mbconv3', 'mbconv4'], ['mbconv3', 'mbconv5'], ['mbconv3', 'mbconv6'], ['mbconv3', 'mbconv7'], ['mbconv3', 'conv2'], ['mbconv3', 'pool'], ['mbconv3', 'output'], ['mbconv4', 'mbconv5'], ['mbconv4', 'mbconv6'], ['mbconv4', 'mbconv7'], ['mbconv4', 'conv2'], ['mbconv4', 'pool'], ['mbconv4', 'output'], ['mbconv5', 'mbconv6'], ['mbconv5', 'mbconv7'], ['mbconv5', 'conv2'], ['mbconv5', 'pool'], ['mbconv5', 'output'], ['mbconv6', 'mbconv7'], ['mbconv6', 'conv2'], ['mbconv6', 'pool'], ['mbconv6', 'output'], ['mbconv7', 'conv2'], ['mbconv7', 'pool'], ['mbconv7', 'output'], ['conv2', 'pool'], ['conv2', 'output'], ['pool', 'output']]
[['mbconv7']]
Generating the training set for videos : 
TRAINING SET : contains 962 samples, 37 patients based on 56 videos
TEST SET : contains 127 samples, 37 patients based on 8 videos
Dataset constituted.
--------------------NAIVE IMPLEMENTATION-------------------
Number of folds : 53
Grid search.
The best parameters are : {'C': 10.0}
Metrics obtained during CV : 
{'r2': array([-1.38750566e-01, -1.03240216e-01, -3.08905585e-03, -2.46201200e-01,
       -4.69287634e-01, -2.13329069e-02, -1.10494893e-03, -7.88723361e-02,
       -8.31271709e-03, -2.20989334e-02, -2.06679416e-01, -5.88389669e-01,
       -3.12604253e-01, -3.93074041e-02, -4.01597705e-02, -1.92365845e-02,
       -2.74470481e-02, -1.74635262e+00, -1.95366957e-02, -3.19008759e-01,
       -1.43932083e-01, -7.44856233e-01, -4.04379616e-03, -3.11609230e-01,
       -1.27753746e-01, -7.26717403e-02, -1.01062485e-01, -3.87554882e-01,
       -1.93316474e-01, -6.38329950e-02, -1.36416785e-01, -1.63538665e-01,
       -3.26583835e-01, -3.30110335e-03, -5.10853162e-01, -1.49009103e-02,
       -1.02138739e-01, -5.66839609e-02, -1.66498598e-01, -9.52002074e-02,
       -5.40555131e-04, -1.90304539e-01, -7.35199088e-01, -2.06602679e-01,
       -2.52063908e-01, -1.20413168e-01, -1.98854952e-01, -1.05359699e-01,
       -3.50700096e-01, -6.72368847e-01, -7.09172531e-03, -2.05913177e-01,
       -7.35730550e-02]), 'neg_mean_absolute_error': array([ -8.54108077, -11.44000206,  -8.48190149, -10.95372214,
       -12.29950226,  -5.62702352,  -8.46656337,  -6.10903936,
        -6.54824449,  -7.69315638,  -7.99270136, -13.87611448,
       -14.50281567, -13.09909599,  -6.88901959,  -7.8836148 ,
       -13.30817356,  -7.82928834,  -8.70657411, -10.22761583,
        -9.17311111, -14.27480295,  -8.48575035, -11.02696874,
        -9.12111121,  -9.54840744,  -8.9105766 , -16.49099353,
       -10.48122222, -10.25894444, -11.80456168, -11.04314995,
       -11.87667498,  -8.34257746, -12.46672867, -10.85634171,
       -11.52100428,  -6.70901085,  -7.07858139,  -7.42930649,
        -6.98758353, -12.13570817, -14.88829623,  -9.26711882,
       -20.48085744,  -8.02327637,  -9.68547396,  -5.64996394,
        -9.72293403, -17.62299024,  -8.16917241, -14.29429033,
       -10.00706678]), 'neg_mean_squared_error': array([-127.00183467, -210.56713581,  -95.28998371, -219.36423899,
       -188.02580242,  -47.13404989, -127.60661287, -100.19740952,
        -65.7933557 ,  -79.45532882, -112.4170168 , -327.58937425,
       -396.32339873, -264.95426742,  -75.81576298,  -83.3021744 ,
       -257.13960712,  -77.36029488,  -97.60606452, -243.62779695,
       -165.41239987, -378.38931822, -108.86236488, -256.49497585,
       -128.35110109, -259.38434777, -153.05086447, -540.71975199,
       -224.80614726, -155.61608016, -222.90855303, -215.49619039,
       -288.18681888, -116.47694528, -214.57860641, -192.69737746,
       -181.01341305,  -78.47010515,  -74.51010128, -117.62963039,
        -80.5986745 , -270.46403614, -425.01411044, -187.32389217,
       -736.91861382, -114.82863276, -157.46779386,  -48.18477549,
       -238.63074317, -519.96202147, -119.71808756, -365.53454637,
       -250.56621787]), 'max_error': array([-35.17976436, -35.35767971, -17.09997433, -36.96957355,
       -21.39836327, -14.90293616, -28.7596592 , -35.18574782,
       -19.29011826, -17.60967626, -26.38544196, -34.33492501,
       -61.0110711 , -34.89782375, -21.66851824, -18.56656038,
       -33.89970235, -13.18043189, -23.85583304, -49.19677125,
       -35.16041144, -48.04664532, -21.71087344, -48.63935931,
       -29.44349982, -47.26883304, -33.91406313, -61.90764726,
       -35.53165866, -30.17766136, -33.11555514, -36.2291748 ,
       -46.1893937 , -25.52516057, -28.30485267, -37.07314153,
       -31.14009229, -25.34340236, -16.35996125, -35.46925838,
       -20.87006205, -48.80243677, -52.02073322, -43.84185646,
       -69.71990565, -27.11589941, -33.03505727, -14.59320432,
       -52.40498265, -47.76098156, -33.62993095, -43.83082264,
       -52.34173288]), 'explained_variance': array([-4.44089210e-16,  0.00000000e+00,  1.11022302e-16,  1.11022302e-16,
        0.00000000e+00,  0.00000000e+00,  0.00000000e+00,  0.00000000e+00,
        0.00000000e+00,  3.33066907e-16,  0.00000000e+00, -2.22044605e-16,
        0.00000000e+00,  0.00000000e+00,  2.22044605e-16, -4.44089210e-16,
        0.00000000e+00,  0.00000000e+00,  0.00000000e+00, -2.22044605e-16,
        0.00000000e+00, -2.22044605e-16, -2.22044605e-16, -2.22044605e-16,
        0.00000000e+00, -2.22044605e-16,  0.00000000e+00,  0.00000000e+00,
        0.00000000e+00, -2.22044605e-16, -2.22044605e-16,  0.00000000e+00,
        1.11022302e-16,  0.00000000e+00,  0.00000000e+00,  3.33066907e-16,
        0.00000000e+00,  0.00000000e+00, -2.22044605e-16,  0.00000000e+00,
        0.00000000e+00,  0.00000000e+00, -2.22044605e-16,  0.00000000e+00,
       -2.22044605e-16,  0.00000000e+00,  0.00000000e+00,  0.00000000e+00,
        1.11022302e-16,  0.00000000e+00,  0.00000000e+00, -2.22044605e-16,
       -2.22044605e-16])}
     accs  y_pred (s)  y_true (s)
54    [5]   14.588406      19.499
4    [35]   25.359188      26.335
3    [35]   25.359188      27.642
11   [35]   25.359188      18.893
27   [24]   18.534401      65.978
29   [24]   18.534401      45.143
64    [5]   14.588406      30.560
77   [12]   18.707933      12.834
124  [22]   16.827226      45.263
71    [5]   14.588406       9.629
25   [24]   18.534401      19.467
91    [3]   13.769635      14.879
83   [12]   18.707933      24.338
89   [12]   18.707933      11.455
69    [5]   14.588406       9.069
{'mse': 288.00490379170833, 'mae': 11.660472698123082, 'r2-score': -0.17797817303013042, 'max-error': 63.49862108744486, 'explained variance score': 0.052890538683516564, 'layers': ['mbconv7']}
