environment: line 5: __conda_exe: command not found
Using device: cuda
Using model: efficientnetB4
Number of videos: 64
Execution type : naive
Using 2 features
Job ID : 3
Plotting ?  yes
Calculate accumulators ?  no
The directory contains : 65 videos
Number of videos in the directory : 65
Number of videos in the dataframe : 64
['conv1', 'mbconv1', 'mbconv2', 'mbconv3', 'mbconv4', 'mbconv5', 'mbconv6', 'mbconv7', 'conv2', 'pool', 'output']
{'conv1': {'T_max': 773.9153770208359, 'T_min': 474.00882083177567, 'tau': 100, 'alpha': 50}, 'mbconv1': {'T_max': 3485.9428219795227, 'T_min': 2560.6904525756836, 'tau': 100, 'alpha': 50}, 'mbconv2': {'T_max': 2793.179835796356, 'T_min': 1976.7829375267029, 'tau': 100, 'alpha': 50}, 'mbconv3': {'T_max': 1668.251520872116, 'T_min': 1083.705378293991, 'tau': 100, 'alpha': 50}, 'mbconv4': {'T_max': 817.8574377298355, 'T_min': 502.0499846339226, 'tau': 100, 'alpha': 50}, 'mbconv5': {'T_max': 940.7537368535995, 'T_min': 533.222236931324, 'tau': 100, 'alpha': 50}, 'mbconv6': {'T_max': 628.3391550779343, 'T_min': 341.6495691537857, 'tau': 100, 'alpha': 50}, 'mbconv7': {'T_max': 368.16851300001144, 'T_min': 200.31917816400528, 'tau': 100, 'alpha': 50}, 'conv2': {'T_max': 79.04693293571472, 'T_min': 40.3972128406167, 'tau': 100, 'alpha': 50}, 'pool': {'T_max': 1.9010385829024017, 'T_min': 0.9983048296999186, 'tau': 100, 'alpha': 50}, 'output': {'T_max': 12.80766905657947, 'T_min': 6.51999241206795, 'tau': 100, 'alpha': 50}}
Iterating over following combinations of layers :  [['conv1'], ['mbconv1'], ['mbconv2'], ['mbconv3'], ['mbconv4'], ['mbconv5'], ['mbconv6'], ['mbconv7'], ['conv2'], ['pool'], ['output'], ['conv1', 'mbconv1'], ['conv1', 'mbconv2'], ['conv1', 'mbconv3'], ['conv1', 'mbconv4'], ['conv1', 'mbconv5'], ['conv1', 'mbconv6'], ['conv1', 'mbconv7'], ['conv1', 'conv2'], ['conv1', 'pool'], ['conv1', 'output'], ['mbconv1', 'mbconv2'], ['mbconv1', 'mbconv3'], ['mbconv1', 'mbconv4'], ['mbconv1', 'mbconv5'], ['mbconv1', 'mbconv6'], ['mbconv1', 'mbconv7'], ['mbconv1', 'conv2'], ['mbconv1', 'pool'], ['mbconv1', 'output'], ['mbconv2', 'mbconv3'], ['mbconv2', 'mbconv4'], ['mbconv2', 'mbconv5'], ['mbconv2', 'mbconv6'], ['mbconv2', 'mbconv7'], ['mbconv2', 'conv2'], ['mbconv2', 'pool'], ['mbconv2', 'output'], ['mbconv3', 'mbconv4'], ['mbconv3', 'mbconv5'], ['mbconv3', 'mbconv6'], ['mbconv3', 'mbconv7'], ['mbconv3', 'conv2'], ['mbconv3', 'pool'], ['mbconv3', 'output'], ['mbconv4', 'mbconv5'], ['mbconv4', 'mbconv6'], ['mbconv4', 'mbconv7'], ['mbconv4', 'conv2'], ['mbconv4', 'pool'], ['mbconv4', 'output'], ['mbconv5', 'mbconv6'], ['mbconv5', 'mbconv7'], ['mbconv5', 'conv2'], ['mbconv5', 'pool'], ['mbconv5', 'output'], ['mbconv6', 'mbconv7'], ['mbconv6', 'conv2'], ['mbconv6', 'pool'], ['mbconv6', 'output'], ['mbconv7', 'conv2'], ['mbconv7', 'pool'], ['mbconv7', 'output'], ['conv2', 'pool'], ['conv2', 'output'], ['pool', 'output']]
[['mbconv3']]
Generating the training set for videos : 
TRAINING SET : contains 962 samples, 37 patients based on 56 videos
TEST SET : contains 127 samples, 37 patients based on 8 videos
Dataset constituted.
--------------------NAIVE IMPLEMENTATION-------------------
Number of folds : 53
Grid search.
The best parameters are : {'C': 100.0}
Metrics obtained during CV : 
{'r2': array([-3.02276140e-01, -1.46782112e-01, -3.25797125e-02, -7.72191986e-02,
       -2.57638291e-03, -6.49580193e-02, -9.28196280e-02, -4.51925465e-02,
       -2.12053270e-01, -3.80065280e-02, -1.37010837e-01, -3.92040251e-01,
       -4.75143266e-01, -2.74262284e-01, -2.75486326e-01, -1.00141832e-01,
       -1.57732663e-03, -1.56175492e+00, -2.09838983e-03, -1.91240292e-01,
       -5.35621008e-02, -8.31184590e-01, -1.57418852e-02, -2.57773124e-01,
       -4.13574503e-02, -3.23493014e-02, -6.98246208e-04, -5.71979390e-01,
       -1.51320427e-01, -6.78363828e-03, -2.95701283e-01, -7.14814150e-01,
       -7.10057280e-01, -2.74721540e-02, -4.29252358e-01, -5.52498278e-01,
       -5.75772494e-02, -4.08887237e-02, -1.27443738e-01, -2.97879772e-02,
       -1.99414186e-03, -5.77459949e-01, -5.65795153e-01, -3.81296865e-02,
       -1.96238750e-01, -4.83635590e-02, -1.50597979e-01, -1.07922205e-01,
       -2.26847555e-01, -7.41416386e-01, -3.07747481e-03, -2.73200466e-01,
       -7.72457265e-02]), 'neg_mean_absolute_error': array([-10.01932805, -11.57483511,  -8.82499784, -10.92856646,
        -9.42953832,  -5.96306713,  -8.0249007 ,  -6.07441868,
        -7.7423279 ,  -7.75760621,  -7.86396776, -13.08140541,
       -15.33630583, -14.06089472,  -8.13190375,  -7.58187176,
       -13.52955396,  -7.52846656,  -8.80872992,  -9.84255309,
        -9.17311111, -14.67275882,  -8.34257409, -10.88478589,
        -8.21091701,  -9.74834566,  -8.84083797, -17.61901697,
       -10.48122222, -10.25894444, -12.34492915, -13.61002807,
       -13.65305122,  -8.99080628, -12.23010285, -12.43631174,
        -9.44361111,  -6.74336039,  -6.83646646,  -7.27275432,
        -7.25845923, -13.91260469, -13.97323183,  -8.60099011,
       -20.12473747,  -7.93407646,  -9.64646565,  -5.65744138,
        -9.08852474, -18.00641879,  -8.15074163, -14.44425664,
        -9.98152465]), 'neg_mean_squared_error': array([-145.23940881, -218.87764895,  -98.09149388, -189.61895532,
       -128.30042572,  -49.14732902, -139.29709504,  -97.06948831,
        -79.08761892,  -80.6919441 , -105.92653255, -287.0942839 ,
       -445.39989228, -324.85213565,  -92.96838016,  -89.91455778,
       -250.665181  ,  -72.16047746,  -95.936596  , -220.02829484,
       -152.3449146 , -397.11047561, -110.13071756, -245.96692361,
       -118.51822784, -249.6339189 , -139.09994546, -612.5886021 ,
       -216.8946085 , -147.27097589, -254.15226366, -317.59659369,
       -371.49251677, -119.28305217, -202.98926911, -294.77000522,
       -173.69470897,  -77.29713956,  -72.01547198, -110.60405057,
        -80.71576837, -358.4344769 , -383.52085292, -161.16862398,
       -704.06198575, -107.44442992, -151.12931315,  -48.2964801 ,
       -216.74948016, -541.4298322 , -119.2408933 , -385.93056574,
       -251.42339978]), 'max_error': array([-33.3073178 , -36.21162236, -15.88243444, -34.07323717,
       -25.22935437, -14.16374717, -31.82403778, -34.52795494,
       -15.19413667, -17.20149401, -25.57012917, -32.31095754,
       -63.27340153, -40.09399994, -18.89837144, -15.85818783,
       -30.65049161, -12.79939098, -22.93643069, -47.46398892,
       -33.38133017, -48.76296588, -22.3551666 , -47.93307299,
       -31.08706174, -45.87369455, -29.85445829, -64.54803819,
       -34.83607491, -28.11808781, -35.55862079, -42.23170878,
       -50.18624025, -24.3583487 , -27.59497521, -48.99732641,
       -38.31095782, -25.03425653, -16.76796038, -34.0602889 ,
       -20.26059174, -53.68138845, -50.3736173 , -40.61141103,
       -68.28681862, -25.82929979, -32.37191609, -14.56729931,
       -50.86427437, -48.48523549, -33.31660766, -45.03055314,
       -52.44390138]), 'explained_variance': array([-2.22044605e-16,  0.00000000e+00,  1.11022302e-16,  1.11022302e-16,
        0.00000000e+00,  0.00000000e+00,  0.00000000e+00,  0.00000000e+00,
        0.00000000e+00,  3.33066907e-16,  1.11022302e-16, -2.22044605e-16,
        0.00000000e+00,  0.00000000e+00,  2.22044605e-16,  0.00000000e+00,
        0.00000000e+00,  0.00000000e+00,  0.00000000e+00,  0.00000000e+00,
        0.00000000e+00, -2.22044605e-16, -2.22044605e-16, -2.22044605e-16,
        0.00000000e+00,  0.00000000e+00,  0.00000000e+00,  0.00000000e+00,
        0.00000000e+00, -2.22044605e-16, -2.22044605e-16,  0.00000000e+00,
        0.00000000e+00,  0.00000000e+00,  0.00000000e+00,  3.33066907e-16,
        0.00000000e+00,  0.00000000e+00,  0.00000000e+00,  2.22044605e-16,
        0.00000000e+00,  1.11022302e-16,  0.00000000e+00,  0.00000000e+00,
        0.00000000e+00,  0.00000000e+00,  0.00000000e+00,  0.00000000e+00,
        1.11022302e-16,  0.00000000e+00,  0.00000000e+00, -2.22044605e-16,
       -2.22044605e-16])}
     accs  y_pred (s)  y_true (s)
54   [11]   17.754057      19.499
4    [45]   24.624537      26.335
3    [45]   24.624537      27.642
11   [45]   24.624537      18.893
27   [29]   23.030615      65.978
29   [29]   23.030615      45.143
64   [11]   17.754057      30.560
77   [16]   18.430720      12.834
124  [26]   19.134312      45.263
71   [11]   17.754057       9.629
25   [29]   23.030615      19.467
91    [2]   14.321248      14.879
83   [16]   18.430720      24.338
89   [16]   18.430720      11.455
69   [11]   17.754057       9.069
{'mse': 264.88321740550055, 'mae': 11.308915116632516, 'r2-score': -0.08340741562976683, 'max-error': 63.32353907657256, 'explained variance score': 0.06921893528774814, 'layers': ['mbconv3']}
