environment: line 5: __conda_exe: command not found
Using device: cuda
Using model: efficientnetB4
Number of videos: 64
Execution type : naive
Using 2 features
Job ID : 33
Plotting ?  yes
Calculate accumulators ?  no
The directory contains : 65 videos
Number of videos in the directory : 65
Number of videos in the dataframe : 64
['conv1', 'mbconv1', 'mbconv2', 'mbconv3', 'mbconv4', 'mbconv5', 'mbconv6', 'mbconv7', 'conv2', 'pool', 'output']
{'conv1': {'T_max': 773.9153770208359, 'T_min': 474.00882083177567, 'tau': 100, 'alpha': 50}, 'mbconv1': {'T_max': 3485.9428219795227, 'T_min': 2560.6904525756836, 'tau': 100, 'alpha': 50}, 'mbconv2': {'T_max': 2793.179835796356, 'T_min': 1976.7829375267029, 'tau': 100, 'alpha': 50}, 'mbconv3': {'T_max': 1668.251520872116, 'T_min': 1083.705378293991, 'tau': 100, 'alpha': 50}, 'mbconv4': {'T_max': 817.8574377298355, 'T_min': 502.0499846339226, 'tau': 100, 'alpha': 50}, 'mbconv5': {'T_max': 940.7537368535995, 'T_min': 533.222236931324, 'tau': 100, 'alpha': 50}, 'mbconv6': {'T_max': 628.3391550779343, 'T_min': 341.6495691537857, 'tau': 100, 'alpha': 50}, 'mbconv7': {'T_max': 368.16851300001144, 'T_min': 200.31917816400528, 'tau': 100, 'alpha': 50}, 'conv2': {'T_max': 79.04693293571472, 'T_min': 40.3972128406167, 'tau': 100, 'alpha': 50}, 'pool': {'T_max': 1.9010385829024017, 'T_min': 0.9983048296999186, 'tau': 100, 'alpha': 50}, 'output': {'T_max': 12.80766905657947, 'T_min': 6.51999241206795, 'tau': 100, 'alpha': 50}}
Iterating over following combinations of layers :  [['conv1'], ['mbconv1'], ['mbconv2'], ['mbconv3'], ['mbconv4'], ['mbconv5'], ['mbconv6'], ['mbconv7'], ['conv2'], ['pool'], ['output'], ['conv1', 'mbconv1'], ['conv1', 'mbconv2'], ['conv1', 'mbconv3'], ['conv1', 'mbconv4'], ['conv1', 'mbconv5'], ['conv1', 'mbconv6'], ['conv1', 'mbconv7'], ['conv1', 'conv2'], ['conv1', 'pool'], ['conv1', 'output'], ['mbconv1', 'mbconv2'], ['mbconv1', 'mbconv3'], ['mbconv1', 'mbconv4'], ['mbconv1', 'mbconv5'], ['mbconv1', 'mbconv6'], ['mbconv1', 'mbconv7'], ['mbconv1', 'conv2'], ['mbconv1', 'pool'], ['mbconv1', 'output'], ['mbconv2', 'mbconv3'], ['mbconv2', 'mbconv4'], ['mbconv2', 'mbconv5'], ['mbconv2', 'mbconv6'], ['mbconv2', 'mbconv7'], ['mbconv2', 'conv2'], ['mbconv2', 'pool'], ['mbconv2', 'output'], ['mbconv3', 'mbconv4'], ['mbconv3', 'mbconv5'], ['mbconv3', 'mbconv6'], ['mbconv3', 'mbconv7'], ['mbconv3', 'conv2'], ['mbconv3', 'pool'], ['mbconv3', 'output'], ['mbconv4', 'mbconv5'], ['mbconv4', 'mbconv6'], ['mbconv4', 'mbconv7'], ['mbconv4', 'conv2'], ['mbconv4', 'pool'], ['mbconv4', 'output'], ['mbconv5', 'mbconv6'], ['mbconv5', 'mbconv7'], ['mbconv5', 'conv2'], ['mbconv5', 'pool'], ['mbconv5', 'output'], ['mbconv6', 'mbconv7'], ['mbconv6', 'conv2'], ['mbconv6', 'pool'], ['mbconv6', 'output'], ['mbconv7', 'conv2'], ['mbconv7', 'pool'], ['mbconv7', 'output'], ['conv2', 'pool'], ['conv2', 'output'], ['pool', 'output']]
[['mbconv2', 'mbconv6']]
Generating the training set for videos : 
TRAINING SET : contains 962 samples, 37 patients based on 56 videos
TEST SET : contains 127 samples, 37 patients based on 8 videos
Dataset constituted.
--------------------NAIVE IMPLEMENTATION-------------------
Number of folds : 53
Grid search.
The best parameters are : {'C': 100.0}
Metrics obtained during CV : 
{'r2': array([-0.03305751, -0.10045861, -0.23438971, -0.16677928, -0.35346908,
       -0.00574367, -0.00131934, -0.10909323, -0.11066829, -0.01238051,
       -0.15194502, -0.30388001, -0.34845646, -0.15576904, -0.05058464,
       -0.24961708, -0.00284224, -0.25384679, -0.00326646, -0.21325854,
       -0.03060685, -0.94426408, -0.0754049 , -0.1383662 , -0.02165115,
       -0.1006063 , -0.28362249, -0.50241065, -0.16216917, -0.05893183,
       -0.09312729, -0.39523424, -0.61394428, -0.0029914 , -0.26389183,
       -0.0111916 , -0.12553664, -0.06211713, -0.00436166, -0.02260399,
       -0.00990856, -0.31327236, -0.54049848, -0.02971713, -0.04519909,
       -0.09487615, -0.27360552, -0.00273913, -0.13122071, -1.1347346 ,
       -0.2373567 , -0.01394429, -0.00181794]), 'neg_mean_absolute_error': array([ -7.10554749, -12.9680906 , -10.13511679, -10.83743782,
       -11.92226812,  -5.45114877,  -8.45740681,  -6.13412123,
        -7.30731564,  -7.33130479,  -7.89391684, -12.68523199,
       -14.70249929, -13.51876564,  -6.96611701,  -8.42243487,
       -13.4017267 ,  -5.33154675,  -8.79639632,  -9.91651315,
        -9.17311111, -15.23052031,  -8.32050438, -10.67387709,
        -7.9443438 ,  -9.46614987,  -9.7986137 , -17.20241184,
       -10.48122222, -10.25894444, -12.78300294, -12.06295056,
       -13.26588565,  -8.32604703, -11.75567209, -10.80106602,
        -9.44361111,  -6.69833559,  -5.63590267,  -7.24713808,
        -6.77076641, -12.68347311, -13.82535634,  -9.56695782,
       -19.58377778,  -7.98654217,  -9.95788808,  -5.21230335,
        -8.76949777, -20.22335956,  -8.44499151, -15.46255594,
       -11.02627886]), 'neg_mean_squared_error': array([-115.21416755, -210.03623257, -117.26274446, -205.38388863,
       -173.20441857,  -46.41461379, -127.63393998, -103.0040948 ,
        -72.47215368,  -78.69984367, -107.3178349 , -268.91212218,
       -407.14849518, -294.64423945,  -76.57561672, -102.13116479,
       -250.98175187,  -35.31882859,  -96.04842198, -224.09518033,
       -149.02558854, -421.63287963, -116.59961545, -222.61600792,
       -116.27542876, -266.13924561, -178.42723169, -585.47818605,
       -218.93837905, -154.89914428, -214.41730412, -258.4079693 ,
       -350.61294627, -116.44099056, -179.50397518, -191.9930983 ,
       -184.85624501,  -78.87357587,  -64.1536041 , -109.83245632,
        -81.35331553, -298.40509838, -377.32476554, -159.8625832 ,
       -615.16561362, -112.21140066, -167.28616802,  -43.71134564,
       -199.85490417, -663.71776784, -147.09084935, -307.34523209,
       -233.81895744]), 'max_error': array([-37.19341797, -26.53989695, -17.02402434, -35.80468151,
       -20.37444204, -15.38031047, -28.79445411, -35.66230329,
       -15.86640055, -19.90140298, -25.75980668, -31.23562968,
       -61.5530695 , -38.03390944, -21.45925383, -21.82945251,
       -32.12219274, -10.66223025, -23.0474331 , -47.79680918,
       -32.70207888, -49.64711379, -23.90803941, -46.03489379,
       -31.68685144, -48.00915118, -36.44488083, -63.61067663,
       -35.02415566, -30.05800814, -25.52926321, -39.28138877,
       -49.31511771, -25.55491534, -25.90902442, -37.29745291,
       -39.77653005, -25.43947968, -20.14893799, -33.82974268,
       -21.55480118, -50.66358601, -50.10744142, -36.0304699 ,
       -62.69754034, -26.72121689, -33.91915676, -17.08184299,
       -49.34846217, -52.08555569, -38.02361853, -33.87452624,
       -48.84925638]), 'explained_variance': array([-4.44089210e-16,  0.00000000e+00,  1.11022302e-16,  0.00000000e+00,
       -2.22044605e-16,  0.00000000e+00,  0.00000000e+00, -2.22044605e-16,
        0.00000000e+00,  0.00000000e+00,  1.11022302e-16,  0.00000000e+00,
        0.00000000e+00,  0.00000000e+00,  2.22044605e-16,  0.00000000e+00,
        0.00000000e+00,  0.00000000e+00,  0.00000000e+00,  0.00000000e+00,
        0.00000000e+00, -2.22044605e-16, -2.22044605e-16,  1.11022302e-16,
        0.00000000e+00,  0.00000000e+00,  0.00000000e+00,  1.11022302e-16,
        0.00000000e+00, -2.22044605e-16, -2.22044605e-16,  0.00000000e+00,
        0.00000000e+00,  0.00000000e+00,  0.00000000e+00,  3.33066907e-16,
        0.00000000e+00,  0.00000000e+00, -2.22044605e-16,  2.22044605e-16,
        0.00000000e+00,  0.00000000e+00,  0.00000000e+00,  0.00000000e+00,
       -2.22044605e-16,  0.00000000e+00, -2.22044605e-16,  0.00000000e+00,
        0.00000000e+00,  0.00000000e+00,  0.00000000e+00, -2.22044605e-16,
       -2.22044605e-16])}
         accs  y_pred (s)  y_true (s)
54    [10, 4]   20.838525      19.499
4    [50, 36]   23.136480      26.335
3    [50, 36]   23.136480      27.642
11   [50, 36]   23.136480      18.893
27   [29, 24]   19.948459      65.978
29   [29, 24]   19.948459      45.143
64    [10, 4]   20.838525      30.560
77   [16, 13]   17.214487      12.834
124  [27, 23]   19.556683      45.263
71    [10, 4]   20.838525       9.629
25   [29, 24]   19.948459      19.467
91     [4, 3]   15.184874      14.879
83   [16, 13]   17.214487      24.338
89   [16, 13]   17.214487      11.455
69    [10, 4]   20.838525       9.069
{'mse': 281.37877571916414, 'mae': 11.503412211417794, 'r2-score': -0.1508764322667009, 'max-error': 65.68776583248547, 'explained variance score': 0.030525796083058165, 'layers': ['mbconv2', 'mbconv6']}
