environment: line 5: __conda_exe: command not found
Using device: cuda
Using model: efficientnetB4
Number of videos: 64
Execution type : naive
Using 2 features
Job ID : 30
Plotting ?  yes
Calculate accumulators ?  no
The directory contains : 65 videos
Number of videos in the directory : 65
Number of videos in the dataframe : 64
['conv1', 'mbconv1', 'mbconv2', 'mbconv3', 'mbconv4', 'mbconv5', 'mbconv6', 'mbconv7', 'conv2', 'pool', 'output']
{'conv1': {'T_max': 773.9153770208359, 'T_min': 474.00882083177567, 'tau': 100, 'alpha': 50}, 'mbconv1': {'T_max': 3485.9428219795227, 'T_min': 2560.6904525756836, 'tau': 100, 'alpha': 50}, 'mbconv2': {'T_max': 2793.179835796356, 'T_min': 1976.7829375267029, 'tau': 100, 'alpha': 50}, 'mbconv3': {'T_max': 1668.251520872116, 'T_min': 1083.705378293991, 'tau': 100, 'alpha': 50}, 'mbconv4': {'T_max': 817.8574377298355, 'T_min': 502.0499846339226, 'tau': 100, 'alpha': 50}, 'mbconv5': {'T_max': 940.7537368535995, 'T_min': 533.222236931324, 'tau': 100, 'alpha': 50}, 'mbconv6': {'T_max': 628.3391550779343, 'T_min': 341.6495691537857, 'tau': 100, 'alpha': 50}, 'mbconv7': {'T_max': 368.16851300001144, 'T_min': 200.31917816400528, 'tau': 100, 'alpha': 50}, 'conv2': {'T_max': 79.04693293571472, 'T_min': 40.3972128406167, 'tau': 100, 'alpha': 50}, 'pool': {'T_max': 1.9010385829024017, 'T_min': 0.9983048296999186, 'tau': 100, 'alpha': 50}, 'output': {'T_max': 12.80766905657947, 'T_min': 6.51999241206795, 'tau': 100, 'alpha': 50}}
Iterating over following combinations of layers :  [['conv1'], ['mbconv1'], ['mbconv2'], ['mbconv3'], ['mbconv4'], ['mbconv5'], ['mbconv6'], ['mbconv7'], ['conv2'], ['pool'], ['output'], ['conv1', 'mbconv1'], ['conv1', 'mbconv2'], ['conv1', 'mbconv3'], ['conv1', 'mbconv4'], ['conv1', 'mbconv5'], ['conv1', 'mbconv6'], ['conv1', 'mbconv7'], ['conv1', 'conv2'], ['conv1', 'pool'], ['conv1', 'output'], ['mbconv1', 'mbconv2'], ['mbconv1', 'mbconv3'], ['mbconv1', 'mbconv4'], ['mbconv1', 'mbconv5'], ['mbconv1', 'mbconv6'], ['mbconv1', 'mbconv7'], ['mbconv1', 'conv2'], ['mbconv1', 'pool'], ['mbconv1', 'output'], ['mbconv2', 'mbconv3'], ['mbconv2', 'mbconv4'], ['mbconv2', 'mbconv5'], ['mbconv2', 'mbconv6'], ['mbconv2', 'mbconv7'], ['mbconv2', 'conv2'], ['mbconv2', 'pool'], ['mbconv2', 'output'], ['mbconv3', 'mbconv4'], ['mbconv3', 'mbconv5'], ['mbconv3', 'mbconv6'], ['mbconv3', 'mbconv7'], ['mbconv3', 'conv2'], ['mbconv3', 'pool'], ['mbconv3', 'output'], ['mbconv4', 'mbconv5'], ['mbconv4', 'mbconv6'], ['mbconv4', 'mbconv7'], ['mbconv4', 'conv2'], ['mbconv4', 'pool'], ['mbconv4', 'output'], ['mbconv5', 'mbconv6'], ['mbconv5', 'mbconv7'], ['mbconv5', 'conv2'], ['mbconv5', 'pool'], ['mbconv5', 'output'], ['mbconv6', 'mbconv7'], ['mbconv6', 'conv2'], ['mbconv6', 'pool'], ['mbconv6', 'output'], ['mbconv7', 'conv2'], ['mbconv7', 'pool'], ['mbconv7', 'output'], ['conv2', 'pool'], ['conv2', 'output'], ['pool', 'output']]
[['mbconv2', 'mbconv3']]
Generating the training set for videos : 
TRAINING SET : contains 962 samples, 37 patients based on 56 videos
TEST SET : contains 127 samples, 37 patients based on 8 videos
Dataset constituted.
--------------------NAIVE IMPLEMENTATION-------------------
Number of folds : 53
Grid search.
The best parameters are : {'C': 10.0}
Metrics obtained during CV : 
{'r2': array([-1.52923750e-01, -1.07610626e-01, -2.38506406e-02, -1.01524083e-01,
       -1.67338912e-02, -5.03538473e-02, -9.28436448e-02, -4.53733068e-02,
       -2.33882231e-01, -6.12705036e-02, -1.63900525e-01, -3.40499794e-01,
       -4.08210474e-01, -1.53343260e-01, -1.75355617e-01, -8.32853392e-04,
       -9.24061536e-03, -1.36004186e+00, -5.40606445e-02, -2.25640243e-01,
       -1.70887073e-02, -9.81795455e-01, -3.85533039e-02, -1.99995484e-01,
       -2.13683453e-02, -3.39287418e-02, -3.22917493e-03, -6.66873103e-02,
       -1.11877880e-01, -6.44039454e-04, -2.33063823e-01, -3.30398232e-01,
       -7.24890680e-01, -1.28684651e-01, -4.21705120e-01, -6.10402980e-01,
       -1.12607154e-01, -7.01785763e-02, -1.27409829e-01, -2.77940782e-02,
       -1.02860506e-03, -5.32791435e-01, -5.44543623e-01, -3.87054311e-02,
       -4.16241823e-01, -6.30753777e-02, -1.50865075e-01, -1.27126319e-01,
       -1.50710518e-01, -6.53918348e-01, -1.87660971e-05, -8.10073003e-02,
       -7.45440881e-02]), 'neg_mean_absolute_error': array([ -8.69584122, -11.45468357,  -8.73546037, -10.90011467,
        -9.19554561,  -5.86501126,  -8.02497096,  -6.07463411,
        -7.83079759,  -7.87607615,  -7.91684564, -12.85597234,
       -15.01370063, -13.50580246,  -7.62422171,  -7.72682917,
       -13.36607735,  -7.17862468,  -9.16794617,  -9.95642974,
        -9.17763527, -15.41826326,  -8.24094444, -10.79077319,
        -7.93977235,  -9.73335363,  -8.73178071, -15.06666667,
       -10.48122222, -10.25894444, -12.14906663, -11.8009605 ,
       -13.7104101 , -10.14596662, -12.20712104, -12.66890959,
        -9.44361111,  -6.6833227 ,  -6.83625557,  -7.26598759,
        -7.20826188, -13.68147306, -13.84923179,  -8.60302345,
       -21.63814254,  -7.95267472,  -9.64669755,  -5.7118776 ,
        -8.78980337, -17.5172359 ,  -8.1123843 , -14.0574375 ,
       -10.00025275]), 'neg_mean_squared_error': array([-128.58253233, -211.40128294,  -97.2622623 , -193.89725518,
       -130.1121723 ,  -48.47335311, -139.30015635,  -97.08627594,
        -80.51197919,  -82.50042542, -108.43163744, -276.46458379,
       -425.1904258 , -294.02582649,  -85.66999553,  -81.79803803,
       -252.58307551,  -66.47854786, -100.9112391 , -226.38214514,
       -147.07086761, -429.7719301 , -112.60402101, -234.66807466,
       -116.24324216, -250.01584574, -139.45175186, -415.68006077,
       -209.46411772, -146.37288351, -241.86590362, -246.39984843,
       -374.71492164, -131.03318629, -201.91737433, -305.764265  ,
       -182.73272796,  -79.47222492,  -72.01330604, -110.38989649,
        -80.63798943, -348.28478309, -378.31557116, -161.25800776,
       -833.54767599, -108.95221123, -151.16439577,  -49.13362469,
       -203.29820564, -514.22551266, -118.87728912, -327.6732692 ,
       -250.79285181]), 'max_error': array([-34.98373446, -35.45066261, -16.13645061, -34.61382131,
       -26.11852667, -14.37075401, -31.82448276, -34.53204801,
       -15.38090603, -16.73793616, -25.90502238, -31.69906777,
       -62.39775886, -37.98464934, -19.80430973, -17.57358473,
       -32.79953032, -12.35625793, -20.21324224, -47.97643383,
       -32.17028257, -49.92872822, -23.0932516 , -47.08695871,
       -31.69713722, -45.94115864, -30.83597361, -54.71613145,
       -34.08779475, -26.81500921, -34.70404983, -38.54821483,
       -50.31529772, -22.27906009, -27.52602979, -49.52067158,
       -39.53634605, -25.57459567, -16.76833997, -33.99938834,
       -20.37353578, -53.22943939, -50.15041721, -40.62971109,
       -73.19176094, -26.14547023, -32.37585837, -14.38221615,
       -49.69365727, -47.56122336, -32.66453314, -40.88571834,
       -52.36898901]), 'explained_variance': array([-2.22044605e-16,  0.00000000e+00,  1.11022302e-16,  1.11022302e-16,
        0.00000000e+00,  0.00000000e+00,  0.00000000e+00,  0.00000000e+00,
        0.00000000e+00,  3.33066907e-16,  0.00000000e+00,  0.00000000e+00,
        0.00000000e+00,  0.00000000e+00,  2.22044605e-16,  0.00000000e+00,
        0.00000000e+00,  0.00000000e+00,  0.00000000e+00,  0.00000000e+00,
        0.00000000e+00,  0.00000000e+00, -2.22044605e-16, -2.22044605e-16,
        0.00000000e+00,  0.00000000e+00,  0.00000000e+00,  1.11022302e-16,
        0.00000000e+00, -2.22044605e-16, -2.22044605e-16,  0.00000000e+00,
        0.00000000e+00,  0.00000000e+00,  0.00000000e+00,  3.33066907e-16,
        0.00000000e+00,  0.00000000e+00, -2.22044605e-16,  2.22044605e-16,
        0.00000000e+00,  0.00000000e+00,  0.00000000e+00,  0.00000000e+00,
       -4.44089210e-16,  0.00000000e+00,  0.00000000e+00,  0.00000000e+00,
        1.11022302e-16,  0.00000000e+00,  2.22044605e-16, -2.22044605e-16,
       -2.22044605e-16])}
         accs  y_pred (s)  y_true (s)
54   [10, 11]   17.846167      19.499
4    [50, 45]   22.986029      26.335
3    [50, 45]   22.986029      27.642
11   [50, 45]   22.986029      18.893
27   [29, 29]   22.098452      65.978
29   [29, 29]   22.098452      45.143
64   [10, 11]   17.846167      30.560
77   [16, 16]   18.963776      12.834
124  [27, 26]   19.450737      45.263
71   [10, 11]   17.846167       9.629
25   [29, 29]   22.098452      19.467
91     [4, 2]   15.433207      14.879
83   [16, 16]   18.963776      24.338
89   [16, 16]   18.963776      11.455
69   [10, 11]   17.846167       9.069
{'mse': 267.5828281842251, 'mae': 11.382400826400646, 'r2-score': -0.0944491809995478, 'max-error': 62.865789050270834, 'explained variance score': 0.058935730121275176, 'layers': ['mbconv2', 'mbconv3']}
