environment: line 5: __conda_exe: command not found
Using device: cuda
Using model: efficientnetB4
Number of videos: 64
Execution type : naive
Using 2 features
Job ID : 25
Plotting ?  yes
Calculate accumulators ?  no
The directory contains : 65 videos
Number of videos in the directory : 65
Number of videos in the dataframe : 64
['conv1', 'mbconv1', 'mbconv2', 'mbconv3', 'mbconv4', 'mbconv5', 'mbconv6', 'mbconv7', 'conv2', 'pool', 'output']
{'conv1': {'T_max': 773.9153770208359, 'T_min': 474.00882083177567, 'tau': 100, 'alpha': 50}, 'mbconv1': {'T_max': 3485.9428219795227, 'T_min': 2560.6904525756836, 'tau': 100, 'alpha': 50}, 'mbconv2': {'T_max': 2793.179835796356, 'T_min': 1976.7829375267029, 'tau': 100, 'alpha': 50}, 'mbconv3': {'T_max': 1668.251520872116, 'T_min': 1083.705378293991, 'tau': 100, 'alpha': 50}, 'mbconv4': {'T_max': 817.8574377298355, 'T_min': 502.0499846339226, 'tau': 100, 'alpha': 50}, 'mbconv5': {'T_max': 940.7537368535995, 'T_min': 533.222236931324, 'tau': 100, 'alpha': 50}, 'mbconv6': {'T_max': 628.3391550779343, 'T_min': 341.6495691537857, 'tau': 100, 'alpha': 50}, 'mbconv7': {'T_max': 368.16851300001144, 'T_min': 200.31917816400528, 'tau': 100, 'alpha': 50}, 'conv2': {'T_max': 79.04693293571472, 'T_min': 40.3972128406167, 'tau': 100, 'alpha': 50}, 'pool': {'T_max': 1.9010385829024017, 'T_min': 0.9983048296999186, 'tau': 100, 'alpha': 50}, 'output': {'T_max': 12.80766905657947, 'T_min': 6.51999241206795, 'tau': 100, 'alpha': 50}}
Iterating over following combinations of layers :  [['conv1'], ['mbconv1'], ['mbconv2'], ['mbconv3'], ['mbconv4'], ['mbconv5'], ['mbconv6'], ['mbconv7'], ['conv2'], ['pool'], ['output'], ['conv1', 'mbconv1'], ['conv1', 'mbconv2'], ['conv1', 'mbconv3'], ['conv1', 'mbconv4'], ['conv1', 'mbconv5'], ['conv1', 'mbconv6'], ['conv1', 'mbconv7'], ['conv1', 'conv2'], ['conv1', 'pool'], ['conv1', 'output'], ['mbconv1', 'mbconv2'], ['mbconv1', 'mbconv3'], ['mbconv1', 'mbconv4'], ['mbconv1', 'mbconv5'], ['mbconv1', 'mbconv6'], ['mbconv1', 'mbconv7'], ['mbconv1', 'conv2'], ['mbconv1', 'pool'], ['mbconv1', 'output'], ['mbconv2', 'mbconv3'], ['mbconv2', 'mbconv4'], ['mbconv2', 'mbconv5'], ['mbconv2', 'mbconv6'], ['mbconv2', 'mbconv7'], ['mbconv2', 'conv2'], ['mbconv2', 'pool'], ['mbconv2', 'output'], ['mbconv3', 'mbconv4'], ['mbconv3', 'mbconv5'], ['mbconv3', 'mbconv6'], ['mbconv3', 'mbconv7'], ['mbconv3', 'conv2'], ['mbconv3', 'pool'], ['mbconv3', 'output'], ['mbconv4', 'mbconv5'], ['mbconv4', 'mbconv6'], ['mbconv4', 'mbconv7'], ['mbconv4', 'conv2'], ['mbconv4', 'pool'], ['mbconv4', 'output'], ['mbconv5', 'mbconv6'], ['mbconv5', 'mbconv7'], ['mbconv5', 'conv2'], ['mbconv5', 'pool'], ['mbconv5', 'output'], ['mbconv6', 'mbconv7'], ['mbconv6', 'conv2'], ['mbconv6', 'pool'], ['mbconv6', 'output'], ['mbconv7', 'conv2'], ['mbconv7', 'pool'], ['mbconv7', 'output'], ['conv2', 'pool'], ['conv2', 'output'], ['pool', 'output']]
[['mbconv1', 'mbconv6']]
Generating the training set for videos : 
TRAINING SET : contains 962 samples, 37 patients based on 56 videos
TEST SET : contains 127 samples, 37 patients based on 8 videos
Dataset constituted.
--------------------NAIVE IMPLEMENTATION-------------------
Number of folds : 53
Grid search.
The best parameters are : {'C': 100.0}
Metrics obtained during CV : 
{'r2': array([-1.70308683e-01, -9.70669582e-03, -3.51087151e-01, -1.90839041e-01,
       -2.74531731e-02, -2.16101650e-04, -1.67710533e-02, -1.63564061e-01,
       -2.06601640e-01, -4.47525542e-02, -1.16335973e-02, -4.35919145e-01,
       -1.16205731e-01, -1.54208548e-01, -3.43203627e-01, -1.88534012e-01,
       -5.84528865e-03, -1.00638030e+00, -2.08756160e-02, -7.04752437e-02,
       -8.20825283e-02, -8.46219729e-01, -1.15062639e-01, -3.73424040e-01,
       -3.32919726e-02, -1.50541250e-01, -1.76985126e-01, -8.64268833e-02,
       -2.79651773e-01, -3.16838916e-02, -1.30113702e-02, -2.00537005e-01,
       -3.28274970e-01, -2.33209329e-03, -5.45232905e-02, -5.45672063e-02,
       -6.04659211e-02, -9.56651208e-01, -4.82238211e-02, -2.65194200e-02,
       -2.21187511e-02, -1.00923624e+00, -4.33728491e-01, -5.09226042e-02,
       -1.86263876e-02, -8.71242355e-03, -3.22689283e-01, -1.01429619e-02,
       -7.65919760e-02, -7.93982133e-01, -7.99824394e-02, -1.10087043e-01,
       -7.08394156e-02]), 'neg_mean_absolute_error': array([ -8.87617875, -11.13048406, -10.63552433, -10.84275484,
        -9.13128885,  -5.30797552,  -9.05697792,  -6.17791144,
        -7.71953105,  -7.78290141,  -7.54944654, -13.26188147,
       -14.5325967 , -13.51043818,  -8.48804385,  -8.30543664,
       -13.38245817,  -6.53270166,  -9.01560841,  -9.52688889,
        -9.17311111, -14.7399164 ,  -8.39525507, -11.20332044,
        -8.11179992,  -9.50042115,  -9.3145503 , -15.06666667,
       -10.51146571, -10.25894444, -12.18824082, -11.22489098,
       -11.88635501,  -8.2877255 , -11.01360957, -10.49816667,
        -9.44361111,  -8.60176462,  -6.32231835,  -7.59742558,
        -6.67267294, -16.1000337 , -13.15929594,  -8.64306598,
       -19.71524551,  -7.85869905, -10.17017479,  -5.3891148 ,
        -8.70265455, -18.28648087,  -8.29654446, -14.0574375 ,
       -10.02649481]), 'neg_mean_squared_error': array([-130.52142784, -192.71509853, -128.34859665, -209.61904055,
       -131.48392657,  -46.15951892, -129.60350493, -108.06292909,
        -78.73189495,  -81.21636274,  -94.24610185, -296.14386411,
       -337.02347683, -294.24641756,  -97.90419768,  -97.13884793,
       -251.73332566,  -56.51647581,  -97.73424699, -197.72236051,
       -156.46896394, -400.3709941 , -120.89946307, -268.58332351,
       -117.60028548, -278.21408976, -163.60433079, -423.37242465,
       -241.07065576, -150.91335193, -198.7025375 , -222.34856387,
       -288.55420066, -116.36444931, -149.76845122, -200.22874446,
       -174.16913956, -145.30231526,  -66.95529959, -110.25299223,
        -82.33690889, -456.54378727, -351.17286736, -163.15471201,
       -599.52590337, -103.38067398, -173.73324687,  -44.03409302,
       -190.20354258, -557.77323152, -128.38297544, -336.48787607,
       -249.92820104]), 'max_error': array([-34.75530692, -32.27980279, -18.08044025, -36.18234189,
       -26.52951177, -15.79529302, -26.92226883, -36.37677246,
       -15.14601   , -17.05517463, -23.03848424, -32.80082114,
       -45.37238039, -38.00226507, -18.37785898, -21.23809871,
       -32.48829469, -11.49103015, -21.0745243 , -45.12859475,
       -34.04349236, -48.88384952, -24.58079561, -49.37862798,
       -31.31007518, -49.11029034, -35.12598423, -55.42177279,
       -36.75519135, -29.27477459, -26.34516632, -36.82000627,
       -46.21117377, -25.6238941 , -22.56974307, -41.97395146,
       -38.38715388, -31.72034023, -17.8660337 , -30.58391745,
       -21.99622179, -57.36996722, -48.9085327 , -40.99009385,
       -60.85079038, -24.5478839 , -34.4347102 , -16.07134946,
       -48.21212727, -49.01424164, -35.79525577, -41.70706412,
       -52.26402076]), 'explained_variance': array([-2.22044605e-16,  0.00000000e+00,  1.11022302e-16,  0.00000000e+00,
        0.00000000e+00,  0.00000000e+00,  0.00000000e+00,  0.00000000e+00,
        0.00000000e+00,  3.33066907e-16,  0.00000000e+00,  0.00000000e+00,
        0.00000000e+00,  0.00000000e+00,  2.22044605e-16,  0.00000000e+00,
        0.00000000e+00,  0.00000000e+00,  0.00000000e+00,  0.00000000e+00,
        0.00000000e+00, -2.22044605e-16, -2.22044605e-16, -2.22044605e-16,
        0.00000000e+00,  0.00000000e+00,  0.00000000e+00,  1.11022302e-16,
        0.00000000e+00,  0.00000000e+00,  0.00000000e+00,  0.00000000e+00,
        1.11022302e-16,  2.22044605e-16,  0.00000000e+00,  1.11022302e-16,
        0.00000000e+00,  0.00000000e+00,  0.00000000e+00,  2.22044605e-16,
        0.00000000e+00,  1.11022302e-16,  0.00000000e+00,  0.00000000e+00,
       -4.44089210e-16, -2.22044605e-16,  0.00000000e+00,  0.00000000e+00,
        0.00000000e+00, -2.22044605e-16,  1.11022302e-16, -2.22044605e-16,
        0.00000000e+00])}
         accs  y_pred (s)  y_true (s)
54     [1, 4]   13.372916      19.499
4    [41, 36]   27.277499      26.335
3    [41, 36]   27.277499      27.642
11   [41, 36]   27.277499      18.893
27   [29, 24]   16.220948      65.978
29   [29, 24]   16.220948      45.143
64     [1, 4]   13.372916      30.560
77   [15, 13]   14.871839      12.834
124  [25, 23]   17.828175      45.263
71     [1, 4]   13.372916       9.629
25   [29, 24]   16.220948      19.467
91    [15, 3]    9.872475      14.879
83   [15, 13]   14.871839      24.338
89   [15, 13]   14.871839      11.455
69     [1, 4]   13.372916       9.069
{'mse': 306.5004778059744, 'mae': 11.906240420756964, 'r2-score': -0.25362751857816934, 'max-error': 63.926862769182456, 'explained variance score': 0.06319993303095406, 'layers': ['mbconv1', 'mbconv6']}
