environment: line 5: __conda_exe: command not found
Using device: cuda
Using model: efficientnetB4
Number of videos: 64
Execution type : naive
Using 2 features
Job ID : 59
Plotting ?  yes
Calculate accumulators ?  no
The directory contains : 65 videos
Number of videos in the directory : 65
Number of videos in the dataframe : 64
['conv1', 'mbconv1', 'mbconv2', 'mbconv3', 'mbconv4', 'mbconv5', 'mbconv6', 'mbconv7', 'conv2', 'pool', 'output']
{'conv1': {'T_max': 773.9153770208359, 'T_min': 474.00882083177567, 'tau': 100, 'alpha': 50}, 'mbconv1': {'T_max': 3485.9428219795227, 'T_min': 2560.6904525756836, 'tau': 100, 'alpha': 50}, 'mbconv2': {'T_max': 2793.179835796356, 'T_min': 1976.7829375267029, 'tau': 100, 'alpha': 50}, 'mbconv3': {'T_max': 1668.251520872116, 'T_min': 1083.705378293991, 'tau': 100, 'alpha': 50}, 'mbconv4': {'T_max': 817.8574377298355, 'T_min': 502.0499846339226, 'tau': 100, 'alpha': 50}, 'mbconv5': {'T_max': 940.7537368535995, 'T_min': 533.222236931324, 'tau': 100, 'alpha': 50}, 'mbconv6': {'T_max': 628.3391550779343, 'T_min': 341.6495691537857, 'tau': 100, 'alpha': 50}, 'mbconv7': {'T_max': 368.16851300001144, 'T_min': 200.31917816400528, 'tau': 100, 'alpha': 50}, 'conv2': {'T_max': 79.04693293571472, 'T_min': 40.3972128406167, 'tau': 100, 'alpha': 50}, 'pool': {'T_max': 1.9010385829024017, 'T_min': 0.9983048296999186, 'tau': 100, 'alpha': 50}, 'output': {'T_max': 12.80766905657947, 'T_min': 6.51999241206795, 'tau': 100, 'alpha': 50}}
Iterating over following combinations of layers :  [['conv1'], ['mbconv1'], ['mbconv2'], ['mbconv3'], ['mbconv4'], ['mbconv5'], ['mbconv6'], ['mbconv7'], ['conv2'], ['pool'], ['output'], ['conv1', 'mbconv1'], ['conv1', 'mbconv2'], ['conv1', 'mbconv3'], ['conv1', 'mbconv4'], ['conv1', 'mbconv5'], ['conv1', 'mbconv6'], ['conv1', 'mbconv7'], ['conv1', 'conv2'], ['conv1', 'pool'], ['conv1', 'output'], ['mbconv1', 'mbconv2'], ['mbconv1', 'mbconv3'], ['mbconv1', 'mbconv4'], ['mbconv1', 'mbconv5'], ['mbconv1', 'mbconv6'], ['mbconv1', 'mbconv7'], ['mbconv1', 'conv2'], ['mbconv1', 'pool'], ['mbconv1', 'output'], ['mbconv2', 'mbconv3'], ['mbconv2', 'mbconv4'], ['mbconv2', 'mbconv5'], ['mbconv2', 'mbconv6'], ['mbconv2', 'mbconv7'], ['mbconv2', 'conv2'], ['mbconv2', 'pool'], ['mbconv2', 'output'], ['mbconv3', 'mbconv4'], ['mbconv3', 'mbconv5'], ['mbconv3', 'mbconv6'], ['mbconv3', 'mbconv7'], ['mbconv3', 'conv2'], ['mbconv3', 'pool'], ['mbconv3', 'output'], ['mbconv4', 'mbconv5'], ['mbconv4', 'mbconv6'], ['mbconv4', 'mbconv7'], ['mbconv4', 'conv2'], ['mbconv4', 'pool'], ['mbconv4', 'output'], ['mbconv5', 'mbconv6'], ['mbconv5', 'mbconv7'], ['mbconv5', 'conv2'], ['mbconv5', 'pool'], ['mbconv5', 'output'], ['mbconv6', 'mbconv7'], ['mbconv6', 'conv2'], ['mbconv6', 'pool'], ['mbconv6', 'output'], ['mbconv7', 'conv2'], ['mbconv7', 'pool'], ['mbconv7', 'output'], ['conv2', 'pool'], ['conv2', 'output'], ['pool', 'output']]
[['mbconv6', 'output']]
Generating the training set for videos : 
TRAINING SET : contains 962 samples, 37 patients based on 56 videos
TEST SET : contains 127 samples, 37 patients based on 8 videos
Dataset constituted.
--------------------NAIVE IMPLEMENTATION-------------------
Number of folds : 53
Grid search.
The best parameters are : {'C': 1}
Metrics obtained during CV : 
{'r2': array([-8.82059460e-02, -5.76092870e-02, -2.40645400e-01, -5.99388226e-02,
       -8.76628327e-02, -7.18062182e-02, -3.39914251e-02, -2.65274472e-02,
       -6.02587081e-03, -8.04555499e-03, -1.53255222e-01, -6.50414022e-01,
       -2.23457431e-01, -6.15821799e-02, -2.42980088e-01, -5.77150909e-02,
       -6.60102458e-06, -8.85970376e-01, -8.51244510e-03, -2.60115701e-01,
       -8.49173330e-02, -8.45222037e-01, -6.57707282e-02, -4.78711968e-01,
       -1.29699034e-01, -9.52162729e-02, -4.36807897e-04, -4.09505037e-01,
       -2.37772526e-01, -3.63152888e-02, -1.91872670e-01, -2.98468814e-01,
       -4.40015899e-01, -1.47576905e-03, -3.57738529e-01, -2.89898610e-01,
       -1.39272594e-02, -3.49356490e-02, -2.31639259e-02, -6.90841264e-02,
       -1.63996968e-03, -3.36221769e-01, -7.62729978e-01, -1.40229725e-01,
       -2.85234994e-01, -7.64502250e-02, -1.48361048e-01, -1.78664742e-01,
       -3.34376143e-01, -7.71709370e-01, -1.13089192e-02, -3.23248939e-01,
       -4.87527395e-02]), 'neg_mean_absolute_error': array([ -7.91163113, -11.26267731, -10.164748  , -10.95165146,
       -10.67839376,  -6.00521581,  -8.10217484,  -6.0907047 ,
        -6.76516317,  -7.36133424,  -7.89647261, -14.20383804,
       -13.94971648, -13.14102658,  -7.95081903,  -7.48022071,
       -13.44825557,  -6.34242454,  -8.75822609, -10.06213267,
        -9.17311111, -14.73547858,  -8.29951533, -11.70312873,
        -9.13717853,  -9.48103257,  -8.83360104, -16.60540197,
       -10.48122222, -10.25894444, -12.00984046, -11.67176577,
       -12.47843336,  -8.22860836, -12.00342939, -11.18779928,
       -10.2652484 ,  -6.75800893,  -6.10375842,  -7.37667458,
        -7.24186787, -12.78466394, -15.02659951,  -8.93459293,
       -20.73974977,  -7.96776977,  -9.64451537,  -5.88142725,
        -9.64660239, -18.1689829 ,  -8.18336618, -14.54406996,
       -10.19972566]), 'neg_mean_squared_error': array([-121.36472706, -201.85790467, -117.8570131 , -186.57715394,
       -139.18900032,  -49.46337029, -131.79851288,  -95.33601667,
        -65.64413683,  -78.36285551, -107.43989667, -340.38127236,
       -369.40670126, -270.63285382,  -90.59904683,  -86.44702154,
       -250.27207484,  -53.12472383,  -96.55065011, -232.74994195,
       -156.87887627, -400.15463469, -115.55504086, -289.17316379,
       -128.57249683, -264.83587471, -139.06360478, -549.27356281,
       -233.18112059, -151.59082658, -233.7862445 , -240.48627795,
       -312.82877865, -116.26503545, -192.83253246, -244.91068718,
       -166.52570803,  -76.85505998,  -65.35459871, -114.824641  ,
        -80.68723799, -303.61972168, -431.75743844, -177.01955568,
       -756.44189108, -110.32296933, -150.83549555,  -51.38028462,
       -235.74675933, -550.84832946, -120.21940673, -401.10118191,
       -244.77328879]), 'max_error': array([-35.97706724, -34.23462298, -17.08657912, -33.63462235,
       -21.30578837, -14.07476663, -30.46589266, -34.04887023,
       -17.92657994, -19.71121648, -25.77599319, -34.90099298,
       -59.50980187, -35.69450498, -19.17103986, -15.16919345,
       -31.23814416, -11.16236966, -23.39096523, -48.452097  ,
       -34.10247846, -48.87586144, -23.71913796, -50.50863171,
       -29.41457864, -47.87520686, -29.91959067, -62.25087258,
       -36.18967751, -29.42675513, -34.07753207, -38.16063064,
       -47.54335006, -25.73030496, -26.91495484, -46.17423118,
       -33.72342146, -24.90241966, -18.40472473, -34.99557122,
       -20.29792229, -50.9671585 , -52.26967913, -42.84427878,
       -70.49658264, -26.40208606, -32.33876121, -13.94553383,
       -52.21960581, -48.79230104, -33.87122511, -45.82905967,
       -51.57109735]), 'explained_variance': array([-2.22044605e-16,  0.00000000e+00,  1.11022302e-16,  1.11022302e-16,
        0.00000000e+00,  0.00000000e+00,  0.00000000e+00, -2.22044605e-16,
       -2.22044605e-16,  3.33066907e-16,  3.33066907e-16,  0.00000000e+00,
        0.00000000e+00,  0.00000000e+00,  2.22044605e-16,  0.00000000e+00,
        0.00000000e+00,  0.00000000e+00,  0.00000000e+00, -2.22044605e-16,
        2.22044605e-16, -2.22044605e-16, -2.22044605e-16,  1.11022302e-16,
        0.00000000e+00, -2.22044605e-16,  0.00000000e+00,  0.00000000e+00,
        0.00000000e+00,  0.00000000e+00, -2.22044605e-16,  0.00000000e+00,
        1.11022302e-16,  0.00000000e+00,  0.00000000e+00,  0.00000000e+00,
        0.00000000e+00,  0.00000000e+00,  0.00000000e+00,  2.22044605e-16,
        0.00000000e+00,  0.00000000e+00,  0.00000000e+00,  0.00000000e+00,
       -4.44089210e-16,  0.00000000e+00,  0.00000000e+00,  0.00000000e+00,
        1.11022302e-16, -2.22044605e-16,  0.00000000e+00,  0.00000000e+00,
       -2.22044605e-16])}
         accs  y_pred (s)  y_true (s)
54     [4, 2]   14.536336      19.499
4    [36, 24]   25.212024      26.335
3    [36, 24]   25.212024      27.642
11   [36, 24]   25.212024      18.893
27   [24, 15]   19.402586      65.978
29   [24, 15]   19.402586      45.143
64     [4, 2]   14.536336      30.560
77    [13, 8]   16.117095      12.834
124  [23, 15]   18.989059      45.263
71     [4, 2]   14.536336       9.629
25   [24, 15]   19.402586      19.467
91     [3, 5]   14.552659      14.879
83    [13, 8]   16.117095      24.338
89    [13, 8]   16.117095      11.455
69     [4, 2]   14.536336       9.069
{'mse': 278.2980824213615, 'mae': 11.352725565877522, 'r2-score': -0.13827598895884585, 'max-error': 64.79871157003947, 'explained variance score': 0.09521853484662557, 'layers': ['mbconv6', 'output']}
