environment: line 5: __conda_exe: command not found
Using device: cuda
Using model: efficientnetB4
Number of videos: 64
Execution type : naive
Using 2 features
Job ID : 17
Plotting ?  yes
Calculate accumulators ?  no
The directory contains : 65 videos
Number of videos in the directory : 65
Number of videos in the dataframe : 64
['conv1', 'mbconv1', 'mbconv2', 'mbconv3', 'mbconv4', 'mbconv5', 'mbconv6', 'mbconv7', 'conv2', 'pool', 'output']
{'conv1': {'T_max': 773.9153770208359, 'T_min': 474.00882083177567, 'tau': 100, 'alpha': 50}, 'mbconv1': {'T_max': 3485.9428219795227, 'T_min': 2560.6904525756836, 'tau': 100, 'alpha': 50}, 'mbconv2': {'T_max': 2793.179835796356, 'T_min': 1976.7829375267029, 'tau': 100, 'alpha': 50}, 'mbconv3': {'T_max': 1668.251520872116, 'T_min': 1083.705378293991, 'tau': 100, 'alpha': 50}, 'mbconv4': {'T_max': 817.8574377298355, 'T_min': 502.0499846339226, 'tau': 100, 'alpha': 50}, 'mbconv5': {'T_max': 940.7537368535995, 'T_min': 533.222236931324, 'tau': 100, 'alpha': 50}, 'mbconv6': {'T_max': 628.3391550779343, 'T_min': 341.6495691537857, 'tau': 100, 'alpha': 50}, 'mbconv7': {'T_max': 368.16851300001144, 'T_min': 200.31917816400528, 'tau': 100, 'alpha': 50}, 'conv2': {'T_max': 79.04693293571472, 'T_min': 40.3972128406167, 'tau': 100, 'alpha': 50}, 'pool': {'T_max': 1.9010385829024017, 'T_min': 0.9983048296999186, 'tau': 100, 'alpha': 50}, 'output': {'T_max': 12.80766905657947, 'T_min': 6.51999241206795, 'tau': 100, 'alpha': 50}}
Iterating over following combinations of layers :  [['conv1'], ['mbconv1'], ['mbconv2'], ['mbconv3'], ['mbconv4'], ['mbconv5'], ['mbconv6'], ['mbconv7'], ['conv2'], ['pool'], ['output'], ['conv1', 'mbconv1'], ['conv1', 'mbconv2'], ['conv1', 'mbconv3'], ['conv1', 'mbconv4'], ['conv1', 'mbconv5'], ['conv1', 'mbconv6'], ['conv1', 'mbconv7'], ['conv1', 'conv2'], ['conv1', 'pool'], ['conv1', 'output'], ['mbconv1', 'mbconv2'], ['mbconv1', 'mbconv3'], ['mbconv1', 'mbconv4'], ['mbconv1', 'mbconv5'], ['mbconv1', 'mbconv6'], ['mbconv1', 'mbconv7'], ['mbconv1', 'conv2'], ['mbconv1', 'pool'], ['mbconv1', 'output'], ['mbconv2', 'mbconv3'], ['mbconv2', 'mbconv4'], ['mbconv2', 'mbconv5'], ['mbconv2', 'mbconv6'], ['mbconv2', 'mbconv7'], ['mbconv2', 'conv2'], ['mbconv2', 'pool'], ['mbconv2', 'output'], ['mbconv3', 'mbconv4'], ['mbconv3', 'mbconv5'], ['mbconv3', 'mbconv6'], ['mbconv3', 'mbconv7'], ['mbconv3', 'conv2'], ['mbconv3', 'pool'], ['mbconv3', 'output'], ['mbconv4', 'mbconv5'], ['mbconv4', 'mbconv6'], ['mbconv4', 'mbconv7'], ['mbconv4', 'conv2'], ['mbconv4', 'pool'], ['mbconv4', 'output'], ['mbconv5', 'mbconv6'], ['mbconv5', 'mbconv7'], ['mbconv5', 'conv2'], ['mbconv5', 'pool'], ['mbconv5', 'output'], ['mbconv6', 'mbconv7'], ['mbconv6', 'conv2'], ['mbconv6', 'pool'], ['mbconv6', 'output'], ['mbconv7', 'conv2'], ['mbconv7', 'pool'], ['mbconv7', 'output'], ['conv2', 'pool'], ['conv2', 'output'], ['pool', 'output']]
[['conv1', 'mbconv7']]
Generating the training set for videos : 
TRAINING SET : contains 962 samples, 37 patients based on 56 videos
TEST SET : contains 127 samples, 37 patients based on 8 videos
Dataset constituted.
--------------------NAIVE IMPLEMENTATION-------------------
Number of folds : 53
Grid search.
The best parameters are : {'C': 1}
Metrics obtained during CV : 
{'r2': array([-1.68553020e-01, -1.75490899e-03, -8.54994452e-02, -1.10614903e-01,
       -2.83101075e-01, -3.51983978e-02, -3.32349845e-02, -7.87899834e-02,
       -6.00305769e-03, -2.66494889e-03, -1.73545172e-01, -5.47759507e-01,
       -2.74967146e-01, -2.59616679e-01, -2.92413335e-01, -1.03572794e-02,
       -4.02933524e-02, -9.76756485e-01, -6.60681498e-02, -1.49747940e-01,
       -5.92018977e-02, -7.44178104e-01, -1.17061149e-03, -2.28892451e-01,
       -2.99462365e-02, -1.53817167e-01, -8.91698392e-02, -5.05308452e-01,
       -1.85970405e-01, -4.03744357e-02, -7.82524608e-02, -4.39284309e-01,
       -5.57405975e-01, -1.74556298e-02, -2.29565963e-01, -1.62076801e-02,
       -4.48260898e-02, -3.83249380e-02, -4.57509202e-02, -7.22538946e-02,
       -2.65781861e-06, -3.68156394e-01, -7.94076456e-01, -1.94372921e-01,
       -3.67084552e-01, -5.39456347e-02, -2.05059905e-01, -8.94859082e-02,
       -3.59915531e-01, -6.24293586e-01, -1.70386012e-02, -2.66026179e-01,
       -6.80648002e-02]), 'neg_mean_absolute_error': array([ -8.85839823, -11.24351111,  -9.24991005, -10.89036673,
       -11.66195066,  -5.74664314,  -8.10585241,  -6.10896497,
        -6.76485052,  -7.41433838,  -7.93473939, -13.6844459 ,
       -14.28043533, -14.00133651,  -8.22469289,  -7.5403626 ,
       -13.27898117,  -6.48699477,  -8.5790896 ,  -9.69052679,
        -9.17311111, -14.27158809,  -8.55372583, -10.83928047,
        -8.06717791,  -9.50767598,  -8.83476695, -17.22032047,
       -10.48122222, -10.25894444, -11.66511487, -12.26925657,
       -13.02383952,  -8.7895143 , -11.6641103 , -10.49816667,
       -10.75299834,  -6.74952862,  -6.30205522,  -7.38354019,
        -7.08683036, -12.91988989, -15.18106554,  -9.21039211,
       -21.32038874,  -7.9414279 ,  -9.69012826,  -5.62031174,
        -9.76524232, -17.34426184,  -8.19887958, -14.42922163,
       -10.04660135]), 'neg_mean_squared_error': array([-130.32562347, -191.19740098, -103.11868507, -195.49747894,
       -164.19937376,  -47.773936  , -131.70209259, -100.18976124,
        -65.64264825,  -77.9445811 , -109.33015484, -319.20981241,
       -384.95937474, -321.11848049,  -94.20216571,  -82.57646908,
       -260.35465715,  -55.68202114, -102.06078609, -212.36444096,
       -153.16042834, -378.24225928, -108.55084293, -240.31909231,
       -117.21950296, -279.00624409, -151.39775232, -586.6074366 ,
       -223.42223812, -152.1845932 , -211.49960043, -266.56637619,
       -338.33057644, -118.12019674, -174.62885038, -192.94549146,
       -171.60047997,  -77.10675101,  -66.79734303, -115.16508895,
        -80.55534412, -310.87598887, -439.43534446, -185.42523407,
       -804.61552069, -108.01652434, -158.28280515,  -47.4928061 ,
       -240.25885144, -505.01477458, -120.90052301, -383.75590698,
       -249.28062062]), 'max_error': array([-34.77782891, -31.49742961, -15.15525455, -34.79903215,
       -19.66786608, -14.62064227, -30.44260137, -35.18433449,
       -17.92776804, -19.3755236 , -26.0183495 , -33.94778174,
       -60.40746732, -39.86767875, -18.76275655, -16.3926298 ,
       -34.45435782, -11.41208188, -25.00319358, -46.77987055,
       -33.52418109, -48.04085857, -21.40498376, -47.52352421,
       -31.41047471, -49.17558385, -33.68663419, -63.65097106,
       -35.41588686, -29.55215409, -31.86053383, -39.74557728,
       -48.77051391, -24.72067427, -25.49699634, -40.50939657,
       -32.52250298, -24.97874245, -17.91162576, -35.05736175,
       -20.6467567 , -51.37283634, -52.54771797, -43.67167632,
       -72.23849955, -25.95427423, -33.11418049, -14.76123349,
       -52.50773134, -47.23449458, -34.13495293, -44.91027302,
       -52.18359462]), 'explained_variance': array([-4.44089210e-16,  0.00000000e+00,  1.11022302e-16,  1.11022302e-16,
        0.00000000e+00,  0.00000000e+00,  0.00000000e+00,  0.00000000e+00,
       -2.22044605e-16,  3.33066907e-16,  3.33066907e-16, -2.22044605e-16,
        0.00000000e+00,  0.00000000e+00,  2.22044605e-16,  0.00000000e+00,
        0.00000000e+00,  0.00000000e+00,  0.00000000e+00, -2.22044605e-16,
        0.00000000e+00,  1.11022302e-16, -2.22044605e-16, -2.22044605e-16,
        0.00000000e+00,  0.00000000e+00,  0.00000000e+00,  0.00000000e+00,
        0.00000000e+00,  0.00000000e+00,  0.00000000e+00,  0.00000000e+00,
        0.00000000e+00,  0.00000000e+00,  0.00000000e+00,  3.33066907e-16,
        0.00000000e+00,  0.00000000e+00,  0.00000000e+00,  2.22044605e-16,
        0.00000000e+00,  0.00000000e+00,  0.00000000e+00,  0.00000000e+00,
       -2.22044605e-16, -2.22044605e-16,  0.00000000e+00,  0.00000000e+00,
        0.00000000e+00,  0.00000000e+00, -2.22044605e-16, -2.22044605e-16,
        0.00000000e+00])}
         accs  y_pred (s)  y_true (s)
54     [2, 5]   14.320108      19.499
4    [34, 35]   23.007960      26.335
3    [34, 35]   23.007960      27.642
11   [34, 35]   23.007960      18.893
27   [31, 24]   20.820775      65.978
29   [31, 24]   20.820775      45.143
64     [2, 5]   14.320108      30.560
77   [15, 12]   16.259061      12.834
124  [24, 22]   19.594751      45.263
71     [2, 5]   14.320108       9.629
25   [31, 24]   20.820775      19.467
91    [11, 3]   15.319812      14.879
83   [15, 12]   16.259061      24.338
89   [15, 12]   16.259061      11.455
69     [2, 5]   14.320108       9.069
{'mse': 277.32020564100543, 'mae': 11.39200918725324, 'r2-score': -0.13427634350834494, 'max-error': 65.48380174980713, 'explained variance score': 0.09963573977946538, 'layers': ['conv1', 'mbconv7']}
