environment: line 5: __conda_exe: command not found
Using device: cuda
Using model: efficientnetB4
Number of videos: 64
Execution type : naive
Using 2 features
Job ID : 12
Plotting ?  yes
Calculate accumulators ?  no
The directory contains : 65 videos
Number of videos in the directory : 65
Number of videos in the dataframe : 64
['conv1', 'mbconv1', 'mbconv2', 'mbconv3', 'mbconv4', 'mbconv5', 'mbconv6', 'mbconv7', 'conv2', 'pool', 'output']
{'conv1': {'T_max': 773.9153770208359, 'T_min': 474.00882083177567, 'tau': 100, 'alpha': 50}, 'mbconv1': {'T_max': 3485.9428219795227, 'T_min': 2560.6904525756836, 'tau': 100, 'alpha': 50}, 'mbconv2': {'T_max': 2793.179835796356, 'T_min': 1976.7829375267029, 'tau': 100, 'alpha': 50}, 'mbconv3': {'T_max': 1668.251520872116, 'T_min': 1083.705378293991, 'tau': 100, 'alpha': 50}, 'mbconv4': {'T_max': 817.8574377298355, 'T_min': 502.0499846339226, 'tau': 100, 'alpha': 50}, 'mbconv5': {'T_max': 940.7537368535995, 'T_min': 533.222236931324, 'tau': 100, 'alpha': 50}, 'mbconv6': {'T_max': 628.3391550779343, 'T_min': 341.6495691537857, 'tau': 100, 'alpha': 50}, 'mbconv7': {'T_max': 368.16851300001144, 'T_min': 200.31917816400528, 'tau': 100, 'alpha': 50}, 'conv2': {'T_max': 79.04693293571472, 'T_min': 40.3972128406167, 'tau': 100, 'alpha': 50}, 'pool': {'T_max': 1.9010385829024017, 'T_min': 0.9983048296999186, 'tau': 100, 'alpha': 50}, 'output': {'T_max': 12.80766905657947, 'T_min': 6.51999241206795, 'tau': 100, 'alpha': 50}}
Iterating over following combinations of layers :  [['conv1'], ['mbconv1'], ['mbconv2'], ['mbconv3'], ['mbconv4'], ['mbconv5'], ['mbconv6'], ['mbconv7'], ['conv2'], ['pool'], ['output'], ['conv1', 'mbconv1'], ['conv1', 'mbconv2'], ['conv1', 'mbconv3'], ['conv1', 'mbconv4'], ['conv1', 'mbconv5'], ['conv1', 'mbconv6'], ['conv1', 'mbconv7'], ['conv1', 'conv2'], ['conv1', 'pool'], ['conv1', 'output'], ['mbconv1', 'mbconv2'], ['mbconv1', 'mbconv3'], ['mbconv1', 'mbconv4'], ['mbconv1', 'mbconv5'], ['mbconv1', 'mbconv6'], ['mbconv1', 'mbconv7'], ['mbconv1', 'conv2'], ['mbconv1', 'pool'], ['mbconv1', 'output'], ['mbconv2', 'mbconv3'], ['mbconv2', 'mbconv4'], ['mbconv2', 'mbconv5'], ['mbconv2', 'mbconv6'], ['mbconv2', 'mbconv7'], ['mbconv2', 'conv2'], ['mbconv2', 'pool'], ['mbconv2', 'output'], ['mbconv3', 'mbconv4'], ['mbconv3', 'mbconv5'], ['mbconv3', 'mbconv6'], ['mbconv3', 'mbconv7'], ['mbconv3', 'conv2'], ['mbconv3', 'pool'], ['mbconv3', 'output'], ['mbconv4', 'mbconv5'], ['mbconv4', 'mbconv6'], ['mbconv4', 'mbconv7'], ['mbconv4', 'conv2'], ['mbconv4', 'pool'], ['mbconv4', 'output'], ['mbconv5', 'mbconv6'], ['mbconv5', 'mbconv7'], ['mbconv5', 'conv2'], ['mbconv5', 'pool'], ['mbconv5', 'output'], ['mbconv6', 'mbconv7'], ['mbconv6', 'conv2'], ['mbconv6', 'pool'], ['mbconv6', 'output'], ['mbconv7', 'conv2'], ['mbconv7', 'pool'], ['mbconv7', 'output'], ['conv2', 'pool'], ['conv2', 'output'], ['pool', 'output']]
[['conv1', 'mbconv2']]
Generating the training set for videos : 
TRAINING SET : contains 962 samples, 37 patients based on 56 videos
TEST SET : contains 127 samples, 37 patients based on 8 videos
Dataset constituted.
--------------------NAIVE IMPLEMENTATION-------------------
Number of folds : 53
Grid search.
The best parameters are : {'C': 1}
Metrics obtained during CV : 
{'r2': array([-2.35487151e-01, -3.22400980e-02, -4.24166918e-02, -6.78295708e-02,
       -2.88270688e-02, -3.57875453e-02, -6.90340759e-02, -5.64040854e-02,
       -9.69640778e-02, -1.14365973e-02, -1.21254376e-01, -4.09189825e-01,
       -1.86566839e-01, -2.25687024e-01, -3.99227326e-01, -1.78834681e-03,
       -1.86306703e-02, -6.39025064e-01, -6.97817082e-04, -1.05718758e-01,
       -2.90235330e-02, -6.86123393e-01, -8.84893501e-03, -2.43007462e-01,
       -7.10328771e-02, -6.32303483e-02, -2.02587182e-02, -5.59602155e-01,
       -9.89752971e-02, -3.11660656e-02, -1.22843349e-01, -7.14779140e-01,
       -6.50571335e-01, -4.13894816e-02, -1.74606998e-01, -4.30548655e-01,
       -7.95179736e-02, -2.40085375e-02, -2.01475013e-01, -4.47172707e-02,
       -1.67869711e-05, -4.72996609e-01, -7.63053195e-01, -1.59599798e-01,
       -6.30126070e-01, -3.19687997e-02, -1.67279840e-01, -1.14641306e-01,
       -3.13434208e-01, -4.98358294e-01, -6.50055935e-03, -4.72169301e-01,
       -7.48581409e-02]), 'neg_mean_absolute_error': array([ -9.48134956, -11.14885757,  -8.91640178, -10.94074624,
       -10.15203534,  -5.75167465,  -7.98472423,  -6.08705336,
        -7.26208442,  -7.63508319,  -7.8305405 , -13.15308829,
       -13.71116121, -13.85654159,  -8.75679976,  -7.62526949,
       -13.3324674 ,  -5.92403761,  -8.82981213,  -9.54784236,
        -9.17311111, -14.03390268,  -8.41522658, -10.86185842,
        -8.58232599,  -9.57971624,  -8.661     , -17.54683135,
       -10.51089802, -10.25894444, -11.77521845, -13.60984022,
       -13.41677469,  -9.21645673, -11.501847  , -11.90265477,
        -9.44361111,  -6.78861426,  -7.29606088,  -7.31751671,
        -7.09667086, -13.39890004, -15.02820826,  -9.03853687,
       -22.8401342 ,  -7.90958982,  -9.66057519,  -5.67700021,
        -9.54589358, -16.62841584,  -8.16187643, -15.07975614,
        -9.99805845]), 'neg_mean_squared_error': array([-137.79060976, -197.01587899,  -99.02597282, -187.96613349,
       -131.659745  ,  -47.80112489, -136.26525133,  -98.11073028,
        -71.5779406 ,  -78.62646637, -104.45862451, -290.63121098,
       -358.26807777, -312.46867503, -101.9876853 ,  -81.87613048,
       -254.93312852,  -46.16867527,  -95.80251118, -204.23202138,
       -148.79664154, -365.65252146, -109.38335687, -243.07938807,
       -121.89562625, -257.10131076, -141.81890755, -607.76528647,
       -207.03342978, -150.83760503, -220.24611878, -317.59010961,
       -358.56980144, -120.89876634, -166.82331485, -271.61565359,
       -177.29821662,  -76.04360488,  -76.7442199 , -112.2075266 ,
        -80.55648229, -334.69805002, -431.8366064 , -180.02674063,
       -959.43205156, -105.76416782, -153.32045039,  -48.58937873,
       -232.04690801, -465.85979436, -119.64781267, -446.24169277,
       -250.86615007]), 'max_error': array([-33.98875722, -33.39929386, -15.63433802, -33.84182135,
       -22.7344755 , -14.61002017, -31.35076044, -34.7680139 ,
       -16.03827921, -17.97747314, -25.35842317, -32.50552535,
       -58.80121259, -39.31745804, -17.98506189, -16.93037344,
       -33.4381194 , -10.40941273, -22.74669081, -45.93958123,
       -32.64694221, -47.53528103, -22.02823038, -47.72672578,
       -30.41331322, -46.98705385, -31.84410021, -64.38562054,
       -33.81495891, -29.25710972, -32.85146607, -42.231427  ,
       -49.65461805, -23.95217788, -24.76681151, -47.79659823,
       -38.84968146, -24.62697169, -16.03374202, -34.46315035,
       -20.62461557, -52.59365008, -52.27257488, -43.1561106 ,
       -76.79773594, -25.41302697, -32.61177816, -14.50079929,
       -51.97502726, -45.75021385, -31.83270022, -47.89384971,
       -52.37776619]), 'explained_variance': array([-2.22044605e-16,  0.00000000e+00,  1.11022302e-16,  0.00000000e+00,
        0.00000000e+00,  0.00000000e+00,  0.00000000e+00,  0.00000000e+00,
        0.00000000e+00,  3.33066907e-16,  3.33066907e-16,  0.00000000e+00,
        0.00000000e+00,  1.11022302e-16,  2.22044605e-16,  0.00000000e+00,
        0.00000000e+00,  0.00000000e+00,  0.00000000e+00,  0.00000000e+00,
        2.22044605e-16, -2.22044605e-16, -2.22044605e-16, -2.22044605e-16,
        0.00000000e+00,  0.00000000e+00,  0.00000000e+00,  1.11022302e-16,
        0.00000000e+00,  0.00000000e+00,  0.00000000e+00,  0.00000000e+00,
        1.11022302e-16,  0.00000000e+00,  0.00000000e+00,  3.33066907e-16,
        0.00000000e+00,  0.00000000e+00, -2.22044605e-16,  2.22044605e-16,
        0.00000000e+00,  1.11022302e-16,  0.00000000e+00,  0.00000000e+00,
       -2.22044605e-16, -2.22044605e-16, -2.22044605e-16,  0.00000000e+00,
        0.00000000e+00,  0.00000000e+00,  0.00000000e+00, -2.22044605e-16,
       -2.22044605e-16])}
         accs  y_pred (s)  y_true (s)
54    [2, 10]   15.254966      19.499
4    [34, 50]   22.385379      26.335
3    [34, 50]   22.385379      27.642
11   [34, 50]   22.385379      18.893
27   [31, 29]   18.428861      65.978
29   [31, 29]   18.428861      45.143
64    [2, 10]   15.254966      30.560
77   [15, 16]   18.326967      12.834
124  [24, 27]   17.976541      45.263
71    [2, 10]   15.254966       9.629
25   [31, 29]   18.428861      19.467
91    [11, 4]   15.956741      14.879
83   [15, 16]   18.326967      24.338
89   [15, 16]   18.326967      11.455
69    [2, 10]   15.254966       9.069
{'mse': 289.07105279395984, 'mae': 11.64363812593303, 'r2-score': -0.18233886355072793, 'max-error': 64.83553166221593, 'explained variance score': 0.055082546600727866, 'layers': ['conv1', 'mbconv2']}
