environment: line 5: __conda_exe: command not found
Using device: cuda
Using model: efficientnetB4
Number of videos: 64
Execution type : naive
Using 2 features
Job ID : 50
Plotting ?  yes
Calculate accumulators ?  no
The directory contains : 65 videos
Number of videos in the directory : 65
Number of videos in the dataframe : 64
['conv1', 'mbconv1', 'mbconv2', 'mbconv3', 'mbconv4', 'mbconv5', 'mbconv6', 'mbconv7', 'conv2', 'pool', 'output']
{'conv1': {'T_max': 773.9153770208359, 'T_min': 474.00882083177567, 'tau': 100, 'alpha': 50}, 'mbconv1': {'T_max': 3485.9428219795227, 'T_min': 2560.6904525756836, 'tau': 100, 'alpha': 50}, 'mbconv2': {'T_max': 2793.179835796356, 'T_min': 1976.7829375267029, 'tau': 100, 'alpha': 50}, 'mbconv3': {'T_max': 1668.251520872116, 'T_min': 1083.705378293991, 'tau': 100, 'alpha': 50}, 'mbconv4': {'T_max': 817.8574377298355, 'T_min': 502.0499846339226, 'tau': 100, 'alpha': 50}, 'mbconv5': {'T_max': 940.7537368535995, 'T_min': 533.222236931324, 'tau': 100, 'alpha': 50}, 'mbconv6': {'T_max': 628.3391550779343, 'T_min': 341.6495691537857, 'tau': 100, 'alpha': 50}, 'mbconv7': {'T_max': 368.16851300001144, 'T_min': 200.31917816400528, 'tau': 100, 'alpha': 50}, 'conv2': {'T_max': 79.04693293571472, 'T_min': 40.3972128406167, 'tau': 100, 'alpha': 50}, 'pool': {'T_max': 1.9010385829024017, 'T_min': 0.9983048296999186, 'tau': 100, 'alpha': 50}, 'output': {'T_max': 12.80766905657947, 'T_min': 6.51999241206795, 'tau': 100, 'alpha': 50}}
Iterating over following combinations of layers :  [['conv1'], ['mbconv1'], ['mbconv2'], ['mbconv3'], ['mbconv4'], ['mbconv5'], ['mbconv6'], ['mbconv7'], ['conv2'], ['pool'], ['output'], ['conv1', 'mbconv1'], ['conv1', 'mbconv2'], ['conv1', 'mbconv3'], ['conv1', 'mbconv4'], ['conv1', 'mbconv5'], ['conv1', 'mbconv6'], ['conv1', 'mbconv7'], ['conv1', 'conv2'], ['conv1', 'pool'], ['conv1', 'output'], ['mbconv1', 'mbconv2'], ['mbconv1', 'mbconv3'], ['mbconv1', 'mbconv4'], ['mbconv1', 'mbconv5'], ['mbconv1', 'mbconv6'], ['mbconv1', 'mbconv7'], ['mbconv1', 'conv2'], ['mbconv1', 'pool'], ['mbconv1', 'output'], ['mbconv2', 'mbconv3'], ['mbconv2', 'mbconv4'], ['mbconv2', 'mbconv5'], ['mbconv2', 'mbconv6'], ['mbconv2', 'mbconv7'], ['mbconv2', 'conv2'], ['mbconv2', 'pool'], ['mbconv2', 'output'], ['mbconv3', 'mbconv4'], ['mbconv3', 'mbconv5'], ['mbconv3', 'mbconv6'], ['mbconv3', 'mbconv7'], ['mbconv3', 'conv2'], ['mbconv3', 'pool'], ['mbconv3', 'output'], ['mbconv4', 'mbconv5'], ['mbconv4', 'mbconv6'], ['mbconv4', 'mbconv7'], ['mbconv4', 'conv2'], ['mbconv4', 'pool'], ['mbconv4', 'output'], ['mbconv5', 'mbconv6'], ['mbconv5', 'mbconv7'], ['mbconv5', 'conv2'], ['mbconv5', 'pool'], ['mbconv5', 'output'], ['mbconv6', 'mbconv7'], ['mbconv6', 'conv2'], ['mbconv6', 'pool'], ['mbconv6', 'output'], ['mbconv7', 'conv2'], ['mbconv7', 'pool'], ['mbconv7', 'output'], ['conv2', 'pool'], ['conv2', 'output'], ['pool', 'output']]
[['mbconv4', 'output']]
Generating the training set for videos : 
TRAINING SET : contains 962 samples, 37 patients based on 56 videos
TEST SET : contains 127 samples, 37 patients based on 8 videos
Dataset constituted.
--------------------NAIVE IMPLEMENTATION-------------------
Number of folds : 53
Grid search.
The best parameters are : {'C': 1}
Metrics obtained during CV : 
{'r2': array([-1.88427670e-01, -3.65155855e-02, -2.44779834e-01, -7.00038491e-02,
       -4.87023485e-02, -3.85084988e-02, -5.46853889e-02, -3.45520495e-02,
       -9.71697693e-02, -8.16342315e-04, -1.76904059e-01, -5.82020524e-01,
       -2.19474008e-01, -1.02950940e-01, -9.24525328e-02, -1.86811609e-02,
       -7.63237196e-03, -8.83318974e-01, -5.84979484e-03, -2.82340251e-01,
       -8.65700637e-02, -8.46142211e-01, -4.34716277e-02, -2.80955796e-01,
       -9.60435977e-02, -8.55388246e-02, -8.71811170e-04, -4.11275905e-01,
       -2.26084457e-01, -3.24192187e-02, -1.72324274e-01, -3.23679659e-01,
       -4.05075370e-01, -6.26684836e-04, -5.45935352e-01, -2.38063696e-01,
       -1.10187052e-02, -3.71193682e-02, -3.03070202e-02, -8.06973546e-02,
       -3.57655087e-04, -3.82881458e-01, -7.51393795e-01, -1.75367880e-01,
       -2.49226486e-01, -8.59650019e-02, -1.61445315e-01, -1.13698195e-01,
       -3.39611944e-01, -8.05435844e-01, -1.60046123e-02, -3.71184105e-01,
       -6.11035882e-02]), 'neg_mean_absolute_error': array([ -9.05458012, -11.15724508, -10.18412054, -10.93785442,
       -10.36417591,  -5.77439258,  -8.01396709,  -6.07123096,
        -7.26278613,  -7.44642919,  -7.94085389, -13.84150268,
       -13.92262205, -13.28278631,  -7.21507378,  -7.49200223,
       -13.37337507,  -6.33809361,  -8.77538038, -10.12658728,
        -9.17311111, -14.73957169,  -8.24402785, -10.93943686,
        -8.83948431,  -9.50885226,  -8.76754274, -16.61449687,
       -10.48122222, -10.25894444, -11.93852781, -11.77431271,
       -12.30234011,  -8.14850421, -12.56260212, -10.95582709,
       -10.20952729,  -6.75250039,  -6.16208037,  -7.40112606,
        -7.15576622, -12.98026203, -14.9699588 ,  -9.11857114,
       -20.45794131,  -7.97771566,  -9.65572392,  -5.67429013,
        -9.67128427, -18.34626231,  -8.19629965, -14.63934761,
       -10.09892946]), 'neg_mean_squared_error': array([-132.54219045, -197.83190903, -118.24977   , -188.34886374,
       -134.20319894,  -47.92669565, -134.4362849 ,  -96.08128035,
        -71.59136216,  -77.80087521, -109.64307645, -326.27580226,
       -368.20395962, -281.17913641,  -79.62730789,  -83.25677965,
       -252.18057976,  -53.05003814,  -96.29573941, -236.85493237,
       -157.11786086, -400.35418365, -113.13728496, -250.50046812,
       -124.74212847, -262.49575656, -139.12407149, -549.96365711,
       -230.97923218, -151.0209146 , -229.95181966, -245.15551777,
       -305.23830477, -116.16646212, -219.56114721, -235.06888706,
       -166.04801197,  -77.01722453,  -65.81086388, -116.07195609,
        -80.58394097, -314.22185544, -428.98079022, -182.47472006,
       -735.24861191, -111.29811748, -152.55409439,  -48.54826669,
       -236.67177821, -561.33434479, -120.77760752, -415.63121559,
       -247.65591091]), 'max_error': array([-34.52933185, -33.55865661, -17.1274767 , -33.89676598,
       -22.15866539, -14.5620601 , -31.02454175, -34.27061183,
       -16.0356127 , -19.17228178, -26.05707463, -34.27514099,
       -59.43625985, -36.85531331, -20.78351402, -16.07704239,
       -32.66087375, -11.15488896, -23.23657657, -48.74214276,
       -34.1364144 , -48.88322904, -23.21975062, -48.24546588,
       -29.95042825, -47.62482963, -30.51411531, -62.27815727,
       -36.02310763, -29.299613  , -33.75662513, -38.46827147,
       -47.14714024, -25.87449242, -28.59247301, -45.4783146 ,
       -33.8905848 , -24.95199653, -18.22975889, -35.2156345 ,
       -20.491651  , -51.55395277, -52.16772585, -43.39621342,
       -69.65115726, -26.57116628, -32.52930671, -14.51001357,
       -52.27954751, -49.12716214, -34.09109397, -46.53764046,
       -51.97428218]), 'explained_variance': array([ 0.00000000e+00,  0.00000000e+00,  1.11022302e-16,  0.00000000e+00,
        0.00000000e+00,  0.00000000e+00,  0.00000000e+00, -2.22044605e-16,
        0.00000000e+00,  3.33066907e-16,  1.11022302e-16,  1.11022302e-16,
       -2.22044605e-16,  0.00000000e+00,  0.00000000e+00,  0.00000000e+00,
        0.00000000e+00,  0.00000000e+00,  0.00000000e+00, -2.22044605e-16,
        0.00000000e+00, -2.22044605e-16, -2.22044605e-16, -2.22044605e-16,
        0.00000000e+00,  0.00000000e+00,  0.00000000e+00,  0.00000000e+00,
        0.00000000e+00, -2.22044605e-16, -2.22044605e-16,  0.00000000e+00,
        1.11022302e-16,  2.22044605e-16,  0.00000000e+00,  3.33066907e-16,
        0.00000000e+00,  0.00000000e+00,  0.00000000e+00,  2.22044605e-16,
        0.00000000e+00,  0.00000000e+00, -2.22044605e-16,  0.00000000e+00,
       -4.44089210e-16, -2.22044605e-16,  0.00000000e+00,  0.00000000e+00,
        0.00000000e+00, -2.22044605e-16, -2.22044605e-16, -2.22044605e-16,
       -2.22044605e-16])}
         accs  y_pred (s)  y_true (s)
54    [10, 2]   15.832521      19.499
4    [43, 24]   24.317473      26.335
3    [43, 24]   24.317473      27.642
11   [43, 24]   24.317473      18.893
27   [28, 15]   19.011422      65.978
29   [28, 15]   19.011422      45.143
64    [10, 2]   15.832521      30.560
77    [14, 8]   16.609642      12.834
124  [25, 15]   18.336683      45.263
71    [10, 2]   15.832521       9.629
25   [28, 15]   19.011422      19.467
91     [2, 5]   14.349923      14.879
83    [14, 8]   16.609642      24.338
89    [14, 8]   16.609642      11.455
69    [10, 2]   15.832521       9.069
{'mse': 283.60672136414416, 'mae': 11.486981980910867, 'r2-score': -0.15998902481610444, 'max-error': 64.72883338939283, 'explained variance score': 0.0759688499842841, 'layers': ['mbconv4', 'output']}
