environment: line 5: __conda_exe: command not found
Using device: cuda
Using model: efficientnetB4
Number of videos: 64
Execution type : naive
Using 2 features
Job ID : 24
Plotting ?  yes
Calculate accumulators ?  no
The directory contains : 65 videos
Number of videos in the directory : 65
Number of videos in the dataframe : 64
['conv1', 'mbconv1', 'mbconv2', 'mbconv3', 'mbconv4', 'mbconv5', 'mbconv6', 'mbconv7', 'conv2', 'pool', 'output']
{'conv1': {'T_max': 773.9153770208359, 'T_min': 474.00882083177567, 'tau': 100, 'alpha': 50}, 'mbconv1': {'T_max': 3485.9428219795227, 'T_min': 2560.6904525756836, 'tau': 100, 'alpha': 50}, 'mbconv2': {'T_max': 2793.179835796356, 'T_min': 1976.7829375267029, 'tau': 100, 'alpha': 50}, 'mbconv3': {'T_max': 1668.251520872116, 'T_min': 1083.705378293991, 'tau': 100, 'alpha': 50}, 'mbconv4': {'T_max': 817.8574377298355, 'T_min': 502.0499846339226, 'tau': 100, 'alpha': 50}, 'mbconv5': {'T_max': 940.7537368535995, 'T_min': 533.222236931324, 'tau': 100, 'alpha': 50}, 'mbconv6': {'T_max': 628.3391550779343, 'T_min': 341.6495691537857, 'tau': 100, 'alpha': 50}, 'mbconv7': {'T_max': 368.16851300001144, 'T_min': 200.31917816400528, 'tau': 100, 'alpha': 50}, 'conv2': {'T_max': 79.04693293571472, 'T_min': 40.3972128406167, 'tau': 100, 'alpha': 50}, 'pool': {'T_max': 1.9010385829024017, 'T_min': 0.9983048296999186, 'tau': 100, 'alpha': 50}, 'output': {'T_max': 12.80766905657947, 'T_min': 6.51999241206795, 'tau': 100, 'alpha': 50}}
Iterating over following combinations of layers :  [['conv1'], ['mbconv1'], ['mbconv2'], ['mbconv3'], ['mbconv4'], ['mbconv5'], ['mbconv6'], ['mbconv7'], ['conv2'], ['pool'], ['output'], ['conv1', 'mbconv1'], ['conv1', 'mbconv2'], ['conv1', 'mbconv3'], ['conv1', 'mbconv4'], ['conv1', 'mbconv5'], ['conv1', 'mbconv6'], ['conv1', 'mbconv7'], ['conv1', 'conv2'], ['conv1', 'pool'], ['conv1', 'output'], ['mbconv1', 'mbconv2'], ['mbconv1', 'mbconv3'], ['mbconv1', 'mbconv4'], ['mbconv1', 'mbconv5'], ['mbconv1', 'mbconv6'], ['mbconv1', 'mbconv7'], ['mbconv1', 'conv2'], ['mbconv1', 'pool'], ['mbconv1', 'output'], ['mbconv2', 'mbconv3'], ['mbconv2', 'mbconv4'], ['mbconv2', 'mbconv5'], ['mbconv2', 'mbconv6'], ['mbconv2', 'mbconv7'], ['mbconv2', 'conv2'], ['mbconv2', 'pool'], ['mbconv2', 'output'], ['mbconv3', 'mbconv4'], ['mbconv3', 'mbconv5'], ['mbconv3', 'mbconv6'], ['mbconv3', 'mbconv7'], ['mbconv3', 'conv2'], ['mbconv3', 'pool'], ['mbconv3', 'output'], ['mbconv4', 'mbconv5'], ['mbconv4', 'mbconv6'], ['mbconv4', 'mbconv7'], ['mbconv4', 'conv2'], ['mbconv4', 'pool'], ['mbconv4', 'output'], ['mbconv5', 'mbconv6'], ['mbconv5', 'mbconv7'], ['mbconv5', 'conv2'], ['mbconv5', 'pool'], ['mbconv5', 'output'], ['mbconv6', 'mbconv7'], ['mbconv6', 'conv2'], ['mbconv6', 'pool'], ['mbconv6', 'output'], ['mbconv7', 'conv2'], ['mbconv7', 'pool'], ['mbconv7', 'output'], ['conv2', 'pool'], ['conv2', 'output'], ['pool', 'output']]
[['mbconv1', 'mbconv5']]
Generating the training set for videos : 
TRAINING SET : contains 962 samples, 37 patients based on 56 videos
TEST SET : contains 127 samples, 37 patients based on 8 videos
Dataset constituted.
--------------------NAIVE IMPLEMENTATION-------------------
Number of folds : 53
Grid search.
The best parameters are : {'C': 100.0}
Metrics obtained during CV : 
{'r2': array([-4.45295353e-03, -1.26126929e-01, -5.78307403e-02, -2.18874547e-01,
       -3.75078241e-01, -2.49340950e-07, -2.68476978e-02, -1.55445757e-01,
       -1.10604818e-02, -1.30169248e-02, -5.74155067e-02, -5.78649252e-01,
       -1.04026830e-01, -3.33706500e-01, -3.42021242e-01, -1.47730095e-01,
       -4.10820541e-02, -1.02438839e+00, -4.95739628e-01, -7.34076987e-02,
       -2.69595866e-02, -4.26479036e-01, -2.51783035e-02, -1.06132589e-01,
       -1.32320114e-02, -7.46173756e-02, -6.49586015e-02, -3.44045991e-03,
       -2.86772852e-01, -4.12634646e-02, -2.68126384e-01, -1.35640753e-01,
       -3.04795852e-01, -1.73624293e-04, -3.41936044e-01, -2.57599936e-01,
       -6.97454882e-02, -1.12786493e+00, -3.61903889e-03, -2.61353025e-02,
       -2.21099076e-02, -6.33846188e-01, -4.69377887e-01, -4.54247195e-02,
       -1.34491502e-01, -1.57584705e-02, -3.21321359e-01, -5.41760474e-03,
       -6.28111936e-02, -6.25961553e-01, -1.81912810e-01, -2.05029396e-03,
       -8.54112723e-02]), 'neg_mean_absolute_error': array([ -6.59554395, -13.16247928,  -9.04038371, -10.89434028,
        -9.93212932,  -5.28080261,  -9.24067701,  -6.16656934,
        -6.82371099,  -7.64503658,  -7.66503204, -13.82310554,
       -14.41507422, -14.28767468,  -8.48214392,  -7.71534472,
       -14.03744935,  -6.56015826, -10.2216328 ,  -9.52688889,
        -9.17311111, -13.27226588,  -8.2767253 , -10.63555556,
        -7.79208281,  -9.54221351,  -9.18496717, -15.31053015,
       -10.52733855, -10.33591681, -12.25812916, -10.93396035,
       -11.74964431,  -7.92735712, -11.95035918, -11.04596794,
        -9.44361111,  -9.20754943,  -5.86004139,  -7.59197349,
        -6.67273224, -14.21606515, -13.38997432,  -8.62571957,
       -19.71361886,  -7.87786985, -10.16448675,  -5.20404346,
        -8.68222354, -17.35410844,  -8.3887072 , -14.75149281,
        -9.92682857]), 'neg_mean_squared_error': array([-112.02397763, -214.93535011, -100.490254  , -214.55402811,
       -175.96975826,  -46.14955743, -130.88793217, -107.30896309,
        -65.97264994,  -78.74931694,  -98.51124935, -325.58051135,
       -333.3462195 , -340.00645734,  -97.81801536,  -93.80394502,
       -260.55204583,  -57.02373456, -143.19568803, -198.26400026,
       -148.49819521, -309.34607664, -111.15385103, -216.31248486,
       -115.31723555, -259.85482475, -148.03232038, -391.03323659,
       -242.41217938, -152.31463917, -248.74343735, -210.32928545,
       -283.45360164, -116.11386464, -190.58818789, -238.77819705,
       -175.69320005, -158.01676813,  -64.106169  , -110.21173621,
        -82.3361965 , -371.24670196, -359.90471639, -162.30117076,
       -667.7198341 , -104.10280753, -173.55357208,  -43.82810553,
       -187.76886567, -505.53336792, -140.49995413, -303.73994295,
       -253.32919457]), 'max_error': array([-38.40880927, -26.01227051, -15.29781564, -36.59348847,
       -31.58329142, -15.89855009, -26.53445965, -36.27881745,
       -17.70409826, -17.91443498, -24.31020294, -34.24336411,
       -45.69136998, -40.95576378, -18.38648196, -16.47207852,
       -28.07229247, -11.53845518, -18.69989839, -45.20289219,
       -32.5727578 , -44.95419648, -22.70097232, -45.38887888,
       -32.02943867, -47.32457844, -27.16109848, -50.77622861,
       -36.84702346, -24.66512437, -35.19483121, -35.73782157,
       -45.90357469, -26.28619647, -26.7557442 , -45.74873715,
       -38.62033945, -32.44355561, -19.14031373, -30.59618464,
       -21.99595492, -54.22761728, -49.32375377, -40.83397612,
       -66.43678487, -24.87378747, -34.4208964 , -17.2222611 ,
       -47.8648001 , -47.25309373, -37.36202232, -36.71877876,
       -52.66268573]), 'explained_variance': array([-4.44089210e-16,  0.00000000e+00,  1.11022302e-16,  3.33066907e-16,
       -2.22044605e-16,  0.00000000e+00,  0.00000000e+00, -2.22044605e-16,
        0.00000000e+00,  3.33066907e-16,  0.00000000e+00,  1.11022302e-16,
        0.00000000e+00,  0.00000000e+00,  2.22044605e-16,  0.00000000e+00,
        0.00000000e+00,  0.00000000e+00,  0.00000000e+00, -2.22044605e-16,
        2.22044605e-16,  1.11022302e-16, -2.22044605e-16,  1.11022302e-16,
       -2.22044605e-16,  0.00000000e+00, -2.22044605e-16,  0.00000000e+00,
        0.00000000e+00,  0.00000000e+00,  0.00000000e+00, -2.22044605e-16,
        0.00000000e+00,  0.00000000e+00,  0.00000000e+00,  3.33066907e-16,
        0.00000000e+00,  0.00000000e+00,  0.00000000e+00,  2.22044605e-16,
        0.00000000e+00,  0.00000000e+00, -2.22044605e-16,  0.00000000e+00,
       -4.44089210e-16,  0.00000000e+00,  0.00000000e+00,  0.00000000e+00,
        0.00000000e+00,  0.00000000e+00,  0.00000000e+00, -2.22044605e-16,
       -2.22044605e-16])}
         accs  y_pred (s)  y_true (s)
54     [1, 9]   11.151704      19.499
4    [41, 40]   25.298564      26.335
3    [41, 40]   25.298564      27.642
11   [41, 40]   25.298564      18.893
27   [29, 26]   18.122242      65.978
29   [29, 26]   18.122242      45.143
64     [1, 9]   11.151704      30.560
77   [15, 14]   15.532831      12.834
124  [25, 25]   18.171677      45.263
71     [1, 9]   11.151704       9.629
25   [29, 26]   18.122242      19.467
91    [15, 4]   11.174967      14.879
83   [15, 14]   15.532831      24.338
89   [15, 14]   15.532831      11.455
69     [1, 9]   11.151704       9.069
{'mse': 299.17131628712383, 'mae': 11.70878121954202, 'r2-score': -0.22365027797513304, 'max-error': 64.03385407458978, 'explained variance score': 0.09267293508315566, 'layers': ['mbconv1', 'mbconv5']}
