environment: line 5: __conda_exe: command not found
Using device: cuda
Using model: efficientnetB4
Number of videos: 64
Execution type : naive
Using 2 features
Job ID : 51
Plotting ?  yes
Calculate accumulators ?  no
The directory contains : 65 videos
Number of videos in the directory : 65
Number of videos in the dataframe : 64
['conv1', 'mbconv1', 'mbconv2', 'mbconv3', 'mbconv4', 'mbconv5', 'mbconv6', 'mbconv7', 'conv2', 'pool', 'output']
{'conv1': {'T_max': 773.9153770208359, 'T_min': 474.00882083177567, 'tau': 100, 'alpha': 50}, 'mbconv1': {'T_max': 3485.9428219795227, 'T_min': 2560.6904525756836, 'tau': 100, 'alpha': 50}, 'mbconv2': {'T_max': 2793.179835796356, 'T_min': 1976.7829375267029, 'tau': 100, 'alpha': 50}, 'mbconv3': {'T_max': 1668.251520872116, 'T_min': 1083.705378293991, 'tau': 100, 'alpha': 50}, 'mbconv4': {'T_max': 817.8574377298355, 'T_min': 502.0499846339226, 'tau': 100, 'alpha': 50}, 'mbconv5': {'T_max': 940.7537368535995, 'T_min': 533.222236931324, 'tau': 100, 'alpha': 50}, 'mbconv6': {'T_max': 628.3391550779343, 'T_min': 341.6495691537857, 'tau': 100, 'alpha': 50}, 'mbconv7': {'T_max': 368.16851300001144, 'T_min': 200.31917816400528, 'tau': 100, 'alpha': 50}, 'conv2': {'T_max': 79.04693293571472, 'T_min': 40.3972128406167, 'tau': 100, 'alpha': 50}, 'pool': {'T_max': 1.9010385829024017, 'T_min': 0.9983048296999186, 'tau': 100, 'alpha': 50}, 'output': {'T_max': 12.80766905657947, 'T_min': 6.51999241206795, 'tau': 100, 'alpha': 50}}
Iterating over following combinations of layers :  [['conv1'], ['mbconv1'], ['mbconv2'], ['mbconv3'], ['mbconv4'], ['mbconv5'], ['mbconv6'], ['mbconv7'], ['conv2'], ['pool'], ['output'], ['conv1', 'mbconv1'], ['conv1', 'mbconv2'], ['conv1', 'mbconv3'], ['conv1', 'mbconv4'], ['conv1', 'mbconv5'], ['conv1', 'mbconv6'], ['conv1', 'mbconv7'], ['conv1', 'conv2'], ['conv1', 'pool'], ['conv1', 'output'], ['mbconv1', 'mbconv2'], ['mbconv1', 'mbconv3'], ['mbconv1', 'mbconv4'], ['mbconv1', 'mbconv5'], ['mbconv1', 'mbconv6'], ['mbconv1', 'mbconv7'], ['mbconv1', 'conv2'], ['mbconv1', 'pool'], ['mbconv1', 'output'], ['mbconv2', 'mbconv3'], ['mbconv2', 'mbconv4'], ['mbconv2', 'mbconv5'], ['mbconv2', 'mbconv6'], ['mbconv2', 'mbconv7'], ['mbconv2', 'conv2'], ['mbconv2', 'pool'], ['mbconv2', 'output'], ['mbconv3', 'mbconv4'], ['mbconv3', 'mbconv5'], ['mbconv3', 'mbconv6'], ['mbconv3', 'mbconv7'], ['mbconv3', 'conv2'], ['mbconv3', 'pool'], ['mbconv3', 'output'], ['mbconv4', 'mbconv5'], ['mbconv4', 'mbconv6'], ['mbconv4', 'mbconv7'], ['mbconv4', 'conv2'], ['mbconv4', 'pool'], ['mbconv4', 'output'], ['mbconv5', 'mbconv6'], ['mbconv5', 'mbconv7'], ['mbconv5', 'conv2'], ['mbconv5', 'pool'], ['mbconv5', 'output'], ['mbconv6', 'mbconv7'], ['mbconv6', 'conv2'], ['mbconv6', 'pool'], ['mbconv6', 'output'], ['mbconv7', 'conv2'], ['mbconv7', 'pool'], ['mbconv7', 'output'], ['conv2', 'pool'], ['conv2', 'output'], ['pool', 'output']]
[['mbconv5', 'mbconv6']]
Generating the training set for videos : 
TRAINING SET : contains 962 samples, 37 patients based on 56 videos
TEST SET : contains 127 samples, 37 patients based on 8 videos
Dataset constituted.
--------------------NAIVE IMPLEMENTATION-------------------
Number of folds : 53
Grid search.
The best parameters are : {'C': 1}
Metrics obtained during CV : 
{'r2': array([-0.07615689, -0.21493498, -0.03147218, -0.20081403, -0.03980379,
       -0.12956964, -0.00672765, -0.02266972, -0.12417069, -0.00355315,
       -0.11020023, -0.53451408, -0.49853676, -0.11786902, -0.16313426,
       -0.35473939, -0.00189712, -1.17550855, -0.00529215, -0.21236982,
       -0.08060115, -0.80104497, -0.04609311, -0.38571372, -0.017616  ,
       -0.12785168, -0.01558483, -0.34527533, -0.24648926, -0.00774936,
       -0.02344402, -0.31846611, -0.49828223, -0.03402531, -0.28690596,
       -0.36594466, -0.05801813, -0.04690558, -0.0094708 , -0.03010642,
       -0.0131559 , -0.30088514, -0.65092759, -0.09489301, -0.30266292,
       -0.05944384, -0.12647629, -0.21546351, -0.24110483, -0.81431619,
       -0.03373025, -0.24200612, -0.02824775]), 'neg_mean_absolute_error': array([ -7.7374748 , -11.7526857 ,  -8.81388585, -10.8530347 ,
       -10.275915  ,  -6.30123372,  -8.32163009,  -6.12024755,
        -7.35077371,  -7.56918801,  -7.80577262, -13.63681144,
       -15.44363202, -13.3394113 ,  -7.56414295,  -8.61986006,
       -13.40985044,  -6.83504273,  -8.77944289,  -9.91360401,
        -9.17311111, -14.53627924,  -8.25119472, -11.24981426,
        -7.87598168,  -9.44783884,  -8.9697609 , -16.26109595,
       -10.48122222, -10.25894444, -11.59692826, -11.75344314,
       -12.75719247,  -9.10281657, -11.81375494, -11.58892558,
        -9.44361111,  -6.7296037 ,  -5.9575575 ,  -7.2738138 ,
        -7.53786222, -12.62731073, -14.4480256 ,  -8.75712486,
       -20.86973759,  -7.94830546,  -9.62459958,  -5.99423177,
        -9.16919322, -18.39232035,  -8.23295203, -14.37734746,
       -10.40111642]), 'neg_mean_squared_error': array([-120.02092787, -231.8854735 ,  -97.98628174, -211.37490066,
       -133.06444444,  -52.12912593, -128.32331466,  -94.97774011,
        -73.35319754,  -78.01362731, -103.4287952 , -316.47807732,
       -452.46324724, -284.98225512,  -84.77919844, -110.72280808,
       -250.74521557,  -61.28054405,  -96.24235272, -223.93102817,
       -156.2547568 , -390.57440222, -113.42151615, -270.98666115,
       -115.81618328, -272.72749088, -141.16922409, -524.24372691,
       -234.82324558, -147.41224061, -200.74890449, -244.1899285 ,
       -325.48654518, -120.04383257, -182.77255223, -259.34941095,
       -173.76711921,  -77.74395544,  -64.4799502 , -110.6382527 ,
        -81.61490532, -295.59044269, -404.37291846, -169.9810741 ,
       -766.69932333, -108.58002356, -147.96096613,  -52.98441425,
       -219.26833945, -564.09536322, -122.88474335, -376.47498221,
       -239.98753411]), 'max_error': array([-36.19915222, -37.32360566, -15.91259554, -36.33188642,
       -22.39823071, -13.44983992, -29.31040565, -33.9302593 ,
       -15.70718564, -18.39480925, -25.20155992, -33.8184882 ,
       -63.56471549, -37.21393823, -19.93114266, -18.38181569,
       -31.96784156, -11.92105413, -23.20001401, -47.78371806,
       -34.01226268, -48.51730262, -23.28425247, -49.51810946,
       -31.84066622, -48.63704957, -28.69415189, -61.21795453,
       -36.31125199, -28.18663517, -30.08714565, -38.40566275,
       -48.17055807, -24.15673018, -26.17039722, -47.09070756,
       -38.32270891, -25.15806669, -18.84332751, -34.06982421,
       -19.631935  , -50.49509886, -51.22824607, -42.01662375,
       -70.88654609, -26.07119285, -32.00019285, -13.67158   ,
       -51.06018354, -49.21416067, -34.71418451, -44.49527966,
       -50.76553432]), 'explained_variance': array([-4.44089210e-16,  0.00000000e+00,  1.11022302e-16,  1.11022302e-16,
        0.00000000e+00,  0.00000000e+00,  0.00000000e+00,  0.00000000e+00,
        0.00000000e+00,  3.33066907e-16,  1.11022302e-16,  0.00000000e+00,
        0.00000000e+00,  0.00000000e+00,  2.22044605e-16,  0.00000000e+00,
        2.22044605e-16,  0.00000000e+00,  0.00000000e+00,  0.00000000e+00,
        0.00000000e+00, -2.22044605e-16, -2.22044605e-16, -2.22044605e-16,
        0.00000000e+00,  0.00000000e+00,  0.00000000e+00,  0.00000000e+00,
        0.00000000e+00, -2.22044605e-16, -2.22044605e-16,  0.00000000e+00,
        1.11022302e-16,  0.00000000e+00,  0.00000000e+00,  3.33066907e-16,
        0.00000000e+00,  0.00000000e+00,  0.00000000e+00,  0.00000000e+00,
        0.00000000e+00,  1.11022302e-16, -2.22044605e-16,  0.00000000e+00,
       -4.44089210e-16,  1.11022302e-16,  0.00000000e+00,  0.00000000e+00,
        0.00000000e+00,  0.00000000e+00,  1.11022302e-16, -2.22044605e-16,
        0.00000000e+00])}
         accs  y_pred (s)  y_true (s)
54     [9, 4]   16.816869      19.499
4    [40, 36]   24.233707      26.335
3    [40, 36]   24.233707      27.642
11   [40, 36]   24.233707      18.893
27   [26, 24]   21.020101      65.978
29   [26, 24]   21.020101      45.143
64     [9, 4]   16.816869      30.560
77   [14, 13]   16.431665      12.834
124  [25, 23]   20.330530      45.263
71     [9, 4]   16.816869       9.629
25   [26, 24]   21.020101      19.467
91     [4, 3]   15.356214      14.879
83   [14, 13]   16.431665      24.338
89   [14, 13]   16.431665      11.455
69     [9, 4]   16.816869       9.069
{'mse': 267.21994242510846, 'mae': 11.244469545064266, 'r2-score': -0.09296493021799845, 'max-error': 64.24546520886372, 'explained variance score': 0.09085590824533474, 'layers': ['mbconv5', 'mbconv6']}
