environment: line 5: __conda_exe: command not found
Using device: cuda
Using model: efficientnetB4
Number of videos: 64
Execution type : naive
Using 2 features
Job ID : 14
Plotting ?  yes
Calculate accumulators ?  no
The directory contains : 65 videos
Number of videos in the directory : 65
Number of videos in the dataframe : 64
['conv1', 'mbconv1', 'mbconv2', 'mbconv3', 'mbconv4', 'mbconv5', 'mbconv6', 'mbconv7', 'conv2', 'pool', 'output']
{'conv1': {'T_max': 773.9153770208359, 'T_min': 474.00882083177567, 'tau': 100, 'alpha': 50}, 'mbconv1': {'T_max': 3485.9428219795227, 'T_min': 2560.6904525756836, 'tau': 100, 'alpha': 50}, 'mbconv2': {'T_max': 2793.179835796356, 'T_min': 1976.7829375267029, 'tau': 100, 'alpha': 50}, 'mbconv3': {'T_max': 1668.251520872116, 'T_min': 1083.705378293991, 'tau': 100, 'alpha': 50}, 'mbconv4': {'T_max': 817.8574377298355, 'T_min': 502.0499846339226, 'tau': 100, 'alpha': 50}, 'mbconv5': {'T_max': 940.7537368535995, 'T_min': 533.222236931324, 'tau': 100, 'alpha': 50}, 'mbconv6': {'T_max': 628.3391550779343, 'T_min': 341.6495691537857, 'tau': 100, 'alpha': 50}, 'mbconv7': {'T_max': 368.16851300001144, 'T_min': 200.31917816400528, 'tau': 100, 'alpha': 50}, 'conv2': {'T_max': 79.04693293571472, 'T_min': 40.3972128406167, 'tau': 100, 'alpha': 50}, 'pool': {'T_max': 1.9010385829024017, 'T_min': 0.9983048296999186, 'tau': 100, 'alpha': 50}, 'output': {'T_max': 12.80766905657947, 'T_min': 6.51999241206795, 'tau': 100, 'alpha': 50}}
Iterating over following combinations of layers :  [['conv1'], ['mbconv1'], ['mbconv2'], ['mbconv3'], ['mbconv4'], ['mbconv5'], ['mbconv6'], ['mbconv7'], ['conv2'], ['pool'], ['output'], ['conv1', 'mbconv1'], ['conv1', 'mbconv2'], ['conv1', 'mbconv3'], ['conv1', 'mbconv4'], ['conv1', 'mbconv5'], ['conv1', 'mbconv6'], ['conv1', 'mbconv7'], ['conv1', 'conv2'], ['conv1', 'pool'], ['conv1', 'output'], ['mbconv1', 'mbconv2'], ['mbconv1', 'mbconv3'], ['mbconv1', 'mbconv4'], ['mbconv1', 'mbconv5'], ['mbconv1', 'mbconv6'], ['mbconv1', 'mbconv7'], ['mbconv1', 'conv2'], ['mbconv1', 'pool'], ['mbconv1', 'output'], ['mbconv2', 'mbconv3'], ['mbconv2', 'mbconv4'], ['mbconv2', 'mbconv5'], ['mbconv2', 'mbconv6'], ['mbconv2', 'mbconv7'], ['mbconv2', 'conv2'], ['mbconv2', 'pool'], ['mbconv2', 'output'], ['mbconv3', 'mbconv4'], ['mbconv3', 'mbconv5'], ['mbconv3', 'mbconv6'], ['mbconv3', 'mbconv7'], ['mbconv3', 'conv2'], ['mbconv3', 'pool'], ['mbconv3', 'output'], ['mbconv4', 'mbconv5'], ['mbconv4', 'mbconv6'], ['mbconv4', 'mbconv7'], ['mbconv4', 'conv2'], ['mbconv4', 'pool'], ['mbconv4', 'output'], ['mbconv5', 'mbconv6'], ['mbconv5', 'mbconv7'], ['mbconv5', 'conv2'], ['mbconv5', 'pool'], ['mbconv5', 'output'], ['mbconv6', 'mbconv7'], ['mbconv6', 'conv2'], ['mbconv6', 'pool'], ['mbconv6', 'output'], ['mbconv7', 'conv2'], ['mbconv7', 'pool'], ['mbconv7', 'output'], ['conv2', 'pool'], ['conv2', 'output'], ['pool', 'output']]
[['conv1', 'mbconv4']]
Generating the training set for videos : 
TRAINING SET : contains 962 samples, 37 patients based on 56 videos
TEST SET : contains 127 samples, 37 patients based on 8 videos
Dataset constituted.
--------------------NAIVE IMPLEMENTATION-------------------
Number of folds : 53
Grid search.
The best parameters are : {'C': 10.0}
Metrics obtained during CV : 
{'r2': array([-2.22734499e-01, -1.30831761e-02, -1.55680767e-02, -1.44856751e-01,
       -1.41480855e-01, -2.10664568e-02, -1.97665109e-02, -8.05355074e-02,
       -8.43413207e-03, -1.61499647e-02, -3.70583498e-02, -6.57760165e-01,
       -1.41179744e-01, -3.73695787e-01, -2.58589023e-01, -2.05469601e-01,
       -4.35344830e-04, -8.75193183e-01, -1.69695739e-01, -8.84408115e-02,
       -9.47183787e-02, -9.73342172e-01, -9.76338020e-02, -1.78251894e-01,
       -9.20774741e-02, -1.06758026e-01, -6.95930648e-04, -4.41415172e-01,
       -2.39165255e-01, -1.85423280e-03, -3.77414218e-02, -7.14863677e-01,
       -5.55620920e-01, -3.10109582e-02, -2.12607269e-01, -4.54244039e-01,
       -1.00561687e-01, -2.02291764e-04, -1.00342171e-01, -1.05021835e-02,
       -7.23599895e-04, -4.18796310e-01, -8.82334805e-01, -1.56007690e-01,
       -2.80809730e-01, -1.68415960e-03, -2.02912037e-01, -1.92128298e-02,
       -3.31964386e-01, -4.24003496e-01, -2.54648523e-04, -6.20180129e-02,
       -1.29930690e-01]), 'neg_mean_absolute_error': array([ -9.3702741 , -11.93703855,  -8.6593741 , -10.85684025,
       -11.01206365,  -5.62473343,  -8.18020865,  -6.1105334 ,
        -6.79537214,  -7.30928842,  -7.59323613, -14.24159864,
       -13.54885551, -14.42899317,  -8.036388  ,  -8.01043186,
       -13.42874362,  -6.3247799 ,  -9.5580896 ,  -9.52688889,
        -9.17311111, -15.37629499,  -8.36431233, -10.75191321,
        -8.80115978,  -9.44964323,  -8.84078052, -16.81270114,
       -10.48122222, -10.25894444, -11.59161111, -13.61029381,
       -13.01600213,  -9.05277281, -11.616343  , -12.01175119,
        -9.44361111,  -6.95876937,  -6.66747092,  -7.19201965,
        -6.9730238 , -13.12688139, -15.6207807 ,  -9.01975836,
       -20.70611585,  -7.82755292,  -9.68852523,  -5.4332711 ,
        -9.63516824, -16.34427225,  -8.12539714, -14.13153796,
        -9.67966241]), 'neg_mean_squared_error': array([-136.36834031, -193.35954184,  -96.47544744, -201.5249463 ,
       -146.07613156,  -47.12175334, -129.98532323, -100.35187215,
        -65.80127815,  -78.99287137,  -96.61473   , -341.89634056,
       -344.56404779, -350.20106606,  -91.73675983,  -98.52299305,
       -250.37937673,  -52.82114782, -111.98164639, -201.0406946 ,
       -158.29610593, -427.93875223, -119.00976024, -230.41595333,
       -124.29073884, -267.62680315, -139.09962359, -561.70870385,
       -233.44349362, -146.54990899, -203.55334584, -317.60576652,
       -337.94279138, -119.69388508, -172.22029545, -276.11465279,
       -180.75440068,  -74.27573609,  -70.28435935, -108.53266603,
        -80.6134197 , -322.38251969, -461.05306194, -179.46906931,
       -753.83734396, -102.66036297, -158.00068591,  -44.42946617,
       -235.32066966, -442.74188532, -118.90532966, -321.91726563,
       -263.71978888]), 'max_error': array([-34.1294528 , -29.33846679, -16.42557841, -35.4360353 ,
       -20.40011296, -14.90915211, -29.97167858, -35.21413461,
       -17.81178586, -20.04083998, -23.85549551, -34.96621583,
       -57.82475158, -41.49277403, -19.03797138, -17.09524503,
       -31.60887118, -11.13189255, -18.45759681, -45.56238402,
       -34.29917955, -49.86577581, -24.30231095, -46.73721887,
       -30.0194124 , -48.15771091, -29.85497529, -62.73382756,
       -36.20925006, -27.64274644, -30.66356643, -42.23210738,
       -48.7528798 , -24.24680895, -25.28204351, -48.04206517,
       -39.29983165, -23.41428784, -17.08944042, -33.33367687,
       -20.90282145, -51.98160812, -53.30233771, -43.09977508,
       -70.3956809 , -24.01839965, -33.08692892, -15.82113044,
       -52.19183715, -44.78412567, -32.88575137, -40.26619633,
       -53.70470069]), 'explained_variance': array([ 0.00000000e+00,  0.00000000e+00,  1.11022302e-16,  0.00000000e+00,
        0.00000000e+00,  0.00000000e+00,  0.00000000e+00, -2.22044605e-16,
       -2.22044605e-16,  2.22044605e-16,  0.00000000e+00,  0.00000000e+00,
        0.00000000e+00,  0.00000000e+00,  2.22044605e-16,  0.00000000e+00,
        2.22044605e-16,  0.00000000e+00,  0.00000000e+00,  0.00000000e+00,
        2.22044605e-16, -2.22044605e-16, -2.22044605e-16, -2.22044605e-16,
        0.00000000e+00,  0.00000000e+00,  0.00000000e+00,  0.00000000e+00,
        0.00000000e+00, -2.22044605e-16, -2.22044605e-16,  0.00000000e+00,
        1.11022302e-16,  0.00000000e+00,  0.00000000e+00,  3.33066907e-16,
        0.00000000e+00,  0.00000000e+00, -2.22044605e-16,  2.22044605e-16,
        0.00000000e+00,  0.00000000e+00,  2.22044605e-16,  0.00000000e+00,
        0.00000000e+00, -2.22044605e-16, -2.22044605e-16,  0.00000000e+00,
        1.11022302e-16,  0.00000000e+00,  0.00000000e+00,  0.00000000e+00,
       -2.22044605e-16])}
         accs  y_pred (s)  y_true (s)
54    [2, 10]   12.615908      19.499
4    [34, 43]   23.638439      26.335
3    [34, 43]   23.638439      27.642
11   [34, 43]   23.638439      18.893
27   [31, 28]   14.193387      65.978
29   [31, 28]   14.193387      45.143
64    [2, 10]   12.615908      30.560
77   [15, 14]   16.080046      12.834
124  [24, 25]   16.801495      45.263
71    [2, 10]   12.615908       9.629
25   [31, 28]   14.193387      19.467
91    [11, 2]   17.236196      14.879
83   [15, 14]   16.080046      24.338
89   [15, 14]   16.080046      11.455
69    [2, 10]   12.615908       9.069
{'mse': 311.8678358259744, 'mae': 11.969104134086866, 'r2-score': -0.275580723232528, 'max-error': 66.26368152666885, 'explained variance score': 0.05289170130765719, 'layers': ['conv1', 'mbconv4']}
