environment: line 5: __conda_exe: command not found
Using device: cuda
Using model: efficientnetB4
Number of videos: 64
Execution type : naive
Using 2 features
Job ID : 19
Plotting ?  yes
Calculate accumulators ?  no
The directory contains : 65 videos
Number of videos in the directory : 65
Number of videos in the dataframe : 64
['conv1', 'mbconv1', 'mbconv2', 'mbconv3', 'mbconv4', 'mbconv5', 'mbconv6', 'mbconv7', 'conv2', 'pool', 'output']
{'conv1': {'T_max': 773.9153770208359, 'T_min': 474.00882083177567, 'tau': 100, 'alpha': 50}, 'mbconv1': {'T_max': 3485.9428219795227, 'T_min': 2560.6904525756836, 'tau': 100, 'alpha': 50}, 'mbconv2': {'T_max': 2793.179835796356, 'T_min': 1976.7829375267029, 'tau': 100, 'alpha': 50}, 'mbconv3': {'T_max': 1668.251520872116, 'T_min': 1083.705378293991, 'tau': 100, 'alpha': 50}, 'mbconv4': {'T_max': 817.8574377298355, 'T_min': 502.0499846339226, 'tau': 100, 'alpha': 50}, 'mbconv5': {'T_max': 940.7537368535995, 'T_min': 533.222236931324, 'tau': 100, 'alpha': 50}, 'mbconv6': {'T_max': 628.3391550779343, 'T_min': 341.6495691537857, 'tau': 100, 'alpha': 50}, 'mbconv7': {'T_max': 368.16851300001144, 'T_min': 200.31917816400528, 'tau': 100, 'alpha': 50}, 'conv2': {'T_max': 79.04693293571472, 'T_min': 40.3972128406167, 'tau': 100, 'alpha': 50}, 'pool': {'T_max': 1.9010385829024017, 'T_min': 0.9983048296999186, 'tau': 100, 'alpha': 50}, 'output': {'T_max': 12.80766905657947, 'T_min': 6.51999241206795, 'tau': 100, 'alpha': 50}}
Iterating over following combinations of layers :  [['conv1'], ['mbconv1'], ['mbconv2'], ['mbconv3'], ['mbconv4'], ['mbconv5'], ['mbconv6'], ['mbconv7'], ['conv2'], ['pool'], ['output'], ['conv1', 'mbconv1'], ['conv1', 'mbconv2'], ['conv1', 'mbconv3'], ['conv1', 'mbconv4'], ['conv1', 'mbconv5'], ['conv1', 'mbconv6'], ['conv1', 'mbconv7'], ['conv1', 'conv2'], ['conv1', 'pool'], ['conv1', 'output'], ['mbconv1', 'mbconv2'], ['mbconv1', 'mbconv3'], ['mbconv1', 'mbconv4'], ['mbconv1', 'mbconv5'], ['mbconv1', 'mbconv6'], ['mbconv1', 'mbconv7'], ['mbconv1', 'conv2'], ['mbconv1', 'pool'], ['mbconv1', 'output'], ['mbconv2', 'mbconv3'], ['mbconv2', 'mbconv4'], ['mbconv2', 'mbconv5'], ['mbconv2', 'mbconv6'], ['mbconv2', 'mbconv7'], ['mbconv2', 'conv2'], ['mbconv2', 'pool'], ['mbconv2', 'output'], ['mbconv3', 'mbconv4'], ['mbconv3', 'mbconv5'], ['mbconv3', 'mbconv6'], ['mbconv3', 'mbconv7'], ['mbconv3', 'conv2'], ['mbconv3', 'pool'], ['mbconv3', 'output'], ['mbconv4', 'mbconv5'], ['mbconv4', 'mbconv6'], ['mbconv4', 'mbconv7'], ['mbconv4', 'conv2'], ['mbconv4', 'pool'], ['mbconv4', 'output'], ['mbconv5', 'mbconv6'], ['mbconv5', 'mbconv7'], ['mbconv5', 'conv2'], ['mbconv5', 'pool'], ['mbconv5', 'output'], ['mbconv6', 'mbconv7'], ['mbconv6', 'conv2'], ['mbconv6', 'pool'], ['mbconv6', 'output'], ['mbconv7', 'conv2'], ['mbconv7', 'pool'], ['mbconv7', 'output'], ['conv2', 'pool'], ['conv2', 'output'], ['pool', 'output']]
[['conv1', 'pool']]
Generating the training set for videos : 
TRAINING SET : contains 962 samples, 37 patients based on 56 videos
TEST SET : contains 127 samples, 37 patients based on 8 videos
Dataset constituted.
--------------------NAIVE IMPLEMENTATION-------------------
Number of folds : 53
Grid search.
The best parameters are : {'C': 1}
Metrics obtained during CV : 
{'r2': array([-1.55249831e-01, -1.78888702e-02, -3.87396016e-01, -4.77584478e-05,
       -8.21560243e-02, -4.30962852e-02, -4.72718611e-02, -6.72287738e-02,
       -1.01451402e-02, -5.15956439e-03, -1.31341581e-01, -5.89032287e-01,
       -5.99131295e-02, -2.45555539e-01, -2.03049072e-01, -3.67447541e-02,
       -1.29785622e-02, -1.02860506e+00, -1.34678091e-01, -1.59211287e-01,
       -6.06709574e-02, -6.87747901e-01, -8.31874156e-03, -3.23278314e-01,
       -7.98335090e-02, -1.57794078e-01, -5.31633878e-02, -3.75686039e-01,
       -2.09705751e-01, -3.49961738e-02, -2.98451326e-01, -4.20141537e-01,
       -5.87042885e-01, -2.01808037e-02, -4.33222788e-01, -1.65344419e-01,
       -3.36824029e-02, -3.93165322e-02, -2.69735889e-02, -5.20804132e-02,
       -5.66124159e-05, -4.19978223e-01, -7.61669467e-01, -1.97697813e-01,
       -3.37129905e-01, -4.08662264e-02, -1.82602559e-01, -8.52996017e-02,
       -3.20154656e-01, -6.06466212e-01, -9.46602891e-04, -5.24962801e-01,
       -6.65196056e-02]), 'neg_mean_absolute_error': array([ -8.72054387, -12.03561651, -10.77349968, -11.11778372,
       -10.63900712,  -5.81094994,  -8.04325261,  -6.09810535,
        -6.81426051,  -7.38620747,  -7.85217351, -13.87959622,
       -13.18952953, -13.94255271,  -7.75304485,  -7.46582763,
       -13.35126042,  -6.56702602,  -8.45955839,  -9.72688958,
        -9.17311111, -14.04031686,  -8.42184822, -11.05915099,
        -8.67732252,  -9.51638019,  -8.661     , -16.42777921,
       -10.48122222, -10.25894444, -12.35670657, -12.1809365 ,
       -13.15217399,  -8.84901088, -12.24211197, -10.65696329,
       -10.55226365,  -6.74711917,  -6.13583208,  -7.33680082,
        -7.11034089, -13.13299491, -15.02131865,  -9.22598683,
       -21.11622891,  -7.92349835,  -9.67292691,  -5.61206143,
        -9.57856879, -17.23818746,  -8.13489505, -15.32391861,
       -10.05797666]), 'neg_mean_squared_error': array([-128.84195395, -194.27676843, -131.797813  , -176.03474899,
       -138.48429005,  -48.13841991, -133.49131387,  -99.11604453,
        -65.91292304,  -78.13850606, -105.39837162, -327.72190765,
       -320.02667433, -317.53382499,  -87.688532  ,  -84.73311657,
       -253.51857305,  -57.14251123, -108.62920718, -214.11237047,
       -153.37285414, -366.00481215, -109.32587122, -258.7769525 ,
       -122.89723747, -279.96790684, -146.39275162, -536.09455247,
       -227.89368541, -151.39786819, -254.6916855 , -263.02098973,
       -344.76889314, -118.43657229, -203.55316863, -221.26181101,
       -169.77025957,  -77.1803875 ,  -65.59794094, -112.99836258,
        -80.55969044, -322.65107701, -431.49768036, -185.94142046,
       -786.98532082, -106.67604512, -155.33306645,  -47.31031688,
       -233.23422233, -499.47200378, -118.98758577, -462.24437718,
       -248.91998044]), 'max_error': array([-34.95244443, -29.07089805, -18.37172155, -30.47810936,
       -21.41269495, -14.48488346, -30.83906681, -34.97800169,
       -17.74001007, -19.55368603, -25.49543225, -34.34093893,
       -55.54902033, -39.64430028, -19.53234977, -15.579725  ,
       -33.08105201, -11.54949957, -26.07897451, -46.9435031 ,
       -33.56026023, -47.54971293, -21.99843301, -48.78417944,
       -30.24231947, -49.25392169, -32.8844305 , -61.71800429,
       -35.7822675 , -29.38450802, -35.59395303, -39.54685712,
       -49.05926648, -24.61358042, -27.63100258, -44.35816962,
       -32.88382542, -25.00042751, -18.30850376, -34.63670735,
       -20.593858  , -51.99536354, -52.26017357, -43.71846048,
       -71.62602007, -25.64947187, -32.82175749, -14.80798521,
       -52.05438136, -47.03413188, -33.04721586, -48.54494963,
       -52.13809336]), 'explained_variance': array([-2.22044605e-16,  0.00000000e+00,  1.11022302e-16,  1.11022302e-16,
        0.00000000e+00,  0.00000000e+00,  0.00000000e+00, -2.22044605e-16,
       -2.22044605e-16,  3.33066907e-16,  1.11022302e-16,  0.00000000e+00,
        0.00000000e+00,  0.00000000e+00,  2.22044605e-16,  0.00000000e+00,
        2.22044605e-16,  0.00000000e+00,  0.00000000e+00,  0.00000000e+00,
        0.00000000e+00,  1.11022302e-16, -2.22044605e-16,  1.11022302e-16,
        0.00000000e+00,  0.00000000e+00,  0.00000000e+00,  0.00000000e+00,
        0.00000000e+00,  0.00000000e+00, -2.22044605e-16,  0.00000000e+00,
        1.11022302e-16,  0.00000000e+00,  0.00000000e+00,  0.00000000e+00,
        0.00000000e+00,  0.00000000e+00,  0.00000000e+00,  0.00000000e+00,
        0.00000000e+00,  0.00000000e+00, -2.22044605e-16,  0.00000000e+00,
       -4.44089210e-16, -2.22044605e-16,  0.00000000e+00,  0.00000000e+00,
        1.11022302e-16, -2.22044605e-16,  0.00000000e+00, -2.22044605e-16,
        0.00000000e+00])}
         accs  y_pred (s)  y_true (s)
54     [2, 2]   13.835442      19.499
4    [34, 25]   22.869597      26.335
3    [34, 25]   22.869597      27.642
11   [34, 25]   22.869597      18.893
27   [31, 17]   21.175334      65.978
29   [31, 17]   21.175334      45.143
64     [2, 2]   13.835442      30.560
77    [15, 9]   16.142722      12.834
124  [24, 16]   19.699281      45.263
71     [2, 2]   13.835442       9.629
25   [31, 17]   21.175334      19.467
91    [11, 7]   15.515580      14.879
83    [15, 9]   16.142722      24.338
89    [15, 9]   16.142722      11.455
69     [2, 2]   13.835442       9.069
{'mse': 275.77514049977486, 'mae': 11.373793118144532, 'r2-score': -0.12795682259631347, 'max-error': 65.24537990835968, 'explained variance score': 0.10460784782215171, 'layers': ['conv1', 'pool']}
