environment: line 5: __conda_exe: command not found
Using device: cuda
Using model: efficientnetB4
Number of videos: 64
Execution type : naive
Using 2 features
Job ID : 13
Plotting ?  yes
Calculate accumulators ?  no
The directory contains : 65 videos
Number of videos in the directory : 65
Number of videos in the dataframe : 64
['conv1', 'mbconv1', 'mbconv2', 'mbconv3', 'mbconv4', 'mbconv5', 'mbconv6', 'mbconv7', 'conv2', 'pool', 'output']
{'conv1': {'T_max': 773.9153770208359, 'T_min': 474.00882083177567, 'tau': 100, 'alpha': 50}, 'mbconv1': {'T_max': 3485.9428219795227, 'T_min': 2560.6904525756836, 'tau': 100, 'alpha': 50}, 'mbconv2': {'T_max': 2793.179835796356, 'T_min': 1976.7829375267029, 'tau': 100, 'alpha': 50}, 'mbconv3': {'T_max': 1668.251520872116, 'T_min': 1083.705378293991, 'tau': 100, 'alpha': 50}, 'mbconv4': {'T_max': 817.8574377298355, 'T_min': 502.0499846339226, 'tau': 100, 'alpha': 50}, 'mbconv5': {'T_max': 940.7537368535995, 'T_min': 533.222236931324, 'tau': 100, 'alpha': 50}, 'mbconv6': {'T_max': 628.3391550779343, 'T_min': 341.6495691537857, 'tau': 100, 'alpha': 50}, 'mbconv7': {'T_max': 368.16851300001144, 'T_min': 200.31917816400528, 'tau': 100, 'alpha': 50}, 'conv2': {'T_max': 79.04693293571472, 'T_min': 40.3972128406167, 'tau': 100, 'alpha': 50}, 'pool': {'T_max': 1.9010385829024017, 'T_min': 0.9983048296999186, 'tau': 100, 'alpha': 50}, 'output': {'T_max': 12.80766905657947, 'T_min': 6.51999241206795, 'tau': 100, 'alpha': 50}}
Iterating over following combinations of layers :  [['conv1'], ['mbconv1'], ['mbconv2'], ['mbconv3'], ['mbconv4'], ['mbconv5'], ['mbconv6'], ['mbconv7'], ['conv2'], ['pool'], ['output'], ['conv1', 'mbconv1'], ['conv1', 'mbconv2'], ['conv1', 'mbconv3'], ['conv1', 'mbconv4'], ['conv1', 'mbconv5'], ['conv1', 'mbconv6'], ['conv1', 'mbconv7'], ['conv1', 'conv2'], ['conv1', 'pool'], ['conv1', 'output'], ['mbconv1', 'mbconv2'], ['mbconv1', 'mbconv3'], ['mbconv1', 'mbconv4'], ['mbconv1', 'mbconv5'], ['mbconv1', 'mbconv6'], ['mbconv1', 'mbconv7'], ['mbconv1', 'conv2'], ['mbconv1', 'pool'], ['mbconv1', 'output'], ['mbconv2', 'mbconv3'], ['mbconv2', 'mbconv4'], ['mbconv2', 'mbconv5'], ['mbconv2', 'mbconv6'], ['mbconv2', 'mbconv7'], ['mbconv2', 'conv2'], ['mbconv2', 'pool'], ['mbconv2', 'output'], ['mbconv3', 'mbconv4'], ['mbconv3', 'mbconv5'], ['mbconv3', 'mbconv6'], ['mbconv3', 'mbconv7'], ['mbconv3', 'conv2'], ['mbconv3', 'pool'], ['mbconv3', 'output'], ['mbconv4', 'mbconv5'], ['mbconv4', 'mbconv6'], ['mbconv4', 'mbconv7'], ['mbconv4', 'conv2'], ['mbconv4', 'pool'], ['mbconv4', 'output'], ['mbconv5', 'mbconv6'], ['mbconv5', 'mbconv7'], ['mbconv5', 'conv2'], ['mbconv5', 'pool'], ['mbconv5', 'output'], ['mbconv6', 'mbconv7'], ['mbconv6', 'conv2'], ['mbconv6', 'pool'], ['mbconv6', 'output'], ['mbconv7', 'conv2'], ['mbconv7', 'pool'], ['mbconv7', 'output'], ['conv2', 'pool'], ['conv2', 'output'], ['pool', 'output']]
[['conv1', 'mbconv3']]
Generating the training set for videos : 
TRAINING SET : contains 962 samples, 37 patients based on 56 videos
TEST SET : contains 127 samples, 37 patients based on 8 videos
Dataset constituted.
--------------------NAIVE IMPLEMENTATION-------------------
Number of folds : 53
Grid search.
The best parameters are : {'C': 1}
Metrics obtained during CV : 
{'r2': array([-2.82955720e-01, -1.24027126e-02, -4.87397848e-02, -1.15079502e-01,
       -1.49532395e-02, -3.91820223e-02, -6.53619998e-02, -5.44657665e-02,
       -7.78436118e-02, -2.26514502e-03, -1.13424136e-01, -4.89241093e-01,
       -1.86523840e-01, -2.30143346e-01, -3.30739756e-01, -1.29629113e-01,
       -7.21211102e-03, -5.92975955e-01, -2.32595213e-02, -8.64664297e-02,
       -4.02607475e-02, -7.54703538e-01, -6.95339262e-04, -1.97299328e-01,
       -7.54199362e-02, -6.83628732e-02, -1.82703171e-03, -5.95399447e-01,
       -1.57566347e-01, -2.08013059e-03, -2.95681036e-01, -7.14427707e-01,
       -6.18897247e-01, -3.99655178e-02, -2.65794958e-01, -4.16682889e-01,
       -7.87825679e-02, -1.51174209e-02, -9.39577821e-02, -4.29244059e-02,
       -1.44703548e-04, -4.60541992e-01, -7.80697095e-01, -1.65990489e-01,
       -5.00277184e-01, -2.62131658e-02, -1.64446001e-01, -1.16824540e-01,
       -3.18859097e-01, -6.08522994e-01, -1.32134769e-03, -2.99189941e-01,
       -7.45501062e-02]), 'neg_mean_absolute_error': array([ -9.87041762, -11.12114427,  -8.96961025, -10.88572624,
        -9.95406008,  -5.77989091,  -7.98516906,  -6.08496546,
        -7.19324052,  -7.55246182,  -7.81311956, -13.46936991,
       -13.71093359, -13.87615238,  -8.42532989,  -7.65443367,
       -13.37540609,  -5.85209559,  -9.0243348 ,  -9.52688889,
        -9.17311111, -14.32132298,  -8.5718784 , -10.78607348,
        -8.63037434,  -9.56242692,  -8.7502281 , -17.75349998,
       -10.48122222, -10.25894444, -12.34484224, -13.60795433,
       -13.28654826,  -9.19532475, -11.76056889, -11.83741898,
        -9.44361111,  -6.81924836,  -6.63108699,  -7.31258532,
        -7.12831196, -13.33783367, -15.11551598,  -9.07143045,
       -22.14061172,  -7.89952968,  -9.65822967,  -5.6832314 ,
        -9.57229659, -17.25050434,  -8.138476  , -14.49713337,
       -10.00021066]), 'neg_mean_squared_error': array([-143.08465361, -193.22966691,  -99.62664474, -196.28336607,
       -129.88430102,  -47.95777846, -135.79718732,  -97.93071405,
        -70.33031216,  -77.91350138, -103.72914149, -307.14097877,
       -358.25509479, -313.60474073,  -96.99572394,  -92.32455235,
       -252.07540087,  -44.87154663,  -97.96247184, -200.67601597,
       -150.42154099, -380.52480371, -108.49931205, -234.14082121,
       -122.39492308, -258.34241421, -139.2568499 , -621.71522294,
       -218.07126301, -146.58295302, -254.14829221, -317.52502148,
       -351.68892864, -120.7334531 , -179.77426584, -268.98298606,
       -177.17743484,  -75.38334422,  -69.87655648, -112.01496453,
        -80.56678663, -331.86808016, -436.15824656, -181.01888912,
       -883.00778855, -105.17428581, -152.94822997,  -48.68455015,
       -233.00533357, -500.11148489, -119.03213358, -393.80845552,
       -250.79425641]), 'max_error': array([-33.49593768, -32.45725893, -15.48991502, -34.88720141,
       -23.27183693, -14.55045252, -31.27078794, -34.7283438 ,
       -16.29988601, -18.50074178, -25.24809055, -33.36400404,
       -58.80034763, -39.39197903, -18.46951786, -16.25224795,
       -32.6222842 , -10.25368803, -20.99598676, -45.51701507,
       -33.0111528 , -48.13038137, -21.32329718, -47.04466135,
       -30.32682618, -47.14265772, -30.6699471 , -64.85062495,
       -34.94515117, -27.67355912, -35.55836005, -42.22859815,
       -49.36160858, -23.99021546, -25.93106003, -47.64981771,
       -38.83293167, -24.3512648 , -17.17130426, -34.41876788,
       -20.55342309, -52.45625075, -52.42972877, -43.25479134,
       -74.69916849, -25.2420045 , -32.57190443, -14.47961325,
       -52.03914887, -47.05739708, -33.10809195, -45.45356695,
       -52.36915738]), 'explained_variance': array([ 0.00000000e+00,  1.11022302e-16,  1.11022302e-16,  0.00000000e+00,
        0.00000000e+00,  0.00000000e+00,  2.22044605e-16,  0.00000000e+00,
        0.00000000e+00,  3.33066907e-16,  1.11022302e-16,  0.00000000e+00,
        0.00000000e+00,  0.00000000e+00,  2.22044605e-16,  0.00000000e+00,
        0.00000000e+00,  0.00000000e+00,  0.00000000e+00,  0.00000000e+00,
        0.00000000e+00, -2.22044605e-16, -2.22044605e-16, -2.22044605e-16,
        0.00000000e+00,  0.00000000e+00,  0.00000000e+00,  1.11022302e-16,
        0.00000000e+00, -2.22044605e-16, -2.22044605e-16,  0.00000000e+00,
        2.22044605e-16,  0.00000000e+00,  0.00000000e+00,  3.33066907e-16,
        0.00000000e+00,  0.00000000e+00, -2.22044605e-16,  2.22044605e-16,
        0.00000000e+00,  1.11022302e-16,  2.22044605e-16,  0.00000000e+00,
        0.00000000e+00, -2.22044605e-16,  0.00000000e+00,  0.00000000e+00,
        0.00000000e+00, -4.44089210e-16,  0.00000000e+00, -2.22044605e-16,
       -2.22044605e-16])}
         accs  y_pred (s)  y_true (s)
54    [2, 11]   15.451014      19.499
4    [34, 45]   23.099599      26.335
3    [34, 45]   23.099599      27.642
11   [34, 45]   23.099599      18.893
27   [31, 29]   20.316915      65.978
29   [31, 29]   20.316915      45.143
64    [2, 11]   15.451014      30.560
77   [15, 16]   17.368775      12.834
124  [24, 26]   19.507780      45.263
71    [2, 11]   15.451014       9.629
25   [31, 29]   20.316915      19.467
91    [11, 2]   16.327104      14.879
83   [15, 16]   17.368775      24.338
89   [15, 16]   17.368775      11.455
69    [2, 11]   15.451014       9.069
{'mse': 275.3387100653772, 'mae': 11.364110959321874, 'r2-score': -0.12617176435946376, 'max-error': 65.36620285931404, 'explained variance score': 0.08305885887479869, 'layers': ['conv1', 'mbconv3']}
