environment: line 5: __conda_exe: command not found
Using device: cuda
Using model: efficientnetB4
Number of videos: 64
Execution type : naive
Using 2 features
Job ID : 16
Plotting ?  yes
Calculate accumulators ?  no
The directory contains : 65 videos
Number of videos in the directory : 65
Number of videos in the dataframe : 64
['conv1', 'mbconv1', 'mbconv2', 'mbconv3', 'mbconv4', 'mbconv5', 'mbconv6', 'mbconv7', 'conv2', 'pool', 'output']
{'conv1': {'T_max': 773.9153770208359, 'T_min': 474.00882083177567, 'tau': 100, 'alpha': 50}, 'mbconv1': {'T_max': 3485.9428219795227, 'T_min': 2560.6904525756836, 'tau': 100, 'alpha': 50}, 'mbconv2': {'T_max': 2793.179835796356, 'T_min': 1976.7829375267029, 'tau': 100, 'alpha': 50}, 'mbconv3': {'T_max': 1668.251520872116, 'T_min': 1083.705378293991, 'tau': 100, 'alpha': 50}, 'mbconv4': {'T_max': 817.8574377298355, 'T_min': 502.0499846339226, 'tau': 100, 'alpha': 50}, 'mbconv5': {'T_max': 940.7537368535995, 'T_min': 533.222236931324, 'tau': 100, 'alpha': 50}, 'mbconv6': {'T_max': 628.3391550779343, 'T_min': 341.6495691537857, 'tau': 100, 'alpha': 50}, 'mbconv7': {'T_max': 368.16851300001144, 'T_min': 200.31917816400528, 'tau': 100, 'alpha': 50}, 'conv2': {'T_max': 79.04693293571472, 'T_min': 40.3972128406167, 'tau': 100, 'alpha': 50}, 'pool': {'T_max': 1.9010385829024017, 'T_min': 0.9983048296999186, 'tau': 100, 'alpha': 50}, 'output': {'T_max': 12.80766905657947, 'T_min': 6.51999241206795, 'tau': 100, 'alpha': 50}}
Iterating over following combinations of layers :  [['conv1'], ['mbconv1'], ['mbconv2'], ['mbconv3'], ['mbconv4'], ['mbconv5'], ['mbconv6'], ['mbconv7'], ['conv2'], ['pool'], ['output'], ['conv1', 'mbconv1'], ['conv1', 'mbconv2'], ['conv1', 'mbconv3'], ['conv1', 'mbconv4'], ['conv1', 'mbconv5'], ['conv1', 'mbconv6'], ['conv1', 'mbconv7'], ['conv1', 'conv2'], ['conv1', 'pool'], ['conv1', 'output'], ['mbconv1', 'mbconv2'], ['mbconv1', 'mbconv3'], ['mbconv1', 'mbconv4'], ['mbconv1', 'mbconv5'], ['mbconv1', 'mbconv6'], ['mbconv1', 'mbconv7'], ['mbconv1', 'conv2'], ['mbconv1', 'pool'], ['mbconv1', 'output'], ['mbconv2', 'mbconv3'], ['mbconv2', 'mbconv4'], ['mbconv2', 'mbconv5'], ['mbconv2', 'mbconv6'], ['mbconv2', 'mbconv7'], ['mbconv2', 'conv2'], ['mbconv2', 'pool'], ['mbconv2', 'output'], ['mbconv3', 'mbconv4'], ['mbconv3', 'mbconv5'], ['mbconv3', 'mbconv6'], ['mbconv3', 'mbconv7'], ['mbconv3', 'conv2'], ['mbconv3', 'pool'], ['mbconv3', 'output'], ['mbconv4', 'mbconv5'], ['mbconv4', 'mbconv6'], ['mbconv4', 'mbconv7'], ['mbconv4', 'conv2'], ['mbconv4', 'pool'], ['mbconv4', 'output'], ['mbconv5', 'mbconv6'], ['mbconv5', 'mbconv7'], ['mbconv5', 'conv2'], ['mbconv5', 'pool'], ['mbconv5', 'output'], ['mbconv6', 'mbconv7'], ['mbconv6', 'conv2'], ['mbconv6', 'pool'], ['mbconv6', 'output'], ['mbconv7', 'conv2'], ['mbconv7', 'pool'], ['mbconv7', 'output'], ['conv2', 'pool'], ['conv2', 'output'], ['pool', 'output']]
[['conv1', 'mbconv6']]
Generating the training set for videos : 
TRAINING SET : contains 962 samples, 37 patients based on 56 videos
TEST SET : contains 127 samples, 37 patients based on 8 videos
Dataset constituted.
--------------------NAIVE IMPLEMENTATION-------------------
Number of folds : 53
Grid search.
The best parameters are : {'C': 10.0}
Metrics obtained during CV : 
{'r2': array([-1.26369731e-01, -3.82057167e-02, -4.87941026e-02, -3.10354078e-01,
       -2.58146113e-03, -6.32428154e-03, -1.39234446e-02, -1.09056333e-01,
       -3.56368993e-02, -2.16679024e-02, -2.90088570e-02, -7.49851770e-01,
       -4.86425926e-02, -1.21894670e-01, -3.80196558e-02, -1.64408033e-01,
       -3.11108250e-02, -1.77767372e+00, -2.47314986e-03, -7.53711111e-02,
       -1.33878343e-01, -8.92723403e-01, -3.75620034e-02, -2.82275732e-01,
       -1.16839456e-01, -2.71111396e-01, -9.21913984e-02, -2.24920334e-01,
       -2.73401595e-01, -4.69103823e-02, -2.27962672e-04, -8.78070242e-02,
       -5.57265352e-01, -1.17291485e-02, -1.52134106e-01, -8.56505052e-02,
       -1.45263187e-01, -4.40769581e-03, -8.06633318e-05, -2.70544281e-03,
       -9.28255778e-03, -4.77066512e-01, -6.28683952e-01, -1.50283926e-01,
       -1.64340438e-01, -1.03549261e-03, -2.73974899e-01, -2.16294574e-03,
       -1.91949408e-01, -4.92336229e-01, -6.94881489e-02, -3.66533530e-02,
       -6.25778509e-02]), 'neg_mean_absolute_error': array([ -8.39928598, -12.34972899,  -8.97005187, -11.08131559,
        -9.73189584,  -5.46050511,  -8.22048886,  -6.13409289,
        -7.00144089,  -7.28614656,  -7.58117678, -14.69818377,
       -13.12307625, -13.35406764,  -6.87199446,  -7.80567275,
       -13.29925519,  -7.87872228,  -8.9125963 ,  -9.52688889,
        -9.17311111, -14.96650866,  -8.24094444, -10.94330159,
        -9.02860165, -10.09221712,  -8.85448435, -15.51527076,
       -10.50240244, -10.25894444, -11.81170207, -10.75114989,
       -13.02322256,  -8.64693798, -11.42818069, -10.49816667,
        -9.44361111,  -6.87340668,  -5.76914865,  -7.13390703,
        -6.77714029, -13.41868053, -14.32712663,  -8.98938371,
       -19.9220334 ,  -7.8415781 ,  -9.95955379,  -5.32595902,
        -8.87964496, -16.60622859,  -8.28422689, -14.25685621,
       -10.08760804]), 'neg_mean_squared_error': array([-125.62103294, -198.15449162,  -99.63180475, -230.65683548,
       -128.30107558,  -46.44140864, -129.24053229, -103.00066824,
        -67.57628436,  -79.42182158,  -95.86482082, -360.88930668,
       -316.62368562, -286.00852756,  -75.65977307,  -95.16703236,
       -258.05654213,  -78.24255936,  -95.97247392, -198.62665276,
       -163.95863066, -410.45577532, -112.49654032, -250.75859138,
       -127.10893179, -307.36933579, -151.81775778, -477.34228566,
       -239.89319903, -153.14066281, -196.1950676 , -201.47011588,
       -338.30002751, -117.45538829, -163.63160699, -206.13047351,
       -188.09609992,  -74.58803239,  -63.88015525, -107.69525957,
        -81.30288766, -335.62282386, -398.92463407, -178.58046049,
       -685.28781669, -102.59388255, -167.33468591,  -43.68622862,
       -210.58395852, -463.98745344, -127.13546605, -314.22876896,
       -247.99999596]), 'max_error': array([-35.35937109, -28.21830704, -15.48871634, -37.77766542,
       -24.08039581, -15.35491469, -29.71657058, -35.66176499,
       -17.0287246 , -20.21821538, -23.64135886, -35.75486288,
       -55.12814958, -37.3067617 , -21.71472933, -16.66297581,
       -34.06915134, -13.24304822, -22.00163333, -45.2518109 ,
       -34.99819554, -49.25109632, -23.06679548, -48.26285717,
       -29.61001702, -51.17361353, -33.74578638, -58.98047895,
       -36.67362199, -29.7414842 , -28.15418134, -34.75834905,
       -48.76912576, -24.97731163, -24.43531311, -42.78782145,
       -40.12027614, -23.8638399 , -19.5493311 , -32.81066327,
       -21.5261187 , -52.63815619, -51.01062794, -43.00865112,
       -67.37465031, -23.27717237, -33.92320206, -16.42923223,
       -50.35699491, -45.67477722, -35.58585721, -39.26365036,
       -52.01956785]), 'explained_variance': array([-4.44089210e-16,  0.00000000e+00,  1.11022302e-16,  1.11022302e-16,
        0.00000000e+00,  0.00000000e+00,  0.00000000e+00, -2.22044605e-16,
        0.00000000e+00,  3.33066907e-16,  0.00000000e+00,  0.00000000e+00,
        0.00000000e+00,  0.00000000e+00,  2.22044605e-16,  0.00000000e+00,
        0.00000000e+00,  0.00000000e+00,  0.00000000e+00,  0.00000000e+00,
        0.00000000e+00, -2.22044605e-16, -2.22044605e-16, -2.22044605e-16,
        0.00000000e+00, -2.22044605e-16,  0.00000000e+00,  0.00000000e+00,
        1.11022302e-16,  0.00000000e+00, -2.22044605e-16,  0.00000000e+00,
        0.00000000e+00,  0.00000000e+00,  0.00000000e+00,  0.00000000e+00,
        0.00000000e+00,  0.00000000e+00,  0.00000000e+00,  0.00000000e+00,
        0.00000000e+00,  0.00000000e+00,  0.00000000e+00,  0.00000000e+00,
       -2.22044605e-16, -2.22044605e-16,  0.00000000e+00,  0.00000000e+00,
        0.00000000e+00,  0.00000000e+00,  1.11022302e-16, -2.22044605e-16,
       -2.22044605e-16])}
         accs  y_pred (s)  y_true (s)
54     [2, 4]   13.568490      19.499
4    [34, 36]   22.886648      26.335
3    [34, 36]   22.886648      27.642
11   [34, 36]   22.886648      18.893
27   [31, 24]   15.380080      65.978
29   [31, 24]   15.380080      45.143
64     [2, 4]   13.568490      30.560
77   [15, 13]   14.454851      12.834
124  [24, 23]   18.474952      45.263
71     [2, 4]   13.568490       9.629
25   [31, 24]   15.380080      19.467
91    [11, 3]   17.004896      14.879
83   [15, 13]   14.454851      24.338
89   [15, 13]   14.454851      11.455
69     [2, 4]   13.568490       9.069
{'mse': 300.5076163820188, 'mae': 11.745199048022146, 'r2-score': -0.22911592221827015, 'max-error': 65.25513069140004, 'explained variance score': 0.07757234616869624, 'layers': ['conv1', 'mbconv6']}
