environment: line 5: __conda_exe: command not found
Using device: cuda
Using model: efficientnetB4
Number of videos: 64
Execution type : naive
Using 2 features
Job ID : 27
Plotting ?  yes
Calculate accumulators ?  no
The directory contains : 65 videos
Number of videos in the directory : 65
Number of videos in the dataframe : 64
['conv1', 'mbconv1', 'mbconv2', 'mbconv3', 'mbconv4', 'mbconv5', 'mbconv6', 'mbconv7', 'conv2', 'pool', 'output']
{'conv1': {'T_max': 773.9153770208359, 'T_min': 474.00882083177567, 'tau': 100, 'alpha': 50}, 'mbconv1': {'T_max': 3485.9428219795227, 'T_min': 2560.6904525756836, 'tau': 100, 'alpha': 50}, 'mbconv2': {'T_max': 2793.179835796356, 'T_min': 1976.7829375267029, 'tau': 100, 'alpha': 50}, 'mbconv3': {'T_max': 1668.251520872116, 'T_min': 1083.705378293991, 'tau': 100, 'alpha': 50}, 'mbconv4': {'T_max': 817.8574377298355, 'T_min': 502.0499846339226, 'tau': 100, 'alpha': 50}, 'mbconv5': {'T_max': 940.7537368535995, 'T_min': 533.222236931324, 'tau': 100, 'alpha': 50}, 'mbconv6': {'T_max': 628.3391550779343, 'T_min': 341.6495691537857, 'tau': 100, 'alpha': 50}, 'mbconv7': {'T_max': 368.16851300001144, 'T_min': 200.31917816400528, 'tau': 100, 'alpha': 50}, 'conv2': {'T_max': 79.04693293571472, 'T_min': 40.3972128406167, 'tau': 100, 'alpha': 50}, 'pool': {'T_max': 1.9010385829024017, 'T_min': 0.9983048296999186, 'tau': 100, 'alpha': 50}, 'output': {'T_max': 12.80766905657947, 'T_min': 6.51999241206795, 'tau': 100, 'alpha': 50}}
Iterating over following combinations of layers :  [['conv1'], ['mbconv1'], ['mbconv2'], ['mbconv3'], ['mbconv4'], ['mbconv5'], ['mbconv6'], ['mbconv7'], ['conv2'], ['pool'], ['output'], ['conv1', 'mbconv1'], ['conv1', 'mbconv2'], ['conv1', 'mbconv3'], ['conv1', 'mbconv4'], ['conv1', 'mbconv5'], ['conv1', 'mbconv6'], ['conv1', 'mbconv7'], ['conv1', 'conv2'], ['conv1', 'pool'], ['conv1', 'output'], ['mbconv1', 'mbconv2'], ['mbconv1', 'mbconv3'], ['mbconv1', 'mbconv4'], ['mbconv1', 'mbconv5'], ['mbconv1', 'mbconv6'], ['mbconv1', 'mbconv7'], ['mbconv1', 'conv2'], ['mbconv1', 'pool'], ['mbconv1', 'output'], ['mbconv2', 'mbconv3'], ['mbconv2', 'mbconv4'], ['mbconv2', 'mbconv5'], ['mbconv2', 'mbconv6'], ['mbconv2', 'mbconv7'], ['mbconv2', 'conv2'], ['mbconv2', 'pool'], ['mbconv2', 'output'], ['mbconv3', 'mbconv4'], ['mbconv3', 'mbconv5'], ['mbconv3', 'mbconv6'], ['mbconv3', 'mbconv7'], ['mbconv3', 'conv2'], ['mbconv3', 'pool'], ['mbconv3', 'output'], ['mbconv4', 'mbconv5'], ['mbconv4', 'mbconv6'], ['mbconv4', 'mbconv7'], ['mbconv4', 'conv2'], ['mbconv4', 'pool'], ['mbconv4', 'output'], ['mbconv5', 'mbconv6'], ['mbconv5', 'mbconv7'], ['mbconv5', 'conv2'], ['mbconv5', 'pool'], ['mbconv5', 'output'], ['mbconv6', 'mbconv7'], ['mbconv6', 'conv2'], ['mbconv6', 'pool'], ['mbconv6', 'output'], ['mbconv7', 'conv2'], ['mbconv7', 'pool'], ['mbconv7', 'output'], ['conv2', 'pool'], ['conv2', 'output'], ['pool', 'output']]
[['mbconv1', 'conv2']]
Generating the training set for videos : 
TRAINING SET : contains 962 samples, 37 patients based on 56 videos
TEST SET : contains 127 samples, 37 patients based on 8 videos
Dataset constituted.
--------------------NAIVE IMPLEMENTATION-------------------
Number of folds : 53
Grid search.
The best parameters are : {'C': 1}
Metrics obtained during CV : 
{'r2': array([-9.10666472e-02, -4.81756276e-03, -2.33436398e-01, -3.23671631e-04,
       -2.62000865e-02, -4.23771425e-02, -6.24584913e-03, -4.87989390e-02,
       -7.69884058e-03, -1.28215337e-02, -4.36904102e-02, -4.51388809e-01,
       -1.87612625e-01, -3.41164613e-01, -2.30294843e-01, -1.61538279e-03,
       -4.20227620e-02, -9.85909880e-01, -6.96365124e-02, -1.95451929e-01,
       -6.07722003e-02, -7.92818570e-01, -6.38576180e-02, -3.56801035e-01,
       -2.63197753e-01, -4.11988181e-02, -1.25078974e-01, -4.95580769e-01,
       -2.84810685e-01, -6.97254163e-02, -2.32098437e-01, -3.41801431e-01,
       -3.96260943e-01, -3.08139628e-02, -6.32105271e-01, -1.16798578e-01,
       -9.98801753e-02, -2.65012708e-02, -1.42721346e-02, -1.27828499e-02,
       -2.16576115e-04, -4.08190869e-01, -6.41188649e-01, -1.25446042e-01,
       -4.10146632e-01, -4.69531887e-02, -1.64479636e-01, -1.10155574e-01,
       -2.47850590e-01, -5.78818294e-01, -2.33077593e-02, -5.37741061e-01,
       -6.64426328e-02]), 'neg_mean_absolute_error': array([ -7.9514641 , -11.70813264, -10.13056668, -11.11004659,
       -10.11902294,  -5.80535287,  -8.33051824,  -6.0786384 ,
        -6.78666832,  -7.64384   ,  -7.61840829, -13.32332498,
       -13.71668914, -14.31464835,  -7.88636725,  -7.62826287,
       -13.27543209,  -6.50119074,  -8.57164248,  -9.85701703,
        -9.17311111, -14.49858386,  -8.29516816, -11.14850235,
       -10.10705122,  -9.66846623,  -9.05111984, -17.15999718,
       -10.52174103, -10.25894444, -12.14595157, -11.84557606,
       -12.25672954,  -9.04941936, -12.7857601 , -10.55764911,
       -11.4957059 ,  -6.78110249,  -6.01656115,  -7.20420394,
        -7.13903139, -13.08137783, -14.39535074,  -8.85238451,
       -21.59980198,  -7.93215278,  -9.65825763,  -5.66400842,
        -9.20652895, -17.07054693,  -8.32728843, -15.38114494,
       -10.05854675]), 'neg_mean_squared_error': array([-121.68377348, -191.7819466 , -117.17218284, -176.08331698,
       -131.32356818,  -48.10523181, -128.26190167,  -97.40442246,
        -65.75329968,  -78.73412775,  -97.23258793, -299.33432645,
       -358.58383882, -341.90778028,  -89.67443739,  -81.86199414,
       -260.78747722,  -55.93985744, -102.40240579, -220.80620601,
       -153.38749386, -388.790425  , -115.34761395, -265.33257078,
       -143.7661574 , -251.77383369, -156.38922577, -582.8166316 ,
       -242.04253131, -156.47801574, -241.67654299, -248.51180748,
       -303.32346041, -119.67101515, -231.79941198, -212.04450106,
       -180.64247038,  -76.22871704,  -64.78663552, -108.77762029,
        -80.57257633, -319.97272447, -401.9874945 , -174.72440316,
       -829.96027143, -107.29988424, -152.95264785,  -48.39383698,
       -220.46012621, -490.87589317, -121.64576954, -466.11770369,
       -248.9020154 ]), 'max_error': array([-35.92661214, -29.95978283, -17.01441854, -30.62511486,
       -22.8240806 , -14.4966995 , -29.2766307 , -34.60812956,
       -17.84486038, -17.92201333, -24.01491917, -32.96759638,
       -58.82221872, -41.05826373, -19.28236567, -16.94933151,
       -34.52179031, -11.43660219, -25.07021769, -47.52907665,
       -33.56273051, -48.44945095, -23.68001341, -49.18626057,
       -27.7835065 , -46.23315199, -34.33569286, -63.51524365,
       -36.82183464, -30.31558523, -34.69003208, -38.6820615 ,
       -47.04451648, -24.25284516, -29.26194695, -43.46434198,
       -31.18562939, -24.69457763, -18.66631656, -33.44333545,
       -20.52930438, -51.85730015, -51.13343133, -42.59148031,
       -73.07673927, -25.79659726, -32.57237969, -14.54497137,
       -51.15085603, -46.71747753, -31.04721935, -48.69755318,
       -52.135813  ]), 'explained_variance': array([-2.22044605e-16,  0.00000000e+00,  1.11022302e-16,  1.11022302e-16,
        0.00000000e+00,  0.00000000e+00,  0.00000000e+00,  0.00000000e+00,
        0.00000000e+00,  3.33066907e-16,  0.00000000e+00,  1.11022302e-16,
        0.00000000e+00,  0.00000000e+00,  2.22044605e-16,  0.00000000e+00,
        0.00000000e+00,  0.00000000e+00,  0.00000000e+00,  0.00000000e+00,
        0.00000000e+00, -2.22044605e-16, -2.22044605e-16, -2.22044605e-16,
        0.00000000e+00, -2.22044605e-16,  0.00000000e+00,  0.00000000e+00,
        1.11022302e-16, -2.22044605e-16, -2.22044605e-16, -2.22044605e-16,
        1.11022302e-16,  0.00000000e+00,  0.00000000e+00,  3.33066907e-16,
        0.00000000e+00,  0.00000000e+00,  0.00000000e+00,  2.22044605e-16,
        0.00000000e+00,  1.11022302e-16,  0.00000000e+00,  0.00000000e+00,
        0.00000000e+00,  0.00000000e+00,  0.00000000e+00,  0.00000000e+00,
       -2.22044605e-16,  0.00000000e+00,  0.00000000e+00, -2.22044605e-16,
        0.00000000e+00])}
         accs  y_pred (s)  y_true (s)
54     [1, 2]   13.998270      19.499
4    [41, 24]   21.674314      26.335
3    [41, 24]   21.674314      27.642
11   [41, 24]   21.674314      18.893
27   [29, 16]   19.323322      65.978
29   [29, 16]   19.323322      45.143
64     [1, 2]   13.998270      30.560
77   [15, 11]   17.419761      12.834
124  [25, 16]   18.615353      45.263
71     [1, 2]   13.998270       9.629
25   [29, 16]   19.323322      19.467
91    [15, 5]   16.004832      14.879
83   [15, 11]   17.419761      24.338
89   [15, 11]   17.419761      11.455
69     [1, 2]   13.998270       9.069
{'mse': 283.6848292568586, 'mae': 11.527120054507492, 'r2-score': -0.16030849643463485, 'max-error': 63.27370074925647, 'explained variance score': 0.07551895880820625, 'layers': ['mbconv1', 'conv2']}
