environment: line 5: __conda_exe: command not found
Using device: cuda
Using model: efficientnetB4
Number of videos: 64
Execution type : naive
Using 2 features
Job ID : 26
Plotting ?  yes
Calculate accumulators ?  no
The directory contains : 65 videos
Number of videos in the directory : 65
Number of videos in the dataframe : 64
['conv1', 'mbconv1', 'mbconv2', 'mbconv3', 'mbconv4', 'mbconv5', 'mbconv6', 'mbconv7', 'conv2', 'pool', 'output']
{'conv1': {'T_max': 773.9153770208359, 'T_min': 474.00882083177567, 'tau': 100, 'alpha': 50}, 'mbconv1': {'T_max': 3485.9428219795227, 'T_min': 2560.6904525756836, 'tau': 100, 'alpha': 50}, 'mbconv2': {'T_max': 2793.179835796356, 'T_min': 1976.7829375267029, 'tau': 100, 'alpha': 50}, 'mbconv3': {'T_max': 1668.251520872116, 'T_min': 1083.705378293991, 'tau': 100, 'alpha': 50}, 'mbconv4': {'T_max': 817.8574377298355, 'T_min': 502.0499846339226, 'tau': 100, 'alpha': 50}, 'mbconv5': {'T_max': 940.7537368535995, 'T_min': 533.222236931324, 'tau': 100, 'alpha': 50}, 'mbconv6': {'T_max': 628.3391550779343, 'T_min': 341.6495691537857, 'tau': 100, 'alpha': 50}, 'mbconv7': {'T_max': 368.16851300001144, 'T_min': 200.31917816400528, 'tau': 100, 'alpha': 50}, 'conv2': {'T_max': 79.04693293571472, 'T_min': 40.3972128406167, 'tau': 100, 'alpha': 50}, 'pool': {'T_max': 1.9010385829024017, 'T_min': 0.9983048296999186, 'tau': 100, 'alpha': 50}, 'output': {'T_max': 12.80766905657947, 'T_min': 6.51999241206795, 'tau': 100, 'alpha': 50}}
Iterating over following combinations of layers :  [['conv1'], ['mbconv1'], ['mbconv2'], ['mbconv3'], ['mbconv4'], ['mbconv5'], ['mbconv6'], ['mbconv7'], ['conv2'], ['pool'], ['output'], ['conv1', 'mbconv1'], ['conv1', 'mbconv2'], ['conv1', 'mbconv3'], ['conv1', 'mbconv4'], ['conv1', 'mbconv5'], ['conv1', 'mbconv6'], ['conv1', 'mbconv7'], ['conv1', 'conv2'], ['conv1', 'pool'], ['conv1', 'output'], ['mbconv1', 'mbconv2'], ['mbconv1', 'mbconv3'], ['mbconv1', 'mbconv4'], ['mbconv1', 'mbconv5'], ['mbconv1', 'mbconv6'], ['mbconv1', 'mbconv7'], ['mbconv1', 'conv2'], ['mbconv1', 'pool'], ['mbconv1', 'output'], ['mbconv2', 'mbconv3'], ['mbconv2', 'mbconv4'], ['mbconv2', 'mbconv5'], ['mbconv2', 'mbconv6'], ['mbconv2', 'mbconv7'], ['mbconv2', 'conv2'], ['mbconv2', 'pool'], ['mbconv2', 'output'], ['mbconv3', 'mbconv4'], ['mbconv3', 'mbconv5'], ['mbconv3', 'mbconv6'], ['mbconv3', 'mbconv7'], ['mbconv3', 'conv2'], ['mbconv3', 'pool'], ['mbconv3', 'output'], ['mbconv4', 'mbconv5'], ['mbconv4', 'mbconv6'], ['mbconv4', 'mbconv7'], ['mbconv4', 'conv2'], ['mbconv4', 'pool'], ['mbconv4', 'output'], ['mbconv5', 'mbconv6'], ['mbconv5', 'mbconv7'], ['mbconv5', 'conv2'], ['mbconv5', 'pool'], ['mbconv5', 'output'], ['mbconv6', 'mbconv7'], ['mbconv6', 'conv2'], ['mbconv6', 'pool'], ['mbconv6', 'output'], ['mbconv7', 'conv2'], ['mbconv7', 'pool'], ['mbconv7', 'output'], ['conv2', 'pool'], ['conv2', 'output'], ['pool', 'output']]
[['mbconv1', 'mbconv7']]
Generating the training set for videos : 
TRAINING SET : contains 962 samples, 37 patients based on 56 videos
TEST SET : contains 127 samples, 37 patients based on 8 videos
Dataset constituted.
--------------------NAIVE IMPLEMENTATION-------------------
Number of folds : 53
Grid search.
The best parameters are : {'C': 1}
Metrics obtained during CV : 
{'r2': array([-1.83299780e-01, -1.51713141e-02, -8.01829954e-02, -4.24741429e-02,
       -4.23796932e-02, -3.84689015e-02, -2.84997017e-03, -5.81151806e-02,
       -5.61175048e-03, -1.79262442e-02, -6.00682305e-02, -4.96404170e-01,
       -3.64800869e-01, -2.84454256e-01, -2.38910741e-01, -3.96700293e-03,
       -3.94699298e-02, -1.28486747e+00, -1.16555943e-02, -2.14324569e-01,
       -4.95190229e-02, -8.79761828e-01, -4.49169558e-02, -3.13238657e-01,
       -1.04781937e-01, -2.77350850e-02, -9.20680513e-02, -3.95474546e-01,
       -1.97975099e-01, -4.66406449e-02, -1.10698307e-01, -2.25653284e-01,
       -3.76394452e-01, -9.89245107e-02, -5.63349241e-01, -2.14730498e-02,
       -1.38637093e-01, -8.32891978e-10, -8.33730804e-02, -1.55115757e-02,
       -3.59670665e-05, -3.27596424e-01, -6.46456346e-01, -1.47789484e-01,
       -3.26935626e-01, -4.79778010e-02, -1.69698452e-01, -9.57445612e-02,
       -2.60597504e-01, -8.31532087e-01, -7.54494190e-03, -5.54036502e-01,
       -6.49404703e-02]), 'neg_mean_absolute_error': array([ -9.00499516, -11.11256102,  -9.20726514, -10.97869724,
       -10.30239846,  -5.77406784,  -8.40671308,  -6.08886688,
        -6.76007735,  -7.67259702,  -7.67337276, -13.49636333,
       -14.79011098, -14.10140782,  -7.93033063,  -7.59572816,
       -13.28069774,  -7.04165894,  -8.74115963,  -9.91999468,
        -9.17311111, -14.89892329,  -8.24800514, -11.03149832,
        -8.92122295,  -9.7943765 ,  -8.85368582, -16.53263711,
       -10.48122222, -10.25894444, -11.74755535, -11.34835358,
       -12.15203204,  -9.88136589, -12.60904653, -10.49816667,
       -11.89656045,  -6.98606144,  -6.56792613,  -7.21742816,
        -7.10425021, -12.74704986, -14.42389134,  -8.97596552,
       -21.044693  ,  -7.93355312,  -9.66256136,  -5.63229423,
        -9.27571742, -18.48090106,  -8.17087151, -15.45314513,
       -10.06973919]), 'neg_mean_squared_error': array([-131.97029054, -193.75808899, -102.61364076, -183.50291026,
       -133.39408416,  -47.92486826, -127.82904335,  -98.26964371,
        -65.61711509,  -79.13095474,  -98.75838316, -308.61829131,
       -412.08347286, -327.45041085,  -90.30243792,  -82.05419198,
       -260.14857882,  -64.36100743,  -96.85156172, -224.29208107,
       -151.76028617, -407.64492975, -113.2939931 , -256.81362259,
       -125.73665001, -248.51814837, -151.80061218, -543.8059855 ,
       -225.68377488, -153.10120597, -217.86386462, -227.00028926,
       -299.00766778, -127.57822121, -222.03435109, -193.94521756,
       -187.00784139,  -74.26071382,  -69.20045863, -109.07069821,
        -80.55802735, -301.65984886, -403.27774726, -178.19320087,
       -780.98534396, -107.40489445, -153.6381315 ,  -47.76563294,
       -222.71214752, -569.44801844, -119.77196371, -471.0571529 ,
       -248.55141871]), 'max_error': array([-34.59213947, -32.62034054, -15.06522641, -33.12075242,
       -22.32634703, -14.56274567, -28.98709028, -34.80247073,
       -17.94851009, -17.73988552, -24.3630275 , -33.4372719 ,
       -61.79087267, -40.2479497 , -19.20642892, -16.74327836,
       -34.42174287, -12.18276799, -23.54456333, -47.81247607,
       -33.27423373, -49.14971826, -23.25554629, -48.65974242,
       -29.80329869, -45.66655573, -33.7433908 , -62.03257799,
       -35.60394004, -29.73394209, -32.60249818, -37.19039408,
       -46.80894709, -22.7553414 , -28.73180625, -40.77433695,
       -30.4640912 , -23.29147352, -17.31341621, -33.56235348,
       -20.60756202, -50.85431624, -51.18480441, -42.96839657,
       -71.41141232, -25.82040306, -32.64554308, -14.69333271,
       -51.31888516, -49.38147977, -33.65881561, -48.88955367,
       -52.09104324]), 'explained_variance': array([-2.22044605e-16,  0.00000000e+00,  1.11022302e-16,  1.11022302e-16,
        0.00000000e+00,  0.00000000e+00,  0.00000000e+00,  0.00000000e+00,
        0.00000000e+00,  3.33066907e-16,  0.00000000e+00, -2.22044605e-16,
       -2.22044605e-16,  0.00000000e+00,  2.22044605e-16,  0.00000000e+00,
        0.00000000e+00,  0.00000000e+00,  0.00000000e+00, -2.22044605e-16,
        0.00000000e+00, -2.22044605e-16, -2.22044605e-16,  0.00000000e+00,
        0.00000000e+00,  0.00000000e+00,  0.00000000e+00,  0.00000000e+00,
        0.00000000e+00, -2.22044605e-16, -2.22044605e-16,  0.00000000e+00,
        0.00000000e+00,  0.00000000e+00,  0.00000000e+00,  3.33066907e-16,
        0.00000000e+00,  0.00000000e+00,  0.00000000e+00,  2.22044605e-16,
        0.00000000e+00,  1.11022302e-16,  0.00000000e+00,  0.00000000e+00,
       -2.22044605e-16, -2.22044605e-16,  0.00000000e+00,  0.00000000e+00,
        0.00000000e+00,  0.00000000e+00,  2.22044605e-16, -2.22044605e-16,
       -2.22044605e-16])}
         accs  y_pred (s)  y_true (s)
54     [1, 5]   14.614472      19.499
4    [41, 35]   22.086803      26.335
3    [41, 35]   22.086803      27.642
11   [41, 35]   22.086803      18.893
27   [29, 24]   18.812525      65.978
29   [29, 24]   18.812525      45.143
64     [1, 5]   14.614472      30.560
77   [15, 12]   17.588943      12.834
124  [25, 22]   18.147598      45.263
71     [1, 5]   14.614472       9.629
25   [29, 24]   18.812525      19.467
91    [15, 3]   16.539043      14.879
83   [15, 12]   17.588943      24.338
89   [15, 12]   17.588943      11.455
69     [1, 5]   14.614472       9.069
{'mse': 284.4000233159688, 'mae': 11.54430755229404, 'r2-score': -0.16323373479002723, 'max-error': 63.48237735041529, 'explained variance score': 0.0678857232290917, 'layers': ['mbconv1', 'mbconv7']}
