environment: line 5: __conda_exe: command not found
Using device: cuda
Using model: efficientnetB4
Number of videos: 64
Execution type : naive
Using 2 features
Job ID : 53
Plotting ?  yes
Calculate accumulators ?  no
The directory contains : 65 videos
Number of videos in the directory : 65
Number of videos in the dataframe : 64
['conv1', 'mbconv1', 'mbconv2', 'mbconv3', 'mbconv4', 'mbconv5', 'mbconv6', 'mbconv7', 'conv2', 'pool', 'output']
{'conv1': {'T_max': 773.9153770208359, 'T_min': 474.00882083177567, 'tau': 100, 'alpha': 50}, 'mbconv1': {'T_max': 3485.9428219795227, 'T_min': 2560.6904525756836, 'tau': 100, 'alpha': 50}, 'mbconv2': {'T_max': 2793.179835796356, 'T_min': 1976.7829375267029, 'tau': 100, 'alpha': 50}, 'mbconv3': {'T_max': 1668.251520872116, 'T_min': 1083.705378293991, 'tau': 100, 'alpha': 50}, 'mbconv4': {'T_max': 817.8574377298355, 'T_min': 502.0499846339226, 'tau': 100, 'alpha': 50}, 'mbconv5': {'T_max': 940.7537368535995, 'T_min': 533.222236931324, 'tau': 100, 'alpha': 50}, 'mbconv6': {'T_max': 628.3391550779343, 'T_min': 341.6495691537857, 'tau': 100, 'alpha': 50}, 'mbconv7': {'T_max': 368.16851300001144, 'T_min': 200.31917816400528, 'tau': 100, 'alpha': 50}, 'conv2': {'T_max': 79.04693293571472, 'T_min': 40.3972128406167, 'tau': 100, 'alpha': 50}, 'pool': {'T_max': 1.9010385829024017, 'T_min': 0.9983048296999186, 'tau': 100, 'alpha': 50}, 'output': {'T_max': 12.80766905657947, 'T_min': 6.51999241206795, 'tau': 100, 'alpha': 50}}
Iterating over following combinations of layers :  [['conv1'], ['mbconv1'], ['mbconv2'], ['mbconv3'], ['mbconv4'], ['mbconv5'], ['mbconv6'], ['mbconv7'], ['conv2'], ['pool'], ['output'], ['conv1', 'mbconv1'], ['conv1', 'mbconv2'], ['conv1', 'mbconv3'], ['conv1', 'mbconv4'], ['conv1', 'mbconv5'], ['conv1', 'mbconv6'], ['conv1', 'mbconv7'], ['conv1', 'conv2'], ['conv1', 'pool'], ['conv1', 'output'], ['mbconv1', 'mbconv2'], ['mbconv1', 'mbconv3'], ['mbconv1', 'mbconv4'], ['mbconv1', 'mbconv5'], ['mbconv1', 'mbconv6'], ['mbconv1', 'mbconv7'], ['mbconv1', 'conv2'], ['mbconv1', 'pool'], ['mbconv1', 'output'], ['mbconv2', 'mbconv3'], ['mbconv2', 'mbconv4'], ['mbconv2', 'mbconv5'], ['mbconv2', 'mbconv6'], ['mbconv2', 'mbconv7'], ['mbconv2', 'conv2'], ['mbconv2', 'pool'], ['mbconv2', 'output'], ['mbconv3', 'mbconv4'], ['mbconv3', 'mbconv5'], ['mbconv3', 'mbconv6'], ['mbconv3', 'mbconv7'], ['mbconv3', 'conv2'], ['mbconv3', 'pool'], ['mbconv3', 'output'], ['mbconv4', 'mbconv5'], ['mbconv4', 'mbconv6'], ['mbconv4', 'mbconv7'], ['mbconv4', 'conv2'], ['mbconv4', 'pool'], ['mbconv4', 'output'], ['mbconv5', 'mbconv6'], ['mbconv5', 'mbconv7'], ['mbconv5', 'conv2'], ['mbconv5', 'pool'], ['mbconv5', 'output'], ['mbconv6', 'mbconv7'], ['mbconv6', 'conv2'], ['mbconv6', 'pool'], ['mbconv6', 'output'], ['mbconv7', 'conv2'], ['mbconv7', 'pool'], ['mbconv7', 'output'], ['conv2', 'pool'], ['conv2', 'output'], ['pool', 'output']]
[['mbconv5', 'conv2']]
Generating the training set for videos : 
TRAINING SET : contains 962 samples, 37 patients based on 56 videos
TEST SET : contains 127 samples, 37 patients based on 8 videos
Dataset constituted.
--------------------NAIVE IMPLEMENTATION-------------------
Number of folds : 53
Grid search.
The best parameters are : {'C': 1}
Metrics obtained during CV : 
{'r2': array([-9.03526540e-02, -3.08802342e-02, -2.33183588e-01, -5.76183310e-02,
       -6.08135117e-02, -4.91677732e-02, -3.85459264e-02, -4.79834757e-02,
       -1.38969411e-02, -6.25898495e-03, -1.79286128e-01, -6.21629899e-01,
       -2.35136927e-01, -4.24921828e-02, -1.06349949e-01, -5.31405312e-02,
       -3.55257827e-04, -1.00889596e+00, -3.35908538e-02, -2.79419024e-01,
       -6.38383486e-02, -7.65847665e-01, -3.78471932e-02, -4.07476717e-01,
       -2.03705477e-01, -9.38303188e-02, -1.21144583e-05, -2.95459250e-01,
       -2.68275212e-01, -2.05205866e-02, -1.37787220e-01, -2.55091669e-01,
       -3.87216588e-01, -8.95840665e-05, -5.91328016e-01, -3.69445833e-01,
       -1.11381957e-03, -6.32608285e-02, -4.72093620e-03, -8.20404668e-02,
       -7.02115149e-04, -3.71708899e-01, -7.98419492e-01, -1.61968854e-01,
       -2.12080853e-01, -7.93420524e-02, -1.57471067e-01, -1.64812875e-01,
       -3.54444689e-01, -6.92210860e-01, -8.19068155e-04, -3.42027983e-01,
       -6.44534874e-02]), 'neg_mean_absolute_error': array([ -7.94158161, -11.14607448, -10.12935848, -10.95499338,
       -10.47219464,  -5.85645629,  -8.08084814,  -6.07769827,
        -6.85074286,  -7.37606763,  -7.94515508, -14.05378659,
       -14.02779514, -13.10571405,  -7.28444001,  -7.47559706,
       -13.43042273,  -6.53655193,  -8.65927781, -10.11826382,
        -9.17311111, -14.37360478,  -8.24094444, -11.33036544,
        -9.67770201,  -9.48492704,  -8.80166268, -15.97130545,
       -10.49489115, -10.25894444, -11.80744147, -11.48460894,
       -12.20939876,  -8.05531049, -12.68219009, -11.60660568,
        -9.90367956,  -6.69614869,  -5.88134147,  -7.40383703,
        -7.18602552, -12.93456391, -15.20222449,  -9.05080616,
       -20.21926613,  -7.97085502,  -9.65236907,  -5.8359824 ,
        -9.7401918 , -17.7351136 ,  -8.13351772, -14.57950368,
       -10.07339537]), 'neg_mean_squared_error': array([-121.60414372, -196.75633205, -117.14816682, -186.1686863 ,
       -135.75307326,  -48.41861633, -132.37905588,  -97.32868846,
        -66.15773159,  -78.22397217, -109.86499543, -334.44483689,
       -372.9331698 , -265.76617417,  -80.64027071,  -86.07314292,
       -250.35933332,  -56.58733804,  -98.95154925, -236.31536653,
       -153.83085843, -382.94151777, -112.52746172, -275.24257857,
       -136.99526506, -264.50073508, -139.00457117, -504.83077317,
       -238.92745156, -149.28039848, -223.17736439, -232.45250156,
       -301.35866654, -116.1041081 , -226.00803089, -260.0141728 ,
       -164.42125021,  -78.95850803,  -64.17655269, -116.21621262,
        -80.61168899, -311.68319794, -440.49911384, -180.39453425,
       -713.38606328, -110.61934624, -152.03208282,  -50.77645485,
       -239.29230734, -526.13117076, -118.97242507, -406.79345675,
       -248.4377595 ]), 'max_error': array([-35.93912996, -33.34641511, -17.01186789, -33.57112576,
       -21.86547169, -14.38881451, -30.60096179, -34.59026722,
       -17.60137714, -19.61790502, -26.08431549, -34.6418132 ,
       -59.72172967, -35.02356694, -20.59523425, -15.22865591,
       -31.57696816, -11.49768061, -24.28149969, -48.7046872 ,
       -33.63659191, -48.22448861, -23.07444211, -49.75976299,
       -28.44163638, -47.84015663, -30.2070359 , -60.34858301,
       -36.60602037, -28.85449291, -33.1414732 , -37.59916017,
       -46.9380222 , -26.04224111, -28.95123694, -47.13048779,
       -34.808128  , -25.45916179, -19.0719756 , -35.2400333 ,
       -20.42356758, -51.41685838, -52.58580409, -43.19291848,
       -68.71219758, -26.45453529, -32.47227419, -14.05589989,
       -52.44689438, -47.97277013, -33.0238012 , -46.11252941,
       -52.07641851]), 'explained_variance': array([-4.44089210e-16,  1.11022302e-16,  1.11022302e-16,  1.11022302e-16,
        0.00000000e+00,  0.00000000e+00,  0.00000000e+00,  0.00000000e+00,
       -2.22044605e-16,  3.33066907e-16,  3.33066907e-16,  0.00000000e+00,
        0.00000000e+00,  0.00000000e+00,  2.22044605e-16,  0.00000000e+00,
        2.22044605e-16,  0.00000000e+00,  0.00000000e+00, -2.22044605e-16,
        0.00000000e+00, -2.22044605e-16, -2.22044605e-16, -2.22044605e-16,
        0.00000000e+00,  0.00000000e+00,  0.00000000e+00,  1.11022302e-16,
        0.00000000e+00, -2.22044605e-16, -2.22044605e-16,  0.00000000e+00,
        0.00000000e+00,  0.00000000e+00,  0.00000000e+00,  0.00000000e+00,
        0.00000000e+00,  0.00000000e+00,  0.00000000e+00,  2.22044605e-16,
        0.00000000e+00,  0.00000000e+00,  0.00000000e+00,  0.00000000e+00,
       -4.44089210e-16,  0.00000000e+00, -2.22044605e-16,  0.00000000e+00,
        0.00000000e+00, -2.22044605e-16,  0.00000000e+00, -2.22044605e-16,
       -2.22044605e-16])}
         accs  y_pred (s)  y_true (s)
54     [9, 2]   14.801767      19.499
4    [40, 24]   25.082762      26.335
3    [40, 24]   25.082762      27.642
11   [40, 24]   25.082762      18.893
27   [26, 16]   19.932166      65.978
29   [26, 16]   19.932166      45.143
64     [9, 2]   14.801767      30.560
77   [14, 11]   16.378553      12.834
124  [25, 16]   19.610453      45.263
71     [9, 2]   14.801767       9.629
25   [26, 16]   19.932166      19.467
91     [4, 5]   14.421453      14.879
83   [14, 11]   16.378553      24.338
89   [14, 11]   16.378553      11.455
69     [9, 2]   14.801767       9.069
{'mse': 275.4171423283322, 'mae': 11.31990765157558, 'r2-score': -0.12649256269520714, 'max-error': 65.01821709631088, 'explained variance score': 0.09614581585851856, 'layers': ['mbconv5', 'conv2']}
