environment: line 5: __conda_exe: command not found
Using device: cuda
Using model: efficientnetB4
Number of videos: 64
Execution type : naive
Using 2 features
Job ID : 32
Plotting ?  yes
Calculate accumulators ?  no
The directory contains : 65 videos
Number of videos in the directory : 65
Number of videos in the dataframe : 64
['conv1', 'mbconv1', 'mbconv2', 'mbconv3', 'mbconv4', 'mbconv5', 'mbconv6', 'mbconv7', 'conv2', 'pool', 'output']
{'conv1': {'T_max': 773.9153770208359, 'T_min': 474.00882083177567, 'tau': 100, 'alpha': 50}, 'mbconv1': {'T_max': 3485.9428219795227, 'T_min': 2560.6904525756836, 'tau': 100, 'alpha': 50}, 'mbconv2': {'T_max': 2793.179835796356, 'T_min': 1976.7829375267029, 'tau': 100, 'alpha': 50}, 'mbconv3': {'T_max': 1668.251520872116, 'T_min': 1083.705378293991, 'tau': 100, 'alpha': 50}, 'mbconv4': {'T_max': 817.8574377298355, 'T_min': 502.0499846339226, 'tau': 100, 'alpha': 50}, 'mbconv5': {'T_max': 940.7537368535995, 'T_min': 533.222236931324, 'tau': 100, 'alpha': 50}, 'mbconv6': {'T_max': 628.3391550779343, 'T_min': 341.6495691537857, 'tau': 100, 'alpha': 50}, 'mbconv7': {'T_max': 368.16851300001144, 'T_min': 200.31917816400528, 'tau': 100, 'alpha': 50}, 'conv2': {'T_max': 79.04693293571472, 'T_min': 40.3972128406167, 'tau': 100, 'alpha': 50}, 'pool': {'T_max': 1.9010385829024017, 'T_min': 0.9983048296999186, 'tau': 100, 'alpha': 50}, 'output': {'T_max': 12.80766905657947, 'T_min': 6.51999241206795, 'tau': 100, 'alpha': 50}}
Iterating over following combinations of layers :  [['conv1'], ['mbconv1'], ['mbconv2'], ['mbconv3'], ['mbconv4'], ['mbconv5'], ['mbconv6'], ['mbconv7'], ['conv2'], ['pool'], ['output'], ['conv1', 'mbconv1'], ['conv1', 'mbconv2'], ['conv1', 'mbconv3'], ['conv1', 'mbconv4'], ['conv1', 'mbconv5'], ['conv1', 'mbconv6'], ['conv1', 'mbconv7'], ['conv1', 'conv2'], ['conv1', 'pool'], ['conv1', 'output'], ['mbconv1', 'mbconv2'], ['mbconv1', 'mbconv3'], ['mbconv1', 'mbconv4'], ['mbconv1', 'mbconv5'], ['mbconv1', 'mbconv6'], ['mbconv1', 'mbconv7'], ['mbconv1', 'conv2'], ['mbconv1', 'pool'], ['mbconv1', 'output'], ['mbconv2', 'mbconv3'], ['mbconv2', 'mbconv4'], ['mbconv2', 'mbconv5'], ['mbconv2', 'mbconv6'], ['mbconv2', 'mbconv7'], ['mbconv2', 'conv2'], ['mbconv2', 'pool'], ['mbconv2', 'output'], ['mbconv3', 'mbconv4'], ['mbconv3', 'mbconv5'], ['mbconv3', 'mbconv6'], ['mbconv3', 'mbconv7'], ['mbconv3', 'conv2'], ['mbconv3', 'pool'], ['mbconv3', 'output'], ['mbconv4', 'mbconv5'], ['mbconv4', 'mbconv6'], ['mbconv4', 'mbconv7'], ['mbconv4', 'conv2'], ['mbconv4', 'pool'], ['mbconv4', 'output'], ['mbconv5', 'mbconv6'], ['mbconv5', 'mbconv7'], ['mbconv5', 'conv2'], ['mbconv5', 'pool'], ['mbconv5', 'output'], ['mbconv6', 'mbconv7'], ['mbconv6', 'conv2'], ['mbconv6', 'pool'], ['mbconv6', 'output'], ['mbconv7', 'conv2'], ['mbconv7', 'pool'], ['mbconv7', 'output'], ['conv2', 'pool'], ['conv2', 'output'], ['pool', 'output']]
[['mbconv2', 'mbconv5']]
Generating the training set for videos : 
TRAINING SET : contains 962 samples, 37 patients based on 56 videos
TEST SET : contains 127 samples, 37 patients based on 8 videos
Dataset constituted.
--------------------NAIVE IMPLEMENTATION-------------------
Number of folds : 53
Grid search.
The best parameters are : {'C': 10.0}
Metrics obtained during CV : 
{'r2': array([-2.64876361e-02, -2.10342334e-02, -2.23688618e-02, -1.96323327e-01,
       -1.40612940e-03, -2.59434982e-02, -5.41444569e-02, -8.38559776e-02,
       -6.20403597e-02, -5.47698383e-04, -1.88175536e-01, -4.88135877e-01,
       -3.52583973e-01, -1.25687242e-01, -4.24045242e-01, -1.68381192e-01,
       -1.26500560e-04, -1.27852304e+00, -2.23191404e-04, -2.31897307e-01,
       -3.66509299e-02, -7.30758719e-01, -4.40314021e-02, -3.97706842e-01,
       -2.12812491e-02, -1.09150007e-01, -1.32801814e-02, -9.50757213e-02,
       -2.02740851e-01, -3.33440369e-03, -1.65091171e-02, -2.54576162e-01,
       -6.60900111e-01, -4.09702569e-02, -4.40483812e-01, -5.38803815e-01,
       -9.45943752e-02, -8.31794466e-02, -5.14088904e-02, -3.32019138e-02,
       -2.43406698e-04, -4.86027458e-01, -5.74274128e-01, -2.25398999e-02,
       -2.19859375e-01, -8.66280354e-02, -2.20520209e-01, -3.32348525e-02,
       -1.77422737e-01, -7.80594173e-01, -4.97263720e-02, -9.63078853e-02,
       -9.75391752e-02]), 'neg_mean_absolute_error': array([ -6.98897065, -12.09304298,  -8.7229583 , -10.84710699,
        -9.69227354,  -5.66459564,  -8.01603399,  -6.11347076,
        -7.12962641,  -7.51878516,  -7.96095923, -13.46518745,
       -14.72481478, -13.36765557,  -8.86979166,  -7.8265284 ,
       -13.45844336,  -7.02991837,  -8.8422891 ,  -9.97618485,
        -9.17311111, -14.20766578,  -8.24557598, -11.29447734,
        -7.93835838,  -9.44335381,  -8.661     , -15.06666667,
       -10.48122222, -10.25894444, -12.23312154, -11.4822927 ,
       -13.45855243,  -9.21027361, -12.26393247, -12.37954295,
        -9.44361111,  -6.6608253 ,  -6.34766622,  -7.28383417,
        -7.01809278, -13.46193713, -14.02205436,  -8.53850331,
       -20.26438642,  -7.97838771,  -9.7398432 ,  -5.48418033,
        -8.81560608, -18.21605458,  -8.25818035, -14.0574375 ,
        -9.85021099]), 'neg_mean_squared_error': array([-114.48144742, -194.87710015,  -97.12149846, -210.58441934,
       -128.15066753,  -47.34682658, -134.36733459, -100.66025202,
        -69.29913506,  -77.77999152, -110.693153  , -306.91303928,
       -408.39474365, -286.97538125, -103.79662782,  -95.49175859,
       -250.30208215,  -64.18229502,  -95.75707256, -227.53785752,
       -149.89956194, -375.33213298, -113.1979779 , -273.33200672,
       -116.23332962, -268.2052116 , -140.84887078, -426.74281205,
       -226.58158393, -146.76642643, -199.38862179, -232.35702585,
       -360.81362278, -120.85009699, -204.58441408, -292.1698626 ,
       -179.77433947,  -80.43767883,  -67.1587459 , -110.97072336,
        -80.57473767, -337.6589528 , -385.59766598, -158.74832477,
       -717.96421398, -111.36607029, -160.31349276,  -45.04071337,
       -208.0175041 , -553.61073451, -124.78628366, -332.31115897,
       -256.15978234]), 'max_error': array([-37.39477796, -28.9150262 , -16.18395847, -36.26503289,
       -24.23096054, -14.80095469, -31.01145138, -35.26994439,
       -16.54161965, -18.7140273 , -26.18440848, -33.35265165,
       -61.61364012, -37.39281858, -17.81991988, -16.70700441,
       -31.10085873, -12.1678966 , -22.6343981 , -48.06533183,
       -32.90044513, -47.9257984 , -23.23368384, -49.65209869,
       -31.70031864, -48.21431573, -31.52466977, -55.70522884,
       -35.67700886, -26.4235519 , -26.14320308, -37.59221144,
       -49.74861798, -23.9633075 , -27.69646407, -48.86959664,
       -39.1774093 , -25.77707231, -17.80900101, -34.16000752,
       -20.80141624, -52.73548354, -50.46149785, -40.04902983,
       -68.91523887, -26.582591  , -33.30626687, -15.53264477,
       -50.13230335, -48.8812142 , -35.14306587, -41.33346424,
       -52.96915602]), 'explained_variance': array([-4.44089210e-16,  0.00000000e+00,  1.11022302e-16,  0.00000000e+00,
        0.00000000e+00,  0.00000000e+00,  0.00000000e+00,  0.00000000e+00,
        0.00000000e+00,  3.33066907e-16,  0.00000000e+00,  1.11022302e-16,
       -2.22044605e-16,  0.00000000e+00,  2.22044605e-16,  0.00000000e+00,
        2.22044605e-16,  0.00000000e+00,  0.00000000e+00,  0.00000000e+00,
        0.00000000e+00, -2.22044605e-16, -2.22044605e-16, -2.22044605e-16,
        0.00000000e+00,  0.00000000e+00,  0.00000000e+00,  1.11022302e-16,
        0.00000000e+00, -2.22044605e-16,  0.00000000e+00,  0.00000000e+00,
        1.11022302e-16,  0.00000000e+00,  0.00000000e+00,  3.33066907e-16,
       -4.44089210e-16,  0.00000000e+00,  0.00000000e+00,  2.22044605e-16,
        0.00000000e+00,  1.11022302e-16,  0.00000000e+00,  0.00000000e+00,
       -2.22044605e-16,  0.00000000e+00,  0.00000000e+00,  0.00000000e+00,
        0.00000000e+00, -2.22044605e-16, -2.22044605e-16, -2.22044605e-16,
        0.00000000e+00])}
         accs  y_pred (s)  y_true (s)
54    [10, 9]   16.348112      19.499
4    [50, 40]   23.854180      26.335
3    [50, 40]   23.854180      27.642
11   [50, 40]   23.854180      18.893
27   [29, 26]   19.483368      65.978
29   [29, 26]   19.483368      45.143
64    [10, 9]   16.348112      30.560
77   [16, 14]   16.371516      12.834
124  [27, 25]   20.010432      45.263
71    [10, 9]   16.348112       9.629
25   [29, 26]   19.483368      19.467
91     [4, 4]   14.860758      14.879
83   [16, 14]   16.371516      24.338
89   [16, 14]   16.371516      11.455
69    [10, 9]   16.348112       9.069
{'mse': 275.51109251502623, 'mae': 11.352279638994998, 'r2-score': -0.1268768313927906, 'max-error': 64.16989056227388, 'explained variance score': 0.08330585963576698, 'layers': ['mbconv2', 'mbconv5']}
