environment: line 5: __conda_exe: command not found
Using device: cuda
Using model: efficientnetB4
Number of videos: 64
Execution type : naive
Using 2 features
Job ID : 29
Plotting ?  yes
Calculate accumulators ?  no
The directory contains : 65 videos
Number of videos in the directory : 65
Number of videos in the dataframe : 64
['conv1', 'mbconv1', 'mbconv2', 'mbconv3', 'mbconv4', 'mbconv5', 'mbconv6', 'mbconv7', 'conv2', 'pool', 'output']
{'conv1': {'T_max': 773.9153770208359, 'T_min': 474.00882083177567, 'tau': 100, 'alpha': 50}, 'mbconv1': {'T_max': 3485.9428219795227, 'T_min': 2560.6904525756836, 'tau': 100, 'alpha': 50}, 'mbconv2': {'T_max': 2793.179835796356, 'T_min': 1976.7829375267029, 'tau': 100, 'alpha': 50}, 'mbconv3': {'T_max': 1668.251520872116, 'T_min': 1083.705378293991, 'tau': 100, 'alpha': 50}, 'mbconv4': {'T_max': 817.8574377298355, 'T_min': 502.0499846339226, 'tau': 100, 'alpha': 50}, 'mbconv5': {'T_max': 940.7537368535995, 'T_min': 533.222236931324, 'tau': 100, 'alpha': 50}, 'mbconv6': {'T_max': 628.3391550779343, 'T_min': 341.6495691537857, 'tau': 100, 'alpha': 50}, 'mbconv7': {'T_max': 368.16851300001144, 'T_min': 200.31917816400528, 'tau': 100, 'alpha': 50}, 'conv2': {'T_max': 79.04693293571472, 'T_min': 40.3972128406167, 'tau': 100, 'alpha': 50}, 'pool': {'T_max': 1.9010385829024017, 'T_min': 0.9983048296999186, 'tau': 100, 'alpha': 50}, 'output': {'T_max': 12.80766905657947, 'T_min': 6.51999241206795, 'tau': 100, 'alpha': 50}}
Iterating over following combinations of layers :  [['conv1'], ['mbconv1'], ['mbconv2'], ['mbconv3'], ['mbconv4'], ['mbconv5'], ['mbconv6'], ['mbconv7'], ['conv2'], ['pool'], ['output'], ['conv1', 'mbconv1'], ['conv1', 'mbconv2'], ['conv1', 'mbconv3'], ['conv1', 'mbconv4'], ['conv1', 'mbconv5'], ['conv1', 'mbconv6'], ['conv1', 'mbconv7'], ['conv1', 'conv2'], ['conv1', 'pool'], ['conv1', 'output'], ['mbconv1', 'mbconv2'], ['mbconv1', 'mbconv3'], ['mbconv1', 'mbconv4'], ['mbconv1', 'mbconv5'], ['mbconv1', 'mbconv6'], ['mbconv1', 'mbconv7'], ['mbconv1', 'conv2'], ['mbconv1', 'pool'], ['mbconv1', 'output'], ['mbconv2', 'mbconv3'], ['mbconv2', 'mbconv4'], ['mbconv2', 'mbconv5'], ['mbconv2', 'mbconv6'], ['mbconv2', 'mbconv7'], ['mbconv2', 'conv2'], ['mbconv2', 'pool'], ['mbconv2', 'output'], ['mbconv3', 'mbconv4'], ['mbconv3', 'mbconv5'], ['mbconv3', 'mbconv6'], ['mbconv3', 'mbconv7'], ['mbconv3', 'conv2'], ['mbconv3', 'pool'], ['mbconv3', 'output'], ['mbconv4', 'mbconv5'], ['mbconv4', 'mbconv6'], ['mbconv4', 'mbconv7'], ['mbconv4', 'conv2'], ['mbconv4', 'pool'], ['mbconv4', 'output'], ['mbconv5', 'mbconv6'], ['mbconv5', 'mbconv7'], ['mbconv5', 'conv2'], ['mbconv5', 'pool'], ['mbconv5', 'output'], ['mbconv6', 'mbconv7'], ['mbconv6', 'conv2'], ['mbconv6', 'pool'], ['mbconv6', 'output'], ['mbconv7', 'conv2'], ['mbconv7', 'pool'], ['mbconv7', 'output'], ['conv2', 'pool'], ['conv2', 'output'], ['pool', 'output']]
[['mbconv1', 'output']]
Generating the training set for videos : 
TRAINING SET : contains 962 samples, 37 patients based on 56 videos
TEST SET : contains 127 samples, 37 patients based on 8 videos
Dataset constituted.
--------------------NAIVE IMPLEMENTATION-------------------
Number of folds : 53
Grid search.
The best parameters are : {'C': 1}
Metrics obtained during CV : 
{'r2': array([-1.45352500e-01, -1.33565688e-03, -2.48186821e-01, -9.89832461e-04,
       -1.91692305e-02, -3.76994328e-02, -1.27004450e-02, -3.11722950e-02,
       -6.23390069e-03, -1.13338286e-03, -4.03818301e-02, -5.11036693e-01,
       -2.21635460e-01, -2.54208560e-01, -2.51775926e-01, -4.43811385e-03,
       -4.35978675e-02, -6.75194839e-01, -5.76800929e-02, -1.95010134e-01,
       -7.67201661e-02, -8.60579673e-01, -8.56350462e-02, -3.70681270e-01,
       -1.85618709e-01, -4.52106178e-02, -9.58350900e-02, -5.51345385e-01,
       -2.32027043e-01, -4.81779287e-02, -1.99539848e-01, -2.98930107e-01,
       -3.85024444e-01, -8.67851097e-02, -5.55930320e-01, -1.16534093e-01,
       -1.09884109e-01, -5.27118711e-05, -6.08277539e-02, -1.26587786e-02,
       -4.31455740e-04, -4.16098656e-01, -6.53050137e-01, -1.29051922e-01,
       -4.09087342e-01, -4.66742261e-02, -1.63379484e-01, -1.16156936e-01,
       -2.61023673e-01, -7.00777447e-01, -2.37565995e-04, -6.71856793e-01,
       -6.05206577e-02]), 'neg_mean_absolute_error': array([ -8.6141065 , -11.54086998, -10.19996189, -11.10064013,
       -10.02145043,  -5.76772379,  -8.23049541,  -6.07596073,
        -6.76798737,  -7.5330724 ,  -7.60610922, -13.55090604,
       -13.93735403, -13.97892045,  -7.99699507,  -7.59053938,
       -13.2722627 ,  -5.98013049,  -8.59743052,  -9.85550715,
        -9.17311111, -14.80350327,  -8.34137039, -11.19284014,
        -9.55618763,  -9.64680462,  -8.87783657, -17.49823206,
       -10.48122222, -10.25894444, -12.03681202, -11.67368019,
       -12.19784388,  -9.76206897, -12.58934864, -10.55705635,
       -11.60570226,  -6.99990958,  -6.41834392,  -7.20357057,
        -7.16318473, -13.11289521, -14.4594534 ,  -8.87131899,
       -21.59310975,  -7.93176888,  -9.65734171,  -5.68133221,
        -9.27800103, -17.78302452,  -8.1250479 , -15.94498011,
       -10.10344363]), 'neg_mean_squared_error': array([-127.73813088, -191.11738149, -118.57342188, -176.20057883,
       -130.42382444,  -47.88935763, -129.0846417 ,  -95.7673946 ,
        -65.65771097,  -77.82552112,  -96.92435304, -311.63610186,
       -368.85658145, -319.73976973,  -91.24016292,  -82.09269586,
       -261.18167952,  -47.18751912, -101.25774955, -220.72460419,
       -155.69356721, -403.4850899 , -117.7088081 , -268.04695435,
       -134.93678678, -252.74393292, -152.32424143, -604.54768504,
       -232.09874227, -153.32607781, -235.29016412, -240.57171304,
       -300.8824455 , -126.16891313, -220.98068035, -211.99428386,
       -182.28549958,  -74.26462818,  -67.76037583, -108.76429444,
        -80.58988599, -321.76955204, -404.89280929, -175.28421257,
       -829.33681279, -107.27129398, -152.80814451,  -48.65544798,
       -222.78743957, -528.79463812, -118.90329897, -506.7706581 ,
       -247.51985804]), 'max_error': array([-35.0872651 , -30.4137815 , -17.16091954, -30.80383762,
       -23.08892027, -14.57613867, -29.65671743, -34.18074613,
       -17.915848  , -18.62354145, -23.93702507, -33.5853164 ,
       -59.47624666, -39.7824977 , -19.09554566, -16.71041607,
       -34.58200862, -10.52783103, -24.83812528, -47.52228218,
       -33.92905758, -48.99830589, -24.09583355, -49.34718707,
       -28.66036227, -46.38325839, -33.81584304, -64.27627214,
       -36.1083215 , -29.77663907, -34.19890408, -38.16637392,
       -46.91202373, -22.97007585, -28.67271258, -43.45900711,
       -30.98763592, -23.22915689, -17.64997617, -33.43763516,
       -20.47495935, -51.95013923, -51.24881611, -42.65445696,
       -73.05666258, -25.79007097, -32.55680902, -14.48607049,
       -51.32443107, -48.06326854, -32.87981432, -50.20111363,
       -51.95622548]), 'explained_variance': array([-2.22044605e-16,  0.00000000e+00,  1.11022302e-16,  1.11022302e-16,
        0.00000000e+00,  0.00000000e+00,  0.00000000e+00, -2.22044605e-16,
       -2.22044605e-16,  3.33066907e-16,  0.00000000e+00,  1.11022302e-16,
        0.00000000e+00,  0.00000000e+00,  2.22044605e-16,  0.00000000e+00,
        0.00000000e+00,  0.00000000e+00,  0.00000000e+00,  0.00000000e+00,
        0.00000000e+00, -2.22044605e-16, -2.22044605e-16,  0.00000000e+00,
        0.00000000e+00, -2.22044605e-16, -2.22044605e-16,  0.00000000e+00,
        0.00000000e+00, -2.22044605e-16, -2.22044605e-16,  0.00000000e+00,
        0.00000000e+00,  0.00000000e+00,  0.00000000e+00,  3.33066907e-16,
        0.00000000e+00,  0.00000000e+00,  0.00000000e+00,  2.22044605e-16,
        0.00000000e+00,  0.00000000e+00, -2.22044605e-16,  0.00000000e+00,
       -4.44089210e-16,  0.00000000e+00,  0.00000000e+00,  0.00000000e+00,
        0.00000000e+00,  0.00000000e+00,  0.00000000e+00, -2.22044605e-16,
        0.00000000e+00])}
         accs  y_pred (s)  y_true (s)
54     [1, 2]   14.076427      19.499
4    [41, 24]   21.685293      26.335
3    [41, 24]   21.685293      27.642
11   [41, 24]   21.685293      18.893
27   [29, 15]   18.636139      65.978
29   [29, 15]   18.636139      45.143
64     [1, 2]   14.076427      30.560
77    [15, 8]   17.160152      12.834
124  [25, 15]   18.016178      45.263
71     [1, 2]   14.076427       9.629
25   [29, 15]   18.636139      19.467
91    [15, 5]   16.663634      14.879
83    [15, 8]   17.160152      24.338
89    [15, 8]   17.160152      11.455
69     [1, 2]   14.076427       9.069
{'mse': 286.23362319048226, 'mae': 11.576731539364825, 'r2-score': -0.17073340094782896, 'max-error': 62.99893902055719, 'explained variance score': 0.07032688747588778, 'layers': ['mbconv1', 'output']}
