environment: line 5: __conda_exe: command not found
Using device: cuda
Using model: efficientnetB4
Number of videos: 64
Execution type : naive
Using 2 features
Job ID : 9
Plotting ?  yes
Calculate accumulators ?  no
The directory contains : 65 videos
Number of videos in the directory : 65
Number of videos in the dataframe : 64
['conv1', 'mbconv1', 'mbconv2', 'mbconv3', 'mbconv4', 'mbconv5', 'mbconv6', 'mbconv7', 'conv2', 'pool', 'output']
{'conv1': {'T_max': 773.9153770208359, 'T_min': 474.00882083177567, 'tau': 100, 'alpha': 50}, 'mbconv1': {'T_max': 3485.9428219795227, 'T_min': 2560.6904525756836, 'tau': 100, 'alpha': 50}, 'mbconv2': {'T_max': 2793.179835796356, 'T_min': 1976.7829375267029, 'tau': 100, 'alpha': 50}, 'mbconv3': {'T_max': 1668.251520872116, 'T_min': 1083.705378293991, 'tau': 100, 'alpha': 50}, 'mbconv4': {'T_max': 817.8574377298355, 'T_min': 502.0499846339226, 'tau': 100, 'alpha': 50}, 'mbconv5': {'T_max': 940.7537368535995, 'T_min': 533.222236931324, 'tau': 100, 'alpha': 50}, 'mbconv6': {'T_max': 628.3391550779343, 'T_min': 341.6495691537857, 'tau': 100, 'alpha': 50}, 'mbconv7': {'T_max': 368.16851300001144, 'T_min': 200.31917816400528, 'tau': 100, 'alpha': 50}, 'conv2': {'T_max': 79.04693293571472, 'T_min': 40.3972128406167, 'tau': 100, 'alpha': 50}, 'pool': {'T_max': 1.9010385829024017, 'T_min': 0.9983048296999186, 'tau': 100, 'alpha': 50}, 'output': {'T_max': 12.80766905657947, 'T_min': 6.51999241206795, 'tau': 100, 'alpha': 50}}
Iterating over following combinations of layers :  [['conv1'], ['mbconv1'], ['mbconv2'], ['mbconv3'], ['mbconv4'], ['mbconv5'], ['mbconv6'], ['mbconv7'], ['conv2'], ['pool'], ['output'], ['conv1', 'mbconv1'], ['conv1', 'mbconv2'], ['conv1', 'mbconv3'], ['conv1', 'mbconv4'], ['conv1', 'mbconv5'], ['conv1', 'mbconv6'], ['conv1', 'mbconv7'], ['conv1', 'conv2'], ['conv1', 'pool'], ['conv1', 'output'], ['mbconv1', 'mbconv2'], ['mbconv1', 'mbconv3'], ['mbconv1', 'mbconv4'], ['mbconv1', 'mbconv5'], ['mbconv1', 'mbconv6'], ['mbconv1', 'mbconv7'], ['mbconv1', 'conv2'], ['mbconv1', 'pool'], ['mbconv1', 'output'], ['mbconv2', 'mbconv3'], ['mbconv2', 'mbconv4'], ['mbconv2', 'mbconv5'], ['mbconv2', 'mbconv6'], ['mbconv2', 'mbconv7'], ['mbconv2', 'conv2'], ['mbconv2', 'pool'], ['mbconv2', 'output'], ['mbconv3', 'mbconv4'], ['mbconv3', 'mbconv5'], ['mbconv3', 'mbconv6'], ['mbconv3', 'mbconv7'], ['mbconv3', 'conv2'], ['mbconv3', 'pool'], ['mbconv3', 'output'], ['mbconv4', 'mbconv5'], ['mbconv4', 'mbconv6'], ['mbconv4', 'mbconv7'], ['mbconv4', 'conv2'], ['mbconv4', 'pool'], ['mbconv4', 'output'], ['mbconv5', 'mbconv6'], ['mbconv5', 'mbconv7'], ['mbconv5', 'conv2'], ['mbconv5', 'pool'], ['mbconv5', 'output'], ['mbconv6', 'mbconv7'], ['mbconv6', 'conv2'], ['mbconv6', 'pool'], ['mbconv6', 'output'], ['mbconv7', 'conv2'], ['mbconv7', 'pool'], ['mbconv7', 'output'], ['conv2', 'pool'], ['conv2', 'output'], ['pool', 'output']]
[['pool']]
Generating the training set for videos : 
TRAINING SET : contains 962 samples, 37 patients based on 56 videos
TEST SET : contains 127 samples, 37 patients based on 8 videos
Dataset constituted.
--------------------NAIVE IMPLEMENTATION-------------------
Number of folds : 53
Grid search.
The best parameters are : {'C': 100.0}
Metrics obtained during CV : 
{'r2': array([-8.57388268e-02, -3.13412338e-03, -2.05684807e-01, -7.90863262e-03,
       -2.84800834e-01, -7.67081986e-02, -3.03795435e-03, -2.54804633e-02,
       -5.15975368e-04, -3.09360783e-05, -6.10057893e-02, -5.67355017e-01,
       -2.07179375e-01, -1.62376180e-01, -3.05526133e-02, -3.37134209e-02,
       -1.24975349e-01, -1.19938508e+00, -6.63353526e-02, -3.47063078e-01,
       -4.41431481e-02, -7.32654465e-01, -7.25052139e-02, -3.98187994e-01,
       -2.33231284e-01, -7.46298931e-02, -2.17453246e-01, -4.42066974e-01,
       -3.02145520e-01, -4.00214377e-02, -2.70176661e-01, -1.17679012e-01,
       -3.79694993e-01, -5.64829142e-03, -5.77583139e-01, -3.93402617e-01,
       -1.22764305e-01, -5.45395343e-03, -4.42477417e-02, -2.94467629e-02,
       -1.77449902e-03, -2.77129062e-01, -6.11136269e-01, -3.92301129e-01,
       -1.29336688e-01, -3.00011867e-01, -1.27380021e-01, -1.05427440e-02,
       -2.38500557e-01, -5.67454898e-01, -8.20837422e-03, -6.10663102e-01,
       -1.79598668e-02]), 'neg_mean_absolute_error': array([ -7.87675657, -11.2127722 ,  -9.99378101, -11.06051023,
       -11.66859782,  -6.03416284,  -8.40156561,  -6.09726741,
        -6.69350366,  -7.49394809,  -7.67627645, -13.76852853,
       -13.83740815, -13.55357043,  -6.8084789 ,  -7.46967081,
       -13.15176682,  -6.88094755,  -8.57852509, -10.3342844 ,
        -9.17311111, -14.21673143,  -8.3143359 , -11.29625503,
        -9.89306221,  -9.54217392,  -9.49384721, -16.81700323,
       -10.57604104, -10.25894444, -13.45095805, -10.85759625,
       -12.16961418,  -8.44852779, -12.64647897, -11.72539886,
       -11.74019188,  -6.86626337,  -6.28946957,  -7.27161277,
        -6.9155657 , -12.51626888, -14.23023398,  -9.98067133,
       -19.67535911,  -8.44481998,  -9.62545463,  -5.39140498,
        -9.15463986, -17.00048731,  -8.18106703, -15.69545127,
       -10.53118795]), 'neg_mean_squared_error': array([-121.08957578, -191.46064122, -114.53587793, -177.41846992,
       -164.41689306,  -49.68959445, -127.8530049 ,  -95.23878081,
        -65.28461095,  -77.73981976,  -98.84572829, -323.25118911,
       -364.49175875, -296.32862049,  -75.11551099,  -84.4853658 ,
       -281.54805625,  -61.95310718, -102.08636693, -248.80957597,
       -150.98293552, -375.74324436, -116.28522021, -273.42609962,
       -140.35563504, -259.85785162, -169.22951631, -561.96270619,
       -245.30820102, -152.13295713, -249.14559993, -207.00263463,
       -299.7246767 , -116.74943904, -224.05591755, -264.56280354,
       -184.40092133,  -74.66572823,  -66.70132751, -110.56740256,
        -80.69807501, -290.19252606, -394.62656061, -216.15339587,
       -664.68590066, -133.23530064, -148.07966922,  -44.0515203 ,
       -218.80823811, -487.34286013, -119.85082926, -488.22172061,
       -237.58639673]), 'max_error': array([-36.02124168, -31.69210937, -16.72564879, -31.56630565,
       -19.68590836, -14.01365623, -29.00665066, -34.01758384,
       -18.37014349, -18.87132874, -24.38141749, -34.1362269 ,
       -59.20496498, -38.16616764, -21.88712871, -15.6527454 ,
       -36.87143048, -11.97920022, -25.00827416, -49.52718654,
       -33.12481157, -47.94211657, -23.85252314, -49.65743175,
       -28.10449002, -47.32493472, -35.66387496, -62.74350728,
       -37.04145647, -29.54150698, -28.53506124, -35.39418313,
       -46.84850691, -25.33444997, -28.84410358, -47.39777244,
       -30.74555462, -23.9281297 , -17.93994347, -34.05001495,
       -21.03946957, -50.1619733 , -50.83622117, -45.98251399,
       -66.26461598, -29.14798792, -32.01472872, -16.05837179,
       -51.02483965, -46.58514269, -31.72395351, -49.53570338,
       -50.24524819]), 'explained_variance': array([-2.22044605e-16,  0.00000000e+00,  1.11022302e-16,  1.11022302e-16,
       -2.22044605e-16,  0.00000000e+00,  0.00000000e+00,  0.00000000e+00,
        0.00000000e+00,  3.33066907e-16,  0.00000000e+00,  0.00000000e+00,
       -2.22044605e-16,  0.00000000e+00,  2.22044605e-16,  0.00000000e+00,
        0.00000000e+00,  0.00000000e+00,  0.00000000e+00, -2.22044605e-16,
        0.00000000e+00,  1.11022302e-16, -2.22044605e-16, -2.22044605e-16,
        0.00000000e+00,  0.00000000e+00,  0.00000000e+00,  0.00000000e+00,
        0.00000000e+00, -2.22044605e-16,  1.11022302e-16,  0.00000000e+00,
        0.00000000e+00,  0.00000000e+00,  0.00000000e+00,  3.33066907e-16,
        0.00000000e+00,  0.00000000e+00,  0.00000000e+00,  2.22044605e-16,
        0.00000000e+00,  0.00000000e+00,  0.00000000e+00,  0.00000000e+00,
       -4.44089210e-16, -2.22044605e-16,  0.00000000e+00,  0.00000000e+00,
        0.00000000e+00,  0.00000000e+00,  0.00000000e+00,  0.00000000e+00,
        0.00000000e+00])}
     accs  y_pred (s)  y_true (s)
54    [2]   13.529246      19.499
4    [25]   19.363396      26.335
3    [25]   19.363396      27.642
11   [25]   19.363396      18.893
27   [17]   19.165152      65.978
29   [17]   19.165152      45.143
64    [2]   13.529246      30.560
77    [9]   16.510349      12.834
124  [16]   18.740747      45.263
71    [2]   13.529246       9.629
25   [17]   19.165152      19.467
91    [7]   16.616199      14.879
83    [9]   16.510349      24.338
89    [9]   16.510349      11.455
69    [2]   13.529246       9.069
{'mse': 293.8181043642433, 'mae': 11.699521361776663, 'r2-score': -0.20175493273018374, 'max-error': 64.35282265485526, 'explained variance score': 0.07239523634794087, 'layers': ['pool']}
