environment: line 5: __conda_exe: command not found
Using device: cuda
Using model: efficientnetB4
Number of videos: 64
Execution type : naive
Using 2 features
Job ID : 62
Plotting ?  yes
Calculate accumulators ?  no
The directory contains : 65 videos
Number of videos in the directory : 65
Number of videos in the dataframe : 64
['conv1', 'mbconv1', 'mbconv2', 'mbconv3', 'mbconv4', 'mbconv5', 'mbconv6', 'mbconv7', 'conv2', 'pool', 'output']
{'conv1': {'T_max': 773.9153770208359, 'T_min': 474.00882083177567, 'tau': 100, 'alpha': 50}, 'mbconv1': {'T_max': 3485.9428219795227, 'T_min': 2560.6904525756836, 'tau': 100, 'alpha': 50}, 'mbconv2': {'T_max': 2793.179835796356, 'T_min': 1976.7829375267029, 'tau': 100, 'alpha': 50}, 'mbconv3': {'T_max': 1668.251520872116, 'T_min': 1083.705378293991, 'tau': 100, 'alpha': 50}, 'mbconv4': {'T_max': 817.8574377298355, 'T_min': 502.0499846339226, 'tau': 100, 'alpha': 50}, 'mbconv5': {'T_max': 940.7537368535995, 'T_min': 533.222236931324, 'tau': 100, 'alpha': 50}, 'mbconv6': {'T_max': 628.3391550779343, 'T_min': 341.6495691537857, 'tau': 100, 'alpha': 50}, 'mbconv7': {'T_max': 368.16851300001144, 'T_min': 200.31917816400528, 'tau': 100, 'alpha': 50}, 'conv2': {'T_max': 79.04693293571472, 'T_min': 40.3972128406167, 'tau': 100, 'alpha': 50}, 'pool': {'T_max': 1.9010385829024017, 'T_min': 0.9983048296999186, 'tau': 100, 'alpha': 50}, 'output': {'T_max': 12.80766905657947, 'T_min': 6.51999241206795, 'tau': 100, 'alpha': 50}}
Iterating over following combinations of layers :  [['conv1'], ['mbconv1'], ['mbconv2'], ['mbconv3'], ['mbconv4'], ['mbconv5'], ['mbconv6'], ['mbconv7'], ['conv2'], ['pool'], ['output'], ['conv1', 'mbconv1'], ['conv1', 'mbconv2'], ['conv1', 'mbconv3'], ['conv1', 'mbconv4'], ['conv1', 'mbconv5'], ['conv1', 'mbconv6'], ['conv1', 'mbconv7'], ['conv1', 'conv2'], ['conv1', 'pool'], ['conv1', 'output'], ['mbconv1', 'mbconv2'], ['mbconv1', 'mbconv3'], ['mbconv1', 'mbconv4'], ['mbconv1', 'mbconv5'], ['mbconv1', 'mbconv6'], ['mbconv1', 'mbconv7'], ['mbconv1', 'conv2'], ['mbconv1', 'pool'], ['mbconv1', 'output'], ['mbconv2', 'mbconv3'], ['mbconv2', 'mbconv4'], ['mbconv2', 'mbconv5'], ['mbconv2', 'mbconv6'], ['mbconv2', 'mbconv7'], ['mbconv2', 'conv2'], ['mbconv2', 'pool'], ['mbconv2', 'output'], ['mbconv3', 'mbconv4'], ['mbconv3', 'mbconv5'], ['mbconv3', 'mbconv6'], ['mbconv3', 'mbconv7'], ['mbconv3', 'conv2'], ['mbconv3', 'pool'], ['mbconv3', 'output'], ['mbconv4', 'mbconv5'], ['mbconv4', 'mbconv6'], ['mbconv4', 'mbconv7'], ['mbconv4', 'conv2'], ['mbconv4', 'pool'], ['mbconv4', 'output'], ['mbconv5', 'mbconv6'], ['mbconv5', 'mbconv7'], ['mbconv5', 'conv2'], ['mbconv5', 'pool'], ['mbconv5', 'output'], ['mbconv6', 'mbconv7'], ['mbconv6', 'conv2'], ['mbconv6', 'pool'], ['mbconv6', 'output'], ['mbconv7', 'conv2'], ['mbconv7', 'pool'], ['mbconv7', 'output'], ['conv2', 'pool'], ['conv2', 'output'], ['pool', 'output']]
[['mbconv7', 'output']]
Generating the training set for videos : 
TRAINING SET : contains 962 samples, 37 patients based on 56 videos
TEST SET : contains 127 samples, 37 patients based on 8 videos
Dataset constituted.
--------------------NAIVE IMPLEMENTATION-------------------
Number of folds : 53
Grid search.
The best parameters are : {'C': 1}
Metrics obtained during CV : 
{'r2': array([-1.33018614e-01, -5.51793684e-02, -2.68030278e-01, -1.59907906e-02,
       -4.61543243e-02, -5.87640876e-02, -1.52735467e-02, -3.40881442e-02,
       -6.77077723e-06, -2.39521857e-05, -1.39479345e-01, -6.21939122e-01,
       -2.71415277e-01, -7.64757524e-02, -5.18016614e-02, -2.18817080e-02,
       -3.74542107e-02, -1.02647521e+00, -1.14637737e-02, -2.69591249e-01,
       -3.80606288e-02, -8.35998237e-01, -4.75605159e-02, -4.21373248e-01,
       -1.22944287e-01, -6.37323069e-02, -8.93914040e-02, -3.75462059e-01,
       -1.92825615e-01, -3.18534075e-02, -1.46580262e-01, -2.31061099e-01,
       -3.74902242e-01, -1.40145576e-03, -5.95047521e-01, -2.98866024e-01,
       -1.16745352e-01, -2.37087880e-02, -5.07098606e-02, -5.72453263e-02,
       -1.60042568e-03, -2.77566971e-01, -7.14142761e-01, -1.70611557e-01,
       -3.32941016e-01, -7.24246301e-02, -1.46191910e-01, -1.51922054e-01,
       -3.01303158e-01, -7.55100554e-01, -2.94878287e-07, -4.01256780e-01,
       -4.91433138e-02]), 'neg_mean_absolute_error': array([ -8.47625615, -11.25151647, -10.29014167, -11.03430749,
       -10.33979255,  -5.92298631,  -8.21052647,  -6.07186602,
        -6.66785065,  -7.49301825,  -7.86902684, -14.05541681,
       -14.25868338, -13.17106054,  -6.97457651,  -7.48665141,
       -13.28497704,  -6.56332435,  -8.74212945, -10.08993722,
        -9.17311111, -14.6943256 ,  -8.25511762, -11.39675712,
        -9.0808538 ,  -9.57799512,  -8.83622403, -16.42657675,
       -10.48122222, -10.25894444, -11.83811998, -11.37402207,
       -12.14405766,  -8.22274383, -12.69178234, -11.23221288,
       -11.6782701 ,  -6.78954332,  -6.3421719 ,  -7.34952346,
        -7.2399084 , -12.51835791, -14.78076165,  -9.09482272,
       -21.08696712,  -7.96337606,  -9.64261009,  -5.79194113,
        -9.48601209, -18.08025689,  -8.1155109 , -14.74467783,
       -10.1963544 ]), 'neg_mean_squared_error': array([-126.36256523, -201.39412445, -120.45848153, -178.84114262,
       -133.87712643,  -48.86148188, -129.41262409,  -96.03819637,
        -65.25138487,  -77.73927685, -106.15650436, -334.50861106,
       -383.88693526, -274.42972428,  -76.66432382,  -83.51836027,
       -259.64410395,  -57.08251702,  -96.83319763, -234.50012522,
       -150.10340418, -398.15436263, -113.58061825, -277.960149  ,
       -127.80373042, -257.22269011, -151.42855048, -536.00726916,
       -224.71367535, -150.93814849, -224.90212267, -228.00185766,
       -298.68350024, -116.25640815, -226.53629271, -246.61331357,
       -183.41237866,  -76.02134528,  -67.11409537, -113.55309844,
        -80.68405251, -290.29202881, -419.85664114, -181.73630546,
       -784.5198953 , -109.91039514, -150.55058256,  -50.21451891,
       -229.90369248, -545.68442454, -118.87509335, -424.74679865,
       -244.86444674]), 'max_error': array([-35.26187554, -34.16393762, -17.35129909, -32.06415774,
       -22.2248488 , -14.24836223, -29.77966566, -34.25854562,
       -18.53261255, -18.87721774, -25.60217001, -34.64462904,
       -60.34842631, -36.14771678, -21.43629232, -15.97537672,
       -34.34043628, -11.54392388, -23.53583497, -48.57721751,
       -32.94430029, -48.80178608, -23.31955854, -49.91070353,
       -29.51596316, -47.00254395, -33.69100543, -61.71439691,
       -35.52399219, -29.28052597, -33.30478992, -37.26739954,
       -46.79100474, -25.7408611 , -28.98001368, -46.28810399,
       -30.85701382, -24.61861013, -17.82136321, -34.7512111 ,
       -20.3023311 , -50.1682404 , -51.82717097, -43.32496816,
       -71.53823471, -26.32739303, -32.30637158, -14.16285725,
       -51.8296008 , -48.62470745, -32.71768532, -46.95896132,
       -51.5845824 ]), 'explained_variance': array([-2.22044605e-16,  0.00000000e+00,  1.11022302e-16,  1.11022302e-16,
        0.00000000e+00,  0.00000000e+00,  0.00000000e+00, -2.22044605e-16,
       -2.22044605e-16,  3.33066907e-16,  1.11022302e-16,  0.00000000e+00,
        0.00000000e+00,  0.00000000e+00,  2.22044605e-16,  0.00000000e+00,
        0.00000000e+00,  0.00000000e+00,  0.00000000e+00,  0.00000000e+00,
        0.00000000e+00, -2.22044605e-16, -2.22044605e-16, -2.22044605e-16,
        0.00000000e+00,  0.00000000e+00,  0.00000000e+00,  0.00000000e+00,
        0.00000000e+00,  0.00000000e+00,  0.00000000e+00,  0.00000000e+00,
        0.00000000e+00,  0.00000000e+00,  0.00000000e+00,  3.33066907e-16,
        0.00000000e+00,  0.00000000e+00,  0.00000000e+00,  0.00000000e+00,
        0.00000000e+00,  0.00000000e+00,  0.00000000e+00,  0.00000000e+00,
        0.00000000e+00, -2.22044605e-16, -2.22044605e-16,  0.00000000e+00,
        0.00000000e+00, -2.22044605e-16,  0.00000000e+00, -2.22044605e-16,
       -2.22044605e-16])}
         accs  y_pred (s)  y_true (s)
54     [5, 2]   15.120289      19.499
4    [35, 24]   24.479944      26.335
3    [35, 24]   24.479944      27.642
11   [35, 24]   24.479944      18.893
27   [24, 15]   19.768585      65.978
29   [24, 15]   19.768585      45.143
64     [5, 2]   15.120289      30.560
77    [12, 8]   16.904398      12.834
124  [22, 15]   19.176925      45.263
71     [5, 2]   15.120289       9.629
25   [24, 15]   19.768585      19.467
91     [3, 5]   14.651092      14.879
83    [12, 8]   16.904398      24.338
89    [12, 8]   16.904398      11.455
69     [5, 2]   15.120289       9.069
{'mse': 276.2685179456942, 'mae': 11.356105840587098, 'r2-score': -0.12997480164704056, 'max-error': 64.25793841232027, 'explained variance score': 0.08745722901499908, 'layers': ['mbconv7', 'output']}
