environment: line 5: __conda_exe: command not found
Using device: cuda
Using model: efficientnetB4
Number of videos: 64
Execution type : naive
Using 2 features
Job ID : 35
Plotting ?  yes
Calculate accumulators ?  no
The directory contains : 65 videos
Number of videos in the directory : 65
Number of videos in the dataframe : 64
['conv1', 'mbconv1', 'mbconv2', 'mbconv3', 'mbconv4', 'mbconv5', 'mbconv6', 'mbconv7', 'conv2', 'pool', 'output']
{'conv1': {'T_max': 773.9153770208359, 'T_min': 474.00882083177567, 'tau': 100, 'alpha': 50}, 'mbconv1': {'T_max': 3485.9428219795227, 'T_min': 2560.6904525756836, 'tau': 100, 'alpha': 50}, 'mbconv2': {'T_max': 2793.179835796356, 'T_min': 1976.7829375267029, 'tau': 100, 'alpha': 50}, 'mbconv3': {'T_max': 1668.251520872116, 'T_min': 1083.705378293991, 'tau': 100, 'alpha': 50}, 'mbconv4': {'T_max': 817.8574377298355, 'T_min': 502.0499846339226, 'tau': 100, 'alpha': 50}, 'mbconv5': {'T_max': 940.7537368535995, 'T_min': 533.222236931324, 'tau': 100, 'alpha': 50}, 'mbconv6': {'T_max': 628.3391550779343, 'T_min': 341.6495691537857, 'tau': 100, 'alpha': 50}, 'mbconv7': {'T_max': 368.16851300001144, 'T_min': 200.31917816400528, 'tau': 100, 'alpha': 50}, 'conv2': {'T_max': 79.04693293571472, 'T_min': 40.3972128406167, 'tau': 100, 'alpha': 50}, 'pool': {'T_max': 1.9010385829024017, 'T_min': 0.9983048296999186, 'tau': 100, 'alpha': 50}, 'output': {'T_max': 12.80766905657947, 'T_min': 6.51999241206795, 'tau': 100, 'alpha': 50}}
Iterating over following combinations of layers :  [['conv1'], ['mbconv1'], ['mbconv2'], ['mbconv3'], ['mbconv4'], ['mbconv5'], ['mbconv6'], ['mbconv7'], ['conv2'], ['pool'], ['output'], ['conv1', 'mbconv1'], ['conv1', 'mbconv2'], ['conv1', 'mbconv3'], ['conv1', 'mbconv4'], ['conv1', 'mbconv5'], ['conv1', 'mbconv6'], ['conv1', 'mbconv7'], ['conv1', 'conv2'], ['conv1', 'pool'], ['conv1', 'output'], ['mbconv1', 'mbconv2'], ['mbconv1', 'mbconv3'], ['mbconv1', 'mbconv4'], ['mbconv1', 'mbconv5'], ['mbconv1', 'mbconv6'], ['mbconv1', 'mbconv7'], ['mbconv1', 'conv2'], ['mbconv1', 'pool'], ['mbconv1', 'output'], ['mbconv2', 'mbconv3'], ['mbconv2', 'mbconv4'], ['mbconv2', 'mbconv5'], ['mbconv2', 'mbconv6'], ['mbconv2', 'mbconv7'], ['mbconv2', 'conv2'], ['mbconv2', 'pool'], ['mbconv2', 'output'], ['mbconv3', 'mbconv4'], ['mbconv3', 'mbconv5'], ['mbconv3', 'mbconv6'], ['mbconv3', 'mbconv7'], ['mbconv3', 'conv2'], ['mbconv3', 'pool'], ['mbconv3', 'output'], ['mbconv4', 'mbconv5'], ['mbconv4', 'mbconv6'], ['mbconv4', 'mbconv7'], ['mbconv4', 'conv2'], ['mbconv4', 'pool'], ['mbconv4', 'output'], ['mbconv5', 'mbconv6'], ['mbconv5', 'mbconv7'], ['mbconv5', 'conv2'], ['mbconv5', 'pool'], ['mbconv5', 'output'], ['mbconv6', 'mbconv7'], ['mbconv6', 'conv2'], ['mbconv6', 'pool'], ['mbconv6', 'output'], ['mbconv7', 'conv2'], ['mbconv7', 'pool'], ['mbconv7', 'output'], ['conv2', 'pool'], ['conv2', 'output'], ['pool', 'output']]
[['mbconv2', 'conv2']]
Generating the training set for videos : 
TRAINING SET : contains 962 samples, 37 patients based on 56 videos
TEST SET : contains 127 samples, 37 patients based on 8 videos
Dataset constituted.
--------------------NAIVE IMPLEMENTATION-------------------
Number of folds : 53
Grid search.
The best parameters are : {'C': 1}
Metrics obtained during CV : 
{'r2': array([-1.47652291e-01, -1.24433649e-02, -4.37322917e-01, -2.96541488e-04,
       -1.02479984e-01, -3.26810894e-02, -6.57180745e-02, -6.34009469e-02,
       -6.73187556e-02, -5.64340684e-04, -1.97862801e-01, -5.22771267e-01,
       -2.33227599e-01, -2.05817142e-01, -3.28615544e-02, -3.60047110e-03,
       -1.17423058e-02, -8.78980476e-01, -3.23883263e-02, -2.87326702e-01,
       -4.53712035e-02, -7.81115119e-01, -2.47117356e-02, -3.91817381e-01,
       -1.30197371e-01, -5.70598129e-02, -3.84387134e-02, -4.26725164e-01,
       -2.13405894e-01, -4.68685565e-02, -2.10412432e-01, -2.55486350e-01,
       -4.83932772e-01, -7.34158500e-03, -6.58841381e-01, -2.53156345e-01,
       -2.97686199e-02, -8.84684478e-02, -5.78681927e-02, -7.77869599e-02,
       -8.45316109e-07, -4.29721133e-01, -7.35199445e-01, -1.21985679e-01,
       -4.19441435e-01, -1.01452243e-01, -1.83277711e-01, -9.64640645e-02,
       -3.12922455e-01, -6.38051472e-01, -1.82636698e-02, -4.01327000e-01,
       -7.52327589e-02]), 'neg_mean_absolute_error': array([ -8.63915419, -11.12101167, -10.95305929, -11.1377974 ,
       -10.77861042,  -5.72465444,  -7.98475582,  -6.0943065 ,
        -7.15169063,  -7.51927645,  -7.97776247, -13.59408481,
       -14.01516591, -13.76664715,  -6.82887517,  -7.59998225,
       -13.35589114,  -6.33099285,  -8.66287687, -10.14069631,
        -9.17311111, -14.44461717,  -8.2784342 , -11.27263009,
        -9.14127518,  -9.60145985,  -8.661     , -16.71488598,
       -10.48122222, -10.25894444, -12.07418617, -11.48638072,
       -12.69012438,  -8.5115473 , -12.85186188, -11.02577399,
       -10.49815838,  -6.6575    ,  -6.39676593,  -7.39517312,
        -7.07665963, -13.1830665 , -14.88829805,  -8.83876406,
       -21.65815671,  -7.9927926 ,  -9.673459  ,  -5.63364632,
        -9.54339112, -17.42509089,  -8.27108789, -14.74491907,
        -9.995447  ]), 'neg_mean_squared_error': array([-127.99462048, -193.23742592, -136.5406955 , -176.07854136,
       -141.08516192,  -47.65776336, -135.84257466,  -98.76054525,
        -69.64355537,  -77.78128525, -111.59564079, -314.05623956,
       -372.35667363, -307.40317668,  -75.28380642,  -82.02423534,
       -253.20917463,  -52.9278297 ,  -98.83642443, -237.77595584,
       -151.16051213, -386.25241611, -111.1032639 , -272.18027868,
       -128.62921325, -255.60920441, -144.34597936, -555.98411739,
       -228.59074683, -153.13454459, -237.42282542, -232.52559954,
       -322.36927183, -116.94601978, -235.59660253, -237.93450055,
       -169.12746643,  -80.83044384,  -67.57133385, -115.75936607,
        -80.55519811, -324.8648859 , -425.01419797, -174.18718522,
       -835.43085004, -112.88537011, -155.42174669,  -47.79699749,
       -231.95649573, -509.29228686, -121.04615311, -424.76808374,
       -250.9535839 ]), 'max_error': array([-35.05553802, -32.45977836, -18.75079183, -30.1579498 ,
       -21.03377172, -14.66706285, -31.27863948, -34.90582347,
       -16.4577756 , -18.71091583, -26.29082896, -33.7025159 ,
       -59.68745033, -38.97585917, -21.83176739, -16.77022095,
       -32.99306828, -11.14262401, -24.24910815, -48.80563341,
       -33.15971361, -48.3523109 , -22.68559218, -49.58655694,
       -29.40720468, -46.79136132, -32.47751296, -62.51374346,
       -35.83747606, -29.74031614, -34.36708778, -37.60447549,
       -48.01965485, -25.22101486, -29.46025231, -45.68815532,
       -33.02469153, -25.85487069, -17.69852666, -35.16205809,
       -20.66964083, -52.10802462, -52.02073648, -42.53018828,
       -73.25180346, -26.82747415, -32.83080293, -14.68567083,
       -51.96894986, -47.38717168, -31.23830116, -46.95992628,
       -52.388212  ]), 'explained_variance': array([-4.44089210e-16,  1.11022302e-16,  1.11022302e-16,  1.11022302e-16,
        0.00000000e+00,  0.00000000e+00,  0.00000000e+00,  0.00000000e+00,
        0.00000000e+00,  3.33066907e-16,  0.00000000e+00, -2.22044605e-16,
       -2.22044605e-16,  0.00000000e+00,  2.22044605e-16,  0.00000000e+00,
        0.00000000e+00,  0.00000000e+00,  0.00000000e+00,  0.00000000e+00,
        0.00000000e+00,  1.11022302e-16, -2.22044605e-16,  1.11022302e-16,
        0.00000000e+00,  0.00000000e+00,  0.00000000e+00,  0.00000000e+00,
        0.00000000e+00,  0.00000000e+00, -2.22044605e-16,  0.00000000e+00,
        1.11022302e-16,  0.00000000e+00,  0.00000000e+00,  0.00000000e+00,
        0.00000000e+00,  0.00000000e+00,  0.00000000e+00,  2.22044605e-16,
        0.00000000e+00,  0.00000000e+00, -2.22044605e-16,  0.00000000e+00,
       -2.22044605e-16, -2.22044605e-16,  0.00000000e+00,  0.00000000e+00,
        1.11022302e-16,  0.00000000e+00,  0.00000000e+00, -2.22044605e-16,
       -2.22044605e-16])}
         accs  y_pred (s)  y_true (s)
54    [10, 2]   15.585236      19.499
4    [50, 24]   22.760913      26.335
3    [50, 24]   22.760913      27.642
11   [50, 24]   22.760913      18.893
27   [29, 16]   18.876004      65.978
29   [29, 16]   18.876004      45.143
64    [10, 2]   15.585236      30.560
77   [16, 11]   17.349727      12.834
124  [27, 16]   18.817870      45.263
71    [10, 2]   15.585236       9.629
25   [29, 16]   18.876004      19.467
91     [4, 5]   14.276982      14.879
83   [16, 11]   17.349727      24.338
89   [16, 11]   17.349727      11.455
69    [10, 2]   15.585236       9.069
{'mse': 286.62932974701675, 'mae': 11.580419026715239, 'r2-score': -0.17235189313454424, 'max-error': 64.42809193905994, 'explained variance score': 0.06779237627523249, 'layers': ['mbconv2', 'conv2']}
