environment: line 5: __conda_exe: command not found
Using device: cuda
Using model: efficientnetB4
Number of videos: 64
Execution type : naive
Using 2 features
Job ID : 21
Plotting ?  yes
Calculate accumulators ?  no
The directory contains : 65 videos
Number of videos in the directory : 65
Number of videos in the dataframe : 64
['conv1', 'mbconv1', 'mbconv2', 'mbconv3', 'mbconv4', 'mbconv5', 'mbconv6', 'mbconv7', 'conv2', 'pool', 'output']
{'conv1': {'T_max': 773.9153770208359, 'T_min': 474.00882083177567, 'tau': 100, 'alpha': 50}, 'mbconv1': {'T_max': 3485.9428219795227, 'T_min': 2560.6904525756836, 'tau': 100, 'alpha': 50}, 'mbconv2': {'T_max': 2793.179835796356, 'T_min': 1976.7829375267029, 'tau': 100, 'alpha': 50}, 'mbconv3': {'T_max': 1668.251520872116, 'T_min': 1083.705378293991, 'tau': 100, 'alpha': 50}, 'mbconv4': {'T_max': 817.8574377298355, 'T_min': 502.0499846339226, 'tau': 100, 'alpha': 50}, 'mbconv5': {'T_max': 940.7537368535995, 'T_min': 533.222236931324, 'tau': 100, 'alpha': 50}, 'mbconv6': {'T_max': 628.3391550779343, 'T_min': 341.6495691537857, 'tau': 100, 'alpha': 50}, 'mbconv7': {'T_max': 368.16851300001144, 'T_min': 200.31917816400528, 'tau': 100, 'alpha': 50}, 'conv2': {'T_max': 79.04693293571472, 'T_min': 40.3972128406167, 'tau': 100, 'alpha': 50}, 'pool': {'T_max': 1.9010385829024017, 'T_min': 0.9983048296999186, 'tau': 100, 'alpha': 50}, 'output': {'T_max': 12.80766905657947, 'T_min': 6.51999241206795, 'tau': 100, 'alpha': 50}}
Iterating over following combinations of layers :  [['conv1'], ['mbconv1'], ['mbconv2'], ['mbconv3'], ['mbconv4'], ['mbconv5'], ['mbconv6'], ['mbconv7'], ['conv2'], ['pool'], ['output'], ['conv1', 'mbconv1'], ['conv1', 'mbconv2'], ['conv1', 'mbconv3'], ['conv1', 'mbconv4'], ['conv1', 'mbconv5'], ['conv1', 'mbconv6'], ['conv1', 'mbconv7'], ['conv1', 'conv2'], ['conv1', 'pool'], ['conv1', 'output'], ['mbconv1', 'mbconv2'], ['mbconv1', 'mbconv3'], ['mbconv1', 'mbconv4'], ['mbconv1', 'mbconv5'], ['mbconv1', 'mbconv6'], ['mbconv1', 'mbconv7'], ['mbconv1', 'conv2'], ['mbconv1', 'pool'], ['mbconv1', 'output'], ['mbconv2', 'mbconv3'], ['mbconv2', 'mbconv4'], ['mbconv2', 'mbconv5'], ['mbconv2', 'mbconv6'], ['mbconv2', 'mbconv7'], ['mbconv2', 'conv2'], ['mbconv2', 'pool'], ['mbconv2', 'output'], ['mbconv3', 'mbconv4'], ['mbconv3', 'mbconv5'], ['mbconv3', 'mbconv6'], ['mbconv3', 'mbconv7'], ['mbconv3', 'conv2'], ['mbconv3', 'pool'], ['mbconv3', 'output'], ['mbconv4', 'mbconv5'], ['mbconv4', 'mbconv6'], ['mbconv4', 'mbconv7'], ['mbconv4', 'conv2'], ['mbconv4', 'pool'], ['mbconv4', 'output'], ['mbconv5', 'mbconv6'], ['mbconv5', 'mbconv7'], ['mbconv5', 'conv2'], ['mbconv5', 'pool'], ['mbconv5', 'output'], ['mbconv6', 'mbconv7'], ['mbconv6', 'conv2'], ['mbconv6', 'pool'], ['mbconv6', 'output'], ['mbconv7', 'conv2'], ['mbconv7', 'pool'], ['mbconv7', 'output'], ['conv2', 'pool'], ['conv2', 'output'], ['pool', 'output']]
[['mbconv1', 'mbconv2']]
Generating the training set for videos : 
TRAINING SET : contains 962 samples, 37 patients based on 56 videos
TEST SET : contains 127 samples, 37 patients based on 8 videos
Dataset constituted.
--------------------NAIVE IMPLEMENTATION-------------------
Number of folds : 53
Grid search.
The best parameters are : {'C': 100.0}
Metrics obtained during CV : 
{'r2': array([-5.25921793e-02, -2.87468591e-02, -6.31811096e-02, -1.02786474e-02,
       -5.46521884e-02, -5.84844208e-03, -1.05959061e-02, -1.22612633e-01,
       -4.39159285e-02, -1.50953694e-01, -7.99734861e-03, -2.58215251e-01,
       -3.43257514e-03, -2.04956711e-01, -2.20812515e-01, -1.11212798e-01,
       -1.30764140e-02, -9.90466672e-02, -3.64402138e-01, -8.58756799e-02,
       -6.05389704e-02, -6.89899722e-01, -1.29928490e-01, -1.96249183e-02,
       -2.97929784e-02, -3.76924826e-04, -6.20285200e-02, -5.70989255e-01,
       -2.12130633e-01, -3.53968560e-02, -2.87175880e-01, -3.31928920e-01,
       -4.60179454e-01, -1.59249306e-01, -8.29569329e-01, -1.04984345e+00,
       -8.64252535e-02, -9.55857116e-02, -1.65622633e-01, -1.73933886e-03,
       -9.27736436e-03, -5.77436478e-01, -5.68903382e-01, -1.30948359e-01,
       -2.13023936e-01, -6.74300322e-04, -2.81266585e-01, -8.58353830e-02,
       -2.07773323e-01, -3.97041334e-01, -1.64324263e-03, -1.25515655e-01,
       -8.39510411e-02]), 'neg_mean_absolute_error': array([ -7.40050003, -12.21783152,  -9.07944615, -11.05181432,
        -9.10661855,  -5.45287093,  -8.91513365,  -6.14419863,
        -7.04562202,  -8.43505807,  -7.5400834 , -12.51125369,
       -12.75020194, -13.76265846,  -7.83702115,  -8.16166586,
       -13.35090351,  -4.96175943,  -9.97494222,  -9.52688889,
        -9.17311111, -14.04880141,  -8.41983721, -11.06764868,
        -8.06507563, -10.91419714,  -8.67652192, -17.6132713 ,
       -10.48122222, -10.25894444, -12.31439563, -11.80699365,
       -12.57687938, -10.38740382, -13.26909558, -14.68738442,
        -9.44361111,  -6.6575    ,  -7.07285477,  -7.13330172,
        -6.77719405, -13.91247536, -13.99117143,  -8.88224175,
       -20.22478018,  -7.8185779 ,  -9.99220829,  -5.61312847,
        -8.97652571, -16.23513935,  -8.14116107, -16.54508084,
        -9.93641126]), 'neg_mean_squared_error': array([-117.39281798, -196.34915084, -100.99852054, -177.83565494,
       -134.96460426,  -46.41944887, -128.81638504, -104.25967368,
        -68.11649882,  -89.47216483,  -93.9073406 , -259.49422528,
       -302.97312206, -307.18382389,  -88.98328405,  -90.81938748,
       -253.54306245,  -30.95836044, -130.62200082, -200.56690141,
       -153.35376885, -366.47145563, -122.51127695, -199.39526415,
       -117.20206045, -241.902631  , -147.6250306 , -612.20275397,
       -228.35050337, -151.45647945, -252.48000273, -246.68334364,
       -317.20910553, -134.58155033, -259.84420376, -389.20002209,
       -178.43265665,  -81.35897693,  -74.45414901, -107.59149549,
        -81.30246931, -358.42914373, -384.28217246, -175.57863257,
       -713.94112682, -102.55686476, -168.2924378 ,  -47.33367263,
       -213.37959945, -434.35898578, -119.07039886, -341.16457325,
       -252.98838441]), 'max_error': array([-36.6916538 , -28.57631445, -15.19178902, -31.731528  ,
       -27.29975241, -15.37563605, -27.22220865, -35.85377399,
       -16.86083633, -15.49476629, -22.8605846 , -30.61660669,
       -52.31383683, -38.96070215, -19.36759983, -20.32755046,
       -33.08783332, -11.66593869, -17.71723997, -45.50333989,
       -33.5570367 , -47.56880318, -24.80203493, -38.87408092,
       -31.41520483, -42.77493144, -33.10234865, -64.53511043,
       -35.81850279, -29.39742355, -35.44803035, -38.56631428,
       -47.7648536 , -21.84447312, -30.64146505, -52.87365997,
       -39.00337076, -25.95597881, -16.36855118, -31.83939226,
       -21.52587677, -53.68115566, -50.40590857, -42.68722525,
       -68.73701082, -23.86582428, -34.00250584, -14.80193867,
       -50.59227673, -44.4130738 , -33.15373819, -29.76228443,
       -52.62435494]), 'explained_variance': array([-2.22044605e-16,  0.00000000e+00,  1.11022302e-16,  1.11022302e-16,
        0.00000000e+00,  0.00000000e+00,  0.00000000e+00,  0.00000000e+00,
        0.00000000e+00,  3.33066907e-16,  1.11022302e-16,  0.00000000e+00,
        0.00000000e+00,  1.11022302e-16,  2.22044605e-16, -4.44089210e-16,
        0.00000000e+00,  0.00000000e+00,  0.00000000e+00,  0.00000000e+00,
        0.00000000e+00, -2.22044605e-16, -2.22044605e-16,  1.11022302e-16,
        0.00000000e+00,  0.00000000e+00,  0.00000000e+00,  0.00000000e+00,
        0.00000000e+00,  0.00000000e+00,  0.00000000e+00, -2.22044605e-16,
        0.00000000e+00,  0.00000000e+00,  0.00000000e+00,  1.11022302e-16,
       -4.44089210e-16,  0.00000000e+00, -2.22044605e-16,  2.22044605e-16,
        0.00000000e+00,  0.00000000e+00,  0.00000000e+00,  0.00000000e+00,
       -4.44089210e-16, -2.22044605e-16, -2.22044605e-16,  0.00000000e+00,
        0.00000000e+00,  0.00000000e+00,  0.00000000e+00, -2.22044605e-16,
        0.00000000e+00])}
         accs  y_pred (s)  y_true (s)
54    [1, 10]   10.419436      19.499
4    [41, 50]   21.692006      26.335
3    [41, 50]   21.692006      27.642
11   [41, 50]   21.692006      18.893
27   [29, 29]   13.372639      65.978
29   [29, 29]   13.372639      45.143
64    [1, 10]   10.419436      30.560
77   [15, 16]   19.290889      12.834
124  [25, 27]   13.663540      45.263
71    [1, 10]   10.419436       9.629
25   [29, 29]   13.372639      19.467
91    [15, 4]   13.691558      14.879
83   [15, 16]   19.290889      24.338
89   [15, 16]   19.290889      11.455
69    [1, 10]   10.419436       9.069
{'mse': 340.62520592205755, 'mae': 12.779764099456324, 'r2-score': -0.39320217287088166, 'max-error': 62.88990779304273, 'explained variance score': -0.009420736467865343, 'layers': ['mbconv1', 'mbconv2']}
