environment: line 5: __conda_exe: command not found
Using device: cuda
Using model: efficientnetB4
Number of videos: 64
Execution type : naive
Using 2 features
Job ID : 36
Plotting ?  yes
Calculate accumulators ?  no
The directory contains : 65 videos
Number of videos in the directory : 65
Number of videos in the dataframe : 64
['conv1', 'mbconv1', 'mbconv2', 'mbconv3', 'mbconv4', 'mbconv5', 'mbconv6', 'mbconv7', 'conv2', 'pool', 'output']
{'conv1': {'T_max': 773.9153770208359, 'T_min': 474.00882083177567, 'tau': 100, 'alpha': 50}, 'mbconv1': {'T_max': 3485.9428219795227, 'T_min': 2560.6904525756836, 'tau': 100, 'alpha': 50}, 'mbconv2': {'T_max': 2793.179835796356, 'T_min': 1976.7829375267029, 'tau': 100, 'alpha': 50}, 'mbconv3': {'T_max': 1668.251520872116, 'T_min': 1083.705378293991, 'tau': 100, 'alpha': 50}, 'mbconv4': {'T_max': 817.8574377298355, 'T_min': 502.0499846339226, 'tau': 100, 'alpha': 50}, 'mbconv5': {'T_max': 940.7537368535995, 'T_min': 533.222236931324, 'tau': 100, 'alpha': 50}, 'mbconv6': {'T_max': 628.3391550779343, 'T_min': 341.6495691537857, 'tau': 100, 'alpha': 50}, 'mbconv7': {'T_max': 368.16851300001144, 'T_min': 200.31917816400528, 'tau': 100, 'alpha': 50}, 'conv2': {'T_max': 79.04693293571472, 'T_min': 40.3972128406167, 'tau': 100, 'alpha': 50}, 'pool': {'T_max': 1.9010385829024017, 'T_min': 0.9983048296999186, 'tau': 100, 'alpha': 50}, 'output': {'T_max': 12.80766905657947, 'T_min': 6.51999241206795, 'tau': 100, 'alpha': 50}}
Iterating over following combinations of layers :  [['conv1'], ['mbconv1'], ['mbconv2'], ['mbconv3'], ['mbconv4'], ['mbconv5'], ['mbconv6'], ['mbconv7'], ['conv2'], ['pool'], ['output'], ['conv1', 'mbconv1'], ['conv1', 'mbconv2'], ['conv1', 'mbconv3'], ['conv1', 'mbconv4'], ['conv1', 'mbconv5'], ['conv1', 'mbconv6'], ['conv1', 'mbconv7'], ['conv1', 'conv2'], ['conv1', 'pool'], ['conv1', 'output'], ['mbconv1', 'mbconv2'], ['mbconv1', 'mbconv3'], ['mbconv1', 'mbconv4'], ['mbconv1', 'mbconv5'], ['mbconv1', 'mbconv6'], ['mbconv1', 'mbconv7'], ['mbconv1', 'conv2'], ['mbconv1', 'pool'], ['mbconv1', 'output'], ['mbconv2', 'mbconv3'], ['mbconv2', 'mbconv4'], ['mbconv2', 'mbconv5'], ['mbconv2', 'mbconv6'], ['mbconv2', 'mbconv7'], ['mbconv2', 'conv2'], ['mbconv2', 'pool'], ['mbconv2', 'output'], ['mbconv3', 'mbconv4'], ['mbconv3', 'mbconv5'], ['mbconv3', 'mbconv6'], ['mbconv3', 'mbconv7'], ['mbconv3', 'conv2'], ['mbconv3', 'pool'], ['mbconv3', 'output'], ['mbconv4', 'mbconv5'], ['mbconv4', 'mbconv6'], ['mbconv4', 'mbconv7'], ['mbconv4', 'conv2'], ['mbconv4', 'pool'], ['mbconv4', 'output'], ['mbconv5', 'mbconv6'], ['mbconv5', 'mbconv7'], ['mbconv5', 'conv2'], ['mbconv5', 'pool'], ['mbconv5', 'output'], ['mbconv6', 'mbconv7'], ['mbconv6', 'conv2'], ['mbconv6', 'pool'], ['mbconv6', 'output'], ['mbconv7', 'conv2'], ['mbconv7', 'pool'], ['mbconv7', 'output'], ['conv2', 'pool'], ['conv2', 'output'], ['pool', 'output']]
[['mbconv2', 'pool']]
Generating the training set for videos : 
TRAINING SET : contains 962 samples, 37 patients based on 56 videos
TEST SET : contains 127 samples, 37 patients based on 8 videos
Dataset constituted.
--------------------NAIVE IMPLEMENTATION-------------------
Number of folds : 53
Grid search.
The best parameters are : {'C': 1}
Metrics obtained during CV : 
{'r2': array([-1.46188422e-01, -2.14884588e-03, -3.51625372e-01, -7.97791742e-04,
       -1.04610788e-01, -3.11131989e-02, -6.65770667e-02, -6.65243189e-02,
       -7.86409066e-02, -2.08413840e-03, -1.82801975e-01, -5.38953085e-01,
       -2.43108881e-01, -1.99838356e-01, -4.01202077e-02, -1.06465414e-02,
       -7.98609100e-03, -1.14071038e+00, -2.19165980e-02, -2.84698026e-01,
       -5.07270722e-02, -8.13981274e-01, -4.51242323e-02, -3.74682297e-01,
       -1.37641078e-01, -6.58361878e-02, -3.48660660e-02, -4.19478081e-01,
       -2.06762244e-01, -4.04859716e-02, -2.32479383e-01, -2.30912846e-01,
       -5.24560137e-01, -1.24454031e-02, -6.27958110e-01, -2.11806666e-01,
       -1.91085650e-02, -7.06737393e-02, -9.26893876e-02, -7.20446662e-02,
       -2.62016294e-05, -4.18905525e-01, -7.04995660e-01, -1.13667368e-01,
       -4.00069908e-01, -1.05161068e-01, -1.81638921e-01, -8.33370444e-02,
       -2.92472547e-01, -6.89866817e-01, -5.65740053e-04, -4.20030399e-01,
       -7.17495885e-02]), 'neg_mean_absolute_error': array([ -8.62323353, -11.23377348, -10.63762037, -11.1028861 ,
       -10.79240961,  -5.71052857,  -7.98376351,  -6.09741451,
        -7.19627008,  -7.54975944,  -7.9514516 , -13.65284049,
       -14.07997966, -13.73875635,  -6.88870904,  -7.53834797,
       -13.37170857,  -6.76729693,  -8.69758455, -10.13327394,
        -9.17311111, -14.59516711,  -8.24857026, -11.20811544,
        -9.20155888,  -9.57085399,  -8.661     , -16.66601024,
       -10.48122222, -10.25894444, -12.14718156, -11.37332241,
       -12.87755588,  -8.6664388 , -12.77538239, -10.82863007,
       -10.35162488,  -6.68242942,  -6.62371281,  -7.38309171,
        -7.05990845, -13.12744667, -14.73355394,  -8.80520937,
       -21.53578614,  -7.99622855,  -9.67216576,  -5.60812399,
        -9.44166048, -17.72195233,  -8.13041737, -14.82481558,
       -10.01998522]), 'neg_mean_squared_error': array([-127.831359  , -191.27258874, -128.39972576, -176.16677461,
       -141.35784243,  -47.58540592, -135.95206675,  -99.05062015,
        -70.3823364 ,  -77.8994304 , -110.19253975, -317.39357658,
       -375.34019532, -305.87898393,  -75.81287931,  -82.60011045,
       -252.26910517,  -60.3003362 ,  -97.83390614, -237.29042575,
       -151.9349699 , -393.37976659, -113.31646683, -268.82938494,
       -129.47639108, -257.73143268, -143.84937106, -553.15998344,
       -227.33916501, -152.20090853, -241.75126555, -227.97440009,
       -331.19515281, -117.53854094, -231.21041228, -230.08351269,
       -167.37667694,  -79.50899608,  -69.79553778, -115.14261684,
        -80.55724069, -322.40733582, -417.6161795 , -172.89577549,
       -824.02948404, -113.26547924, -155.2064941 ,  -47.2247652 ,
       -228.34357176, -525.40237624, -118.94231068, -430.43742912,
       -250.14063054]), 'max_error': array([-35.07570419, -31.55910126, -18.08486522, -30.76116411,
       -20.99631678, -14.69688414, -31.29749338, -34.96487573,
       -16.28837369, -18.51785689, -26.12419345, -33.8619956 ,
       -59.86337336, -38.86987413, -21.66936119, -16.37987046,
       -32.69253711, -11.83524278, -23.93673904, -48.77223273,
       -33.30667723, -48.62330079, -23.2606323 , -49.39301298,
       -29.29869402, -47.06681409, -32.36747311, -62.40377303,
       -35.73799968, -29.55550855, -34.69556702, -37.26530056,
       -48.44137572, -24.94221016, -29.23081385, -45.09672356,
       -33.46429203, -25.58263521, -17.18789618, -35.05332542,
       -20.70733098, -51.98288001, -51.7421971 , -42.37919218,
       -72.88469176, -26.88588528, -32.808818  , -14.83029738,
       -51.72188974, -47.94790995, -32.97109535, -47.21400822,
       -52.29005911]), 'explained_variance': array([-2.22044605e-16,  0.00000000e+00,  1.11022302e-16,  1.11022302e-16,
        0.00000000e+00,  0.00000000e+00,  0.00000000e+00, -2.22044605e-16,
        0.00000000e+00,  3.33066907e-16,  3.33066907e-16,  0.00000000e+00,
        0.00000000e+00,  0.00000000e+00,  2.22044605e-16,  0.00000000e+00,
        2.22044605e-16,  0.00000000e+00,  0.00000000e+00, -2.22044605e-16,
        2.22044605e-16, -2.22044605e-16, -2.22044605e-16,  0.00000000e+00,
        0.00000000e+00,  0.00000000e+00, -2.22044605e-16,  0.00000000e+00,
        1.11022302e-16, -2.22044605e-16, -2.22044605e-16,  0.00000000e+00,
        2.22044605e-16,  0.00000000e+00,  0.00000000e+00,  3.33066907e-16,
        0.00000000e+00,  0.00000000e+00,  0.00000000e+00,  2.22044605e-16,
        0.00000000e+00,  1.11022302e-16,  0.00000000e+00,  0.00000000e+00,
        0.00000000e+00,  0.00000000e+00,  0.00000000e+00,  0.00000000e+00,
        0.00000000e+00,  0.00000000e+00,  0.00000000e+00, -2.22044605e-16,
       -2.22044605e-16])}
         accs  y_pred (s)  y_true (s)
54    [10, 2]   15.725672      19.499
4    [50, 25]   22.673678      26.335
3    [50, 25]   22.673678      27.642
11   [50, 25]   22.673678      18.893
27   [29, 17]   18.589399      65.978
29   [29, 17]   18.589399      45.143
64    [10, 2]   15.725672      30.560
77    [16, 9]   17.192982      12.834
124  [27, 16]   18.202748      45.263
71    [10, 2]   15.725672       9.629
25   [29, 17]   18.589399      19.467
91     [4, 7]   14.806283      14.879
83    [16, 9]   17.192982      24.338
89    [16, 9]   17.192982      11.455
69    [10, 2]   15.725672       9.069
{'mse': 288.01384251252, 'mae': 11.600234505156351, 'r2-score': -0.17801473358126096, 'max-error': 64.18015050270984, 'explained variance score': 0.06450234398810084, 'layers': ['mbconv2', 'pool']}
