environment: line 5: __conda_exe: command not found
Using device: cuda
Using model: efficientnetB4
Number of videos: 64
Execution type : naive
Using 2 features
Job ID : 42
Plotting ?  yes
Calculate accumulators ?  no
The directory contains : 65 videos
Number of videos in the directory : 65
Number of videos in the dataframe : 64
['conv1', 'mbconv1', 'mbconv2', 'mbconv3', 'mbconv4', 'mbconv5', 'mbconv6', 'mbconv7', 'conv2', 'pool', 'output']
{'conv1': {'T_max': 773.9153770208359, 'T_min': 474.00882083177567, 'tau': 100, 'alpha': 50}, 'mbconv1': {'T_max': 3485.9428219795227, 'T_min': 2560.6904525756836, 'tau': 100, 'alpha': 50}, 'mbconv2': {'T_max': 2793.179835796356, 'T_min': 1976.7829375267029, 'tau': 100, 'alpha': 50}, 'mbconv3': {'T_max': 1668.251520872116, 'T_min': 1083.705378293991, 'tau': 100, 'alpha': 50}, 'mbconv4': {'T_max': 817.8574377298355, 'T_min': 502.0499846339226, 'tau': 100, 'alpha': 50}, 'mbconv5': {'T_max': 940.7537368535995, 'T_min': 533.222236931324, 'tau': 100, 'alpha': 50}, 'mbconv6': {'T_max': 628.3391550779343, 'T_min': 341.6495691537857, 'tau': 100, 'alpha': 50}, 'mbconv7': {'T_max': 368.16851300001144, 'T_min': 200.31917816400528, 'tau': 100, 'alpha': 50}, 'conv2': {'T_max': 79.04693293571472, 'T_min': 40.3972128406167, 'tau': 100, 'alpha': 50}, 'pool': {'T_max': 1.9010385829024017, 'T_min': 0.9983048296999186, 'tau': 100, 'alpha': 50}, 'output': {'T_max': 12.80766905657947, 'T_min': 6.51999241206795, 'tau': 100, 'alpha': 50}}
Iterating over following combinations of layers :  [['conv1'], ['mbconv1'], ['mbconv2'], ['mbconv3'], ['mbconv4'], ['mbconv5'], ['mbconv6'], ['mbconv7'], ['conv2'], ['pool'], ['output'], ['conv1', 'mbconv1'], ['conv1', 'mbconv2'], ['conv1', 'mbconv3'], ['conv1', 'mbconv4'], ['conv1', 'mbconv5'], ['conv1', 'mbconv6'], ['conv1', 'mbconv7'], ['conv1', 'conv2'], ['conv1', 'pool'], ['conv1', 'output'], ['mbconv1', 'mbconv2'], ['mbconv1', 'mbconv3'], ['mbconv1', 'mbconv4'], ['mbconv1', 'mbconv5'], ['mbconv1', 'mbconv6'], ['mbconv1', 'mbconv7'], ['mbconv1', 'conv2'], ['mbconv1', 'pool'], ['mbconv1', 'output'], ['mbconv2', 'mbconv3'], ['mbconv2', 'mbconv4'], ['mbconv2', 'mbconv5'], ['mbconv2', 'mbconv6'], ['mbconv2', 'mbconv7'], ['mbconv2', 'conv2'], ['mbconv2', 'pool'], ['mbconv2', 'output'], ['mbconv3', 'mbconv4'], ['mbconv3', 'mbconv5'], ['mbconv3', 'mbconv6'], ['mbconv3', 'mbconv7'], ['mbconv3', 'conv2'], ['mbconv3', 'pool'], ['mbconv3', 'output'], ['mbconv4', 'mbconv5'], ['mbconv4', 'mbconv6'], ['mbconv4', 'mbconv7'], ['mbconv4', 'conv2'], ['mbconv4', 'pool'], ['mbconv4', 'output'], ['mbconv5', 'mbconv6'], ['mbconv5', 'mbconv7'], ['mbconv5', 'conv2'], ['mbconv5', 'pool'], ['mbconv5', 'output'], ['mbconv6', 'mbconv7'], ['mbconv6', 'conv2'], ['mbconv6', 'pool'], ['mbconv6', 'output'], ['mbconv7', 'conv2'], ['mbconv7', 'pool'], ['mbconv7', 'output'], ['conv2', 'pool'], ['conv2', 'output'], ['pool', 'output']]
[['mbconv3', 'conv2']]
Generating the training set for videos : 
TRAINING SET : contains 962 samples, 37 patients based on 56 videos
TEST SET : contains 127 samples, 37 patients based on 8 videos
Dataset constituted.
--------------------NAIVE IMPLEMENTATION-------------------
Number of folds : 53
Grid search.
The best parameters are : {'C': 1}
Metrics obtained during CV : 
{'r2': array([-1.49344301e-01, -4.24998701e-02, -3.38728620e-01, -2.32019453e-02,
       -6.26323684e-02, -3.33843149e-02, -4.51655286e-02, -6.22726146e-02,
       -6.60367913e-02, -2.51112797e-04, -1.96124730e-01, -5.48551639e-01,
       -2.62494752e-01, -1.18561700e-01, -7.73971728e-02, -9.80195540e-03,
       -8.41436178e-03, -1.07982286e+00, -3.48264400e-02, -2.85374554e-01,
       -6.07765959e-02, -7.70055482e-01, -3.16310405e-02, -3.83141602e-01,
       -1.57169905e-01, -7.48894194e-02, -1.36015139e-02, -3.41682486e-01,
       -2.46313479e-01, -3.66489848e-02, -2.10489818e-01, -3.04133147e-01,
       -4.10922487e-01, -1.29909986e-04, -6.38077267e-01, -3.36670668e-01,
       -1.28621142e-02, -8.08005807e-02, -4.10490561e-02, -8.88900824e-02,
       -9.99026599e-07, -4.05985848e-01, -7.35556441e-01, -1.37140145e-01,
       -2.41222794e-01, -9.87488402e-02, -1.82410686e-01, -9.72014676e-02,
       -3.43270692e-01, -6.95802446e-01, -9.93505765e-04, -3.60393733e-01,
       -7.29538442e-02]), 'neg_mean_absolute_error': array([ -8.65745803, -11.18880681, -10.58694567, -11.01624474,
       -10.4874512 ,  -5.7308799 ,  -8.05198596,  -6.09316495,
        -7.14641384,  -7.4641444 ,  -7.97477846, -13.6872763 ,
       -14.20341726, -13.34195078,  -7.13374473,  -7.54431075,
       -13.36973949,  -6.65760539,  -8.6556463 , -10.13518746,
        -9.17311111, -14.39324641,  -8.25454114, -11.24014554,
        -9.35237511,  -9.54135392,  -8.661     , -16.24092624,
       -10.48122222, -10.25894444, -12.07444868, -11.695172  ,
       -12.33232291,  -7.93587559, -12.80064457, -11.43765797,
       -10.245587  ,  -6.66480278,  -6.26195583,  -7.4173297 ,
        -7.0763401 , -13.07269536, -14.89010785,  -8.91736414,
       -20.39258793,  -7.99024835,  -9.67277552,  -5.63502684,
        -9.68841906, -17.75523639,  -8.1164645 , -14.61322837,
       -10.01143547]), 'neg_mean_squared_error': array([-128.18332584, -198.97408428, -127.17457898, -180.11049582,
       -135.98583367,  -47.69021689, -133.22282857,  -98.65575438,
        -69.55990598,  -77.75693572, -111.43371816, -319.37318178,
       -381.19350129, -285.15884183,  -78.52994416,  -82.53108246,
       -252.37628868,  -58.58523361,  -99.06983897, -237.41538395,
       -153.38812946, -383.8540245 , -111.85348207, -270.48366528,
       -131.69899196, -259.92060807, -140.89353693, -522.84362235,
       -234.79013124, -151.63963918, -237.43800467, -241.5353555 ,
       -306.50853152, -116.10878968, -232.64758355, -253.79121217,
       -166.35077037,  -80.26102255,  -66.49701145, -116.95189342,
        -80.55521049, -319.47169397, -425.10163942, -176.5399014 ,
       -730.53793425, -112.60830439, -155.30786421,  -47.82914232,
       -237.31817623, -527.24784314, -118.99316135, -412.36045456,
       -250.42169737]), 'max_error': array([-35.03235316, -33.76677647, -17.9778853 , -32.40734994,
       -21.82406102, -14.65392022, -30.78375561, -34.88413406,
       -16.47782742, -19.06008549, -26.27193025, -33.95546423,
       -60.19841828, -37.23002163, -21.0042643 , -16.41763476,
       -32.72994966, -11.6818848 , -24.31418328, -48.78084356,
       -33.56283772, -48.25984354, -22.90062973, -49.48910328,
       -29.0272248 , -47.33231472, -31.54100898, -61.1574454 ,
       -36.30882181, -29.4373202 , -34.36826905, -38.23084933,
       -47.21460156, -26.26702993, -29.30660038, -46.75035542,
       -33.78240566, -25.741275  , -18.00184937, -35.36146727,
       -20.67035977, -51.83125275, -52.02399414, -42.79259241,
       -69.45509713, -26.78422192, -32.81918379, -14.67784793,
       -52.32116058, -48.01077984, -32.36810345, -46.38232697,
       -52.32425812]), 'explained_variance': array([-2.22044605e-16,  0.00000000e+00,  1.11022302e-16,  0.00000000e+00,
        0.00000000e+00,  0.00000000e+00,  0.00000000e+00,  0.00000000e+00,
        0.00000000e+00,  3.33066907e-16,  1.11022302e-16, -2.22044605e-16,
        0.00000000e+00,  0.00000000e+00,  2.22044605e-16,  0.00000000e+00,
        2.22044605e-16,  0.00000000e+00,  0.00000000e+00,  0.00000000e+00,
        0.00000000e+00, -2.22044605e-16, -2.22044605e-16, -2.22044605e-16,
        0.00000000e+00,  0.00000000e+00,  0.00000000e+00,  0.00000000e+00,
        0.00000000e+00,  0.00000000e+00, -2.22044605e-16,  0.00000000e+00,
        0.00000000e+00,  0.00000000e+00,  0.00000000e+00,  3.33066907e-16,
        0.00000000e+00,  0.00000000e+00,  0.00000000e+00,  0.00000000e+00,
        0.00000000e+00,  1.11022302e-16,  0.00000000e+00,  0.00000000e+00,
       -2.22044605e-16, -2.22044605e-16,  0.00000000e+00,  0.00000000e+00,
        1.11022302e-16, -2.22044605e-16,  0.00000000e+00, -2.22044605e-16,
       -2.22044605e-16])}
         accs  y_pred (s)  y_true (s)
54    [11, 2]   15.681896      19.499
4    [45, 24]   24.067324      26.335
3    [45, 24]   24.067324      27.642
11   [45, 24]   24.067324      18.893
27   [29, 16]   19.893729      65.978
29   [29, 16]   19.893729      45.143
64    [11, 2]   15.681896      30.560
77   [16, 11]   16.779581      12.834
124  [26, 16]   19.266117      45.263
71    [11, 2]   15.681896       9.629
25   [29, 16]   19.893729      19.467
91     [2, 5]   14.073290      14.879
83   [16, 11]   16.779581      24.338
89   [16, 11]   16.779581      11.455
69    [11, 2]   15.681896       9.069
{'mse': 279.2475290801691, 'mae': 11.422498740065148, 'r2-score': -0.14215935144957825, 'max-error': 64.85600925421352, 'explained variance score': 0.08298271000227331, 'layers': ['mbconv3', 'conv2']}
