environment: line 5: __conda_exe: command not found
Using device: cuda
Using model: efficientnetB4
Number of videos: 64
Execution type : naive
Using 2 features
Job ID : 10
Plotting ?  yes
Calculate accumulators ?  no
The directory contains : 65 videos
Number of videos in the directory : 65
Number of videos in the dataframe : 64
['conv1', 'mbconv1', 'mbconv2', 'mbconv3', 'mbconv4', 'mbconv5', 'mbconv6', 'mbconv7', 'conv2', 'pool', 'output']
{'conv1': {'T_max': 773.9153770208359, 'T_min': 474.00882083177567, 'tau': 100, 'alpha': 50}, 'mbconv1': {'T_max': 3485.9428219795227, 'T_min': 2560.6904525756836, 'tau': 100, 'alpha': 50}, 'mbconv2': {'T_max': 2793.179835796356, 'T_min': 1976.7829375267029, 'tau': 100, 'alpha': 50}, 'mbconv3': {'T_max': 1668.251520872116, 'T_min': 1083.705378293991, 'tau': 100, 'alpha': 50}, 'mbconv4': {'T_max': 817.8574377298355, 'T_min': 502.0499846339226, 'tau': 100, 'alpha': 50}, 'mbconv5': {'T_max': 940.7537368535995, 'T_min': 533.222236931324, 'tau': 100, 'alpha': 50}, 'mbconv6': {'T_max': 628.3391550779343, 'T_min': 341.6495691537857, 'tau': 100, 'alpha': 50}, 'mbconv7': {'T_max': 368.16851300001144, 'T_min': 200.31917816400528, 'tau': 100, 'alpha': 50}, 'conv2': {'T_max': 79.04693293571472, 'T_min': 40.3972128406167, 'tau': 100, 'alpha': 50}, 'pool': {'T_max': 1.9010385829024017, 'T_min': 0.9983048296999186, 'tau': 100, 'alpha': 50}, 'output': {'T_max': 12.80766905657947, 'T_min': 6.51999241206795, 'tau': 100, 'alpha': 50}}
Iterating over following combinations of layers :  [['conv1'], ['mbconv1'], ['mbconv2'], ['mbconv3'], ['mbconv4'], ['mbconv5'], ['mbconv6'], ['mbconv7'], ['conv2'], ['pool'], ['output'], ['conv1', 'mbconv1'], ['conv1', 'mbconv2'], ['conv1', 'mbconv3'], ['conv1', 'mbconv4'], ['conv1', 'mbconv5'], ['conv1', 'mbconv6'], ['conv1', 'mbconv7'], ['conv1', 'conv2'], ['conv1', 'pool'], ['conv1', 'output'], ['mbconv1', 'mbconv2'], ['mbconv1', 'mbconv3'], ['mbconv1', 'mbconv4'], ['mbconv1', 'mbconv5'], ['mbconv1', 'mbconv6'], ['mbconv1', 'mbconv7'], ['mbconv1', 'conv2'], ['mbconv1', 'pool'], ['mbconv1', 'output'], ['mbconv2', 'mbconv3'], ['mbconv2', 'mbconv4'], ['mbconv2', 'mbconv5'], ['mbconv2', 'mbconv6'], ['mbconv2', 'mbconv7'], ['mbconv2', 'conv2'], ['mbconv2', 'pool'], ['mbconv2', 'output'], ['mbconv3', 'mbconv4'], ['mbconv3', 'mbconv5'], ['mbconv3', 'mbconv6'], ['mbconv3', 'mbconv7'], ['mbconv3', 'conv2'], ['mbconv3', 'pool'], ['mbconv3', 'output'], ['mbconv4', 'mbconv5'], ['mbconv4', 'mbconv6'], ['mbconv4', 'mbconv7'], ['mbconv4', 'conv2'], ['mbconv4', 'pool'], ['mbconv4', 'output'], ['mbconv5', 'mbconv6'], ['mbconv5', 'mbconv7'], ['mbconv5', 'conv2'], ['mbconv5', 'pool'], ['mbconv5', 'output'], ['mbconv6', 'mbconv7'], ['mbconv6', 'conv2'], ['mbconv6', 'pool'], ['mbconv6', 'output'], ['mbconv7', 'conv2'], ['mbconv7', 'pool'], ['mbconv7', 'output'], ['conv2', 'pool'], ['conv2', 'output'], ['pool', 'output']]
[['output']]
Generating the training set for videos : 
TRAINING SET : contains 962 samples, 37 patients based on 56 videos
TEST SET : contains 127 samples, 37 patients based on 8 videos
Dataset constituted.
--------------------NAIVE IMPLEMENTATION-------------------
Number of folds : 53
Grid search.
The best parameters are : {'C': 1}
Metrics obtained during CV : 
{'r2': array([-9.39121899e-02, -2.92014357e-03, -3.61132172e-01, -4.73524763e-03,
       -4.03234069e-02, -9.71192634e-02, -1.49539214e-02, -1.80447490e-03,
       -2.94301585e-03, -1.41531433e-02, -9.42759176e-02, -6.34830990e-01,
       -9.62822481e-02, -1.94997253e-01, -4.31221679e-02, -1.17466086e-02,
       -7.83678902e-02, -1.10655900e+00, -1.61437496e-01, -2.37978278e-01,
       -7.30076090e-02, -8.36501669e-01, -8.03702789e-02, -4.94365958e-01,
       -1.35243385e-01, -6.10130552e-02, -1.64350161e-01, -4.24261908e-01,
       -2.40529886e-01, -3.69665207e-02, -1.58514790e-01, -2.23601593e-01,
       -2.73311472e-01, -2.58532715e-04, -6.22387738e-01, -3.02992015e-01,
       -1.56855139e-01, -1.65985293e-03, -7.04859144e-02, -3.95444903e-02,
       -1.47183176e-02, -2.88995523e-01, -7.02180749e-01, -1.34433147e-01,
       -3.81930845e-01, -6.79003545e-02, -1.10431883e-01, -2.12552203e-01,
       -2.93922231e-01, -6.18023046e-01, -6.82249563e-03, -6.36110116e-01,
       -2.84224129e-02]), 'neg_mean_absolute_error': array([ -7.99047   , -11.21701471, -10.67438252, -11.24587737,
       -10.28132475,  -6.14575058,  -8.21284385,  -6.39435904,
        -6.73372409,  -7.32058637,  -7.76779374, -14.12302575,
       -13.36929829, -13.71586564,  -6.91185432,  -7.53092571,
       -13.21302817,  -6.70403547,  -8.42171675,  -9.9951302 ,
        -9.17311111, -14.69657755,  -8.33079789, -11.80092558,
        -9.18232293,  -9.58740196,  -9.25444212, -16.6983202 ,
       -10.48122222, -10.25894444, -11.88567954, -11.33853475,
       -11.5577667 ,  -8.09490185, -12.76138923, -11.25524386,
       -12.06536539,  -6.90798691,  -6.48533264,  -7.30300001,
        -7.564269  , -12.57230635, -14.71896479,  -8.90210858,
       -21.4184854 ,  -7.95828967,  -9.60887671,  -5.98567721,
        -9.44898698, -17.3071264 ,  -8.16567135, -15.80066882,
       -10.39913494]), 'neg_mean_squared_error': array([-122.00112932, -191.41980051, -129.30283877, -176.85987056,
       -133.13093971,  -50.63155583, -129.3718828 ,  -93.03993612,
        -65.44297763,  -78.83764364, -101.94524961, -337.167429  ,
       -331.00784605, -304.64482441,  -76.03168791,  -82.69001891,
       -269.88358782,  -59.33834714, -111.19103772, -228.66104457,
       -155.15673204, -398.26353677, -117.13798139, -292.23441832,
       -129.20350651, -256.56514381, -161.84803415, -555.02420495,
       -233.70057331, -151.68608791, -227.24308451, -226.62030045,
       -276.61394093, -116.12372197, -230.41928132, -247.39670803,
       -189.99994265,  -74.38397562,  -68.37729086, -111.65194577,
        -81.740766  , -292.88885365, -416.92670425, -176.11964258,
       -813.35350088, -109.44671228, -145.85355678,  -52.85750483,
       -228.59969018, -503.06517931, -119.68608286, -495.93518047,
       -240.02829912]), 'max_error': array([-35.87720467, -31.66524015, -18.1624742 , -29.47344333,
       -22.38354711, -13.7780821 , -29.76498897, -32.88863563,
       -18.1154141 , -19.96928633, -24.96102702, -34.76140811,
       -56.68755583, -38.78288943, -21.60653827, -16.33286282,
       -35.70746479, -11.74974414, -26.41954929, -48.15058591,
       -33.84746996, -48.80583959, -24.00068102, -50.66555503,
       -29.33331872, -46.91788235, -34.94565971, -62.47647044,
       -36.22837254, -29.44732907, -33.51880793, -37.16093758,
       -45.47185007, -25.97097667, -29.18883435, -46.33992369,
       -30.16024231, -23.64280891, -17.49925155, -34.3325001 ,
       -19.57251976, -50.33008571, -51.71593662, -42.74682575,
       -72.53278955, -26.24092432, -31.73290406, -13.69235535,
       -51.73968267, -47.16434987, -31.81119568, -49.81628351,
       -50.77346025]), 'explained_variance': array([-4.44089210e-16,  0.00000000e+00,  1.11022302e-16,  1.11022302e-16,
        0.00000000e+00,  0.00000000e+00,  0.00000000e+00, -2.22044605e-16,
        0.00000000e+00,  3.33066907e-16,  1.11022302e-16,  1.11022302e-16,
        0.00000000e+00,  1.11022302e-16,  2.22044605e-16,  0.00000000e+00,
        0.00000000e+00,  0.00000000e+00,  0.00000000e+00,  0.00000000e+00,
        2.22044605e-16, -2.22044605e-16, -2.22044605e-16,  0.00000000e+00,
        0.00000000e+00,  0.00000000e+00,  0.00000000e+00,  0.00000000e+00,
        0.00000000e+00, -2.22044605e-16,  0.00000000e+00,  0.00000000e+00,
        1.11022302e-16,  0.00000000e+00,  0.00000000e+00,  3.33066907e-16,
        0.00000000e+00,  0.00000000e+00,  0.00000000e+00,  0.00000000e+00,
        0.00000000e+00,  0.00000000e+00,  0.00000000e+00,  0.00000000e+00,
       -4.44089210e-16, -2.22044605e-16,  0.00000000e+00,  0.00000000e+00,
        0.00000000e+00,  0.00000000e+00,  0.00000000e+00, -2.22044605e-16,
        0.00000000e+00])}
     accs  y_pred (s)  y_true (s)
54    [2]   14.691300      19.499
4    [24]   21.510614      26.335
3    [24]   21.510614      27.642
11   [24]   21.510614      18.893
27   [15]   18.438625      65.978
29   [15]   18.438625      45.143
64    [2]   14.691300      30.560
77    [8]   16.328249      12.834
124  [15]   18.438625      45.263
71    [2]   14.691300       9.629
25   [15]   18.438625      19.467
91    [5]   15.451931      14.879
83    [8]   16.328249      24.338
89    [8]   16.328249      11.455
69    [2]   14.691300       9.069
{'mse': 289.9106374244315, 'mae': 11.63583107845578, 'r2-score': -0.1857728758056807, 'max-error': 63.698216263392794, 'explained variance score': 0.07430539838836814, 'layers': ['output']}
