environment: line 5: __conda_exe: command not found
Using device: cuda
Using model: efficientnetB4
Number of videos: 64
Execution type : naive
Using 2 features
Job ID : 38
Plotting ?  yes
Calculate accumulators ?  no
The directory contains : 65 videos
Number of videos in the directory : 65
Number of videos in the dataframe : 64
['conv1', 'mbconv1', 'mbconv2', 'mbconv3', 'mbconv4', 'mbconv5', 'mbconv6', 'mbconv7', 'conv2', 'pool', 'output']
{'conv1': {'T_max': 773.9153770208359, 'T_min': 474.00882083177567, 'tau': 100, 'alpha': 50}, 'mbconv1': {'T_max': 3485.9428219795227, 'T_min': 2560.6904525756836, 'tau': 100, 'alpha': 50}, 'mbconv2': {'T_max': 2793.179835796356, 'T_min': 1976.7829375267029, 'tau': 100, 'alpha': 50}, 'mbconv3': {'T_max': 1668.251520872116, 'T_min': 1083.705378293991, 'tau': 100, 'alpha': 50}, 'mbconv4': {'T_max': 817.8574377298355, 'T_min': 502.0499846339226, 'tau': 100, 'alpha': 50}, 'mbconv5': {'T_max': 940.7537368535995, 'T_min': 533.222236931324, 'tau': 100, 'alpha': 50}, 'mbconv6': {'T_max': 628.3391550779343, 'T_min': 341.6495691537857, 'tau': 100, 'alpha': 50}, 'mbconv7': {'T_max': 368.16851300001144, 'T_min': 200.31917816400528, 'tau': 100, 'alpha': 50}, 'conv2': {'T_max': 79.04693293571472, 'T_min': 40.3972128406167, 'tau': 100, 'alpha': 50}, 'pool': {'T_max': 1.9010385829024017, 'T_min': 0.9983048296999186, 'tau': 100, 'alpha': 50}, 'output': {'T_max': 12.80766905657947, 'T_min': 6.51999241206795, 'tau': 100, 'alpha': 50}}
Iterating over following combinations of layers :  [['conv1'], ['mbconv1'], ['mbconv2'], ['mbconv3'], ['mbconv4'], ['mbconv5'], ['mbconv6'], ['mbconv7'], ['conv2'], ['pool'], ['output'], ['conv1', 'mbconv1'], ['conv1', 'mbconv2'], ['conv1', 'mbconv3'], ['conv1', 'mbconv4'], ['conv1', 'mbconv5'], ['conv1', 'mbconv6'], ['conv1', 'mbconv7'], ['conv1', 'conv2'], ['conv1', 'pool'], ['conv1', 'output'], ['mbconv1', 'mbconv2'], ['mbconv1', 'mbconv3'], ['mbconv1', 'mbconv4'], ['mbconv1', 'mbconv5'], ['mbconv1', 'mbconv6'], ['mbconv1', 'mbconv7'], ['mbconv1', 'conv2'], ['mbconv1', 'pool'], ['mbconv1', 'output'], ['mbconv2', 'mbconv3'], ['mbconv2', 'mbconv4'], ['mbconv2', 'mbconv5'], ['mbconv2', 'mbconv6'], ['mbconv2', 'mbconv7'], ['mbconv2', 'conv2'], ['mbconv2', 'pool'], ['mbconv2', 'output'], ['mbconv3', 'mbconv4'], ['mbconv3', 'mbconv5'], ['mbconv3', 'mbconv6'], ['mbconv3', 'mbconv7'], ['mbconv3', 'conv2'], ['mbconv3', 'pool'], ['mbconv3', 'output'], ['mbconv4', 'mbconv5'], ['mbconv4', 'mbconv6'], ['mbconv4', 'mbconv7'], ['mbconv4', 'conv2'], ['mbconv4', 'pool'], ['mbconv4', 'output'], ['mbconv5', 'mbconv6'], ['mbconv5', 'mbconv7'], ['mbconv5', 'conv2'], ['mbconv5', 'pool'], ['mbconv5', 'output'], ['mbconv6', 'mbconv7'], ['mbconv6', 'conv2'], ['mbconv6', 'pool'], ['mbconv6', 'output'], ['mbconv7', 'conv2'], ['mbconv7', 'pool'], ['mbconv7', 'output'], ['conv2', 'pool'], ['conv2', 'output'], ['pool', 'output']]
[['mbconv3', 'mbconv4']]
Generating the training set for videos : 
TRAINING SET : contains 962 samples, 37 patients based on 56 videos
TEST SET : contains 127 samples, 37 patients based on 8 videos
Dataset constituted.
--------------------NAIVE IMPLEMENTATION-------------------
Number of folds : 53
Grid search.
The best parameters are : {'C': 100.0}
Metrics obtained during CV : 
{'r2': array([-9.67101830e-02, -1.85402357e-02, -1.18150250e-02, -7.78118010e-02,
       -2.02827871e-02, -5.20261834e-02, -8.46031781e-02, -5.53786798e-02,
       -1.10597929e-01, -7.41674586e-02, -1.42246281e-01, -4.05918978e-01,
       -4.06891036e-01, -2.07295165e-01, -2.02161901e-01, -1.71877706e-01,
       -2.53869641e-02, -1.16878229e+00, -6.94384931e-02, -2.02587636e-01,
       -7.83924439e-02, -1.05169078e+00, -9.88754531e-02, -1.64290215e-01,
       -4.29521629e-02, -1.11606185e-05, -1.53587282e-01, -3.28685562e-01,
       -1.30069880e-01, -8.94634927e-02, -1.73287080e-01, -4.25348549e-01,
       -7.12286567e-01, -1.01126165e-02, -1.16290618e+00, -9.06086590e-01,
       -1.02663291e-01, -4.03093456e-02, -1.45613636e-01, -3.47944729e-02,
       -1.08711814e-03, -5.50173931e-01, -4.76839307e-01, -2.95706540e-03,
       -8.78428063e-02, -5.42667540e-02, -1.65825229e-01, -1.04663437e-01,
       -2.34586444e-01, -7.17503772e-01, -1.23300967e-02, -3.00864633e-03,
       -7.84761157e-02]), 'neg_mean_absolute_error': array([ -8.02825198, -11.1173058 ,  -8.61814295, -10.92782332,
        -9.15985599,  -5.87690416,  -8.00143526,  -6.08595338,
        -7.30709079,  -7.95666137,  -7.87464461, -13.13953423,
       -15.00708501, -13.77347938,  -7.74905945,  -7.84467941,
       -13.85695963,  -6.82202691,  -8.57205067,  -9.88117183,
        -9.17311111, -15.75857351,  -8.3666038 , -10.72569816,
        -8.2310393 , -10.75692979,  -9.20139089, -16.16706288,
       -10.48122222, -10.25894444, -11.94213204, -12.20515617,
       -13.66170959,  -8.60060874, -14.26590072, -14.01924732,
        -9.44361111,  -6.74473701,  -6.94569705,  -7.28880738,
        -7.21185039, -13.76060413, -13.43713379,  -8.50573457,
       -19.58377778,  -7.94183895,  -9.65937374,  -5.64871224,
        -9.13261645, -17.87573424,  -8.18637898, -14.70983451,
        -9.97310408]), 'neg_mean_squared_error': array([-122.31318209, -194.40108965,  -96.11892054, -189.72326895,
       -130.56632708,  -48.55053066, -138.24977892,  -98.01549845,
        -72.46756223,  -83.50300136, -106.41427852, -289.95663169,
       -424.7920389 , -307.7799743 ,  -87.62386733,  -95.7775285 ,
       -256.62402903,  -61.09107642, -102.38344828, -222.12420845,
       -155.93537832, -444.92942239, -119.14438492, -227.68564274,
       -118.69972413, -241.81418502, -160.35196287, -517.77881847,
       -212.89126683, -159.36527538, -230.14067448, -263.98536771,
       -371.9768066 , -117.2677191 , -307.18630067, -361.90517057,
       -181.09956456,  -77.25411453,  -73.17607427, -111.14177166,
        -80.64270296, -352.23447819, -361.73229268, -155.70810876,
       -640.26413327, -108.04943515, -153.12938945,  -48.15442406,
       -218.11672427, -533.995078  , -120.34079927, -304.03043724,
       -251.71056607]), 'max_error': array([-35.82934749, -32.79981018, -16.58225681, -34.08735698,
       -26.2662454 , -14.34564677, -31.66826994, -34.74711416,
       -15.86725499, -16.51920485, -25.63774923, -32.46873578,
       -62.37980216, -39.00182165, -19.54076337, -16.7453232 ,
       -28.7581534 , -11.90456743, -25.06654398, -47.63777325,
       -33.96516197, -50.4391936 , -24.32293423, -46.50128347,
       -31.04562925, -43.12878298, -34.78650599, -60.9358553 ,
       -34.44699654, -30.7394852 , -33.77284416, -39.60135137,
       -50.20572158, -25.06070427, -32.63851775, -51.87145431,
       -39.34207811, -25.02186695, -16.57134532, -34.20476638,
       -20.36546163, -53.4074843 , -49.40864082, -38.85594444,
       -64.73012091, -25.96126217, -32.59135351, -14.60029729,
       -50.97135424, -48.2383869 , -33.9224426 , -36.88541197,
       -52.47758367]), 'explained_variance': array([-2.22044605e-16,  1.11022302e-16,  1.11022302e-16,  1.11022302e-16,
        0.00000000e+00,  0.00000000e+00,  0.00000000e+00,  0.00000000e+00,
        0.00000000e+00,  3.33066907e-16,  1.11022302e-16, -2.22044605e-16,
        0.00000000e+00,  0.00000000e+00,  2.22044605e-16,  0.00000000e+00,
        0.00000000e+00,  0.00000000e+00,  0.00000000e+00,  0.00000000e+00,
        2.22044605e-16, -2.22044605e-16, -2.22044605e-16, -2.22044605e-16,
        0.00000000e+00,  0.00000000e+00,  0.00000000e+00,  0.00000000e+00,
        0.00000000e+00, -2.22044605e-16,  0.00000000e+00,  0.00000000e+00,
        0.00000000e+00,  0.00000000e+00,  0.00000000e+00,  1.11022302e-16,
       -4.44089210e-16,  0.00000000e+00, -2.22044605e-16,  2.22044605e-16,
        0.00000000e+00,  0.00000000e+00,  0.00000000e+00,  0.00000000e+00,
       -4.44089210e-16, -2.22044605e-16,  0.00000000e+00,  0.00000000e+00,
        1.11022302e-16, -2.22044605e-16,  0.00000000e+00,  0.00000000e+00,
       -2.22044605e-16])}
         accs  y_pred (s)  y_true (s)
54   [11, 10]   18.258308      19.499
4    [45, 43]   24.755337      26.335
3    [45, 43]   24.755337      27.642
11   [45, 43]   24.755337      18.893
27   [29, 28]   18.008865      65.978
29   [29, 28]   18.008865      45.143
64   [11, 10]   18.258308      30.560
77   [16, 14]   19.365748      12.834
124  [26, 25]   16.510566      45.263
71   [11, 10]   18.258308       9.629
25   [29, 28]   18.008865      19.467
91     [2, 2]   14.075602      14.879
83   [16, 14]   19.365748      24.338
89   [16, 14]   19.365748      11.455
69   [11, 10]   18.258308       9.069
{'mse': 290.27960606857005, 'mae': 11.77768643462996, 'r2-score': -0.18728200639201953, 'max-error': 62.79715978219514, 'explained variance score': 0.01120820294498881, 'layers': ['mbconv3', 'mbconv4']}
