environment: line 5: __conda_exe: command not found
Using device: cuda
Using model: efficientnetB4
Number of videos: 64
Execution type : naive
Using 2 features
Job ID : 48
Plotting ?  yes
Calculate accumulators ?  no
The directory contains : 65 videos
Number of videos in the directory : 65
Number of videos in the dataframe : 64
['conv1', 'mbconv1', 'mbconv2', 'mbconv3', 'mbconv4', 'mbconv5', 'mbconv6', 'mbconv7', 'conv2', 'pool', 'output']
{'conv1': {'T_max': 773.9153770208359, 'T_min': 474.00882083177567, 'tau': 100, 'alpha': 50}, 'mbconv1': {'T_max': 3485.9428219795227, 'T_min': 2560.6904525756836, 'tau': 100, 'alpha': 50}, 'mbconv2': {'T_max': 2793.179835796356, 'T_min': 1976.7829375267029, 'tau': 100, 'alpha': 50}, 'mbconv3': {'T_max': 1668.251520872116, 'T_min': 1083.705378293991, 'tau': 100, 'alpha': 50}, 'mbconv4': {'T_max': 817.8574377298355, 'T_min': 502.0499846339226, 'tau': 100, 'alpha': 50}, 'mbconv5': {'T_max': 940.7537368535995, 'T_min': 533.222236931324, 'tau': 100, 'alpha': 50}, 'mbconv6': {'T_max': 628.3391550779343, 'T_min': 341.6495691537857, 'tau': 100, 'alpha': 50}, 'mbconv7': {'T_max': 368.16851300001144, 'T_min': 200.31917816400528, 'tau': 100, 'alpha': 50}, 'conv2': {'T_max': 79.04693293571472, 'T_min': 40.3972128406167, 'tau': 100, 'alpha': 50}, 'pool': {'T_max': 1.9010385829024017, 'T_min': 0.9983048296999186, 'tau': 100, 'alpha': 50}, 'output': {'T_max': 12.80766905657947, 'T_min': 6.51999241206795, 'tau': 100, 'alpha': 50}}
Iterating over following combinations of layers :  [['conv1'], ['mbconv1'], ['mbconv2'], ['mbconv3'], ['mbconv4'], ['mbconv5'], ['mbconv6'], ['mbconv7'], ['conv2'], ['pool'], ['output'], ['conv1', 'mbconv1'], ['conv1', 'mbconv2'], ['conv1', 'mbconv3'], ['conv1', 'mbconv4'], ['conv1', 'mbconv5'], ['conv1', 'mbconv6'], ['conv1', 'mbconv7'], ['conv1', 'conv2'], ['conv1', 'pool'], ['conv1', 'output'], ['mbconv1', 'mbconv2'], ['mbconv1', 'mbconv3'], ['mbconv1', 'mbconv4'], ['mbconv1', 'mbconv5'], ['mbconv1', 'mbconv6'], ['mbconv1', 'mbconv7'], ['mbconv1', 'conv2'], ['mbconv1', 'pool'], ['mbconv1', 'output'], ['mbconv2', 'mbconv3'], ['mbconv2', 'mbconv4'], ['mbconv2', 'mbconv5'], ['mbconv2', 'mbconv6'], ['mbconv2', 'mbconv7'], ['mbconv2', 'conv2'], ['mbconv2', 'pool'], ['mbconv2', 'output'], ['mbconv3', 'mbconv4'], ['mbconv3', 'mbconv5'], ['mbconv3', 'mbconv6'], ['mbconv3', 'mbconv7'], ['mbconv3', 'conv2'], ['mbconv3', 'pool'], ['mbconv3', 'output'], ['mbconv4', 'mbconv5'], ['mbconv4', 'mbconv6'], ['mbconv4', 'mbconv7'], ['mbconv4', 'conv2'], ['mbconv4', 'pool'], ['mbconv4', 'output'], ['mbconv5', 'mbconv6'], ['mbconv5', 'mbconv7'], ['mbconv5', 'conv2'], ['mbconv5', 'pool'], ['mbconv5', 'output'], ['mbconv6', 'mbconv7'], ['mbconv6', 'conv2'], ['mbconv6', 'pool'], ['mbconv6', 'output'], ['mbconv7', 'conv2'], ['mbconv7', 'pool'], ['mbconv7', 'output'], ['conv2', 'pool'], ['conv2', 'output'], ['pool', 'output']]
[['mbconv4', 'conv2']]
Generating the training set for videos : 
TRAINING SET : contains 962 samples, 37 patients based on 56 videos
TEST SET : contains 127 samples, 37 patients based on 8 videos
Dataset constituted.
--------------------NAIVE IMPLEMENTATION-------------------
Number of folds : 53
Grid search.
The best parameters are : {'C': 1}
Metrics obtained during CV : 
{'r2': array([-1.42928772e-01, -2.35391609e-02, -2.49437562e-01, -5.32968765e-02,
       -4.17021482e-02, -4.53286239e-02, -3.91514874e-02, -5.16929846e-02,
       -5.99111741e-02, -4.02977892e-03, -1.79019524e-01, -5.77763171e-01,
       -2.25508108e-01, -8.16501361e-02, -6.08098620e-02, -1.48869555e-02,
       -6.16264613e-03, -1.04897366e+00, -3.50723841e-02, -2.83663599e-01,
       -6.60708263e-02, -8.01370449e-01, -3.87705514e-02, -3.89224232e-01,
       -1.61912744e-01, -8.00217027e-02, -1.18200706e-03, -3.11971193e-01,
       -2.50121669e-01, -3.54496860e-02, -1.47141869e-01, -2.68783070e-01,
       -3.79375769e-01, -1.46491873e-04, -6.14727079e-01, -3.06238968e-01,
       -1.62163494e-03, -5.94977773e-02, -1.51454303e-02, -8.52672962e-02,
       -3.58529476e-04, -3.84966894e-01, -7.87882813e-01, -1.62765704e-01,
       -2.08154413e-01, -8.75574409e-02, -1.65496177e-01, -1.31912874e-01,
       -3.43874243e-01, -7.34234076e-01, -5.61595964e-04, -3.59262188e-01,
       -6.20849749e-02]), 'neg_mean_absolute_error': array([ -8.58749356, -11.12985753, -10.2057501 , -10.9614016 ,
       -10.29551233,  -5.82803298,  -8.07810967,  -6.08191301,
        -7.12046143,  -7.39783123,  -7.94467511, -13.81826128,
       -13.96357061, -13.19426019,  -7.03432873,  -7.5114692 ,
       -13.38075292,  -6.60331239,  -8.65493118, -10.13034372,
        -9.17311111, -14.53776665,  -8.24094444, -11.26295863,
        -9.38756387,  -9.52542047,  -8.76118419, -16.06989135,
       -10.48122222, -10.25894444, -11.84040049, -11.54529157,
       -12.16791701,  -8.07110436, -12.74204243, -11.27325807,
        -9.9331365 ,  -6.70342125,  -6.02615372,  -7.41026084,
        -7.15585838, -12.98871772, -15.15079021,  -9.05491284,
       -20.19617599,  -7.97932543,  -9.65910122,  -5.72479182,
        -9.69123685, -17.96739117,  -8.1303614 , -14.61117574,
       -10.09137803]), 'neg_mean_squared_error': array([-127.46781896, -195.35519677, -118.69223799, -185.40799647,
       -133.30737824,  -48.24144133, -132.45624419,  -97.67319927,
        -69.16020368,  -78.05067946, -109.84015794, -325.39776604,
       -370.02587609, -275.748848  ,  -77.32091872,  -82.94667937,
       -251.81275085,  -57.71626177,  -99.0933846 , -237.09936169,
       -154.15367434, -390.64498447, -112.62757583, -271.67316903,
       -132.23878054, -261.1616531 , -139.16718962, -511.26535388,
       -235.50754729, -151.46420735, -225.01228214, -234.98825291,
       -299.65532847, -116.11071474, -229.33127792, -248.01320103,
       -164.50465296,  -78.67906116,  -64.84241728, -116.56278922,
        -80.5840114 , -314.69571354, -437.91829333, -180.51824448,
       -711.07510533, -111.46132298, -153.086169  ,  -49.34227991,
       -237.42480667, -539.19675508, -118.94181805, -412.01746242,
       -247.88496132]), 'max_error': array([-35.12097482, -33.03829314, -17.17313911, -33.44936967,
       -22.34503796, -14.44881927, -30.61830541, -34.67034713,
       -16.57644656, -19.48006887, -26.08127568, -34.23499675,
       -59.54740595, -36.29464789, -21.27410774, -16.20963824,
       -32.52069448, -11.60253349, -24.3206194 , -48.75904675,
       -33.68926056, -48.51997996, -23.09900396, -49.55754256,
       -28.96388503, -47.47571579, -30.57134232, -60.64434071,
       -36.36127861, -29.399121  , -33.31505221, -37.78120805,
       -46.84468827, -26.01381216, -29.13079397, -46.38045565,
       -34.71975718, -25.39370876, -18.63753885, -35.29784753,
       -20.49144364, -51.57931984, -52.49322238, -43.20523852,
       -68.60829197, -26.59853223, -32.58672078, -14.33830782,
       -52.32800377, -48.41151666, -32.97014379, -46.36590593,
       -52.00448788]), 'explained_variance': array([-4.44089210e-16,  0.00000000e+00,  1.11022302e-16,  0.00000000e+00,
        2.22044605e-16,  0.00000000e+00,  0.00000000e+00, -2.22044605e-16,
        0.00000000e+00,  3.33066907e-16,  1.11022302e-16,  0.00000000e+00,
       -2.22044605e-16,  0.00000000e+00,  2.22044605e-16,  0.00000000e+00,
        2.22044605e-16,  0.00000000e+00,  0.00000000e+00, -2.22044605e-16,
        2.22044605e-16, -2.22044605e-16, -2.22044605e-16, -2.22044605e-16,
        0.00000000e+00,  0.00000000e+00,  0.00000000e+00,  1.11022302e-16,
        0.00000000e+00, -2.22044605e-16,  0.00000000e+00,  0.00000000e+00,
        1.11022302e-16,  2.22044605e-16,  0.00000000e+00,  1.11022302e-16,
        0.00000000e+00,  0.00000000e+00,  0.00000000e+00,  0.00000000e+00,
        0.00000000e+00,  1.11022302e-16,  0.00000000e+00,  0.00000000e+00,
        0.00000000e+00,  0.00000000e+00,  0.00000000e+00,  0.00000000e+00,
        0.00000000e+00, -2.22044605e-16,  2.22044605e-16,  0.00000000e+00,
       -2.22044605e-16])}
         accs  y_pred (s)  y_true (s)
54    [10, 2]   15.227564      19.499
4    [43, 24]   24.621100      26.335
3    [43, 24]   24.621100      27.642
11   [43, 24]   24.621100      18.893
27   [28, 16]   19.946842      65.978
29   [28, 16]   19.946842      45.143
64    [10, 2]   15.227564      30.560
77   [14, 11]   16.512557      12.834
124  [25, 16]   19.225167      45.263
71    [10, 2]   15.227564       9.629
25   [28, 16]   19.946842      19.467
91     [2, 5]   14.283870      14.879
83   [14, 11]   16.512557      24.338
89   [14, 11]   16.512557      11.455
69    [10, 2]   15.227564       9.069
{'mse': 277.7689038539251, 'mae': 11.37671598207799, 'r2-score': -0.13611157858295075, 'max-error': 65.02455595948896, 'explained variance score': 0.09002858550803872, 'layers': ['mbconv4', 'conv2']}
