environment: line 5: __conda_exe: command not found
Using device: cuda
Using model: efficientnetB4
Number of videos: 64
Execution type : naive
Using 2 features
Job ID : 2
Plotting ?  yes
Calculate accumulators ?  no
The directory contains : 65 videos
Number of videos in the directory : 65
Number of videos in the dataframe : 64
['conv1', 'mbconv1', 'mbconv2', 'mbconv3', 'mbconv4', 'mbconv5', 'mbconv6', 'mbconv7', 'conv2', 'pool', 'output']
{'conv1': {'T_max': 773.9153770208359, 'T_min': 474.00882083177567, 'tau': 100, 'alpha': 50}, 'mbconv1': {'T_max': 3485.9428219795227, 'T_min': 2560.6904525756836, 'tau': 100, 'alpha': 50}, 'mbconv2': {'T_max': 2793.179835796356, 'T_min': 1976.7829375267029, 'tau': 100, 'alpha': 50}, 'mbconv3': {'T_max': 1668.251520872116, 'T_min': 1083.705378293991, 'tau': 100, 'alpha': 50}, 'mbconv4': {'T_max': 817.8574377298355, 'T_min': 502.0499846339226, 'tau': 100, 'alpha': 50}, 'mbconv5': {'T_max': 940.7537368535995, 'T_min': 533.222236931324, 'tau': 100, 'alpha': 50}, 'mbconv6': {'T_max': 628.3391550779343, 'T_min': 341.6495691537857, 'tau': 100, 'alpha': 50}, 'mbconv7': {'T_max': 368.16851300001144, 'T_min': 200.31917816400528, 'tau': 100, 'alpha': 50}, 'conv2': {'T_max': 79.04693293571472, 'T_min': 40.3972128406167, 'tau': 100, 'alpha': 50}, 'pool': {'T_max': 1.9010385829024017, 'T_min': 0.9983048296999186, 'tau': 100, 'alpha': 50}, 'output': {'T_max': 12.80766905657947, 'T_min': 6.51999241206795, 'tau': 100, 'alpha': 50}}
Iterating over following combinations of layers :  [['conv1'], ['mbconv1'], ['mbconv2'], ['mbconv3'], ['mbconv4'], ['mbconv5'], ['mbconv6'], ['mbconv7'], ['conv2'], ['pool'], ['output'], ['conv1', 'mbconv1'], ['conv1', 'mbconv2'], ['conv1', 'mbconv3'], ['conv1', 'mbconv4'], ['conv1', 'mbconv5'], ['conv1', 'mbconv6'], ['conv1', 'mbconv7'], ['conv1', 'conv2'], ['conv1', 'pool'], ['conv1', 'output'], ['mbconv1', 'mbconv2'], ['mbconv1', 'mbconv3'], ['mbconv1', 'mbconv4'], ['mbconv1', 'mbconv5'], ['mbconv1', 'mbconv6'], ['mbconv1', 'mbconv7'], ['mbconv1', 'conv2'], ['mbconv1', 'pool'], ['mbconv1', 'output'], ['mbconv2', 'mbconv3'], ['mbconv2', 'mbconv4'], ['mbconv2', 'mbconv5'], ['mbconv2', 'mbconv6'], ['mbconv2', 'mbconv7'], ['mbconv2', 'conv2'], ['mbconv2', 'pool'], ['mbconv2', 'output'], ['mbconv3', 'mbconv4'], ['mbconv3', 'mbconv5'], ['mbconv3', 'mbconv6'], ['mbconv3', 'mbconv7'], ['mbconv3', 'conv2'], ['mbconv3', 'pool'], ['mbconv3', 'output'], ['mbconv4', 'mbconv5'], ['mbconv4', 'mbconv6'], ['mbconv4', 'mbconv7'], ['mbconv4', 'conv2'], ['mbconv4', 'pool'], ['mbconv4', 'output'], ['mbconv5', 'mbconv6'], ['mbconv5', 'mbconv7'], ['mbconv5', 'conv2'], ['mbconv5', 'pool'], ['mbconv5', 'output'], ['mbconv6', 'mbconv7'], ['mbconv6', 'conv2'], ['mbconv6', 'pool'], ['mbconv6', 'output'], ['mbconv7', 'conv2'], ['mbconv7', 'pool'], ['mbconv7', 'output'], ['conv2', 'pool'], ['conv2', 'output'], ['pool', 'output']]
[['mbconv2']]
Generating the training set for videos : 
TRAINING SET : contains 962 samples, 37 patients based on 56 videos
TEST SET : contains 127 samples, 37 patients based on 8 videos
Dataset constituted.
--------------------NAIVE IMPLEMENTATION-------------------
Number of folds : 53
Grid search.
The best parameters are : {'C': 1}
Metrics obtained during CV : 
{'r2': array([-2.30848610e-01, -6.26524306e-02, -4.29250118e-02, -5.38049573e-02,
       -9.41741550e-04, -5.69872774e-02, -7.49714885e-02, -3.86683883e-02,
       -2.16094535e-01, -6.81843567e-02, -1.52068881e-01, -2.93419103e-01,
       -4.00717236e-01, -2.03623831e-01, -9.99473855e-02, -7.17089770e-06,
       -1.70016314e-02, -1.01068176e+00, -9.30264872e-03, -2.17786525e-01,
       -2.57461525e-02, -7.00330681e-01, -1.54078792e-02, -2.50971047e-01,
       -1.23418396e-02, -2.88376175e-02, -1.95350732e-02, -5.72485898e-01,
       -1.05186461e-01, -3.62153819e-02, -2.46026537e-01, -5.39542995e-01,
       -6.68666010e-01, -3.85267316e-02, -3.98069808e-01, -5.81082718e-01,
       -1.09521724e-01, -7.36886508e-02, -1.75159604e-01, -3.42161970e-02,
       -1.81447832e-03, -4.61894822e-01, -5.26466181e-01, -4.66289962e-02,
       -6.40600649e-01, -5.90111912e-02, -1.40744794e-01, -1.37010688e-01,
       -1.76683644e-01, -6.28835600e-01, -5.68648715e-04, -2.85489999e-01,
       -6.98884616e-02]), 'neg_mean_absolute_error': array([ -9.44130433, -11.28511335,  -8.92081994, -10.96063502,
        -9.48928655,  -5.9111027 ,  -7.99129972,  -6.0663324 ,
        -7.75903852,  -7.92022918,  -7.89415893, -12.63459056,
       -14.97598627, -13.75646309,  -7.25308417,  -7.68181187,
       -13.33754969,  -6.5392822 ,  -8.75367378,  -9.93124175,
        -9.17311111, -14.08974407,  -8.34567057, -10.87430782,
        -7.77341744,  -9.78304938,  -8.661     , -17.62195427,
       -10.48484589, -10.25894444, -12.1902853 , -12.70323949,
       -13.48974929,  -9.17358683, -12.13378711, -12.55258143,
        -9.44361111,  -6.67705671,  -7.13441125,  -7.28701498,
        -7.25024539, -13.34450639, -13.74183402,  -8.62960529,
       -22.89326844,  -7.94777612,  -9.63776233,  -5.73859524,
        -8.8149194 , -17.37104425,  -8.11154304, -14.46955995,
       -10.0333409 ]), 'neg_mean_squared_error': array([-137.27328556, -202.82045144,  -99.07426146, -185.49743206,
       -128.09123948,  -48.7794829 , -137.0220682 ,  -96.4635744 ,
        -79.35131529,  -83.03789049, -107.32937442, -266.75466529,
       -422.92794226, -306.8440282 ,  -80.17359702,  -81.73055503,
       -254.52542828,  -56.63764096,  -96.62630081, -224.93152249,
       -148.32273284, -368.73351227, -110.09450332, -244.63672649,
       -115.21592396, -248.78475339, -141.71831879, -612.78598454,
       -208.20353675, -151.57621232, -244.40854465, -285.13504572,
       -362.50068504, -120.56641908, -198.56057403, -300.19728057,
       -182.22598215,  -79.73288556,  -75.06332311, -111.07966212,
        -80.70129555, -332.17547363, -373.88774024, -162.48813353,
       -965.597002  , -108.53568187, -149.8351121 ,  -49.56450355,
       -207.88692703, -506.42694808, -118.94265645, -389.65575012,
       -249.70625346]), 'max_error': array([-34.03948118, -34.37671786, -15.62234587, -33.46393463,
       -25.0023111 , -14.27344985, -31.47569475, -34.37431569,
       -15.22941465, -16.61809224, -25.76133991, -31.09817438,
       -62.29539131, -38.93715973, -20.68034298, -17.28847518,
       -33.34155594, -11.50239653, -23.43193597, -47.8630879 ,
       -32.52781244, -47.66092416, -22.34123244, -47.83877037,
       -32.07143576, -45.71752778, -31.81385666, -64.55464712,
       -33.94838702, -29.42358257, -34.88953387, -40.72203886,
       -49.81881089, -24.02934371, -27.30602798, -49.25893321,
       -39.47701993, -25.63098959, -16.27621646, -34.18863479,
       -20.27907287, -52.47126438, -49.95710123, -40.86894762,
       -76.95713865, -26.06219404, -32.22395954, -14.29241156,
       -50.12062984, -47.28508358, -32.45176827, -45.23297958,
       -52.23663641]), 'explained_variance': array([-4.44089210e-16,  0.00000000e+00,  1.11022302e-16,  3.33066907e-16,
        0.00000000e+00,  0.00000000e+00,  0.00000000e+00, -2.22044605e-16,
        0.00000000e+00,  3.33066907e-16,  1.11022302e-16,  0.00000000e+00,
        0.00000000e+00,  1.11022302e-16,  2.22044605e-16,  0.00000000e+00,
        0.00000000e+00,  0.00000000e+00,  0.00000000e+00, -2.22044605e-16,
        0.00000000e+00, -2.22044605e-16, -2.22044605e-16, -2.22044605e-16,
        0.00000000e+00,  0.00000000e+00,  0.00000000e+00,  0.00000000e+00,
        0.00000000e+00, -2.22044605e-16, -2.22044605e-16,  0.00000000e+00,
        0.00000000e+00,  0.00000000e+00,  0.00000000e+00,  3.33066907e-16,
       -2.22044605e-16,  0.00000000e+00, -2.22044605e-16,  0.00000000e+00,
        0.00000000e+00,  0.00000000e+00,  0.00000000e+00,  0.00000000e+00,
        0.00000000e+00,  1.11022302e-16,  0.00000000e+00,  0.00000000e+00,
        0.00000000e+00,  0.00000000e+00,  0.00000000e+00, -2.22044605e-16,
        0.00000000e+00])}
     accs  y_pred (s)  y_true (s)
54   [10]   17.539056      19.499
4    [50]   22.515661      26.335
3    [50]   22.515661      27.642
11   [50]   22.515661      18.893
27   [29]   17.601582      65.978
29   [29]   17.601582      45.143
64   [10]   17.539056      30.560
77   [16]   19.182315      12.834
124  [27]   17.698704      45.263
71   [10]   17.539056       9.629
25   [29]   17.601582      19.467
91    [4]   14.970854      14.879
83   [16]   19.182315      24.338
89   [16]   19.182315      11.455
69   [10]   17.539056       9.069
{'mse': 291.65459142294503, 'mae': 11.767978071892328, 'r2-score': -0.19290587846629959, 'max-error': 62.95343093025729, 'explained variance score': 0.019106794529518356, 'layers': ['mbconv2']}
