environment: line 5: __conda_exe: command not found
Using device: cuda
Using model: efficientnetB4
Number of videos: 64
Execution type : naive
Using 2 features
Job ID : 41
Plotting ?  yes
Calculate accumulators ?  no
The directory contains : 65 videos
Number of videos in the directory : 65
Number of videos in the dataframe : 64
['conv1', 'mbconv1', 'mbconv2', 'mbconv3', 'mbconv4', 'mbconv5', 'mbconv6', 'mbconv7', 'conv2', 'pool', 'output']
{'conv1': {'T_max': 773.9153770208359, 'T_min': 474.00882083177567, 'tau': 100, 'alpha': 50}, 'mbconv1': {'T_max': 3485.9428219795227, 'T_min': 2560.6904525756836, 'tau': 100, 'alpha': 50}, 'mbconv2': {'T_max': 2793.179835796356, 'T_min': 1976.7829375267029, 'tau': 100, 'alpha': 50}, 'mbconv3': {'T_max': 1668.251520872116, 'T_min': 1083.705378293991, 'tau': 100, 'alpha': 50}, 'mbconv4': {'T_max': 817.8574377298355, 'T_min': 502.0499846339226, 'tau': 100, 'alpha': 50}, 'mbconv5': {'T_max': 940.7537368535995, 'T_min': 533.222236931324, 'tau': 100, 'alpha': 50}, 'mbconv6': {'T_max': 628.3391550779343, 'T_min': 341.6495691537857, 'tau': 100, 'alpha': 50}, 'mbconv7': {'T_max': 368.16851300001144, 'T_min': 200.31917816400528, 'tau': 100, 'alpha': 50}, 'conv2': {'T_max': 79.04693293571472, 'T_min': 40.3972128406167, 'tau': 100, 'alpha': 50}, 'pool': {'T_max': 1.9010385829024017, 'T_min': 0.9983048296999186, 'tau': 100, 'alpha': 50}, 'output': {'T_max': 12.80766905657947, 'T_min': 6.51999241206795, 'tau': 100, 'alpha': 50}}
Iterating over following combinations of layers :  [['conv1'], ['mbconv1'], ['mbconv2'], ['mbconv3'], ['mbconv4'], ['mbconv5'], ['mbconv6'], ['mbconv7'], ['conv2'], ['pool'], ['output'], ['conv1', 'mbconv1'], ['conv1', 'mbconv2'], ['conv1', 'mbconv3'], ['conv1', 'mbconv4'], ['conv1', 'mbconv5'], ['conv1', 'mbconv6'], ['conv1', 'mbconv7'], ['conv1', 'conv2'], ['conv1', 'pool'], ['conv1', 'output'], ['mbconv1', 'mbconv2'], ['mbconv1', 'mbconv3'], ['mbconv1', 'mbconv4'], ['mbconv1', 'mbconv5'], ['mbconv1', 'mbconv6'], ['mbconv1', 'mbconv7'], ['mbconv1', 'conv2'], ['mbconv1', 'pool'], ['mbconv1', 'output'], ['mbconv2', 'mbconv3'], ['mbconv2', 'mbconv4'], ['mbconv2', 'mbconv5'], ['mbconv2', 'mbconv6'], ['mbconv2', 'mbconv7'], ['mbconv2', 'conv2'], ['mbconv2', 'pool'], ['mbconv2', 'output'], ['mbconv3', 'mbconv4'], ['mbconv3', 'mbconv5'], ['mbconv3', 'mbconv6'], ['mbconv3', 'mbconv7'], ['mbconv3', 'conv2'], ['mbconv3', 'pool'], ['mbconv3', 'output'], ['mbconv4', 'mbconv5'], ['mbconv4', 'mbconv6'], ['mbconv4', 'mbconv7'], ['mbconv4', 'conv2'], ['mbconv4', 'pool'], ['mbconv4', 'output'], ['mbconv5', 'mbconv6'], ['mbconv5', 'mbconv7'], ['mbconv5', 'conv2'], ['mbconv5', 'pool'], ['mbconv5', 'output'], ['mbconv6', 'mbconv7'], ['mbconv6', 'conv2'], ['mbconv6', 'pool'], ['mbconv6', 'output'], ['mbconv7', 'conv2'], ['mbconv7', 'pool'], ['mbconv7', 'output'], ['conv2', 'pool'], ['conv2', 'output'], ['pool', 'output']]
[['mbconv3', 'mbconv7']]
Generating the training set for videos : 
TRAINING SET : contains 962 samples, 37 patients based on 56 videos
TEST SET : contains 127 samples, 37 patients based on 8 videos
Dataset constituted.
--------------------NAIVE IMPLEMENTATION-------------------
Number of folds : 53
Grid search.
The best parameters are : {'C': 10.0}
Metrics obtained during CV : 
{'r2': array([-9.93949428e-02, -5.02487254e-02, -2.20108524e-02, -2.82150702e-01,
       -2.14366131e-02, -5.07828713e-03, -1.21363434e-02, -1.09076181e-01,
       -6.45746502e-01, -4.26539104e-02, -2.62907293e-01, -3.24833073e-01,
       -2.45922810e-01, -2.66348398e-02, -1.12459095e-01, -3.10957377e-03,
       -2.58106578e-03, -1.36521226e+00, -7.25158092e-02, -3.15636266e-01,
       -1.02440511e-01, -8.66437196e-01, -4.22967825e-02, -1.51768017e-01,
       -6.51909173e-02, -8.15074132e-02, -9.69493636e-04, -2.68219201e-01,
       -2.20884311e-01, -1.02304502e-01, -6.62218469e-03, -1.79734575e-01,
       -2.14083270e-01, -4.56269366e-04, -3.73825247e-01, -5.85938409e-01,
       -6.30382167e-02, -9.73398048e-02, -1.83134064e-01, -1.10376690e-01,
       -9.27934173e-03, -2.21452514e-01, -6.17761411e-01, -1.32155696e-01,
       -2.13410598e-02, -1.44803543e-01, -2.66069192e-01, -4.58230570e-02,
       -3.26468806e-01, -7.14900622e-01, -3.17735679e-03, -2.30534510e-01,
       -9.11654828e-02]), 'neg_mean_absolute_error': array([ -8.06399445, -11.22808728,  -8.7198761 , -11.0270256 ,
       -10.05462343,  -5.43982376,  -8.23801573,  -6.13410814,
        -9.05510737,  -7.77372106,  -8.16211903, -12.78410947,
       -14.09819486, -13.06963409,  -7.31349023,  -7.76523356,
       -13.40381534,  -7.18790418,  -8.56577149, -10.21857519,
        -9.17311111, -14.82928835,  -8.24094444, -10.70122095,
        -8.51597657,  -9.52090405,  -8.76543333, -15.80243882,
       -10.48122222, -10.25894444, -11.70856284, -11.11664222,
       -11.19728288,  -7.88816695, -12.05626339, -12.57204583,
       -11.03317758,  -6.6575    ,  -7.1846071 ,  -7.48121473,
        -6.77717358, -12.2507667 , -14.26697731,  -8.88915439,
       -19.68934824,  -8.0831688 ,  -9.92365462,  -5.5211837 ,
        -9.6089575 , -17.8613772 ,  -8.15131439, -14.35166493,
        -9.88984174]), 'neg_mean_squared_error': array([-122.61260624, -200.45304982,  -97.0874888 , -225.69229832,
       -130.71398303,  -46.38390657, -129.01273806, -103.0025116 ,
       -107.3865113 ,  -81.05321959, -117.65533456, -273.23348035,
       -376.18982381, -261.72360633,  -81.08555766,  -81.98411432,
       -250.91638722,  -66.6241898 , -102.67805731, -243.00487997,
       -159.41272509, -404.75535165, -113.00990363, -225.23683353,
       -121.2307453 , -261.52091498, -139.13764964, -494.21553016,
       -229.99958873, -161.24364125, -197.44929651, -218.49579589,
       -263.74721747, -116.14667795, -195.1172453 , -301.11922168,
       -174.59160906,  -81.48923714,  -75.57269174, -119.2596557 ,
        -81.3026286 , -277.54155852, -396.24930182, -175.76607044,
       -601.12365927, -117.3283476 , -166.29628321,  -45.58945764,
       -234.34975512, -533.18572364, -119.25276677, -372.99772689,
       -254.67219657]), 'max_error': array([-35.7840737 , -34.0155528 , -16.19567083, -37.43382881,
       -22.99887927, -15.4110498 , -29.62814024, -35.66205459,
       -17.96556001, -17.0994333 , -26.94646594, -31.50401142,
       -59.91281461, -34.33804764, -20.51638366, -17.81681254,
       -32.08250859, -12.36801197, -25.12305659, -49.15608837,
       -34.44708402, -49.04471903, -23.19021306, -46.28098856,
       -30.53274218, -47.51636357, -30.53310001, -59.84198312,
       -35.94761657, -30.9904024 , -29.08243441, -36.49526   ,
       -44.58602294, -26.37437435, -27.07345683, -49.30272813,
       -32.01818035, -25.98031356, -16.20092269, -35.7147163 ,
       -21.52596889, -49.32020015, -50.90235915, -42.70796317,
       -61.08386586, -27.45528986, -33.83601836, -15.32295905,
       -52.12818249, -48.21126805, -33.32634462, -44.28981941,
       -52.81063305]), 'explained_variance': array([-2.22044605e-16,  0.00000000e+00,  1.11022302e-16,  1.11022302e-16,
        0.00000000e+00,  0.00000000e+00,  0.00000000e+00,  0.00000000e+00,
       -2.22044605e-16,  3.33066907e-16,  0.00000000e+00,  0.00000000e+00,
        0.00000000e+00,  0.00000000e+00,  2.22044605e-16,  0.00000000e+00,
        2.22044605e-16,  0.00000000e+00,  0.00000000e+00,  0.00000000e+00,
        0.00000000e+00, -2.22044605e-16, -2.22044605e-16, -2.22044605e-16,
        0.00000000e+00,  0.00000000e+00,  0.00000000e+00,  1.11022302e-16,
        1.11022302e-16,  0.00000000e+00, -2.22044605e-16,  0.00000000e+00,
        1.11022302e-16,  0.00000000e+00,  0.00000000e+00,  1.11022302e-16,
        0.00000000e+00,  0.00000000e+00, -2.22044605e-16,  2.22044605e-16,
        0.00000000e+00,  0.00000000e+00,  0.00000000e+00,  0.00000000e+00,
       -4.44089210e-16,  1.11022302e-16, -2.22044605e-16,  0.00000000e+00,
        0.00000000e+00,  0.00000000e+00,  2.22044605e-16, -2.22044605e-16,
        0.00000000e+00])}
         accs  y_pred (s)  y_true (s)
54    [11, 5]   17.619558      19.499
4    [45, 35]   28.059256      26.335
3    [45, 35]   28.059256      27.642
11   [45, 35]   28.059256      18.893
27   [29, 24]   21.995569      65.978
29   [29, 24]   21.995569      45.143
64    [11, 5]   17.619558      30.560
77   [16, 12]   18.821774      12.834
124  [26, 22]   19.112061      45.263
71    [11, 5]   17.619558       9.629
25   [29, 24]   21.995569      19.467
91     [2, 3]   13.260885      14.879
83   [16, 12]   18.821774      24.338
89   [16, 12]   18.821774      11.455
69    [11, 5]   17.619558       9.069
{'mse': 263.59821404784856, 'mae': 11.276050147152139, 'r2-score': -0.07815158183091153, 'max-error': 63.27536778555971, 'explained variance score': 0.06346690643043251, 'layers': ['mbconv3', 'mbconv7']}
