environment: line 5: __conda_exe: command not found
Using device: cuda
Using model: efficientnetB4
Number of videos: 64
Execution type : naive
Using 2 features
Job ID : 60
Plotting ?  yes
Calculate accumulators ?  no
The directory contains : 65 videos
Number of videos in the directory : 65
Number of videos in the dataframe : 64
['conv1', 'mbconv1', 'mbconv2', 'mbconv3', 'mbconv4', 'mbconv5', 'mbconv6', 'mbconv7', 'conv2', 'pool', 'output']
{'conv1': {'T_max': 773.9153770208359, 'T_min': 474.00882083177567, 'tau': 100, 'alpha': 50}, 'mbconv1': {'T_max': 3485.9428219795227, 'T_min': 2560.6904525756836, 'tau': 100, 'alpha': 50}, 'mbconv2': {'T_max': 2793.179835796356, 'T_min': 1976.7829375267029, 'tau': 100, 'alpha': 50}, 'mbconv3': {'T_max': 1668.251520872116, 'T_min': 1083.705378293991, 'tau': 100, 'alpha': 50}, 'mbconv4': {'T_max': 817.8574377298355, 'T_min': 502.0499846339226, 'tau': 100, 'alpha': 50}, 'mbconv5': {'T_max': 940.7537368535995, 'T_min': 533.222236931324, 'tau': 100, 'alpha': 50}, 'mbconv6': {'T_max': 628.3391550779343, 'T_min': 341.6495691537857, 'tau': 100, 'alpha': 50}, 'mbconv7': {'T_max': 368.16851300001144, 'T_min': 200.31917816400528, 'tau': 100, 'alpha': 50}, 'conv2': {'T_max': 79.04693293571472, 'T_min': 40.3972128406167, 'tau': 100, 'alpha': 50}, 'pool': {'T_max': 1.9010385829024017, 'T_min': 0.9983048296999186, 'tau': 100, 'alpha': 50}, 'output': {'T_max': 12.80766905657947, 'T_min': 6.51999241206795, 'tau': 100, 'alpha': 50}}
Iterating over following combinations of layers :  [['conv1'], ['mbconv1'], ['mbconv2'], ['mbconv3'], ['mbconv4'], ['mbconv5'], ['mbconv6'], ['mbconv7'], ['conv2'], ['pool'], ['output'], ['conv1', 'mbconv1'], ['conv1', 'mbconv2'], ['conv1', 'mbconv3'], ['conv1', 'mbconv4'], ['conv1', 'mbconv5'], ['conv1', 'mbconv6'], ['conv1', 'mbconv7'], ['conv1', 'conv2'], ['conv1', 'pool'], ['conv1', 'output'], ['mbconv1', 'mbconv2'], ['mbconv1', 'mbconv3'], ['mbconv1', 'mbconv4'], ['mbconv1', 'mbconv5'], ['mbconv1', 'mbconv6'], ['mbconv1', 'mbconv7'], ['mbconv1', 'conv2'], ['mbconv1', 'pool'], ['mbconv1', 'output'], ['mbconv2', 'mbconv3'], ['mbconv2', 'mbconv4'], ['mbconv2', 'mbconv5'], ['mbconv2', 'mbconv6'], ['mbconv2', 'mbconv7'], ['mbconv2', 'conv2'], ['mbconv2', 'pool'], ['mbconv2', 'output'], ['mbconv3', 'mbconv4'], ['mbconv3', 'mbconv5'], ['mbconv3', 'mbconv6'], ['mbconv3', 'mbconv7'], ['mbconv3', 'conv2'], ['mbconv3', 'pool'], ['mbconv3', 'output'], ['mbconv4', 'mbconv5'], ['mbconv4', 'mbconv6'], ['mbconv4', 'mbconv7'], ['mbconv4', 'conv2'], ['mbconv4', 'pool'], ['mbconv4', 'output'], ['mbconv5', 'mbconv6'], ['mbconv5', 'mbconv7'], ['mbconv5', 'conv2'], ['mbconv5', 'pool'], ['mbconv5', 'output'], ['mbconv6', 'mbconv7'], ['mbconv6', 'conv2'], ['mbconv6', 'pool'], ['mbconv6', 'output'], ['mbconv7', 'conv2'], ['mbconv7', 'pool'], ['mbconv7', 'output'], ['conv2', 'pool'], ['conv2', 'output'], ['pool', 'output']]
[['mbconv7', 'conv2']]
Generating the training set for videos : 
TRAINING SET : contains 962 samples, 37 patients based on 56 videos
TEST SET : contains 127 samples, 37 patients based on 8 videos
Dataset constituted.
--------------------NAIVE IMPLEMENTATION-------------------
Number of folds : 53
Grid search.
The best parameters are : {'C': 1}
Metrics obtained during CV : 
{'r2': array([-1.19682566e-01, -2.86440189e-02, -2.45339283e-01, -2.66237355e-02,
       -5.75672863e-02, -5.28132725e-02, -1.70960417e-02, -4.39858703e-02,
       -1.12651152e-04, -2.97427046e-04, -1.45545140e-01, -5.96779627e-01,
       -2.23629274e-01, -7.51956685e-02, -4.11802952e-02, -8.60550212e-03,
       -3.31233721e-02, -1.08754464e+00, -4.92733900e-02, -2.76218054e-01,
       -3.55661240e-02, -7.66339461e-01, -4.60949345e-02, -4.83866727e-01,
       -2.00758538e-01, -6.50352856e-02, -1.03904844e-01, -3.72810902e-01,
       -2.21952884e-01, -4.19007786e-02, -1.75126224e-01, -2.15772924e-01,
       -3.20459940e-01, -3.67864501e-04, -6.44928562e-01, -2.91072094e-01,
       -1.19417276e-01, -3.93503999e-02, -2.61774140e-02, -6.24394835e-02,
       -8.66188400e-04, -2.98107814e-01, -7.46242175e-01, -1.73815340e-01,
       -3.00536504e-01, -7.55524903e-02, -1.50577739e-01, -1.52954734e-01,
       -3.22166769e-01, -6.37030484e-01, -1.13612431e-02, -3.63305448e-01,
       -5.32167142e-02]), 'neg_mean_absolute_error': array([ -8.3198016 , -11.14136107, -10.18672932, -11.00867112,
       -10.44438703,  -5.8824354 ,  -8.19775269,  -6.07296942,
        -6.65099466,  -7.46219605,  -7.88127143, -13.9214233 ,
       -13.95087986, -13.1652011 ,  -6.89697824,  -7.55321653,
       -13.29457943,  -6.67107353,  -8.61720677, -10.10909318,
        -9.17311111, -14.37590321,  -8.25119964, -11.73199173,
        -9.65828247,  -9.57355882,  -8.92802368, -16.41231637,
       -10.48122222, -10.25894444, -11.94898908, -11.30064857,
       -11.84141045,  -8.11346328, -12.81763505, -11.19279951,
       -11.70595067,  -6.74703741,  -6.12932638,  -7.36175136,
        -7.19772775, -12.61456084, -14.94407782,  -9.11085508,
       -20.85408169,  -7.96680016,  -9.64644807,  -5.79553648,
        -9.58828495, -17.4191226 ,  -8.21183086, -14.61849548,
       -10.16196312]), 'neg_mean_squared_error': array([-124.87523114, -196.3295225 , -118.3029157 , -180.71282102,
       -135.33765145,  -48.58685447, -129.64492982,  -96.95742145,
        -65.25829367,  -77.76053607, -106.72160775, -329.31971866,
       -369.45858706, -274.10338803,  -75.89014758,  -82.43329637,
       -258.56022315,  -58.80274372, -100.45292791, -235.72413054,
       -149.74269918, -383.04816857, -113.42171416, -290.1812154 ,
       -136.65987025, -257.53776532, -153.4459606 , -534.97413309,
       -230.20089458, -152.40786461, -230.50142325, -225.17037171,
       -286.85646497, -116.1364147 , -233.62063729, -245.13349437,
       -183.85121089,  -77.18290254,  -65.54708527, -114.11097524,
        -80.62490593, -294.95937165, -427.71896891, -182.23368971,
       -765.44779539, -110.23096251, -151.12665454,  -50.25953545,
       -233.58970615, -508.97484809, -120.22562673, -413.24304928,
       -245.81515664]), 'max_error': array([-35.46005131, -33.25686037, -17.13298413, -32.55124871,
       -21.94094948, -14.33396971, -29.86056628, -34.50041905,
       -18.63936718, -19.07242502, -25.67971904, -34.4131857 ,
       -59.51295963, -36.11060696, -21.64691621, -16.47403803,
       -34.15799081, -11.70156901, -24.66013906, -48.66341929,
       -32.86611991, -48.22862578, -23.28429676, -50.56058512,
       -28.47659156, -47.04247062, -33.96640437, -61.67161579,
       -35.96320109, -29.59766461, -33.80370086, -37.04727904,
       -46.11004852, -25.9375661 , -29.35757183, -46.18923187,
       -30.80718879, -25.0011633 , -18.32802086, -34.86126223,
       -20.39723757, -50.45684918, -52.12114007, -43.37306525,
       -70.83957839, -26.38560272, -32.3716172 , -14.15412568,
       -52.07797774, -47.37589825, -31.54962511, -46.42446381,
       -51.72214754]), 'explained_variance': array([-2.22044605e-16,  1.11022302e-16,  1.11022302e-16,  0.00000000e+00,
        0.00000000e+00,  0.00000000e+00,  0.00000000e+00,  0.00000000e+00,
       -2.22044605e-16,  3.33066907e-16,  1.11022302e-16, -2.22044605e-16,
       -2.22044605e-16,  0.00000000e+00,  2.22044605e-16,  0.00000000e+00,
        2.22044605e-16,  0.00000000e+00,  0.00000000e+00,  0.00000000e+00,
        0.00000000e+00, -2.22044605e-16, -2.22044605e-16, -2.22044605e-16,
        0.00000000e+00,  0.00000000e+00,  0.00000000e+00,  0.00000000e+00,
        0.00000000e+00, -2.22044605e-16, -2.22044605e-16,  0.00000000e+00,
        0.00000000e+00,  0.00000000e+00,  0.00000000e+00,  3.33066907e-16,
        0.00000000e+00,  0.00000000e+00,  0.00000000e+00,  0.00000000e+00,
        0.00000000e+00,  0.00000000e+00,  0.00000000e+00,  0.00000000e+00,
       -4.44089210e-16, -2.22044605e-16,  0.00000000e+00,  0.00000000e+00,
       -2.22044605e-16,  0.00000000e+00,  0.00000000e+00, -2.22044605e-16,
       -2.22044605e-16])}
         accs  y_pred (s)  y_true (s)
54     [5, 2]   14.829536      19.499
4    [35, 24]   24.756975      26.335
3    [35, 24]   24.756975      27.642
11   [35, 24]   24.756975      18.893
27   [24, 16]   19.904039      65.978
29   [24, 16]   19.904039      45.143
64     [5, 2]   14.829536      30.560
77   [12, 11]   17.044771      12.834
124  [22, 16]   19.322312      45.263
71     [5, 2]   14.829536       9.629
25   [24, 16]   19.904039      19.467
91     [3, 5]   14.561309      14.879
83   [12, 11]   17.044771      24.338
89   [12, 11]   17.044771      11.455
69     [5, 2]   14.829536       9.069
{'mse': 275.306165114838, 'mae': 11.336507041664442, 'r2-score': -0.12603865120453883, 'max-error': 64.39732142898222, 'explained variance score': 0.08969427188688961, 'layers': ['mbconv7', 'conv2']}
