environment: line 5: __conda_exe: command not found
Using device: cuda
Using model: efficientnetB4
Number of videos: 64
Execution type : naive
Using 2 features
Job ID : 44
Plotting ?  yes
Calculate accumulators ?  no
The directory contains : 65 videos
Number of videos in the directory : 65
Number of videos in the dataframe : 64
['conv1', 'mbconv1', 'mbconv2', 'mbconv3', 'mbconv4', 'mbconv5', 'mbconv6', 'mbconv7', 'conv2', 'pool', 'output']
{'conv1': {'T_max': 773.9153770208359, 'T_min': 474.00882083177567, 'tau': 100, 'alpha': 50}, 'mbconv1': {'T_max': 3485.9428219795227, 'T_min': 2560.6904525756836, 'tau': 100, 'alpha': 50}, 'mbconv2': {'T_max': 2793.179835796356, 'T_min': 1976.7829375267029, 'tau': 100, 'alpha': 50}, 'mbconv3': {'T_max': 1668.251520872116, 'T_min': 1083.705378293991, 'tau': 100, 'alpha': 50}, 'mbconv4': {'T_max': 817.8574377298355, 'T_min': 502.0499846339226, 'tau': 100, 'alpha': 50}, 'mbconv5': {'T_max': 940.7537368535995, 'T_min': 533.222236931324, 'tau': 100, 'alpha': 50}, 'mbconv6': {'T_max': 628.3391550779343, 'T_min': 341.6495691537857, 'tau': 100, 'alpha': 50}, 'mbconv7': {'T_max': 368.16851300001144, 'T_min': 200.31917816400528, 'tau': 100, 'alpha': 50}, 'conv2': {'T_max': 79.04693293571472, 'T_min': 40.3972128406167, 'tau': 100, 'alpha': 50}, 'pool': {'T_max': 1.9010385829024017, 'T_min': 0.9983048296999186, 'tau': 100, 'alpha': 50}, 'output': {'T_max': 12.80766905657947, 'T_min': 6.51999241206795, 'tau': 100, 'alpha': 50}}
Iterating over following combinations of layers :  [['conv1'], ['mbconv1'], ['mbconv2'], ['mbconv3'], ['mbconv4'], ['mbconv5'], ['mbconv6'], ['mbconv7'], ['conv2'], ['pool'], ['output'], ['conv1', 'mbconv1'], ['conv1', 'mbconv2'], ['conv1', 'mbconv3'], ['conv1', 'mbconv4'], ['conv1', 'mbconv5'], ['conv1', 'mbconv6'], ['conv1', 'mbconv7'], ['conv1', 'conv2'], ['conv1', 'pool'], ['conv1', 'output'], ['mbconv1', 'mbconv2'], ['mbconv1', 'mbconv3'], ['mbconv1', 'mbconv4'], ['mbconv1', 'mbconv5'], ['mbconv1', 'mbconv6'], ['mbconv1', 'mbconv7'], ['mbconv1', 'conv2'], ['mbconv1', 'pool'], ['mbconv1', 'output'], ['mbconv2', 'mbconv3'], ['mbconv2', 'mbconv4'], ['mbconv2', 'mbconv5'], ['mbconv2', 'mbconv6'], ['mbconv2', 'mbconv7'], ['mbconv2', 'conv2'], ['mbconv2', 'pool'], ['mbconv2', 'output'], ['mbconv3', 'mbconv4'], ['mbconv3', 'mbconv5'], ['mbconv3', 'mbconv6'], ['mbconv3', 'mbconv7'], ['mbconv3', 'conv2'], ['mbconv3', 'pool'], ['mbconv3', 'output'], ['mbconv4', 'mbconv5'], ['mbconv4', 'mbconv6'], ['mbconv4', 'mbconv7'], ['mbconv4', 'conv2'], ['mbconv4', 'pool'], ['mbconv4', 'output'], ['mbconv5', 'mbconv6'], ['mbconv5', 'mbconv7'], ['mbconv5', 'conv2'], ['mbconv5', 'pool'], ['mbconv5', 'output'], ['mbconv6', 'mbconv7'], ['mbconv6', 'conv2'], ['mbconv6', 'pool'], ['mbconv6', 'output'], ['mbconv7', 'conv2'], ['mbconv7', 'pool'], ['mbconv7', 'output'], ['conv2', 'pool'], ['conv2', 'output'], ['pool', 'output']]
[['mbconv3', 'output']]
Generating the training set for videos : 
TRAINING SET : contains 962 samples, 37 patients based on 56 videos
TEST SET : contains 127 samples, 37 patients based on 8 videos
Dataset constituted.
--------------------NAIVE IMPLEMENTATION-------------------
Number of folds : 53
Grid search.
The best parameters are : {'C': 10.0}
Metrics obtained during CV : 
{'r2': array([-1.47872817e-01, -1.17195764e-01, -5.61286509e-01, -1.90925365e-01,
       -3.78175003e-02, -3.96124404e-03, -7.26859031e-02, -5.25745441e-02,
       -2.59219511e-01, -4.08465190e-02, -2.06817633e-01, -3.45734721e-01,
       -2.47884853e-01, -1.11657316e-01, -1.48786457e-01, -2.09405611e-03,
       -3.22803106e-04, -1.27392882e+00, -2.17128924e-03, -3.13449112e-01,
       -8.11985813e-02, -8.50609956e-01, -2.69640434e-02, -3.20243961e-01,
       -1.71622244e-01, -9.03123253e-02, -2.14535870e-03, -4.12429370e-01,
       -1.63870746e-01, -7.53053159e-02, -2.44077076e-01, -2.72601769e-01,
       -3.81464693e-01, -6.25564219e-04, -4.10629399e-01, -3.00827754e-01,
       -1.49410776e-01, -3.01326936e-02, -1.31217503e-01, -9.23844554e-02,
       -3.47042966e-03, -4.30438520e-01, -6.03636187e-01, -1.31153889e-01,
       -1.59171976e-02, -1.64912211e-01, -2.53517712e-01, -2.82334012e-02,
       -3.15429014e-01, -9.10213912e-01, -5.42731493e-02, -6.13985887e-01,
       -7.23417617e-02]), 'neg_mean_absolute_error': array([ -8.64154572, -11.48587288, -11.35881584, -10.84282382,
       -10.25490272,  -5.41899114,  -7.98880047,  -6.08289217,
        -7.9284544 ,  -7.76756361,  -7.992933  , -12.87961483,
       -14.110834  , -13.31629595,  -7.49066078,  -7.7509553 ,
       -13.43115674,  -7.02139843,  -8.90918948, -10.21268625,
        -9.17311111, -14.75941352,  -8.2703266 , -11.05083918,
        -9.4580295 ,  -9.4949436 ,  -8.86689856, -16.62041035,
       -10.48122222, -10.25894444, -12.18415703, -11.56193943,
       -12.17900999,  -7.87068411, -12.17301915, -11.24318281,
       -11.99763867,  -6.77076574,  -6.85976339,  -7.42401275,
        -6.86534753, -13.18673081, -14.18839702,  -8.88342076,
       -19.74305093,  -8.12883808,  -9.86554551,  -5.46754654,
        -9.5556287 , -18.95477011,  -8.26457583, -15.70931306,
       -10.01577213]), 'neg_mean_squared_error': array([-128.01921514, -213.23072602, -148.31680708, -209.6342359 ,
       -132.81025703,  -46.33235554, -136.7307343 ,  -97.75507178,
        -82.16526063,  -80.91271766, -112.42989348, -277.5442347 ,
       -376.78223642, -283.39868312,  -83.7334073 ,  -81.90111609,
       -250.35121087,  -64.05288337,  -95.94357508, -242.60090126,
       -156.34114535, -401.3230583 , -111.34746794, -258.18356209,
       -133.34383122, -263.65004386, -139.30109828, -550.41315364,
       -219.25893415, -157.29423605, -244.02615727, -235.69550495,
       -300.10912597, -116.16633202, -200.34434733, -246.98578381,
       -188.77729303,  -76.49838909,  -72.25652127, -117.32720543,
        -80.83469093, -325.02789245, -392.78951461, -175.61054091,
       -597.93137412, -119.38923985, -164.64766516,  -44.8226904 ,
       -232.39933434, -593.91125881, -125.32678208, -489.22891804,
       -250.27884058]), 'max_error': array([-35.05250875, -35.64819489, -19.60738899, -36.1836526 ,
       -22.45526406, -15.46759549, -31.42820886, -34.68895125,
       -15.5870704 , -17.13843049, -26.38690897, -31.76324026,
       -59.94712086, -37.06754099, -20.08627169, -17.72638355,
       -31.5630219 , -12.15710467, -22.0322947 , -49.12958813,
       -34.02489168, -48.91894433, -22.75856061, -48.74677633,
       -28.83704689, -47.75000759, -29.61991296, -62.29589771,
       -35.05307761, -30.44091443, -34.86195662, -37.83115161,
       -46.86964748, -26.41371076, -27.42372411, -46.31278632,
       -30.28215039, -24.78760836, -16.7260259 , -35.42161478,
       -21.19012409, -52.11626932, -50.76091464, -42.69076229,
       -60.6005416 , -27.71408246, -33.69489624, -15.62690294,
       -51.99866969, -50.12500835, -35.25178907, -49.57266815,
       -52.30691149]), 'explained_variance': array([-2.22044605e-16,  0.00000000e+00,  1.11022302e-16,  3.33066907e-16,
        0.00000000e+00,  0.00000000e+00,  0.00000000e+00,  0.00000000e+00,
        0.00000000e+00,  3.33066907e-16,  0.00000000e+00,  0.00000000e+00,
        0.00000000e+00,  0.00000000e+00,  2.22044605e-16,  0.00000000e+00,
        0.00000000e+00,  0.00000000e+00,  0.00000000e+00,  0.00000000e+00,
        2.22044605e-16, -2.22044605e-16, -2.22044605e-16, -2.22044605e-16,
        0.00000000e+00,  0.00000000e+00,  0.00000000e+00,  0.00000000e+00,
        0.00000000e+00,  0.00000000e+00, -2.22044605e-16,  0.00000000e+00,
        1.11022302e-16,  2.22044605e-16,  0.00000000e+00,  3.33066907e-16,
        0.00000000e+00,  0.00000000e+00, -2.22044605e-16,  2.22044605e-16,
        0.00000000e+00,  1.11022302e-16, -2.22044605e-16,  0.00000000e+00,
       -4.44089210e-16, -2.22044605e-16,  0.00000000e+00,  0.00000000e+00,
        0.00000000e+00,  0.00000000e+00, -2.22044605e-16, -2.22044605e-16,
        0.00000000e+00])}
         accs  y_pred (s)  y_true (s)
54    [11, 2]   17.932387      19.499
4    [45, 24]   24.334937      26.335
3    [45, 24]   24.334937      27.642
11   [45, 24]   24.334937      18.893
27   [29, 15]   17.850789      65.978
29   [29, 15]   17.850789      45.143
64    [11, 2]   17.932387      30.560
77    [16, 8]   18.852537      12.834
124  [26, 15]   17.504806      45.263
71    [11, 2]   17.932387       9.629
25   [29, 15]   17.850789      19.467
91     [2, 5]   13.810817      14.879
83    [16, 8]   18.852537      24.338
89    [16, 8]   18.852537      11.455
69    [11, 2]   17.932387       9.069
{'mse': 291.2833649593204, 'mae': 11.723466533673184, 'r2-score': -0.19138751309944713, 'max-error': 64.18643390323477, 'explained variance score': 0.023900501506324945, 'layers': ['mbconv3', 'output']}
