environment: line 5: __conda_exe: command not found
Using device: cuda
Using model: efficientnetB4
Number of videos: 64
Execution type : naive
Using 2 features
Job ID : 39
Plotting ?  yes
Calculate accumulators ?  no
The directory contains : 65 videos
Number of videos in the directory : 65
Number of videos in the dataframe : 64
['conv1', 'mbconv1', 'mbconv2', 'mbconv3', 'mbconv4', 'mbconv5', 'mbconv6', 'mbconv7', 'conv2', 'pool', 'output']
{'conv1': {'T_max': 773.9153770208359, 'T_min': 474.00882083177567, 'tau': 100, 'alpha': 50}, 'mbconv1': {'T_max': 3485.9428219795227, 'T_min': 2560.6904525756836, 'tau': 100, 'alpha': 50}, 'mbconv2': {'T_max': 2793.179835796356, 'T_min': 1976.7829375267029, 'tau': 100, 'alpha': 50}, 'mbconv3': {'T_max': 1668.251520872116, 'T_min': 1083.705378293991, 'tau': 100, 'alpha': 50}, 'mbconv4': {'T_max': 817.8574377298355, 'T_min': 502.0499846339226, 'tau': 100, 'alpha': 50}, 'mbconv5': {'T_max': 940.7537368535995, 'T_min': 533.222236931324, 'tau': 100, 'alpha': 50}, 'mbconv6': {'T_max': 628.3391550779343, 'T_min': 341.6495691537857, 'tau': 100, 'alpha': 50}, 'mbconv7': {'T_max': 368.16851300001144, 'T_min': 200.31917816400528, 'tau': 100, 'alpha': 50}, 'conv2': {'T_max': 79.04693293571472, 'T_min': 40.3972128406167, 'tau': 100, 'alpha': 50}, 'pool': {'T_max': 1.9010385829024017, 'T_min': 0.9983048296999186, 'tau': 100, 'alpha': 50}, 'output': {'T_max': 12.80766905657947, 'T_min': 6.51999241206795, 'tau': 100, 'alpha': 50}}
Iterating over following combinations of layers :  [['conv1'], ['mbconv1'], ['mbconv2'], ['mbconv3'], ['mbconv4'], ['mbconv5'], ['mbconv6'], ['mbconv7'], ['conv2'], ['pool'], ['output'], ['conv1', 'mbconv1'], ['conv1', 'mbconv2'], ['conv1', 'mbconv3'], ['conv1', 'mbconv4'], ['conv1', 'mbconv5'], ['conv1', 'mbconv6'], ['conv1', 'mbconv7'], ['conv1', 'conv2'], ['conv1', 'pool'], ['conv1', 'output'], ['mbconv1', 'mbconv2'], ['mbconv1', 'mbconv3'], ['mbconv1', 'mbconv4'], ['mbconv1', 'mbconv5'], ['mbconv1', 'mbconv6'], ['mbconv1', 'mbconv7'], ['mbconv1', 'conv2'], ['mbconv1', 'pool'], ['mbconv1', 'output'], ['mbconv2', 'mbconv3'], ['mbconv2', 'mbconv4'], ['mbconv2', 'mbconv5'], ['mbconv2', 'mbconv6'], ['mbconv2', 'mbconv7'], ['mbconv2', 'conv2'], ['mbconv2', 'pool'], ['mbconv2', 'output'], ['mbconv3', 'mbconv4'], ['mbconv3', 'mbconv5'], ['mbconv3', 'mbconv6'], ['mbconv3', 'mbconv7'], ['mbconv3', 'conv2'], ['mbconv3', 'pool'], ['mbconv3', 'output'], ['mbconv4', 'mbconv5'], ['mbconv4', 'mbconv6'], ['mbconv4', 'mbconv7'], ['mbconv4', 'conv2'], ['mbconv4', 'pool'], ['mbconv4', 'output'], ['mbconv5', 'mbconv6'], ['mbconv5', 'mbconv7'], ['mbconv5', 'conv2'], ['mbconv5', 'pool'], ['mbconv5', 'output'], ['mbconv6', 'mbconv7'], ['mbconv6', 'conv2'], ['mbconv6', 'pool'], ['mbconv6', 'output'], ['mbconv7', 'conv2'], ['mbconv7', 'pool'], ['mbconv7', 'output'], ['conv2', 'pool'], ['conv2', 'output'], ['pool', 'output']]
[['mbconv3', 'mbconv5']]
Generating the training set for videos : 
TRAINING SET : contains 962 samples, 37 patients based on 56 videos
TEST SET : contains 127 samples, 37 patients based on 8 videos
Dataset constituted.
--------------------NAIVE IMPLEMENTATION-------------------
Number of folds : 53
Grid search.
The best parameters are : {'C': 100.0}
Metrics obtained during CV : 
{'r2': array([-4.15499909e-02, -3.27005235e-02, -3.36575118e-02, -2.03631568e-01,
       -1.66515895e-06, -5.07615237e-03, -3.33793721e-04, -1.11644964e-01,
       -2.94296207e-02, -4.05383471e-03, -1.93211377e-01, -2.42636847e-01,
       -4.15207336e-01, -2.67834103e-01, -9.46400948e-03, -6.19998253e-01,
       -7.65894311e-02, -1.07992920e+00, -6.88971602e-02, -2.11587208e-01,
       -4.86804369e-02, -7.41381454e-01, -2.91151453e-02, -5.51142530e-01,
       -6.14425046e-02, -9.98903404e-02, -3.49778739e-02, -3.19854186e-01,
       -2.02059977e-01, -5.78166471e-04, -3.86340910e-01, -4.10883917e-01,
       -5.59550897e-01, -1.38532956e-02, -7.79310347e-01, -6.43806740e-02,
       -1.77061302e-01, -4.90974710e-02, -1.77738186e-02, -4.49109947e-02,
       -1.10299030e-02, -3.46619713e-01, -4.30280356e-01, -7.54659741e-03,
       -9.08534870e-02, -1.05527660e-01, -2.78917777e-01, -4.86136331e-05,
       -2.43678101e-01, -7.65519726e-01, -1.91939241e-01, -1.27947519e-01,
       -5.57854747e-02]), 'neg_mean_absolute_error': array([ -7.24018473, -11.14978653,  -8.83563154, -10.85959743,
        -9.58448415,  -5.43978627,  -8.61960565,  -6.13606918,
        -6.96482134,  -7.39756785,  -7.96974685, -12.4759549 ,
       -15.04860537, -14.03495459,  -6.61982418,  -9.58579229,
       -14.4490748 ,  -6.6577912 ,  -8.57316953,  -9.91103719,
        -9.17311111, -14.25831429,  -8.26289393, -12.16710725,
        -8.47182705,  -9.46810339,  -9.05122223, -16.11603648,
       -10.48122222, -10.25894444, -13.77288912, -12.1375024 ,
       -13.03324033,  -8.70319875, -13.13428522, -10.49816667,
        -9.44361111,  -6.72481379,  -6.05346491,  -7.31804359,
        -6.75983338, -12.82937239, -13.13648908,  -9.09339632,
       -19.58377778,  -7.99656485,  -9.98173629,  -5.27989534,
        -9.18349637, -18.13602985,  -8.39614452, -14.08519473,
       -10.14094922]), 'neg_mean_squared_error': array([-116.16131196, -197.10375693,  -98.19388108, -211.87086228,
       -127.97093722,  -46.38380805, -127.50831698, -103.24108047,
        -67.17125358,  -78.0525495 , -111.16230349, -256.28133639,
       -427.30303504, -323.21337726,  -73.57839272, -132.40240695,
       -269.43849209,  -58.58822917, -102.33162339, -223.78647632,
       -151.63902677, -377.63577806, -111.58069884, -303.33750083,
       -120.80413364, -265.96611793, -143.86491269, -514.33729736,
       -226.45331568, -146.3632477 , -271.93125847, -261.30640813,
       -338.7965388 , -117.7019884 , -252.7061823 , -202.09200961,
       -193.31856885,  -77.90672699,  -65.01030559, -112.22833347,
        -81.44364529, -305.98236912, -350.32829229, -156.42062914,
       -642.03610882, -113.30305047, -167.9839254 ,  -43.59406078,
       -219.72296464, -548.92388554, -141.69184677, -341.90171603,
       -246.41469162]), 'max_error': array([-36.96086275, -33.41694404, -15.85357153, -36.37345037,
       -24.64056024, -15.41115157, -28.17809852, -35.69931443,
       -17.16787889, -19.48173695, -26.24006341, -30.39304771,
       -62.4925003 , -39.99542742, -22.54886813, -20.11577335,
       -26.90065411, -11.68215637, -25.0564742 , -47.77216736,
       -33.2514793 , -48.01696572, -22.82545467, -51.21482754,
       -30.61221131, -47.99156951, -27.96099989, -60.7827761 ,
       -35.66662264, -27.41275955, -29.96050068, -39.4491304 ,
       -48.79166575, -24.87604225, -30.30752233, -42.25142763,
       -40.62844406, -25.20117587, -18.55560526, -34.46789231,
       -21.60399977, -51.10128384, -48.86748035, -37.09598328,
       -64.85230196, -26.89160249, -33.97707384, -16.69025975,
       -51.09491977, -48.73005639, -37.48845692, -42.15805783,
       -51.80620313]), 'explained_variance': array([-2.22044605e-16,  0.00000000e+00,  1.11022302e-16,  0.00000000e+00,
        0.00000000e+00,  0.00000000e+00,  0.00000000e+00,  0.00000000e+00,
        0.00000000e+00,  3.33066907e-16,  0.00000000e+00,  0.00000000e+00,
        0.00000000e+00,  0.00000000e+00,  2.22044605e-16,  0.00000000e+00,
        0.00000000e+00,  0.00000000e+00,  0.00000000e+00,  0.00000000e+00,
        0.00000000e+00,  0.00000000e+00, -2.22044605e-16, -2.22044605e-16,
        0.00000000e+00,  0.00000000e+00, -2.22044605e-16,  0.00000000e+00,
        0.00000000e+00, -2.22044605e-16,  0.00000000e+00, -2.22044605e-16,
        0.00000000e+00,  0.00000000e+00,  0.00000000e+00,  3.33066907e-16,
        0.00000000e+00,  0.00000000e+00,  0.00000000e+00,  0.00000000e+00,
        0.00000000e+00,  1.11022302e-16, -2.22044605e-16,  0.00000000e+00,
        0.00000000e+00, -2.22044605e-16,  0.00000000e+00,  0.00000000e+00,
        0.00000000e+00, -2.22044605e-16,  0.00000000e+00,  0.00000000e+00,
       -2.22044605e-16])}
         accs  y_pred (s)  y_true (s)
54    [11, 9]   18.794881      19.499
4    [45, 40]   24.472384      26.335
3    [45, 40]   24.472384      27.642
11   [45, 40]   24.472384      18.893
27   [29, 26]   16.915981      65.978
29   [29, 26]   16.915981      45.143
64    [11, 9]   18.794881      30.560
77   [16, 14]   17.580902      12.834
124  [26, 25]   19.839357      45.263
71    [11, 9]   18.794881       9.629
25   [29, 26]   16.915981      19.467
91     [2, 4]   14.618698      14.879
83   [16, 14]   17.580902      24.338
89   [16, 14]   17.580902      11.455
69    [11, 9]   18.794881       9.069
{'mse': 284.4952157318092, 'mae': 11.535446901777986, 'r2-score': -0.16362308436922435, 'max-error': 63.773878400336145, 'explained variance score': 0.03353310950707533, 'layers': ['mbconv3', 'mbconv5']}
