environment: line 5: __conda_exe: command not found
Using device: cuda
Using model: efficientnetB4
Number of videos: 64
Execution type : naive
Using 2 features
Job ID : 63
Plotting ?  yes
Calculate accumulators ?  no
The directory contains : 65 videos
Number of videos in the directory : 65
Number of videos in the dataframe : 64
['conv1', 'mbconv1', 'mbconv2', 'mbconv3', 'mbconv4', 'mbconv5', 'mbconv6', 'mbconv7', 'conv2', 'pool', 'output']
{'conv1': {'T_max': 773.9153770208359, 'T_min': 474.00882083177567, 'tau': 100, 'alpha': 50}, 'mbconv1': {'T_max': 3485.9428219795227, 'T_min': 2560.6904525756836, 'tau': 100, 'alpha': 50}, 'mbconv2': {'T_max': 2793.179835796356, 'T_min': 1976.7829375267029, 'tau': 100, 'alpha': 50}, 'mbconv3': {'T_max': 1668.251520872116, 'T_min': 1083.705378293991, 'tau': 100, 'alpha': 50}, 'mbconv4': {'T_max': 817.8574377298355, 'T_min': 502.0499846339226, 'tau': 100, 'alpha': 50}, 'mbconv5': {'T_max': 940.7537368535995, 'T_min': 533.222236931324, 'tau': 100, 'alpha': 50}, 'mbconv6': {'T_max': 628.3391550779343, 'T_min': 341.6495691537857, 'tau': 100, 'alpha': 50}, 'mbconv7': {'T_max': 368.16851300001144, 'T_min': 200.31917816400528, 'tau': 100, 'alpha': 50}, 'conv2': {'T_max': 79.04693293571472, 'T_min': 40.3972128406167, 'tau': 100, 'alpha': 50}, 'pool': {'T_max': 1.9010385829024017, 'T_min': 0.9983048296999186, 'tau': 100, 'alpha': 50}, 'output': {'T_max': 12.80766905657947, 'T_min': 6.51999241206795, 'tau': 100, 'alpha': 50}}
Iterating over following combinations of layers :  [['conv1'], ['mbconv1'], ['mbconv2'], ['mbconv3'], ['mbconv4'], ['mbconv5'], ['mbconv6'], ['mbconv7'], ['conv2'], ['pool'], ['output'], ['conv1', 'mbconv1'], ['conv1', 'mbconv2'], ['conv1', 'mbconv3'], ['conv1', 'mbconv4'], ['conv1', 'mbconv5'], ['conv1', 'mbconv6'], ['conv1', 'mbconv7'], ['conv1', 'conv2'], ['conv1', 'pool'], ['conv1', 'output'], ['mbconv1', 'mbconv2'], ['mbconv1', 'mbconv3'], ['mbconv1', 'mbconv4'], ['mbconv1', 'mbconv5'], ['mbconv1', 'mbconv6'], ['mbconv1', 'mbconv7'], ['mbconv1', 'conv2'], ['mbconv1', 'pool'], ['mbconv1', 'output'], ['mbconv2', 'mbconv3'], ['mbconv2', 'mbconv4'], ['mbconv2', 'mbconv5'], ['mbconv2', 'mbconv6'], ['mbconv2', 'mbconv7'], ['mbconv2', 'conv2'], ['mbconv2', 'pool'], ['mbconv2', 'output'], ['mbconv3', 'mbconv4'], ['mbconv3', 'mbconv5'], ['mbconv3', 'mbconv6'], ['mbconv3', 'mbconv7'], ['mbconv3', 'conv2'], ['mbconv3', 'pool'], ['mbconv3', 'output'], ['mbconv4', 'mbconv5'], ['mbconv4', 'mbconv6'], ['mbconv4', 'mbconv7'], ['mbconv4', 'conv2'], ['mbconv4', 'pool'], ['mbconv4', 'output'], ['mbconv5', 'mbconv6'], ['mbconv5', 'mbconv7'], ['mbconv5', 'conv2'], ['mbconv5', 'pool'], ['mbconv5', 'output'], ['mbconv6', 'mbconv7'], ['mbconv6', 'conv2'], ['mbconv6', 'pool'], ['mbconv6', 'output'], ['mbconv7', 'conv2'], ['mbconv7', 'pool'], ['mbconv7', 'output'], ['conv2', 'pool'], ['conv2', 'output'], ['pool', 'output']]
[['conv2', 'pool']]
Generating the training set for videos : 
TRAINING SET : contains 962 samples, 37 patients based on 56 videos
TEST SET : contains 127 samples, 37 patients based on 8 videos
Dataset constituted.
--------------------NAIVE IMPLEMENTATION-------------------
Number of folds : 53
Grid search.
The best parameters are : {'C': 1}
Metrics obtained during CV : 
{'r2': array([-8.44625679e-02, -1.08719659e-04, -2.50755420e-01, -6.82031936e-04,
       -4.99041755e-02, -6.42560480e-02, -2.06399002e-02, -2.97461548e-02,
       -5.51888024e-06, -4.43172639e-03, -1.27108630e-01, -5.95912229e-01,
       -1.29568804e-01, -1.69294075e-01, -2.96960663e-02, -1.11783173e-02,
       -7.60998630e-02, -1.18754982e+00, -1.39566027e-01, -2.64550448e-01,
       -4.45903979e-02, -7.04536042e-01, -3.82068774e-02, -5.03715333e-01,
       -1.94256945e-01, -6.02158306e-02, -1.95378372e-01, -3.85621239e-01,
       -2.57801088e-01, -4.23268405e-02, -1.75108859e-01, -2.17404683e-01,
       -2.93529751e-01, -2.12482903e-05, -6.82983505e-01, -3.12301520e-01,
       -1.00373597e-01, -2.60634265e-02, -4.20665973e-02, -6.10406782e-02,
       -2.26596824e-03, -3.02315641e-01, -7.36970270e-01, -1.56925005e-01,
       -3.51278667e-01, -7.91995996e-02, -1.35144160e-01, -1.53039798e-01,
       -3.12153808e-01, -5.74478835e-01, -2.50633433e-02, -5.46090519e-01,
       -4.79508978e-02]), 'neg_mean_absolute_error': array([ -7.85851872, -11.32017512, -10.21183325, -11.156432  ,
       -10.3754552 ,  -5.95862364,  -8.17473146,  -6.07803322,
        -6.66153555,  -7.39352858,  -7.84320042, -13.91675386,
       -13.50555482, -13.58926147,  -6.80071736,  -7.53471444,
       -13.21642581,  -6.85825087,  -8.45238286, -10.07520772,
        -9.17311111, -14.10616427,  -8.24094444, -11.8626185 ,
        -9.61492813,  -9.5901994 ,  -9.39833854, -16.48076149,
       -10.48122222, -10.25894444, -11.94892451, -11.30860131,
       -11.68217655,  -8.026247  , -12.91040703, -11.30663952,
       -11.50125698,  -6.78239549,  -6.270821  ,  -7.35851005,
        -7.27021231, -12.63385479, -14.89727102,  -9.0245742 ,
       -21.2137455 ,  -7.97070437,  -9.63267908,  -5.7958321 ,
        -9.5396286 , -17.0438744 ,  -8.34539147, -15.41817062,
       -10.20668938]), 'neg_mean_squared_error': array([-120.94723801, -190.88320524, -118.8174299 , -176.14639783,
       -134.35699761,  -49.11493336, -130.09665047,  -95.63494561,
        -65.25130319,  -78.08192582, -105.00402026, -329.14082653,
       -341.05827904, -298.09222358,  -75.0530785 ,  -82.64357248,
       -269.31596768,  -61.61972729, -109.09715721, -233.56906296,
       -151.04760776, -369.64548635, -112.56646009, -294.06275841,
       -135.91991561, -256.37236573, -166.16104508, -539.96622576,
       -236.95425533, -152.47018838, -230.49801714, -225.47258574,
       -281.00615597, -116.09617474, -239.02538256, -249.16428668,
       -180.72350906,  -76.19620241,  -66.5620069 , -113.960737  ,
        -80.73766538, -295.91548473, -425.44793822, -179.61148156,
       -795.31275997, -110.60474657, -149.09947726,  -50.26324356,
       -231.82069739, -489.52669686, -121.8544647 , -468.64857859,
       -244.58614321]), 'max_error': array([-36.04434296, -31.06273455, -17.1859813 , -30.03993067,
       -22.12805017, -14.17312786, -30.00636742, -34.14136884,
       -18.5726082 , -19.50731898, -25.43860268, -34.40512031,
       -57.55051388, -38.30179358, -21.90819573, -16.35685812,
       -35.64290965, -11.95045111, -26.14355422, -48.51093472,
       -33.13757821, -47.6978696 , -23.08404516, -50.75809441,
       -28.55462937, -46.89270538, -35.37734895, -61.87695114,
       -36.46585971, -29.61021977, -33.80341028, -37.07113726,
       -45.75177223, -26.0945554 , -29.63588777, -46.45556391,
       -31.17563744, -24.68294063, -17.98190276, -34.83209049,
       -20.23414731, -50.51473103, -52.03688783, -43.11422259,
       -71.91856983, -26.45197423, -32.13754438, -14.15340776,
       -51.95981232, -46.66709609, -30.985669  , -48.79628833,
       -51.54324247]), 'explained_variance': array([-4.44089210e-16,  0.00000000e+00,  1.11022302e-16,  1.11022302e-16,
        0.00000000e+00,  0.00000000e+00,  0.00000000e+00,  0.00000000e+00,
        0.00000000e+00,  3.33066907e-16,  1.11022302e-16,  0.00000000e+00,
       -2.22044605e-16,  0.00000000e+00,  2.22044605e-16,  0.00000000e+00,
        0.00000000e+00,  0.00000000e+00,  0.00000000e+00,  0.00000000e+00,
        0.00000000e+00,  1.11022302e-16, -2.22044605e-16, -2.22044605e-16,
        0.00000000e+00,  0.00000000e+00,  0.00000000e+00,  0.00000000e+00,
        0.00000000e+00,  0.00000000e+00, -2.22044605e-16,  0.00000000e+00,
        0.00000000e+00,  0.00000000e+00,  0.00000000e+00,  3.33066907e-16,
        0.00000000e+00,  0.00000000e+00,  0.00000000e+00,  2.22044605e-16,
        0.00000000e+00,  0.00000000e+00, -2.22044605e-16,  0.00000000e+00,
       -2.22044605e-16, -2.22044605e-16,  0.00000000e+00,  0.00000000e+00,
        0.00000000e+00,  0.00000000e+00,  0.00000000e+00, -2.22044605e-16,
       -2.22044605e-16])}
         accs  y_pred (s)  y_true (s)
54     [2, 2]   14.380533      19.499
4    [24, 25]   21.218179      26.335
3    [24, 25]   21.218179      27.642
11   [24, 25]   21.218179      18.893
27   [16, 17]   18.804865      65.978
29   [16, 17]   18.804865      45.143
64     [2, 2]   14.380533      30.560
77    [11, 9]   16.871114      12.834
124  [16, 16]   18.734285      45.263
71     [2, 2]   14.380533       9.629
25   [16, 17]   18.804865      19.467
91     [5, 7]   15.212541      14.879
83    [11, 9]   16.871114      24.338
89    [11, 9]   16.871114      11.455
69     [2, 2]   14.380533       9.069
{'mse': 289.9628779123738, 'mae': 11.64091820235715, 'r2-score': -0.18598654631522504, 'max-error': 64.08601091111856, 'explained variance score': 0.07366264748955931, 'layers': ['conv2', 'pool']}
