environment: line 5: __conda_exe: command not found
Using device: cuda
Using model: efficientnetB4
Number of videos: 64
Execution type : naive
Using 2 features
Job ID : 15
Plotting ?  yes
Calculate accumulators ?  no
The directory contains : 65 videos
Number of videos in the directory : 65
Number of videos in the dataframe : 64
['conv1', 'mbconv1', 'mbconv2', 'mbconv3', 'mbconv4', 'mbconv5', 'mbconv6', 'mbconv7', 'conv2', 'pool', 'output']
{'conv1': {'T_max': 773.9153770208359, 'T_min': 474.00882083177567, 'tau': 100, 'alpha': 50}, 'mbconv1': {'T_max': 3485.9428219795227, 'T_min': 2560.6904525756836, 'tau': 100, 'alpha': 50}, 'mbconv2': {'T_max': 2793.179835796356, 'T_min': 1976.7829375267029, 'tau': 100, 'alpha': 50}, 'mbconv3': {'T_max': 1668.251520872116, 'T_min': 1083.705378293991, 'tau': 100, 'alpha': 50}, 'mbconv4': {'T_max': 817.8574377298355, 'T_min': 502.0499846339226, 'tau': 100, 'alpha': 50}, 'mbconv5': {'T_max': 940.7537368535995, 'T_min': 533.222236931324, 'tau': 100, 'alpha': 50}, 'mbconv6': {'T_max': 628.3391550779343, 'T_min': 341.6495691537857, 'tau': 100, 'alpha': 50}, 'mbconv7': {'T_max': 368.16851300001144, 'T_min': 200.31917816400528, 'tau': 100, 'alpha': 50}, 'conv2': {'T_max': 79.04693293571472, 'T_min': 40.3972128406167, 'tau': 100, 'alpha': 50}, 'pool': {'T_max': 1.9010385829024017, 'T_min': 0.9983048296999186, 'tau': 100, 'alpha': 50}, 'output': {'T_max': 12.80766905657947, 'T_min': 6.51999241206795, 'tau': 100, 'alpha': 50}}
Iterating over following combinations of layers :  [['conv1'], ['mbconv1'], ['mbconv2'], ['mbconv3'], ['mbconv4'], ['mbconv5'], ['mbconv6'], ['mbconv7'], ['conv2'], ['pool'], ['output'], ['conv1', 'mbconv1'], ['conv1', 'mbconv2'], ['conv1', 'mbconv3'], ['conv1', 'mbconv4'], ['conv1', 'mbconv5'], ['conv1', 'mbconv6'], ['conv1', 'mbconv7'], ['conv1', 'conv2'], ['conv1', 'pool'], ['conv1', 'output'], ['mbconv1', 'mbconv2'], ['mbconv1', 'mbconv3'], ['mbconv1', 'mbconv4'], ['mbconv1', 'mbconv5'], ['mbconv1', 'mbconv6'], ['mbconv1', 'mbconv7'], ['mbconv1', 'conv2'], ['mbconv1', 'pool'], ['mbconv1', 'output'], ['mbconv2', 'mbconv3'], ['mbconv2', 'mbconv4'], ['mbconv2', 'mbconv5'], ['mbconv2', 'mbconv6'], ['mbconv2', 'mbconv7'], ['mbconv2', 'conv2'], ['mbconv2', 'pool'], ['mbconv2', 'output'], ['mbconv3', 'mbconv4'], ['mbconv3', 'mbconv5'], ['mbconv3', 'mbconv6'], ['mbconv3', 'mbconv7'], ['mbconv3', 'conv2'], ['mbconv3', 'pool'], ['mbconv3', 'output'], ['mbconv4', 'mbconv5'], ['mbconv4', 'mbconv6'], ['mbconv4', 'mbconv7'], ['mbconv4', 'conv2'], ['mbconv4', 'pool'], ['mbconv4', 'output'], ['mbconv5', 'mbconv6'], ['mbconv5', 'mbconv7'], ['mbconv5', 'conv2'], ['mbconv5', 'pool'], ['mbconv5', 'output'], ['mbconv6', 'mbconv7'], ['mbconv6', 'conv2'], ['mbconv6', 'pool'], ['mbconv6', 'output'], ['mbconv7', 'conv2'], ['mbconv7', 'pool'], ['mbconv7', 'output'], ['conv2', 'pool'], ['conv2', 'output'], ['pool', 'output']]
[['conv1', 'mbconv5']]
Generating the training set for videos : 
TRAINING SET : contains 962 samples, 37 patients based on 56 videos
TEST SET : contains 127 samples, 37 patients based on 8 videos
Dataset constituted.
--------------------NAIVE IMPLEMENTATION-------------------
Number of folds : 53
Grid search.
The best parameters are : {'C': 1}
Metrics obtained during CV : 
{'r2': array([-1.61830356e-01, -8.38803594e-03, -2.33199501e-02, -1.94364640e-01,
       -2.01643636e-03, -4.40548934e-02, -3.79260350e-02, -6.04098061e-02,
       -6.05426874e-02, -1.10460189e-05, -1.12452957e-01, -5.46710076e-01,
       -2.23960825e-01, -2.57878295e-01, -2.02801516e-01, -4.01391089e-01,
       -2.85187188e-03, -8.24679347e-01, -7.47334477e-03, -7.69432993e-02,
       -5.88546709e-02, -7.10833882e-01, -8.46863408e-03, -2.65884395e-01,
       -1.23287569e-01, -1.03418679e-01, -2.18698930e-03, -3.85495207e-01,
       -2.17571097e-01, -5.66233638e-04, -1.78194819e-01, -5.16014699e-01,
       -5.96767223e-01, -3.94629918e-02, -4.36944257e-01, -4.50055465e-01,
       -7.63406097e-02, -4.83196197e-03, -2.60534854e-02, -3.52930058e-02,
       -4.37619112e-04, -4.26337159e-01, -7.30399068e-01, -1.56855162e-01,
       -3.05983538e-01, -1.92458241e-02, -1.73231781e-01, -9.70523988e-02,
       -2.96706925e-01, -6.97958845e-01, -2.60521076e-02, -1.85609344e-01,
       -7.24229380e-02]), 'neg_mean_absolute_error': array([ -8.78944284, -11.13552762,  -8.73102869, -10.8455597 ,
        -9.44696342,  -5.81833865,  -8.08367378,  -6.09125745,
        -7.1231965 ,  -7.48157813,  -7.81091746, -13.680693  ,
       -13.95312321, -13.99415678,  -7.75193364,  -8.78239272,
       -13.40165156,  -6.24059094,  -8.95251444,  -9.52688889,
        -9.17311111, -14.13066335,  -8.41995532, -10.89710156,
        -9.08375304,  -9.4585427 ,  -8.74496   , -16.48009369,
       -10.48122222, -10.25894444, -11.96035033, -12.60528861,
       -13.19357347,  -9.18777749, -12.25331821, -11.99267728,
        -9.44361111,  -6.87041753,  -6.12830488,  -7.29034069,
        -7.16377445, -13.16574025, -14.86391949,  -9.02420802,
       -20.89407636,  -7.88572851,  -9.66543767,  -5.63474818,
        -9.46300992, -17.76729323,  -8.21868111, -14.24433901,
       -10.01519593]), 'neg_mean_squared_error': array([-129.57586246, -192.46341587,  -97.21184855, -210.23963896,
       -128.22876895,  -48.18265925, -132.30004095,  -98.48275097,
        -69.20141052,  -77.73827355, -103.63866422, -318.99337794,
       -369.55869431, -320.67530818,  -87.67048798, -114.53565023,
       -250.98416198,  -51.39825504,  -96.4511711 , -198.91704412,
       -153.11021941, -371.01123511, -109.34212315, -247.55314319,
       -127.84279984, -266.81931065, -139.30688505, -539.91711184,
       -229.37541982, -146.36150218, -231.10332924, -280.7774267 ,
       -346.88140631, -120.67511299, -204.08170956, -275.31937597,
       -176.77637172,  -74.6195387 ,  -65.53916933, -111.19531643,
        -80.59038248, -324.09597068, -423.83840899, -179.60063854,
       -768.65371829, -104.46021858, -154.10222888,  -47.82264412,
       -229.09166733, -527.91829672, -121.97200411, -359.38007976,
       -250.29778672]), 'max_error': array([-34.86517241, -32.18397514, -16.15329097, -36.23563439,
       -25.16313902, -14.46928506, -30.58306605, -34.8478916 ,
       -16.56605329, -18.94967182, -25.23414392, -33.93759528,
       -59.51904872, -39.84039578, -19.53469565, -18.72494019,
       -32.12362033, -10.98647526, -21.64237003, -45.29052458,
       -33.51558824, -47.75299253, -22.00695106, -48.043914  ,
       -29.51074452, -48.07761571, -30.71735998, -61.87494774,
       -35.89905405, -26.83414607, -33.85482647, -40.50164938,
       -49.1524153 , -24.00380052, -27.6646213 , -47.99914887,
       -38.77674471, -23.89074221, -18.33108535, -34.21856619,
       -20.47363249, -52.06904057, -51.97685509, -43.11312407,
       -70.9595624 , -25.00738461, -32.69444033, -14.67942696,
       -51.77373838, -48.03355387, -34.47157885, -43.43121204,
       -52.30921626]), 'explained_variance': array([-4.44089210e-16,  0.00000000e+00,  1.11022302e-16,  3.33066907e-16,
        0.00000000e+00,  0.00000000e+00,  0.00000000e+00,  0.00000000e+00,
        0.00000000e+00,  3.33066907e-16,  1.11022302e-16, -2.22044605e-16,
        0.00000000e+00,  0.00000000e+00,  2.22044605e-16,  0.00000000e+00,
        0.00000000e+00,  0.00000000e+00,  0.00000000e+00,  0.00000000e+00,
        0.00000000e+00,  1.11022302e-16, -2.22044605e-16, -2.22044605e-16,
        0.00000000e+00,  0.00000000e+00,  0.00000000e+00,  0.00000000e+00,
        0.00000000e+00, -2.22044605e-16, -2.22044605e-16,  0.00000000e+00,
        0.00000000e+00,  0.00000000e+00,  0.00000000e+00,  3.33066907e-16,
       -2.22044605e-16,  0.00000000e+00,  0.00000000e+00,  0.00000000e+00,
        0.00000000e+00,  0.00000000e+00,  0.00000000e+00,  0.00000000e+00,
       -4.44089210e-16, -2.22044605e-16, -2.22044605e-16,  0.00000000e+00,
        0.00000000e+00, -2.22044605e-16, -2.22044605e-16, -2.22044605e-16,
       -2.22044605e-16])}
         accs  y_pred (s)  y_true (s)
54     [2, 9]   15.458193      19.499
4    [34, 40]   23.526203      26.335
3    [34, 40]   23.526203      27.642
11   [34, 40]   23.526203      18.893
27   [31, 26]   20.031396      65.978
29   [31, 26]   20.031396      45.143
64     [2, 9]   15.458193      30.560
77   [15, 14]   16.425192      12.834
124  [24, 25]   20.080352      45.263
71     [2, 9]   15.458193       9.629
25   [31, 26]   20.031396      19.467
91    [11, 4]   16.353614      14.879
83   [15, 14]   16.425192      24.338
89   [15, 14]   16.425192      11.455
69     [2, 9]   15.458193       9.069
{'mse': 273.05129925174185, 'mae': 11.298264592439603, 'r2-score': -0.11681595140023626, 'max-error': 65.14400731956745, 'explained variance score': 0.09286826077787391, 'layers': ['conv1', 'mbconv5']}
