environment: line 5: __conda_exe: command not found
Using device: cuda
Using model: efficientnetB4
Number of videos: 64
Execution type : naive
Using 2 features
Job ID : 31
Plotting ?  yes
Calculate accumulators ?  no
The directory contains : 65 videos
Number of videos in the directory : 65
Number of videos in the dataframe : 64
['conv1', 'mbconv1', 'mbconv2', 'mbconv3', 'mbconv4', 'mbconv5', 'mbconv6', 'mbconv7', 'conv2', 'pool', 'output']
{'conv1': {'T_max': 773.9153770208359, 'T_min': 474.00882083177567, 'tau': 100, 'alpha': 50}, 'mbconv1': {'T_max': 3485.9428219795227, 'T_min': 2560.6904525756836, 'tau': 100, 'alpha': 50}, 'mbconv2': {'T_max': 2793.179835796356, 'T_min': 1976.7829375267029, 'tau': 100, 'alpha': 50}, 'mbconv3': {'T_max': 1668.251520872116, 'T_min': 1083.705378293991, 'tau': 100, 'alpha': 50}, 'mbconv4': {'T_max': 817.8574377298355, 'T_min': 502.0499846339226, 'tau': 100, 'alpha': 50}, 'mbconv5': {'T_max': 940.7537368535995, 'T_min': 533.222236931324, 'tau': 100, 'alpha': 50}, 'mbconv6': {'T_max': 628.3391550779343, 'T_min': 341.6495691537857, 'tau': 100, 'alpha': 50}, 'mbconv7': {'T_max': 368.16851300001144, 'T_min': 200.31917816400528, 'tau': 100, 'alpha': 50}, 'conv2': {'T_max': 79.04693293571472, 'T_min': 40.3972128406167, 'tau': 100, 'alpha': 50}, 'pool': {'T_max': 1.9010385829024017, 'T_min': 0.9983048296999186, 'tau': 100, 'alpha': 50}, 'output': {'T_max': 12.80766905657947, 'T_min': 6.51999241206795, 'tau': 100, 'alpha': 50}}
Iterating over following combinations of layers :  [['conv1'], ['mbconv1'], ['mbconv2'], ['mbconv3'], ['mbconv4'], ['mbconv5'], ['mbconv6'], ['mbconv7'], ['conv2'], ['pool'], ['output'], ['conv1', 'mbconv1'], ['conv1', 'mbconv2'], ['conv1', 'mbconv3'], ['conv1', 'mbconv4'], ['conv1', 'mbconv5'], ['conv1', 'mbconv6'], ['conv1', 'mbconv7'], ['conv1', 'conv2'], ['conv1', 'pool'], ['conv1', 'output'], ['mbconv1', 'mbconv2'], ['mbconv1', 'mbconv3'], ['mbconv1', 'mbconv4'], ['mbconv1', 'mbconv5'], ['mbconv1', 'mbconv6'], ['mbconv1', 'mbconv7'], ['mbconv1', 'conv2'], ['mbconv1', 'pool'], ['mbconv1', 'output'], ['mbconv2', 'mbconv3'], ['mbconv2', 'mbconv4'], ['mbconv2', 'mbconv5'], ['mbconv2', 'mbconv6'], ['mbconv2', 'mbconv7'], ['mbconv2', 'conv2'], ['mbconv2', 'pool'], ['mbconv2', 'output'], ['mbconv3', 'mbconv4'], ['mbconv3', 'mbconv5'], ['mbconv3', 'mbconv6'], ['mbconv3', 'mbconv7'], ['mbconv3', 'conv2'], ['mbconv3', 'pool'], ['mbconv3', 'output'], ['mbconv4', 'mbconv5'], ['mbconv4', 'mbconv6'], ['mbconv4', 'mbconv7'], ['mbconv4', 'conv2'], ['mbconv4', 'pool'], ['mbconv4', 'output'], ['mbconv5', 'mbconv6'], ['mbconv5', 'mbconv7'], ['mbconv5', 'conv2'], ['mbconv5', 'pool'], ['mbconv5', 'output'], ['mbconv6', 'mbconv7'], ['mbconv6', 'conv2'], ['mbconv6', 'pool'], ['mbconv6', 'output'], ['mbconv7', 'conv2'], ['mbconv7', 'pool'], ['mbconv7', 'output'], ['conv2', 'pool'], ['conv2', 'output'], ['pool', 'output']]
[['mbconv2', 'mbconv4']]
Generating the training set for videos : 
TRAINING SET : contains 962 samples, 37 patients based on 56 videos
TEST SET : contains 127 samples, 37 patients based on 8 videos
Dataset constituted.
--------------------NAIVE IMPLEMENTATION-------------------
Number of folds : 53
Grid search.
The best parameters are : {'C': 10.0}
Metrics obtained during CV : 
{'r2': array([-9.95495535e-02, -4.97705177e-03, -1.82323089e-02, -1.07348630e-01,
       -1.63062190e-02, -5.69620728e-02, -1.04121834e-01, -4.72971172e-02,
       -2.17619219e-01, -5.49601761e-02, -1.63896119e-01, -3.93285934e-01,
       -3.69408372e-01, -1.23640050e-01, -1.58180250e-01, -7.30371705e-03,
       -7.72486166e-03, -1.33983163e+00, -1.77354476e-02, -2.23557522e-01,
       -3.08390418e-02, -1.03015977e+00, -4.85985276e-02, -1.56346752e-01,
       -2.90084469e-02, -1.20951311e-02, -1.66151833e-02, -7.95650974e-02,
       -1.13919692e-01, -1.19812745e-03, -3.15517462e-01, -2.89454396e-01,
       -7.24459738e-01, -6.63764152e-02, -5.70899010e-01, -6.73011777e-01,
       -1.10466270e-01, -5.60142221e-02, -1.10158000e-01, -2.76725768e-02,
       -1.62403526e-03, -5.47659387e-01, -5.27561434e-01, -2.78478229e-02,
       -3.08069781e-01, -6.05577323e-02, -1.53854447e-01, -1.32154031e-01,
       -1.51834320e-01, -6.65891141e-01, -1.01695677e-03, -8.38217468e-02,
       -7.32522230e-02]), 'neg_mean_absolute_error': array([ -8.06603801, -11.71393282,  -8.68567706, -10.89382129,
        -9.20049847,  -5.91093281,  -8.05701682,  -6.07690078,
        -7.76530244,  -7.83600659,  -7.91683735, -13.08666435,
       -14.81445236, -13.36034681,  -7.53915052,  -7.56364265,
       -13.37293565,  -7.14218235,  -9.00331319,  -9.94979345,
        -9.17311111, -15.65498087,  -8.25785615, -10.71028414,
        -8.05422834, -10.06238191,  -8.661     , -15.06666667,
       -10.48122222, -10.25894444, -12.4286121 , -11.63405345,
       -13.70875202,  -9.54084734, -12.62895912, -12.90830164,
        -9.44361111,  -6.71036159,  -6.72505523,  -7.26556752,
        -7.24108117, -13.74923521, -13.74839288,  -8.56168388,
       -20.90930015,  -7.94965948,  -9.64927912,  -5.72543621,
        -8.79093295, -17.58602865,  -8.13561519, -14.0574375 ,
       -10.00932803]), 'neg_mean_squared_error': array([-122.62984955, -191.81238706,  -96.72854027, -194.92252898,
       -130.05744279,  -48.77831972, -140.73773941,  -97.26494474,
        -79.45080233,  -82.00987687, -108.43122693, -287.35119347,
       -413.4746471 , -286.45348345,  -84.41810747,  -82.32690152,
       -252.20372719,  -65.90925861,  -97.43362076, -225.99745577,
       -149.05916384, -440.26020884, -113.69316355, -226.13223934,
       -117.11277191, -244.73622788, -141.31244568, -420.69843803,
       -209.84876994, -146.45393477, -258.03921404, -238.81673941,
       -374.62130404, -123.79959211, -223.10660547, -317.65168266,
       -182.3811127 ,  -78.42036987,  -70.91134543, -110.37684667,
        -80.68595439, -351.66311721, -374.15600809, -159.57237465,
       -769.88160421, -108.6941834 , -151.55704522,  -49.3527924 ,
       -203.49674997, -517.94801538, -118.99594909, -328.52637988,
       -250.4913374 ]), 'max_error': array([-35.78148519, -29.9440395 , -16.32562716, -34.73339549,
       -26.0997058 , -14.27380852, -32.02743989, -34.57511488,
       -15.24263848, -16.85337495, -25.90496985, -32.32523181,
       -61.85694213, -37.3465298 , -19.98390446, -16.5400701 ,
       -32.66922264, -12.31009765, -21.18518132, -47.94657052,
       -32.71004369, -50.28380464, -23.34420537, -46.36255724,
       -31.43961123, -44.78702094, -31.68572315, -55.18662956,
       -34.12949818, -27.54058569, -35.80966962, -38.04749368,
       -50.31156705, -23.36827479, -28.79154403, -50.05930369,
       -39.49526925, -25.33124572, -16.96850059, -33.99560772,
       -20.29969237, -53.38190421, -49.96890718, -40.25765496,
       -71.00523378, -26.09421117, -32.41974503, -14.33611688,
       -49.71286007, -47.69116523, -33.05945824, -40.97106433,
       -52.33268789]), 'explained_variance': array([-4.44089210e-16,  0.00000000e+00,  1.11022302e-16,  1.11022302e-16,
        0.00000000e+00,  0.00000000e+00,  0.00000000e+00,  0.00000000e+00,
        0.00000000e+00,  3.33066907e-16,  0.00000000e+00,  0.00000000e+00,
        0.00000000e+00,  0.00000000e+00,  2.22044605e-16,  0.00000000e+00,
        0.00000000e+00,  0.00000000e+00,  0.00000000e+00,  0.00000000e+00,
        0.00000000e+00,  1.11022302e-16, -2.22044605e-16,  1.11022302e-16,
        0.00000000e+00,  0.00000000e+00,  0.00000000e+00,  1.11022302e-16,
        0.00000000e+00, -2.22044605e-16, -2.22044605e-16,  0.00000000e+00,
        1.11022302e-16,  0.00000000e+00,  0.00000000e+00,  1.11022302e-16,
        0.00000000e+00,  0.00000000e+00,  0.00000000e+00,  0.00000000e+00,
        0.00000000e+00,  0.00000000e+00,  0.00000000e+00,  0.00000000e+00,
        0.00000000e+00, -2.22044605e-16,  0.00000000e+00,  0.00000000e+00,
        0.00000000e+00,  0.00000000e+00,  2.22044605e-16, -2.22044605e-16,
        0.00000000e+00])}
         accs  y_pred (s)  y_true (s)
54   [10, 10]   17.411468      19.499
4    [50, 43]   23.156483      26.335
3    [50, 43]   23.156483      27.642
11   [50, 43]   23.156483      18.893
27   [29, 28]   20.734447      65.978
29   [29, 28]   20.734447      45.143
64   [10, 10]   17.411468      30.560
77   [16, 14]   18.099690      12.834
124  [27, 25]   18.770023      45.263
71   [10, 10]   17.411468       9.629
25   [29, 28]   20.734447      19.467
91     [4, 2]   15.365297      14.879
83   [16, 14]   18.099690      24.338
89   [16, 14]   18.099690      11.455
69   [10, 10]   17.411468       9.069
{'mse': 273.34914963285905, 'mae': 11.397561809936876, 'r2-score': -0.11803419887854494, 'max-error': 63.011020588544596, 'explained variance score': 0.061221873684524475, 'layers': ['mbconv2', 'mbconv4']}
