environment: line 5: __conda_exe: command not found
Using device: cuda
Using model: efficientnetB4
Number of videos: 64
Execution type : naive
Using 2 features
Job ID : 20
Plotting ?  yes
Calculate accumulators ?  no
The directory contains : 65 videos
Number of videos in the directory : 65
Number of videos in the dataframe : 64
['conv1', 'mbconv1', 'mbconv2', 'mbconv3', 'mbconv4', 'mbconv5', 'mbconv6', 'mbconv7', 'conv2', 'pool', 'output']
{'conv1': {'T_max': 773.9153770208359, 'T_min': 474.00882083177567, 'tau': 100, 'alpha': 50}, 'mbconv1': {'T_max': 3485.9428219795227, 'T_min': 2560.6904525756836, 'tau': 100, 'alpha': 50}, 'mbconv2': {'T_max': 2793.179835796356, 'T_min': 1976.7829375267029, 'tau': 100, 'alpha': 50}, 'mbconv3': {'T_max': 1668.251520872116, 'T_min': 1083.705378293991, 'tau': 100, 'alpha': 50}, 'mbconv4': {'T_max': 817.8574377298355, 'T_min': 502.0499846339226, 'tau': 100, 'alpha': 50}, 'mbconv5': {'T_max': 940.7537368535995, 'T_min': 533.222236931324, 'tau': 100, 'alpha': 50}, 'mbconv6': {'T_max': 628.3391550779343, 'T_min': 341.6495691537857, 'tau': 100, 'alpha': 50}, 'mbconv7': {'T_max': 368.16851300001144, 'T_min': 200.31917816400528, 'tau': 100, 'alpha': 50}, 'conv2': {'T_max': 79.04693293571472, 'T_min': 40.3972128406167, 'tau': 100, 'alpha': 50}, 'pool': {'T_max': 1.9010385829024017, 'T_min': 0.9983048296999186, 'tau': 100, 'alpha': 50}, 'output': {'T_max': 12.80766905657947, 'T_min': 6.51999241206795, 'tau': 100, 'alpha': 50}}
Iterating over following combinations of layers :  [['conv1'], ['mbconv1'], ['mbconv2'], ['mbconv3'], ['mbconv4'], ['mbconv5'], ['mbconv6'], ['mbconv7'], ['conv2'], ['pool'], ['output'], ['conv1', 'mbconv1'], ['conv1', 'mbconv2'], ['conv1', 'mbconv3'], ['conv1', 'mbconv4'], ['conv1', 'mbconv5'], ['conv1', 'mbconv6'], ['conv1', 'mbconv7'], ['conv1', 'conv2'], ['conv1', 'pool'], ['conv1', 'output'], ['mbconv1', 'mbconv2'], ['mbconv1', 'mbconv3'], ['mbconv1', 'mbconv4'], ['mbconv1', 'mbconv5'], ['mbconv1', 'mbconv6'], ['mbconv1', 'mbconv7'], ['mbconv1', 'conv2'], ['mbconv1', 'pool'], ['mbconv1', 'output'], ['mbconv2', 'mbconv3'], ['mbconv2', 'mbconv4'], ['mbconv2', 'mbconv5'], ['mbconv2', 'mbconv6'], ['mbconv2', 'mbconv7'], ['mbconv2', 'conv2'], ['mbconv2', 'pool'], ['mbconv2', 'output'], ['mbconv3', 'mbconv4'], ['mbconv3', 'mbconv5'], ['mbconv3', 'mbconv6'], ['mbconv3', 'mbconv7'], ['mbconv3', 'conv2'], ['mbconv3', 'pool'], ['mbconv3', 'output'], ['mbconv4', 'mbconv5'], ['mbconv4', 'mbconv6'], ['mbconv4', 'mbconv7'], ['mbconv4', 'conv2'], ['mbconv4', 'pool'], ['mbconv4', 'output'], ['mbconv5', 'mbconv6'], ['mbconv5', 'mbconv7'], ['mbconv5', 'conv2'], ['mbconv5', 'pool'], ['mbconv5', 'output'], ['mbconv6', 'mbconv7'], ['mbconv6', 'conv2'], ['mbconv6', 'pool'], ['mbconv6', 'output'], ['mbconv7', 'conv2'], ['mbconv7', 'pool'], ['mbconv7', 'output'], ['conv2', 'pool'], ['conv2', 'output'], ['pool', 'output']]
[['conv1', 'output']]
Generating the training set for videos : 
TRAINING SET : contains 962 samples, 37 patients based on 56 videos
TEST SET : contains 127 samples, 37 patients based on 8 videos
Dataset constituted.
--------------------NAIVE IMPLEMENTATION-------------------
Number of folds : 53
Grid search.
The best parameters are : {'C': 1}
Metrics obtained during CV : 
{'r2': array([-1.72329275e-01, -4.52943986e-03, -4.05416562e-01, -4.08881577e-04,
       -9.91027181e-02, -3.60008915e-02, -5.98069679e-02, -5.01642264e-02,
       -6.30648042e-03, -8.37130817e-03, -1.51913345e-01, -5.84494663e-01,
       -6.22830213e-02, -2.34659761e-01, -2.32527567e-01, -2.85153263e-02,
       -2.29608281e-02, -6.38904881e-01, -1.40293563e-01, -1.51222555e-01,
       -6.46354280e-02, -7.35485903e-01, -1.86421461e-03, -2.99641590e-01,
       -6.84349337e-02, -1.31322379e-01, -4.57693780e-02, -4.77448080e-01,
       -1.76447650e-01, -2.70901092e-02, -2.87896007e-01, -4.59641778e-01,
       -5.54003690e-01, -1.71234903e-02, -3.49723603e-01, -1.52025705e-01,
       -6.75545728e-02, -3.05383623e-02, -4.00500417e-02, -6.54021580e-02,
       -4.21798741e-06, -4.25211748e-01, -7.90745206e-01, -1.92643456e-01,
       -3.69761476e-01, -4.86075345e-02, -1.88976344e-01, -1.05699216e-01,
       -3.49711211e-01, -6.45204993e-01, -3.82544485e-05, -5.35458310e-01,
       -6.51653160e-02]), 'neg_mean_absolute_error': array([ -8.8965293 , -11.69740553, -10.83957489, -11.14408292,
       -10.7564418 ,  -5.75348648,  -7.9948829 ,  -6.08019498,
        -6.76896159,  -7.3588314 ,  -7.89385493, -13.85497026,
       -13.20268271, -13.89583483,  -7.89783776,  -7.47668779,
       -13.31994959,  -5.92384862,  -8.45132565,  -9.69626703,
        -9.17311111, -14.23024984,  -8.53298758, -10.9933308 ,
        -8.55317075,  -9.45616821,  -8.661     , -17.04595074,
       -10.48122222, -10.25894444, -12.31648548, -12.36109438,
       -13.00889072,  -8.78195406, -11.97666233, -10.63136308,
       -11.09610549,  -6.76965066,  -6.25314454,  -7.36849867,
        -7.08851967, -13.15996283, -15.16479669,  -9.20222767,
       -21.33822109,  -7.93440637,  -9.67791158,  -5.65083703,
        -9.71836117, -17.46677429,  -8.11119586, -15.37097213,
       -10.06805571]), 'neg_mean_squared_error': array([-130.74677918, -191.72695475, -133.50970241, -176.09831617,
       -140.65297074,  -47.81097072, -135.0891109 ,  -97.5312199 ,
        -65.66244687,  -78.38817872, -107.31488432, -326.78606853,
       -320.74223165, -314.75612613,  -89.83717749,  -84.06052569,
       -256.01683895,  -46.16528993, -109.1668084 , -212.63680999,
       -153.94611597, -376.35726965, -108.6260461 , -254.15461451,
       -121.59995098, -273.56674587, -145.36496291, -575.75045839,
       -221.62826829, -150.24137953, -252.62125586, -270.33673408,
       -337.59146469, -118.08163743, -191.69421421, -218.73301115,
       -175.33336779,  -76.52851434,  -66.43319941, -114.42918036,
        -80.5554698 , -323.840252  , -438.61939875, -185.1567364 ,
       -806.19105891, -107.46943442, -156.17025361,  -48.19957566,
       -238.45603483, -511.51641303, -118.8796058 , -465.42575991,
       -248.6038965 ]), 'max_error': array([-34.72952955, -29.98889928, -18.51121365, -30.11814148,
       -21.09394369, -14.60619521, -31.1454083 , -34.63770463,
       -17.91214596, -19.72706778, -25.75941454, -34.29840318,
       -55.6323238 , -39.46677236, -19.26255296, -15.7860681 ,
       -33.67595784, -10.40901374, -26.15306918, -46.80570163,
       -33.65550077, -47.9664497 , -21.49830587, -48.48798862,
       -30.46579266, -48.71201386, -32.68831554, -63.25863917,
       -35.2623522 , -29.11259892, -35.45743467, -39.95221236,
       -48.73687911, -24.73428269, -26.83465365, -44.12776773,
       -31.90491012, -24.79764406, -18.02167479, -34.92198807,
       -20.64295575, -52.05604136, -52.51843405, -43.64718301,
       -72.29199659, -25.83490829, -32.9064969 , -14.5897541 ,
       -52.39387714, -47.465907  , -32.64432955, -48.67042568,
       -52.09777715]), 'explained_variance': array([-4.44089210e-16,  0.00000000e+00,  1.11022302e-16,  1.11022302e-16,
        0.00000000e+00,  0.00000000e+00,  0.00000000e+00, -2.22044605e-16,
        0.00000000e+00,  0.00000000e+00,  1.11022302e-16,  0.00000000e+00,
        0.00000000e+00,  0.00000000e+00,  2.22044605e-16,  0.00000000e+00,
        2.22044605e-16,  0.00000000e+00,  0.00000000e+00,  0.00000000e+00,
        0.00000000e+00, -2.22044605e-16, -2.22044605e-16, -2.22044605e-16,
        0.00000000e+00,  0.00000000e+00,  0.00000000e+00,  0.00000000e+00,
        0.00000000e+00, -2.22044605e-16,  1.11022302e-16,  0.00000000e+00,
        1.11022302e-16,  0.00000000e+00,  0.00000000e+00,  3.33066907e-16,
        0.00000000e+00,  0.00000000e+00,  0.00000000e+00,  0.00000000e+00,
        0.00000000e+00,  0.00000000e+00,  0.00000000e+00,  0.00000000e+00,
       -2.22044605e-16, -2.22044605e-16, -2.22044605e-16,  0.00000000e+00,
        0.00000000e+00,  0.00000000e+00,  0.00000000e+00, -2.22044605e-16,
       -2.22044605e-16])}
         accs  y_pred (s)  y_true (s)
54     [2, 2]   13.843435      19.499
4    [34, 24]   22.909875      26.335
3    [34, 24]   22.909875      27.642
11   [34, 24]   22.909875      18.893
27   [31, 15]   20.951538      65.978
29   [31, 15]   20.951538      45.143
64     [2, 2]   13.843435      30.560
77    [15, 8]   16.339668      12.834
124  [24, 15]   19.791158      45.263
71     [2, 2]   13.843435       9.629
25   [31, 15]   20.951538      19.467
91    [11, 5]   15.377419      14.879
83    [15, 8]   16.339668      24.338
89    [15, 8]   16.339668      11.455
69     [2, 2]   13.843435       9.069
{'mse': 276.15301556773903, 'mae': 11.377720991774728, 'r2-score': -0.12950238163483596, 'max-error': 65.16391108360993, 'explained variance score': 0.10262020447322018, 'layers': ['conv1', 'output']}
