environment: line 5: __conda_exe: command not found
Using device: cuda
Using model: efficientnetB4
Number of videos: 64
Execution type : naive
Using 2 features
Job ID : 34
Plotting ?  yes
Calculate accumulators ?  no
The directory contains : 65 videos
Number of videos in the directory : 65
Number of videos in the dataframe : 64
['conv1', 'mbconv1', 'mbconv2', 'mbconv3', 'mbconv4', 'mbconv5', 'mbconv6', 'mbconv7', 'conv2', 'pool', 'output']
{'conv1': {'T_max': 773.9153770208359, 'T_min': 474.00882083177567, 'tau': 100, 'alpha': 50}, 'mbconv1': {'T_max': 3485.9428219795227, 'T_min': 2560.6904525756836, 'tau': 100, 'alpha': 50}, 'mbconv2': {'T_max': 2793.179835796356, 'T_min': 1976.7829375267029, 'tau': 100, 'alpha': 50}, 'mbconv3': {'T_max': 1668.251520872116, 'T_min': 1083.705378293991, 'tau': 100, 'alpha': 50}, 'mbconv4': {'T_max': 817.8574377298355, 'T_min': 502.0499846339226, 'tau': 100, 'alpha': 50}, 'mbconv5': {'T_max': 940.7537368535995, 'T_min': 533.222236931324, 'tau': 100, 'alpha': 50}, 'mbconv6': {'T_max': 628.3391550779343, 'T_min': 341.6495691537857, 'tau': 100, 'alpha': 50}, 'mbconv7': {'T_max': 368.16851300001144, 'T_min': 200.31917816400528, 'tau': 100, 'alpha': 50}, 'conv2': {'T_max': 79.04693293571472, 'T_min': 40.3972128406167, 'tau': 100, 'alpha': 50}, 'pool': {'T_max': 1.9010385829024017, 'T_min': 0.9983048296999186, 'tau': 100, 'alpha': 50}, 'output': {'T_max': 12.80766905657947, 'T_min': 6.51999241206795, 'tau': 100, 'alpha': 50}}
Iterating over following combinations of layers :  [['conv1'], ['mbconv1'], ['mbconv2'], ['mbconv3'], ['mbconv4'], ['mbconv5'], ['mbconv6'], ['mbconv7'], ['conv2'], ['pool'], ['output'], ['conv1', 'mbconv1'], ['conv1', 'mbconv2'], ['conv1', 'mbconv3'], ['conv1', 'mbconv4'], ['conv1', 'mbconv5'], ['conv1', 'mbconv6'], ['conv1', 'mbconv7'], ['conv1', 'conv2'], ['conv1', 'pool'], ['conv1', 'output'], ['mbconv1', 'mbconv2'], ['mbconv1', 'mbconv3'], ['mbconv1', 'mbconv4'], ['mbconv1', 'mbconv5'], ['mbconv1', 'mbconv6'], ['mbconv1', 'mbconv7'], ['mbconv1', 'conv2'], ['mbconv1', 'pool'], ['mbconv1', 'output'], ['mbconv2', 'mbconv3'], ['mbconv2', 'mbconv4'], ['mbconv2', 'mbconv5'], ['mbconv2', 'mbconv6'], ['mbconv2', 'mbconv7'], ['mbconv2', 'conv2'], ['mbconv2', 'pool'], ['mbconv2', 'output'], ['mbconv3', 'mbconv4'], ['mbconv3', 'mbconv5'], ['mbconv3', 'mbconv6'], ['mbconv3', 'mbconv7'], ['mbconv3', 'conv2'], ['mbconv3', 'pool'], ['mbconv3', 'output'], ['mbconv4', 'mbconv5'], ['mbconv4', 'mbconv6'], ['mbconv4', 'mbconv7'], ['mbconv4', 'conv2'], ['mbconv4', 'pool'], ['mbconv4', 'output'], ['mbconv5', 'mbconv6'], ['mbconv5', 'mbconv7'], ['mbconv5', 'conv2'], ['mbconv5', 'pool'], ['mbconv5', 'output'], ['mbconv6', 'mbconv7'], ['mbconv6', 'conv2'], ['mbconv6', 'pool'], ['mbconv6', 'output'], ['mbconv7', 'conv2'], ['mbconv7', 'pool'], ['mbconv7', 'output'], ['conv2', 'pool'], ['conv2', 'output'], ['pool', 'output']]
[['mbconv2', 'mbconv7']]
Generating the training set for videos : 
TRAINING SET : contains 962 samples, 37 patients based on 56 videos
TEST SET : contains 127 samples, 37 patients based on 8 videos
Dataset constituted.
--------------------NAIVE IMPLEMENTATION-------------------
Number of folds : 53
Grid search.
The best parameters are : {'C': 1}
Metrics obtained during CV : 
{'r2': array([-1.42035650e-01, -5.74744955e-02, -8.91158793e-02, -4.69359182e-02,
       -1.31871181e-01, -2.10820278e-02, -2.22688349e-02, -8.46581127e-02,
       -1.24675274e-01, -4.95060911e-02, -1.95238557e-01, -4.03130996e-01,
       -3.14477372e-01, -1.64488069e-01, -6.66686153e-02, -7.51438516e-04,
       -1.37058289e-02, -1.34034906e+00, -2.48944081e-02, -2.96244402e-01,
       -3.19160789e-02, -8.18195376e-01, -3.66566602e-02, -2.36232324e-01,
       -6.36238092e-02, -3.97474233e-02, -1.62881969e-02, -5.52016927e-01,
       -1.45045044e-01, -5.17218316e-02, -9.58171848e-02, -3.37011211e-01,
       -4.67699632e-01, -1.53911309e-02, -4.35213439e-01, -2.41453741e-01,
       -4.65207429e-02, -6.66047476e-02, -1.54094672e-01, -6.10960622e-02,
       -5.41595032e-04, -3.34219374e-01, -6.27986069e-01, -1.20539612e-01,
       -3.96863884e-01, -1.20668796e-01, -2.20466788e-01, -4.62262434e-02,
       -2.43967289e-01, -6.80147622e-01, -6.02871086e-03, -2.49510092e-01,
       -7.69195656e-02]), 'neg_mean_absolute_error': array([ -8.5776301 , -11.26206444,  -9.27816474, -10.9713272 ,
       -10.95788859,  -5.62486766,  -8.16481724,  -6.11417158,
        -7.35290231,  -7.80831178,  -7.97325194, -13.12793795,
       -14.51352325, -13.56454543,  -7.07083443,  -7.64650478,
       -13.34863897,  -7.14311878,  -8.68699878, -10.1656268 ,
        -9.17311111, -14.61424911,  -8.24094444, -10.85110536,
        -8.49767748,  -9.6809319 ,  -8.661     , -17.50219828,
       -10.48122222, -10.25894444, -11.71149925, -11.82692617,
       -12.61304186,  -8.74127511, -12.24811226, -10.97172704,
       -10.7812278 ,  -6.68986569,  -6.99603036,  -7.35863909,
        -6.98749437, -12.77597515, -14.32329916,  -8.83301498,
       -21.51525009,  -8.02393405,  -9.73965146,  -5.52227855,
        -9.18509905, -17.66714119,  -8.1561403 , -14.39381908,
        -9.98376807]), 'neg_mean_squared_error': array([-127.36821141, -201.83217804, -103.46223378, -184.28830025,
       -144.84637464,  -47.12247193, -130.30428388, -100.73474819,
        -73.3861223 ,  -81.58589041, -111.3511602 , -289.38163836,
       -396.88896207, -296.86701171,  -77.7479549 ,  -81.791384  ,
       -253.70058639,  -65.92383383,  -98.11898888, -239.42310156,
       -149.21490322, -394.29363615, -112.39837946, -241.75445927,
       -121.05239073, -251.42286974, -141.26699361, -604.80937968,
       -215.71240353, -153.84447523, -214.94492723, -247.62462245,
       -318.84278758, -117.88052141, -203.83589052, -235.71254857,
       -171.87880695,  -79.20682985,  -73.71780047, -113.96668551,
        -80.59875827, -303.16473244, -398.75369666, -173.96268468,
       -822.14253623, -114.85483152, -160.30647606,  -45.60703332,
       -219.77405608, -522.38054741, -119.59172165, -378.74957597,
       -251.34727556]), 'max_error': array([-35.13346854, -34.23074147, -15.21490333, -33.26078324,
       -20.54715954, -14.90878778, -30.06915748, -35.28325993,
       -15.70140802, -16.95861524, -26.2622623 , -32.43726015,
       -61.04013452, -38.20787264, -21.17502083, -17.06486362,
       -33.13085956, -12.31128379, -24.03201097, -48.91782059,
       -32.7466024 , -48.65764839, -23.0423267 , -47.6299482 ,
       -30.56568053, -46.17705647, -31.67069478, -64.28519614,
       -34.72419244, -29.87254455, -32.27799322, -38.62611183,
       -47.84621918, -24.8075048 , -27.64900345, -45.52601445,
       -32.47168996, -25.51570875, -16.4837878 , -34.83325183,
       -20.87026267, -50.94109213, -51.00373849, -42.5043174 ,
       -72.82308361, -27.1196263 , -33.30561496, -15.31675486,
       -51.09881199, -47.8443778 , -31.86520499, -44.62705264,
       -52.43492773]), 'explained_variance': array([-4.44089210e-16,  0.00000000e+00,  1.11022302e-16,  3.33066907e-16,
        0.00000000e+00,  0.00000000e+00,  0.00000000e+00,  0.00000000e+00,
        0.00000000e+00,  3.33066907e-16,  0.00000000e+00,  0.00000000e+00,
        0.00000000e+00,  0.00000000e+00,  2.22044605e-16,  0.00000000e+00,
        0.00000000e+00,  0.00000000e+00,  0.00000000e+00,  0.00000000e+00,
        0.00000000e+00, -2.22044605e-16, -2.22044605e-16, -2.22044605e-16,
        0.00000000e+00,  0.00000000e+00,  0.00000000e+00,  1.11022302e-16,
        1.11022302e-16, -2.22044605e-16, -2.22044605e-16, -2.22044605e-16,
        1.11022302e-16,  0.00000000e+00,  0.00000000e+00,  3.33066907e-16,
        0.00000000e+00,  0.00000000e+00, -2.22044605e-16,  0.00000000e+00,
        0.00000000e+00,  0.00000000e+00,  0.00000000e+00,  0.00000000e+00,
        0.00000000e+00,  1.11022302e-16,  0.00000000e+00,  0.00000000e+00,
        0.00000000e+00,  0.00000000e+00,  0.00000000e+00, -2.22044605e-16,
        0.00000000e+00])}
         accs  y_pred (s)  y_true (s)
54    [10, 5]   16.697090      19.499
4    [50, 35]   23.675938      26.335
3    [50, 35]   23.675938      27.642
11   [50, 35]   23.675938      18.893
27   [29, 24]   19.875984      65.978
29   [29, 24]   19.875984      45.143
64    [10, 5]   16.697090      30.560
77   [16, 12]   18.713353      12.834
124  [27, 22]   18.795319      45.263
71    [10, 5]   16.697090       9.629
25   [29, 24]   19.875984      19.467
91     [4, 3]   14.137760      14.879
83   [16, 12]   18.713353      24.338
89   [16, 12]   18.713353      11.455
69    [10, 5]   16.697090       9.069
{'mse': 278.0903765650323, 'mae': 11.481876986026235, 'r2-score': -0.13742644451725772, 'max-error': 63.058318823091476, 'explained variance score': 0.055117229195601136, 'layers': ['mbconv2', 'mbconv7']}
