environment: line 5: __conda_exe: command not found
Using device: cuda
Using model: efficientnetB4
Number of videos: 64
Execution type : naive
Using 2 features
Job ID : 55
Plotting ?  yes
Calculate accumulators ?  no
The directory contains : 65 videos
Number of videos in the directory : 65
Number of videos in the dataframe : 64
['conv1', 'mbconv1', 'mbconv2', 'mbconv3', 'mbconv4', 'mbconv5', 'mbconv6', 'mbconv7', 'conv2', 'pool', 'output']
{'conv1': {'T_max': 773.9153770208359, 'T_min': 474.00882083177567, 'tau': 100, 'alpha': 50}, 'mbconv1': {'T_max': 3485.9428219795227, 'T_min': 2560.6904525756836, 'tau': 100, 'alpha': 50}, 'mbconv2': {'T_max': 2793.179835796356, 'T_min': 1976.7829375267029, 'tau': 100, 'alpha': 50}, 'mbconv3': {'T_max': 1668.251520872116, 'T_min': 1083.705378293991, 'tau': 100, 'alpha': 50}, 'mbconv4': {'T_max': 817.8574377298355, 'T_min': 502.0499846339226, 'tau': 100, 'alpha': 50}, 'mbconv5': {'T_max': 940.7537368535995, 'T_min': 533.222236931324, 'tau': 100, 'alpha': 50}, 'mbconv6': {'T_max': 628.3391550779343, 'T_min': 341.6495691537857, 'tau': 100, 'alpha': 50}, 'mbconv7': {'T_max': 368.16851300001144, 'T_min': 200.31917816400528, 'tau': 100, 'alpha': 50}, 'conv2': {'T_max': 79.04693293571472, 'T_min': 40.3972128406167, 'tau': 100, 'alpha': 50}, 'pool': {'T_max': 1.9010385829024017, 'T_min': 0.9983048296999186, 'tau': 100, 'alpha': 50}, 'output': {'T_max': 12.80766905657947, 'T_min': 6.51999241206795, 'tau': 100, 'alpha': 50}}
Iterating over following combinations of layers :  [['conv1'], ['mbconv1'], ['mbconv2'], ['mbconv3'], ['mbconv4'], ['mbconv5'], ['mbconv6'], ['mbconv7'], ['conv2'], ['pool'], ['output'], ['conv1', 'mbconv1'], ['conv1', 'mbconv2'], ['conv1', 'mbconv3'], ['conv1', 'mbconv4'], ['conv1', 'mbconv5'], ['conv1', 'mbconv6'], ['conv1', 'mbconv7'], ['conv1', 'conv2'], ['conv1', 'pool'], ['conv1', 'output'], ['mbconv1', 'mbconv2'], ['mbconv1', 'mbconv3'], ['mbconv1', 'mbconv4'], ['mbconv1', 'mbconv5'], ['mbconv1', 'mbconv6'], ['mbconv1', 'mbconv7'], ['mbconv1', 'conv2'], ['mbconv1', 'pool'], ['mbconv1', 'output'], ['mbconv2', 'mbconv3'], ['mbconv2', 'mbconv4'], ['mbconv2', 'mbconv5'], ['mbconv2', 'mbconv6'], ['mbconv2', 'mbconv7'], ['mbconv2', 'conv2'], ['mbconv2', 'pool'], ['mbconv2', 'output'], ['mbconv3', 'mbconv4'], ['mbconv3', 'mbconv5'], ['mbconv3', 'mbconv6'], ['mbconv3', 'mbconv7'], ['mbconv3', 'conv2'], ['mbconv3', 'pool'], ['mbconv3', 'output'], ['mbconv4', 'mbconv5'], ['mbconv4', 'mbconv6'], ['mbconv4', 'mbconv7'], ['mbconv4', 'conv2'], ['mbconv4', 'pool'], ['mbconv4', 'output'], ['mbconv5', 'mbconv6'], ['mbconv5', 'mbconv7'], ['mbconv5', 'conv2'], ['mbconv5', 'pool'], ['mbconv5', 'output'], ['mbconv6', 'mbconv7'], ['mbconv6', 'conv2'], ['mbconv6', 'pool'], ['mbconv6', 'output'], ['mbconv7', 'conv2'], ['mbconv7', 'pool'], ['mbconv7', 'output'], ['conv2', 'pool'], ['conv2', 'output'], ['pool', 'output']]
[['mbconv5', 'output']]
Generating the training set for videos : 
TRAINING SET : contains 962 samples, 37 patients based on 56 videos
TEST SET : contains 127 samples, 37 patients based on 8 videos
Dataset constituted.
--------------------NAIVE IMPLEMENTATION-------------------
Number of folds : 53
Grid search.
The best parameters are : {'C': 1}
Metrics obtained during CV : 
{'r2': array([-1.18654961e-01, -4.98302900e-02, -2.17647319e-01, -6.45535774e-02,
       -5.49368202e-02, -4.61514666e-02, -4.38714874e-02, -3.38840848e-02,
       -2.70710372e-02, -4.39617430e-03, -1.77070988e-01, -6.57537852e-01,
       -2.24366114e-01, -7.10958671e-02, -1.52226005e-01, -8.37515908e-02,
       -4.06115457e-04, -7.55696874e-01, -7.81714973e-03, -2.71585437e-01,
       -8.15277273e-02, -7.96680436e-01, -3.51312045e-02, -3.17434997e-01,
       -1.07284275e-01, -1.07122767e-01, -5.91914583e-04, -3.77555127e-01,
       -2.41052080e-01, -1.42773299e-02, -1.51852747e-01, -3.16502789e-01,
       -4.35126926e-01, -1.71129115e-03, -4.93990457e-01, -3.35740785e-01,
       -1.00626185e-02, -4.16532906e-02, -1.85474853e-02, -7.93294245e-02,
       -7.58783878e-04, -3.66713634e-01, -7.67854246e-01, -1.58121716e-01,
       -2.42719974e-01, -8.11530257e-02, -1.56742998e-01, -1.46807025e-01,
       -3.39806683e-01, -7.94304980e-01, -1.52190256e-02, -3.75998287e-01,
       -5.98884750e-02]), 'neg_mean_absolute_error': array([ -8.30739238, -11.22604709, -10.05380887, -10.94519235,
       -10.42127368,  -5.83422333,  -8.05745264,  -6.07214674,
        -6.94990323,  -7.39390106,  -7.94115624, -14.24045901,
       -13.95586324, -13.15655666,  -7.50858828,  -7.5432548 ,
       -13.42933696,  -6.12133857,  -8.76240978, -10.0957263 ,
        -9.17311111, -14.5163041 ,  -8.24345508, -11.0431096 ,
        -8.94399609,  -9.44867967,  -8.83809346, -16.43779968,
       -10.48122222, -10.25894444, -11.85936103, -11.74553984,
       -12.45422575,  -8.24627892, -12.41947461, -11.43274731,
       -10.1896315 ,  -6.74155859,  -6.06111255,  -7.39834169,
        -7.19020829, -12.9139102 , -15.0520645 ,  -9.03083573,
       -20.40489453,  -7.97275855,  -9.6517499 ,  -5.77394984,
        -9.6721986 , -18.28817182,  -8.19428328, -14.65648887,
       -10.10836385]), 'neg_mean_squared_error': array([-124.76062506, -200.37318622, -115.67227503, -187.38947235,
       -135.0010288 ,  -48.27941515, -133.05788262,  -96.01924489,
        -67.01735378,  -78.07916209, -109.65862787, -341.8504907 ,
       -369.68106613, -273.05821133,  -83.98411104,  -88.57498387,
       -250.37206148,  -49.45513078,  -96.48408551, -234.86846205,
       -156.38873981, -389.62790878, -112.23298357, -257.63424811,
       -126.02144435, -267.71500178, -139.08516506, -536.82292221,
       -233.79894826, -148.36714316, -225.93632255, -243.82630706,
       -311.76669923, -116.29237809, -212.1836843 , -253.61465708,
       -165.89098591,  -77.35391685,  -65.05972355, -115.92503399,
        -80.61625395, -310.54816108, -433.01256044, -179.79726984,
       -731.41911926, -110.80494883, -151.93645203,  -49.9915449 ,
       -236.70618323, -557.87360904, -120.68422086, -417.09048308,
       -247.37230997]), 'max_error': array([-35.47576965, -34.0026316 , -16.85237428, -33.75734527,
       -22.00368573, -14.43575075, -30.7491333 , -34.25321203,
       -17.22456773, -19.50495992, -26.05898954, -34.96424738,
       -59.52648595, -35.9895766 , -20.04842473, -15.61361373,
       -31.5975977 , -10.7804939 , -23.35331201, -48.60326835,
       -34.0318296 , -48.48134737, -23.0004043 , -48.71199322,
       -29.76230703, -48.16638297, -29.87915887, -61.74806569,
       -36.23567566, -28.56709803, -33.40037464, -38.38195287,
       -47.48888293, -25.69849794, -28.1630905 , -46.73930646,
       -33.95027215, -25.05047266, -18.53266236, -35.19057525,
       -20.41415634, -51.35489726, -52.3155161 , -43.1330072 ,
       -69.49201691, -26.48689534, -32.46174832, -14.2065504 ,
       -52.28176802, -49.01743565, -34.05681584, -46.60620549,
       -51.93654458]), 'explained_variance': array([-4.44089210e-16,  0.00000000e+00,  1.11022302e-16,  1.11022302e-16,
        0.00000000e+00,  0.00000000e+00,  0.00000000e+00,  0.00000000e+00,
        0.00000000e+00,  3.33066907e-16,  0.00000000e+00,  0.00000000e+00,
       -2.22044605e-16,  0.00000000e+00,  2.22044605e-16,  0.00000000e+00,
        0.00000000e+00,  0.00000000e+00,  0.00000000e+00,  0.00000000e+00,
        0.00000000e+00, -2.22044605e-16, -2.22044605e-16, -2.22044605e-16,
        0.00000000e+00,  0.00000000e+00,  0.00000000e+00,  0.00000000e+00,
        0.00000000e+00, -2.22044605e-16,  0.00000000e+00, -2.22044605e-16,
        0.00000000e+00,  0.00000000e+00,  0.00000000e+00,  3.33066907e-16,
        0.00000000e+00,  0.00000000e+00,  0.00000000e+00,  0.00000000e+00,
        0.00000000e+00,  0.00000000e+00, -2.22044605e-16,  0.00000000e+00,
       -2.22044605e-16, -2.22044605e-16, -2.22044605e-16,  0.00000000e+00,
        0.00000000e+00,  0.00000000e+00,  1.11022302e-16, -2.22044605e-16,
        0.00000000e+00])}
         accs  y_pred (s)  y_true (s)
54     [9, 2]   15.187514      19.499
4    [40, 24]   24.531699      26.335
3    [40, 24]   24.531699      27.642
11   [40, 24]   24.531699      18.893
27   [26, 15]   19.312801      65.978
29   [26, 15]   19.312801      45.143
64     [9, 2]   15.187514      30.560
77    [14, 8]   16.235863      12.834
124  [25, 15]   18.972594      45.263
71     [9, 2]   15.187514       9.629
25   [26, 15]   19.312801      19.467
91     [4, 5]   14.545860      14.879
83    [14, 8]   16.235863      24.338
89    [14, 8]   16.235863      11.455
69     [9, 2]   15.187514       9.069
{'mse': 279.95572858837176, 'mae': 11.404211318865784, 'r2-score': -0.14505598116605256, 'max-error': 64.80407306476815, 'explained variance score': 0.08867407899883228, 'layers': ['mbconv5', 'output']}
