environment: line 5: __conda_exe: command not found
Using device: cuda
Using model: efficientnetB4
Number of videos: 64
Execution type : naive
Using 2 features
Job ID : 65
Plotting ?  yes
Calculate accumulators ?  no
The directory contains : 65 videos
Number of videos in the directory : 65
Number of videos in the dataframe : 64
['conv1', 'mbconv1', 'mbconv2', 'mbconv3', 'mbconv4', 'mbconv5', 'mbconv6', 'mbconv7', 'conv2', 'pool', 'output']
{'conv1': {'T_max': 773.9153770208359, 'T_min': 474.00882083177567, 'tau': 100, 'alpha': 50}, 'mbconv1': {'T_max': 3485.9428219795227, 'T_min': 2560.6904525756836, 'tau': 100, 'alpha': 50}, 'mbconv2': {'T_max': 2793.179835796356, 'T_min': 1976.7829375267029, 'tau': 100, 'alpha': 50}, 'mbconv3': {'T_max': 1668.251520872116, 'T_min': 1083.705378293991, 'tau': 100, 'alpha': 50}, 'mbconv4': {'T_max': 817.8574377298355, 'T_min': 502.0499846339226, 'tau': 100, 'alpha': 50}, 'mbconv5': {'T_max': 940.7537368535995, 'T_min': 533.222236931324, 'tau': 100, 'alpha': 50}, 'mbconv6': {'T_max': 628.3391550779343, 'T_min': 341.6495691537857, 'tau': 100, 'alpha': 50}, 'mbconv7': {'T_max': 368.16851300001144, 'T_min': 200.31917816400528, 'tau': 100, 'alpha': 50}, 'conv2': {'T_max': 79.04693293571472, 'T_min': 40.3972128406167, 'tau': 100, 'alpha': 50}, 'pool': {'T_max': 1.9010385829024017, 'T_min': 0.9983048296999186, 'tau': 100, 'alpha': 50}, 'output': {'T_max': 12.80766905657947, 'T_min': 6.51999241206795, 'tau': 100, 'alpha': 50}}
Iterating over following combinations of layers :  [['conv1'], ['mbconv1'], ['mbconv2'], ['mbconv3'], ['mbconv4'], ['mbconv5'], ['mbconv6'], ['mbconv7'], ['conv2'], ['pool'], ['output'], ['conv1', 'mbconv1'], ['conv1', 'mbconv2'], ['conv1', 'mbconv3'], ['conv1', 'mbconv4'], ['conv1', 'mbconv5'], ['conv1', 'mbconv6'], ['conv1', 'mbconv7'], ['conv1', 'conv2'], ['conv1', 'pool'], ['conv1', 'output'], ['mbconv1', 'mbconv2'], ['mbconv1', 'mbconv3'], ['mbconv1', 'mbconv4'], ['mbconv1', 'mbconv5'], ['mbconv1', 'mbconv6'], ['mbconv1', 'mbconv7'], ['mbconv1', 'conv2'], ['mbconv1', 'pool'], ['mbconv1', 'output'], ['mbconv2', 'mbconv3'], ['mbconv2', 'mbconv4'], ['mbconv2', 'mbconv5'], ['mbconv2', 'mbconv6'], ['mbconv2', 'mbconv7'], ['mbconv2', 'conv2'], ['mbconv2', 'pool'], ['mbconv2', 'output'], ['mbconv3', 'mbconv4'], ['mbconv3', 'mbconv5'], ['mbconv3', 'mbconv6'], ['mbconv3', 'mbconv7'], ['mbconv3', 'conv2'], ['mbconv3', 'pool'], ['mbconv3', 'output'], ['mbconv4', 'mbconv5'], ['mbconv4', 'mbconv6'], ['mbconv4', 'mbconv7'], ['mbconv4', 'conv2'], ['mbconv4', 'pool'], ['mbconv4', 'output'], ['mbconv5', 'mbconv6'], ['mbconv5', 'mbconv7'], ['mbconv5', 'conv2'], ['mbconv5', 'pool'], ['mbconv5', 'output'], ['mbconv6', 'mbconv7'], ['mbconv6', 'conv2'], ['mbconv6', 'pool'], ['mbconv6', 'output'], ['mbconv7', 'conv2'], ['mbconv7', 'pool'], ['mbconv7', 'output'], ['conv2', 'pool'], ['conv2', 'output'], ['pool', 'output']]
[['pool', 'output']]
Generating the training set for videos : 
TRAINING SET : contains 962 samples, 37 patients based on 56 videos
TEST SET : contains 127 samples, 37 patients based on 8 videos
Dataset constituted.
--------------------NAIVE IMPLEMENTATION-------------------
Number of folds : 53
Grid search.
The best parameters are : {'C': 1}
Metrics obtained during CV : 
{'r2': array([-1.01253510e-01, -1.39026367e-04, -2.83939658e-01, -3.99476113e-04,
       -4.89097007e-02, -9.43564285e-02, -1.89953524e-02, -1.54184668e-02,
       -8.83032502e-04, -1.25808040e-02, -1.07340607e-01, -6.39765860e-01,
       -1.12268099e-01, -1.92833630e-01, -3.29494257e-02, -2.49484679e-02,
       -6.75257028e-02, -1.20633260e+00, -1.32495019e-01, -2.48525050e-01,
       -4.89657589e-02, -7.40411386e-01, -4.67886726e-02, -4.74927057e-01,
       -1.61758206e-01, -6.43518049e-02, -2.05641657e-01, -4.17202929e-01,
       -2.52785387e-01, -3.40986676e-02, -1.66249191e-01, -2.17076653e-01,
       -3.58327560e-01, -5.54960095e-04, -6.65148309e-01, -3.01763455e-01,
       -1.13404993e-01, -1.56086274e-02, -6.52276814e-02, -4.91709770e-02,
       -4.40619277e-03, -2.92055082e-01, -6.87407380e-01, -1.46453589e-01,
       -3.68341110e-01, -7.71612909e-02, -1.24683940e-01, -1.77561173e-01,
       -2.82153057e-01, -6.02422453e-01, -3.27318512e-03, -5.77470915e-01,
       -3.91479523e-02]), 'neg_mean_absolute_error': array([ -8.08845568, -11.41486728, -10.36005637, -11.14359289,
       -10.36613179,  -6.13138355,  -8.1851462 ,  -6.18718316,
        -6.70243274,  -7.33005682,  -7.79916537, -14.14872382,
       -13.43725941, -13.70554333,  -6.829637  ,  -7.48188082,
       -13.22975199,  -6.8942188 ,  -8.46280518, -10.02742364,
        -9.17311111, -14.25370419,  -8.25306187, -11.68183684,
        -9.38642549,  -9.57588029,  -9.44338022, -16.65057923,
       -10.48122222, -10.25894444, -11.91554991, -11.30700499,
       -12.05439222,  -8.13966848, -12.8672584 , -11.24840261,
       -11.64321522,  -6.81735101,  -6.44947534,  -7.32935509,
        -7.34511366, -12.58656711, -14.6419131 ,  -8.96873286,
       -21.32876738,  -7.96853373,  -9.62289468,  -5.87787278,
        -9.38897377, -17.21391068,  -8.13294201, -15.55485688,
       -10.28734766]), 'neg_mean_squared_error': array([-122.81988728, -190.88898966, -121.96981752, -176.09666056,
       -134.22973395,  -50.50405225, -129.88702692,  -94.30429955,
        -65.30856178,  -78.71541405, -103.16238599, -338.18519621,
       -335.83456102, -304.09324448,  -75.29021123,  -83.76900646,
       -267.170109  ,  -62.14880769, -108.42020929, -230.6090884 ,
       -151.68028428, -377.42540919, -113.49693197, -288.43299618,
       -132.22119234, -257.37249184, -167.5876713 , -552.27337382,
       -236.00935899, -151.26658216, -228.76019005, -225.41183215,
       -295.08281949, -116.15813533, -236.49234257, -247.16344352,
       -182.86376377,  -75.41982157,  -68.04142121, -112.68587552,
        -80.91007145, -293.58405436, -413.30816257, -177.98580444,
       -805.35508418, -110.39584488, -147.7255431 ,  -51.3321779 ,
       -226.52040797, -498.21474458, -119.26415837, -478.16055598,
       -242.53158274]), 'max_error': array([-35.75308947, -30.7557888 , -17.49889677, -30.12124504,
       -22.15335658, -13.8084125 , -29.94040737, -33.67590398,
       -18.31359262, -19.90930683, -25.159714  , -34.80579569,
       -57.11797629, -38.74366465, -21.82969957, -15.8847355 ,
       -35.38971227, -11.99601047, -26.04975337, -48.29590636,
       -33.25924315, -48.00866754, -23.30105686, -50.47030631,
       -28.96593413, -47.02157738, -35.51247399, -62.36905326,
       -36.39773361, -29.35530691, -33.6532246 , -37.06634829,
       -46.5892575 , -25.89039674, -29.50644187, -46.32453088,
       -30.9201126 , -24.36834092, -17.57993049, -34.56969579,
       -20.06561928, -50.372868  , -51.57724359, -42.94669857,
       -72.26363547, -26.4150734 , -31.97120949, -13.95416611,
       -51.5939363 , -46.98827574, -32.08798584, -49.160785  ,
       -51.22060936]), 'explained_variance': array([-4.44089210e-16,  0.00000000e+00,  1.11022302e-16,  1.11022302e-16,
        0.00000000e+00,  0.00000000e+00,  0.00000000e+00,  0.00000000e+00,
        0.00000000e+00,  0.00000000e+00,  3.33066907e-16, -2.22044605e-16,
        0.00000000e+00,  0.00000000e+00,  2.22044605e-16,  0.00000000e+00,
        0.00000000e+00,  0.00000000e+00,  0.00000000e+00,  0.00000000e+00,
        0.00000000e+00,  1.11022302e-16, -2.22044605e-16, -2.22044605e-16,
        0.00000000e+00,  0.00000000e+00,  0.00000000e+00,  0.00000000e+00,
        1.11022302e-16,  0.00000000e+00,  0.00000000e+00,  0.00000000e+00,
        0.00000000e+00,  2.22044605e-16,  0.00000000e+00,  1.11022302e-16,
        0.00000000e+00,  0.00000000e+00,  0.00000000e+00,  2.22044605e-16,
        0.00000000e+00,  0.00000000e+00, -2.22044605e-16,  0.00000000e+00,
       -4.44089210e-16,  0.00000000e+00,  0.00000000e+00,  0.00000000e+00,
        1.11022302e-16,  0.00000000e+00, -2.22044605e-16, -2.22044605e-16,
       -2.22044605e-16])}
         accs  y_pred (s)  y_true (s)
54     [2, 2]   14.519226      19.499
4    [25, 24]   21.482046      26.335
3    [25, 24]   21.482046      27.642
11   [25, 24]   21.482046      18.893
27   [17, 15]   18.715849      65.978
29   [17, 15]   18.715849      45.143
64     [2, 2]   14.519226      30.560
77     [9, 8]   16.411977      12.834
124  [16, 15]   18.487750      45.263
71     [2, 2]   14.519226       9.629
25   [17, 15]   18.715849      19.467
91     [7, 5]   15.777952      14.879
83     [9, 8]   16.411977      24.338
89     [9, 8]   16.411977      11.455
69     [2, 2]   14.519226       9.069
{'mse': 288.35438842006334, 'mae': 11.604001746799439, 'r2-score': -0.1794076114132679, 'max-error': 63.84234991482495, 'explained variance score': 0.076807810919019, 'layers': ['pool', 'output']}
