environment: line 5: __conda_exe: command not found
Using device: cuda
Using model: efficientnetB4
Number of videos: 64
Execution type : naive
Using 2 features
Job ID : 49
Plotting ?  yes
Calculate accumulators ?  no
The directory contains : 65 videos
Number of videos in the directory : 65
Number of videos in the dataframe : 64
['conv1', 'mbconv1', 'mbconv2', 'mbconv3', 'mbconv4', 'mbconv5', 'mbconv6', 'mbconv7', 'conv2', 'pool', 'output']
{'conv1': {'T_max': 773.9153770208359, 'T_min': 474.00882083177567, 'tau': 100, 'alpha': 50}, 'mbconv1': {'T_max': 3485.9428219795227, 'T_min': 2560.6904525756836, 'tau': 100, 'alpha': 50}, 'mbconv2': {'T_max': 2793.179835796356, 'T_min': 1976.7829375267029, 'tau': 100, 'alpha': 50}, 'mbconv3': {'T_max': 1668.251520872116, 'T_min': 1083.705378293991, 'tau': 100, 'alpha': 50}, 'mbconv4': {'T_max': 817.8574377298355, 'T_min': 502.0499846339226, 'tau': 100, 'alpha': 50}, 'mbconv5': {'T_max': 940.7537368535995, 'T_min': 533.222236931324, 'tau': 100, 'alpha': 50}, 'mbconv6': {'T_max': 628.3391550779343, 'T_min': 341.6495691537857, 'tau': 100, 'alpha': 50}, 'mbconv7': {'T_max': 368.16851300001144, 'T_min': 200.31917816400528, 'tau': 100, 'alpha': 50}, 'conv2': {'T_max': 79.04693293571472, 'T_min': 40.3972128406167, 'tau': 100, 'alpha': 50}, 'pool': {'T_max': 1.9010385829024017, 'T_min': 0.9983048296999186, 'tau': 100, 'alpha': 50}, 'output': {'T_max': 12.80766905657947, 'T_min': 6.51999241206795, 'tau': 100, 'alpha': 50}}
Iterating over following combinations of layers :  [['conv1'], ['mbconv1'], ['mbconv2'], ['mbconv3'], ['mbconv4'], ['mbconv5'], ['mbconv6'], ['mbconv7'], ['conv2'], ['pool'], ['output'], ['conv1', 'mbconv1'], ['conv1', 'mbconv2'], ['conv1', 'mbconv3'], ['conv1', 'mbconv4'], ['conv1', 'mbconv5'], ['conv1', 'mbconv6'], ['conv1', 'mbconv7'], ['conv1', 'conv2'], ['conv1', 'pool'], ['conv1', 'output'], ['mbconv1', 'mbconv2'], ['mbconv1', 'mbconv3'], ['mbconv1', 'mbconv4'], ['mbconv1', 'mbconv5'], ['mbconv1', 'mbconv6'], ['mbconv1', 'mbconv7'], ['mbconv1', 'conv2'], ['mbconv1', 'pool'], ['mbconv1', 'output'], ['mbconv2', 'mbconv3'], ['mbconv2', 'mbconv4'], ['mbconv2', 'mbconv5'], ['mbconv2', 'mbconv6'], ['mbconv2', 'mbconv7'], ['mbconv2', 'conv2'], ['mbconv2', 'pool'], ['mbconv2', 'output'], ['mbconv3', 'mbconv4'], ['mbconv3', 'mbconv5'], ['mbconv3', 'mbconv6'], ['mbconv3', 'mbconv7'], ['mbconv3', 'conv2'], ['mbconv3', 'pool'], ['mbconv3', 'output'], ['mbconv4', 'mbconv5'], ['mbconv4', 'mbconv6'], ['mbconv4', 'mbconv7'], ['mbconv4', 'conv2'], ['mbconv4', 'pool'], ['mbconv4', 'output'], ['mbconv5', 'mbconv6'], ['mbconv5', 'mbconv7'], ['mbconv5', 'conv2'], ['mbconv5', 'pool'], ['mbconv5', 'output'], ['mbconv6', 'mbconv7'], ['mbconv6', 'conv2'], ['mbconv6', 'pool'], ['mbconv6', 'output'], ['mbconv7', 'conv2'], ['mbconv7', 'pool'], ['mbconv7', 'output'], ['conv2', 'pool'], ['conv2', 'output'], ['pool', 'output']]
[['mbconv4', 'pool']]
Generating the training set for videos : 
TRAINING SET : contains 962 samples, 37 patients based on 56 videos
TEST SET : contains 127 samples, 37 patients based on 8 videos
Dataset constituted.
--------------------NAIVE IMPLEMENTATION-------------------
Number of folds : 53
Grid search.
The best parameters are : {'C': 1}
Metrics obtained during CV : 
{'r2': array([-1.34888998e-01, -1.93967136e-02, -2.30674276e-01, -6.10367658e-02,
       -5.93830864e-02, -5.08121555e-02, -4.13761103e-02, -5.15336018e-02,
       -7.73326852e-02, -3.17169729e-03, -1.65847833e-01, -5.96946541e-01,
       -2.44621691e-01, -8.46981427e-02, -7.84450601e-02, -3.49594097e-02,
       -1.47620078e-03, -1.29531248e+00, -2.26723076e-02, -2.80318247e-01,
       -8.12099980e-02, -8.24672176e-01, -5.02112125e-02, -3.37269946e-01,
       -1.85843417e-01, -9.84650875e-02, -2.38052014e-03, -3.29221083e-01,
       -2.46436888e-01, -3.18029360e-02, -1.82522966e-01, -2.85291206e-01,
       -4.51267478e-01, -1.91427319e-03, -5.70135810e-01, -2.38040365e-01,
       -5.78226932e-04, -5.08671566e-02, -3.92862239e-02, -7.68889471e-02,
       -3.54106860e-04, -3.73126588e-01, -7.37375653e-01, -1.67817921e-01,
       -2.17359452e-01, -9.23531486e-02, -1.60144815e-01, -1.25868539e-01,
       -3.30069533e-01, -7.50514307e-01, -1.67963191e-02, -3.54315643e-01,
       -5.31370323e-02]), 'neg_mean_absolute_error': array([ -8.49755982, -11.11956682, -10.11733053, -10.95009278,
       -10.46003526,  -5.86828994,  -8.06822699,  -6.08173509,
        -7.19129094,  -7.40780273,  -7.92050006, -13.92232145,
       -14.08978544, -13.20758286,  -7.13964856,  -7.46807103,
       -13.41412563,  -7.06092479,  -8.69483326, -10.12083059,
        -9.17311111, -14.64348135,  -8.26205344, -11.09698219,
        -9.55773277,  -9.47201318,  -8.74230685, -16.17013486,
       -10.48122222, -10.25894444, -11.97620996, -11.61643838,
       -12.53363938,  -8.26055329, -12.62695218, -10.95571727,
        -9.86383351,  -6.72102403,  -6.24633328,  -7.39331392,
        -7.15539108, -12.94040024, -14.89932362,  -9.08071952,
       -20.24997363,  -7.98408683,  -9.6546307 ,  -5.70844393,
        -9.62615557, -18.05558517,  -8.19828224, -14.60216449,
       -10.16262298]), 'neg_mean_squared_error': array([-126.5711642 , -194.56455911, -116.90979088, -186.77042087,
       -135.5700207 ,  -48.49450383, -132.73980746,  -97.65839702,
        -70.29697372,  -77.98397441, -108.61305312, -329.35414289,
       -375.79696805, -276.52588699,  -78.60632317,  -84.58720042,
       -250.63987219,  -64.65522633,  -97.90625453, -236.4814576 ,
       -156.3427962 , -395.69819427, -113.86801716, -261.51312042,
       -134.96236118, -265.62147539, -139.33378639, -517.98750709,
       -234.81337987, -150.93076559, -231.95229681, -238.04568499,
       -315.2730696 , -116.31594302, -222.99821212, -235.06445709,
       -164.33328538,  -78.03814511,  -66.38441054, -115.66291529,
        -80.58365514, -312.00532888, -425.54723126, -181.30259624,
       -716.49285143, -111.9528243 , -152.38327557,  -49.07879564,
       -234.98590242, -544.25849859, -120.87172172, -410.51807347,
       -245.79655931]), 'max_error': array([-35.2348909 , -32.84276954, -16.98647556, -33.66423719,
       -21.89847573, -14.36383236, -30.68089575, -34.66696668,
       -16.30729442, -19.41691605, -25.92816702, -34.41473706,
       -59.88998905, -36.37902476, -20.98823963, -15.62234949,
       -31.88661296, -12.20717141, -23.96150066, -48.71623768,
       -34.02513257, -48.71026643, -23.381981  , -48.95441984,
       -28.65758101, -47.95638138, -30.74123836, -60.94507126,
       -36.31052806, -29.27881517, -33.92619481, -37.99464846,
       -47.6675636 , -25.67280407, -28.78552321, -45.47798514,
       -34.92766614, -25.23528374, -18.03700011, -35.14532525,
       -20.49249506, -51.4343674 , -52.04058252, -43.28265857,
       -68.85038132, -26.67947609, -32.51072192, -14.39389065,
       -52.16994923, -48.57810532, -34.12479812, -46.29381593,
       -51.71950808]), 'explained_variance': array([-4.44089210e-16,  0.00000000e+00,  1.11022302e-16,  0.00000000e+00,
        0.00000000e+00,  0.00000000e+00,  0.00000000e+00,  0.00000000e+00,
        0.00000000e+00,  3.33066907e-16,  1.11022302e-16,  0.00000000e+00,
       -2.22044605e-16,  0.00000000e+00,  2.22044605e-16,  0.00000000e+00,
        0.00000000e+00,  0.00000000e+00,  0.00000000e+00,  0.00000000e+00,
        0.00000000e+00, -2.22044605e-16, -2.22044605e-16, -2.22044605e-16,
        0.00000000e+00,  0.00000000e+00,  0.00000000e+00,  1.11022302e-16,
        1.11022302e-16, -2.22044605e-16, -2.22044605e-16,  0.00000000e+00,
        0.00000000e+00,  0.00000000e+00,  0.00000000e+00,  3.33066907e-16,
        0.00000000e+00,  0.00000000e+00,  0.00000000e+00,  2.22044605e-16,
        0.00000000e+00,  0.00000000e+00,  0.00000000e+00,  0.00000000e+00,
       -2.22044605e-16,  0.00000000e+00,  0.00000000e+00,  0.00000000e+00,
        0.00000000e+00,  0.00000000e+00, -2.22044605e-16, -2.22044605e-16,
       -2.22044605e-16])}
         accs  y_pred (s)  y_true (s)
54    [10, 2]   15.504035      19.499
4    [43, 25]   24.332187      26.335
3    [43, 25]   24.332187      27.642
11   [43, 25]   24.332187      18.893
27   [28, 17]   19.568455      65.978
29   [28, 17]   19.568455      45.143
64    [10, 2]   15.504035      30.560
77    [14, 9]   16.338883      12.834
124  [25, 16]   18.475751      45.263
71    [10, 2]   15.504035       9.629
25   [28, 17]   19.568455      19.467
91     [2, 7]   15.059721      14.879
83    [14, 9]   16.338883      24.338
89    [14, 9]   16.338883      11.455
69    [10, 2]   15.504035       9.069
{'mse': 279.4576434278908, 'mae': 11.39578713661868, 'r2-score': -0.1430187469397175, 'max-error': 64.74436458562789, 'explained variance score': 0.08575077849040114, 'layers': ['mbconv4', 'pool']}
