environment: line 5: __conda_exe: command not found
Using device: cuda
Using model: efficientnetB4
Number of videos: 64
Execution type : naive
Using 2 features
Job ID : 6
Plotting ?  yes
Calculate accumulators ?  no
The directory contains : 65 videos
Number of videos in the directory : 65
Number of videos in the dataframe : 64
['conv1', 'mbconv1', 'mbconv2', 'mbconv3', 'mbconv4', 'mbconv5', 'mbconv6', 'mbconv7', 'conv2', 'pool', 'output']
{'conv1': {'T_max': 773.9153770208359, 'T_min': 474.00882083177567, 'tau': 100, 'alpha': 50}, 'mbconv1': {'T_max': 3485.9428219795227, 'T_min': 2560.6904525756836, 'tau': 100, 'alpha': 50}, 'mbconv2': {'T_max': 2793.179835796356, 'T_min': 1976.7829375267029, 'tau': 100, 'alpha': 50}, 'mbconv3': {'T_max': 1668.251520872116, 'T_min': 1083.705378293991, 'tau': 100, 'alpha': 50}, 'mbconv4': {'T_max': 817.8574377298355, 'T_min': 502.0499846339226, 'tau': 100, 'alpha': 50}, 'mbconv5': {'T_max': 940.7537368535995, 'T_min': 533.222236931324, 'tau': 100, 'alpha': 50}, 'mbconv6': {'T_max': 628.3391550779343, 'T_min': 341.6495691537857, 'tau': 100, 'alpha': 50}, 'mbconv7': {'T_max': 368.16851300001144, 'T_min': 200.31917816400528, 'tau': 100, 'alpha': 50}, 'conv2': {'T_max': 79.04693293571472, 'T_min': 40.3972128406167, 'tau': 100, 'alpha': 50}, 'pool': {'T_max': 1.9010385829024017, 'T_min': 0.9983048296999186, 'tau': 100, 'alpha': 50}, 'output': {'T_max': 12.80766905657947, 'T_min': 6.51999241206795, 'tau': 100, 'alpha': 50}}
Iterating over following combinations of layers :  [['conv1'], ['mbconv1'], ['mbconv2'], ['mbconv3'], ['mbconv4'], ['mbconv5'], ['mbconv6'], ['mbconv7'], ['conv2'], ['pool'], ['output'], ['conv1', 'mbconv1'], ['conv1', 'mbconv2'], ['conv1', 'mbconv3'], ['conv1', 'mbconv4'], ['conv1', 'mbconv5'], ['conv1', 'mbconv6'], ['conv1', 'mbconv7'], ['conv1', 'conv2'], ['conv1', 'pool'], ['conv1', 'output'], ['mbconv1', 'mbconv2'], ['mbconv1', 'mbconv3'], ['mbconv1', 'mbconv4'], ['mbconv1', 'mbconv5'], ['mbconv1', 'mbconv6'], ['mbconv1', 'mbconv7'], ['mbconv1', 'conv2'], ['mbconv1', 'pool'], ['mbconv1', 'output'], ['mbconv2', 'mbconv3'], ['mbconv2', 'mbconv4'], ['mbconv2', 'mbconv5'], ['mbconv2', 'mbconv6'], ['mbconv2', 'mbconv7'], ['mbconv2', 'conv2'], ['mbconv2', 'pool'], ['mbconv2', 'output'], ['mbconv3', 'mbconv4'], ['mbconv3', 'mbconv5'], ['mbconv3', 'mbconv6'], ['mbconv3', 'mbconv7'], ['mbconv3', 'conv2'], ['mbconv3', 'pool'], ['mbconv3', 'output'], ['mbconv4', 'mbconv5'], ['mbconv4', 'mbconv6'], ['mbconv4', 'mbconv7'], ['mbconv4', 'conv2'], ['mbconv4', 'pool'], ['mbconv4', 'output'], ['mbconv5', 'mbconv6'], ['mbconv5', 'mbconv7'], ['mbconv5', 'conv2'], ['mbconv5', 'pool'], ['mbconv5', 'output'], ['mbconv6', 'mbconv7'], ['mbconv6', 'conv2'], ['mbconv6', 'pool'], ['mbconv6', 'output'], ['mbconv7', 'conv2'], ['mbconv7', 'pool'], ['mbconv7', 'output'], ['conv2', 'pool'], ['conv2', 'output'], ['pool', 'output']]
[['mbconv6']]
Generating the training set for videos : 
TRAINING SET : contains 962 samples, 37 patients based on 56 videos
TEST SET : contains 127 samples, 37 patients based on 8 videos
Dataset constituted.
--------------------NAIVE IMPLEMENTATION-------------------
Number of folds : 53
Grid search.
The best parameters are : {'C': 10.0}
Metrics obtained during CV : 
{'r2': array([-4.51986088e-02, -1.39623811e-01, -9.50965080e-02, -2.32878773e-01,
       -2.31113464e-01, -5.07773599e-02, -9.32587533e-06, -7.87440606e-02,
       -1.33178603e-01, -6.04003348e-03, -7.31810398e-02, -4.75931204e-01,
       -4.09918570e-01, -5.44223451e-02, -1.14678764e-01, -2.97931877e-01,
       -1.05646747e-02, -1.71314764e+00, -1.05396648e-02, -2.24462369e-01,
       -1.07147794e-01, -9.21010247e-01, -9.69937421e-02, -4.79182201e-01,
       -5.91352495e-02, -1.51970626e-01, -1.46325287e-02, -3.85831559e-01,
       -3.05420722e-01, -3.12872297e-02, -7.33786131e-03, -2.76199911e-01,
       -4.03127465e-01, -6.23493555e-02, -1.13178539e-01, -1.74214003e-01,
       -7.98890899e-02, -8.00869470e-03, -3.11590222e-03, -2.02183581e-02,
       -7.77901089e-04, -2.39376761e-01, -5.65391596e-01, -1.06192776e-01,
       -3.05471159e-01, -1.19729314e-01, -1.98465255e-01, -2.13288301e-02,
       -1.95973718e-01, -7.97308105e-01, -4.89326580e-02, -1.72909994e-01,
       -6.17933477e-03]), 'neg_mean_absolute_error': array([ -7.29375305, -11.55420195,  -9.32366066, -10.92520783,
       -11.44802176,  -5.86804153,  -8.55625095,  -6.10892348,
        -7.38814622,  -7.59439879,  -7.71213097, -13.41868273,
       -15.02224911, -13.12852924,  -7.32384899,  -8.40673451,
       -13.68709314,  -7.7763945 ,  -8.74691964,  -9.9526804 ,
        -9.17311111, -15.11232101,  -8.3631254 , -11.70576812,
        -8.44397949,  -9.50359625,  -8.96468567, -16.48187566,
       -10.58963459, -10.25894444, -12.09983247, -11.57751938,
       -12.29230366,  -9.49333293, -11.28616869, -10.67344308,
        -9.44361111,  -6.85128772,  -5.85233661,  -7.23774754,
        -7.19158389, -12.32950801, -13.97089903,  -8.78180272,
       -20.89032948,  -8.02151349,  -9.68517924,  -5.44193221,
        -8.90465085, -18.30388461,  -8.25703436, -14.21169567,
       -10.82019955]), 'neg_mean_squared_error': array([-116.56823264, -217.51139803, -104.03037278, -217.01914092,
       -157.5464815 ,  -48.49289803, -127.46695844, -100.18549628,
        -73.94097254,  -78.20695145,  -99.9800025 , -304.39594834,
       -425.70616267, -268.80757212,  -81.24734619, -106.07993205,
       -252.91444841,  -76.42496454,  -96.74472742, -226.16458575,
       -160.09339738, -416.59005706, -118.94036245, -289.26512141,
       -120.54154198, -278.5597291 , -141.03685096, -540.04818569,
       -245.92520879, -150.85532876, -197.58967673, -236.36190821,
       -304.81514228, -123.33207582, -158.09895068, -222.94586273,
       -177.35916814,  -74.85544514,  -64.07403114, -109.57622868,
        -80.61779394, -281.61435175, -383.42200684, -171.73535246,
       -768.35215102, -114.75854615, -157.41660781,  -44.52170673,
       -211.29494097, -558.80732126, -124.69193087, -355.53067222,
       -234.83688347]), 'max_error': array([-36.86833565, -36.08094566, -15.31095028, -36.78898294,
       -19.21679809, -14.36435676, -28.41884638, -35.18354605,
       -15.60574599, -18.23514102, -24.60849616, -33.22642455,
       -62.42096188, -35.45705558, -20.48826702, -17.93188397,
       -29.65274347, -13.11343303, -23.49272321, -47.95956178,
       -34.53451856, -49.46981484, -24.2916286 , -50.51338262,
       -30.66233691, -49.13886623, -28.739829  , -61.88029364,
       -37.08223711, -29.26125613, -26.74300389, -37.87789146,
       -47.12455823, -23.45380072, -23.79625909, -44.50648772,
       -38.85810469, -24.06291052, -19.17498527, -33.74522786,
       -20.41106126, -49.60169069, -50.36941826, -42.23872449,
       -70.94832177, -27.10590976, -33.03004708, -15.77205083,
       -50.4177235 , -49.04711537, -35.12358405, -43.17006534,
       -49.3988012 ]), 'explained_variance': array([-2.22044605e-16,  0.00000000e+00,  1.11022302e-16,  3.33066907e-16,
        0.00000000e+00,  0.00000000e+00,  0.00000000e+00, -2.22044605e-16,
        0.00000000e+00,  3.33066907e-16,  0.00000000e+00,  0.00000000e+00,
        0.00000000e+00,  0.00000000e+00,  2.22044605e-16,  0.00000000e+00,
        0.00000000e+00,  0.00000000e+00,  0.00000000e+00,  0.00000000e+00,
        0.00000000e+00, -2.22044605e-16, -2.22044605e-16,  0.00000000e+00,
        0.00000000e+00,  0.00000000e+00,  0.00000000e+00,  0.00000000e+00,
        1.11022302e-16, -2.22044605e-16,  0.00000000e+00,  0.00000000e+00,
        1.11022302e-16,  0.00000000e+00,  0.00000000e+00,  3.33066907e-16,
       -4.44089210e-16,  0.00000000e+00,  0.00000000e+00,  2.22044605e-16,
        0.00000000e+00,  1.11022302e-16, -2.22044605e-16,  0.00000000e+00,
       -4.44089210e-16, -2.22044605e-16, -2.22044605e-16,  0.00000000e+00,
        0.00000000e+00,  0.00000000e+00, -2.22044605e-16, -2.22044605e-16,
       -2.22044605e-16])}
     accs  y_pred (s)  y_true (s)
54    [4]   15.811314      19.499
4    [36]   24.873747      26.335
3    [36]   24.873747      27.642
11   [36]   24.873747      18.893
27   [24]   21.217614      65.978
29   [24]   21.217614      45.143
64    [4]   15.811314      30.560
77   [13]   16.027061      12.834
124  [23]   20.370534      45.263
71    [4]   15.811314       9.629
25   [24]   21.217614      19.467
91    [3]   14.873944      14.879
83   [13]   16.027061      24.338
89   [13]   16.027061      11.455
69    [4]   15.811314       9.069
{'mse': 265.87454703556875, 'mae': 11.210269512602268, 'r2-score': -0.08746208501603148, 'max-error': 63.948914714631606, 'explained variance score': 0.10220519504108183, 'layers': ['mbconv6']}
