environment: line 5: __conda_exe: command not found
Using device: cuda
Using model: efficientnetB4
Number of videos: 64
Execution type : naive
Using 2 features
Job ID : 61
Plotting ?  yes
Calculate accumulators ?  no
The directory contains : 65 videos
Number of videos in the directory : 65
Number of videos in the dataframe : 64
['conv1', 'mbconv1', 'mbconv2', 'mbconv3', 'mbconv4', 'mbconv5', 'mbconv6', 'mbconv7', 'conv2', 'pool', 'output']
{'conv1': {'T_max': 773.9153770208359, 'T_min': 474.00882083177567, 'tau': 100, 'alpha': 50}, 'mbconv1': {'T_max': 3485.9428219795227, 'T_min': 2560.6904525756836, 'tau': 100, 'alpha': 50}, 'mbconv2': {'T_max': 2793.179835796356, 'T_min': 1976.7829375267029, 'tau': 100, 'alpha': 50}, 'mbconv3': {'T_max': 1668.251520872116, 'T_min': 1083.705378293991, 'tau': 100, 'alpha': 50}, 'mbconv4': {'T_max': 817.8574377298355, 'T_min': 502.0499846339226, 'tau': 100, 'alpha': 50}, 'mbconv5': {'T_max': 940.7537368535995, 'T_min': 533.222236931324, 'tau': 100, 'alpha': 50}, 'mbconv6': {'T_max': 628.3391550779343, 'T_min': 341.6495691537857, 'tau': 100, 'alpha': 50}, 'mbconv7': {'T_max': 368.16851300001144, 'T_min': 200.31917816400528, 'tau': 100, 'alpha': 50}, 'conv2': {'T_max': 79.04693293571472, 'T_min': 40.3972128406167, 'tau': 100, 'alpha': 50}, 'pool': {'T_max': 1.9010385829024017, 'T_min': 0.9983048296999186, 'tau': 100, 'alpha': 50}, 'output': {'T_max': 12.80766905657947, 'T_min': 6.51999241206795, 'tau': 100, 'alpha': 50}}
Iterating over following combinations of layers :  [['conv1'], ['mbconv1'], ['mbconv2'], ['mbconv3'], ['mbconv4'], ['mbconv5'], ['mbconv6'], ['mbconv7'], ['conv2'], ['pool'], ['output'], ['conv1', 'mbconv1'], ['conv1', 'mbconv2'], ['conv1', 'mbconv3'], ['conv1', 'mbconv4'], ['conv1', 'mbconv5'], ['conv1', 'mbconv6'], ['conv1', 'mbconv7'], ['conv1', 'conv2'], ['conv1', 'pool'], ['conv1', 'output'], ['mbconv1', 'mbconv2'], ['mbconv1', 'mbconv3'], ['mbconv1', 'mbconv4'], ['mbconv1', 'mbconv5'], ['mbconv1', 'mbconv6'], ['mbconv1', 'mbconv7'], ['mbconv1', 'conv2'], ['mbconv1', 'pool'], ['mbconv1', 'output'], ['mbconv2', 'mbconv3'], ['mbconv2', 'mbconv4'], ['mbconv2', 'mbconv5'], ['mbconv2', 'mbconv6'], ['mbconv2', 'mbconv7'], ['mbconv2', 'conv2'], ['mbconv2', 'pool'], ['mbconv2', 'output'], ['mbconv3', 'mbconv4'], ['mbconv3', 'mbconv5'], ['mbconv3', 'mbconv6'], ['mbconv3', 'mbconv7'], ['mbconv3', 'conv2'], ['mbconv3', 'pool'], ['mbconv3', 'output'], ['mbconv4', 'mbconv5'], ['mbconv4', 'mbconv6'], ['mbconv4', 'mbconv7'], ['mbconv4', 'conv2'], ['mbconv4', 'pool'], ['mbconv4', 'output'], ['mbconv5', 'mbconv6'], ['mbconv5', 'mbconv7'], ['mbconv5', 'conv2'], ['mbconv5', 'pool'], ['mbconv5', 'output'], ['mbconv6', 'mbconv7'], ['mbconv6', 'conv2'], ['mbconv6', 'pool'], ['mbconv6', 'output'], ['mbconv7', 'conv2'], ['mbconv7', 'pool'], ['mbconv7', 'output'], ['conv2', 'pool'], ['conv2', 'output'], ['pool', 'output']]
[['mbconv7', 'pool']]
Generating the training set for videos : 
TRAINING SET : contains 962 samples, 37 patients based on 56 videos
TEST SET : contains 127 samples, 37 patients based on 8 videos
Dataset constituted.
--------------------NAIVE IMPLEMENTATION-------------------
Number of folds : 53
Grid search.
The best parameters are : {'C': 1}
Metrics obtained during CV : 
{'r2': array([-1.31602546e-01, -2.32362580e-02, -2.29876282e-01, -1.57342478e-02,
       -5.31504579e-02, -6.21549821e-02, -1.45909840e-02, -3.90697772e-02,
       -1.49426839e-04, -7.33457593e-05, -1.31813574e-01, -6.18828055e-01,
       -2.57058387e-01, -7.45353826e-02, -5.05621953e-02, -1.92205624e-02,
       -3.35548308e-02, -1.17824414e+00, -2.34326232e-02, -2.65640456e-01,
       -3.98241785e-02, -8.00742106e-01, -4.52707147e-02, -4.20740536e-01,
       -1.47067564e-01, -7.14970888e-02, -1.27903977e-01, -3.70212643e-01,
       -2.12493926e-01, -3.74427808e-02, -1.58498578e-01, -2.00221657e-01,
       -3.85597526e-01, -9.85065264e-04, -6.09074734e-01, -2.93401083e-01,
       -1.44306303e-01, -2.74318677e-02, -5.05683452e-02, -5.41725494e-02,
       -1.56234233e-03, -2.75525624e-01, -7.03636965e-01, -1.71125564e-01,
       -3.06657833e-01, -8.07571467e-02, -1.46627848e-01, -1.41206920e-01,
       -2.94020051e-01, -6.99133897e-01, -3.62336583e-04, -4.10855651e-01,
       -4.66258042e-02]), 'neg_mean_absolute_error': array([ -8.46002734, -11.12913744, -10.11349179, -11.03501867,
       -10.40526034,  -5.94517682,  -8.21550548,  -6.06684873,
        -6.68012291,  -7.47428241,  -7.85316504, -14.03899674,
       -14.16927541, -13.16215921,  -6.96596006,  -7.49107002,
       -13.29359568,  -6.84032566,  -8.69211109, -10.07840459,
        -9.17311111, -14.53489486,  -8.24896884, -11.393727  ,
        -9.27560703,  -9.55218715,  -9.06672815, -16.39829125,
       -10.48122222, -10.25894444, -11.88561617, -11.22329311,
       -12.20086778,  -8.18652731, -12.72769018, -11.2026936 ,
       -11.95021966,  -6.77838935,  -6.34105501,  -7.34202712,
        -7.23799829, -12.50860559, -14.72651573,  -9.09740499,
       -20.8990025 ,  -7.97234427,  -9.64299413,  -5.75388908,
        -9.4494807 , -17.77385533,  -8.12737086, -14.77834774,
       -10.21832624]), 'neg_mean_squared_error': array([-126.2046349 , -195.29738399, -116.83398422, -178.79598433,
       -134.77242672,  -49.01797012, -129.32562071,  -96.50085233,
        -65.26069332,  -77.74311657, -105.44234364, -333.86698484,
       -379.55206303, -273.93505904,  -76.5739809 ,  -83.30086492,
       -258.66820449,  -61.35760121,  -97.97904388, -233.77039315,
       -150.35841319, -390.50872202, -113.33234903, -277.83641743,
       -130.54923153, -259.10030355, -156.78190934, -533.96161105,
       -228.41894334, -151.75575461, -227.23990452, -222.29015894,
       -301.0069417 , -116.20806783, -228.52850483, -245.57569528,
       -187.93894296,  -76.29782383,  -67.10505607, -113.22306781,
        -80.6809847 , -289.82818874, -417.28338509, -181.81610463,
       -769.05058366, -110.76437608, -150.60784231,  -49.74742542,
       -228.61697231, -528.28363644, -118.91813108, -427.65639375,
       -244.27687345]), 'max_error': array([-35.28243203, -33.02461138, -16.97837155, -32.05064522,
       -22.0471505 , -14.20151561, -29.74813197, -34.38412589,
       -18.45488826, -18.99587809, -25.5017119 , -34.6162671 ,
       -60.10574755, -36.09134167, -21.45967984, -16.05933032,
       -34.1766821 , -11.92774583, -23.98600015, -48.52532067,
       -32.99803539, -48.51481074, -23.26421954, -49.90388575,
       -29.16540735, -47.23481569, -34.38251777, -61.62954043,
       -35.82391364, -29.46226074, -33.51852278, -36.81521265,
       -46.91882751, -25.80605085, -29.08773721, -46.21891414,
       -30.36750461, -24.71899587, -17.82387624, -34.68374408,
       -20.30662884, -50.13898343, -51.72952831, -43.33271497,
       -70.97434084, -26.47985251, -32.31290021, -14.25526937,
       -51.7408817 , -48.04594896, -32.91930454, -47.09009398,
       -51.49669505]), 'explained_variance': array([-4.44089210e-16,  1.11022302e-16,  1.11022302e-16,  3.33066907e-16,
        0.00000000e+00,  0.00000000e+00,  0.00000000e+00, -2.22044605e-16,
       -2.22044605e-16,  3.33066907e-16,  1.11022302e-16, -2.22044605e-16,
        0.00000000e+00,  0.00000000e+00,  2.22044605e-16,  0.00000000e+00,
        2.22044605e-16,  0.00000000e+00,  0.00000000e+00,  0.00000000e+00,
        0.00000000e+00,  1.11022302e-16, -2.22044605e-16, -2.22044605e-16,
        0.00000000e+00,  0.00000000e+00,  0.00000000e+00,  0.00000000e+00,
        0.00000000e+00,  0.00000000e+00,  0.00000000e+00,  0.00000000e+00,
        0.00000000e+00,  0.00000000e+00,  0.00000000e+00,  3.33066907e-16,
        0.00000000e+00,  0.00000000e+00,  0.00000000e+00,  0.00000000e+00,
        0.00000000e+00,  1.11022302e-16,  0.00000000e+00,  0.00000000e+00,
        0.00000000e+00, -2.22044605e-16,  0.00000000e+00,  0.00000000e+00,
        0.00000000e+00,  0.00000000e+00,  2.22044605e-16, -2.22044605e-16,
       -2.22044605e-16])}
         accs  y_pred (s)  y_true (s)
54     [5, 2]   15.017422      19.499
4    [35, 25]   24.404517      26.335
3    [35, 25]   24.404517      27.642
11   [35, 25]   24.404517      18.893
27   [24, 17]   19.672792      65.978
29   [24, 17]   19.672792      45.143
64     [5, 2]   15.017422      30.560
77    [12, 9]   16.843862      12.834
124  [22, 16]   18.931842      45.263
71     [5, 2]   15.017422       9.629
25   [24, 17]   19.672792      19.467
91     [3, 7]   15.109193      14.879
83    [12, 9]   16.843862      24.338
89    [12, 9]   16.843862      11.455
69     [5, 2]   15.017422       9.069
{'mse': 276.223951455305, 'mae': 11.349349489775397, 'r2-score': -0.12979251880311704, 'max-error': 64.14980431897527, 'explained variance score': 0.0878776550399557, 'layers': ['mbconv7', 'pool']}
