environment: line 5: __conda_exe: command not found
Using device: cuda
Using model: efficientnetB4
Number of videos: 64
Execution type : naive
Using 2 features
Job ID : 4
Plotting ?  yes
Calculate accumulators ?  no
The directory contains : 65 videos
Number of videos in the directory : 65
Number of videos in the dataframe : 64
['conv1', 'mbconv1', 'mbconv2', 'mbconv3', 'mbconv4', 'mbconv5', 'mbconv6', 'mbconv7', 'conv2', 'pool', 'output']
{'conv1': {'T_max': 773.9153770208359, 'T_min': 474.00882083177567, 'tau': 100, 'alpha': 50}, 'mbconv1': {'T_max': 3485.9428219795227, 'T_min': 2560.6904525756836, 'tau': 100, 'alpha': 50}, 'mbconv2': {'T_max': 2793.179835796356, 'T_min': 1976.7829375267029, 'tau': 100, 'alpha': 50}, 'mbconv3': {'T_max': 1668.251520872116, 'T_min': 1083.705378293991, 'tau': 100, 'alpha': 50}, 'mbconv4': {'T_max': 817.8574377298355, 'T_min': 502.0499846339226, 'tau': 100, 'alpha': 50}, 'mbconv5': {'T_max': 940.7537368535995, 'T_min': 533.222236931324, 'tau': 100, 'alpha': 50}, 'mbconv6': {'T_max': 628.3391550779343, 'T_min': 341.6495691537857, 'tau': 100, 'alpha': 50}, 'mbconv7': {'T_max': 368.16851300001144, 'T_min': 200.31917816400528, 'tau': 100, 'alpha': 50}, 'conv2': {'T_max': 79.04693293571472, 'T_min': 40.3972128406167, 'tau': 100, 'alpha': 50}, 'pool': {'T_max': 1.9010385829024017, 'T_min': 0.9983048296999186, 'tau': 100, 'alpha': 50}, 'output': {'T_max': 12.80766905657947, 'T_min': 6.51999241206795, 'tau': 100, 'alpha': 50}}
Iterating over following combinations of layers :  [['conv1'], ['mbconv1'], ['mbconv2'], ['mbconv3'], ['mbconv4'], ['mbconv5'], ['mbconv6'], ['mbconv7'], ['conv2'], ['pool'], ['output'], ['conv1', 'mbconv1'], ['conv1', 'mbconv2'], ['conv1', 'mbconv3'], ['conv1', 'mbconv4'], ['conv1', 'mbconv5'], ['conv1', 'mbconv6'], ['conv1', 'mbconv7'], ['conv1', 'conv2'], ['conv1', 'pool'], ['conv1', 'output'], ['mbconv1', 'mbconv2'], ['mbconv1', 'mbconv3'], ['mbconv1', 'mbconv4'], ['mbconv1', 'mbconv5'], ['mbconv1', 'mbconv6'], ['mbconv1', 'mbconv7'], ['mbconv1', 'conv2'], ['mbconv1', 'pool'], ['mbconv1', 'output'], ['mbconv2', 'mbconv3'], ['mbconv2', 'mbconv4'], ['mbconv2', 'mbconv5'], ['mbconv2', 'mbconv6'], ['mbconv2', 'mbconv7'], ['mbconv2', 'conv2'], ['mbconv2', 'pool'], ['mbconv2', 'output'], ['mbconv3', 'mbconv4'], ['mbconv3', 'mbconv5'], ['mbconv3', 'mbconv6'], ['mbconv3', 'mbconv7'], ['mbconv3', 'conv2'], ['mbconv3', 'pool'], ['mbconv3', 'output'], ['mbconv4', 'mbconv5'], ['mbconv4', 'mbconv6'], ['mbconv4', 'mbconv7'], ['mbconv4', 'conv2'], ['mbconv4', 'pool'], ['mbconv4', 'output'], ['mbconv5', 'mbconv6'], ['mbconv5', 'mbconv7'], ['mbconv5', 'conv2'], ['mbconv5', 'pool'], ['mbconv5', 'output'], ['mbconv6', 'mbconv7'], ['mbconv6', 'conv2'], ['mbconv6', 'pool'], ['mbconv6', 'output'], ['mbconv7', 'conv2'], ['mbconv7', 'pool'], ['mbconv7', 'output'], ['conv2', 'pool'], ['conv2', 'output'], ['pool', 'output']]
[['mbconv4']]
Generating the training set for videos : 
TRAINING SET : contains 962 samples, 37 patients based on 56 videos
TEST SET : contains 127 samples, 37 patients based on 8 videos
Dataset constituted.
--------------------NAIVE IMPLEMENTATION-------------------
Number of folds : 53
Grid search.
The best parameters are : {'C': 1000.0}
Metrics obtained during CV : 
{'r2': array([-2.00974163e-01, -2.97550237e-01, -2.26766091e-02, -6.27832716e-02,
       -4.83190357e-03, -1.09882668e-01, -1.42459461e-02, -1.97356025e-02,
       -2.49576035e-01, -3.40607483e-03, -7.60252486e-02, -4.71623735e-01,
       -4.73364900e-01, -1.45186837e-01, -2.00737012e-01, -2.14160871e-01,
       -1.09688171e-04, -1.45056113e+00, -2.54593674e-02, -1.34231927e-01,
       -7.19724151e-02, -9.41603609e-01, -9.28787981e-02, -2.92714058e-01,
       -4.63344051e-02, -3.58677280e-02, -1.98791507e-01, -3.83749811e-01,
       -1.59949580e-01, -1.45267385e-02, -4.07837915e-01, -7.70302568e-01,
       -6.45211994e-01, -3.68661580e-02, -3.23757212e-01, -5.95954622e-01,
       -6.47227403e-02, -2.36827236e-02, -1.13643475e-01, -7.53867722e-03,
       -1.12903233e-02, -4.04597605e-01, -6.66684454e-01, -6.21550930e-02,
       -6.23051202e-04, -1.65976772e-02, -1.25133661e-01, -2.85397696e-02,
       -2.25392914e-01, -8.79478258e-01, -5.98528229e-03, -6.79727893e-03,
       -1.18820356e-01]), 'neg_mean_absolute_error': array([ -9.17312781, -12.06798581,  -8.72558812, -10.94764199,
        -9.78757618,  -6.20961275,  -8.21806671,  -6.14581408,
        -7.89187397,  -7.56745245,  -7.72006622, -13.40212743,
       -15.32803996, -13.46144557,  -7.74264016,  -8.051061  ,
       -13.45650991,  -7.33861776,  -8.68506331,  -9.62832388,
        -9.17311111, -15.21707144,  -8.35539925, -10.9735518 ,
        -8.27848477,  -9.71541824,  -9.413446  , -16.47083421,
       -10.48122222, -10.25894444, -12.89910321, -13.90218824,
       -13.39496656,  -9.14798706, -11.90210439, -12.61194345,
        -9.44361111,  -6.78962438,  -6.74818768,  -7.17399316,
        -7.50418212, -13.06721693, -14.53242189,  -8.67580624,
       -20.01585117,  -7.87983456,  -9.6233236 ,  -5.46860588,
        -9.08015351, -18.76940933,  -8.16478057, -15.30742878,
        -9.72650085]), 'neg_mean_squared_error': array([-133.94146764, -247.65362342,  -97.15073338, -187.0778519 ,
       -128.58906633,  -51.22058117, -129.28164019,  -94.70524209,
        -81.53601472,  -78.00219432, -100.2449755 , -303.5075762 ,
       -444.86293816, -291.94648102,  -87.52000921,  -99.23333033,
       -250.2978745 ,  -69.02832876,  -98.17307566, -209.49855238,
       -155.00704316, -421.05593107, -118.49420408, -252.79988393,
       -119.08466145, -250.48471486, -166.63548062, -539.23694419,
       -218.52023485, -148.40362632, -276.14790347, -327.87346976,
       -357.40553914, -120.37363693, -188.00634296, -303.02098169,
       -174.86827239,  -76.01940972,  -71.13398019, -108.21437158,
        -81.46462348, -319.15625379, -408.23235525, -164.89854497,
       -588.9298039 , -104.18881595, -147.78461318,  -44.83604559,
       -216.49248606, -584.35512956, -119.58655908, -305.17884173,
       -261.12669624]), 'max_error': array([-34.37917144, -38.45467576, -16.17396514, -33.71080215,
       -23.86881052, -13.64326197, -29.73191081, -33.8331065 ,
       -15.50984505, -18.40580117, -24.65875271, -33.18148875,
       -63.25096561, -37.81609316, -19.55431522, -17.18101766,
       -31.11310391, -12.55891582, -24.04943024, -46.49995747,
       -33.82435254, -49.62694049, -24.22209321, -48.39898311,
       -30.96022741, -46.0218679 , -35.42267132, -61.8471693 ,
       -34.98619975, -28.57966597, -36.88685722, -42.66994903,
       -49.60554976, -24.0754233 , -26.56796975, -49.39249776,
       -38.49619436, -24.61788057, -16.92686218, -33.17143845,
       -19.70771522, -51.81481745, -51.38015941, -41.28475618,
       -58.14533946, -24.90718759, -31.97850119, -15.62090003,
       -50.84394424, -49.83854169, -33.55526976, -34.49503486,
       -53.46399658]), 'explained_variance': array([-4.44089210e-16,  0.00000000e+00,  1.11022302e-16,  0.00000000e+00,
        0.00000000e+00,  0.00000000e+00,  0.00000000e+00,  0.00000000e+00,
        0.00000000e+00,  3.33066907e-16,  0.00000000e+00,  0.00000000e+00,
       -2.22044605e-16,  0.00000000e+00,  2.22044605e-16,  0.00000000e+00,
        2.22044605e-16,  0.00000000e+00,  0.00000000e+00,  0.00000000e+00,
        2.22044605e-16, -2.22044605e-16, -2.22044605e-16,  1.11022302e-16,
        0.00000000e+00,  0.00000000e+00,  0.00000000e+00,  0.00000000e+00,
        0.00000000e+00, -2.22044605e-16,  0.00000000e+00,  0.00000000e+00,
        1.11022302e-16,  0.00000000e+00,  0.00000000e+00,  1.11022302e-16,
        0.00000000e+00,  0.00000000e+00, -2.22044605e-16,  0.00000000e+00,
        0.00000000e+00,  0.00000000e+00,  0.00000000e+00,  0.00000000e+00,
       -2.22044605e-16, -2.22044605e-16,  0.00000000e+00,  0.00000000e+00,
        0.00000000e+00, -2.22044605e-16,  0.00000000e+00, -2.22044605e-16,
        0.00000000e+00])}
     accs  y_pred (s)  y_true (s)
54   [10]   16.540183      19.499
4    [43]   22.179886      26.335
3    [43]   22.179886      27.642
11   [43]   22.179886      18.893
27   [28]   24.865386      65.978
29   [28]   24.865386      45.143
64   [10]   16.540183      30.560
77   [14]   18.692808      12.834
124  [25]   18.671121      45.263
71   [10]   16.540183       9.629
25   [28]   24.865386      19.467
91    [2]   14.734458      14.879
83   [14]   18.692808      24.338
89   [14]   18.692808      11.455
69   [10]   16.540183       9.069
{'mse': 270.77603604221747, 'mae': 11.485618022036267, 'r2-score': -0.1075098237495189, 'max-error': 64.62548966787442, 'explained variance score': 0.06502454217409892, 'layers': ['mbconv4']}
