environment: line 5: __conda_exe: command not found
Using device: cuda
Using model: efficientnetB4
Number of videos: 64
Execution type : naive
Using 2 features
Job ID : 47
Plotting ?  yes
Calculate accumulators ?  no
The directory contains : 65 videos
Number of videos in the directory : 65
Number of videos in the dataframe : 64
['conv1', 'mbconv1', 'mbconv2', 'mbconv3', 'mbconv4', 'mbconv5', 'mbconv6', 'mbconv7', 'conv2', 'pool', 'output']
{'conv1': {'T_max': 773.9153770208359, 'T_min': 474.00882083177567, 'tau': 100, 'alpha': 50}, 'mbconv1': {'T_max': 3485.9428219795227, 'T_min': 2560.6904525756836, 'tau': 100, 'alpha': 50}, 'mbconv2': {'T_max': 2793.179835796356, 'T_min': 1976.7829375267029, 'tau': 100, 'alpha': 50}, 'mbconv3': {'T_max': 1668.251520872116, 'T_min': 1083.705378293991, 'tau': 100, 'alpha': 50}, 'mbconv4': {'T_max': 817.8574377298355, 'T_min': 502.0499846339226, 'tau': 100, 'alpha': 50}, 'mbconv5': {'T_max': 940.7537368535995, 'T_min': 533.222236931324, 'tau': 100, 'alpha': 50}, 'mbconv6': {'T_max': 628.3391550779343, 'T_min': 341.6495691537857, 'tau': 100, 'alpha': 50}, 'mbconv7': {'T_max': 368.16851300001144, 'T_min': 200.31917816400528, 'tau': 100, 'alpha': 50}, 'conv2': {'T_max': 79.04693293571472, 'T_min': 40.3972128406167, 'tau': 100, 'alpha': 50}, 'pool': {'T_max': 1.9010385829024017, 'T_min': 0.9983048296999186, 'tau': 100, 'alpha': 50}, 'output': {'T_max': 12.80766905657947, 'T_min': 6.51999241206795, 'tau': 100, 'alpha': 50}}
Iterating over following combinations of layers :  [['conv1'], ['mbconv1'], ['mbconv2'], ['mbconv3'], ['mbconv4'], ['mbconv5'], ['mbconv6'], ['mbconv7'], ['conv2'], ['pool'], ['output'], ['conv1', 'mbconv1'], ['conv1', 'mbconv2'], ['conv1', 'mbconv3'], ['conv1', 'mbconv4'], ['conv1', 'mbconv5'], ['conv1', 'mbconv6'], ['conv1', 'mbconv7'], ['conv1', 'conv2'], ['conv1', 'pool'], ['conv1', 'output'], ['mbconv1', 'mbconv2'], ['mbconv1', 'mbconv3'], ['mbconv1', 'mbconv4'], ['mbconv1', 'mbconv5'], ['mbconv1', 'mbconv6'], ['mbconv1', 'mbconv7'], ['mbconv1', 'conv2'], ['mbconv1', 'pool'], ['mbconv1', 'output'], ['mbconv2', 'mbconv3'], ['mbconv2', 'mbconv4'], ['mbconv2', 'mbconv5'], ['mbconv2', 'mbconv6'], ['mbconv2', 'mbconv7'], ['mbconv2', 'conv2'], ['mbconv2', 'pool'], ['mbconv2', 'output'], ['mbconv3', 'mbconv4'], ['mbconv3', 'mbconv5'], ['mbconv3', 'mbconv6'], ['mbconv3', 'mbconv7'], ['mbconv3', 'conv2'], ['mbconv3', 'pool'], ['mbconv3', 'output'], ['mbconv4', 'mbconv5'], ['mbconv4', 'mbconv6'], ['mbconv4', 'mbconv7'], ['mbconv4', 'conv2'], ['mbconv4', 'pool'], ['mbconv4', 'output'], ['mbconv5', 'mbconv6'], ['mbconv5', 'mbconv7'], ['mbconv5', 'conv2'], ['mbconv5', 'pool'], ['mbconv5', 'output'], ['mbconv6', 'mbconv7'], ['mbconv6', 'conv2'], ['mbconv6', 'pool'], ['mbconv6', 'output'], ['mbconv7', 'conv2'], ['mbconv7', 'pool'], ['mbconv7', 'output'], ['conv2', 'pool'], ['conv2', 'output'], ['pool', 'output']]
[['mbconv4', 'mbconv7']]
Generating the training set for videos : 
TRAINING SET : contains 962 samples, 37 patients based on 56 videos
TEST SET : contains 127 samples, 37 patients based on 8 videos
Dataset constituted.
--------------------NAIVE IMPLEMENTATION-------------------
Number of folds : 53
Grid search.
The best parameters are : {'C': 10.0}
Metrics obtained during CV : 
{'r2': array([-9.33134979e-02, -3.46216632e-03, -2.03042411e-03, -3.30114042e-01,
       -5.12304306e-02, -1.65030746e-02, -1.88744092e-02, -8.58720131e-02,
       -7.45153219e-01, -2.18414742e-02, -2.41999376e-01, -4.58141344e-01,
       -2.20776913e-01, -1.90060754e-02, -9.28185150e-02, -1.86031119e-02,
       -3.50748587e-03, -1.31953742e+00, -7.10494757e-02, -3.18545661e-01,
       -1.52539651e-01, -7.76583385e-01, -3.45656454e-02, -1.46229044e-01,
       -5.34805270e-02, -1.09049890e-01, -8.40089819e-04, -2.60326138e-01,
       -2.46952580e-01, -1.04542299e-01, -6.44393026e-03, -1.41617842e-01,
       -2.19929816e-01, -8.32161497e-04, -3.43573401e-01, -4.18678781e-01,
       -2.09770954e-02, -9.92636729e-02, -1.91864173e-01, -1.07874345e-01,
       -1.62805298e-03, -2.33852617e-01, -7.69608346e-01, -2.12770432e-01,
       -3.50461362e-02, -1.26948908e-01, -2.20919391e-01, -7.91803251e-02,
       -3.66183332e-01, -8.00971669e-01, -1.99751957e-02, -2.59000695e-01,
       -7.43415414e-02]), 'neg_mean_absolute_error': array([ -7.98231292, -11.20654019,  -8.4549212 , -11.11789449,
       -10.38774575,  -5.58299006,  -8.18592961,  -6.11522586,
        -9.28330596,  -7.69194733,  -8.08811628, -13.34981468,
       -13.93151101, -13.04834021,  -7.21696489,  -7.8803277 ,
       -13.39680474,  -7.10531095,  -8.56874653, -10.22637725,
        -9.17311111, -14.42361204,  -8.24520767, -10.69007232,
        -8.37333898,  -9.44361566,  -8.84419149, -15.75192138,
       -10.48122222, -10.25894444, -11.71027883, -10.95823619,
       -11.21783705,  -8.17133178, -11.95591416, -11.84687544,
       -10.37982329,  -6.6575    ,  -7.23832187,  -7.47249185,
        -6.92087804, -12.30097641, -15.06076194,  -9.29509038,
       -19.58377778,  -8.03987833,  -9.74127524,  -5.59962834,
        -9.79370915, -18.32301289,  -8.20580724, -14.41430068,
       -10.0016704 ]), 'neg_mean_squared_error': array([-121.93435879, -191.5232523 ,  -95.18941736, -234.13510957,
       -134.52671944,  -46.91115532, -129.87161081, -100.84748598,
       -113.87289335,  -79.43531461, -115.70750516, -300.7269688 ,
       -368.59735469, -259.77877877,  -79.65398381,  -83.25040071,
       -251.14824277,  -65.33760353, -102.53767683, -243.54226046,
       -166.6570529 , -385.2696648 , -112.17166344, -224.15364611,
       -119.89797076, -268.18100226, -139.11966213, -491.13966274,
       -234.91052993, -161.57098321, -197.41433184, -211.43628775,
       -265.01732014, -116.19031666, -190.82073313, -269.36194234,
       -167.68356124,  -81.63210495,  -76.13032749, -118.99089213,
        -80.68627803, -280.35914161, -433.44220402, -188.28142985,
       -609.1899615 , -115.49846612, -160.36592477,  -47.04356573,
       -241.36619575, -559.94637265, -121.24961085, -381.62635315,
       -250.74557848]), 'max_error': array([-35.88753697, -31.73157877, -17.20249945, -38.00933174,
       -22.0946901 , -15.02245554, -29.93544582, -35.30329143,
       -18.44731258, -17.6173336 , -26.74560132, -33.039497  ,
       -59.46038702, -33.93346401, -20.77838102, -18.5457421 ,
       -32.21570995, -12.26339387, -25.09628121, -49.19119761,
       -35.29484371, -48.31450167, -22.984631  , -46.18065085,
       -30.78948983, -48.21195904, -29.82427656, -59.69043081,
       -36.31765342, -31.03248264, -29.06699051, -35.84706287,
       -44.67851673, -25.8334028 , -26.77240914, -47.67109474,
       -33.37969679, -26.00675283, -16.12035053, -35.67546331,
       -21.02353253, -49.51609591, -52.3311715 , -43.92577113,
       -62.08145836, -27.2099772 , -33.3111358 , -14.87843941,
       -52.57686509, -49.08324657, -34.25272303, -44.79090544,
       -52.3633184 ]), 'explained_variance': array([-2.22044605e-16,  0.00000000e+00,  1.11022302e-16,  1.11022302e-16,
        0.00000000e+00,  0.00000000e+00,  0.00000000e+00,  0.00000000e+00,
        0.00000000e+00,  3.33066907e-16,  3.33066907e-16,  0.00000000e+00,
        0.00000000e+00,  0.00000000e+00,  2.22044605e-16, -4.44089210e-16,
        2.22044605e-16,  0.00000000e+00,  0.00000000e+00,  0.00000000e+00,
        0.00000000e+00, -2.22044605e-16, -2.22044605e-16, -2.22044605e-16,
        0.00000000e+00,  0.00000000e+00,  0.00000000e+00,  0.00000000e+00,
        1.11022302e-16,  0.00000000e+00, -2.22044605e-16, -2.22044605e-16,
        1.11022302e-16,  2.22044605e-16,  0.00000000e+00,  3.33066907e-16,
       -4.44089210e-16,  0.00000000e+00, -2.22044605e-16,  1.11022302e-16,
        0.00000000e+00,  0.00000000e+00,  0.00000000e+00,  0.00000000e+00,
       -2.22044605e-16,  0.00000000e+00,  0.00000000e+00,  0.00000000e+00,
        0.00000000e+00,  0.00000000e+00, -2.22044605e-16, -2.22044605e-16,
        0.00000000e+00])}
         accs  y_pred (s)  y_true (s)
54    [10, 5]   16.507727      19.499
4    [43, 35]   28.325284      26.335
3    [43, 35]   28.325284      27.642
11   [43, 35]   28.325284      18.893
27   [28, 24]   21.502152      65.978
29   [28, 24]   21.502152      45.143
64    [10, 5]   16.507727      30.560
77   [14, 12]   18.312507      12.834
124  [25, 22]   18.346434      45.263
71    [10, 5]   16.507727       9.629
25   [28, 24]   21.502152      19.467
91     [2, 3]   13.634713      14.879
83   [14, 12]   18.312507      24.338
89   [14, 12]   18.312507      11.455
69    [10, 5]   16.507727       9.069
{'mse': 267.05405388382, 'mae': 11.296322464019891, 'r2-score': -0.0922864241293142, 'max-error': 63.98735081500201, 'explained variance score': 0.07030733076835927, 'layers': ['mbconv4', 'mbconv7']}
