environment: line 5: __conda_exe: command not found
Using device: cuda
Using model: efficientnetB4
Number of videos: 64
Execution type : naive
Using 2 features
Job ID : 22
Plotting ?  yes
Calculate accumulators ?  no
The directory contains : 65 videos
Number of videos in the directory : 65
Number of videos in the dataframe : 64
['conv1', 'mbconv1', 'mbconv2', 'mbconv3', 'mbconv4', 'mbconv5', 'mbconv6', 'mbconv7', 'conv2', 'pool', 'output']
{'conv1': {'T_max': 773.9153770208359, 'T_min': 474.00882083177567, 'tau': 100, 'alpha': 50}, 'mbconv1': {'T_max': 3485.9428219795227, 'T_min': 2560.6904525756836, 'tau': 100, 'alpha': 50}, 'mbconv2': {'T_max': 2793.179835796356, 'T_min': 1976.7829375267029, 'tau': 100, 'alpha': 50}, 'mbconv3': {'T_max': 1668.251520872116, 'T_min': 1083.705378293991, 'tau': 100, 'alpha': 50}, 'mbconv4': {'T_max': 817.8574377298355, 'T_min': 502.0499846339226, 'tau': 100, 'alpha': 50}, 'mbconv5': {'T_max': 940.7537368535995, 'T_min': 533.222236931324, 'tau': 100, 'alpha': 50}, 'mbconv6': {'T_max': 628.3391550779343, 'T_min': 341.6495691537857, 'tau': 100, 'alpha': 50}, 'mbconv7': {'T_max': 368.16851300001144, 'T_min': 200.31917816400528, 'tau': 100, 'alpha': 50}, 'conv2': {'T_max': 79.04693293571472, 'T_min': 40.3972128406167, 'tau': 100, 'alpha': 50}, 'pool': {'T_max': 1.9010385829024017, 'T_min': 0.9983048296999186, 'tau': 100, 'alpha': 50}, 'output': {'T_max': 12.80766905657947, 'T_min': 6.51999241206795, 'tau': 100, 'alpha': 50}}
Iterating over following combinations of layers :  [['conv1'], ['mbconv1'], ['mbconv2'], ['mbconv3'], ['mbconv4'], ['mbconv5'], ['mbconv6'], ['mbconv7'], ['conv2'], ['pool'], ['output'], ['conv1', 'mbconv1'], ['conv1', 'mbconv2'], ['conv1', 'mbconv3'], ['conv1', 'mbconv4'], ['conv1', 'mbconv5'], ['conv1', 'mbconv6'], ['conv1', 'mbconv7'], ['conv1', 'conv2'], ['conv1', 'pool'], ['conv1', 'output'], ['mbconv1', 'mbconv2'], ['mbconv1', 'mbconv3'], ['mbconv1', 'mbconv4'], ['mbconv1', 'mbconv5'], ['mbconv1', 'mbconv6'], ['mbconv1', 'mbconv7'], ['mbconv1', 'conv2'], ['mbconv1', 'pool'], ['mbconv1', 'output'], ['mbconv2', 'mbconv3'], ['mbconv2', 'mbconv4'], ['mbconv2', 'mbconv5'], ['mbconv2', 'mbconv6'], ['mbconv2', 'mbconv7'], ['mbconv2', 'conv2'], ['mbconv2', 'pool'], ['mbconv2', 'output'], ['mbconv3', 'mbconv4'], ['mbconv3', 'mbconv5'], ['mbconv3', 'mbconv6'], ['mbconv3', 'mbconv7'], ['mbconv3', 'conv2'], ['mbconv3', 'pool'], ['mbconv3', 'output'], ['mbconv4', 'mbconv5'], ['mbconv4', 'mbconv6'], ['mbconv4', 'mbconv7'], ['mbconv4', 'conv2'], ['mbconv4', 'pool'], ['mbconv4', 'output'], ['mbconv5', 'mbconv6'], ['mbconv5', 'mbconv7'], ['mbconv5', 'conv2'], ['mbconv5', 'pool'], ['mbconv5', 'output'], ['mbconv6', 'mbconv7'], ['mbconv6', 'conv2'], ['mbconv6', 'pool'], ['mbconv6', 'output'], ['mbconv7', 'conv2'], ['mbconv7', 'pool'], ['mbconv7', 'output'], ['conv2', 'pool'], ['conv2', 'output'], ['pool', 'output']]
[['mbconv1', 'mbconv3']]
Generating the training set for videos : 
TRAINING SET : contains 962 samples, 37 patients based on 56 videos
TEST SET : contains 127 samples, 37 patients based on 8 videos
Dataset constituted.
--------------------NAIVE IMPLEMENTATION-------------------
Number of folds : 53
Grid search.
The best parameters are : {'C': 10.0}
Metrics obtained during CV : 
{'r2': array([-8.00408574e-02, -1.03904605e-03, -4.75423083e-02, -6.70406243e-02,
       -3.09429921e-04, -1.39013692e-02, -1.43504917e-03, -9.08185874e-02,
       -8.89997839e-02, -3.97785339e-02, -1.70764346e-02, -4.44012196e-01,
       -2.95128467e-01, -2.20696475e-01, -2.97327709e-01, -1.74391150e-01,
       -3.96989710e-03, -4.04590740e-01, -1.42735726e-01, -1.38460234e-01,
       -3.64215477e-02, -6.89000911e-01, -4.05769896e-02, -1.08013992e-04,
       -7.57722615e-02, -6.95798168e-03, -8.77431930e-04, -2.10465670e-01,
       -1.55658282e-01, -3.47984340e-02, -3.96334960e-01, -1.51554749e-01,
       -4.79476406e-01, -1.45735309e-01, -5.97021155e-01, -7.23080710e-01,
       -4.50549757e-02, -3.23900981e-02, -2.19363108e-01, -6.24176070e-04,
       -2.32665388e-03, -5.45173017e-01, -6.39894800e-01, -1.15961663e-01,
       -1.16167606e-01, -1.59040072e-02, -2.48673811e-01, -9.15769948e-02,
       -2.38950361e-01, -5.58221830e-01, -5.26024869e-05, -2.95081986e-01,
       -8.18679324e-02]), 'neg_mean_absolute_error': array([ -7.79424175, -11.2645774 ,  -8.95981116, -10.94180699,
        -9.63300908,  -5.55655981,  -8.45277382,  -6.11944686,
        -7.23431751,  -7.763861  ,  -7.56103799, -13.29415959,
       -14.40132813, -13.8343486 ,  -8.25112585,  -8.2817363 ,
       -13.39365483,  -5.59012737,  -9.48386335,  -9.64561629,
        -9.17311111, -14.04525904,  -8.24094444, -10.64095017,
        -8.63417173, -10.20352081,  -8.84502619, -15.41332823,
       -10.48122222, -10.25894444, -12.84264295, -10.99748747,
       -12.66909392, -10.28380178, -12.69685998, -13.1371937 ,
        -9.44361111,  -6.76465233,  -7.39997245,  -7.10278121,
        -6.89728432, -13.73796797, -14.3883227 ,  -8.81458344,
       -19.60105689,  -7.87821426,  -9.84273619,  -5.62436052,
        -9.15715914, -16.94304377,  -8.11051106, -14.48893293,
        -9.950227  ]), 'neg_mean_squared_error': array([-120.45409635, -191.06076962,  -99.51288863, -187.82725812,
       -128.0103221 ,  -46.7910878 , -127.64868935, -101.30688596,
        -71.0582629 ,  -80.82969526,  -94.75316904, -297.81297424,
       -391.04681763, -311.19641696,  -94.56036743,  -95.9829522 ,
       -251.26397062,  -39.56504096, -109.40061052, -210.27954283,
       -149.86639332, -366.27653962, -112.82343695, -195.57858782,
       -122.43502167, -243.49400614, -139.12485279, -471.70941127,
       -217.71180703, -151.36894306, -273.89159481, -213.27667836,
       -321.40117174, -133.01266036, -226.81659773, -327.15817936,
       -171.6380718 ,  -76.66602556,  -77.88682201, -107.47172178,
        -80.74255392, -351.09815786, -401.67058331, -173.25196264,
       -656.93506508, -104.11772326, -164.01142601,  -47.58396063,
       -218.88770583, -484.47217492, -118.88131142, -392.56325844,
       -252.50219796]), 'max_error': array([-36.12576046, -31.3640098 , -15.51651257, -33.82166717,
       -24.45616551, -15.0941948 , -28.81205949, -35.38349036,
       -16.14379345, -17.16188032, -23.25872187, -32.88843319,
       -60.73560494, -39.23312467, -18.72412376, -21.08799655,
       -32.27555817,  -9.96036856, -18.79161495, -46.57777329,
       -32.89322987, -47.56083285, -23.14622462, -40.97844845,
       -30.31999089, -44.37395318, -29.8167643 , -58.67465136,
       -34.91206256, -29.37810685, -36.75982164, -36.02369363,
       -47.97233631, -22.0309568 , -28.9952466 , -50.47224866,
       -37.95608212, -24.84262899, -15.87787466, -32.53053085,
       -21.09431372, -53.35655293, -51.12078086, -42.4213755 ,
       -65.80851203, -24.87964241, -33.63950218, -14.73829036,
       -51.03095791, -46.47663822, -32.63268801, -45.38796347,
       -52.56909202]), 'explained_variance': array([-4.44089210e-16,  0.00000000e+00,  1.11022302e-16,  0.00000000e+00,
        0.00000000e+00,  0.00000000e+00,  0.00000000e+00,  0.00000000e+00,
        0.00000000e+00,  3.33066907e-16,  0.00000000e+00, -2.22044605e-16,
        0.00000000e+00,  0.00000000e+00,  2.22044605e-16,  0.00000000e+00,
        0.00000000e+00,  0.00000000e+00,  0.00000000e+00,  0.00000000e+00,
        0.00000000e+00, -2.22044605e-16, -2.22044605e-16, -2.22044605e-16,
        0.00000000e+00,  0.00000000e+00,  0.00000000e+00,  0.00000000e+00,
        0.00000000e+00, -2.22044605e-16,  0.00000000e+00, -2.22044605e-16,
        2.22044605e-16,  0.00000000e+00,  0.00000000e+00,  1.11022302e-16,
        0.00000000e+00,  0.00000000e+00, -2.22044605e-16,  0.00000000e+00,
        0.00000000e+00,  1.11022302e-16,  0.00000000e+00,  0.00000000e+00,
       -4.44089210e-16, -2.22044605e-16, -2.22044605e-16,  0.00000000e+00,
        0.00000000e+00,  0.00000000e+00,  0.00000000e+00, -2.22044605e-16,
       -2.22044605e-16])}
         accs  y_pred (s)  y_true (s)
54    [1, 11]   12.895146      19.499
4    [41, 45]   22.710323      26.335
3    [41, 45]   22.710323      27.642
11   [41, 45]   22.710323      18.893
27   [29, 29]   13.126435      65.978
29   [29, 29]   13.126435      45.143
64    [1, 11]   12.895146      30.560
77   [15, 16]   18.687881      12.834
124  [25, 26]   14.733319      45.263
71    [1, 11]   12.895146       9.629
25   [29, 29]   13.126435      19.467
91    [15, 2]   14.765870      14.879
83   [15, 16]   18.687881      24.338
89   [15, 16]   18.687881      11.455
69    [1, 11]   12.895146       9.069
{'mse': 327.64871452707325, 'mae': 12.468302575063879, 'r2-score': -0.3401266056685259, 'max-error': 63.39214692385937, 'explained variance score': -0.0027750152656695892, 'layers': ['mbconv1', 'mbconv3']}
