environment: line 5: __conda_exe: command not found
Using device: cuda
Using model: efficientnetB4
Number of videos: 64
Execution type : naive
Using 2 features
Job ID : 64
Plotting ?  yes
Calculate accumulators ?  no
The directory contains : 65 videos
Number of videos in the directory : 65
Number of videos in the dataframe : 64
['conv1', 'mbconv1', 'mbconv2', 'mbconv3', 'mbconv4', 'mbconv5', 'mbconv6', 'mbconv7', 'conv2', 'pool', 'output']
{'conv1': {'T_max': 773.9153770208359, 'T_min': 474.00882083177567, 'tau': 100, 'alpha': 50}, 'mbconv1': {'T_max': 3485.9428219795227, 'T_min': 2560.6904525756836, 'tau': 100, 'alpha': 50}, 'mbconv2': {'T_max': 2793.179835796356, 'T_min': 1976.7829375267029, 'tau': 100, 'alpha': 50}, 'mbconv3': {'T_max': 1668.251520872116, 'T_min': 1083.705378293991, 'tau': 100, 'alpha': 50}, 'mbconv4': {'T_max': 817.8574377298355, 'T_min': 502.0499846339226, 'tau': 100, 'alpha': 50}, 'mbconv5': {'T_max': 940.7537368535995, 'T_min': 533.222236931324, 'tau': 100, 'alpha': 50}, 'mbconv6': {'T_max': 628.3391550779343, 'T_min': 341.6495691537857, 'tau': 100, 'alpha': 50}, 'mbconv7': {'T_max': 368.16851300001144, 'T_min': 200.31917816400528, 'tau': 100, 'alpha': 50}, 'conv2': {'T_max': 79.04693293571472, 'T_min': 40.3972128406167, 'tau': 100, 'alpha': 50}, 'pool': {'T_max': 1.9010385829024017, 'T_min': 0.9983048296999186, 'tau': 100, 'alpha': 50}, 'output': {'T_max': 12.80766905657947, 'T_min': 6.51999241206795, 'tau': 100, 'alpha': 50}}
Iterating over following combinations of layers :  [['conv1'], ['mbconv1'], ['mbconv2'], ['mbconv3'], ['mbconv4'], ['mbconv5'], ['mbconv6'], ['mbconv7'], ['conv2'], ['pool'], ['output'], ['conv1', 'mbconv1'], ['conv1', 'mbconv2'], ['conv1', 'mbconv3'], ['conv1', 'mbconv4'], ['conv1', 'mbconv5'], ['conv1', 'mbconv6'], ['conv1', 'mbconv7'], ['conv1', 'conv2'], ['conv1', 'pool'], ['conv1', 'output'], ['mbconv1', 'mbconv2'], ['mbconv1', 'mbconv3'], ['mbconv1', 'mbconv4'], ['mbconv1', 'mbconv5'], ['mbconv1', 'mbconv6'], ['mbconv1', 'mbconv7'], ['mbconv1', 'conv2'], ['mbconv1', 'pool'], ['mbconv1', 'output'], ['mbconv2', 'mbconv3'], ['mbconv2', 'mbconv4'], ['mbconv2', 'mbconv5'], ['mbconv2', 'mbconv6'], ['mbconv2', 'mbconv7'], ['mbconv2', 'conv2'], ['mbconv2', 'pool'], ['mbconv2', 'output'], ['mbconv3', 'mbconv4'], ['mbconv3', 'mbconv5'], ['mbconv3', 'mbconv6'], ['mbconv3', 'mbconv7'], ['mbconv3', 'conv2'], ['mbconv3', 'pool'], ['mbconv3', 'output'], ['mbconv4', 'mbconv5'], ['mbconv4', 'mbconv6'], ['mbconv4', 'mbconv7'], ['mbconv4', 'conv2'], ['mbconv4', 'pool'], ['mbconv4', 'output'], ['mbconv5', 'mbconv6'], ['mbconv5', 'mbconv7'], ['mbconv5', 'conv2'], ['mbconv5', 'pool'], ['mbconv5', 'output'], ['mbconv6', 'mbconv7'], ['mbconv6', 'conv2'], ['mbconv6', 'pool'], ['mbconv6', 'output'], ['mbconv7', 'conv2'], ['mbconv7', 'pool'], ['mbconv7', 'output'], ['conv2', 'pool'], ['conv2', 'output'], ['pool', 'output']]
[['conv2', 'output']]
Generating the training set for videos : 
TRAINING SET : contains 962 samples, 37 patients based on 56 videos
TEST SET : contains 127 samples, 37 patients based on 8 videos
Dataset constituted.
--------------------NAIVE IMPLEMENTATION-------------------
Number of folds : 53
Grid search.
The best parameters are : {'C': 1}
Metrics obtained during CV : 
{'r2': array([-6.67431305e-02, -2.69190924e-03, -3.23582523e-01, -2.25693506e-03,
       -4.06669592e-02, -7.04403371e-02, -1.84462719e-02, -2.10827342e-02,
       -1.03484722e-05, -8.89001621e-04, -1.29109601e-01, -5.55881239e-01,
       -1.18121413e-01, -1.90642160e-01, -3.33706852e-02, -5.03827544e-03,
       -8.43587602e-02, -1.11824852e+00, -1.27098896e-01, -2.62872931e-01,
       -4.86889982e-02, -7.34990606e-01, -4.28593372e-02, -5.09540923e-01,
       -1.89489504e-01, -5.81779718e-02, -1.91014816e-01, -4.08372792e-01,
       -2.59396518e-01, -4.90679728e-02, -1.58557253e-01, -2.23597169e-01,
       -3.00196864e-01, -7.38834128e-04, -6.71522654e-01, -3.21359959e-01,
       -1.33686545e-01, -2.16765706e-02, -3.43970252e-02, -6.12189427e-02,
       -3.03700326e-03, -3.08900898e-01, -7.41623292e-01, -1.56084346e-01,
       -3.66787111e-01, -7.92222417e-02, -1.36959345e-01, -1.58624206e-01,
       -3.11617409e-01, -5.66503206e-01, -3.63101460e-02, -5.58153871e-01,
       -4.75336514e-02]), 'neg_mean_absolute_error': array([ -7.61016893, -11.22171498, -10.52618453, -11.20124429,
       -10.28488239,  -5.99697529,  -8.18872321,  -6.13385532,
        -6.66863483,  -7.44469678,  -7.84746044, -13.71645262,
       -13.46091949, -13.69502896,  -6.83327522,  -7.58431339,
       -13.20428296,  -6.72415916,  -8.4709473 , -10.07027484,
        -9.17311111, -14.22788697,  -8.24232301, -11.90077012,
        -9.58267463,  -9.59743554,  -9.37883073, -16.59957664,
       -10.48171006, -10.25894444, -11.8858455 , -11.33851353,
       -11.72225616,  -8.16136097, -12.88274551, -11.3559188 ,
       -11.84879891,  -6.79600348,  -6.20106848,  -7.35892518,
        -7.30015704, -12.66378232, -14.92079716,  -9.02016134,
       -21.31840332,  -7.97072832,  -9.63433792,  -5.8150625 ,
        -9.5370002 , -16.99458806,  -8.48004477, -15.47116922,
       -10.21033606]), 'neg_mean_squared_error': array([-118.97103609, -191.37623915, -125.73575227, -176.42362227,
       -133.17490435,  -49.40033549, -129.81703795,  -94.83035337,
        -65.25161832,  -77.80652355, -105.19043532, -320.88483797,
       -337.60189147, -303.53456535,  -75.32091624,  -82.14174705,
       -271.38292538,  -59.66762198, -107.90360762, -233.25921686,
       -151.64026472, -376.24985959, -113.07089802, -295.20199594,
       -135.37732696, -255.87958807, -165.55449814, -548.83233568,
       -237.25481487, -153.45627228, -227.25141368, -226.61948122,
       -282.45451824, -116.17948194, -237.39765759, -250.88419599,
       -186.19477174,  -75.87043136,  -66.07211296, -113.97988344,
        -80.79977621, -297.41180374, -426.58763441, -179.48097016,
       -804.44045765, -110.60706711, -149.33789908,  -50.50667873,
       -231.72593087, -487.04696623, -123.19142901, -472.30520338,
       -244.48876013]), 'max_error': array([-36.38521464, -31.63547177, -17.84961179, -29.75611952,
       -22.37389066, -14.09216328, -29.91775299, -33.87854979,
       -18.52764605, -19.18325373, -25.46558282, -34.02628887,
       -57.26782345, -38.70371005, -21.81982441, -16.67098483,
       -35.87362381, -11.77915569, -25.97647428, -48.4887368 ,
       -33.25171259, -47.96219655, -23.20440712, -50.81532184,
       -28.61268566, -46.82758017, -35.31882553, -62.23339657,
       -36.48739057, -29.8010484 , -33.51955475, -37.16087393,
       -45.84195137, -25.85135025, -29.5529032 , -46.5664423 ,
       -30.55006196, -24.56046869, -18.13884593, -34.8358266 ,
       -20.16677167, -50.60451364, -52.07923489, -43.10098403,
       -72.2325433 , -26.45238145, -32.16574468, -14.10670535,
       -51.95342905, -46.57399967, -30.63417699, -48.93761792,
       -51.52865575]), 'explained_variance': array([-4.44089210e-16,  0.00000000e+00,  1.11022302e-16,  1.11022302e-16,
        0.00000000e+00,  0.00000000e+00,  0.00000000e+00,  0.00000000e+00,
       -2.22044605e-16,  3.33066907e-16,  0.00000000e+00, -2.22044605e-16,
       -2.22044605e-16,  1.11022302e-16,  2.22044605e-16,  0.00000000e+00,
        0.00000000e+00,  0.00000000e+00,  0.00000000e+00, -2.22044605e-16,
        0.00000000e+00, -2.22044605e-16, -2.22044605e-16,  0.00000000e+00,
        0.00000000e+00,  0.00000000e+00,  0.00000000e+00,  0.00000000e+00,
        0.00000000e+00,  0.00000000e+00,  0.00000000e+00,  0.00000000e+00,
        1.11022302e-16,  0.00000000e+00,  0.00000000e+00,  1.11022302e-16,
        0.00000000e+00,  0.00000000e+00,  0.00000000e+00,  2.22044605e-16,
        0.00000000e+00,  0.00000000e+00,  0.00000000e+00,  0.00000000e+00,
       -4.44089210e-16,  1.11022302e-16,  0.00000000e+00,  0.00000000e+00,
        0.00000000e+00,  0.00000000e+00,  0.00000000e+00, -2.22044605e-16,
       -2.22044605e-16])}
         accs  y_pred (s)  y_true (s)
54     [2, 2]   14.360931      19.499
4    [24, 24]   21.399236      26.335
3    [24, 24]   21.399236      27.642
11   [24, 24]   21.399236      18.893
27   [16, 15]   18.790142      65.978
29   [16, 15]   18.790142      45.143
64     [2, 2]   14.360931      30.560
77    [11, 8]   17.001654      12.834
124  [16, 15]   18.790142      45.263
71     [2, 2]   14.360931       9.629
25   [16, 15]   18.790142      19.467
91     [5, 5]   14.920558      14.879
83    [11, 8]   17.001654      24.338
89    [11, 8]   17.001654      11.455
69     [2, 2]   14.360931       9.069
{'mse': 290.1842663981883, 'mae': 11.642898910854175, 'r2-score': -0.18689205452225988, 'max-error': 64.21344701182306, 'explained variance score': 0.07342986841140409, 'layers': ['conv2', 'output']}
