environment: line 5: __conda_exe: command not found
Using device: cuda
Using model: efficientnetB4
Number of videos: 64
Execution type : naive
Using 2 features
Job ID : 43
Plotting ?  yes
Calculate accumulators ?  no
The directory contains : 65 videos
Number of videos in the directory : 65
Number of videos in the dataframe : 64
['conv1', 'mbconv1', 'mbconv2', 'mbconv3', 'mbconv4', 'mbconv5', 'mbconv6', 'mbconv7', 'conv2', 'pool', 'output']
{'conv1': {'T_max': 773.9153770208359, 'T_min': 474.00882083177567, 'tau': 100, 'alpha': 50}, 'mbconv1': {'T_max': 3485.9428219795227, 'T_min': 2560.6904525756836, 'tau': 100, 'alpha': 50}, 'mbconv2': {'T_max': 2793.179835796356, 'T_min': 1976.7829375267029, 'tau': 100, 'alpha': 50}, 'mbconv3': {'T_max': 1668.251520872116, 'T_min': 1083.705378293991, 'tau': 100, 'alpha': 50}, 'mbconv4': {'T_max': 817.8574377298355, 'T_min': 502.0499846339226, 'tau': 100, 'alpha': 50}, 'mbconv5': {'T_max': 940.7537368535995, 'T_min': 533.222236931324, 'tau': 100, 'alpha': 50}, 'mbconv6': {'T_max': 628.3391550779343, 'T_min': 341.6495691537857, 'tau': 100, 'alpha': 50}, 'mbconv7': {'T_max': 368.16851300001144, 'T_min': 200.31917816400528, 'tau': 100, 'alpha': 50}, 'conv2': {'T_max': 79.04693293571472, 'T_min': 40.3972128406167, 'tau': 100, 'alpha': 50}, 'pool': {'T_max': 1.9010385829024017, 'T_min': 0.9983048296999186, 'tau': 100, 'alpha': 50}, 'output': {'T_max': 12.80766905657947, 'T_min': 6.51999241206795, 'tau': 100, 'alpha': 50}}
Iterating over following combinations of layers :  [['conv1'], ['mbconv1'], ['mbconv2'], ['mbconv3'], ['mbconv4'], ['mbconv5'], ['mbconv6'], ['mbconv7'], ['conv2'], ['pool'], ['output'], ['conv1', 'mbconv1'], ['conv1', 'mbconv2'], ['conv1', 'mbconv3'], ['conv1', 'mbconv4'], ['conv1', 'mbconv5'], ['conv1', 'mbconv6'], ['conv1', 'mbconv7'], ['conv1', 'conv2'], ['conv1', 'pool'], ['conv1', 'output'], ['mbconv1', 'mbconv2'], ['mbconv1', 'mbconv3'], ['mbconv1', 'mbconv4'], ['mbconv1', 'mbconv5'], ['mbconv1', 'mbconv6'], ['mbconv1', 'mbconv7'], ['mbconv1', 'conv2'], ['mbconv1', 'pool'], ['mbconv1', 'output'], ['mbconv2', 'mbconv3'], ['mbconv2', 'mbconv4'], ['mbconv2', 'mbconv5'], ['mbconv2', 'mbconv6'], ['mbconv2', 'mbconv7'], ['mbconv2', 'conv2'], ['mbconv2', 'pool'], ['mbconv2', 'output'], ['mbconv3', 'mbconv4'], ['mbconv3', 'mbconv5'], ['mbconv3', 'mbconv6'], ['mbconv3', 'mbconv7'], ['mbconv3', 'conv2'], ['mbconv3', 'pool'], ['mbconv3', 'output'], ['mbconv4', 'mbconv5'], ['mbconv4', 'mbconv6'], ['mbconv4', 'mbconv7'], ['mbconv4', 'conv2'], ['mbconv4', 'pool'], ['mbconv4', 'output'], ['mbconv5', 'mbconv6'], ['mbconv5', 'mbconv7'], ['mbconv5', 'conv2'], ['mbconv5', 'pool'], ['mbconv5', 'output'], ['mbconv6', 'mbconv7'], ['mbconv6', 'conv2'], ['mbconv6', 'pool'], ['mbconv6', 'output'], ['mbconv7', 'conv2'], ['mbconv7', 'pool'], ['mbconv7', 'output'], ['conv2', 'pool'], ['conv2', 'output'], ['pool', 'output']]
[['mbconv3', 'pool']]
Generating the training set for videos : 
TRAINING SET : contains 962 samples, 37 patients based on 56 videos
TEST SET : contains 127 samples, 37 patients based on 8 videos
Dataset constituted.
--------------------NAIVE IMPLEMENTATION-------------------
Number of folds : 53
Grid search.
The best parameters are : {'C': 1}
Metrics obtained during CV : 
{'r2': array([-1.69614268e-01, -4.19474242e-02, -3.34585132e-01, -2.34320379e-02,
       -7.48443522e-02, -4.17076661e-02, -5.05493053e-02, -6.43960720e-02,
       -8.68288187e-02, -4.48041567e-04, -1.78609186e-01, -5.62207462e-01,
       -2.74689613e-01, -1.36198820e-01, -9.96172741e-02, -2.28847078e-02,
       -4.64308448e-03, -1.28095770e+00, -2.14663397e-02, -2.77138881e-01,
       -6.79922808e-02, -7.97906576e-01, -4.50423224e-02, -3.56156864e-01,
       -1.62864785e-01, -8.74220586e-02, -1.24354992e-02, -3.49361186e-01,
       -2.30977641e-01, -3.28500738e-02, -2.42888797e-01, -2.76379192e-01,
       -4.73918882e-01, -3.15769186e-05, -6.21024840e-01, -2.70719801e-01,
       -5.83491082e-03, -6.05093096e-02, -6.22955681e-02, -7.91953459e-02,
       -1.86410994e-06, -4.02219670e-01, -7.01064113e-01, -1.36333295e-01,
       -2.44075197e-01, -1.01145371e-01, -1.78678033e-01, -8.16951863e-02,
       -3.26889949e-01, -7.16258757e-01, -9.10326990e-03, -3.59182965e-01,
       -6.69487112e-02]), 'neg_mean_absolute_error': array([ -8.86915705, -11.18587449, -10.57046074, -11.01571863,
       -10.58461087,  -5.8000995 ,  -8.0300418 ,  -6.09530488,
        -7.22653516,  -7.51567239,  -7.94393568, -13.74523114,
       -14.27874077, -13.41109746,  -7.25144063,  -7.48505636,
       -13.3893809 ,  -7.03442723,  -8.69924638, -10.11173673,
        -9.17311111, -14.52192127,  -8.24834709, -11.14682594,
        -9.394565  ,  -9.50331981,  -8.661     , -16.28390625,
       -10.48122222, -10.25894444, -12.18040957, -11.578293  ,
       -12.64272946,  -8.03229128, -12.75795601, -11.10459583,
       -10.08742315,  -6.70144427,  -6.42885087,  -7.3980675 ,
        -7.07488088, -13.05781098, -14.71316937,  -8.91283293,
       -20.41600156,  -7.99250551,  -9.66981434,  -5.6047942 ,
        -9.61097388, -17.86887092,  -8.1763547 , -14.61103191,
       -10.05480457]), 'neg_mean_squared_error': array([-130.4439816 , -198.86864309, -126.78096205, -180.15099817,
       -137.54861008,  -48.07433577, -133.90907582,  -98.85296486,
        -70.91660538,  -77.77224446, -109.80192991, -322.18955771,
       -384.87557744, -289.65513453,  -80.14953567,  -83.60033541,
       -251.43244951,  -64.25087555,  -97.79080035, -235.89421208,
       -154.43151637, -389.89380939, -113.30758583, -265.20659826,
       -132.34713352, -262.95114416, -140.73145751, -525.83595444,
       -231.90104788, -151.08393953, -243.79307574, -236.39511241,
       -320.19385624, -116.09737383, -230.22571606, -241.26924184,
       -165.1966343 ,  -78.75417827,  -67.85413247, -115.91063332,
        -80.55528018, -318.61593322, -416.65319889, -176.41463864,
       -732.21675316, -112.85391941, -154.81758592,  -47.15319341,
       -234.42415934, -533.60798613, -119.95721004, -411.9934485 ,
       -249.02013142]), 'max_error': array([-34.76420107, -33.74820508, -17.94308378, -32.41734595,
       -21.56034192, -14.50778994, -30.92273524, -34.92479266,
       -16.1733664 , -18.73374154, -26.07659261, -34.08704351,
       -60.40286781, -37.62477035, -20.68480399, -15.94507079,
       -32.3567629 , -12.17360782, -23.92178254, -48.67531527,
       -33.73388323, -48.49145829, -23.25862385, -49.17871674,
       -28.951283  , -47.67462171, -31.48075104, -61.28638541,
       -36.09335361, -29.31403597, -34.84509305, -37.88021234,
       -47.91301628, -26.0836757 , -29.17853469, -45.92462082,
       -34.25689721, -25.41150158, -17.62633554, -35.18810746,
       -20.67364302, -51.78659962, -51.70550487, -42.77899878,
       -69.52533802, -26.82259367, -32.7688437 , -14.8491662 ,
       -52.13307941, -48.22542285, -33.75202993, -46.36475528,
       -52.15078174]), 'explained_variance': array([-2.22044605e-16,  0.00000000e+00,  1.11022302e-16,  0.00000000e+00,
        0.00000000e+00,  0.00000000e+00,  0.00000000e+00,  0.00000000e+00,
        0.00000000e+00,  3.33066907e-16,  1.11022302e-16,  0.00000000e+00,
        0.00000000e+00,  0.00000000e+00,  2.22044605e-16,  0.00000000e+00,
        0.00000000e+00,  0.00000000e+00,  0.00000000e+00, -2.22044605e-16,
        2.22044605e-16, -2.22044605e-16, -2.22044605e-16, -2.22044605e-16,
        0.00000000e+00, -2.22044605e-16,  0.00000000e+00,  0.00000000e+00,
        0.00000000e+00, -2.22044605e-16, -2.22044605e-16,  0.00000000e+00,
        0.00000000e+00,  0.00000000e+00, -4.44089210e-16,  0.00000000e+00,
        0.00000000e+00,  0.00000000e+00,  0.00000000e+00,  0.00000000e+00,
        0.00000000e+00,  1.11022302e-16, -2.22044605e-16,  0.00000000e+00,
       -4.44089210e-16,  0.00000000e+00,  0.00000000e+00,  0.00000000e+00,
        1.11022302e-16, -2.22044605e-16,  2.22044605e-16, -2.22044605e-16,
        0.00000000e+00])}
         accs  y_pred (s)  y_true (s)
54    [11, 2]   16.094223      19.499
4    [45, 25]   24.012595      26.335
3    [45, 25]   24.012595      27.642
11   [45, 25]   24.012595      18.893
27   [29, 17]   19.461193      65.978
29   [29, 17]   19.461193      45.143
64    [11, 2]   16.094223      30.560
77    [16, 9]   16.868213      12.834
124  [26, 16]   18.510044      45.263
71    [11, 2]   16.094223       9.629
25   [29, 17]   19.461193      19.467
91     [2, 7]   14.750398      14.879
83    [16, 9]   16.868213      24.338
89    [16, 9]   16.868213      11.455
69    [11, 2]   16.094223       9.069
{'mse': 280.49284587382266, 'mae': 11.434467542499473, 'r2-score': -0.14725286194929077, 'max-error': 64.48606340762362, 'explained variance score': 0.07561533875739701, 'layers': ['mbconv3', 'pool']}
