environment: line 5: __conda_exe: command not found
Using device: cuda
Using model: efficientnetB4
Number of videos: 64
Execution type : naive
Using 2 features
Job ID : 45
Plotting ?  yes
Calculate accumulators ?  no
The directory contains : 65 videos
Number of videos in the directory : 65
Number of videos in the dataframe : 64
['conv1', 'mbconv1', 'mbconv2', 'mbconv3', 'mbconv4', 'mbconv5', 'mbconv6', 'mbconv7', 'conv2', 'pool', 'output']
{'conv1': {'T_max': 773.9153770208359, 'T_min': 474.00882083177567, 'tau': 100, 'alpha': 50}, 'mbconv1': {'T_max': 3485.9428219795227, 'T_min': 2560.6904525756836, 'tau': 100, 'alpha': 50}, 'mbconv2': {'T_max': 2793.179835796356, 'T_min': 1976.7829375267029, 'tau': 100, 'alpha': 50}, 'mbconv3': {'T_max': 1668.251520872116, 'T_min': 1083.705378293991, 'tau': 100, 'alpha': 50}, 'mbconv4': {'T_max': 817.8574377298355, 'T_min': 502.0499846339226, 'tau': 100, 'alpha': 50}, 'mbconv5': {'T_max': 940.7537368535995, 'T_min': 533.222236931324, 'tau': 100, 'alpha': 50}, 'mbconv6': {'T_max': 628.3391550779343, 'T_min': 341.6495691537857, 'tau': 100, 'alpha': 50}, 'mbconv7': {'T_max': 368.16851300001144, 'T_min': 200.31917816400528, 'tau': 100, 'alpha': 50}, 'conv2': {'T_max': 79.04693293571472, 'T_min': 40.3972128406167, 'tau': 100, 'alpha': 50}, 'pool': {'T_max': 1.9010385829024017, 'T_min': 0.9983048296999186, 'tau': 100, 'alpha': 50}, 'output': {'T_max': 12.80766905657947, 'T_min': 6.51999241206795, 'tau': 100, 'alpha': 50}}
Iterating over following combinations of layers :  [['conv1'], ['mbconv1'], ['mbconv2'], ['mbconv3'], ['mbconv4'], ['mbconv5'], ['mbconv6'], ['mbconv7'], ['conv2'], ['pool'], ['output'], ['conv1', 'mbconv1'], ['conv1', 'mbconv2'], ['conv1', 'mbconv3'], ['conv1', 'mbconv4'], ['conv1', 'mbconv5'], ['conv1', 'mbconv6'], ['conv1', 'mbconv7'], ['conv1', 'conv2'], ['conv1', 'pool'], ['conv1', 'output'], ['mbconv1', 'mbconv2'], ['mbconv1', 'mbconv3'], ['mbconv1', 'mbconv4'], ['mbconv1', 'mbconv5'], ['mbconv1', 'mbconv6'], ['mbconv1', 'mbconv7'], ['mbconv1', 'conv2'], ['mbconv1', 'pool'], ['mbconv1', 'output'], ['mbconv2', 'mbconv3'], ['mbconv2', 'mbconv4'], ['mbconv2', 'mbconv5'], ['mbconv2', 'mbconv6'], ['mbconv2', 'mbconv7'], ['mbconv2', 'conv2'], ['mbconv2', 'pool'], ['mbconv2', 'output'], ['mbconv3', 'mbconv4'], ['mbconv3', 'mbconv5'], ['mbconv3', 'mbconv6'], ['mbconv3', 'mbconv7'], ['mbconv3', 'conv2'], ['mbconv3', 'pool'], ['mbconv3', 'output'], ['mbconv4', 'mbconv5'], ['mbconv4', 'mbconv6'], ['mbconv4', 'mbconv7'], ['mbconv4', 'conv2'], ['mbconv4', 'pool'], ['mbconv4', 'output'], ['mbconv5', 'mbconv6'], ['mbconv5', 'mbconv7'], ['mbconv5', 'conv2'], ['mbconv5', 'pool'], ['mbconv5', 'output'], ['mbconv6', 'mbconv7'], ['mbconv6', 'conv2'], ['mbconv6', 'pool'], ['mbconv6', 'output'], ['mbconv7', 'conv2'], ['mbconv7', 'pool'], ['mbconv7', 'output'], ['conv2', 'pool'], ['conv2', 'output'], ['pool', 'output']]
[['mbconv4', 'mbconv5']]
Generating the training set for videos : 
TRAINING SET : contains 962 samples, 37 patients based on 56 videos
TEST SET : contains 127 samples, 37 patients based on 8 videos
Dataset constituted.
--------------------NAIVE IMPLEMENTATION-------------------
Number of folds : 53
Grid search.
The best parameters are : {'C': 1}
Metrics obtained during CV : 
{'r2': array([-1.47376747e-01, -2.59923387e-01, -8.20259934e-03, -1.77296186e-01,
       -6.36619834e-03, -1.48829805e-01, -2.01489070e-02, -1.11240559e-02,
       -8.67999402e-02, -3.62689401e-03, -1.30704692e-01, -5.56263225e-01,
       -5.29877622e-01, -1.79909705e-01, -3.79642129e-01, -3.14811796e-01,
       -3.45469358e-04, -9.99833731e-01, -6.29325124e-03, -2.19731132e-01,
       -7.11373722e-02, -7.32987960e-01, -2.17146800e-02, -3.08396786e-01,
       -9.46502277e-03, -1.40058915e-01, -3.78810546e-03, -4.05795869e-01,
       -2.38920018e-01, -3.07622442e-04, -1.56055307e-01, -4.64847541e-01,
       -5.48504406e-01, -3.08754977e-02, -3.77374197e-01, -3.32356013e-01,
       -5.11882047e-02, -7.43212374e-02, -2.44574472e-02, -3.92352660e-02,
       -1.99077883e-02, -3.39239551e-01, -6.53494536e-01, -9.93740718e-02,
       -3.19370744e-01, -5.63612647e-02, -1.25047829e-01, -2.87998113e-01,
       -2.57367230e-01, -8.02609145e-01, -1.62049509e-02, -2.49988818e-01,
       -4.16945282e-02]), 'neg_mean_absolute_error': array([ -8.63616349, -11.92070884,  -8.57164456, -10.83173182,
        -9.34311631,  -6.3843419 ,  -8.17779598,  -6.23460871,
        -7.22643098,  -7.57004477,  -7.85083276, -13.71819494,
       -15.58354715, -13.64264058,  -8.66512824,  -8.47203805,
       -13.43064044,  -6.52265943,  -8.77228625,  -9.93752013,
        -9.17311111, -14.21832502,  -8.29191675, -11.01800377,
        -7.70892802,  -9.47666031,  -8.88684921, -16.58628833,
       -10.48122222, -10.25894444, -11.87602892, -12.38425057,
       -12.98463083,  -9.05046801, -12.06776528, -11.41481486,
        -9.44361111,  -6.67594345,  -6.11492556,  -7.30210295,
        -7.64315502, -12.79770997, -14.46184369,  -8.76707817,
       -20.99088453,  -7.94449076,  -9.6232418 ,  -6.19454817,
        -9.25834704, -18.33154837,  -8.19680588, -14.39486145,
       -10.26315625]), 'neg_mean_squared_error': array([-127.96388976, -240.47207049,  -95.77575262, -207.23514135,
       -128.78541114,  -53.01797383, -130.03406564,  -93.90546751,
        -70.91472103,  -78.01936023, -105.33903763, -320.96361861,
       -461.92620303, -300.7985033 , -100.56014818, -107.45952728,
       -250.35688356,  -56.3320697 ,  -96.33819402, -225.29070153,
       -154.88629609, -375.815566  , -110.77831139, -255.86675858,
       -114.88850974, -275.6793406 , -139.52944482, -547.82812801,
       -233.39729412, -146.32367288, -226.76065606, -271.30088079,
       -336.3968013 , -119.67815896, -195.6212841 , -252.97199644,
       -172.64538303,  -79.77986189,  -65.43722239, -111.61873363,
        -82.15880449, -304.30542993, -405.00165902, -170.67675522,
       -776.53293349, -108.26409685, -147.77333938,  -56.14633854,
       -222.14144898, -560.45548603, -120.80142278, -378.89468685,
       -243.12593994]), 'max_error': array([-35.05932624, -37.96209359, -16.75895067, -35.97290466,
       -25.55775803, -13.27438932, -29.9869588 , -33.49568689,
       -16.17376226, -18.38938314, -25.48694084, -34.02996709,
       -63.94448511, -38.50463422, -18.11904335, -18.06974699,
       -31.57283158, -11.47368447, -23.26442377, -47.89134058,
       -33.80558338, -47.94498504, -22.58312463, -48.59901696,
       -32.21871594, -48.8964428 , -29.44035712, -62.19353166,
       -36.2058078 , -27.33407319, -33.47538012, -40.00431377,
       -48.68229437, -24.25095758, -27.1079625 , -46.69895843,
       -38.1353272 , -25.64100895, -18.37122331, -34.32442656,
       -19.39502619, -51.00629658, -51.25311864, -42.10620355,
       -71.24998691, -26.00634285, -31.97711055, -13.19307568,
       -51.27669996, -49.09936915, -34.09970004, -44.6353916 ,
       -51.31737499]), 'explained_variance': array([-2.22044605e-16,  0.00000000e+00,  1.11022302e-16,  0.00000000e+00,
        0.00000000e+00,  0.00000000e+00,  0.00000000e+00, -2.22044605e-16,
        0.00000000e+00,  3.33066907e-16,  3.33066907e-16,  0.00000000e+00,
        0.00000000e+00,  0.00000000e+00,  2.22044605e-16,  0.00000000e+00,
        0.00000000e+00,  0.00000000e+00,  0.00000000e+00, -2.22044605e-16,
        2.22044605e-16, -2.22044605e-16, -2.22044605e-16, -2.22044605e-16,
       -2.22044605e-16,  0.00000000e+00,  0.00000000e+00,  1.11022302e-16,
        1.11022302e-16, -2.22044605e-16, -2.22044605e-16,  0.00000000e+00,
        0.00000000e+00,  0.00000000e+00,  0.00000000e+00,  3.33066907e-16,
        0.00000000e+00,  0.00000000e+00,  0.00000000e+00,  2.22044605e-16,
        0.00000000e+00,  0.00000000e+00, -2.22044605e-16,  0.00000000e+00,
       -2.22044605e-16, -2.22044605e-16,  0.00000000e+00,  0.00000000e+00,
        0.00000000e+00, -4.44089210e-16, -2.22044605e-16, -2.22044605e-16,
        0.00000000e+00])}
         accs  y_pred (s)  y_true (s)
54    [10, 9]   16.275041      19.499
4    [43, 40]   24.303287      26.335
3    [43, 40]   24.303287      27.642
11   [43, 40]   24.303287      18.893
27   [28, 26]   20.802438      65.978
29   [28, 26]   20.802438      45.143
64    [10, 9]   16.275041      30.560
77   [14, 14]   16.733095      12.834
124  [25, 25]   19.918203      45.263
71    [10, 9]   16.275041       9.629
25   [28, 26]   20.802438      19.467
91     [2, 4]   15.181843      14.879
83   [14, 14]   16.733095      24.338
89   [14, 14]   16.733095      11.455
69    [10, 9]   16.275041       9.069
{'mse': 269.9575564224938, 'mae': 11.283213032450043, 'r2-score': -0.10416213378170558, 'max-error': 64.57961504182128, 'explained variance score': 0.08979100689533004, 'layers': ['mbconv4', 'mbconv5']}
