environment: line 5: __conda_exe: command not found
Using device: cuda
Using model: efficientnetB4
Number of videos: 64
Execution type : naive
Using 2 features
Job ID : 37
Plotting ?  yes
Calculate accumulators ?  no
The directory contains : 65 videos
Number of videos in the directory : 65
Number of videos in the dataframe : 64
['conv1', 'mbconv1', 'mbconv2', 'mbconv3', 'mbconv4', 'mbconv5', 'mbconv6', 'mbconv7', 'conv2', 'pool', 'output']
{'conv1': {'T_max': 773.9153770208359, 'T_min': 474.00882083177567, 'tau': 100, 'alpha': 50}, 'mbconv1': {'T_max': 3485.9428219795227, 'T_min': 2560.6904525756836, 'tau': 100, 'alpha': 50}, 'mbconv2': {'T_max': 2793.179835796356, 'T_min': 1976.7829375267029, 'tau': 100, 'alpha': 50}, 'mbconv3': {'T_max': 1668.251520872116, 'T_min': 1083.705378293991, 'tau': 100, 'alpha': 50}, 'mbconv4': {'T_max': 817.8574377298355, 'T_min': 502.0499846339226, 'tau': 100, 'alpha': 50}, 'mbconv5': {'T_max': 940.7537368535995, 'T_min': 533.222236931324, 'tau': 100, 'alpha': 50}, 'mbconv6': {'T_max': 628.3391550779343, 'T_min': 341.6495691537857, 'tau': 100, 'alpha': 50}, 'mbconv7': {'T_max': 368.16851300001144, 'T_min': 200.31917816400528, 'tau': 100, 'alpha': 50}, 'conv2': {'T_max': 79.04693293571472, 'T_min': 40.3972128406167, 'tau': 100, 'alpha': 50}, 'pool': {'T_max': 1.9010385829024017, 'T_min': 0.9983048296999186, 'tau': 100, 'alpha': 50}, 'output': {'T_max': 12.80766905657947, 'T_min': 6.51999241206795, 'tau': 100, 'alpha': 50}}
Iterating over following combinations of layers :  [['conv1'], ['mbconv1'], ['mbconv2'], ['mbconv3'], ['mbconv4'], ['mbconv5'], ['mbconv6'], ['mbconv7'], ['conv2'], ['pool'], ['output'], ['conv1', 'mbconv1'], ['conv1', 'mbconv2'], ['conv1', 'mbconv3'], ['conv1', 'mbconv4'], ['conv1', 'mbconv5'], ['conv1', 'mbconv6'], ['conv1', 'mbconv7'], ['conv1', 'conv2'], ['conv1', 'pool'], ['conv1', 'output'], ['mbconv1', 'mbconv2'], ['mbconv1', 'mbconv3'], ['mbconv1', 'mbconv4'], ['mbconv1', 'mbconv5'], ['mbconv1', 'mbconv6'], ['mbconv1', 'mbconv7'], ['mbconv1', 'conv2'], ['mbconv1', 'pool'], ['mbconv1', 'output'], ['mbconv2', 'mbconv3'], ['mbconv2', 'mbconv4'], ['mbconv2', 'mbconv5'], ['mbconv2', 'mbconv6'], ['mbconv2', 'mbconv7'], ['mbconv2', 'conv2'], ['mbconv2', 'pool'], ['mbconv2', 'output'], ['mbconv3', 'mbconv4'], ['mbconv3', 'mbconv5'], ['mbconv3', 'mbconv6'], ['mbconv3', 'mbconv7'], ['mbconv3', 'conv2'], ['mbconv3', 'pool'], ['mbconv3', 'output'], ['mbconv4', 'mbconv5'], ['mbconv4', 'mbconv6'], ['mbconv4', 'mbconv7'], ['mbconv4', 'conv2'], ['mbconv4', 'pool'], ['mbconv4', 'output'], ['mbconv5', 'mbconv6'], ['mbconv5', 'mbconv7'], ['mbconv5', 'conv2'], ['mbconv5', 'pool'], ['mbconv5', 'output'], ['mbconv6', 'mbconv7'], ['mbconv6', 'conv2'], ['mbconv6', 'pool'], ['mbconv6', 'output'], ['mbconv7', 'conv2'], ['mbconv7', 'pool'], ['mbconv7', 'output'], ['conv2', 'pool'], ['conv2', 'output'], ['pool', 'output']]
[['mbconv2', 'output']]
Generating the training set for videos : 
TRAINING SET : contains 962 samples, 37 patients based on 56 videos
TEST SET : contains 127 samples, 37 patients based on 8 videos
Dataset constituted.
--------------------NAIVE IMPLEMENTATION-------------------
Number of folds : 53
Grid search.
The best parameters are : {'C': 1}
Metrics obtained during CV : 
{'r2': array([-1.74930320e-01, -2.09566259e-02, -3.56315835e-01, -7.29831073e-05,
       -1.08939200e-01, -2.55513158e-02, -7.68528921e-02, -5.00259520e-02,
       -8.20083179e-02, -4.44110713e-03, -1.96813703e-01, -5.07647755e-01,
       -1.97016361e-01, -2.01916346e-01, -4.27739461e-02, -3.27313141e-03,
       -1.49877521e-02, -9.36849298e-01, -7.76063026e-03, -2.89733722e-01,
       -5.96655423e-02, -8.14811657e-01, -3.34931507e-02, -2.75265589e-01,
       -1.11430783e-01, -5.46192378e-02, -2.76196091e-02, -4.96018019e-01,
       -1.89510558e-01, -3.99713441e-02, -2.19690957e-01, -3.19290192e-01,
       -4.87055650e-01, -1.36928547e-02, -6.08948425e-01, -2.23961851e-01,
       -8.71076052e-02, -4.68669110e-02, -1.05164866e-01, -7.60568354e-02,
       -6.47172722e-05, -4.29029499e-01, -7.08498354e-01, -1.14999554e-01,
       -4.52661491e-01, -1.12841993e-01, -1.90556384e-01, -7.47819872e-02,
       -3.01118164e-01, -6.76767425e-01, -1.35641501e-03, -4.72258550e-01,
       -7.21163248e-02]), 'neg_mean_absolute_error': array([ -8.92255109, -11.12356013, -10.65581936, -11.11664392,
       -10.82001449,  -5.66153704,  -7.99332856,  -6.0800383 ,
        -7.20889927,  -7.57897942,  -7.9759629 , -13.538344  ,
       -13.76572019, -13.7484968 ,  -6.90921173,  -7.60396858,
       -13.34418226,  -6.42431123,  -8.76275789, -10.14746309,
        -9.17311111, -14.59893109,  -8.24857101, -10.92267124,
        -8.98115542,  -9.6103829 ,  -8.661     , -17.16272129,
       -10.48122222, -10.25894444, -12.10532375, -11.75675321,
       -12.7048042 ,  -8.69910706, -12.7273687 , -10.88843897,
       -11.34691541,  -6.72968919,  -6.69419325,  -7.39158143,
        -7.04823683, -13.17953083, -14.75166714,  -8.81066384,
       -21.86160571,  -8.0034703 ,  -9.67913421,  -5.59039229,
        -9.48508968, -17.64798697,  -8.11986983, -15.08018012,
       -10.01737399]), 'neg_mean_squared_error': array([-131.03686678, -194.8622878 , -128.84530344, -176.03918919,
       -141.91175248,  -47.32872754, -137.26188275,  -97.51837804,
        -70.60206316,  -78.08265505, -111.4979044 , -310.93716745,
       -361.42317175, -306.40873305,  -76.00630652,  -81.99748188,
       -254.02141385,  -54.55790046,  -96.47867458, -238.22054493,
       -153.22747129, -393.55984323, -112.05537935, -249.38770569,
       -126.49336375, -255.01904531, -142.84209264, -582.98702434,
       -224.0891594 , -152.12562949, -239.2428113 , -244.34255529,
       -323.0476852 , -117.68336223, -228.5105657 , -232.39139557,
       -178.54472496,  -77.74108402,  -70.592409  , -115.57354259,
        -80.56034332, -324.70773112, -418.47411817, -173.1025962 ,
       -854.98294901, -114.05268   , -156.37778942,  -46.85183364,
       -229.87100921, -521.32959863, -119.03630221, -446.26874601,
       -250.22622483]), 'max_error': array([-34.69656862, -32.91864247, -18.12328531, -30.49976544,
       -20.92138924, -14.8092566 , -31.51424271, -34.63472778,
       -16.24038276, -18.33279699, -26.27943169, -33.55121943,
       -59.00853672, -38.90688785, -21.61371101, -16.79546769,
       -33.21553702, -11.30381031, -23.35017896, -48.83608391,
       -33.53561576, -48.63007596, -22.95436088, -48.1700206 ,
       -29.69542024, -46.71105389, -32.12538904, -63.5213729 ,
       -35.47195862, -29.53999226, -34.50720687, -38.41559297,
       -48.05268445, -24.8834073 , -29.08677277, -45.27615023,
       -31.45345226, -25.15729727, -17.02931518, -35.12973291,
       -20.73359213, -52.10006938, -51.77480085, -42.40373727,
       -73.86215046, -27.00366504, -32.92728151, -14.93077701,
       -51.82736065, -47.80819762, -32.31021282, -47.89498033,
       -52.30050405]), 'explained_variance': array([-2.22044605e-16,  0.00000000e+00,  1.11022302e-16,  1.11022302e-16,
        0.00000000e+00,  0.00000000e+00,  0.00000000e+00, -2.22044605e-16,
        0.00000000e+00,  3.33066907e-16,  0.00000000e+00,  0.00000000e+00,
       -2.22044605e-16,  0.00000000e+00,  2.22044605e-16,  0.00000000e+00,
        0.00000000e+00,  0.00000000e+00,  0.00000000e+00,  0.00000000e+00,
        0.00000000e+00, -2.22044605e-16, -2.22044605e-16, -2.22044605e-16,
        0.00000000e+00,  0.00000000e+00,  0.00000000e+00,  0.00000000e+00,
        0.00000000e+00,  0.00000000e+00, -2.22044605e-16,  0.00000000e+00,
        1.11022302e-16,  0.00000000e+00,  0.00000000e+00,  3.33066907e-16,
        0.00000000e+00,  0.00000000e+00, -2.22044605e-16,  2.22044605e-16,
        0.00000000e+00,  0.00000000e+00,  0.00000000e+00,  0.00000000e+00,
       -2.22044605e-16, -2.22044605e-16,  0.00000000e+00,  0.00000000e+00,
        1.11022302e-16,  0.00000000e+00,  0.00000000e+00, -2.22044605e-16,
       -2.22044605e-16])}
         accs  y_pred (s)  y_true (s)
54    [10, 2]   15.788068      19.499
4    [50, 24]   22.648299      26.335
3    [50, 24]   22.648299      27.642
11   [50, 24]   22.648299      18.893
27   [29, 15]   18.084716      65.978
29   [29, 15]   18.084716      45.143
64    [10, 2]   15.788068      30.560
77    [16, 8]   17.392726      12.834
124  [27, 15]   18.050256      45.263
71    [10, 2]   15.788068       9.629
25   [29, 15]   18.084716      19.467
91     [4, 5]   14.337846      14.879
83    [16, 8]   17.392726      24.338
89    [16, 8]   17.392726      11.455
69    [10, 2]   15.788068       9.069
{'mse': 291.34312849519233, 'mae': 11.677977808843032, 'r2-score': -0.19163195387067478, 'max-error': 63.93925727302333, 'explained variance score': 0.05697839915379754, 'layers': ['mbconv2', 'output']}
