environment: line 5: __conda_exe: command not found
Using device: cuda
Using model: efficientnetB4
Number of videos: 64
Execution type : naive
Using 2 features
Job ID : 28
Plotting ?  yes
Calculate accumulators ?  no
The directory contains : 65 videos
Number of videos in the directory : 65
Number of videos in the dataframe : 64
['conv1', 'mbconv1', 'mbconv2', 'mbconv3', 'mbconv4', 'mbconv5', 'mbconv6', 'mbconv7', 'conv2', 'pool', 'output']
{'conv1': {'T_max': 773.9153770208359, 'T_min': 474.00882083177567, 'tau': 100, 'alpha': 50}, 'mbconv1': {'T_max': 3485.9428219795227, 'T_min': 2560.6904525756836, 'tau': 100, 'alpha': 50}, 'mbconv2': {'T_max': 2793.179835796356, 'T_min': 1976.7829375267029, 'tau': 100, 'alpha': 50}, 'mbconv3': {'T_max': 1668.251520872116, 'T_min': 1083.705378293991, 'tau': 100, 'alpha': 50}, 'mbconv4': {'T_max': 817.8574377298355, 'T_min': 502.0499846339226, 'tau': 100, 'alpha': 50}, 'mbconv5': {'T_max': 940.7537368535995, 'T_min': 533.222236931324, 'tau': 100, 'alpha': 50}, 'mbconv6': {'T_max': 628.3391550779343, 'T_min': 341.6495691537857, 'tau': 100, 'alpha': 50}, 'mbconv7': {'T_max': 368.16851300001144, 'T_min': 200.31917816400528, 'tau': 100, 'alpha': 50}, 'conv2': {'T_max': 79.04693293571472, 'T_min': 40.3972128406167, 'tau': 100, 'alpha': 50}, 'pool': {'T_max': 1.9010385829024017, 'T_min': 0.9983048296999186, 'tau': 100, 'alpha': 50}, 'output': {'T_max': 12.80766905657947, 'T_min': 6.51999241206795, 'tau': 100, 'alpha': 50}}
Iterating over following combinations of layers :  [['conv1'], ['mbconv1'], ['mbconv2'], ['mbconv3'], ['mbconv4'], ['mbconv5'], ['mbconv6'], ['mbconv7'], ['conv2'], ['pool'], ['output'], ['conv1', 'mbconv1'], ['conv1', 'mbconv2'], ['conv1', 'mbconv3'], ['conv1', 'mbconv4'], ['conv1', 'mbconv5'], ['conv1', 'mbconv6'], ['conv1', 'mbconv7'], ['conv1', 'conv2'], ['conv1', 'pool'], ['conv1', 'output'], ['mbconv1', 'mbconv2'], ['mbconv1', 'mbconv3'], ['mbconv1', 'mbconv4'], ['mbconv1', 'mbconv5'], ['mbconv1', 'mbconv6'], ['mbconv1', 'mbconv7'], ['mbconv1', 'conv2'], ['mbconv1', 'pool'], ['mbconv1', 'output'], ['mbconv2', 'mbconv3'], ['mbconv2', 'mbconv4'], ['mbconv2', 'mbconv5'], ['mbconv2', 'mbconv6'], ['mbconv2', 'mbconv7'], ['mbconv2', 'conv2'], ['mbconv2', 'pool'], ['mbconv2', 'output'], ['mbconv3', 'mbconv4'], ['mbconv3', 'mbconv5'], ['mbconv3', 'mbconv6'], ['mbconv3', 'mbconv7'], ['mbconv3', 'conv2'], ['mbconv3', 'pool'], ['mbconv3', 'output'], ['mbconv4', 'mbconv5'], ['mbconv4', 'mbconv6'], ['mbconv4', 'mbconv7'], ['mbconv4', 'conv2'], ['mbconv4', 'pool'], ['mbconv4', 'output'], ['mbconv5', 'mbconv6'], ['mbconv5', 'mbconv7'], ['mbconv5', 'conv2'], ['mbconv5', 'pool'], ['mbconv5', 'output'], ['mbconv6', 'mbconv7'], ['mbconv6', 'conv2'], ['mbconv6', 'pool'], ['mbconv6', 'output'], ['mbconv7', 'conv2'], ['mbconv7', 'pool'], ['mbconv7', 'output'], ['conv2', 'pool'], ['conv2', 'output'], ['pool', 'output']]
[['mbconv1', 'pool']]
Generating the training set for videos : 
TRAINING SET : contains 962 samples, 37 patients based on 56 videos
TEST SET : contains 127 samples, 37 patients based on 8 videos
Dataset constituted.
--------------------NAIVE IMPLEMENTATION-------------------
Number of folds : 53
Grid search.
The best parameters are : {'C': 1}
Metrics obtained during CV : 
{'r2': array([-1.15728672e-01, -2.71141713e-03, -2.97380851e-01, -2.40225602e-03,
       -8.51634135e-03, -5.07870748e-02, -7.93194990e-03, -4.89710313e-02,
       -7.88865137e-03, -2.89565997e-03, -4.10005783e-02, -5.13508338e-01,
       -1.71141468e-01, -2.73101921e-01, -2.24238038e-01, -2.31317594e-02,
       -3.84518461e-02, -1.26736025e+00, -7.28994745e-02, -1.94826282e-01,
       -5.70826459e-02, -8.04813278e-01, -7.20289469e-02, -3.49924987e-01,
       -2.57596113e-01, -4.75634748e-02, -1.11221093e-01, -5.10823177e-01,
       -2.90387397e-01, -4.87721862e-02, -2.11324219e-01, -3.75336573e-01,
       -4.40419977e-01, -5.02530808e-02, -6.42299215e-01, -9.18649012e-02,
       -9.47708366e-02, -1.91881692e-02, -3.49072241e-02, -1.25454722e-02,
       -2.63205989e-04, -3.85547649e-01, -6.21787309e-01, -1.25385279e-01,
       -4.05055155e-01, -4.69434977e-02, -1.56301979e-01, -1.05718097e-01,
       -2.39514579e-01, -6.32375176e-01, -1.93151831e-04, -5.83764955e-01,
       -5.93314899e-02]), 'neg_mean_absolute_error': array([ -8.27175749, -11.61988796, -10.41761186, -11.08838431,
        -9.8553677 ,  -5.8681109 ,  -8.30071598,  -6.07883579,
        -6.78895358,  -7.56111786,  -7.60844658, -13.56004163,
       -13.65298603, -14.05623489,  -7.85496762,  -7.48466887,
       -13.28284508,  -7.00919033,  -8.56499805,  -9.85487831,
        -9.17311111, -14.55348186,  -8.31331103, -11.13052903,
       -10.06801436,  -9.63736623,  -8.97186469, -17.25426064,
       -10.53759994, -10.25894444, -12.07727604, -11.97263661,
       -12.48042811,  -9.34053278, -12.81112527, -10.49845057,
       -11.43739852,  -6.80434163,  -6.20593625,  -7.20298944,
        -7.14504321, -12.99106839, -14.28920892,  -8.85214698,
       -21.56755615,  -7.93213946,  -9.65137415,  -5.65089341,
        -9.16031589, -17.39184869,  -8.10624918, -15.58182144,
       -10.11272038]), 'neg_mean_squared_error': array([-124.43426381, -191.37996247, -123.24668427, -176.44920258,
       -129.0605665 ,  -48.49334636, -128.47682181,  -97.42040507,
        -65.76568502,  -77.96251598,  -96.98199703, -312.14585372,
       -353.61059201, -324.55632048,  -89.2329655 ,  -83.62052693,
       -259.89378257,  -63.86785731, -102.71478777, -220.69064588,
       -152.85398487, -391.39159594, -116.23358147, -263.98790814,
       -143.12862761, -253.31288077, -154.46294025, -588.75648384,
       -243.09311522, -153.41300501, -237.60167273, -254.72277029,
       -312.91656064, -121.92777443, -233.24720479, -207.31038949,
       -179.80332119,  -75.6856409 ,  -66.10470191, -108.75212481,
        -80.57633261, -314.8276741 , -397.2353923 , -174.71496984,
       -826.96361645, -107.29889102, -151.87852494,  -48.20039873,
       -218.98738731, -507.52744978, -118.89801923, -480.06839574,
       -247.24231263]), 'max_error': array([-35.52090717, -30.19930411, -17.62040282, -31.03669818,
       -23.61120274, -14.36421033, -29.38987929, -34.61188004,
       -17.83617639, -18.44592019, -23.95182831, -33.61011301,
       -58.48424483, -40.07629258, -19.33660138, -15.93770858,
       -34.38094353, -12.14164108, -25.13001756, -47.51945241,
       -33.47133553, -48.54826734, -23.84329926, -49.10538065,
       -27.8420618 , -46.46820393, -34.09792739, -63.72733644,
       -36.89319973, -29.79296124, -34.38099218, -39.06324315,
       -47.54783826, -23.72884099, -29.33804249, -42.93155513,
       -31.29058267, -24.48542534, -18.12789343, -33.432405  ,
       -20.51577779, -51.58637185, -50.94237606, -42.5904114 ,
       -72.98000179, -25.79637086, -32.45536053, -14.58956239,
       -51.03862429, -47.32438086, -32.56023604, -49.23269049,
       -51.91911846]), 'explained_variance': array([-4.44089210e-16,  0.00000000e+00,  1.11022302e-16,  1.11022302e-16,
        0.00000000e+00,  0.00000000e+00,  0.00000000e+00,  0.00000000e+00,
        0.00000000e+00,  3.33066907e-16,  0.00000000e+00,  0.00000000e+00,
        0.00000000e+00,  1.11022302e-16,  2.22044605e-16,  0.00000000e+00,
        0.00000000e+00,  0.00000000e+00,  0.00000000e+00, -2.22044605e-16,
        0.00000000e+00, -2.22044605e-16, -2.22044605e-16, -2.22044605e-16,
        0.00000000e+00,  0.00000000e+00, -2.22044605e-16,  1.11022302e-16,
        0.00000000e+00, -2.22044605e-16, -2.22044605e-16,  0.00000000e+00,
        0.00000000e+00,  0.00000000e+00,  0.00000000e+00,  3.33066907e-16,
        0.00000000e+00,  0.00000000e+00,  0.00000000e+00,  2.22044605e-16,
        0.00000000e+00,  1.11022302e-16,  0.00000000e+00,  0.00000000e+00,
       -2.22044605e-16, -2.22044605e-16,  0.00000000e+00,  0.00000000e+00,
        0.00000000e+00,  0.00000000e+00,  0.00000000e+00, -2.22044605e-16,
        0.00000000e+00])}
         accs  y_pred (s)  y_true (s)
54     [1, 2]   14.083803      19.499
4    [41, 25]   21.811461      26.335
3    [41, 25]   21.811461      27.642
11   [41, 25]   21.811461      18.893
27   [29, 17]   19.378958      65.978
29   [29, 17]   19.378958      45.143
64     [1, 2]   14.083803      30.560
77    [15, 9]   16.984745      12.834
124  [25, 16]   18.338424      45.263
71     [1, 2]   14.083803       9.629
25   [29, 17]   19.378958      19.467
91    [15, 7]   16.600187      14.879
83    [15, 9]   16.984745      24.338
89    [15, 9]   16.984745      11.455
69     [1, 2]   14.083803       9.069
{'mse': 282.26155133224705, 'mae': 11.491326086480298, 'r2-score': -0.15448710135672128, 'max-error': 63.08503982733794, 'explained variance score': 0.0785418168126919, 'layers': ['mbconv1', 'pool']}
