environment: line 5: __conda_exe: command not found
Using device: cuda
Using model: efficientnetB4
Number of videos: 64
Execution type : naive
Using 2 features
Job ID : 0
Plotting ?  yes
Calculate accumulators ?  no
The directory contains : 65 videos
Number of videos in the directory : 65
Number of videos in the dataframe : 64
['conv1', 'mbconv1', 'mbconv2', 'mbconv3', 'mbconv4', 'mbconv5', 'mbconv6', 'mbconv7', 'conv2', 'pool', 'output']
{'conv1': {'T_max': 773.9153770208359, 'T_min': 474.00882083177567, 'tau': 100, 'alpha': 50}, 'mbconv1': {'T_max': 3485.9428219795227, 'T_min': 2560.6904525756836, 'tau': 100, 'alpha': 50}, 'mbconv2': {'T_max': 2793.179835796356, 'T_min': 1976.7829375267029, 'tau': 100, 'alpha': 50}, 'mbconv3': {'T_max': 1668.251520872116, 'T_min': 1083.705378293991, 'tau': 100, 'alpha': 50}, 'mbconv4': {'T_max': 817.8574377298355, 'T_min': 502.0499846339226, 'tau': 100, 'alpha': 50}, 'mbconv5': {'T_max': 940.7537368535995, 'T_min': 533.222236931324, 'tau': 100, 'alpha': 50}, 'mbconv6': {'T_max': 628.3391550779343, 'T_min': 341.6495691537857, 'tau': 100, 'alpha': 50}, 'mbconv7': {'T_max': 368.16851300001144, 'T_min': 200.31917816400528, 'tau': 100, 'alpha': 50}, 'conv2': {'T_max': 79.04693293571472, 'T_min': 40.3972128406167, 'tau': 100, 'alpha': 50}, 'pool': {'T_max': 1.9010385829024017, 'T_min': 0.9983048296999186, 'tau': 100, 'alpha': 50}, 'output': {'T_max': 12.80766905657947, 'T_min': 6.51999241206795, 'tau': 100, 'alpha': 50}}
Iterating over following combinations of layers :  [['conv1'], ['mbconv1'], ['mbconv2'], ['mbconv3'], ['mbconv4'], ['mbconv5'], ['mbconv6'], ['mbconv7'], ['conv2'], ['pool'], ['output'], ['conv1', 'mbconv1'], ['conv1', 'mbconv2'], ['conv1', 'mbconv3'], ['conv1', 'mbconv4'], ['conv1', 'mbconv5'], ['conv1', 'mbconv6'], ['conv1', 'mbconv7'], ['conv1', 'conv2'], ['conv1', 'pool'], ['conv1', 'output'], ['mbconv1', 'mbconv2'], ['mbconv1', 'mbconv3'], ['mbconv1', 'mbconv4'], ['mbconv1', 'mbconv5'], ['mbconv1', 'mbconv6'], ['mbconv1', 'mbconv7'], ['mbconv1', 'conv2'], ['mbconv1', 'pool'], ['mbconv1', 'output'], ['mbconv2', 'mbconv3'], ['mbconv2', 'mbconv4'], ['mbconv2', 'mbconv5'], ['mbconv2', 'mbconv6'], ['mbconv2', 'mbconv7'], ['mbconv2', 'conv2'], ['mbconv2', 'pool'], ['mbconv2', 'output'], ['mbconv3', 'mbconv4'], ['mbconv3', 'mbconv5'], ['mbconv3', 'mbconv6'], ['mbconv3', 'mbconv7'], ['mbconv3', 'conv2'], ['mbconv3', 'pool'], ['mbconv3', 'output'], ['mbconv4', 'mbconv5'], ['mbconv4', 'mbconv6'], ['mbconv4', 'mbconv7'], ['mbconv4', 'conv2'], ['mbconv4', 'pool'], ['mbconv4', 'output'], ['mbconv5', 'mbconv6'], ['mbconv5', 'mbconv7'], ['mbconv5', 'conv2'], ['mbconv5', 'pool'], ['mbconv5', 'output'], ['mbconv6', 'mbconv7'], ['mbconv6', 'conv2'], ['mbconv6', 'pool'], ['mbconv6', 'output'], ['mbconv7', 'conv2'], ['mbconv7', 'pool'], ['mbconv7', 'output'], ['conv2', 'pool'], ['conv2', 'output'], ['pool', 'output']]
[['conv1']]
Generating the training set for videos : 
TRAINING SET : contains 962 samples, 37 patients based on 56 videos
TEST SET : contains 127 samples, 37 patients based on 8 videos
Dataset constituted.
--------------------NAIVE IMPLEMENTATION-------------------
Number of folds : 53
Grid search.
The best parameters are : {'C': 1}
Metrics obtained during CV : 
{'r2': array([-2.95968290e-01, -2.88209447e-04, -3.40550261e-02, -1.39457473e-01,
       -6.38985652e-02, -2.10594983e-02, -2.77442965e-02, -7.71623025e-02,
       -9.16277502e-02, -3.29758161e-03, -3.09569979e-02, -5.08239071e-01,
       -1.60454676e-01, -2.58229638e-01, -2.02740388e-01, -9.83307199e-02,
       -6.05243205e-02, -7.31848465e-01, -6.12439976e-02, -1.25720800e-01,
       -3.57923942e-02, -5.24674816e-01, -1.00799932e-02, -2.14004086e-01,
       -3.93380752e-02, -1.18191886e-01, -1.52144370e-01, -5.39338026e-01,
       -1.06496282e-01, -6.96948660e-03, -1.12853951e-01, -8.28856552e-01,
       -4.59699311e-01, -3.83823228e-02, -1.63582717e-01, -4.76289576e-01,
       -5.16514773e-02, -5.10541876e-03, -5.27345308e-02, -3.07024027e-03,
       -5.40818482e-04, -4.45429788e-01, -5.68077397e-01, -1.43607560e-01,
       -4.46820707e-01, -1.29211869e-03, -1.96079899e-01, -4.10001139e-02,
       -1.72171607e-01, -5.39701990e-01, -2.75198848e-03, -3.77589081e-01,
       -1.05679128e-01]), 'neg_mean_absolute_error': array([ -9.97124839, -11.44126215,  -8.8395104 , -10.86184032,
       -10.49794163,  -5.62467343,  -8.13390847,  -6.1074867 ,
        -7.24361219,  -7.56614799,  -7.58403488, -13.54053889,
       -13.61697714, -13.99560982,  -7.75165915,  -7.57776837,
       -13.2412757 ,  -6.07885282,  -8.58948506,  -9.59266973,
        -9.17311111, -13.50556359,  -8.86521162, -10.81469735,
        -8.18708166,  -9.43438889,  -9.19413907, -17.42690271,
       -10.48177587, -10.25894444, -11.75257219, -14.19929091,
       -12.5745605 ,  -9.17138278, -11.46634259, -12.1107235 ,
        -9.44361111,  -6.86856009,  -6.357984  ,  -7.13781743,
        -6.98756094, -13.26261705, -13.98640893,  -8.95321335,
       -21.82638992,  -7.82452032,  -9.68336892,  -5.50769337,
        -8.81069584, -16.82637223,  -8.14880757, -14.66212886,
        -9.8014359 ]), 'neg_mean_squared_error': array([-144.53591105, -190.9174631 ,  -98.23164356, -200.57453105,
       -136.14786979,  -47.12143221, -131.00221782, -100.03859469,
        -71.22974019,  -77.99376033,  -96.04631409, -311.05912049,
       -350.38385739, -320.76487729,  -87.66603242,  -89.76653564,
       -265.41787009,  -48.7833598 , -101.59894247, -207.92650282,
       -149.77541781, -330.64080199, -109.51683303, -237.40756145,
       -118.28840018, -270.39164192, -160.15139388, -599.86850682,
       -208.45029086, -147.29816153, -218.28669497, -338.71811195,
       -317.10479936, -120.54965413, -165.25759357, -280.30039857,
       -172.72147014,  -74.6398458 ,  -67.24342118, -107.73444053,
        -80.59869572, -328.43424662, -384.07985841, -177.54396123,
       -851.54527892, -102.62018358, -157.10329478,  -45.37921619,
       -207.08977699, -478.71410712, -119.20220109, -417.57268212,
       -258.05960379]), 'max_error': array([-33.36821871, -30.68414559, -15.84304321, -35.34103393,
       -21.79558701, -14.90931496, -30.26491305, -35.15624735,
       -16.10847369, -18.41406271, -23.69566273, -33.55717699,
       -58.25618858, -39.84591731, -19.53527513, -15.83219968,
       -35.17076163, -10.70710942, -24.90963448, -46.33951377,
       -32.87332225, -46.00403614, -20.00329772, -47.30227617,
       -31.14069126, -48.42287445, -34.76475055, -64.1157811 ,
       -33.97601713, -28.13164106, -32.64764967, -43.11560304,
       -47.75963613, -24.033311  , -24.60704163, -48.26475286,
       -38.1484184 , -23.90745921, -17.78578599, -32.84585686,
       -20.87011288, -52.28701337, -50.39733607, -42.90014005,
       -73.75650309, -23.96684549, -32.99927162, -15.39940423,
       -50.04882928, -46.25625865, -33.28372868, -46.62876546,
       -53.16425638]), 'explained_variance': array([-2.22044605e-16,  0.00000000e+00,  1.11022302e-16,  0.00000000e+00,
        0.00000000e+00,  0.00000000e+00,  0.00000000e+00, -2.22044605e-16,
        0.00000000e+00,  3.33066907e-16,  0.00000000e+00,  0.00000000e+00,
        0.00000000e+00,  0.00000000e+00,  2.22044605e-16,  0.00000000e+00,
        0.00000000e+00,  0.00000000e+00,  0.00000000e+00,  0.00000000e+00,
        2.22044605e-16,  0.00000000e+00, -2.22044605e-16, -2.22044605e-16,
        0.00000000e+00,  0.00000000e+00,  0.00000000e+00,  1.11022302e-16,
        1.11022302e-16, -2.22044605e-16, -2.22044605e-16,  0.00000000e+00,
        0.00000000e+00,  0.00000000e+00,  0.00000000e+00,  3.33066907e-16,
        0.00000000e+00,  0.00000000e+00,  0.00000000e+00,  0.00000000e+00,
        0.00000000e+00,  0.00000000e+00,  0.00000000e+00,  0.00000000e+00,
       -4.44089210e-16, -2.22044605e-16,  0.00000000e+00,  0.00000000e+00,
        0.00000000e+00,  0.00000000e+00,  2.22044605e-16, -2.22044605e-16,
        0.00000000e+00])}
     accs  y_pred (s)  y_true (s)
54    [2]   13.665784      19.499
4    [34]   20.970304      26.335
3    [34]   20.970304      27.642
11   [34]   20.970304      18.893
27   [31]   20.778212      65.978
29   [31]   20.778212      45.143
64    [2]   13.665784      30.560
77   [15]   16.623789      12.834
124  [24]   21.007250      45.263
71    [2]   13.665784       9.629
25   [31]   20.778212      19.467
91   [11]   16.686737      14.879
83   [15]   16.623789      24.338
89   [15]   16.623789      11.455
69    [2]   13.665784       9.069
{'mse': 275.0684249514099, 'mae': 11.397570854106489, 'r2-score': -0.1250662624719725, 'max-error': 64.2219444629709, 'explained variance score': 0.09486378847044385, 'layers': ['conv1']}
